[ 2015-07-01T20:08:31+08:00 ] 127.0.0.1 /guoji/yunwang/api/Public/register
INFO: [ route_check ] --START--
INFO: CheckRoute Behavior ::run [ RunTime:0.001225s ]
INFO: [ route_check ] --END-- [ RunTime:0.001308s ]
INFO: [ app_begin ] --START--
INFO: ReadHtmlCache Behavior ::run [ RunTime:0.001377s ]
INFO: [ app_begin ] --END-- [ RunTime:0.001463s ]
SQL: SHOW COLUMNS FROM `zy_member` [ RunTime:0.002572s ]
SQL: SELECT * FROM `zy_member` WHERE ( `tel` = '18758781144' ) LIMIT 1   [ RunTime:0.000820s ]

[ 2015-07-01T20:09:02+08:00 ] 127.0.0.1 /guoji/yunwang/api/Public/checkLogin
INFO: [ route_check ] --START--
INFO: CheckRoute Behavior ::run [ RunTime:0.000960s ]
INFO: [ route_check ] --END-- [ RunTime:0.001045s ]
INFO: [ app_begin ] --START--
INFO: ReadHtmlCache Behavior ::run [ RunTime:0.000811s ]
INFO: [ app_begin ] --END-- [ RunTime:0.000880s ]
NOTIC: [8] Undefined index: verify D:\wamp\www\guoji\yunwang\Api\AppApi\Lib\Action\PublicAction.class.php 第 54 行.
NOTIC: [8] Undefined index: verify D:\wamp\www\guoji\yunwang\Api\AppApi\Lib\Action\PublicAction.class.php 第 54 行.
SQL: SHOW COLUMNS FROM `zy_member` [ RunTime:0.002810s ]
SQL: SELECT `id`,`tel`,`salt`,`password` FROM `zy_member` WHERE ( `tel` = '18758781144' ) LIMIT 1   [ RunTime:0.000430s ]
NOTIC: [8] Undefined index: baiduUserId D:\wamp\www\guoji\yunwang\Api\AppApi\Lib\Action\PublicAction.class.php 第 76 行.
NOTIC: [8] Undefined index: baiduUserId D:\wamp\www\guoji\yunwang\Api\AppApi\Lib\Action\PublicAction.class.php 第 76 行.
NOTIC: [8] Undefined index: login_count D:\wamp\www\guoji\yunwang\Api\AppApi\Lib\Action\PublicAction.class.php 第 88 行.
NOTIC: [8] Undefined index: mb_system D:\wamp\www\guoji\yunwang\Api\AppApi\Lib\Action\PublicAction.class.php 第 91 行.
SQL: UPDATE `zy_member` SET `last_login_ip`='127.0.0.1',`login_count`=1,`last_login_time`=1435752542,`baiduUserId`='18758781144',`mb_system`=2 WHERE ( `id` = 100000007 ) [ RunTime:0.019429s ]
SQL: SHOW COLUMNS FROM `zy_member_token` [ RunTime:0.001907s ]
SQL: SELECT * FROM `zy_member_token` WHERE ( `member_id` = 100000007 ) LIMIT 1   [ RunTime:0.000237s ]
SQL: INSERT INTO `zy_member_token` (`member_id`,`token`,`update_time`) VALUES (100000007,'13esMmi/s+MwQPRhmKogB12vHKSlJza2ueuv1eoqyFCQxW5mEazewLoWctsi8YR',1435752542) [ RunTime:0.001011s ]

[ 2015-07-01T22:19:10+08:00 ] 127.0.0.1 /guoji/yunwang/api/Public/checkLogin
INFO: [ route_check ] --START--
INFO: CheckRoute Behavior ::run [ RunTime:0.000660s ]
INFO: [ route_check ] --END-- [ RunTime:0.000756s ]
INFO: [ app_begin ] --START--
INFO: ReadHtmlCache Behavior ::run [ RunTime:0.000444s ]
INFO: [ app_begin ] --END-- [ RunTime:0.000512s ]
NOTIC: [8] Undefined index: verify D:\wamp\www\guoji\yunwang\Api\AppApi\Lib\Action\PublicAction.class.php 第 54 行.
NOTIC: [8] Undefined index: verify D:\wamp\www\guoji\yunwang\Api\AppApi\Lib\Action\PublicAction.class.php 第 54 行.
SQL: SHOW COLUMNS FROM `zy_member` [ RunTime:0.004205s ]
SQL: SELECT `id`,`tel`,`salt`,`password` FROM `zy_member` WHERE ( `tel` = '18758781144' ) LIMIT 1   [ RunTime:0.000312s ]
NOTIC: [8] Undefined index: baiduUserId D:\wamp\www\guoji\yunwang\Api\AppApi\Lib\Action\PublicAction.class.php 第 76 行.
NOTIC: [8] Undefined index: baiduUserId D:\wamp\www\guoji\yunwang\Api\AppApi\Lib\Action\PublicAction.class.php 第 76 行.
NOTIC: [8] Undefined index: login_count D:\wamp\www\guoji\yunwang\Api\AppApi\Lib\Action\PublicAction.class.php 第 88 行.
NOTIC: [8] Undefined index: mb_system D:\wamp\www\guoji\yunwang\Api\AppApi\Lib\Action\PublicAction.class.php 第 91 行.
SQL: UPDATE `zy_member` SET `last_login_ip`='127.0.0.1',`login_count`=1,`last_login_time`=1435760350,`baiduUserId`='18758781144',`mb_system`=2 WHERE ( `id` = 100000007 ) [ RunTime:0.009153s ]
SQL: SHOW COLUMNS FROM `zy_member_token` [ RunTime:0.003248s ]
SQL: SELECT `token` FROM `zy_member_token` WHERE ( `member_id` = 100000007 ) LIMIT 1   [ RunTime:0.000373s ]
SQL: UPDATE `zy_member_token` SET `token`='15a40472bc462104062d6736548ca837',`update_time`=1435760350 WHERE ( `member_id` = 100000007 ) [ RunTime:0.000424s ]

[ 2015-07-01T22:20:05+08:00 ] 127.0.0.1 /guoji/yunwang/api/Public/checkLogin
INFO: [ route_check ] --START--
INFO: CheckRoute Behavior ::run [ RunTime:0.000509s ]
INFO: [ route_check ] --END-- [ RunTime:0.000590s ]
INFO: [ app_begin ] --START--
INFO: ReadHtmlCache Behavior ::run [ RunTime:0.000410s ]
INFO: [ app_begin ] --END-- [ RunTime:0.000479s ]
NOTIC: [8] Undefined index: verify D:\wamp\www\guoji\yunwang\Api\AppApi\Lib\Action\PublicAction.class.php 第 54 行.
NOTIC: [8] Undefined index: verify D:\wamp\www\guoji\yunwang\Api\AppApi\Lib\Action\PublicAction.class.php 第 54 行.
SQL: SHOW COLUMNS FROM `zy_member` [ RunTime:0.003601s ]
SQL: SELECT `id`,`tel`,`salt`,`password` FROM `zy_member` WHERE ( `tel` = '18758781144' ) LIMIT 1   [ RunTime:0.000303s ]
NOTIC: [8] Undefined index: baiduUserId D:\wamp\www\guoji\yunwang\Api\AppApi\Lib\Action\PublicAction.class.php 第 76 行.
NOTIC: [8] Undefined index: baiduUserId D:\wamp\www\guoji\yunwang\Api\AppApi\Lib\Action\PublicAction.class.php 第 76 行.
NOTIC: [8] Undefined index: login_count D:\wamp\www\guoji\yunwang\Api\AppApi\Lib\Action\PublicAction.class.php 第 88 行.
NOTIC: [8] Undefined index: mb_system D:\wamp\www\guoji\yunwang\Api\AppApi\Lib\Action\PublicAction.class.php 第 91 行.
SQL: UPDATE `zy_member` SET `last_login_ip`='127.0.0.1',`login_count`=1,`last_login_time`=1435760405,`baiduUserId`='18758781144',`mb_system`=2 WHERE ( `id` = 100000007 ) [ RunTime:0.009443s ]
SQL: SHOW COLUMNS FROM `zy_member_token` [ RunTime:0.002976s ]
SQL: SELECT `token` FROM `zy_member_token` WHERE ( `member_id` = 100000007 ) LIMIT 1   [ RunTime:0.000243s ]
SQL: UPDATE `zy_member_token` SET `token`='941b569504dbd21cb31d36e0c3d85329',`update_time`=1435760405 WHERE ( `member_id` = 100000007 ) [ RunTime:0.000226s ]

[ 2015-07-01T22:20:53+08:00 ] 127.0.0.1 /guoji/yunwang/api/Public/checkLogin
INFO: [ route_check ] --START--
INFO: CheckRoute Behavior ::run [ RunTime:0.000986s ]
INFO: [ route_check ] --END-- [ RunTime:0.001069s ]
INFO: [ app_begin ] --START--
INFO: ReadHtmlCache Behavior ::run [ RunTime:0.000887s ]
INFO: [ app_begin ] --END-- [ RunTime:0.000957s ]
NOTIC: [8] Undefined index: verify D:\wamp\www\guoji\yunwang\Api\AppApi\Lib\Action\PublicAction.class.php 第 54 行.
NOTIC: [8] Undefined index: verify D:\wamp\www\guoji\yunwang\Api\AppApi\Lib\Action\PublicAction.class.php 第 54 行.
SQL: SHOW COLUMNS FROM `zy_member` [ RunTime:0.004609s ]
SQL: SELECT `id`,`tel`,`salt`,`password` FROM `zy_member` WHERE ( `tel` = '18758781144' ) LIMIT 1   [ RunTime:0.000515s ]
NOTIC: [8] Undefined index: baiduUserId D:\wamp\www\guoji\yunwang\Api\AppApi\Lib\Action\PublicAction.class.php 第 76 行.
NOTIC: [8] Undefined index: baiduUserId D:\wamp\www\guoji\yunwang\Api\AppApi\Lib\Action\PublicAction.class.php 第 76 行.
NOTIC: [8] Undefined index: login_count D:\wamp\www\guoji\yunwang\Api\AppApi\Lib\Action\PublicAction.class.php 第 88 行.
NOTIC: [8] Undefined index: mb_system D:\wamp\www\guoji\yunwang\Api\AppApi\Lib\Action\PublicAction.class.php 第 91 行.
SQL: UPDATE `zy_member` SET `last_login_ip`='127.0.0.1',`login_count`=1,`last_login_time`=1435760453,`baiduUserId`='18758781144',`mb_system`=2 WHERE ( `id` = 100000007 ) [ RunTime:0.006741s ]
SQL: SHOW COLUMNS FROM `zy_member_token` [ RunTime:0.005219s ]
SQL: SELECT `token` FROM `zy_member_token` WHERE ( `member_id` = 100000007 ) LIMIT 1   [ RunTime:0.000486s ]
SQL: UPDATE `zy_member_token` SET `token`='7d82b94f356802024c801d6db9626b42',`update_time`=1435760453 WHERE ( `member_id` = 100000007 ) [ RunTime:0.000761s ]

[ 2015-07-01T22:21:06+08:00 ] 127.0.0.1 /guoji/yunwang/api/Public/checkLogin
INFO: [ route_check ] --START--
INFO: CheckRoute Behavior ::run [ RunTime:0.001027s ]
INFO: [ route_check ] --END-- [ RunTime:0.001108s ]
INFO: [ app_begin ] --START--
INFO: ReadHtmlCache Behavior ::run [ RunTime:0.000836s ]
INFO: [ app_begin ] --END-- [ RunTime:0.000905s ]
NOTIC: [8] Undefined index: verify D:\wamp\www\guoji\yunwang\Api\AppApi\Lib\Action\PublicAction.class.php 第 54 行.
NOTIC: [8] Undefined index: verify D:\wamp\www\guoji\yunwang\Api\AppApi\Lib\Action\PublicAction.class.php 第 54 行.
SQL: SHOW COLUMNS FROM `zy_member` [ RunTime:0.004881s ]
SQL: SELECT `id`,`tel`,`salt`,`password` FROM `zy_member` WHERE ( `tel` = '18758781144' ) LIMIT 1   [ RunTime:0.000394s ]
NOTIC: [8] Undefined index: baiduUserId D:\wamp\www\guoji\yunwang\Api\AppApi\Lib\Action\PublicAction.class.php 第 76 行.
NOTIC: [8] Undefined index: baiduUserId D:\wamp\www\guoji\yunwang\Api\AppApi\Lib\Action\PublicAction.class.php 第 76 行.
NOTIC: [8] Undefined index: login_count D:\wamp\www\guoji\yunwang\Api\AppApi\Lib\Action\PublicAction.class.php 第 88 行.
NOTIC: [8] Undefined index: mb_system D:\wamp\www\guoji\yunwang\Api\AppApi\Lib\Action\PublicAction.class.php 第 91 行.
SQL: UPDATE `zy_member` SET `last_login_ip`='127.0.0.1',`login_count`=1,`last_login_time`=1435760466,`baiduUserId`='18758781144',`mb_system`=2 WHERE ( `id` = 100000007 ) [ RunTime:0.003376s ]
SQL: SHOW COLUMNS FROM `zy_member_token` [ RunTime:0.002465s ]
SQL: SELECT `token` FROM `zy_member_token` WHERE ( `member_id` = 100000007 ) LIMIT 1   [ RunTime:0.000240s ]
SQL: UPDATE `zy_member_token` SET `token`='1450746aa6688a062d9479907040f270',`update_time`=1435760466 WHERE ( `member_id` = 100000007 ) [ RunTime:0.000237s ]

[ 2015-07-01T23:30:23+08:00 ] 127.0.0.1 /guoji/yunwang/api/index.php/Goods
INFO: [ route_check ] --START--
INFO: CheckRoute Behavior ::run [ RunTime:0.001217s ]
INFO: [ route_check ] --END-- [ RunTime:0.001408s ]
INFO: [ app_begin ] --START--
INFO: ReadHtmlCache Behavior ::run [ RunTime:0.000887s ]
INFO: [ app_begin ] --END-- [ RunTime:0.001062s ]
ERR: 模板不存在[./AppApi/Tpl/Public/404.html]

[ 2015-07-01T23:31:11+08:00 ] 127.0.0.1 /guoji/yunwang/api/index.php/Goods
INFO: [ route_check ] --START--
INFO: CheckRoute Behavior ::run [ RunTime:0.000746s ]
INFO: [ route_check ] --END-- [ RunTime:0.000828s ]
INFO: [ app_begin ] --START--
INFO: ReadHtmlCache Behavior ::run [ RunTime:0.000635s ]
INFO: [ app_begin ] --END-- [ RunTime:0.000722s ]
ERR: 模板不存在[./AppApi/Tpl/Public/404.html]

[ 2015-07-01T23:31:12+08:00 ] 127.0.0.1 /guoji/yunwang/api/index.php/Goods
INFO: [ route_check ] --START--
INFO: CheckRoute Behavior ::run [ RunTime:0.000867s ]
INFO: [ route_check ] --END-- [ RunTime:0.000983s ]
INFO: [ app_begin ] --START--
INFO: ReadHtmlCache Behavior ::run [ RunTime:0.000842s ]
INFO: [ app_begin ] --END-- [ RunTime:0.000947s ]
ERR: 模板不存在[./AppApi/Tpl/Public/404.html]

[ 2015-07-01T23:31:12+08:00 ] 127.0.0.1 /guoji/yunwang/api/index.php/Goods
INFO: [ route_check ] --START--
INFO: CheckRoute Behavior ::run [ RunTime:0.000796s ]
INFO: [ route_check ] --END-- [ RunTime:0.000947s ]
INFO: [ app_begin ] --START--
INFO: ReadHtmlCache Behavior ::run [ RunTime:0.000739s ]
INFO: [ app_begin ] --END-- [ RunTime:0.000822s ]
ERR: 模板不存在[./AppApi/Tpl/Public/404.html]

[ 2015-07-01T23:31:31+08:00 ] 127.0.0.1 /guoji/yunwang/api/index.php/Goods
INFO: [ route_check ] --START--
INFO: CheckRoute Behavior ::run [ RunTime:0.000752s ]
INFO: [ route_check ] --END-- [ RunTime:0.000835s ]
INFO: [ app_begin ] --START--
INFO: ReadHtmlCache Behavior ::run [ RunTime:0.000617s ]
INFO: [ app_begin ] --END-- [ RunTime:0.000688s ]
NOTIC: [8] Undefined index: token D:\wamp\www\guoji\yunwang\Api\AppApi\Lib\Action\CommonAction.class.php 第 9 行.
SQL: SHOW COLUMNS FROM `zy_member_token` [ RunTime:0.006478s ]
SQL: SELECT b.* FROM `zy_member_token` as a LEFT JOIN `zy_member` as b on a.member_id=b.id WHERE ( a.token = 'a8x787d' ) AND ( b.status = 1 ) LIMIT 1   [ RunTime:0.000626s ]

[ 2015-07-01T23:32:32+08:00 ] 127.0.0.1 /guoji/yunwang/api/Public/checkLogin
INFO: [ route_check ] --START--
INFO: CheckRoute Behavior ::run [ RunTime:0.001177s ]
INFO: [ route_check ] --END-- [ RunTime:0.001380s ]
INFO: [ app_begin ] --START--
INFO: ReadHtmlCache Behavior ::run [ RunTime:0.000933s ]
INFO: [ app_begin ] --END-- [ RunTime:0.001006s ]
NOTIC: [8] Undefined index: verify D:\wamp\www\guoji\yunwang\Api\AppApi\Lib\Action\PublicAction.class.php 第 53 行.
NOTIC: [8] Undefined index: verify D:\wamp\www\guoji\yunwang\Api\AppApi\Lib\Action\PublicAction.class.php 第 53 行.
SQL: SHOW COLUMNS FROM `zy_member` [ RunTime:0.003655s ]
SQL: SELECT `id`,`tel`,`salt`,`password` FROM `zy_member` WHERE ( `tel` = '18758781144' ) LIMIT 1   [ RunTime:0.001680s ]
NOTIC: [8] Undefined index: baiduUserId D:\wamp\www\guoji\yunwang\Api\AppApi\Lib\Action\PublicAction.class.php 第 75 行.
NOTIC: [8] Undefined index: baiduUserId D:\wamp\www\guoji\yunwang\Api\AppApi\Lib\Action\PublicAction.class.php 第 75 行.
NOTIC: [8] Undefined index: login_count D:\wamp\www\guoji\yunwang\Api\AppApi\Lib\Action\PublicAction.class.php 第 87 行.
NOTIC: [8] Undefined index: mb_system D:\wamp\www\guoji\yunwang\Api\AppApi\Lib\Action\PublicAction.class.php 第 90 行.
SQL: UPDATE `zy_member` SET `last_login_ip`='127.0.0.1',`login_count`=1,`last_login_time`=1435764752,`baiduUserId`='18758781144',`mb_system`=2 WHERE ( `id` = 107 ) [ RunTime:0.002324s ]
SQL: SHOW COLUMNS FROM `zy_member_token` [ RunTime:0.002716s ]
SQL: SELECT `token` FROM `zy_member_token` WHERE ( `member_id` = 107 ) LIMIT 1   [ RunTime:0.000175s ]
SQL: INSERT INTO `zy_member_token` (`member_id`,`token`,`update_time`) VALUES (107,'a14782764160fe8905a69b22ccb84eb2',1435764752) [ RunTime:0.000243s ]

[ 2015-07-01T23:32:35+08:00 ] 127.0.0.1 /guoji/yunwang/api/index.php/Goods
INFO: [ route_check ] --START--
INFO: CheckRoute Behavior ::run [ RunTime:0.001058s ]
INFO: [ route_check ] --END-- [ RunTime:0.001151s ]
INFO: [ app_begin ] --START--
INFO: ReadHtmlCache Behavior ::run [ RunTime:0.000839s ]
INFO: [ app_begin ] --END-- [ RunTime:0.000912s ]
NOTIC: [8] Undefined index: token D:\wamp\www\guoji\yunwang\Api\AppApi\Lib\Action\CommonAction.class.php 第 9 行.
SQL: SHOW COLUMNS FROM `zy_member_token` [ RunTime:0.003201s ]
SQL: SELECT b.* FROM `zy_member_token` as a LEFT JOIN `zy_member` as b on a.member_id=b.id WHERE ( a.token = 'a8x787d' ) AND ( b.status = 1 ) LIMIT 1   [ RunTime:0.000795s ]

[ 2015-07-01T23:33:17+08:00 ] 127.0.0.1 /guoji/yunwang/api/index.php/Goods
INFO: [ route_check ] --START--
INFO: CheckRoute Behavior ::run [ RunTime:0.001029s ]
INFO: [ route_check ] --END-- [ RunTime:0.001113s ]
INFO: [ app_begin ] --START--
INFO: ReadHtmlCache Behavior ::run [ RunTime:0.000888s ]
INFO: [ app_begin ] --END-- [ RunTime:0.000956s ]
NOTIC: [8] Undefined index: token D:\wamp\www\guoji\yunwang\Api\AppApi\Lib\Action\CommonAction.class.php 第 9 行.
SQL: SHOW COLUMNS FROM `zy_member_token` [ RunTime:0.005186s ]
SQL: SELECT b.* FROM `zy_member_token` as a LEFT JOIN `zy_member` as b on a.member_id=b.id WHERE ( a.token = 'a14782764160fe8905a69b22ccb84eb2' ) AND ( b.status = 1 ) LIMIT 1   [ RunTime:0.000552s ]

[ 2015-07-01T23:35:48+08:00 ] 127.0.0.1 /guoji/yunwang/api/index.php/Goods
INFO: [ route_check ] --START--
INFO: CheckRoute Behavior ::run [ RunTime:0.000816s ]
INFO: [ route_check ] --END-- [ RunTime:0.000899s ]
INFO: [ app_begin ] --START--
INFO: ReadHtmlCache Behavior ::run [ RunTime:0.000656s ]
INFO: [ app_begin ] --END-- [ RunTime:0.000725s ]
NOTIC: [8] Undefined index: token D:\wamp\www\guoji\yunwang\Api\AppApi\Lib\Action\CommonAction.class.php 第 9 行.
SQL: SHOW COLUMNS FROM `zy_member_token` [ RunTime:0.003137s ]
SQL: SELECT b.* FROM `zy_member_token` as a LEFT JOIN `zy_member` as b on a.member_id=b.id WHERE ( a.token = 'a14782764160fe8905a69b22ccb84eb2' ) AND ( b.status = 1 ) LIMIT 1   [ RunTime:0.001939s ]

[ 2015-07-01T23:35:54+08:00 ] 127.0.0.1 /guoji/yunwang/api/index.php/Goods
INFO: [ route_check ] --START--
INFO: CheckRoute Behavior ::run [ RunTime:0.000842s ]
INFO: [ route_check ] --END-- [ RunTime:0.000955s ]
INFO: [ app_begin ] --START--
INFO: ReadHtmlCache Behavior ::run [ RunTime:0.000642s ]
INFO: [ app_begin ] --END-- [ RunTime:0.000711s ]
NOTIC: [8] Undefined index: token D:\wamp\www\guoji\yunwang\Api\AppApi\Lib\Action\CommonAction.class.php 第 9 行.
SQL: SHOW COLUMNS FROM `zy_member_token` [ RunTime:0.005745s ]
SQL: SELECT b.* FROM `zy_member_token` as a LEFT JOIN `zy_member` as b on a.member_id=b.id WHERE ( a.token = 'a14782764160fe8905a69b22ccb84eb2' ) AND ( b.status = 1 ) LIMIT 1   [ RunTime:0.000737s ]
SQL: SHOW COLUMNS FROM `zy_goods` [ RunTime:0.003379s ]
SQL: SHOW COLUMNS FROM `zy_goods` [ RunTime:0.005792s ]
NOTIC: [8] Undefined index: _order D:\wamp\www\guoji\yunwang\Api\AppApi\Lib\Action\GoodsAction.class.php 第 20 行.
NOTIC: [8] Undefined index: _sort D:\wamp\www\guoji\yunwang\Api\AppApi\Lib\Action\GoodsAction.class.php 第 27 行.
SQL: SELECT COUNT(*) AS tp_count FROM `zy_goods` WHERE ( `id` > 1 ) LIMIT 1   [ RunTime:0.001646s ]
NOTIC: [8] Undefined index: page_size D:\wamp\www\guoji\yunwang\Api\AppApi\Lib\Action\GoodsAction.class.php 第 38 行.
NOTIC: [8] Undefined index: pageno D:\wamp\www\guoji\yunwang\Api\AppApi\Lib\Action\GoodsAction.class.php 第 40 行.
SQL: SELECT * FROM `zy_goods` WHERE ( `id` > 1 ) ORDER BY `update_time` desc LIMIT 0,20   [ RunTime:0.000752s ]

[ 2015-07-01T23:36:17+08:00 ] 127.0.0.1 /guoji/yunwang/api/index.php/Goods
INFO: [ route_check ] --START--
INFO: CheckRoute Behavior ::run [ RunTime:0.000785s ]
INFO: [ route_check ] --END-- [ RunTime:0.000893s ]
INFO: [ app_begin ] --START--
INFO: ReadHtmlCache Behavior ::run [ RunTime:0.000596s ]
INFO: [ app_begin ] --END-- [ RunTime:0.000668s ]
NOTIC: [8] Undefined index: token D:\wamp\www\guoji\yunwang\Api\AppApi\Lib\Action\CommonAction.class.php 第 9 行.
SQL: SHOW COLUMNS FROM `zy_member_token` [ RunTime:0.002651s ]
SQL: SELECT b.* FROM `zy_member_token` as a LEFT JOIN `zy_member` as b on a.member_id=b.id WHERE ( a.token = 'a14782764160fe8905a69b22ccb84eb2' ) AND ( b.status = 1 ) LIMIT 1   [ RunTime:0.000576s ]
SQL: SHOW COLUMNS FROM `zy_goods` [ RunTime:0.005746s ]
SQL: SHOW COLUMNS FROM `zy_goods` [ RunTime:0.002864s ]
NOTIC: [8] Undefined index: _order D:\wamp\www\guoji\yunwang\Api\AppApi\Lib\Action\GoodsAction.class.php 第 19 行.
NOTIC: [8] Undefined index: _sort D:\wamp\www\guoji\yunwang\Api\AppApi\Lib\Action\GoodsAction.class.php 第 26 行.
SQL: SELECT COUNT(*) AS tp_count FROM `zy_goods` LIMIT 1   [ RunTime:0.000220s ]
NOTIC: [8] Undefined index: page_size D:\wamp\www\guoji\yunwang\Api\AppApi\Lib\Action\GoodsAction.class.php 第 37 行.
NOTIC: [8] Undefined index: pageno D:\wamp\www\guoji\yunwang\Api\AppApi\Lib\Action\GoodsAction.class.php 第 39 行.
SQL: SELECT * FROM `zy_goods` ORDER BY `update_time` desc LIMIT 0,20   [ RunTime:0.000399s ]

[ 2015-07-01T23:39:56+08:00 ] 127.0.0.1 /guoji/yunwang/api/index.php/Goods
INFO: [ route_check ] --START--
INFO: CheckRoute Behavior ::run [ RunTime:0.000647s ]
INFO: [ route_check ] --END-- [ RunTime:0.000743s ]
INFO: [ app_begin ] --START--
INFO: ReadHtmlCache Behavior ::run [ RunTime:0.000478s ]
INFO: [ app_begin ] --END-- [ RunTime:0.000549s ]
NOTIC: [8] Undefined index: token D:\wamp\www\guoji\yunwang\Api\AppApi\Lib\Action\CommonAction.class.php 第 9 行.
SQL: SHOW COLUMNS FROM `zy_member_token` [ RunTime:0.002675s ]
SQL: SELECT b.* FROM `zy_member_token` as a LEFT JOIN `zy_member` as b on a.member_id=b.id WHERE ( a.token = 'a14782764160fe8905a69b22ccb84eb2' ) AND ( b.status = 1 ) LIMIT 1   [ RunTime:0.000606s ]
SQL: SHOW COLUMNS FROM `zy_goods` [ RunTime:0.003424s ]
SQL: SHOW COLUMNS FROM `zy_goods` [ RunTime:0.003833s ]
NOTIC: [8] Undefined index: _order D:\wamp\www\guoji\yunwang\Api\AppApi\Lib\Action\GoodsAction.class.php 第 19 行.
NOTIC: [8] Undefined index: _sort D:\wamp\www\guoji\yunwang\Api\AppApi\Lib\Action\GoodsAction.class.php 第 26 行.
SQL: SELECT COUNT(*) AS tp_count FROM `zy_goods` LIMIT 1   [ RunTime:0.000231s ]
NOTIC: [8] Undefined index: page_size D:\wamp\www\guoji\yunwang\Api\AppApi\Lib\Action\GoodsAction.class.php 第 37 行.
NOTIC: [8] Undefined index: pageno D:\wamp\www\guoji\yunwang\Api\AppApi\Lib\Action\GoodsAction.class.php 第 39 行.
SQL: SELECT * FROM `zy_goods` ORDER BY `update_time` desc LIMIT 0,20   [ RunTime:0.000355s ]

