[ 2015-06-27T12:13:06+08:00 ] 127.0.0.1 /guoji/yunwang/api/index.php/Member
INFO: [ route_check ] --START--
INFO: CheckRoute Behavior ::run [ RunTime:0.001029s ]
INFO: [ route_check ] --END-- [ RunTime:0.001206s ]
INFO: [ app_begin ] --START--
INFO: ReadHtmlCache Behavior ::run [ RunTime:0.000652s ]
INFO: [ app_begin ] --END-- [ RunTime:0.000727s ]
NOTIC: [2048] Declaration of MemberAction::show() should be compatible with that of Action::show() D:\wamp\www\guoji\yunwang\Api\AppApi\Lib\Action\MemberAction.class.php 第 414 行.
SQL: SHOW COLUMNS FROM `zy_member` [ RunTime:0.003770s ]
NOTIC: [8] Undefined index: id D:\wamp\www\guoji\yunwang\Api\AppApi\Lib\Action\MemberAction.class.php 第 63 行.
NOTIC: [8] Undefined index: utype D:\wamp\www\guoji\yunwang\Api\AppApi\Lib\Action\MemberAction.class.php 第 67 行.
NOTIC: [8] Undefined index: username D:\wamp\www\guoji\yunwang\Api\AppApi\Lib\Action\MemberAction.class.php 第 71 行.
NOTIC: [8] Undefined variable: data D:\wamp\www\guoji\yunwang\Api\AppApi\Lib\Action\MemberAction.class.php 第 75 行.
NOTIC: [8] Undefined variable: asc D:\wamp\www\guoji\yunwang\Api\AppApi\Lib\Action\MemberAction.class.php 第 18 行.
SQL: SELECT COUNT(*) AS tp_count FROM `zy_member` LIMIT 1   [ RunTime:0.000262s ]
SQL: SELECT a.id,a.utype,a.username,a.realname,a.create_time,a.status,`province`,`city`,`district`,b.balance,b.frozen,`lv_name`,`bus_lv_name` FROM `zy_member` as a LEFT JOIN `zy_member_wallet` as b on a.id=b.member_id ORDER BY `id` desc LIMIT 0,50   [ RunTime:0.000741s ]
NOTIC: [8] Undefined variable: map D:\wamp\www\guoji\yunwang\Api\AppApi\Lib\Action\MemberAction.class.php 第 34 行.
NOTIC: [2] Invalid argument supplied for foreach() D:\wamp\www\guoji\yunwang\Api\AppApi\Lib\Action\MemberAction.class.php 第 34 行.
ERR: 模板不存在[./AppApi/Tpl/Member/index.html]

[ 2015-06-27T12:17:24+08:00 ] 127.0.0.1 /guoji/yunwang/api/index.php/Member
INFO: [ route_check ] --START--
INFO: CheckRoute Behavior ::run [ RunTime:0.000691s ]
INFO: [ route_check ] --END-- [ RunTime:0.000777s ]
INFO: [ app_begin ] --START--
INFO: ReadHtmlCache Behavior ::run [ RunTime:0.000565s ]
INFO: [ app_begin ] --END-- [ RunTime:0.000634s ]
NOTIC: [2048] Declaration of MemberAction::show() should be compatible with that of Action::show() D:\wamp\www\guoji\yunwang\Api\AppApi\Lib\Action\MemberAction.class.php 第 413 行.
SQL: SHOW COLUMNS FROM `zy_member` [ RunTime:0.003086s ]
NOTIC: [8] Undefined index: id D:\wamp\www\guoji\yunwang\Api\AppApi\Lib\Action\MemberAction.class.php 第 62 行.
NOTIC: [8] Undefined index: utype D:\wamp\www\guoji\yunwang\Api\AppApi\Lib\Action\MemberAction.class.php 第 66 行.
NOTIC: [8] Undefined index: username D:\wamp\www\guoji\yunwang\Api\AppApi\Lib\Action\MemberAction.class.php 第 70 行.
NOTIC: [8] Undefined variable: data D:\wamp\www\guoji\yunwang\Api\AppApi\Lib\Action\MemberAction.class.php 第 74 行.
NOTIC: [8] Undefined variable: asc D:\wamp\www\guoji\yunwang\Api\AppApi\Lib\Action\MemberAction.class.php 第 18 行.
SQL: SELECT COUNT(*) AS tp_count FROM `zy_member` LIMIT 1   [ RunTime:0.001117s ]
NOTIC: [8] Undefined index: page_size D:\wamp\www\guoji\yunwang\Api\AppApi\Lib\Action\MemberAction.class.php 第 21 行.
NOTIC: [2] Division by zero D:\wamp\www\guoji\yunwang\Api\AppApi\Lib\Action\MemberAction.class.php 第 22 行.
NOTIC: [2] Division by zero D:\wamp\www\guoji\yunwang\Api\AppApi\Lib\ORG\Util\Page.class.php 第 23 行.
SQL: SELECT a.id,a.utype,a.username,a.realname,a.create_time,a.status,`province`,`city`,`district`,b.balance,b.frozen,`lv_name`,`bus_lv_name` FROM `zy_member` as a LEFT JOIN `zy_member_wallet` as b on a.id=b.member_id ORDER BY `id` desc LIMIT 0,   [ RunTime:0.000198s ]
ERR: 1064:You have an error in your SQL syntax; check the manual that corresponds to your MySQL server version for the right syntax to use near '' at line 1
 [ SQL语句 ] : SELECT a.id,a.utype,a.username,a.realname,a.create_time,a.status,`province`,`city`,`district`,b.balance,b.frozen,`lv_name`,`bus_lv_name` FROM `zy_member` as a LEFT JOIN `zy_member_wallet` as b on a.id=b.member_id ORDER BY `id` desc LIMIT 0,  

[ 2015-06-27T12:18:46+08:00 ] 127.0.0.1 /guoji/yunwang/api/index.php/Member
INFO: [ route_check ] --START--
INFO: CheckRoute Behavior ::run [ RunTime:0.001034s ]
INFO: [ route_check ] --END-- [ RunTime:0.001118s ]
INFO: [ app_begin ] --START--
INFO: ReadHtmlCache Behavior ::run [ RunTime:0.000843s ]
INFO: [ app_begin ] --END-- [ RunTime:0.000957s ]
NOTIC: [2048] Declaration of MemberAction::show() should be compatible with that of Action::show() D:\wamp\www\guoji\yunwang\Api\AppApi\Lib\Action\MemberAction.class.php 第 413 行.
SQL: SHOW COLUMNS FROM `zy_member` [ RunTime:0.003256s ]
NOTIC: [8] Undefined index: id D:\wamp\www\guoji\yunwang\Api\AppApi\Lib\Action\MemberAction.class.php 第 62 行.
NOTIC: [8] Undefined index: utype D:\wamp\www\guoji\yunwang\Api\AppApi\Lib\Action\MemberAction.class.php 第 66 行.
NOTIC: [8] Undefined index: username D:\wamp\www\guoji\yunwang\Api\AppApi\Lib\Action\MemberAction.class.php 第 70 行.
NOTIC: [8] Undefined variable: data D:\wamp\www\guoji\yunwang\Api\AppApi\Lib\Action\MemberAction.class.php 第 74 行.
NOTIC: [8] Undefined variable: asc D:\wamp\www\guoji\yunwang\Api\AppApi\Lib\Action\MemberAction.class.php 第 18 行.
SQL: SELECT COUNT(*) AS tp_count FROM `zy_member` LIMIT 1   [ RunTime:0.000253s ]
NOTIC: [8] Undefined index: page_size D:\wamp\www\guoji\yunwang\Api\AppApi\Lib\Action\MemberAction.class.php 第 21 行.
NOTIC: [2] Division by zero D:\wamp\www\guoji\yunwang\Api\AppApi\Lib\Action\MemberAction.class.php 第 22 行.
NOTIC: [2] Division by zero D:\wamp\www\guoji\yunwang\Api\AppApi\Lib\ORG\Util\Page.class.php 第 23 行.

[ 2015-06-27T12:19:11+08:00 ] 127.0.0.1 /guoji/yunwang/api/index.php/Member
INFO: [ route_check ] --START--
INFO: CheckRoute Behavior ::run [ RunTime:0.000776s ]
INFO: [ route_check ] --END-- [ RunTime:0.000902s ]
INFO: [ app_begin ] --START--
INFO: ReadHtmlCache Behavior ::run [ RunTime:0.000573s ]
INFO: [ app_begin ] --END-- [ RunTime:0.000641s ]
NOTIC: [2048] Declaration of MemberAction::show() should be compatible with that of Action::show() D:\wamp\www\guoji\yunwang\Api\AppApi\Lib\Action\MemberAction.class.php 第 413 行.
SQL: SHOW COLUMNS FROM `zy_member` [ RunTime:0.002760s ]
NOTIC: [8] Undefined index: id D:\wamp\www\guoji\yunwang\Api\AppApi\Lib\Action\MemberAction.class.php 第 62 行.
NOTIC: [8] Undefined index: utype D:\wamp\www\guoji\yunwang\Api\AppApi\Lib\Action\MemberAction.class.php 第 66 行.
NOTIC: [8] Undefined index: username D:\wamp\www\guoji\yunwang\Api\AppApi\Lib\Action\MemberAction.class.php 第 70 行.
NOTIC: [8] Undefined variable: data D:\wamp\www\guoji\yunwang\Api\AppApi\Lib\Action\MemberAction.class.php 第 74 行.
NOTIC: [8] Undefined variable: asc D:\wamp\www\guoji\yunwang\Api\AppApi\Lib\Action\MemberAction.class.php 第 18 行.
SQL: SELECT COUNT(*) AS tp_count FROM `zy_member` LIMIT 1   [ RunTime:0.000280s ]
NOTIC: [8] Undefined index: page_size D:\wamp\www\guoji\yunwang\Api\AppApi\Lib\Action\MemberAction.class.php 第 21 行.
NOTIC: [2] Division by zero D:\wamp\www\guoji\yunwang\Api\AppApi\Lib\Action\MemberAction.class.php 第 22 行.
NOTIC: [2] Division by zero D:\wamp\www\guoji\yunwang\Api\AppApi\Lib\ORG\Util\Page.class.php 第 23 行.

[ 2015-06-27T12:20:10+08:00 ] 127.0.0.1 /guoji/yunwang/api/index.php/Member
INFO: [ route_check ] --START--
INFO: CheckRoute Behavior ::run [ RunTime:0.000720s ]
INFO: [ route_check ] --END-- [ RunTime:0.000822s ]
INFO: [ app_begin ] --START--
INFO: ReadHtmlCache Behavior ::run [ RunTime:0.000622s ]
INFO: [ app_begin ] --END-- [ RunTime:0.000689s ]
NOTIC: [2048] Declaration of MemberAction::show() should be compatible with that of Action::show() D:\wamp\www\guoji\yunwang\Api\AppApi\Lib\Action\MemberAction.class.php 第 413 行.
SQL: SHOW COLUMNS FROM `zy_member` [ RunTime:0.002778s ]
NOTIC: [8] Undefined index: id D:\wamp\www\guoji\yunwang\Api\AppApi\Lib\Action\MemberAction.class.php 第 62 行.
NOTIC: [8] Undefined index: utype D:\wamp\www\guoji\yunwang\Api\AppApi\Lib\Action\MemberAction.class.php 第 66 行.
NOTIC: [8] Undefined index: username D:\wamp\www\guoji\yunwang\Api\AppApi\Lib\Action\MemberAction.class.php 第 70 行.
NOTIC: [8] Undefined variable: data D:\wamp\www\guoji\yunwang\Api\AppApi\Lib\Action\MemberAction.class.php 第 74 行.
NOTIC: [8] Undefined variable: asc D:\wamp\www\guoji\yunwang\Api\AppApi\Lib\Action\MemberAction.class.php 第 18 行.
SQL: SELECT COUNT(*) AS tp_count FROM `zy_member` LIMIT 1   [ RunTime:0.000258s ]
NOTIC: [8] Undefined index: page_size D:\wamp\www\guoji\yunwang\Api\AppApi\Lib\Action\MemberAction.class.php 第 21 行.
NOTIC: [2] Division by zero D:\wamp\www\guoji\yunwang\Api\AppApi\Lib\Action\MemberAction.class.php 第 22 行.

[ 2015-06-27T12:21:22+08:00 ] 127.0.0.1 /guoji/yunwang/api/index.php/Member
INFO: [ route_check ] --START--
INFO: CheckRoute Behavior ::run [ RunTime:0.001029s ]
INFO: [ route_check ] --END-- [ RunTime:0.001160s ]
INFO: [ app_begin ] --START--
INFO: ReadHtmlCache Behavior ::run [ RunTime:0.000651s ]
INFO: [ app_begin ] --END-- [ RunTime:0.000747s ]
NOTIC: [2048] Declaration of MemberAction::show() should be compatible with that of Action::show() D:\wamp\www\guoji\yunwang\Api\AppApi\Lib\Action\MemberAction.class.php 第 413 行.
SQL: SHOW COLUMNS FROM `zy_member` [ RunTime:0.002885s ]
NOTIC: [8] Undefined index: id D:\wamp\www\guoji\yunwang\Api\AppApi\Lib\Action\MemberAction.class.php 第 62 行.
NOTIC: [8] Undefined index: utype D:\wamp\www\guoji\yunwang\Api\AppApi\Lib\Action\MemberAction.class.php 第 66 行.
NOTIC: [8] Undefined index: username D:\wamp\www\guoji\yunwang\Api\AppApi\Lib\Action\MemberAction.class.php 第 70 行.
NOTIC: [8] Undefined variable: data D:\wamp\www\guoji\yunwang\Api\AppApi\Lib\Action\MemberAction.class.php 第 74 行.
NOTIC: [8] Undefined variable: asc D:\wamp\www\guoji\yunwang\Api\AppApi\Lib\Action\MemberAction.class.php 第 18 行.
SQL: SELECT COUNT(*) AS tp_count FROM `zy_member` LIMIT 1   [ RunTime:0.000259s ]
NOTIC: [8] Undefined index: page_size D:\wamp\www\guoji\yunwang\Api\AppApi\Lib\Action\MemberAction.class.php 第 21 行.

[ 2015-06-27T12:21:32+08:00 ] 127.0.0.1 /guoji/yunwang/api/index.php/Member
INFO: [ route_check ] --START--
INFO: CheckRoute Behavior ::run [ RunTime:0.000705s ]
INFO: [ route_check ] --END-- [ RunTime:0.000787s ]
INFO: [ app_begin ] --START--
INFO: ReadHtmlCache Behavior ::run [ RunTime:0.000625s ]
INFO: [ app_begin ] --END-- [ RunTime:0.000706s ]
NOTIC: [2048] Declaration of MemberAction::show() should be compatible with that of Action::show() D:\wamp\www\guoji\yunwang\Api\AppApi\Lib\Action\MemberAction.class.php 第 412 行.
SQL: SHOW COLUMNS FROM `zy_member` [ RunTime:0.003165s ]
NOTIC: [8] Undefined index: id D:\wamp\www\guoji\yunwang\Api\AppApi\Lib\Action\MemberAction.class.php 第 61 行.
NOTIC: [8] Undefined index: utype D:\wamp\www\guoji\yunwang\Api\AppApi\Lib\Action\MemberAction.class.php 第 65 行.
NOTIC: [8] Undefined index: username D:\wamp\www\guoji\yunwang\Api\AppApi\Lib\Action\MemberAction.class.php 第 69 行.
NOTIC: [8] Undefined variable: data D:\wamp\www\guoji\yunwang\Api\AppApi\Lib\Action\MemberAction.class.php 第 73 行.
NOTIC: [8] Undefined variable: asc D:\wamp\www\guoji\yunwang\Api\AppApi\Lib\Action\MemberAction.class.php 第 18 行.
SQL: SELECT COUNT(*) AS tp_count FROM `zy_member` LIMIT 1   [ RunTime:0.000652s ]
NOTIC: [8] Undefined index: page_size D:\wamp\www\guoji\yunwang\Api\AppApi\Lib\Action\MemberAction.class.php 第 21 行.
SQL: SELECT a.id,a.utype,a.username,a.realname,a.create_time,a.status,`province`,`city`,`district`,b.balance,b.frozen,`lv_name`,`bus_lv_name` FROM `zy_member` as a LEFT JOIN `zy_member_wallet` as b on a.id=b.member_id ORDER BY `id` desc LIMIT 0,20   [ RunTime:0.001261s ]

[ 2015-06-27T12:22:28+08:00 ] 127.0.0.1 /guoji/yunwang/api/index.php/Member
INFO: [ route_check ] --START--
INFO: CheckRoute Behavior ::run [ RunTime:0.000661s ]
INFO: [ route_check ] --END-- [ RunTime:0.000761s ]
INFO: [ app_begin ] --START--
INFO: ReadHtmlCache Behavior ::run [ RunTime:0.000544s ]
INFO: [ app_begin ] --END-- [ RunTime:0.000611s ]
NOTIC: [2048] Declaration of MemberAction::show() should be compatible with that of Action::show() D:\wamp\www\guoji\yunwang\Api\AppApi\Lib\Action\MemberAction.class.php 第 412 行.
SQL: SHOW COLUMNS FROM `zy_member` [ RunTime:0.003362s ]
NOTIC: [8] Undefined index: id D:\wamp\www\guoji\yunwang\Api\AppApi\Lib\Action\MemberAction.class.php 第 61 行.
NOTIC: [8] Undefined index: utype D:\wamp\www\guoji\yunwang\Api\AppApi\Lib\Action\MemberAction.class.php 第 65 行.
NOTIC: [8] Undefined index: username D:\wamp\www\guoji\yunwang\Api\AppApi\Lib\Action\MemberAction.class.php 第 69 行.
NOTIC: [8] Undefined variable: data D:\wamp\www\guoji\yunwang\Api\AppApi\Lib\Action\MemberAction.class.php 第 73 行.
NOTIC: [8] Undefined variable: asc D:\wamp\www\guoji\yunwang\Api\AppApi\Lib\Action\MemberAction.class.php 第 18 行.
SQL: SELECT COUNT(*) AS tp_count FROM `zy_member` LIMIT 1   [ RunTime:0.000352s ]
NOTIC: [8] Undefined index: page_size D:\wamp\www\guoji\yunwang\Api\AppApi\Lib\Action\MemberAction.class.php 第 21 行.
SQL: SELECT a.id,a.utype,a.username,a.realname,a.create_time,a.status,`province`,`city`,`district`,b.balance,b.frozen,`lv_name`,`bus_lv_name` FROM `zy_member` as a LEFT JOIN `zy_member_wallet` as b on a.id=b.member_id ORDER BY `id` desc LIMIT 0,20   [ RunTime:0.000597s ]

[ 2015-06-27T12:22:47+08:00 ] 127.0.0.1 /guoji/yunwang/api/index.php/Member
INFO: [ route_check ] --START--
INFO: CheckRoute Behavior ::run [ RunTime:0.000970s ]
INFO: [ route_check ] --END-- [ RunTime:0.001126s ]
INFO: [ app_begin ] --START--
INFO: ReadHtmlCache Behavior ::run [ RunTime:0.000662s ]
INFO: [ app_begin ] --END-- [ RunTime:0.000733s ]
NOTIC: [2048] Declaration of MemberAction::show() should be compatible with that of Action::show() D:\wamp\www\guoji\yunwang\Api\AppApi\Lib\Action\MemberAction.class.php 第 413 行.
SQL: SHOW COLUMNS FROM `zy_member` [ RunTime:0.002754s ]
NOTIC: [8] Undefined index: id D:\wamp\www\guoji\yunwang\Api\AppApi\Lib\Action\MemberAction.class.php 第 62 行.
NOTIC: [8] Undefined index: utype D:\wamp\www\guoji\yunwang\Api\AppApi\Lib\Action\MemberAction.class.php 第 66 行.
NOTIC: [8] Undefined index: username D:\wamp\www\guoji\yunwang\Api\AppApi\Lib\Action\MemberAction.class.php 第 70 行.
NOTIC: [8] Undefined variable: data D:\wamp\www\guoji\yunwang\Api\AppApi\Lib\Action\MemberAction.class.php 第 74 行.
SQL: SELECT COUNT(*) AS tp_count FROM `zy_member` LIMIT 1   [ RunTime:0.000248s ]
NOTIC: [8] Undefined index: page_size D:\wamp\www\guoji\yunwang\Api\AppApi\Lib\Action\MemberAction.class.php 第 22 行.
SQL: SELECT a.id,a.utype,a.username,a.realname,a.create_time,a.status,`province`,`city`,`district`,b.balance,b.frozen,`lv_name`,`bus_lv_name` FROM `zy_member` as a LEFT JOIN `zy_member_wallet` as b on a.id=b.member_id ORDER BY `id` asc LIMIT 0,20   [ RunTime:0.000562s ]

[ 2015-06-27T12:22:48+08:00 ] 127.0.0.1 /guoji/yunwang/api/index.php/Member
INFO: [ route_check ] --START--
INFO: CheckRoute Behavior ::run [ RunTime:0.000850s ]
INFO: [ route_check ] --END-- [ RunTime:0.001086s ]
INFO: [ app_begin ] --START--
INFO: ReadHtmlCache Behavior ::run [ RunTime:0.000626s ]
INFO: [ app_begin ] --END-- [ RunTime:0.000699s ]
NOTIC: [2048] Declaration of MemberAction::show() should be compatible with that of Action::show() D:\wamp\www\guoji\yunwang\Api\AppApi\Lib\Action\MemberAction.class.php 第 413 行.
SQL: SHOW COLUMNS FROM `zy_member` [ RunTime:0.003682s ]
NOTIC: [8] Undefined index: id D:\wamp\www\guoji\yunwang\Api\AppApi\Lib\Action\MemberAction.class.php 第 62 行.
NOTIC: [8] Undefined index: utype D:\wamp\www\guoji\yunwang\Api\AppApi\Lib\Action\MemberAction.class.php 第 66 行.
NOTIC: [8] Undefined index: username D:\wamp\www\guoji\yunwang\Api\AppApi\Lib\Action\MemberAction.class.php 第 70 行.
NOTIC: [8] Undefined variable: data D:\wamp\www\guoji\yunwang\Api\AppApi\Lib\Action\MemberAction.class.php 第 74 行.
SQL: SELECT COUNT(*) AS tp_count FROM `zy_member` LIMIT 1   [ RunTime:0.000244s ]
NOTIC: [8] Undefined index: page_size D:\wamp\www\guoji\yunwang\Api\AppApi\Lib\Action\MemberAction.class.php 第 22 行.
SQL: SELECT a.id,a.utype,a.username,a.realname,a.create_time,a.status,`province`,`city`,`district`,b.balance,b.frozen,`lv_name`,`bus_lv_name` FROM `zy_member` as a LEFT JOIN `zy_member_wallet` as b on a.id=b.member_id ORDER BY `id` asc LIMIT 0,20   [ RunTime:0.000556s ]

[ 2015-06-27T12:22:49+08:00 ] 127.0.0.1 /guoji/yunwang/api/index.php/Member
INFO: [ route_check ] --START--
INFO: CheckRoute Behavior ::run [ RunTime:0.000710s ]
INFO: [ route_check ] --END-- [ RunTime:0.000792s ]
INFO: [ app_begin ] --START--
INFO: ReadHtmlCache Behavior ::run [ RunTime:0.000595s ]
INFO: [ app_begin ] --END-- [ RunTime:0.000663s ]
NOTIC: [2048] Declaration of MemberAction::show() should be compatible with that of Action::show() D:\wamp\www\guoji\yunwang\Api\AppApi\Lib\Action\MemberAction.class.php 第 413 行.
SQL: SHOW COLUMNS FROM `zy_member` [ RunTime:0.004606s ]
NOTIC: [8] Undefined index: id D:\wamp\www\guoji\yunwang\Api\AppApi\Lib\Action\MemberAction.class.php 第 62 行.
NOTIC: [8] Undefined index: utype D:\wamp\www\guoji\yunwang\Api\AppApi\Lib\Action\MemberAction.class.php 第 66 行.
NOTIC: [8] Undefined index: username D:\wamp\www\guoji\yunwang\Api\AppApi\Lib\Action\MemberAction.class.php 第 70 行.
NOTIC: [8] Undefined variable: data D:\wamp\www\guoji\yunwang\Api\AppApi\Lib\Action\MemberAction.class.php 第 74 行.
SQL: SELECT COUNT(*) AS tp_count FROM `zy_member` LIMIT 1   [ RunTime:0.000259s ]
NOTIC: [8] Undefined index: page_size D:\wamp\www\guoji\yunwang\Api\AppApi\Lib\Action\MemberAction.class.php 第 22 行.
SQL: SELECT a.id,a.utype,a.username,a.realname,a.create_time,a.status,`province`,`city`,`district`,b.balance,b.frozen,`lv_name`,`bus_lv_name` FROM `zy_member` as a LEFT JOIN `zy_member_wallet` as b on a.id=b.member_id ORDER BY `id` asc LIMIT 0,20   [ RunTime:0.000518s ]

[ 2015-06-27T12:22:49+08:00 ] 127.0.0.1 /guoji/yunwang/api/index.php/Member
INFO: [ route_check ] --START--
INFO: CheckRoute Behavior ::run [ RunTime:0.000742s ]
INFO: [ route_check ] --END-- [ RunTime:0.000824s ]
INFO: [ app_begin ] --START--
INFO: ReadHtmlCache Behavior ::run [ RunTime:0.000584s ]
INFO: [ app_begin ] --END-- [ RunTime:0.000653s ]
NOTIC: [2048] Declaration of MemberAction::show() should be compatible with that of Action::show() D:\wamp\www\guoji\yunwang\Api\AppApi\Lib\Action\MemberAction.class.php 第 413 行.
SQL: SHOW COLUMNS FROM `zy_member` [ RunTime:0.004588s ]
NOTIC: [8] Undefined index: id D:\wamp\www\guoji\yunwang\Api\AppApi\Lib\Action\MemberAction.class.php 第 62 行.
NOTIC: [8] Undefined index: utype D:\wamp\www\guoji\yunwang\Api\AppApi\Lib\Action\MemberAction.class.php 第 66 行.
NOTIC: [8] Undefined index: username D:\wamp\www\guoji\yunwang\Api\AppApi\Lib\Action\MemberAction.class.php 第 70 行.
NOTIC: [8] Undefined variable: data D:\wamp\www\guoji\yunwang\Api\AppApi\Lib\Action\MemberAction.class.php 第 74 行.
SQL: SELECT COUNT(*) AS tp_count FROM `zy_member` LIMIT 1   [ RunTime:0.000265s ]
NOTIC: [8] Undefined index: page_size D:\wamp\www\guoji\yunwang\Api\AppApi\Lib\Action\MemberAction.class.php 第 22 行.
SQL: SELECT a.id,a.utype,a.username,a.realname,a.create_time,a.status,`province`,`city`,`district`,b.balance,b.frozen,`lv_name`,`bus_lv_name` FROM `zy_member` as a LEFT JOIN `zy_member_wallet` as b on a.id=b.member_id ORDER BY `id` asc LIMIT 0,20   [ RunTime:0.000521s ]

[ 2015-06-27T12:22:49+08:00 ] 127.0.0.1 /guoji/yunwang/api/index.php/Member
INFO: [ route_check ] --START--
INFO: CheckRoute Behavior ::run [ RunTime:0.000772s ]
INFO: [ route_check ] --END-- [ RunTime:0.000857s ]
INFO: [ app_begin ] --START--
INFO: ReadHtmlCache Behavior ::run [ RunTime:0.000713s ]
INFO: [ app_begin ] --END-- [ RunTime:0.000782s ]
NOTIC: [2048] Declaration of MemberAction::show() should be compatible with that of Action::show() D:\wamp\www\guoji\yunwang\Api\AppApi\Lib\Action\MemberAction.class.php 第 413 行.
SQL: SHOW COLUMNS FROM `zy_member` [ RunTime:0.003606s ]
NOTIC: [8] Undefined index: id D:\wamp\www\guoji\yunwang\Api\AppApi\Lib\Action\MemberAction.class.php 第 62 行.
NOTIC: [8] Undefined index: utype D:\wamp\www\guoji\yunwang\Api\AppApi\Lib\Action\MemberAction.class.php 第 66 行.
NOTIC: [8] Undefined index: username D:\wamp\www\guoji\yunwang\Api\AppApi\Lib\Action\MemberAction.class.php 第 70 行.
NOTIC: [8] Undefined variable: data D:\wamp\www\guoji\yunwang\Api\AppApi\Lib\Action\MemberAction.class.php 第 74 行.
SQL: SELECT COUNT(*) AS tp_count FROM `zy_member` LIMIT 1   [ RunTime:0.000236s ]
NOTIC: [8] Undefined index: page_size D:\wamp\www\guoji\yunwang\Api\AppApi\Lib\Action\MemberAction.class.php 第 22 行.
SQL: SELECT a.id,a.utype,a.username,a.realname,a.create_time,a.status,`province`,`city`,`district`,b.balance,b.frozen,`lv_name`,`bus_lv_name` FROM `zy_member` as a LEFT JOIN `zy_member_wallet` as b on a.id=b.member_id ORDER BY `id` asc LIMIT 0,20   [ RunTime:0.000549s ]

[ 2015-06-27T12:22:49+08:00 ] 127.0.0.1 /guoji/yunwang/api/index.php/Member
INFO: [ route_check ] --START--
INFO: CheckRoute Behavior ::run [ RunTime:0.000700s ]
INFO: [ route_check ] --END-- [ RunTime:0.000784s ]
INFO: [ app_begin ] --START--
INFO: ReadHtmlCache Behavior ::run [ RunTime:0.000534s ]
INFO: [ app_begin ] --END-- [ RunTime:0.000601s ]
NOTIC: [2048] Declaration of MemberAction::show() should be compatible with that of Action::show() D:\wamp\www\guoji\yunwang\Api\AppApi\Lib\Action\MemberAction.class.php 第 413 行.
SQL: SHOW COLUMNS FROM `zy_member` [ RunTime:0.004186s ]
NOTIC: [8] Undefined index: id D:\wamp\www\guoji\yunwang\Api\AppApi\Lib\Action\MemberAction.class.php 第 62 行.
NOTIC: [8] Undefined index: utype D:\wamp\www\guoji\yunwang\Api\AppApi\Lib\Action\MemberAction.class.php 第 66 行.
NOTIC: [8] Undefined index: username D:\wamp\www\guoji\yunwang\Api\AppApi\Lib\Action\MemberAction.class.php 第 70 行.
NOTIC: [8] Undefined variable: data D:\wamp\www\guoji\yunwang\Api\AppApi\Lib\Action\MemberAction.class.php 第 74 行.
SQL: SELECT COUNT(*) AS tp_count FROM `zy_member` LIMIT 1   [ RunTime:0.000266s ]
NOTIC: [8] Undefined index: page_size D:\wamp\www\guoji\yunwang\Api\AppApi\Lib\Action\MemberAction.class.php 第 22 行.
SQL: SELECT a.id,a.utype,a.username,a.realname,a.create_time,a.status,`province`,`city`,`district`,b.balance,b.frozen,`lv_name`,`bus_lv_name` FROM `zy_member` as a LEFT JOIN `zy_member_wallet` as b on a.id=b.member_id ORDER BY `id` asc LIMIT 0,20   [ RunTime:0.000691s ]

[ 2015-06-27T12:22:50+08:00 ] 127.0.0.1 /guoji/yunwang/api/index.php/Member
INFO: [ route_check ] --START--
INFO: CheckRoute Behavior ::run [ RunTime:0.000869s ]
INFO: [ route_check ] --END-- [ RunTime:0.001006s ]
INFO: [ app_begin ] --START--
INFO: ReadHtmlCache Behavior ::run [ RunTime:0.000882s ]
INFO: [ app_begin ] --END-- [ RunTime:0.000954s ]
NOTIC: [2048] Declaration of MemberAction::show() should be compatible with that of Action::show() D:\wamp\www\guoji\yunwang\Api\AppApi\Lib\Action\MemberAction.class.php 第 413 行.
SQL: SHOW COLUMNS FROM `zy_member` [ RunTime:0.003002s ]
NOTIC: [8] Undefined index: id D:\wamp\www\guoji\yunwang\Api\AppApi\Lib\Action\MemberAction.class.php 第 62 行.
NOTIC: [8] Undefined index: utype D:\wamp\www\guoji\yunwang\Api\AppApi\Lib\Action\MemberAction.class.php 第 66 行.
NOTIC: [8] Undefined index: username D:\wamp\www\guoji\yunwang\Api\AppApi\Lib\Action\MemberAction.class.php 第 70 行.
NOTIC: [8] Undefined variable: data D:\wamp\www\guoji\yunwang\Api\AppApi\Lib\Action\MemberAction.class.php 第 74 行.
SQL: SELECT COUNT(*) AS tp_count FROM `zy_member` LIMIT 1   [ RunTime:0.000236s ]
NOTIC: [8] Undefined index: page_size D:\wamp\www\guoji\yunwang\Api\AppApi\Lib\Action\MemberAction.class.php 第 22 行.
SQL: SELECT a.id,a.utype,a.username,a.realname,a.create_time,a.status,`province`,`city`,`district`,b.balance,b.frozen,`lv_name`,`bus_lv_name` FROM `zy_member` as a LEFT JOIN `zy_member_wallet` as b on a.id=b.member_id ORDER BY `id` asc LIMIT 0,20   [ RunTime:0.000584s ]

[ 2015-06-27T12:22:50+08:00 ] 127.0.0.1 /guoji/yunwang/api/index.php/Member
INFO: [ route_check ] --START--
INFO: CheckRoute Behavior ::run [ RunTime:0.000733s ]
INFO: [ route_check ] --END-- [ RunTime:0.000820s ]
INFO: [ app_begin ] --START--
INFO: ReadHtmlCache Behavior ::run [ RunTime:0.000573s ]
INFO: [ app_begin ] --END-- [ RunTime:0.000642s ]
NOTIC: [2048] Declaration of MemberAction::show() should be compatible with that of Action::show() D:\wamp\www\guoji\yunwang\Api\AppApi\Lib\Action\MemberAction.class.php 第 413 行.
SQL: SHOW COLUMNS FROM `zy_member` [ RunTime:0.004293s ]
NOTIC: [8] Undefined index: id D:\wamp\www\guoji\yunwang\Api\AppApi\Lib\Action\MemberAction.class.php 第 62 行.
NOTIC: [8] Undefined index: utype D:\wamp\www\guoji\yunwang\Api\AppApi\Lib\Action\MemberAction.class.php 第 66 行.
NOTIC: [8] Undefined index: username D:\wamp\www\guoji\yunwang\Api\AppApi\Lib\Action\MemberAction.class.php 第 70 行.
NOTIC: [8] Undefined variable: data D:\wamp\www\guoji\yunwang\Api\AppApi\Lib\Action\MemberAction.class.php 第 74 行.
SQL: SELECT COUNT(*) AS tp_count FROM `zy_member` LIMIT 1   [ RunTime:0.000267s ]
NOTIC: [8] Undefined index: page_size D:\wamp\www\guoji\yunwang\Api\AppApi\Lib\Action\MemberAction.class.php 第 22 行.
SQL: SELECT a.id,a.utype,a.username,a.realname,a.create_time,a.status,`province`,`city`,`district`,b.balance,b.frozen,`lv_name`,`bus_lv_name` FROM `zy_member` as a LEFT JOIN `zy_member_wallet` as b on a.id=b.member_id ORDER BY `id` asc LIMIT 0,20   [ RunTime:0.000554s ]

[ 2015-06-27T12:22:57+08:00 ] 127.0.0.1 /guoji/yunwang/api/index.php/Member
INFO: [ route_check ] --START--
INFO: CheckRoute Behavior ::run [ RunTime:0.000902s ]
INFO: [ route_check ] --END-- [ RunTime:0.000989s ]
INFO: [ app_begin ] --START--
INFO: ReadHtmlCache Behavior ::run [ RunTime:0.000675s ]
INFO: [ app_begin ] --END-- [ RunTime:0.000747s ]
NOTIC: [2048] Declaration of MemberAction::show() should be compatible with that of Action::show() D:\wamp\www\guoji\yunwang\Api\AppApi\Lib\Action\MemberAction.class.php 第 413 行.
SQL: SHOW COLUMNS FROM `zy_member` [ RunTime:0.003357s ]
NOTIC: [8] Undefined index: id D:\wamp\www\guoji\yunwang\Api\AppApi\Lib\Action\MemberAction.class.php 第 62 行.
NOTIC: [8] Undefined index: utype D:\wamp\www\guoji\yunwang\Api\AppApi\Lib\Action\MemberAction.class.php 第 66 行.
NOTIC: [8] Undefined index: username D:\wamp\www\guoji\yunwang\Api\AppApi\Lib\Action\MemberAction.class.php 第 70 行.
NOTIC: [8] Undefined variable: data D:\wamp\www\guoji\yunwang\Api\AppApi\Lib\Action\MemberAction.class.php 第 74 行.
SQL: SELECT COUNT(*) AS tp_count FROM `zy_member` LIMIT 1   [ RunTime:0.000253s ]
NOTIC: [8] Undefined index: page_size D:\wamp\www\guoji\yunwang\Api\AppApi\Lib\Action\MemberAction.class.php 第 22 行.
SQL: SELECT a.id,a.utype,a.username,a.realname,a.create_time,a.status,`province`,`city`,`district`,b.balance,b.frozen,`lv_name`,`bus_lv_name` FROM `zy_member` as a LEFT JOIN `zy_member_wallet` as b on a.id=b.member_id ORDER BY `id` asc LIMIT 0,20   [ RunTime:0.000856s ]

[ 2015-06-27T12:23:02+08:00 ] 127.0.0.1 /guoji/yunwang/api/index.php/Member
INFO: [ route_check ] --START--
INFO: CheckRoute Behavior ::run [ RunTime:0.000886s ]
INFO: [ route_check ] --END-- [ RunTime:0.001020s ]
INFO: [ app_begin ] --START--
INFO: ReadHtmlCache Behavior ::run [ RunTime:0.000665s ]
INFO: [ app_begin ] --END-- [ RunTime:0.000734s ]
NOTIC: [2048] Declaration of MemberAction::show() should be compatible with that of Action::show() D:\wamp\www\guoji\yunwang\Api\AppApi\Lib\Action\MemberAction.class.php 第 413 行.
SQL: SHOW COLUMNS FROM `zy_member` [ RunTime:0.002840s ]
NOTIC: [8] Undefined index: id D:\wamp\www\guoji\yunwang\Api\AppApi\Lib\Action\MemberAction.class.php 第 62 行.
NOTIC: [8] Undefined index: utype D:\wamp\www\guoji\yunwang\Api\AppApi\Lib\Action\MemberAction.class.php 第 66 行.
NOTIC: [8] Undefined index: username D:\wamp\www\guoji\yunwang\Api\AppApi\Lib\Action\MemberAction.class.php 第 70 行.
NOTIC: [8] Undefined variable: data D:\wamp\www\guoji\yunwang\Api\AppApi\Lib\Action\MemberAction.class.php 第 74 行.
SQL: SELECT COUNT(*) AS tp_count FROM `zy_member` LIMIT 1   [ RunTime:0.000224s ]
NOTIC: [8] Undefined index: page_size D:\wamp\www\guoji\yunwang\Api\AppApi\Lib\Action\MemberAction.class.php 第 22 行.
SQL: SELECT a.id,a.utype,a.username,a.realname,a.create_time,a.status,`province`,`city`,`district`,b.balance,b.frozen,`lv_name`,`bus_lv_name` FROM `zy_member` as a LEFT JOIN `zy_member_wallet` as b on a.id=b.member_id ORDER BY `id` asc LIMIT 0,20   [ RunTime:0.000531s ]

[ 2015-06-27T12:23:03+08:00 ] 127.0.0.1 /guoji/yunwang/api/index.php/Member
INFO: [ route_check ] --START--
INFO: CheckRoute Behavior ::run [ RunTime:0.000735s ]
INFO: [ route_check ] --END-- [ RunTime:0.000818s ]
INFO: [ app_begin ] --START--
INFO: ReadHtmlCache Behavior ::run [ RunTime:0.000549s ]
INFO: [ app_begin ] --END-- [ RunTime:0.000621s ]
NOTIC: [2048] Declaration of MemberAction::show() should be compatible with that of Action::show() D:\wamp\www\guoji\yunwang\Api\AppApi\Lib\Action\MemberAction.class.php 第 413 行.
SQL: SHOW COLUMNS FROM `zy_member` [ RunTime:0.004365s ]
NOTIC: [8] Undefined index: id D:\wamp\www\guoji\yunwang\Api\AppApi\Lib\Action\MemberAction.class.php 第 62 行.
NOTIC: [8] Undefined index: utype D:\wamp\www\guoji\yunwang\Api\AppApi\Lib\Action\MemberAction.class.php 第 66 行.
NOTIC: [8] Undefined index: username D:\wamp\www\guoji\yunwang\Api\AppApi\Lib\Action\MemberAction.class.php 第 70 行.
NOTIC: [8] Undefined variable: data D:\wamp\www\guoji\yunwang\Api\AppApi\Lib\Action\MemberAction.class.php 第 74 行.
SQL: SELECT COUNT(*) AS tp_count FROM `zy_member` LIMIT 1   [ RunTime:0.000436s ]
NOTIC: [8] Undefined index: page_size D:\wamp\www\guoji\yunwang\Api\AppApi\Lib\Action\MemberAction.class.php 第 22 行.
SQL: SELECT a.id,a.utype,a.username,a.realname,a.create_time,a.status,`province`,`city`,`district`,b.balance,b.frozen,`lv_name`,`bus_lv_name` FROM `zy_member` as a LEFT JOIN `zy_member_wallet` as b on a.id=b.member_id ORDER BY `id` asc LIMIT 0,20   [ RunTime:0.000576s ]

[ 2015-06-27T12:23:03+08:00 ] 127.0.0.1 /guoji/yunwang/api/index.php/Member
INFO: [ route_check ] --START--
INFO: CheckRoute Behavior ::run [ RunTime:0.000842s ]
INFO: [ route_check ] --END-- [ RunTime:0.000983s ]
INFO: [ app_begin ] --START--
INFO: ReadHtmlCache Behavior ::run [ RunTime:0.000591s ]
INFO: [ app_begin ] --END-- [ RunTime:0.000665s ]
NOTIC: [2048] Declaration of MemberAction::show() should be compatible with that of Action::show() D:\wamp\www\guoji\yunwang\Api\AppApi\Lib\Action\MemberAction.class.php 第 413 行.
SQL: SHOW COLUMNS FROM `zy_member` [ RunTime:0.003750s ]
NOTIC: [8] Undefined index: id D:\wamp\www\guoji\yunwang\Api\AppApi\Lib\Action\MemberAction.class.php 第 62 行.
NOTIC: [8] Undefined index: utype D:\wamp\www\guoji\yunwang\Api\AppApi\Lib\Action\MemberAction.class.php 第 66 行.
NOTIC: [8] Undefined index: username D:\wamp\www\guoji\yunwang\Api\AppApi\Lib\Action\MemberAction.class.php 第 70 行.
NOTIC: [8] Undefined variable: data D:\wamp\www\guoji\yunwang\Api\AppApi\Lib\Action\MemberAction.class.php 第 74 行.
SQL: SELECT COUNT(*) AS tp_count FROM `zy_member` LIMIT 1   [ RunTime:0.000260s ]
NOTIC: [8] Undefined index: page_size D:\wamp\www\guoji\yunwang\Api\AppApi\Lib\Action\MemberAction.class.php 第 22 行.
SQL: SELECT a.id,a.utype,a.username,a.realname,a.create_time,a.status,`province`,`city`,`district`,b.balance,b.frozen,`lv_name`,`bus_lv_name` FROM `zy_member` as a LEFT JOIN `zy_member_wallet` as b on a.id=b.member_id ORDER BY `id` asc LIMIT 0,20   [ RunTime:0.000517s ]

[ 2015-06-27T12:23:03+08:00 ] 127.0.0.1 /guoji/yunwang/api/index.php/Member
INFO: [ route_check ] --START--
INFO: CheckRoute Behavior ::run [ RunTime:0.000795s ]
INFO: [ route_check ] --END-- [ RunTime:0.000886s ]
INFO: [ app_begin ] --START--
INFO: ReadHtmlCache Behavior ::run [ RunTime:0.000621s ]
INFO: [ app_begin ] --END-- [ RunTime:0.000691s ]
NOTIC: [2048] Declaration of MemberAction::show() should be compatible with that of Action::show() D:\wamp\www\guoji\yunwang\Api\AppApi\Lib\Action\MemberAction.class.php 第 413 行.
SQL: SHOW COLUMNS FROM `zy_member` [ RunTime:0.004047s ]
NOTIC: [8] Undefined index: id D:\wamp\www\guoji\yunwang\Api\AppApi\Lib\Action\MemberAction.class.php 第 62 行.
NOTIC: [8] Undefined index: utype D:\wamp\www\guoji\yunwang\Api\AppApi\Lib\Action\MemberAction.class.php 第 66 行.
NOTIC: [8] Undefined index: username D:\wamp\www\guoji\yunwang\Api\AppApi\Lib\Action\MemberAction.class.php 第 70 行.
NOTIC: [8] Undefined variable: data D:\wamp\www\guoji\yunwang\Api\AppApi\Lib\Action\MemberAction.class.php 第 74 行.
SQL: SELECT COUNT(*) AS tp_count FROM `zy_member` LIMIT 1   [ RunTime:0.000235s ]
NOTIC: [8] Undefined index: page_size D:\wamp\www\guoji\yunwang\Api\AppApi\Lib\Action\MemberAction.class.php 第 22 行.
SQL: SELECT a.id,a.utype,a.username,a.realname,a.create_time,a.status,`province`,`city`,`district`,b.balance,b.frozen,`lv_name`,`bus_lv_name` FROM `zy_member` as a LEFT JOIN `zy_member_wallet` as b on a.id=b.member_id ORDER BY `id` asc LIMIT 0,20   [ RunTime:0.000526s ]

[ 2015-06-27T12:23:03+08:00 ] 127.0.0.1 /guoji/yunwang/api/index.php/Member
INFO: [ route_check ] --START--
INFO: CheckRoute Behavior ::run [ RunTime:0.000696s ]
INFO: [ route_check ] --END-- [ RunTime:0.000775s ]
INFO: [ app_begin ] --START--
INFO: ReadHtmlCache Behavior ::run [ RunTime:0.000551s ]
INFO: [ app_begin ] --END-- [ RunTime:0.000618s ]
NOTIC: [2048] Declaration of MemberAction::show() should be compatible with that of Action::show() D:\wamp\www\guoji\yunwang\Api\AppApi\Lib\Action\MemberAction.class.php 第 413 行.
SQL: SHOW COLUMNS FROM `zy_member` [ RunTime:0.004266s ]
NOTIC: [8] Undefined index: id D:\wamp\www\guoji\yunwang\Api\AppApi\Lib\Action\MemberAction.class.php 第 62 行.
NOTIC: [8] Undefined index: utype D:\wamp\www\guoji\yunwang\Api\AppApi\Lib\Action\MemberAction.class.php 第 66 行.
NOTIC: [8] Undefined index: username D:\wamp\www\guoji\yunwang\Api\AppApi\Lib\Action\MemberAction.class.php 第 70 行.
NOTIC: [8] Undefined variable: data D:\wamp\www\guoji\yunwang\Api\AppApi\Lib\Action\MemberAction.class.php 第 74 行.
SQL: SELECT COUNT(*) AS tp_count FROM `zy_member` LIMIT 1   [ RunTime:0.000264s ]
NOTIC: [8] Undefined index: page_size D:\wamp\www\guoji\yunwang\Api\AppApi\Lib\Action\MemberAction.class.php 第 22 行.
SQL: SELECT a.id,a.utype,a.username,a.realname,a.create_time,a.status,`province`,`city`,`district`,b.balance,b.frozen,`lv_name`,`bus_lv_name` FROM `zy_member` as a LEFT JOIN `zy_member_wallet` as b on a.id=b.member_id ORDER BY `id` asc LIMIT 0,20   [ RunTime:0.000529s ]

[ 2015-06-27T12:23:03+08:00 ] 127.0.0.1 /guoji/yunwang/api/index.php/Member
INFO: [ route_check ] --START--
INFO: CheckRoute Behavior ::run [ RunTime:0.000787s ]
INFO: [ route_check ] --END-- [ RunTime:0.000898s ]
INFO: [ app_begin ] --START--
INFO: ReadHtmlCache Behavior ::run [ RunTime:0.000694s ]
INFO: [ app_begin ] --END-- [ RunTime:0.000772s ]
NOTIC: [2048] Declaration of MemberAction::show() should be compatible with that of Action::show() D:\wamp\www\guoji\yunwang\Api\AppApi\Lib\Action\MemberAction.class.php 第 413 行.
SQL: SHOW COLUMNS FROM `zy_member` [ RunTime:0.002750s ]
NOTIC: [8] Undefined index: id D:\wamp\www\guoji\yunwang\Api\AppApi\Lib\Action\MemberAction.class.php 第 62 行.
NOTIC: [8] Undefined index: utype D:\wamp\www\guoji\yunwang\Api\AppApi\Lib\Action\MemberAction.class.php 第 66 行.
NOTIC: [8] Undefined index: username D:\wamp\www\guoji\yunwang\Api\AppApi\Lib\Action\MemberAction.class.php 第 70 行.
NOTIC: [8] Undefined variable: data D:\wamp\www\guoji\yunwang\Api\AppApi\Lib\Action\MemberAction.class.php 第 74 行.
SQL: SELECT COUNT(*) AS tp_count FROM `zy_member` LIMIT 1   [ RunTime:0.000254s ]
NOTIC: [8] Undefined index: page_size D:\wamp\www\guoji\yunwang\Api\AppApi\Lib\Action\MemberAction.class.php 第 22 行.
SQL: SELECT a.id,a.utype,a.username,a.realname,a.create_time,a.status,`province`,`city`,`district`,b.balance,b.frozen,`lv_name`,`bus_lv_name` FROM `zy_member` as a LEFT JOIN `zy_member_wallet` as b on a.id=b.member_id ORDER BY `id` asc LIMIT 0,20   [ RunTime:0.000516s ]

[ 2015-06-27T12:23:03+08:00 ] 127.0.0.1 /guoji/yunwang/api/index.php/Member
INFO: [ route_check ] --START--
INFO: CheckRoute Behavior ::run [ RunTime:0.000736s ]
INFO: [ route_check ] --END-- [ RunTime:0.000818s ]
INFO: [ app_begin ] --START--
INFO: ReadHtmlCache Behavior ::run [ RunTime:0.000588s ]
INFO: [ app_begin ] --END-- [ RunTime:0.000656s ]
NOTIC: [2048] Declaration of MemberAction::show() should be compatible with that of Action::show() D:\wamp\www\guoji\yunwang\Api\AppApi\Lib\Action\MemberAction.class.php 第 413 行.
SQL: SHOW COLUMNS FROM `zy_member` [ RunTime:0.004129s ]
NOTIC: [8] Undefined index: id D:\wamp\www\guoji\yunwang\Api\AppApi\Lib\Action\MemberAction.class.php 第 62 行.
NOTIC: [8] Undefined index: utype D:\wamp\www\guoji\yunwang\Api\AppApi\Lib\Action\MemberAction.class.php 第 66 行.
NOTIC: [8] Undefined index: username D:\wamp\www\guoji\yunwang\Api\AppApi\Lib\Action\MemberAction.class.php 第 70 行.
NOTIC: [8] Undefined variable: data D:\wamp\www\guoji\yunwang\Api\AppApi\Lib\Action\MemberAction.class.php 第 74 行.
SQL: SELECT COUNT(*) AS tp_count FROM `zy_member` LIMIT 1   [ RunTime:0.000342s ]
NOTIC: [8] Undefined index: page_size D:\wamp\www\guoji\yunwang\Api\AppApi\Lib\Action\MemberAction.class.php 第 22 行.
SQL: SELECT a.id,a.utype,a.username,a.realname,a.create_time,a.status,`province`,`city`,`district`,b.balance,b.frozen,`lv_name`,`bus_lv_name` FROM `zy_member` as a LEFT JOIN `zy_member_wallet` as b on a.id=b.member_id ORDER BY `id` asc LIMIT 0,20   [ RunTime:0.000564s ]

[ 2015-06-27T12:23:04+08:00 ] 127.0.0.1 /guoji/yunwang/api/index.php/Member
INFO: [ route_check ] --START--
INFO: CheckRoute Behavior ::run [ RunTime:0.000725s ]
INFO: [ route_check ] --END-- [ RunTime:0.000805s ]
INFO: [ app_begin ] --START--
INFO: ReadHtmlCache Behavior ::run [ RunTime:0.000607s ]
INFO: [ app_begin ] --END-- [ RunTime:0.000675s ]
NOTIC: [2048] Declaration of MemberAction::show() should be compatible with that of Action::show() D:\wamp\www\guoji\yunwang\Api\AppApi\Lib\Action\MemberAction.class.php 第 413 行.
SQL: SHOW COLUMNS FROM `zy_member` [ RunTime:0.004708s ]
NOTIC: [8] Undefined index: id D:\wamp\www\guoji\yunwang\Api\AppApi\Lib\Action\MemberAction.class.php 第 62 行.
NOTIC: [8] Undefined index: utype D:\wamp\www\guoji\yunwang\Api\AppApi\Lib\Action\MemberAction.class.php 第 66 行.
NOTIC: [8] Undefined index: username D:\wamp\www\guoji\yunwang\Api\AppApi\Lib\Action\MemberAction.class.php 第 70 行.
NOTIC: [8] Undefined variable: data D:\wamp\www\guoji\yunwang\Api\AppApi\Lib\Action\MemberAction.class.php 第 74 行.
SQL: SELECT COUNT(*) AS tp_count FROM `zy_member` LIMIT 1   [ RunTime:0.000243s ]
NOTIC: [8] Undefined index: page_size D:\wamp\www\guoji\yunwang\Api\AppApi\Lib\Action\MemberAction.class.php 第 22 行.
SQL: SELECT a.id,a.utype,a.username,a.realname,a.create_time,a.status,`province`,`city`,`district`,b.balance,b.frozen,`lv_name`,`bus_lv_name` FROM `zy_member` as a LEFT JOIN `zy_member_wallet` as b on a.id=b.member_id ORDER BY `id` asc LIMIT 0,20   [ RunTime:0.000500s ]

[ 2015-06-27T12:23:04+08:00 ] 127.0.0.1 /guoji/yunwang/api/index.php/Member
INFO: [ route_check ] --START--
INFO: CheckRoute Behavior ::run [ RunTime:0.000784s ]
INFO: [ route_check ] --END-- [ RunTime:0.000939s ]
INFO: [ app_begin ] --START--
INFO: ReadHtmlCache Behavior ::run [ RunTime:0.000652s ]
INFO: [ app_begin ] --END-- [ RunTime:0.000724s ]
NOTIC: [2048] Declaration of MemberAction::show() should be compatible with that of Action::show() D:\wamp\www\guoji\yunwang\Api\AppApi\Lib\Action\MemberAction.class.php 第 413 行.
SQL: SHOW COLUMNS FROM `zy_member` [ RunTime:0.003652s ]
NOTIC: [8] Undefined index: id D:\wamp\www\guoji\yunwang\Api\AppApi\Lib\Action\MemberAction.class.php 第 62 行.
NOTIC: [8] Undefined index: utype D:\wamp\www\guoji\yunwang\Api\AppApi\Lib\Action\MemberAction.class.php 第 66 行.
NOTIC: [8] Undefined index: username D:\wamp\www\guoji\yunwang\Api\AppApi\Lib\Action\MemberAction.class.php 第 70 行.
NOTIC: [8] Undefined variable: data D:\wamp\www\guoji\yunwang\Api\AppApi\Lib\Action\MemberAction.class.php 第 74 行.
SQL: SELECT COUNT(*) AS tp_count FROM `zy_member` LIMIT 1   [ RunTime:0.000244s ]
NOTIC: [8] Undefined index: page_size D:\wamp\www\guoji\yunwang\Api\AppApi\Lib\Action\MemberAction.class.php 第 22 行.
SQL: SELECT a.id,a.utype,a.username,a.realname,a.create_time,a.status,`province`,`city`,`district`,b.balance,b.frozen,`lv_name`,`bus_lv_name` FROM `zy_member` as a LEFT JOIN `zy_member_wallet` as b on a.id=b.member_id ORDER BY `id` asc LIMIT 0,20   [ RunTime:0.000575s ]

[ 2015-06-27T12:23:04+08:00 ] 127.0.0.1 /guoji/yunwang/api/index.php/Member
INFO: [ route_check ] --START--
INFO: CheckRoute Behavior ::run [ RunTime:0.000746s ]
INFO: [ route_check ] --END-- [ RunTime:0.000827s ]
INFO: [ app_begin ] --START--
INFO: ReadHtmlCache Behavior ::run [ RunTime:0.000607s ]
INFO: [ app_begin ] --END-- [ RunTime:0.000675s ]
NOTIC: [2048] Declaration of MemberAction::show() should be compatible with that of Action::show() D:\wamp\www\guoji\yunwang\Api\AppApi\Lib\Action\MemberAction.class.php 第 413 行.
SQL: SHOW COLUMNS FROM `zy_member` [ RunTime:0.002783s ]
NOTIC: [8] Undefined index: id D:\wamp\www\guoji\yunwang\Api\AppApi\Lib\Action\MemberAction.class.php 第 62 行.
NOTIC: [8] Undefined index: utype D:\wamp\www\guoji\yunwang\Api\AppApi\Lib\Action\MemberAction.class.php 第 66 行.
NOTIC: [8] Undefined index: username D:\wamp\www\guoji\yunwang\Api\AppApi\Lib\Action\MemberAction.class.php 第 70 行.
NOTIC: [8] Undefined variable: data D:\wamp\www\guoji\yunwang\Api\AppApi\Lib\Action\MemberAction.class.php 第 74 行.
SQL: SELECT COUNT(*) AS tp_count FROM `zy_member` LIMIT 1   [ RunTime:0.000247s ]
NOTIC: [8] Undefined index: page_size D:\wamp\www\guoji\yunwang\Api\AppApi\Lib\Action\MemberAction.class.php 第 22 行.
SQL: SELECT a.id,a.utype,a.username,a.realname,a.create_time,a.status,`province`,`city`,`district`,b.balance,b.frozen,`lv_name`,`bus_lv_name` FROM `zy_member` as a LEFT JOIN `zy_member_wallet` as b on a.id=b.member_id ORDER BY `id` asc LIMIT 0,20   [ RunTime:0.000513s ]

[ 2015-06-27T12:23:04+08:00 ] 127.0.0.1 /guoji/yunwang/api/index.php/Member
INFO: [ route_check ] --START--
INFO: CheckRoute Behavior ::run [ RunTime:0.000725s ]
INFO: [ route_check ] --END-- [ RunTime:0.000807s ]
INFO: [ app_begin ] --START--
INFO: ReadHtmlCache Behavior ::run [ RunTime:0.000590s ]
INFO: [ app_begin ] --END-- [ RunTime:0.000658s ]
NOTIC: [2048] Declaration of MemberAction::show() should be compatible with that of Action::show() D:\wamp\www\guoji\yunwang\Api\AppApi\Lib\Action\MemberAction.class.php 第 413 行.
SQL: SHOW COLUMNS FROM `zy_member` [ RunTime:0.003319s ]
NOTIC: [8] Undefined index: id D:\wamp\www\guoji\yunwang\Api\AppApi\Lib\Action\MemberAction.class.php 第 62 行.
NOTIC: [8] Undefined index: utype D:\wamp\www\guoji\yunwang\Api\AppApi\Lib\Action\MemberAction.class.php 第 66 行.
NOTIC: [8] Undefined index: username D:\wamp\www\guoji\yunwang\Api\AppApi\Lib\Action\MemberAction.class.php 第 70 行.
NOTIC: [8] Undefined variable: data D:\wamp\www\guoji\yunwang\Api\AppApi\Lib\Action\MemberAction.class.php 第 74 行.
SQL: SELECT COUNT(*) AS tp_count FROM `zy_member` LIMIT 1   [ RunTime:0.000340s ]
NOTIC: [8] Undefined index: page_size D:\wamp\www\guoji\yunwang\Api\AppApi\Lib\Action\MemberAction.class.php 第 22 行.
SQL: SELECT a.id,a.utype,a.username,a.realname,a.create_time,a.status,`province`,`city`,`district`,b.balance,b.frozen,`lv_name`,`bus_lv_name` FROM `zy_member` as a LEFT JOIN `zy_member_wallet` as b on a.id=b.member_id ORDER BY `id` asc LIMIT 0,20   [ RunTime:0.000659s ]

[ 2015-06-27T12:23:04+08:00 ] 127.0.0.1 /guoji/yunwang/api/index.php/Member
INFO: [ route_check ] --START--
INFO: CheckRoute Behavior ::run [ RunTime:0.000676s ]
INFO: [ route_check ] --END-- [ RunTime:0.000757s ]
INFO: [ app_begin ] --START--
INFO: ReadHtmlCache Behavior ::run [ RunTime:0.000531s ]
INFO: [ app_begin ] --END-- [ RunTime:0.000599s ]
NOTIC: [2048] Declaration of MemberAction::show() should be compatible with that of Action::show() D:\wamp\www\guoji\yunwang\Api\AppApi\Lib\Action\MemberAction.class.php 第 413 行.
SQL: SHOW COLUMNS FROM `zy_member` [ RunTime:0.003423s ]
NOTIC: [8] Undefined index: id D:\wamp\www\guoji\yunwang\Api\AppApi\Lib\Action\MemberAction.class.php 第 62 行.
NOTIC: [8] Undefined index: utype D:\wamp\www\guoji\yunwang\Api\AppApi\Lib\Action\MemberAction.class.php 第 66 行.
NOTIC: [8] Undefined index: username D:\wamp\www\guoji\yunwang\Api\AppApi\Lib\Action\MemberAction.class.php 第 70 行.
NOTIC: [8] Undefined variable: data D:\wamp\www\guoji\yunwang\Api\AppApi\Lib\Action\MemberAction.class.php 第 74 行.
SQL: SELECT COUNT(*) AS tp_count FROM `zy_member` LIMIT 1   [ RunTime:0.000446s ]
NOTIC: [8] Undefined index: page_size D:\wamp\www\guoji\yunwang\Api\AppApi\Lib\Action\MemberAction.class.php 第 22 行.
SQL: SELECT a.id,a.utype,a.username,a.realname,a.create_time,a.status,`province`,`city`,`district`,b.balance,b.frozen,`lv_name`,`bus_lv_name` FROM `zy_member` as a LEFT JOIN `zy_member_wallet` as b on a.id=b.member_id ORDER BY `id` asc LIMIT 0,20   [ RunTime:0.000627s ]

[ 2015-06-27T12:23:05+08:00 ] 127.0.0.1 /guoji/yunwang/api/index.php/Member
INFO: [ route_check ] --START--
INFO: CheckRoute Behavior ::run [ RunTime:0.000865s ]
INFO: [ route_check ] --END-- [ RunTime:0.001021s ]
INFO: [ app_begin ] --START--
INFO: ReadHtmlCache Behavior ::run [ RunTime:0.000601s ]
INFO: [ app_begin ] --END-- [ RunTime:0.000676s ]
NOTIC: [2048] Declaration of MemberAction::show() should be compatible with that of Action::show() D:\wamp\www\guoji\yunwang\Api\AppApi\Lib\Action\MemberAction.class.php 第 413 行.
SQL: SHOW COLUMNS FROM `zy_member` [ RunTime:0.003927s ]
NOTIC: [8] Undefined index: id D:\wamp\www\guoji\yunwang\Api\AppApi\Lib\Action\MemberAction.class.php 第 62 行.
NOTIC: [8] Undefined index: utype D:\wamp\www\guoji\yunwang\Api\AppApi\Lib\Action\MemberAction.class.php 第 66 行.
NOTIC: [8] Undefined index: username D:\wamp\www\guoji\yunwang\Api\AppApi\Lib\Action\MemberAction.class.php 第 70 行.
NOTIC: [8] Undefined variable: data D:\wamp\www\guoji\yunwang\Api\AppApi\Lib\Action\MemberAction.class.php 第 74 行.
SQL: SELECT COUNT(*) AS tp_count FROM `zy_member` LIMIT 1   [ RunTime:0.000249s ]
NOTIC: [8] Undefined index: page_size D:\wamp\www\guoji\yunwang\Api\AppApi\Lib\Action\MemberAction.class.php 第 22 行.
SQL: SELECT a.id,a.utype,a.username,a.realname,a.create_time,a.status,`province`,`city`,`district`,b.balance,b.frozen,`lv_name`,`bus_lv_name` FROM `zy_member` as a LEFT JOIN `zy_member_wallet` as b on a.id=b.member_id ORDER BY `id` asc LIMIT 0,20   [ RunTime:0.000523s ]

[ 2015-06-27T12:23:05+08:00 ] 127.0.0.1 /guoji/yunwang/api/index.php/Member
INFO: [ route_check ] --START--
INFO: CheckRoute Behavior ::run [ RunTime:0.000729s ]
INFO: [ route_check ] --END-- [ RunTime:0.000810s ]
INFO: [ app_begin ] --START--
INFO: ReadHtmlCache Behavior ::run [ RunTime:0.000606s ]
INFO: [ app_begin ] --END-- [ RunTime:0.000675s ]
NOTIC: [2048] Declaration of MemberAction::show() should be compatible with that of Action::show() D:\wamp\www\guoji\yunwang\Api\AppApi\Lib\Action\MemberAction.class.php 第 413 行.
SQL: SHOW COLUMNS FROM `zy_member` [ RunTime:0.003654s ]
NOTIC: [8] Undefined index: id D:\wamp\www\guoji\yunwang\Api\AppApi\Lib\Action\MemberAction.class.php 第 62 行.
NOTIC: [8] Undefined index: utype D:\wamp\www\guoji\yunwang\Api\AppApi\Lib\Action\MemberAction.class.php 第 66 行.
NOTIC: [8] Undefined index: username D:\wamp\www\guoji\yunwang\Api\AppApi\Lib\Action\MemberAction.class.php 第 70 行.
NOTIC: [8] Undefined variable: data D:\wamp\www\guoji\yunwang\Api\AppApi\Lib\Action\MemberAction.class.php 第 74 行.
SQL: SELECT COUNT(*) AS tp_count FROM `zy_member` LIMIT 1   [ RunTime:0.000269s ]
NOTIC: [8] Undefined index: page_size D:\wamp\www\guoji\yunwang\Api\AppApi\Lib\Action\MemberAction.class.php 第 22 行.
SQL: SELECT a.id,a.utype,a.username,a.realname,a.create_time,a.status,`province`,`city`,`district`,b.balance,b.frozen,`lv_name`,`bus_lv_name` FROM `zy_member` as a LEFT JOIN `zy_member_wallet` as b on a.id=b.member_id ORDER BY `id` asc LIMIT 0,20   [ RunTime:0.000657s ]

[ 2015-06-27T12:23:05+08:00 ] 127.0.0.1 /guoji/yunwang/api/index.php/Member
INFO: [ route_check ] --START--
INFO: CheckRoute Behavior ::run [ RunTime:0.000733s ]
INFO: [ route_check ] --END-- [ RunTime:0.000815s ]
INFO: [ app_begin ] --START--
INFO: ReadHtmlCache Behavior ::run [ RunTime:0.000590s ]
INFO: [ app_begin ] --END-- [ RunTime:0.000658s ]
NOTIC: [2048] Declaration of MemberAction::show() should be compatible with that of Action::show() D:\wamp\www\guoji\yunwang\Api\AppApi\Lib\Action\MemberAction.class.php 第 413 行.
SQL: SHOW COLUMNS FROM `zy_member` [ RunTime:0.002770s ]
NOTIC: [8] Undefined index: id D:\wamp\www\guoji\yunwang\Api\AppApi\Lib\Action\MemberAction.class.php 第 62 行.
NOTIC: [8] Undefined index: utype D:\wamp\www\guoji\yunwang\Api\AppApi\Lib\Action\MemberAction.class.php 第 66 行.
NOTIC: [8] Undefined index: username D:\wamp\www\guoji\yunwang\Api\AppApi\Lib\Action\MemberAction.class.php 第 70 行.
NOTIC: [8] Undefined variable: data D:\wamp\www\guoji\yunwang\Api\AppApi\Lib\Action\MemberAction.class.php 第 74 行.
SQL: SELECT COUNT(*) AS tp_count FROM `zy_member` LIMIT 1   [ RunTime:0.000226s ]
NOTIC: [8] Undefined index: page_size D:\wamp\www\guoji\yunwang\Api\AppApi\Lib\Action\MemberAction.class.php 第 22 行.
SQL: SELECT a.id,a.utype,a.username,a.realname,a.create_time,a.status,`province`,`city`,`district`,b.balance,b.frozen,`lv_name`,`bus_lv_name` FROM `zy_member` as a LEFT JOIN `zy_member_wallet` as b on a.id=b.member_id ORDER BY `id` asc LIMIT 0,20   [ RunTime:0.000578s ]

[ 2015-06-27T12:23:29+08:00 ] 127.0.0.1 /guoji/yunwang/api/index.php/Member
INFO: [ route_check ] --START--
INFO: CheckRoute Behavior ::run [ RunTime:0.000827s ]
INFO: [ route_check ] --END-- [ RunTime:0.000974s ]
INFO: [ app_begin ] --START--
INFO: ReadHtmlCache Behavior ::run [ RunTime:0.000611s ]
INFO: [ app_begin ] --END-- [ RunTime:0.000888s ]
NOTIC: [2048] Declaration of MemberAction::show() should be compatible with that of Action::show() D:\wamp\www\guoji\yunwang\Api\AppApi\Lib\Action\MemberAction.class.php 第 414 行.
SQL: SHOW COLUMNS FROM `zy_member` [ RunTime:0.004000s ]
NOTIC: [8] Undefined index: id D:\wamp\www\guoji\yunwang\Api\AppApi\Lib\Action\MemberAction.class.php 第 63 行.
NOTIC: [8] Undefined index: utype D:\wamp\www\guoji\yunwang\Api\AppApi\Lib\Action\MemberAction.class.php 第 67 行.
NOTIC: [8] Undefined index: username D:\wamp\www\guoji\yunwang\Api\AppApi\Lib\Action\MemberAction.class.php 第 71 行.
NOTIC: [8] Undefined variable: data D:\wamp\www\guoji\yunwang\Api\AppApi\Lib\Action\MemberAction.class.php 第 75 行.

[ 2015-06-27T12:23:30+08:00 ] 127.0.0.1 /guoji/yunwang/api/index.php/Member
INFO: [ route_check ] --START--
INFO: CheckRoute Behavior ::run [ RunTime:0.000674s ]
INFO: [ route_check ] --END-- [ RunTime:0.000756s ]
INFO: [ app_begin ] --START--
INFO: ReadHtmlCache Behavior ::run [ RunTime:0.000586s ]
INFO: [ app_begin ] --END-- [ RunTime:0.000655s ]
NOTIC: [2048] Declaration of MemberAction::show() should be compatible with that of Action::show() D:\wamp\www\guoji\yunwang\Api\AppApi\Lib\Action\MemberAction.class.php 第 414 行.
SQL: SHOW COLUMNS FROM `zy_member` [ RunTime:0.003669s ]
NOTIC: [8] Undefined index: id D:\wamp\www\guoji\yunwang\Api\AppApi\Lib\Action\MemberAction.class.php 第 63 行.
NOTIC: [8] Undefined index: utype D:\wamp\www\guoji\yunwang\Api\AppApi\Lib\Action\MemberAction.class.php 第 67 行.
NOTIC: [8] Undefined index: username D:\wamp\www\guoji\yunwang\Api\AppApi\Lib\Action\MemberAction.class.php 第 71 行.
NOTIC: [8] Undefined variable: data D:\wamp\www\guoji\yunwang\Api\AppApi\Lib\Action\MemberAction.class.php 第 75 行.

[ 2015-06-27T12:23:56+08:00 ] 127.0.0.1 /guoji/yunwang/api/index.php/Member
INFO: [ route_check ] --START--
INFO: CheckRoute Behavior ::run [ RunTime:0.000737s ]
INFO: [ route_check ] --END-- [ RunTime:0.000852s ]
INFO: [ app_begin ] --START--
INFO: ReadHtmlCache Behavior ::run [ RunTime:0.000567s ]
INFO: [ app_begin ] --END-- [ RunTime:0.000636s ]
NOTIC: [2048] Declaration of MemberAction::show() should be compatible with that of Action::show() D:\wamp\www\guoji\yunwang\Api\AppApi\Lib\Action\MemberAction.class.php 第 414 行.
SQL: SHOW COLUMNS FROM `zy_member` [ RunTime:0.002827s ]
NOTIC: [8] Undefined index: id D:\wamp\www\guoji\yunwang\Api\AppApi\Lib\Action\MemberAction.class.php 第 63 行.
NOTIC: [8] Undefined index: utype D:\wamp\www\guoji\yunwang\Api\AppApi\Lib\Action\MemberAction.class.php 第 67 行.
NOTIC: [8] Undefined index: username D:\wamp\www\guoji\yunwang\Api\AppApi\Lib\Action\MemberAction.class.php 第 71 行.
NOTIC: [8] Undefined variable: data D:\wamp\www\guoji\yunwang\Api\AppApi\Lib\Action\MemberAction.class.php 第 75 行.

[ 2015-06-27T12:24:01+08:00 ] 127.0.0.1 /guoji/yunwang/api/index.php/Member
INFO: [ route_check ] --START--
INFO: CheckRoute Behavior ::run [ RunTime:0.000668s ]
INFO: [ route_check ] --END-- [ RunTime:0.000749s ]
INFO: [ app_begin ] --START--
INFO: ReadHtmlCache Behavior ::run [ RunTime:0.000603s ]
INFO: [ app_begin ] --END-- [ RunTime:0.000671s ]
NOTIC: [2048] Declaration of MemberAction::show() should be compatible with that of Action::show() D:\wamp\www\guoji\yunwang\Api\AppApi\Lib\Action\MemberAction.class.php 第 414 行.
SQL: SHOW COLUMNS FROM `zy_member` [ RunTime:0.002660s ]
NOTIC: [8] Undefined index: id D:\wamp\www\guoji\yunwang\Api\AppApi\Lib\Action\MemberAction.class.php 第 63 行.
NOTIC: [8] Undefined index: utype D:\wamp\www\guoji\yunwang\Api\AppApi\Lib\Action\MemberAction.class.php 第 67 行.
NOTIC: [8] Undefined index: username D:\wamp\www\guoji\yunwang\Api\AppApi\Lib\Action\MemberAction.class.php 第 71 行.
NOTIC: [8] Undefined variable: data D:\wamp\www\guoji\yunwang\Api\AppApi\Lib\Action\MemberAction.class.php 第 75 行.

[ 2015-06-27T12:24:12+08:00 ] 127.0.0.1 /guoji/yunwang/api/index.php/Member
INFO: [ route_check ] --START--
INFO: CheckRoute Behavior ::run [ RunTime:0.000698s ]
INFO: [ route_check ] --END-- [ RunTime:0.000816s ]
INFO: [ app_begin ] --START--
INFO: ReadHtmlCache Behavior ::run [ RunTime:0.000600s ]
INFO: [ app_begin ] --END-- [ RunTime:0.000679s ]
NOTIC: [2048] Declaration of MemberAction::show() should be compatible with that of Action::show() D:\wamp\www\guoji\yunwang\Api\AppApi\Lib\Action\MemberAction.class.php 第 414 行.
SQL: SHOW COLUMNS FROM `zy_member` [ RunTime:0.003020s ]
NOTIC: [8] Undefined index: id D:\wamp\www\guoji\yunwang\Api\AppApi\Lib\Action\MemberAction.class.php 第 63 行.
NOTIC: [8] Undefined index: utype D:\wamp\www\guoji\yunwang\Api\AppApi\Lib\Action\MemberAction.class.php 第 67 行.
NOTIC: [8] Undefined index: username D:\wamp\www\guoji\yunwang\Api\AppApi\Lib\Action\MemberAction.class.php 第 71 行.
NOTIC: [8] Undefined variable: data D:\wamp\www\guoji\yunwang\Api\AppApi\Lib\Action\MemberAction.class.php 第 75 行.

[ 2015-06-27T12:24:12+08:00 ] 127.0.0.1 /guoji/yunwang/api/index.php/Member
INFO: [ route_check ] --START--
INFO: CheckRoute Behavior ::run [ RunTime:0.000830s ]
INFO: [ route_check ] --END-- [ RunTime:0.000917s ]
INFO: [ app_begin ] --START--
INFO: ReadHtmlCache Behavior ::run [ RunTime:0.000607s ]
INFO: [ app_begin ] --END-- [ RunTime:0.000678s ]
NOTIC: [2048] Declaration of MemberAction::show() should be compatible with that of Action::show() D:\wamp\www\guoji\yunwang\Api\AppApi\Lib\Action\MemberAction.class.php 第 414 行.
SQL: SHOW COLUMNS FROM `zy_member` [ RunTime:0.003523s ]
NOTIC: [8] Undefined index: id D:\wamp\www\guoji\yunwang\Api\AppApi\Lib\Action\MemberAction.class.php 第 63 行.
NOTIC: [8] Undefined index: utype D:\wamp\www\guoji\yunwang\Api\AppApi\Lib\Action\MemberAction.class.php 第 67 行.
NOTIC: [8] Undefined index: username D:\wamp\www\guoji\yunwang\Api\AppApi\Lib\Action\MemberAction.class.php 第 71 行.
NOTIC: [8] Undefined variable: data D:\wamp\www\guoji\yunwang\Api\AppApi\Lib\Action\MemberAction.class.php 第 75 行.

[ 2015-06-27T12:24:13+08:00 ] 127.0.0.1 /guoji/yunwang/api/index.php/Member
INFO: [ route_check ] --START--
INFO: CheckRoute Behavior ::run [ RunTime:0.000754s ]
INFO: [ route_check ] --END-- [ RunTime:0.000835s ]
INFO: [ app_begin ] --START--
INFO: ReadHtmlCache Behavior ::run [ RunTime:0.000622s ]
INFO: [ app_begin ] --END-- [ RunTime:0.000690s ]
NOTIC: [2048] Declaration of MemberAction::show() should be compatible with that of Action::show() D:\wamp\www\guoji\yunwang\Api\AppApi\Lib\Action\MemberAction.class.php 第 414 行.
SQL: SHOW COLUMNS FROM `zy_member` [ RunTime:0.003254s ]
NOTIC: [8] Undefined index: id D:\wamp\www\guoji\yunwang\Api\AppApi\Lib\Action\MemberAction.class.php 第 63 行.
NOTIC: [8] Undefined index: utype D:\wamp\www\guoji\yunwang\Api\AppApi\Lib\Action\MemberAction.class.php 第 67 行.
NOTIC: [8] Undefined index: username D:\wamp\www\guoji\yunwang\Api\AppApi\Lib\Action\MemberAction.class.php 第 71 行.
NOTIC: [8] Undefined variable: data D:\wamp\www\guoji\yunwang\Api\AppApi\Lib\Action\MemberAction.class.php 第 75 行.

[ 2015-06-27T12:24:13+08:00 ] 127.0.0.1 /guoji/yunwang/api/index.php/Member
INFO: [ route_check ] --START--
INFO: CheckRoute Behavior ::run [ RunTime:0.001059s ]
INFO: [ route_check ] --END-- [ RunTime:0.001193s ]
INFO: [ app_begin ] --START--
INFO: ReadHtmlCache Behavior ::run [ RunTime:0.000738s ]
INFO: [ app_begin ] --END-- [ RunTime:0.000823s ]
NOTIC: [2048] Declaration of MemberAction::show() should be compatible with that of Action::show() D:\wamp\www\guoji\yunwang\Api\AppApi\Lib\Action\MemberAction.class.php 第 414 行.
SQL: SHOW COLUMNS FROM `zy_member` [ RunTime:0.003356s ]
NOTIC: [8] Undefined index: id D:\wamp\www\guoji\yunwang\Api\AppApi\Lib\Action\MemberAction.class.php 第 63 行.
NOTIC: [8] Undefined index: utype D:\wamp\www\guoji\yunwang\Api\AppApi\Lib\Action\MemberAction.class.php 第 67 行.
NOTIC: [8] Undefined index: username D:\wamp\www\guoji\yunwang\Api\AppApi\Lib\Action\MemberAction.class.php 第 71 行.
NOTIC: [8] Undefined variable: data D:\wamp\www\guoji\yunwang\Api\AppApi\Lib\Action\MemberAction.class.php 第 75 行.

[ 2015-06-27T12:24:13+08:00 ] 127.0.0.1 /guoji/yunwang/api/index.php/Member
INFO: [ route_check ] --START--
INFO: CheckRoute Behavior ::run [ RunTime:0.000778s ]
INFO: [ route_check ] --END-- [ RunTime:0.000920s ]
INFO: [ app_begin ] --START--
INFO: ReadHtmlCache Behavior ::run [ RunTime:0.000659s ]
INFO: [ app_begin ] --END-- [ RunTime:0.000741s ]
NOTIC: [2048] Declaration of MemberAction::show() should be compatible with that of Action::show() D:\wamp\www\guoji\yunwang\Api\AppApi\Lib\Action\MemberAction.class.php 第 414 行.
SQL: SHOW COLUMNS FROM `zy_member` [ RunTime:0.003575s ]
NOTIC: [8] Undefined index: id D:\wamp\www\guoji\yunwang\Api\AppApi\Lib\Action\MemberAction.class.php 第 63 行.
NOTIC: [8] Undefined index: utype D:\wamp\www\guoji\yunwang\Api\AppApi\Lib\Action\MemberAction.class.php 第 67 行.
NOTIC: [8] Undefined index: username D:\wamp\www\guoji\yunwang\Api\AppApi\Lib\Action\MemberAction.class.php 第 71 行.
NOTIC: [8] Undefined variable: data D:\wamp\www\guoji\yunwang\Api\AppApi\Lib\Action\MemberAction.class.php 第 75 行.

[ 2015-06-27T12:24:13+08:00 ] 127.0.0.1 /guoji/yunwang/api/index.php/Member
INFO: [ route_check ] --START--
INFO: CheckRoute Behavior ::run [ RunTime:0.000672s ]
INFO: [ route_check ] --END-- [ RunTime:0.000751s ]
INFO: [ app_begin ] --START--
INFO: ReadHtmlCache Behavior ::run [ RunTime:0.000534s ]
INFO: [ app_begin ] --END-- [ RunTime:0.000600s ]
NOTIC: [2048] Declaration of MemberAction::show() should be compatible with that of Action::show() D:\wamp\www\guoji\yunwang\Api\AppApi\Lib\Action\MemberAction.class.php 第 414 行.
SQL: SHOW COLUMNS FROM `zy_member` [ RunTime:0.004390s ]
NOTIC: [8] Undefined index: id D:\wamp\www\guoji\yunwang\Api\AppApi\Lib\Action\MemberAction.class.php 第 63 行.
NOTIC: [8] Undefined index: utype D:\wamp\www\guoji\yunwang\Api\AppApi\Lib\Action\MemberAction.class.php 第 67 行.
NOTIC: [8] Undefined index: username D:\wamp\www\guoji\yunwang\Api\AppApi\Lib\Action\MemberAction.class.php 第 71 行.
NOTIC: [8] Undefined variable: data D:\wamp\www\guoji\yunwang\Api\AppApi\Lib\Action\MemberAction.class.php 第 75 行.

[ 2015-06-27T12:24:13+08:00 ] 127.0.0.1 /guoji/yunwang/api/index.php/Member
INFO: [ route_check ] --START--
INFO: CheckRoute Behavior ::run [ RunTime:0.000668s ]
INFO: [ route_check ] --END-- [ RunTime:0.000751s ]
INFO: [ app_begin ] --START--
INFO: ReadHtmlCache Behavior ::run [ RunTime:0.000611s ]
INFO: [ app_begin ] --END-- [ RunTime:0.000679s ]
NOTIC: [2048] Declaration of MemberAction::show() should be compatible with that of Action::show() D:\wamp\www\guoji\yunwang\Api\AppApi\Lib\Action\MemberAction.class.php 第 414 行.
SQL: SHOW COLUMNS FROM `zy_member` [ RunTime:0.004762s ]
NOTIC: [8] Undefined index: id D:\wamp\www\guoji\yunwang\Api\AppApi\Lib\Action\MemberAction.class.php 第 63 行.
NOTIC: [8] Undefined index: utype D:\wamp\www\guoji\yunwang\Api\AppApi\Lib\Action\MemberAction.class.php 第 67 行.
NOTIC: [8] Undefined index: username D:\wamp\www\guoji\yunwang\Api\AppApi\Lib\Action\MemberAction.class.php 第 71 行.
NOTIC: [8] Undefined variable: data D:\wamp\www\guoji\yunwang\Api\AppApi\Lib\Action\MemberAction.class.php 第 75 行.

[ 2015-06-27T12:24:13+08:00 ] 127.0.0.1 /guoji/yunwang/api/index.php/Member
INFO: [ route_check ] --START--
INFO: CheckRoute Behavior ::run [ RunTime:0.000669s ]
INFO: [ route_check ] --END-- [ RunTime:0.000751s ]
INFO: [ app_begin ] --START--
INFO: ReadHtmlCache Behavior ::run [ RunTime:0.000620s ]
INFO: [ app_begin ] --END-- [ RunTime:0.000689s ]
NOTIC: [2048] Declaration of MemberAction::show() should be compatible with that of Action::show() D:\wamp\www\guoji\yunwang\Api\AppApi\Lib\Action\MemberAction.class.php 第 414 行.
SQL: SHOW COLUMNS FROM `zy_member` [ RunTime:0.004971s ]
NOTIC: [8] Undefined index: id D:\wamp\www\guoji\yunwang\Api\AppApi\Lib\Action\MemberAction.class.php 第 63 行.
NOTIC: [8] Undefined index: utype D:\wamp\www\guoji\yunwang\Api\AppApi\Lib\Action\MemberAction.class.php 第 67 行.
NOTIC: [8] Undefined index: username D:\wamp\www\guoji\yunwang\Api\AppApi\Lib\Action\MemberAction.class.php 第 71 行.
NOTIC: [8] Undefined variable: data D:\wamp\www\guoji\yunwang\Api\AppApi\Lib\Action\MemberAction.class.php 第 75 行.

[ 2015-06-27T12:24:13+08:00 ] 127.0.0.1 /guoji/yunwang/api/index.php/Member
INFO: [ route_check ] --START--
INFO: CheckRoute Behavior ::run [ RunTime:0.000701s ]
INFO: [ route_check ] --END-- [ RunTime:0.000783s ]
INFO: [ app_begin ] --START--
INFO: ReadHtmlCache Behavior ::run [ RunTime:0.000564s ]
INFO: [ app_begin ] --END-- [ RunTime:0.000633s ]
NOTIC: [2048] Declaration of MemberAction::show() should be compatible with that of Action::show() D:\wamp\www\guoji\yunwang\Api\AppApi\Lib\Action\MemberAction.class.php 第 414 行.
SQL: SHOW COLUMNS FROM `zy_member` [ RunTime:0.003531s ]
NOTIC: [8] Undefined index: id D:\wamp\www\guoji\yunwang\Api\AppApi\Lib\Action\MemberAction.class.php 第 63 行.
NOTIC: [8] Undefined index: utype D:\wamp\www\guoji\yunwang\Api\AppApi\Lib\Action\MemberAction.class.php 第 67 行.
NOTIC: [8] Undefined index: username D:\wamp\www\guoji\yunwang\Api\AppApi\Lib\Action\MemberAction.class.php 第 71 行.
NOTIC: [8] Undefined variable: data D:\wamp\www\guoji\yunwang\Api\AppApi\Lib\Action\MemberAction.class.php 第 75 行.

[ 2015-06-27T12:24:14+08:00 ] 127.0.0.1 /guoji/yunwang/api/index.php/Member
INFO: [ route_check ] --START--
INFO: CheckRoute Behavior ::run [ RunTime:0.000851s ]
INFO: [ route_check ] --END-- [ RunTime:0.000981s ]
INFO: [ app_begin ] --START--
INFO: ReadHtmlCache Behavior ::run [ RunTime:0.000617s ]
INFO: [ app_begin ] --END-- [ RunTime:0.000684s ]
NOTIC: [2048] Declaration of MemberAction::show() should be compatible with that of Action::show() D:\wamp\www\guoji\yunwang\Api\AppApi\Lib\Action\MemberAction.class.php 第 414 行.
SQL: SHOW COLUMNS FROM `zy_member` [ RunTime:0.002875s ]
NOTIC: [8] Undefined index: id D:\wamp\www\guoji\yunwang\Api\AppApi\Lib\Action\MemberAction.class.php 第 63 行.
NOTIC: [8] Undefined index: utype D:\wamp\www\guoji\yunwang\Api\AppApi\Lib\Action\MemberAction.class.php 第 67 行.
NOTIC: [8] Undefined index: username D:\wamp\www\guoji\yunwang\Api\AppApi\Lib\Action\MemberAction.class.php 第 71 行.
NOTIC: [8] Undefined variable: data D:\wamp\www\guoji\yunwang\Api\AppApi\Lib\Action\MemberAction.class.php 第 75 行.

[ 2015-06-27T12:24:14+08:00 ] 127.0.0.1 /guoji/yunwang/api/index.php/Member
INFO: [ route_check ] --START--
INFO: CheckRoute Behavior ::run [ RunTime:0.000744s ]
INFO: [ route_check ] --END-- [ RunTime:0.000826s ]
INFO: [ app_begin ] --START--
INFO: ReadHtmlCache Behavior ::run [ RunTime:0.000609s ]
INFO: [ app_begin ] --END-- [ RunTime:0.000677s ]
NOTIC: [2048] Declaration of MemberAction::show() should be compatible with that of Action::show() D:\wamp\www\guoji\yunwang\Api\AppApi\Lib\Action\MemberAction.class.php 第 414 行.
SQL: SHOW COLUMNS FROM `zy_member` [ RunTime:0.004125s ]
NOTIC: [8] Undefined index: id D:\wamp\www\guoji\yunwang\Api\AppApi\Lib\Action\MemberAction.class.php 第 63 行.
NOTIC: [8] Undefined index: utype D:\wamp\www\guoji\yunwang\Api\AppApi\Lib\Action\MemberAction.class.php 第 67 行.
NOTIC: [8] Undefined index: username D:\wamp\www\guoji\yunwang\Api\AppApi\Lib\Action\MemberAction.class.php 第 71 行.
NOTIC: [8] Undefined variable: data D:\wamp\www\guoji\yunwang\Api\AppApi\Lib\Action\MemberAction.class.php 第 75 行.

[ 2015-06-27T12:24:14+08:00 ] 127.0.0.1 /guoji/yunwang/api/index.php/Member
INFO: [ route_check ] --START--
INFO: CheckRoute Behavior ::run [ RunTime:0.000755s ]
INFO: [ route_check ] --END-- [ RunTime:0.000835s ]
INFO: [ app_begin ] --START--
INFO: ReadHtmlCache Behavior ::run [ RunTime:0.000607s ]
INFO: [ app_begin ] --END-- [ RunTime:0.000676s ]
NOTIC: [2048] Declaration of MemberAction::show() should be compatible with that of Action::show() D:\wamp\www\guoji\yunwang\Api\AppApi\Lib\Action\MemberAction.class.php 第 414 行.
SQL: SHOW COLUMNS FROM `zy_member` [ RunTime:0.004771s ]
NOTIC: [8] Undefined index: id D:\wamp\www\guoji\yunwang\Api\AppApi\Lib\Action\MemberAction.class.php 第 63 行.
NOTIC: [8] Undefined index: utype D:\wamp\www\guoji\yunwang\Api\AppApi\Lib\Action\MemberAction.class.php 第 67 行.
NOTIC: [8] Undefined index: username D:\wamp\www\guoji\yunwang\Api\AppApi\Lib\Action\MemberAction.class.php 第 71 行.
NOTIC: [8] Undefined variable: data D:\wamp\www\guoji\yunwang\Api\AppApi\Lib\Action\MemberAction.class.php 第 75 行.

[ 2015-06-27T12:24:24+08:00 ] 127.0.0.1 /guoji/yunwang/api/index.php/Member
INFO: [ route_check ] --START--
INFO: CheckRoute Behavior ::run [ RunTime:0.000771s ]
INFO: [ route_check ] --END-- [ RunTime:0.000863s ]
INFO: [ app_begin ] --START--
INFO: ReadHtmlCache Behavior ::run [ RunTime:0.000620s ]
INFO: [ app_begin ] --END-- [ RunTime:0.000690s ]
NOTIC: [2048] Declaration of MemberAction::show() should be compatible with that of Action::show() D:\wamp\www\guoji\yunwang\Api\AppApi\Lib\Action\MemberAction.class.php 第 414 行.
SQL: SHOW COLUMNS FROM `zy_member` [ RunTime:0.002796s ]
NOTIC: [8] Undefined index: id D:\wamp\www\guoji\yunwang\Api\AppApi\Lib\Action\MemberAction.class.php 第 63 行.
NOTIC: [8] Undefined index: utype D:\wamp\www\guoji\yunwang\Api\AppApi\Lib\Action\MemberAction.class.php 第 67 行.
NOTIC: [8] Undefined index: username D:\wamp\www\guoji\yunwang\Api\AppApi\Lib\Action\MemberAction.class.php 第 71 行.
NOTIC: [8] Undefined variable: data D:\wamp\www\guoji\yunwang\Api\AppApi\Lib\Action\MemberAction.class.php 第 75 行.

[ 2015-06-27T12:24:24+08:00 ] 127.0.0.1 /guoji/yunwang/api/index.php/Member
INFO: [ route_check ] --START--
INFO: CheckRoute Behavior ::run [ RunTime:0.000758s ]
INFO: [ route_check ] --END-- [ RunTime:0.000840s ]
INFO: [ app_begin ] --START--
INFO: ReadHtmlCache Behavior ::run [ RunTime:0.000644s ]
INFO: [ app_begin ] --END-- [ RunTime:0.000712s ]
NOTIC: [2048] Declaration of MemberAction::show() should be compatible with that of Action::show() D:\wamp\www\guoji\yunwang\Api\AppApi\Lib\Action\MemberAction.class.php 第 414 行.
SQL: SHOW COLUMNS FROM `zy_member` [ RunTime:0.004565s ]
NOTIC: [8] Undefined index: id D:\wamp\www\guoji\yunwang\Api\AppApi\Lib\Action\MemberAction.class.php 第 63 行.
NOTIC: [8] Undefined index: utype D:\wamp\www\guoji\yunwang\Api\AppApi\Lib\Action\MemberAction.class.php 第 67 行.
NOTIC: [8] Undefined index: username D:\wamp\www\guoji\yunwang\Api\AppApi\Lib\Action\MemberAction.class.php 第 71 行.
NOTIC: [8] Undefined variable: data D:\wamp\www\guoji\yunwang\Api\AppApi\Lib\Action\MemberAction.class.php 第 75 行.

[ 2015-06-27T12:24:24+08:00 ] 127.0.0.1 /guoji/yunwang/api/index.php/Member
INFO: [ route_check ] --START--
INFO: CheckRoute Behavior ::run [ RunTime:0.000718s ]
INFO: [ route_check ] --END-- [ RunTime:0.000803s ]
INFO: [ app_begin ] --START--
INFO: ReadHtmlCache Behavior ::run [ RunTime:0.000788s ]
INFO: [ app_begin ] --END-- [ RunTime:0.000862s ]
NOTIC: [2048] Declaration of MemberAction::show() should be compatible with that of Action::show() D:\wamp\www\guoji\yunwang\Api\AppApi\Lib\Action\MemberAction.class.php 第 414 行.
SQL: SHOW COLUMNS FROM `zy_member` [ RunTime:0.003333s ]
NOTIC: [8] Undefined index: id D:\wamp\www\guoji\yunwang\Api\AppApi\Lib\Action\MemberAction.class.php 第 63 行.
NOTIC: [8] Undefined index: utype D:\wamp\www\guoji\yunwang\Api\AppApi\Lib\Action\MemberAction.class.php 第 67 行.
NOTIC: [8] Undefined index: username D:\wamp\www\guoji\yunwang\Api\AppApi\Lib\Action\MemberAction.class.php 第 71 行.
NOTIC: [8] Undefined variable: data D:\wamp\www\guoji\yunwang\Api\AppApi\Lib\Action\MemberAction.class.php 第 75 行.

[ 2015-06-27T12:24:24+08:00 ] 127.0.0.1 /guoji/yunwang/api/index.php/Member
INFO: [ route_check ] --START--
INFO: CheckRoute Behavior ::run [ RunTime:0.000790s ]
INFO: [ route_check ] --END-- [ RunTime:0.000900s ]
INFO: [ app_begin ] --START--
INFO: ReadHtmlCache Behavior ::run [ RunTime:0.000655s ]
INFO: [ app_begin ] --END-- [ RunTime:0.000725s ]
NOTIC: [2048] Declaration of MemberAction::show() should be compatible with that of Action::show() D:\wamp\www\guoji\yunwang\Api\AppApi\Lib\Action\MemberAction.class.php 第 414 行.
SQL: SHOW COLUMNS FROM `zy_member` [ RunTime:0.003978s ]
NOTIC: [8] Undefined index: id D:\wamp\www\guoji\yunwang\Api\AppApi\Lib\Action\MemberAction.class.php 第 63 行.
NOTIC: [8] Undefined index: utype D:\wamp\www\guoji\yunwang\Api\AppApi\Lib\Action\MemberAction.class.php 第 67 行.
NOTIC: [8] Undefined index: username D:\wamp\www\guoji\yunwang\Api\AppApi\Lib\Action\MemberAction.class.php 第 71 行.
NOTIC: [8] Undefined variable: data D:\wamp\www\guoji\yunwang\Api\AppApi\Lib\Action\MemberAction.class.php 第 75 行.

[ 2015-06-27T12:24:25+08:00 ] 127.0.0.1 /guoji/yunwang/api/index.php/Member
INFO: [ route_check ] --START--
INFO: CheckRoute Behavior ::run [ RunTime:0.000844s ]
INFO: [ route_check ] --END-- [ RunTime:0.000943s ]
INFO: [ app_begin ] --START--
INFO: ReadHtmlCache Behavior ::run [ RunTime:0.001033s ]
INFO: [ app_begin ] --END-- [ RunTime:0.001116s ]
NOTIC: [2048] Declaration of MemberAction::show() should be compatible with that of Action::show() D:\wamp\www\guoji\yunwang\Api\AppApi\Lib\Action\MemberAction.class.php 第 414 行.
SQL: SHOW COLUMNS FROM `zy_member` [ RunTime:0.002911s ]
NOTIC: [8] Undefined index: id D:\wamp\www\guoji\yunwang\Api\AppApi\Lib\Action\MemberAction.class.php 第 63 行.
NOTIC: [8] Undefined index: utype D:\wamp\www\guoji\yunwang\Api\AppApi\Lib\Action\MemberAction.class.php 第 67 行.
NOTIC: [8] Undefined index: username D:\wamp\www\guoji\yunwang\Api\AppApi\Lib\Action\MemberAction.class.php 第 71 行.
NOTIC: [8] Undefined variable: data D:\wamp\www\guoji\yunwang\Api\AppApi\Lib\Action\MemberAction.class.php 第 75 行.

[ 2015-06-27T12:24:25+08:00 ] 127.0.0.1 /guoji/yunwang/api/index.php/Member
INFO: [ route_check ] --START--
INFO: CheckRoute Behavior ::run [ RunTime:0.000780s ]
INFO: [ route_check ] --END-- [ RunTime:0.000867s ]
INFO: [ app_begin ] --START--
INFO: ReadHtmlCache Behavior ::run [ RunTime:0.000699s ]
INFO: [ app_begin ] --END-- [ RunTime:0.000782s ]
NOTIC: [2048] Declaration of MemberAction::show() should be compatible with that of Action::show() D:\wamp\www\guoji\yunwang\Api\AppApi\Lib\Action\MemberAction.class.php 第 414 行.
SQL: SHOW COLUMNS FROM `zy_member` [ RunTime:0.004279s ]
NOTIC: [8] Undefined index: id D:\wamp\www\guoji\yunwang\Api\AppApi\Lib\Action\MemberAction.class.php 第 63 行.
NOTIC: [8] Undefined index: utype D:\wamp\www\guoji\yunwang\Api\AppApi\Lib\Action\MemberAction.class.php 第 67 行.
NOTIC: [8] Undefined index: username D:\wamp\www\guoji\yunwang\Api\AppApi\Lib\Action\MemberAction.class.php 第 71 行.
NOTIC: [8] Undefined variable: data D:\wamp\www\guoji\yunwang\Api\AppApi\Lib\Action\MemberAction.class.php 第 75 行.

[ 2015-06-27T12:24:25+08:00 ] 127.0.0.1 /guoji/yunwang/api/index.php/Member
INFO: [ route_check ] --START--
INFO: CheckRoute Behavior ::run [ RunTime:0.001056s ]
INFO: [ route_check ] --END-- [ RunTime:0.001158s ]
INFO: [ app_begin ] --START--
INFO: ReadHtmlCache Behavior ::run [ RunTime:0.000651s ]
INFO: [ app_begin ] --END-- [ RunTime:0.000725s ]
NOTIC: [2048] Declaration of MemberAction::show() should be compatible with that of Action::show() D:\wamp\www\guoji\yunwang\Api\AppApi\Lib\Action\MemberAction.class.php 第 414 行.
SQL: SHOW COLUMNS FROM `zy_member` [ RunTime:0.002818s ]
NOTIC: [8] Undefined index: id D:\wamp\www\guoji\yunwang\Api\AppApi\Lib\Action\MemberAction.class.php 第 63 行.
NOTIC: [8] Undefined index: utype D:\wamp\www\guoji\yunwang\Api\AppApi\Lib\Action\MemberAction.class.php 第 67 行.
NOTIC: [8] Undefined index: username D:\wamp\www\guoji\yunwang\Api\AppApi\Lib\Action\MemberAction.class.php 第 71 行.
NOTIC: [8] Undefined variable: data D:\wamp\www\guoji\yunwang\Api\AppApi\Lib\Action\MemberAction.class.php 第 75 行.

[ 2015-06-27T12:24:29+08:00 ] 127.0.0.1 /guoji/yunwang/api/index.php/Member
INFO: [ route_check ] --START--
INFO: CheckRoute Behavior ::run [ RunTime:0.000825s ]
INFO: [ route_check ] --END-- [ RunTime:0.000966s ]
INFO: [ app_begin ] --START--
INFO: ReadHtmlCache Behavior ::run [ RunTime:0.000683s ]
INFO: [ app_begin ] --END-- [ RunTime:0.000752s ]
NOTIC: [2048] Declaration of MemberAction::show() should be compatible with that of Action::show() D:\wamp\www\guoji\yunwang\Api\AppApi\Lib\Action\MemberAction.class.php 第 414 行.
SQL: SHOW COLUMNS FROM `zy_member` [ RunTime:0.002806s ]
NOTIC: [8] Undefined index: id D:\wamp\www\guoji\yunwang\Api\AppApi\Lib\Action\MemberAction.class.php 第 63 行.
NOTIC: [8] Undefined index: utype D:\wamp\www\guoji\yunwang\Api\AppApi\Lib\Action\MemberAction.class.php 第 67 行.
NOTIC: [8] Undefined index: username D:\wamp\www\guoji\yunwang\Api\AppApi\Lib\Action\MemberAction.class.php 第 71 行.
NOTIC: [8] Undefined variable: data D:\wamp\www\guoji\yunwang\Api\AppApi\Lib\Action\MemberAction.class.php 第 75 行.
NOTIC: [8] Undefined variable: asc D:\wamp\www\guoji\yunwang\Api\AppApi\Lib\Action\MemberAction.class.php 第 19 行.

[ 2015-06-27T12:24:30+08:00 ] 127.0.0.1 /guoji/yunwang/api/index.php/Member
INFO: [ route_check ] --START--
INFO: CheckRoute Behavior ::run [ RunTime:0.000799s ]
INFO: [ route_check ] --END-- [ RunTime:0.000879s ]
INFO: [ app_begin ] --START--
INFO: ReadHtmlCache Behavior ::run [ RunTime:0.000646s ]
INFO: [ app_begin ] --END-- [ RunTime:0.000715s ]
NOTIC: [2048] Declaration of MemberAction::show() should be compatible with that of Action::show() D:\wamp\www\guoji\yunwang\Api\AppApi\Lib\Action\MemberAction.class.php 第 414 行.
SQL: SHOW COLUMNS FROM `zy_member` [ RunTime:0.004408s ]
NOTIC: [8] Undefined index: id D:\wamp\www\guoji\yunwang\Api\AppApi\Lib\Action\MemberAction.class.php 第 63 行.
NOTIC: [8] Undefined index: utype D:\wamp\www\guoji\yunwang\Api\AppApi\Lib\Action\MemberAction.class.php 第 67 行.
NOTIC: [8] Undefined index: username D:\wamp\www\guoji\yunwang\Api\AppApi\Lib\Action\MemberAction.class.php 第 71 行.
NOTIC: [8] Undefined variable: data D:\wamp\www\guoji\yunwang\Api\AppApi\Lib\Action\MemberAction.class.php 第 75 行.
NOTIC: [8] Undefined variable: asc D:\wamp\www\guoji\yunwang\Api\AppApi\Lib\Action\MemberAction.class.php 第 19 行.

[ 2015-06-27T12:24:30+08:00 ] 127.0.0.1 /guoji/yunwang/api/index.php/Member
INFO: [ route_check ] --START--
INFO: CheckRoute Behavior ::run [ RunTime:0.000714s ]
INFO: [ route_check ] --END-- [ RunTime:0.000802s ]
INFO: [ app_begin ] --START--
INFO: ReadHtmlCache Behavior ::run [ RunTime:0.000625s ]
INFO: [ app_begin ] --END-- [ RunTime:0.000693s ]
NOTIC: [2048] Declaration of MemberAction::show() should be compatible with that of Action::show() D:\wamp\www\guoji\yunwang\Api\AppApi\Lib\Action\MemberAction.class.php 第 414 行.
SQL: SHOW COLUMNS FROM `zy_member` [ RunTime:0.004204s ]
NOTIC: [8] Undefined index: id D:\wamp\www\guoji\yunwang\Api\AppApi\Lib\Action\MemberAction.class.php 第 63 行.
NOTIC: [8] Undefined index: utype D:\wamp\www\guoji\yunwang\Api\AppApi\Lib\Action\MemberAction.class.php 第 67 行.
NOTIC: [8] Undefined index: username D:\wamp\www\guoji\yunwang\Api\AppApi\Lib\Action\MemberAction.class.php 第 71 行.
NOTIC: [8] Undefined variable: data D:\wamp\www\guoji\yunwang\Api\AppApi\Lib\Action\MemberAction.class.php 第 75 行.
NOTIC: [8] Undefined variable: asc D:\wamp\www\guoji\yunwang\Api\AppApi\Lib\Action\MemberAction.class.php 第 19 行.

[ 2015-06-27T12:24:30+08:00 ] 127.0.0.1 /guoji/yunwang/api/index.php/Member
INFO: [ route_check ] --START--
INFO: CheckRoute Behavior ::run [ RunTime:0.000966s ]
INFO: [ route_check ] --END-- [ RunTime:0.001118s ]
INFO: [ app_begin ] --START--
INFO: ReadHtmlCache Behavior ::run [ RunTime:0.000651s ]
INFO: [ app_begin ] --END-- [ RunTime:0.000720s ]
NOTIC: [2048] Declaration of MemberAction::show() should be compatible with that of Action::show() D:\wamp\www\guoji\yunwang\Api\AppApi\Lib\Action\MemberAction.class.php 第 414 行.
SQL: SHOW COLUMNS FROM `zy_member` [ RunTime:0.002907s ]
NOTIC: [8] Undefined index: id D:\wamp\www\guoji\yunwang\Api\AppApi\Lib\Action\MemberAction.class.php 第 63 行.
NOTIC: [8] Undefined index: utype D:\wamp\www\guoji\yunwang\Api\AppApi\Lib\Action\MemberAction.class.php 第 67 行.
NOTIC: [8] Undefined index: username D:\wamp\www\guoji\yunwang\Api\AppApi\Lib\Action\MemberAction.class.php 第 71 行.
NOTIC: [8] Undefined variable: data D:\wamp\www\guoji\yunwang\Api\AppApi\Lib\Action\MemberAction.class.php 第 75 行.
NOTIC: [8] Undefined variable: asc D:\wamp\www\guoji\yunwang\Api\AppApi\Lib\Action\MemberAction.class.php 第 19 行.

[ 2015-06-27T12:24:30+08:00 ] 127.0.0.1 /guoji/yunwang/api/index.php/Member
INFO: [ route_check ] --START--
INFO: CheckRoute Behavior ::run [ RunTime:0.000920s ]
INFO: [ route_check ] --END-- [ RunTime:0.001018s ]
INFO: [ app_begin ] --START--
INFO: ReadHtmlCache Behavior ::run [ RunTime:0.000666s ]
INFO: [ app_begin ] --END-- [ RunTime:0.000739s ]
NOTIC: [2048] Declaration of MemberAction::show() should be compatible with that of Action::show() D:\wamp\www\guoji\yunwang\Api\AppApi\Lib\Action\MemberAction.class.php 第 414 行.
SQL: SHOW COLUMNS FROM `zy_member` [ RunTime:0.002802s ]
NOTIC: [8] Undefined index: id D:\wamp\www\guoji\yunwang\Api\AppApi\Lib\Action\MemberAction.class.php 第 63 行.
NOTIC: [8] Undefined index: utype D:\wamp\www\guoji\yunwang\Api\AppApi\Lib\Action\MemberAction.class.php 第 67 行.
NOTIC: [8] Undefined index: username D:\wamp\www\guoji\yunwang\Api\AppApi\Lib\Action\MemberAction.class.php 第 71 行.
NOTIC: [8] Undefined variable: data D:\wamp\www\guoji\yunwang\Api\AppApi\Lib\Action\MemberAction.class.php 第 75 行.
NOTIC: [8] Undefined variable: asc D:\wamp\www\guoji\yunwang\Api\AppApi\Lib\Action\MemberAction.class.php 第 19 行.

[ 2015-06-27T12:24:30+08:00 ] 127.0.0.1 /guoji/yunwang/api/index.php/Member
INFO: [ route_check ] --START--
INFO: CheckRoute Behavior ::run [ RunTime:0.000771s ]
INFO: [ route_check ] --END-- [ RunTime:0.000860s ]
INFO: [ app_begin ] --START--
INFO: ReadHtmlCache Behavior ::run [ RunTime:0.000627s ]
INFO: [ app_begin ] --END-- [ RunTime:0.000695s ]
NOTIC: [2048] Declaration of MemberAction::show() should be compatible with that of Action::show() D:\wamp\www\guoji\yunwang\Api\AppApi\Lib\Action\MemberAction.class.php 第 414 行.
SQL: SHOW COLUMNS FROM `zy_member` [ RunTime:0.003304s ]
NOTIC: [8] Undefined index: id D:\wamp\www\guoji\yunwang\Api\AppApi\Lib\Action\MemberAction.class.php 第 63 行.
NOTIC: [8] Undefined index: utype D:\wamp\www\guoji\yunwang\Api\AppApi\Lib\Action\MemberAction.class.php 第 67 行.
NOTIC: [8] Undefined index: username D:\wamp\www\guoji\yunwang\Api\AppApi\Lib\Action\MemberAction.class.php 第 71 行.
NOTIC: [8] Undefined variable: data D:\wamp\www\guoji\yunwang\Api\AppApi\Lib\Action\MemberAction.class.php 第 75 行.
NOTIC: [8] Undefined variable: asc D:\wamp\www\guoji\yunwang\Api\AppApi\Lib\Action\MemberAction.class.php 第 19 行.

[ 2015-06-27T12:24:31+08:00 ] 127.0.0.1 /guoji/yunwang/api/index.php/Member
INFO: [ route_check ] --START--
INFO: CheckRoute Behavior ::run [ RunTime:0.000763s ]
INFO: [ route_check ] --END-- [ RunTime:0.000844s ]
INFO: [ app_begin ] --START--
INFO: ReadHtmlCache Behavior ::run [ RunTime:0.000617s ]
INFO: [ app_begin ] --END-- [ RunTime:0.000684s ]
NOTIC: [2048] Declaration of MemberAction::show() should be compatible with that of Action::show() D:\wamp\www\guoji\yunwang\Api\AppApi\Lib\Action\MemberAction.class.php 第 414 行.
SQL: SHOW COLUMNS FROM `zy_member` [ RunTime:0.005489s ]
NOTIC: [8] Undefined index: id D:\wamp\www\guoji\yunwang\Api\AppApi\Lib\Action\MemberAction.class.php 第 63 行.
NOTIC: [8] Undefined index: utype D:\wamp\www\guoji\yunwang\Api\AppApi\Lib\Action\MemberAction.class.php 第 67 行.
NOTIC: [8] Undefined index: username D:\wamp\www\guoji\yunwang\Api\AppApi\Lib\Action\MemberAction.class.php 第 71 行.
NOTIC: [8] Undefined variable: data D:\wamp\www\guoji\yunwang\Api\AppApi\Lib\Action\MemberAction.class.php 第 75 行.
NOTIC: [8] Undefined variable: asc D:\wamp\www\guoji\yunwang\Api\AppApi\Lib\Action\MemberAction.class.php 第 19 行.

[ 2015-06-27T12:24:31+08:00 ] 127.0.0.1 /guoji/yunwang/api/index.php/Member
INFO: [ route_check ] --START--
INFO: CheckRoute Behavior ::run [ RunTime:0.000799s ]
INFO: [ route_check ] --END-- [ RunTime:0.000888s ]
INFO: [ app_begin ] --START--
INFO: ReadHtmlCache Behavior ::run [ RunTime:0.000761s ]
INFO: [ app_begin ] --END-- [ RunTime:0.000833s ]
NOTIC: [2048] Declaration of MemberAction::show() should be compatible with that of Action::show() D:\wamp\www\guoji\yunwang\Api\AppApi\Lib\Action\MemberAction.class.php 第 414 行.
SQL: SHOW COLUMNS FROM `zy_member` [ RunTime:0.004824s ]
NOTIC: [8] Undefined index: id D:\wamp\www\guoji\yunwang\Api\AppApi\Lib\Action\MemberAction.class.php 第 63 行.
NOTIC: [8] Undefined index: utype D:\wamp\www\guoji\yunwang\Api\AppApi\Lib\Action\MemberAction.class.php 第 67 行.
NOTIC: [8] Undefined index: username D:\wamp\www\guoji\yunwang\Api\AppApi\Lib\Action\MemberAction.class.php 第 71 行.
NOTIC: [8] Undefined variable: data D:\wamp\www\guoji\yunwang\Api\AppApi\Lib\Action\MemberAction.class.php 第 75 行.
NOTIC: [8] Undefined variable: asc D:\wamp\www\guoji\yunwang\Api\AppApi\Lib\Action\MemberAction.class.php 第 19 行.

[ 2015-06-27T12:24:31+08:00 ] 127.0.0.1 /guoji/yunwang/api/index.php/Member
INFO: [ route_check ] --START--
INFO: CheckRoute Behavior ::run [ RunTime:0.000780s ]
INFO: [ route_check ] --END-- [ RunTime:0.000862s ]
INFO: [ app_begin ] --START--
INFO: ReadHtmlCache Behavior ::run [ RunTime:0.000659s ]
INFO: [ app_begin ] --END-- [ RunTime:0.000727s ]
NOTIC: [2048] Declaration of MemberAction::show() should be compatible with that of Action::show() D:\wamp\www\guoji\yunwang\Api\AppApi\Lib\Action\MemberAction.class.php 第 414 行.
SQL: SHOW COLUMNS FROM `zy_member` [ RunTime:0.004011s ]
NOTIC: [8] Undefined index: id D:\wamp\www\guoji\yunwang\Api\AppApi\Lib\Action\MemberAction.class.php 第 63 行.
NOTIC: [8] Undefined index: utype D:\wamp\www\guoji\yunwang\Api\AppApi\Lib\Action\MemberAction.class.php 第 67 行.
NOTIC: [8] Undefined index: username D:\wamp\www\guoji\yunwang\Api\AppApi\Lib\Action\MemberAction.class.php 第 71 行.
NOTIC: [8] Undefined variable: data D:\wamp\www\guoji\yunwang\Api\AppApi\Lib\Action\MemberAction.class.php 第 75 行.
NOTIC: [8] Undefined variable: asc D:\wamp\www\guoji\yunwang\Api\AppApi\Lib\Action\MemberAction.class.php 第 19 行.

[ 2015-06-27T12:24:31+08:00 ] 127.0.0.1 /guoji/yunwang/api/index.php/Member
INFO: [ route_check ] --START--
INFO: CheckRoute Behavior ::run [ RunTime:0.000859s ]
INFO: [ route_check ] --END-- [ RunTime:0.000959s ]
INFO: [ app_begin ] --START--
INFO: ReadHtmlCache Behavior ::run [ RunTime:0.000658s ]
INFO: [ app_begin ] --END-- [ RunTime:0.000726s ]
NOTIC: [2048] Declaration of MemberAction::show() should be compatible with that of Action::show() D:\wamp\www\guoji\yunwang\Api\AppApi\Lib\Action\MemberAction.class.php 第 414 行.
SQL: SHOW COLUMNS FROM `zy_member` [ RunTime:0.003959s ]
NOTIC: [8] Undefined index: id D:\wamp\www\guoji\yunwang\Api\AppApi\Lib\Action\MemberAction.class.php 第 63 行.
NOTIC: [8] Undefined index: utype D:\wamp\www\guoji\yunwang\Api\AppApi\Lib\Action\MemberAction.class.php 第 67 行.
NOTIC: [8] Undefined index: username D:\wamp\www\guoji\yunwang\Api\AppApi\Lib\Action\MemberAction.class.php 第 71 行.
NOTIC: [8] Undefined variable: data D:\wamp\www\guoji\yunwang\Api\AppApi\Lib\Action\MemberAction.class.php 第 75 行.
NOTIC: [8] Undefined variable: asc D:\wamp\www\guoji\yunwang\Api\AppApi\Lib\Action\MemberAction.class.php 第 19 行.

[ 2015-06-27T12:24:37+08:00 ] 127.0.0.1 /guoji/yunwang/api/index.php/Member
INFO: [ route_check ] --START--
INFO: CheckRoute Behavior ::run [ RunTime:0.000752s ]
INFO: [ route_check ] --END-- [ RunTime:0.000834s ]
INFO: [ app_begin ] --START--
INFO: ReadHtmlCache Behavior ::run [ RunTime:0.000581s ]
INFO: [ app_begin ] --END-- [ RunTime:0.000649s ]
NOTIC: [2048] Declaration of MemberAction::show() should be compatible with that of Action::show() D:\wamp\www\guoji\yunwang\Api\AppApi\Lib\Action\MemberAction.class.php 第 414 行.
SQL: SHOW COLUMNS FROM `zy_member` [ RunTime:0.003297s ]
NOTIC: [8] Undefined index: id D:\wamp\www\guoji\yunwang\Api\AppApi\Lib\Action\MemberAction.class.php 第 63 行.
NOTIC: [8] Undefined index: utype D:\wamp\www\guoji\yunwang\Api\AppApi\Lib\Action\MemberAction.class.php 第 67 行.
NOTIC: [8] Undefined index: username D:\wamp\www\guoji\yunwang\Api\AppApi\Lib\Action\MemberAction.class.php 第 71 行.
NOTIC: [8] Undefined variable: data D:\wamp\www\guoji\yunwang\Api\AppApi\Lib\Action\MemberAction.class.php 第 75 行.
NOTIC: [8] Undefined variable: asc D:\wamp\www\guoji\yunwang\Api\AppApi\Lib\Action\MemberAction.class.php 第 19 行.
SQL: SELECT COUNT(*) AS tp_count FROM `zy_member` LIMIT 1   [ RunTime:0.000300s ]
NOTIC: [8] Undefined index: page_size D:\wamp\www\guoji\yunwang\Api\AppApi\Lib\Action\MemberAction.class.php 第 23 行.
SQL: SELECT a.id,a.utype,a.username,a.realname,a.create_time,a.status,`province`,`city`,`district`,b.balance,b.frozen,`lv_name`,`bus_lv_name` FROM `zy_member` as a LEFT JOIN `zy_member_wallet` as b on a.id=b.member_id ORDER BY `id` desc LIMIT 0,20   [ RunTime:0.000591s ]

[ 2015-06-27T12:24:37+08:00 ] 127.0.0.1 /guoji/yunwang/api/index.php/Member
INFO: [ route_check ] --START--
INFO: CheckRoute Behavior ::run [ RunTime:0.000723s ]
INFO: [ route_check ] --END-- [ RunTime:0.000807s ]
INFO: [ app_begin ] --START--
INFO: ReadHtmlCache Behavior ::run [ RunTime:0.000583s ]
INFO: [ app_begin ] --END-- [ RunTime:0.000651s ]
NOTIC: [2048] Declaration of MemberAction::show() should be compatible with that of Action::show() D:\wamp\www\guoji\yunwang\Api\AppApi\Lib\Action\MemberAction.class.php 第 414 行.
SQL: SHOW COLUMNS FROM `zy_member` [ RunTime:0.004783s ]
NOTIC: [8] Undefined index: id D:\wamp\www\guoji\yunwang\Api\AppApi\Lib\Action\MemberAction.class.php 第 63 行.
NOTIC: [8] Undefined index: utype D:\wamp\www\guoji\yunwang\Api\AppApi\Lib\Action\MemberAction.class.php 第 67 行.
NOTIC: [8] Undefined index: username D:\wamp\www\guoji\yunwang\Api\AppApi\Lib\Action\MemberAction.class.php 第 71 行.
NOTIC: [8] Undefined variable: data D:\wamp\www\guoji\yunwang\Api\AppApi\Lib\Action\MemberAction.class.php 第 75 行.
NOTIC: [8] Undefined variable: asc D:\wamp\www\guoji\yunwang\Api\AppApi\Lib\Action\MemberAction.class.php 第 19 行.
SQL: SELECT COUNT(*) AS tp_count FROM `zy_member` LIMIT 1   [ RunTime:0.000240s ]
NOTIC: [8] Undefined index: page_size D:\wamp\www\guoji\yunwang\Api\AppApi\Lib\Action\MemberAction.class.php 第 23 行.
SQL: SELECT a.id,a.utype,a.username,a.realname,a.create_time,a.status,`province`,`city`,`district`,b.balance,b.frozen,`lv_name`,`bus_lv_name` FROM `zy_member` as a LEFT JOIN `zy_member_wallet` as b on a.id=b.member_id ORDER BY `id` desc LIMIT 0,20   [ RunTime:0.000581s ]

[ 2015-06-27T12:24:37+08:00 ] 127.0.0.1 /guoji/yunwang/api/index.php/Member
INFO: [ route_check ] --START--
INFO: CheckRoute Behavior ::run [ RunTime:0.000773s ]
INFO: [ route_check ] --END-- [ RunTime:0.000854s ]
INFO: [ app_begin ] --START--
INFO: ReadHtmlCache Behavior ::run [ RunTime:0.000636s ]
INFO: [ app_begin ] --END-- [ RunTime:0.000704s ]
NOTIC: [2048] Declaration of MemberAction::show() should be compatible with that of Action::show() D:\wamp\www\guoji\yunwang\Api\AppApi\Lib\Action\MemberAction.class.php 第 414 行.
SQL: SHOW COLUMNS FROM `zy_member` [ RunTime:0.004034s ]
NOTIC: [8] Undefined index: id D:\wamp\www\guoji\yunwang\Api\AppApi\Lib\Action\MemberAction.class.php 第 63 行.
NOTIC: [8] Undefined index: utype D:\wamp\www\guoji\yunwang\Api\AppApi\Lib\Action\MemberAction.class.php 第 67 行.
NOTIC: [8] Undefined index: username D:\wamp\www\guoji\yunwang\Api\AppApi\Lib\Action\MemberAction.class.php 第 71 行.
NOTIC: [8] Undefined variable: data D:\wamp\www\guoji\yunwang\Api\AppApi\Lib\Action\MemberAction.class.php 第 75 行.
NOTIC: [8] Undefined variable: asc D:\wamp\www\guoji\yunwang\Api\AppApi\Lib\Action\MemberAction.class.php 第 19 行.
SQL: SELECT COUNT(*) AS tp_count FROM `zy_member` LIMIT 1   [ RunTime:0.000230s ]
NOTIC: [8] Undefined index: page_size D:\wamp\www\guoji\yunwang\Api\AppApi\Lib\Action\MemberAction.class.php 第 23 行.
SQL: SELECT a.id,a.utype,a.username,a.realname,a.create_time,a.status,`province`,`city`,`district`,b.balance,b.frozen,`lv_name`,`bus_lv_name` FROM `zy_member` as a LEFT JOIN `zy_member_wallet` as b on a.id=b.member_id ORDER BY `id` desc LIMIT 0,20   [ RunTime:0.000522s ]

[ 2015-06-27T12:24:38+08:00 ] 127.0.0.1 /guoji/yunwang/api/index.php/Member
INFO: [ route_check ] --START--
INFO: CheckRoute Behavior ::run [ RunTime:0.000828s ]
INFO: [ route_check ] --END-- [ RunTime:0.000913s ]
INFO: [ app_begin ] --START--
INFO: ReadHtmlCache Behavior ::run [ RunTime:0.000756s ]
INFO: [ app_begin ] --END-- [ RunTime:0.000844s ]
NOTIC: [2048] Declaration of MemberAction::show() should be compatible with that of Action::show() D:\wamp\www\guoji\yunwang\Api\AppApi\Lib\Action\MemberAction.class.php 第 414 行.
SQL: SHOW COLUMNS FROM `zy_member` [ RunTime:0.003764s ]
NOTIC: [8] Undefined index: id D:\wamp\www\guoji\yunwang\Api\AppApi\Lib\Action\MemberAction.class.php 第 63 行.
NOTIC: [8] Undefined index: utype D:\wamp\www\guoji\yunwang\Api\AppApi\Lib\Action\MemberAction.class.php 第 67 行.
NOTIC: [8] Undefined index: username D:\wamp\www\guoji\yunwang\Api\AppApi\Lib\Action\MemberAction.class.php 第 71 行.
NOTIC: [8] Undefined variable: data D:\wamp\www\guoji\yunwang\Api\AppApi\Lib\Action\MemberAction.class.php 第 75 行.
NOTIC: [8] Undefined variable: asc D:\wamp\www\guoji\yunwang\Api\AppApi\Lib\Action\MemberAction.class.php 第 19 行.
SQL: SELECT COUNT(*) AS tp_count FROM `zy_member` LIMIT 1   [ RunTime:0.000251s ]
NOTIC: [8] Undefined index: page_size D:\wamp\www\guoji\yunwang\Api\AppApi\Lib\Action\MemberAction.class.php 第 23 行.
SQL: SELECT a.id,a.utype,a.username,a.realname,a.create_time,a.status,`province`,`city`,`district`,b.balance,b.frozen,`lv_name`,`bus_lv_name` FROM `zy_member` as a LEFT JOIN `zy_member_wallet` as b on a.id=b.member_id ORDER BY `id` desc LIMIT 0,20   [ RunTime:0.000532s ]

[ 2015-06-27T12:24:38+08:00 ] 127.0.0.1 /guoji/yunwang/api/index.php/Member
INFO: [ route_check ] --START--
INFO: CheckRoute Behavior ::run [ RunTime:0.001016s ]
INFO: [ route_check ] --END-- [ RunTime:0.001202s ]
INFO: [ app_begin ] --START--
INFO: ReadHtmlCache Behavior ::run [ RunTime:0.000675s ]
INFO: [ app_begin ] --END-- [ RunTime:0.000754s ]
NOTIC: [2048] Declaration of MemberAction::show() should be compatible with that of Action::show() D:\wamp\www\guoji\yunwang\Api\AppApi\Lib\Action\MemberAction.class.php 第 414 行.
SQL: SHOW COLUMNS FROM `zy_member` [ RunTime:0.002868s ]
NOTIC: [8] Undefined index: id D:\wamp\www\guoji\yunwang\Api\AppApi\Lib\Action\MemberAction.class.php 第 63 行.
NOTIC: [8] Undefined index: utype D:\wamp\www\guoji\yunwang\Api\AppApi\Lib\Action\MemberAction.class.php 第 67 行.
NOTIC: [8] Undefined index: username D:\wamp\www\guoji\yunwang\Api\AppApi\Lib\Action\MemberAction.class.php 第 71 行.
NOTIC: [8] Undefined variable: data D:\wamp\www\guoji\yunwang\Api\AppApi\Lib\Action\MemberAction.class.php 第 75 行.
NOTIC: [8] Undefined variable: asc D:\wamp\www\guoji\yunwang\Api\AppApi\Lib\Action\MemberAction.class.php 第 19 行.
SQL: SELECT COUNT(*) AS tp_count FROM `zy_member` LIMIT 1   [ RunTime:0.000264s ]
NOTIC: [8] Undefined index: page_size D:\wamp\www\guoji\yunwang\Api\AppApi\Lib\Action\MemberAction.class.php 第 23 行.
SQL: SELECT a.id,a.utype,a.username,a.realname,a.create_time,a.status,`province`,`city`,`district`,b.balance,b.frozen,`lv_name`,`bus_lv_name` FROM `zy_member` as a LEFT JOIN `zy_member_wallet` as b on a.id=b.member_id ORDER BY `id` desc LIMIT 0,20   [ RunTime:0.000533s ]

[ 2015-06-27T12:24:38+08:00 ] 127.0.0.1 /guoji/yunwang/api/index.php/Member
INFO: [ route_check ] --START--
INFO: CheckRoute Behavior ::run [ RunTime:0.000842s ]
INFO: [ route_check ] --END-- [ RunTime:0.000925s ]
INFO: [ app_begin ] --START--
INFO: ReadHtmlCache Behavior ::run [ RunTime:0.000611s ]
INFO: [ app_begin ] --END-- [ RunTime:0.000680s ]
NOTIC: [2048] Declaration of MemberAction::show() should be compatible with that of Action::show() D:\wamp\www\guoji\yunwang\Api\AppApi\Lib\Action\MemberAction.class.php 第 414 行.
SQL: SHOW COLUMNS FROM `zy_member` [ RunTime:0.002935s ]
NOTIC: [8] Undefined index: id D:\wamp\www\guoji\yunwang\Api\AppApi\Lib\Action\MemberAction.class.php 第 63 行.
NOTIC: [8] Undefined index: utype D:\wamp\www\guoji\yunwang\Api\AppApi\Lib\Action\MemberAction.class.php 第 67 行.
NOTIC: [8] Undefined index: username D:\wamp\www\guoji\yunwang\Api\AppApi\Lib\Action\MemberAction.class.php 第 71 行.
NOTIC: [8] Undefined variable: data D:\wamp\www\guoji\yunwang\Api\AppApi\Lib\Action\MemberAction.class.php 第 75 行.
NOTIC: [8] Undefined variable: asc D:\wamp\www\guoji\yunwang\Api\AppApi\Lib\Action\MemberAction.class.php 第 19 行.
SQL: SELECT COUNT(*) AS tp_count FROM `zy_member` LIMIT 1   [ RunTime:0.000250s ]
NOTIC: [8] Undefined index: page_size D:\wamp\www\guoji\yunwang\Api\AppApi\Lib\Action\MemberAction.class.php 第 23 行.
SQL: SELECT a.id,a.utype,a.username,a.realname,a.create_time,a.status,`province`,`city`,`district`,b.balance,b.frozen,`lv_name`,`bus_lv_name` FROM `zy_member` as a LEFT JOIN `zy_member_wallet` as b on a.id=b.member_id ORDER BY `id` desc LIMIT 0,20   [ RunTime:0.000812s ]

[ 2015-06-27T12:24:38+08:00 ] 127.0.0.1 /guoji/yunwang/api/index.php/Member
INFO: [ route_check ] --START--
INFO: CheckRoute Behavior ::run [ RunTime:0.001166s ]
INFO: [ route_check ] --END-- [ RunTime:0.001342s ]
INFO: [ app_begin ] --START--
INFO: ReadHtmlCache Behavior ::run [ RunTime:0.000750s ]
INFO: [ app_begin ] --END-- [ RunTime:0.000824s ]
NOTIC: [2048] Declaration of MemberAction::show() should be compatible with that of Action::show() D:\wamp\www\guoji\yunwang\Api\AppApi\Lib\Action\MemberAction.class.php 第 414 行.
SQL: SHOW COLUMNS FROM `zy_member` [ RunTime:0.002836s ]
NOTIC: [8] Undefined index: id D:\wamp\www\guoji\yunwang\Api\AppApi\Lib\Action\MemberAction.class.php 第 63 行.
NOTIC: [8] Undefined index: utype D:\wamp\www\guoji\yunwang\Api\AppApi\Lib\Action\MemberAction.class.php 第 67 行.
NOTIC: [8] Undefined index: username D:\wamp\www\guoji\yunwang\Api\AppApi\Lib\Action\MemberAction.class.php 第 71 行.
NOTIC: [8] Undefined variable: data D:\wamp\www\guoji\yunwang\Api\AppApi\Lib\Action\MemberAction.class.php 第 75 行.
NOTIC: [8] Undefined variable: asc D:\wamp\www\guoji\yunwang\Api\AppApi\Lib\Action\MemberAction.class.php 第 19 行.
SQL: SELECT COUNT(*) AS tp_count FROM `zy_member` LIMIT 1   [ RunTime:0.000264s ]
NOTIC: [8] Undefined index: page_size D:\wamp\www\guoji\yunwang\Api\AppApi\Lib\Action\MemberAction.class.php 第 23 行.
SQL: SELECT a.id,a.utype,a.username,a.realname,a.create_time,a.status,`province`,`city`,`district`,b.balance,b.frozen,`lv_name`,`bus_lv_name` FROM `zy_member` as a LEFT JOIN `zy_member_wallet` as b on a.id=b.member_id ORDER BY `id` desc LIMIT 0,20   [ RunTime:0.000878s ]

[ 2015-06-27T23:27:53+08:00 ] 127.0.0.1 /guoji/yunwang/api/Member
INFO: [ route_check ] --START--
INFO: CheckRoute Behavior ::run [ RunTime:0.000931s ]
INFO: [ route_check ] --END-- [ RunTime:0.001037s ]
INFO: [ app_begin ] --START--
INFO: ReadHtmlCache Behavior ::run [ RunTime:0.000753s ]
INFO: [ app_begin ] --END-- [ RunTime:0.000842s ]
NOTIC: [2048] Declaration of MemberAction::show() should be compatible with that of Action::show() D:\wamp\www\guoji\yunwang\Api\AppApi\Lib\Action\MemberAction.class.php 第 423 行.
SQL: SHOW COLUMNS FROM `zy_member` [ RunTime:0.004512s ]
NOTIC: [8] Undefined index: id D:\wamp\www\guoji\yunwang\Api\AppApi\Lib\Action\MemberAction.class.php 第 53 行.
NOTIC: [8] Undefined index: utype D:\wamp\www\guoji\yunwang\Api\AppApi\Lib\Action\MemberAction.class.php 第 57 行.
NOTIC: [8] Undefined index: username D:\wamp\www\guoji\yunwang\Api\AppApi\Lib\Action\MemberAction.class.php 第 61 行.
NOTIC: [8] Undefined variable: data D:\wamp\www\guoji\yunwang\Api\AppApi\Lib\Action\MemberAction.class.php 第 65 行.
NOTIC: [8] Undefined variable: asc D:\wamp\www\guoji\yunwang\Api\AppApi\Lib\Action\MemberAction.class.php 第 19 行.
SQL: SELECT COUNT(*) AS tp_count FROM `zy_member` LIMIT 1   [ RunTime:0.000339s ]
NOTIC: [8] Undefined index: page_size D:\wamp\www\guoji\yunwang\Api\AppApi\Lib\Action\MemberAction.class.php 第 22 行.
SQL: SELECT a.id,a.utype,a.username,a.realname,a.create_time,a.status,`province`,`city`,`district`,b.balance,b.frozen,`lv_name`,`bus_lv_name` FROM `zy_member` as a LEFT JOIN `zy_member_wallet` as b on a.id=b.member_id ORDER BY `id` desc LIMIT 0,20   [ RunTime:0.001165s ]

