[ 2015-06-25T19:06:55+08:00 ] 127.0.0.1 /guoji/yunwang/api/index.php/Member
INFO: [ route_check ] --START--
INFO: CheckRoute Behavior ::run [ RunTime:0.001009s ]
INFO: [ route_check ] --END-- [ RunTime:0.001089s ]
INFO: [ app_begin ] --START--
INFO: ReadHtmlCache Behavior ::run [ RunTime:0.000861s ]
INFO: [ app_begin ] --END-- [ RunTime:0.000928s ]
NOTIC: [2048] Declaration of MemberAction::show() should be compatible with that of Action::show() D:\wamp\www\guoji\yunwang\Api\AppApi\Lib\Action\MemberAction.class.php 第 529 行.

[ 2015-06-25T19:10:02+08:00 ] 127.0.0.1 /guoji/yunwang/api/index.php/Member
INFO: [ route_check ] --START--
INFO: CheckRoute Behavior ::run [ RunTime:0.000774s ]
INFO: [ route_check ] --END-- [ RunTime:0.000895s ]
INFO: [ app_begin ] --START--
INFO: ReadHtmlCache Behavior ::run [ RunTime:0.000527s ]
INFO: [ app_begin ] --END-- [ RunTime:0.000595s ]
NOTIC: [2048] Declaration of MemberAction::show() should be compatible with that of Action::show() D:\wamp\www\guoji\yunwang\Api\AppApi\Lib\Action\MemberAction.class.php 第 529 行.

[ 2015-06-25T19:15:20+08:00 ] 127.0.0.1 /guoji/yunwang/api/Member
INFO: [ route_check ] --START--
INFO: CheckRoute Behavior ::run [ RunTime:0.000904s ]
INFO: [ route_check ] --END-- [ RunTime:0.001102s ]
INFO: [ app_begin ] --START--
INFO: ReadHtmlCache Behavior ::run [ RunTime:0.000680s ]
INFO: [ app_begin ] --END-- [ RunTime:0.000826s ]
NOTIC: [2048] Declaration of MemberAction::show() should be compatible with that of Action::show() D:\wamp\www\guoji\yunwang\Api\AppApi\Lib\Action\MemberAction.class.php 第 529 行.

