[ 2015-07-02T00:01:04+08:00 ] 127.0.0.1 /guoji/yunwang/api/index.php/Goods
INFO: [ route_check ] --START--
INFO: CheckRoute Behavior ::run [ RunTime:0.000784s ]
INFO: [ route_check ] --END-- [ RunTime:0.000873s ]
INFO: [ app_begin ] --START--
INFO: ReadHtmlCache Behavior ::run [ RunTime:0.000698s ]
INFO: [ app_begin ] --END-- [ RunTime:0.000829s ]
NOTIC: [8] Undefined index: token D:\wamp\www\guoji\yunwang\Api\AppApi\Lib\Action\CommonAction.class.php 第 9 行.
SQL: SHOW COLUMNS FROM `zy_member_token` [ RunTime:0.002723s ]
SQL: SELECT b.* FROM `zy_member_token` as a LEFT JOIN `zy_member` as b on a.member_id=b.id WHERE ( a.token = 'a14782764160fe8905a69b22ccb84eb2' ) AND ( b.status = 1 ) LIMIT 1   [ RunTime:0.002169s ]
SQL: SHOW COLUMNS FROM `zy_goods` [ RunTime:0.003109s ]
SQL: SHOW COLUMNS FROM `zy_goods` [ RunTime:0.002798s ]
NOTIC: [8] Undefined index: _order D:\wamp\www\guoji\yunwang\Api\AppApi\Lib\Action\GoodsAction.class.php 第 19 行.
NOTIC: [8] Undefined index: _sort D:\wamp\www\guoji\yunwang\Api\AppApi\Lib\Action\GoodsAction.class.php 第 26 行.
SQL: SELECT COUNT(*) AS tp_count FROM `zy_goods` LIMIT 1   [ RunTime:0.000235s ]
NOTIC: [8] Undefined index: page_size D:\wamp\www\guoji\yunwang\Api\AppApi\Lib\Action\GoodsAction.class.php 第 37 行.
NOTIC: [8] Undefined index: pageno D:\wamp\www\guoji\yunwang\Api\AppApi\Lib\Action\GoodsAction.class.php 第 39 行.
SQL: SELECT * FROM `zy_goods` ORDER BY `update_time` desc LIMIT 0,20   [ RunTime:0.000358s ]

[ 2015-07-02T00:01:05+08:00 ] 127.0.0.1 /guoji/yunwang/api/index.php/Goods
INFO: [ route_check ] --START--
INFO: CheckRoute Behavior ::run [ RunTime:0.000656s ]
INFO: [ route_check ] --END-- [ RunTime:0.000738s ]
INFO: [ app_begin ] --START--
INFO: ReadHtmlCache Behavior ::run [ RunTime:0.000567s ]
INFO: [ app_begin ] --END-- [ RunTime:0.000636s ]
NOTIC: [8] Undefined index: token D:\wamp\www\guoji\yunwang\Api\AppApi\Lib\Action\CommonAction.class.php 第 9 行.
SQL: SHOW COLUMNS FROM `zy_member_token` [ RunTime:0.002521s ]
SQL: SELECT b.* FROM `zy_member_token` as a LEFT JOIN `zy_member` as b on a.member_id=b.id WHERE ( a.token = 'a14782764160fe8905a69b22ccb84eb2' ) AND ( b.status = 1 ) LIMIT 1   [ RunTime:0.000559s ]
SQL: SHOW COLUMNS FROM `zy_goods` [ RunTime:0.002773s ]
SQL: SHOW COLUMNS FROM `zy_goods` [ RunTime:0.003983s ]
NOTIC: [8] Undefined index: _order D:\wamp\www\guoji\yunwang\Api\AppApi\Lib\Action\GoodsAction.class.php 第 19 行.
NOTIC: [8] Undefined index: _sort D:\wamp\www\guoji\yunwang\Api\AppApi\Lib\Action\GoodsAction.class.php 第 26 行.
SQL: SELECT COUNT(*) AS tp_count FROM `zy_goods` LIMIT 1   [ RunTime:0.000816s ]
NOTIC: [8] Undefined index: page_size D:\wamp\www\guoji\yunwang\Api\AppApi\Lib\Action\GoodsAction.class.php 第 37 行.
NOTIC: [8] Undefined index: pageno D:\wamp\www\guoji\yunwang\Api\AppApi\Lib\Action\GoodsAction.class.php 第 39 行.
SQL: SELECT * FROM `zy_goods` ORDER BY `update_time` desc LIMIT 0,20   [ RunTime:0.000347s ]

[ 2015-07-02T00:01:05+08:00 ] 127.0.0.1 /guoji/yunwang/api/index.php/Goods
INFO: [ route_check ] --START--
INFO: CheckRoute Behavior ::run [ RunTime:0.000640s ]
INFO: [ route_check ] --END-- [ RunTime:0.000722s ]
INFO: [ app_begin ] --START--
INFO: ReadHtmlCache Behavior ::run [ RunTime:0.000522s ]
INFO: [ app_begin ] --END-- [ RunTime:0.000592s ]
NOTIC: [8] Undefined index: token D:\wamp\www\guoji\yunwang\Api\AppApi\Lib\Action\CommonAction.class.php 第 9 行.
SQL: SHOW COLUMNS FROM `zy_member_token` [ RunTime:0.003031s ]
SQL: SELECT b.* FROM `zy_member_token` as a LEFT JOIN `zy_member` as b on a.member_id=b.id WHERE ( a.token = 'a14782764160fe8905a69b22ccb84eb2' ) AND ( b.status = 1 ) LIMIT 1   [ RunTime:0.000921s ]
SQL: SHOW COLUMNS FROM `zy_goods` [ RunTime:0.004743s ]
SQL: SHOW COLUMNS FROM `zy_goods` [ RunTime:0.003112s ]
NOTIC: [8] Undefined index: _order D:\wamp\www\guoji\yunwang\Api\AppApi\Lib\Action\GoodsAction.class.php 第 19 行.
NOTIC: [8] Undefined index: _sort D:\wamp\www\guoji\yunwang\Api\AppApi\Lib\Action\GoodsAction.class.php 第 26 行.
SQL: SELECT COUNT(*) AS tp_count FROM `zy_goods` LIMIT 1   [ RunTime:0.000222s ]
NOTIC: [8] Undefined index: page_size D:\wamp\www\guoji\yunwang\Api\AppApi\Lib\Action\GoodsAction.class.php 第 37 行.
NOTIC: [8] Undefined index: pageno D:\wamp\www\guoji\yunwang\Api\AppApi\Lib\Action\GoodsAction.class.php 第 39 行.
SQL: SELECT * FROM `zy_goods` ORDER BY `update_time` desc LIMIT 0,20   [ RunTime:0.000367s ]

[ 2015-07-02T00:01:05+08:00 ] 127.0.0.1 /guoji/yunwang/api/index.php/Goods
INFO: [ route_check ] --START--
INFO: CheckRoute Behavior ::run [ RunTime:0.000636s ]
INFO: [ route_check ] --END-- [ RunTime:0.000718s ]
INFO: [ app_begin ] --START--
INFO: ReadHtmlCache Behavior ::run [ RunTime:0.000684s ]
INFO: [ app_begin ] --END-- [ RunTime:0.000761s ]
NOTIC: [8] Undefined index: token D:\wamp\www\guoji\yunwang\Api\AppApi\Lib\Action\CommonAction.class.php 第 9 行.
SQL: SHOW COLUMNS FROM `zy_member_token` [ RunTime:0.003141s ]
SQL: SELECT b.* FROM `zy_member_token` as a LEFT JOIN `zy_member` as b on a.member_id=b.id WHERE ( a.token = 'a14782764160fe8905a69b22ccb84eb2' ) AND ( b.status = 1 ) LIMIT 1   [ RunTime:0.000561s ]
SQL: SHOW COLUMNS FROM `zy_goods` [ RunTime:0.002831s ]
SQL: SHOW COLUMNS FROM `zy_goods` [ RunTime:0.002731s ]
NOTIC: [8] Undefined index: _order D:\wamp\www\guoji\yunwang\Api\AppApi\Lib\Action\GoodsAction.class.php 第 19 行.
NOTIC: [8] Undefined index: _sort D:\wamp\www\guoji\yunwang\Api\AppApi\Lib\Action\GoodsAction.class.php 第 26 行.
SQL: SELECT COUNT(*) AS tp_count FROM `zy_goods` LIMIT 1   [ RunTime:0.000432s ]
NOTIC: [8] Undefined index: page_size D:\wamp\www\guoji\yunwang\Api\AppApi\Lib\Action\GoodsAction.class.php 第 37 行.
NOTIC: [8] Undefined index: pageno D:\wamp\www\guoji\yunwang\Api\AppApi\Lib\Action\GoodsAction.class.php 第 39 行.
SQL: SELECT * FROM `zy_goods` ORDER BY `update_time` desc LIMIT 0,20   [ RunTime:0.000459s ]

[ 2015-07-02T00:01:05+08:00 ] 127.0.0.1 /guoji/yunwang/api/index.php/Goods
INFO: [ route_check ] --START--
INFO: CheckRoute Behavior ::run [ RunTime:0.000748s ]
INFO: [ route_check ] --END-- [ RunTime:0.000937s ]
INFO: [ app_begin ] --START--
INFO: ReadHtmlCache Behavior ::run [ RunTime:0.000608s ]
INFO: [ app_begin ] --END-- [ RunTime:0.000692s ]
NOTIC: [8] Undefined index: token D:\wamp\www\guoji\yunwang\Api\AppApi\Lib\Action\CommonAction.class.php 第 9 行.
SQL: SHOW COLUMNS FROM `zy_member_token` [ RunTime:0.002583s ]
SQL: SELECT b.* FROM `zy_member_token` as a LEFT JOIN `zy_member` as b on a.member_id=b.id WHERE ( a.token = 'a14782764160fe8905a69b22ccb84eb2' ) AND ( b.status = 1 ) LIMIT 1   [ RunTime:0.000561s ]
SQL: SHOW COLUMNS FROM `zy_goods` [ RunTime:0.002652s ]
SQL: SHOW COLUMNS FROM `zy_goods` [ RunTime:0.003230s ]
NOTIC: [8] Undefined index: _order D:\wamp\www\guoji\yunwang\Api\AppApi\Lib\Action\GoodsAction.class.php 第 19 行.
NOTIC: [8] Undefined index: _sort D:\wamp\www\guoji\yunwang\Api\AppApi\Lib\Action\GoodsAction.class.php 第 26 行.
SQL: SELECT COUNT(*) AS tp_count FROM `zy_goods` LIMIT 1   [ RunTime:0.000244s ]
NOTIC: [8] Undefined index: page_size D:\wamp\www\guoji\yunwang\Api\AppApi\Lib\Action\GoodsAction.class.php 第 37 行.
NOTIC: [8] Undefined index: pageno D:\wamp\www\guoji\yunwang\Api\AppApi\Lib\Action\GoodsAction.class.php 第 39 行.
SQL: SELECT * FROM `zy_goods` ORDER BY `update_time` desc LIMIT 0,20   [ RunTime:0.000417s ]

[ 2015-07-02T00:01:05+08:00 ] 127.0.0.1 /guoji/yunwang/api/index.php/Goods
INFO: [ route_check ] --START--
INFO: CheckRoute Behavior ::run [ RunTime:0.000757s ]
INFO: [ route_check ] --END-- [ RunTime:0.000865s ]
INFO: [ app_begin ] --START--
INFO: ReadHtmlCache Behavior ::run [ RunTime:0.000625s ]
INFO: [ app_begin ] --END-- [ RunTime:0.000701s ]
NOTIC: [8] Undefined index: token D:\wamp\www\guoji\yunwang\Api\AppApi\Lib\Action\CommonAction.class.php 第 9 行.
SQL: SHOW COLUMNS FROM `zy_member_token` [ RunTime:0.002498s ]
SQL: SELECT b.* FROM `zy_member_token` as a LEFT JOIN `zy_member` as b on a.member_id=b.id WHERE ( a.token = 'a14782764160fe8905a69b22ccb84eb2' ) AND ( b.status = 1 ) LIMIT 1   [ RunTime:0.000539s ]
SQL: SHOW COLUMNS FROM `zy_goods` [ RunTime:0.002749s ]
SQL: SHOW COLUMNS FROM `zy_goods` [ RunTime:0.005678s ]
NOTIC: [8] Undefined index: _order D:\wamp\www\guoji\yunwang\Api\AppApi\Lib\Action\GoodsAction.class.php 第 19 行.
NOTIC: [8] Undefined index: _sort D:\wamp\www\guoji\yunwang\Api\AppApi\Lib\Action\GoodsAction.class.php 第 26 行.
SQL: SELECT COUNT(*) AS tp_count FROM `zy_goods` LIMIT 1   [ RunTime:0.000208s ]
NOTIC: [8] Undefined index: page_size D:\wamp\www\guoji\yunwang\Api\AppApi\Lib\Action\GoodsAction.class.php 第 37 行.
NOTIC: [8] Undefined index: pageno D:\wamp\www\guoji\yunwang\Api\AppApi\Lib\Action\GoodsAction.class.php 第 39 行.
SQL: SELECT * FROM `zy_goods` ORDER BY `update_time` desc LIMIT 0,20   [ RunTime:0.000334s ]

[ 2015-07-02T00:01:05+08:00 ] 127.0.0.1 /guoji/yunwang/api/index.php/Goods
INFO: [ route_check ] --START--
INFO: CheckRoute Behavior ::run [ RunTime:0.000688s ]
INFO: [ route_check ] --END-- [ RunTime:0.000810s ]
INFO: [ app_begin ] --START--
INFO: ReadHtmlCache Behavior ::run [ RunTime:0.000548s ]
INFO: [ app_begin ] --END-- [ RunTime:0.000617s ]
NOTIC: [8] Undefined index: token D:\wamp\www\guoji\yunwang\Api\AppApi\Lib\Action\CommonAction.class.php 第 9 行.
SQL: SHOW COLUMNS FROM `zy_member_token` [ RunTime:0.003082s ]
SQL: SELECT b.* FROM `zy_member_token` as a LEFT JOIN `zy_member` as b on a.member_id=b.id WHERE ( a.token = 'a14782764160fe8905a69b22ccb84eb2' ) AND ( b.status = 1 ) LIMIT 1   [ RunTime:0.000564s ]
SQL: SHOW COLUMNS FROM `zy_goods` [ RunTime:0.003538s ]
SQL: SHOW COLUMNS FROM `zy_goods` [ RunTime:0.003689s ]
NOTIC: [8] Undefined index: _order D:\wamp\www\guoji\yunwang\Api\AppApi\Lib\Action\GoodsAction.class.php 第 19 行.
NOTIC: [8] Undefined index: _sort D:\wamp\www\guoji\yunwang\Api\AppApi\Lib\Action\GoodsAction.class.php 第 26 行.
SQL: SELECT COUNT(*) AS tp_count FROM `zy_goods` LIMIT 1   [ RunTime:0.000209s ]
NOTIC: [8] Undefined index: page_size D:\wamp\www\guoji\yunwang\Api\AppApi\Lib\Action\GoodsAction.class.php 第 37 行.
NOTIC: [8] Undefined index: pageno D:\wamp\www\guoji\yunwang\Api\AppApi\Lib\Action\GoodsAction.class.php 第 39 行.
SQL: SELECT * FROM `zy_goods` ORDER BY `update_time` desc LIMIT 0,20   [ RunTime:0.000329s ]

[ 2015-07-02T00:01:24+08:00 ] 127.0.0.1 /guoji/yunwang/api/index.php/Goods
INFO: [ route_check ] --START--
INFO: CheckRoute Behavior ::run [ RunTime:0.000585s ]
INFO: [ route_check ] --END-- [ RunTime:0.000667s ]
INFO: [ app_begin ] --START--
INFO: ReadHtmlCache Behavior ::run [ RunTime:0.000465s ]
INFO: [ app_begin ] --END-- [ RunTime:0.000532s ]
NOTIC: [8] Undefined index: token D:\wamp\www\guoji\yunwang\Api\AppApi\Lib\Action\CommonAction.class.php 第 9 行.
SQL: SHOW COLUMNS FROM `zy_member_token` [ RunTime:0.002518s ]
SQL: SELECT b.* FROM `zy_member_token` as a LEFT JOIN `zy_member` as b on a.member_id=b.id WHERE ( a.token = 'a14782764160fe8905a69b22ccb84eb2' ) AND ( b.status = 1 ) LIMIT 1   [ RunTime:0.000553s ]
SQL: SHOW COLUMNS FROM `zy_goods` [ RunTime:0.005693s ]
SQL: SHOW COLUMNS FROM `zy_goods` [ RunTime:0.002938s ]
NOTIC: [8] Undefined index: _order D:\wamp\www\guoji\yunwang\Api\AppApi\Lib\Action\GoodsAction.class.php 第 19 行.
NOTIC: [8] Undefined index: _sort D:\wamp\www\guoji\yunwang\Api\AppApi\Lib\Action\GoodsAction.class.php 第 26 行.
SQL: SELECT COUNT(*) AS tp_count FROM `zy_goods` LIMIT 1   [ RunTime:0.000203s ]
NOTIC: [8] Undefined index: page_size D:\wamp\www\guoji\yunwang\Api\AppApi\Lib\Action\GoodsAction.class.php 第 37 行.
NOTIC: [8] Undefined index: pageno D:\wamp\www\guoji\yunwang\Api\AppApi\Lib\Action\GoodsAction.class.php 第 39 行.
SQL: SELECT * FROM `zy_goods` ORDER BY `update_time` desc LIMIT 0,20   [ RunTime:0.000331s ]
NOTIC: [8] Undefined variable: voList3 D:\wamp\www\guoji\yunwang\Api\AppApi\Lib\Action\GoodsAction.class.php 第 45 行.

[ 2015-07-02T00:01:52+08:00 ] 127.0.0.1 /guoji/yunwang/api/index.php/Goods
INFO: [ route_check ] --START--
INFO: CheckRoute Behavior ::run [ RunTime:0.000722s ]
INFO: [ route_check ] --END-- [ RunTime:0.000882s ]
INFO: [ app_begin ] --START--
INFO: ReadHtmlCache Behavior ::run [ RunTime:0.000768s ]
INFO: [ app_begin ] --END-- [ RunTime:0.000860s ]
NOTIC: [8] Undefined index: token D:\wamp\www\guoji\yunwang\Api\AppApi\Lib\Action\CommonAction.class.php 第 9 行.
SQL: SHOW COLUMNS FROM `zy_member_token` [ RunTime:0.002611s ]
SQL: SELECT b.* FROM `zy_member_token` as a LEFT JOIN `zy_member` as b on a.member_id=b.id WHERE ( a.token = 'a14782764160fe8905a69b22ccb84eb2' ) AND ( b.status = 1 ) LIMIT 1   [ RunTime:0.000552s ]
SQL: SHOW COLUMNS FROM `zy_goods` [ RunTime:0.002779s ]
SQL: SHOW COLUMNS FROM `zy_goods` [ RunTime:0.003553s ]
NOTIC: [8] Undefined index: _order D:\wamp\www\guoji\yunwang\Api\AppApi\Lib\Action\GoodsAction.class.php 第 19 行.
NOTIC: [8] Undefined index: _sort D:\wamp\www\guoji\yunwang\Api\AppApi\Lib\Action\GoodsAction.class.php 第 26 行.
SQL: SELECT COUNT(*) AS tp_count FROM `zy_goods` LIMIT 1   [ RunTime:0.000244s ]
NOTIC: [8] Undefined index: page_size D:\wamp\www\guoji\yunwang\Api\AppApi\Lib\Action\GoodsAction.class.php 第 37 行.
NOTIC: [8] Undefined index: pageno D:\wamp\www\guoji\yunwang\Api\AppApi\Lib\Action\GoodsAction.class.php 第 39 行.
SQL: SELECT * FROM `zy_goods` ORDER BY `update_time` desc LIMIT 0,20   [ RunTime:0.000353s ]

[ 2015-07-02T00:01:59+08:00 ] 127.0.0.1 /guoji/yunwang/api/index.php/Goods
INFO: [ route_check ] --START--
INFO: CheckRoute Behavior ::run [ RunTime:0.000581s ]
INFO: [ route_check ] --END-- [ RunTime:0.000665s ]
INFO: [ app_begin ] --START--
INFO: ReadHtmlCache Behavior ::run [ RunTime:0.000468s ]
INFO: [ app_begin ] --END-- [ RunTime:0.000536s ]
NOTIC: [8] Undefined index: token D:\wamp\www\guoji\yunwang\Api\AppApi\Lib\Action\CommonAction.class.php 第 9 行.
SQL: SHOW COLUMNS FROM `zy_member_token` [ RunTime:0.002526s ]
SQL: SELECT b.* FROM `zy_member_token` as a LEFT JOIN `zy_member` as b on a.member_id=b.id WHERE ( a.token = 'a14782764160fe8905a69b22ccb84eb2' ) AND ( b.status = 1 ) LIMIT 1   [ RunTime:0.000544s ]
SQL: SHOW COLUMNS FROM `zy_goods` [ RunTime:0.003965s ]
SQL: SHOW COLUMNS FROM `zy_goods` [ RunTime:0.003027s ]
NOTIC: [8] Undefined index: _order D:\wamp\www\guoji\yunwang\Api\AppApi\Lib\Action\GoodsAction.class.php 第 19 行.
NOTIC: [8] Undefined index: _sort D:\wamp\www\guoji\yunwang\Api\AppApi\Lib\Action\GoodsAction.class.php 第 26 行.
SQL: SELECT COUNT(*) AS tp_count FROM `zy_goods` LIMIT 1   [ RunTime:0.000240s ]
NOTIC: [8] Undefined index: page_size D:\wamp\www\guoji\yunwang\Api\AppApi\Lib\Action\GoodsAction.class.php 第 37 行.
NOTIC: [8] Undefined index: pageno D:\wamp\www\guoji\yunwang\Api\AppApi\Lib\Action\GoodsAction.class.php 第 39 行.
SQL: SELECT * FROM `zy_goods` ORDER BY `update_time` desc LIMIT 0,20   [ RunTime:0.000357s ]
NOTIC: [8] Undefined variable: voList3 D:\wamp\www\guoji\yunwang\Api\AppApi\Lib\Action\GoodsAction.class.php 第 45 行.

[ 2015-07-02T00:02:19+08:00 ] 127.0.0.1 /guoji/yunwang/api/index.php/Goods
INFO: [ route_check ] --START--
INFO: CheckRoute Behavior ::run [ RunTime:0.000955s ]
INFO: [ route_check ] --END-- [ RunTime:0.001057s ]
INFO: [ app_begin ] --START--
INFO: ReadHtmlCache Behavior ::run [ RunTime:0.000662s ]
INFO: [ app_begin ] --END-- [ RunTime:0.000772s ]
NOTIC: [8] Undefined index: token D:\wamp\www\guoji\yunwang\Api\AppApi\Lib\Action\CommonAction.class.php 第 9 行.
SQL: SHOW COLUMNS FROM `zy_member_token` [ RunTime:0.002574s ]
SQL: SELECT b.* FROM `zy_member_token` as a LEFT JOIN `zy_member` as b on a.member_id=b.id WHERE ( a.token = 'a14782764160fe8905a69b22ccb84eb2' ) AND ( b.status = 1 ) LIMIT 1   [ RunTime:0.000580s ]
SQL: SHOW COLUMNS FROM `zy_goods` [ RunTime:0.004313s ]
SQL: SHOW COLUMNS FROM `zy_goods` [ RunTime:0.003025s ]
NOTIC: [8] Undefined index: _order D:\wamp\www\guoji\yunwang\Api\AppApi\Lib\Action\GoodsAction.class.php 第 19 行.
NOTIC: [8] Undefined index: _sort D:\wamp\www\guoji\yunwang\Api\AppApi\Lib\Action\GoodsAction.class.php 第 26 行.
SQL: SELECT COUNT(*) AS tp_count FROM `zy_goods` LIMIT 1   [ RunTime:0.000202s ]
NOTIC: [8] Undefined index: page_size D:\wamp\www\guoji\yunwang\Api\AppApi\Lib\Action\GoodsAction.class.php 第 37 行.
NOTIC: [8] Undefined index: pageno D:\wamp\www\guoji\yunwang\Api\AppApi\Lib\Action\GoodsAction.class.php 第 39 行.
SQL: SELECT * FROM `zy_goods` ORDER BY `update_time` desc LIMIT 0,20   [ RunTime:0.000332s ]

[ 2015-07-02T00:06:07+08:00 ] 127.0.0.1 /guoji/yunwang/api/index.php/Goods
INFO: [ route_check ] --START--
INFO: CheckRoute Behavior ::run [ RunTime:0.001014s ]
INFO: [ route_check ] --END-- [ RunTime:0.001115s ]
INFO: [ app_begin ] --START--
INFO: ReadHtmlCache Behavior ::run [ RunTime:0.001034s ]
INFO: [ app_begin ] --END-- [ RunTime:0.001177s ]
NOTIC: [8] Undefined index: token D:\wamp\www\guoji\yunwang\Api\AppApi\Lib\Action\CommonAction.class.php 第 9 行.
SQL: SHOW COLUMNS FROM `zy_member_token` [ RunTime:0.004209s ]
SQL: SELECT b.* FROM `zy_member_token` as a LEFT JOIN `zy_member` as b on a.member_id=b.id WHERE ( a.token = 'a14782764160fe8905a69b22ccb84eb2' ) AND ( b.status = 1 ) LIMIT 1   [ RunTime:0.000657s ]
SQL: SHOW COLUMNS FROM `zy_goods` [ RunTime:0.002884s ]
SQL: SHOW COLUMNS FROM `zy_goods` [ RunTime:0.003601s ]
NOTIC: [8] Undefined index: _order D:\wamp\www\guoji\yunwang\Api\AppApi\Lib\Action\GoodsAction.class.php 第 19 行.
NOTIC: [8] Undefined index: _sort D:\wamp\www\guoji\yunwang\Api\AppApi\Lib\Action\GoodsAction.class.php 第 26 行.
SQL: SELECT COUNT(*) AS tp_count FROM `zy_goods` LIMIT 1   [ RunTime:0.000315s ]
NOTIC: [8] Undefined index: page_size D:\wamp\www\guoji\yunwang\Api\AppApi\Lib\Action\GoodsAction.class.php 第 37 行.
NOTIC: [8] Undefined index: pageno D:\wamp\www\guoji\yunwang\Api\AppApi\Lib\Action\GoodsAction.class.php 第 39 行.
SQL: SELECT * FROM `zy_goods` ORDER BY `update_time` desc LIMIT 0,20   [ RunTime:0.000439s ]
NOTIC: [8] Undefined variable: voList3 D:\wamp\www\guoji\yunwang\Api\AppApi\Lib\Action\GoodsAction.class.php 第 45 行.

[ 2015-07-02T00:06:17+08:00 ] 127.0.0.1 /guoji/yunwang/api/index.php/Goods
INFO: [ route_check ] --START--
INFO: CheckRoute Behavior ::run [ RunTime:0.000898s ]
INFO: [ route_check ] --END-- [ RunTime:0.001030s ]
INFO: [ app_begin ] --START--
INFO: ReadHtmlCache Behavior ::run [ RunTime:0.000701s ]
INFO: [ app_begin ] --END-- [ RunTime:0.000787s ]
NOTIC: [8] Undefined index: token D:\wamp\www\guoji\yunwang\Api\AppApi\Lib\Action\CommonAction.class.php 第 9 行.
SQL: SHOW COLUMNS FROM `zy_member_token` [ RunTime:0.002724s ]
SQL: SELECT b.* FROM `zy_member_token` as a LEFT JOIN `zy_member` as b on a.member_id=b.id WHERE ( a.token = 'a14782764160fe8905a69b22ccb84eb2' ) AND ( b.status = 1 ) LIMIT 1   [ RunTime:0.000582s ]
SQL: SHOW COLUMNS FROM `zy_goods` [ RunTime:0.002766s ]
SQL: SHOW COLUMNS FROM `zy_goods` [ RunTime:0.002655s ]
NOTIC: [8] Undefined index: _order D:\wamp\www\guoji\yunwang\Api\AppApi\Lib\Action\GoodsAction.class.php 第 19 行.
NOTIC: [8] Undefined index: _sort D:\wamp\www\guoji\yunwang\Api\AppApi\Lib\Action\GoodsAction.class.php 第 26 行.
SQL: SELECT COUNT(*) AS tp_count FROM `zy_goods` LIMIT 1   [ RunTime:0.000254s ]
NOTIC: [8] Undefined index: page_size D:\wamp\www\guoji\yunwang\Api\AppApi\Lib\Action\GoodsAction.class.php 第 37 行.
NOTIC: [8] Undefined index: pageno D:\wamp\www\guoji\yunwang\Api\AppApi\Lib\Action\GoodsAction.class.php 第 39 行.
SQL: SELECT * FROM `zy_goods` ORDER BY `update_time` desc LIMIT 0,20   [ RunTime:0.000600s ]
NOTIC: [8] Undefined variable: voList3 D:\wamp\www\guoji\yunwang\Api\AppApi\Lib\Action\GoodsAction.class.php 第 45 行.

[ 2015-07-02T00:06:17+08:00 ] 127.0.0.1 /guoji/yunwang/api/index.php/Goods
INFO: [ route_check ] --START--
INFO: CheckRoute Behavior ::run [ RunTime:0.000720s ]
INFO: [ route_check ] --END-- [ RunTime:0.000803s ]
INFO: [ app_begin ] --START--
INFO: ReadHtmlCache Behavior ::run [ RunTime:0.000597s ]
INFO: [ app_begin ] --END-- [ RunTime:0.000670s ]
NOTIC: [8] Undefined index: token D:\wamp\www\guoji\yunwang\Api\AppApi\Lib\Action\CommonAction.class.php 第 9 行.
SQL: SHOW COLUMNS FROM `zy_member_token` [ RunTime:0.003508s ]
SQL: SELECT b.* FROM `zy_member_token` as a LEFT JOIN `zy_member` as b on a.member_id=b.id WHERE ( a.token = 'a14782764160fe8905a69b22ccb84eb2' ) AND ( b.status = 1 ) LIMIT 1   [ RunTime:0.000906s ]
SQL: SHOW COLUMNS FROM `zy_goods` [ RunTime:0.003475s ]
SQL: SHOW COLUMNS FROM `zy_goods` [ RunTime:0.002705s ]
NOTIC: [8] Undefined index: _order D:\wamp\www\guoji\yunwang\Api\AppApi\Lib\Action\GoodsAction.class.php 第 19 行.
NOTIC: [8] Undefined index: _sort D:\wamp\www\guoji\yunwang\Api\AppApi\Lib\Action\GoodsAction.class.php 第 26 行.
SQL: SELECT COUNT(*) AS tp_count FROM `zy_goods` LIMIT 1   [ RunTime:0.000209s ]
NOTIC: [8] Undefined index: page_size D:\wamp\www\guoji\yunwang\Api\AppApi\Lib\Action\GoodsAction.class.php 第 37 行.
NOTIC: [8] Undefined index: pageno D:\wamp\www\guoji\yunwang\Api\AppApi\Lib\Action\GoodsAction.class.php 第 39 行.
SQL: SELECT * FROM `zy_goods` ORDER BY `update_time` desc LIMIT 0,20   [ RunTime:0.000331s ]
NOTIC: [8] Undefined variable: voList3 D:\wamp\www\guoji\yunwang\Api\AppApi\Lib\Action\GoodsAction.class.php 第 45 行.

[ 2015-07-02T00:06:18+08:00 ] 127.0.0.1 /guoji/yunwang/api/index.php/Goods
INFO: [ route_check ] --START--
INFO: CheckRoute Behavior ::run [ RunTime:0.000680s ]
INFO: [ route_check ] --END-- [ RunTime:0.000763s ]
INFO: [ app_begin ] --START--
INFO: ReadHtmlCache Behavior ::run [ RunTime:0.000580s ]
INFO: [ app_begin ] --END-- [ RunTime:0.000655s ]
NOTIC: [8] Undefined index: token D:\wamp\www\guoji\yunwang\Api\AppApi\Lib\Action\CommonAction.class.php 第 9 行.
SQL: SHOW COLUMNS FROM `zy_member_token` [ RunTime:0.003147s ]
SQL: SELECT b.* FROM `zy_member_token` as a LEFT JOIN `zy_member` as b on a.member_id=b.id WHERE ( a.token = 'a14782764160fe8905a69b22ccb84eb2' ) AND ( b.status = 1 ) LIMIT 1   [ RunTime:0.000583s ]
SQL: SHOW COLUMNS FROM `zy_goods` [ RunTime:0.002737s ]
SQL: SHOW COLUMNS FROM `zy_goods` [ RunTime:0.002860s ]
NOTIC: [8] Undefined index: _order D:\wamp\www\guoji\yunwang\Api\AppApi\Lib\Action\GoodsAction.class.php 第 19 行.
NOTIC: [8] Undefined index: _sort D:\wamp\www\guoji\yunwang\Api\AppApi\Lib\Action\GoodsAction.class.php 第 26 行.
SQL: SELECT COUNT(*) AS tp_count FROM `zy_goods` LIMIT 1   [ RunTime:0.000207s ]
NOTIC: [8] Undefined index: page_size D:\wamp\www\guoji\yunwang\Api\AppApi\Lib\Action\GoodsAction.class.php 第 37 行.
NOTIC: [8] Undefined index: pageno D:\wamp\www\guoji\yunwang\Api\AppApi\Lib\Action\GoodsAction.class.php 第 39 行.
SQL: SELECT * FROM `zy_goods` ORDER BY `update_time` desc LIMIT 0,20   [ RunTime:0.000307s ]
NOTIC: [8] Undefined variable: voList3 D:\wamp\www\guoji\yunwang\Api\AppApi\Lib\Action\GoodsAction.class.php 第 45 行.

[ 2015-07-02T00:06:18+08:00 ] 127.0.0.1 /guoji/yunwang/api/index.php/Goods
INFO: [ route_check ] --START--
INFO: CheckRoute Behavior ::run [ RunTime:0.000639s ]
INFO: [ route_check ] --END-- [ RunTime:0.000721s ]
INFO: [ app_begin ] --START--
INFO: ReadHtmlCache Behavior ::run [ RunTime:0.000526s ]
INFO: [ app_begin ] --END-- [ RunTime:0.000597s ]
NOTIC: [8] Undefined index: token D:\wamp\www\guoji\yunwang\Api\AppApi\Lib\Action\CommonAction.class.php 第 9 行.
SQL: SHOW COLUMNS FROM `zy_member_token` [ RunTime:0.003481s ]
SQL: SELECT b.* FROM `zy_member_token` as a LEFT JOIN `zy_member` as b on a.member_id=b.id WHERE ( a.token = 'a14782764160fe8905a69b22ccb84eb2' ) AND ( b.status = 1 ) LIMIT 1   [ RunTime:0.000567s ]
SQL: SHOW COLUMNS FROM `zy_goods` [ RunTime:0.003955s ]
SQL: SHOW COLUMNS FROM `zy_goods` [ RunTime:0.003905s ]
NOTIC: [8] Undefined index: _order D:\wamp\www\guoji\yunwang\Api\AppApi\Lib\Action\GoodsAction.class.php 第 19 行.
NOTIC: [8] Undefined index: _sort D:\wamp\www\guoji\yunwang\Api\AppApi\Lib\Action\GoodsAction.class.php 第 26 行.
SQL: SELECT COUNT(*) AS tp_count FROM `zy_goods` LIMIT 1   [ RunTime:0.000478s ]
NOTIC: [8] Undefined index: page_size D:\wamp\www\guoji\yunwang\Api\AppApi\Lib\Action\GoodsAction.class.php 第 37 行.
NOTIC: [8] Undefined index: pageno D:\wamp\www\guoji\yunwang\Api\AppApi\Lib\Action\GoodsAction.class.php 第 39 行.
SQL: SELECT * FROM `zy_goods` ORDER BY `update_time` desc LIMIT 0,20   [ RunTime:0.000381s ]
NOTIC: [8] Undefined variable: voList3 D:\wamp\www\guoji\yunwang\Api\AppApi\Lib\Action\GoodsAction.class.php 第 45 行.

[ 2015-07-02T00:06:27+08:00 ] 127.0.0.1 /guoji/yunwang/api/index.php/Goods
INFO: [ route_check ] --START--
INFO: CheckRoute Behavior ::run [ RunTime:0.000805s ]
INFO: [ route_check ] --END-- [ RunTime:0.000923s ]
INFO: [ app_begin ] --START--
INFO: ReadHtmlCache Behavior ::run [ RunTime:0.000678s ]
INFO: [ app_begin ] --END-- [ RunTime:0.000752s ]
NOTIC: [8] Undefined index: token D:\wamp\www\guoji\yunwang\Api\AppApi\Lib\Action\CommonAction.class.php 第 9 行.
SQL: SHOW COLUMNS FROM `zy_member_token` [ RunTime:0.002497s ]
SQL: SELECT b.* FROM `zy_member_token` as a LEFT JOIN `zy_member` as b on a.member_id=b.id WHERE ( a.token = 'a14782764160fe8905a69b22ccb84eb2' ) AND ( b.status = 1 ) LIMIT 1   [ RunTime:0.000552s ]
SQL: SHOW COLUMNS FROM `zy_goods` [ RunTime:0.005396s ]
SQL: SHOW COLUMNS FROM `zy_goods` [ RunTime:0.002907s ]
NOTIC: [8] Undefined index: _order D:\wamp\www\guoji\yunwang\Api\AppApi\Lib\Action\GoodsAction.class.php 第 19 行.
NOTIC: [8] Undefined index: _sort D:\wamp\www\guoji\yunwang\Api\AppApi\Lib\Action\GoodsAction.class.php 第 26 行.
SQL: SELECT COUNT(*) AS tp_count FROM `zy_goods` LIMIT 1   [ RunTime:0.000224s ]
NOTIC: [8] Undefined index: page_size D:\wamp\www\guoji\yunwang\Api\AppApi\Lib\Action\GoodsAction.class.php 第 37 行.
NOTIC: [8] Undefined index: pageno D:\wamp\www\guoji\yunwang\Api\AppApi\Lib\Action\GoodsAction.class.php 第 39 行.
SQL: SELECT * FROM `zy_goods` ORDER BY `update_time` desc LIMIT 0,20   [ RunTime:0.000355s ]
NOTIC: [8] Undefined variable: voList3 D:\wamp\www\guoji\yunwang\Api\AppApi\Lib\Action\GoodsAction.class.php 第 45 行.

[ 2015-07-02T00:06:27+08:00 ] 127.0.0.1 /guoji/yunwang/api/index.php/Goods
INFO: [ route_check ] --START--
INFO: CheckRoute Behavior ::run [ RunTime:0.000794s ]
INFO: [ route_check ] --END-- [ RunTime:0.000888s ]
INFO: [ app_begin ] --START--
INFO: ReadHtmlCache Behavior ::run [ RunTime:0.000597s ]
INFO: [ app_begin ] --END-- [ RunTime:0.000671s ]
NOTIC: [8] Undefined index: token D:\wamp\www\guoji\yunwang\Api\AppApi\Lib\Action\CommonAction.class.php 第 9 行.
SQL: SHOW COLUMNS FROM `zy_member_token` [ RunTime:0.002595s ]
SQL: SELECT b.* FROM `zy_member_token` as a LEFT JOIN `zy_member` as b on a.member_id=b.id WHERE ( a.token = 'a14782764160fe8905a69b22ccb84eb2' ) AND ( b.status = 1 ) LIMIT 1   [ RunTime:0.000565s ]
SQL: SHOW COLUMNS FROM `zy_goods` [ RunTime:0.003523s ]
SQL: SHOW COLUMNS FROM `zy_goods` [ RunTime:0.003789s ]
NOTIC: [8] Undefined index: _order D:\wamp\www\guoji\yunwang\Api\AppApi\Lib\Action\GoodsAction.class.php 第 19 行.
NOTIC: [8] Undefined index: _sort D:\wamp\www\guoji\yunwang\Api\AppApi\Lib\Action\GoodsAction.class.php 第 26 行.
SQL: SELECT COUNT(*) AS tp_count FROM `zy_goods` LIMIT 1   [ RunTime:0.000223s ]
NOTIC: [8] Undefined index: page_size D:\wamp\www\guoji\yunwang\Api\AppApi\Lib\Action\GoodsAction.class.php 第 37 行.
NOTIC: [8] Undefined index: pageno D:\wamp\www\guoji\yunwang\Api\AppApi\Lib\Action\GoodsAction.class.php 第 39 行.
SQL: SELECT * FROM `zy_goods` ORDER BY `update_time` desc LIMIT 0,20   [ RunTime:0.000359s ]
NOTIC: [8] Undefined variable: voList3 D:\wamp\www\guoji\yunwang\Api\AppApi\Lib\Action\GoodsAction.class.php 第 45 行.

[ 2015-07-02T00:06:27+08:00 ] 127.0.0.1 /guoji/yunwang/api/index.php/Goods
INFO: [ route_check ] --START--
INFO: CheckRoute Behavior ::run [ RunTime:0.000664s ]
INFO: [ route_check ] --END-- [ RunTime:0.000749s ]
INFO: [ app_begin ] --START--
INFO: ReadHtmlCache Behavior ::run [ RunTime:0.000531s ]
INFO: [ app_begin ] --END-- [ RunTime:0.000602s ]
NOTIC: [8] Undefined index: token D:\wamp\www\guoji\yunwang\Api\AppApi\Lib\Action\CommonAction.class.php 第 9 行.
SQL: SHOW COLUMNS FROM `zy_member_token` [ RunTime:0.004245s ]
SQL: SELECT b.* FROM `zy_member_token` as a LEFT JOIN `zy_member` as b on a.member_id=b.id WHERE ( a.token = 'a14782764160fe8905a69b22ccb84eb2' ) AND ( b.status = 1 ) LIMIT 1   [ RunTime:0.000582s ]
SQL: SHOW COLUMNS FROM `zy_goods` [ RunTime:0.002717s ]
SQL: SHOW COLUMNS FROM `zy_goods` [ RunTime:0.002666s ]
NOTIC: [8] Undefined index: _order D:\wamp\www\guoji\yunwang\Api\AppApi\Lib\Action\GoodsAction.class.php 第 19 行.
NOTIC: [8] Undefined index: _sort D:\wamp\www\guoji\yunwang\Api\AppApi\Lib\Action\GoodsAction.class.php 第 26 行.
SQL: SELECT COUNT(*) AS tp_count FROM `zy_goods` LIMIT 1   [ RunTime:0.000204s ]
NOTIC: [8] Undefined index: page_size D:\wamp\www\guoji\yunwang\Api\AppApi\Lib\Action\GoodsAction.class.php 第 37 行.
NOTIC: [8] Undefined index: pageno D:\wamp\www\guoji\yunwang\Api\AppApi\Lib\Action\GoodsAction.class.php 第 39 行.
SQL: SELECT * FROM `zy_goods` ORDER BY `update_time` desc LIMIT 0,20   [ RunTime:0.000353s ]
NOTIC: [8] Undefined variable: voList3 D:\wamp\www\guoji\yunwang\Api\AppApi\Lib\Action\GoodsAction.class.php 第 45 行.

[ 2015-07-02T00:06:27+08:00 ] 127.0.0.1 /guoji/yunwang/api/index.php/Goods
INFO: [ route_check ] --START--
INFO: CheckRoute Behavior ::run [ RunTime:0.000886s ]
INFO: [ route_check ] --END-- [ RunTime:0.001024s ]
INFO: [ app_begin ] --START--
INFO: ReadHtmlCache Behavior ::run [ RunTime:0.000540s ]
INFO: [ app_begin ] --END-- [ RunTime:0.000614s ]
NOTIC: [8] Undefined index: token D:\wamp\www\guoji\yunwang\Api\AppApi\Lib\Action\CommonAction.class.php 第 9 行.
SQL: SHOW COLUMNS FROM `zy_member_token` [ RunTime:0.002581s ]
SQL: SELECT b.* FROM `zy_member_token` as a LEFT JOIN `zy_member` as b on a.member_id=b.id WHERE ( a.token = 'a14782764160fe8905a69b22ccb84eb2' ) AND ( b.status = 1 ) LIMIT 1   [ RunTime:0.000621s ]
SQL: SHOW COLUMNS FROM `zy_goods` [ RunTime:0.003368s ]
SQL: SHOW COLUMNS FROM `zy_goods` [ RunTime:0.003609s ]
NOTIC: [8] Undefined index: _order D:\wamp\www\guoji\yunwang\Api\AppApi\Lib\Action\GoodsAction.class.php 第 19 行.
NOTIC: [8] Undefined index: _sort D:\wamp\www\guoji\yunwang\Api\AppApi\Lib\Action\GoodsAction.class.php 第 26 行.
SQL: SELECT COUNT(*) AS tp_count FROM `zy_goods` LIMIT 1   [ RunTime:0.000233s ]
NOTIC: [8] Undefined index: page_size D:\wamp\www\guoji\yunwang\Api\AppApi\Lib\Action\GoodsAction.class.php 第 37 行.
NOTIC: [8] Undefined index: pageno D:\wamp\www\guoji\yunwang\Api\AppApi\Lib\Action\GoodsAction.class.php 第 39 行.
SQL: SELECT * FROM `zy_goods` ORDER BY `update_time` desc LIMIT 0,20   [ RunTime:0.000331s ]
NOTIC: [8] Undefined variable: voList3 D:\wamp\www\guoji\yunwang\Api\AppApi\Lib\Action\GoodsAction.class.php 第 45 行.

[ 2015-07-02T00:06:28+08:00 ] 127.0.0.1 /guoji/yunwang/api/index.php/Goods
INFO: [ route_check ] --START--
INFO: CheckRoute Behavior ::run [ RunTime:0.000746s ]
INFO: [ route_check ] --END-- [ RunTime:0.000884s ]
INFO: [ app_begin ] --START--
INFO: ReadHtmlCache Behavior ::run [ RunTime:0.000624s ]
INFO: [ app_begin ] --END-- [ RunTime:0.000709s ]
NOTIC: [8] Undefined index: token D:\wamp\www\guoji\yunwang\Api\AppApi\Lib\Action\CommonAction.class.php 第 9 行.
SQL: SHOW COLUMNS FROM `zy_member_token` [ RunTime:0.002591s ]
SQL: SELECT b.* FROM `zy_member_token` as a LEFT JOIN `zy_member` as b on a.member_id=b.id WHERE ( a.token = 'a14782764160fe8905a69b22ccb84eb2' ) AND ( b.status = 1 ) LIMIT 1   [ RunTime:0.000558s ]
SQL: SHOW COLUMNS FROM `zy_goods` [ RunTime:0.002935s ]
SQL: SHOW COLUMNS FROM `zy_goods` [ RunTime:0.005359s ]
NOTIC: [8] Undefined index: _order D:\wamp\www\guoji\yunwang\Api\AppApi\Lib\Action\GoodsAction.class.php 第 19 行.
NOTIC: [8] Undefined index: _sort D:\wamp\www\guoji\yunwang\Api\AppApi\Lib\Action\GoodsAction.class.php 第 26 行.
SQL: SELECT COUNT(*) AS tp_count FROM `zy_goods` LIMIT 1   [ RunTime:0.000227s ]
NOTIC: [8] Undefined index: page_size D:\wamp\www\guoji\yunwang\Api\AppApi\Lib\Action\GoodsAction.class.php 第 37 行.
NOTIC: [8] Undefined index: pageno D:\wamp\www\guoji\yunwang\Api\AppApi\Lib\Action\GoodsAction.class.php 第 39 行.
SQL: SELECT * FROM `zy_goods` ORDER BY `update_time` desc LIMIT 0,20   [ RunTime:0.000332s ]
NOTIC: [8] Undefined variable: voList3 D:\wamp\www\guoji\yunwang\Api\AppApi\Lib\Action\GoodsAction.class.php 第 45 行.

[ 2015-07-02T00:06:28+08:00 ] 127.0.0.1 /guoji/yunwang/api/index.php/Goods
INFO: [ route_check ] --START--
INFO: CheckRoute Behavior ::run [ RunTime:0.000702s ]
INFO: [ route_check ] --END-- [ RunTime:0.000784s ]
INFO: [ app_begin ] --START--
INFO: ReadHtmlCache Behavior ::run [ RunTime:0.000579s ]
INFO: [ app_begin ] --END-- [ RunTime:0.000653s ]
NOTIC: [8] Undefined index: token D:\wamp\www\guoji\yunwang\Api\AppApi\Lib\Action\CommonAction.class.php 第 9 行.
SQL: SHOW COLUMNS FROM `zy_member_token` [ RunTime:0.003185s ]
SQL: SELECT b.* FROM `zy_member_token` as a LEFT JOIN `zy_member` as b on a.member_id=b.id WHERE ( a.token = 'a14782764160fe8905a69b22ccb84eb2' ) AND ( b.status = 1 ) LIMIT 1   [ RunTime:0.000558s ]
SQL: SHOW COLUMNS FROM `zy_goods` [ RunTime:0.003076s ]
SQL: SHOW COLUMNS FROM `zy_goods` [ RunTime:0.004380s ]
NOTIC: [8] Undefined index: _order D:\wamp\www\guoji\yunwang\Api\AppApi\Lib\Action\GoodsAction.class.php 第 19 行.
NOTIC: [8] Undefined index: _sort D:\wamp\www\guoji\yunwang\Api\AppApi\Lib\Action\GoodsAction.class.php 第 26 行.
SQL: SELECT COUNT(*) AS tp_count FROM `zy_goods` LIMIT 1   [ RunTime:0.000239s ]
NOTIC: [8] Undefined index: page_size D:\wamp\www\guoji\yunwang\Api\AppApi\Lib\Action\GoodsAction.class.php 第 37 行.
NOTIC: [8] Undefined index: pageno D:\wamp\www\guoji\yunwang\Api\AppApi\Lib\Action\GoodsAction.class.php 第 39 行.
SQL: SELECT * FROM `zy_goods` ORDER BY `update_time` desc LIMIT 0,20   [ RunTime:0.000465s ]
NOTIC: [8] Undefined variable: voList3 D:\wamp\www\guoji\yunwang\Api\AppApi\Lib\Action\GoodsAction.class.php 第 45 行.

[ 2015-07-02T00:06:28+08:00 ] 127.0.0.1 /guoji/yunwang/api/index.php/Goods
INFO: [ route_check ] --START--
INFO: CheckRoute Behavior ::run [ RunTime:0.000806s ]
INFO: [ route_check ] --END-- [ RunTime:0.000940s ]
INFO: [ app_begin ] --START--
INFO: ReadHtmlCache Behavior ::run [ RunTime:0.000611s ]
INFO: [ app_begin ] --END-- [ RunTime:0.000699s ]
NOTIC: [8] Undefined index: token D:\wamp\www\guoji\yunwang\Api\AppApi\Lib\Action\CommonAction.class.php 第 9 行.
SQL: SHOW COLUMNS FROM `zy_member_token` [ RunTime:0.003806s ]
SQL: SELECT b.* FROM `zy_member_token` as a LEFT JOIN `zy_member` as b on a.member_id=b.id WHERE ( a.token = 'a14782764160fe8905a69b22ccb84eb2' ) AND ( b.status = 1 ) LIMIT 1   [ RunTime:0.000561s ]
SQL: SHOW COLUMNS FROM `zy_goods` [ RunTime:0.002739s ]
SQL: SHOW COLUMNS FROM `zy_goods` [ RunTime:0.003259s ]
NOTIC: [8] Undefined index: _order D:\wamp\www\guoji\yunwang\Api\AppApi\Lib\Action\GoodsAction.class.php 第 19 行.
NOTIC: [8] Undefined index: _sort D:\wamp\www\guoji\yunwang\Api\AppApi\Lib\Action\GoodsAction.class.php 第 26 行.
SQL: SELECT COUNT(*) AS tp_count FROM `zy_goods` LIMIT 1   [ RunTime:0.000281s ]
NOTIC: [8] Undefined index: page_size D:\wamp\www\guoji\yunwang\Api\AppApi\Lib\Action\GoodsAction.class.php 第 37 行.
NOTIC: [8] Undefined index: pageno D:\wamp\www\guoji\yunwang\Api\AppApi\Lib\Action\GoodsAction.class.php 第 39 行.
SQL: SELECT * FROM `zy_goods` ORDER BY `update_time` desc LIMIT 0,20   [ RunTime:0.000379s ]
NOTIC: [8] Undefined variable: voList3 D:\wamp\www\guoji\yunwang\Api\AppApi\Lib\Action\GoodsAction.class.php 第 45 行.

[ 2015-07-02T00:06:28+08:00 ] 127.0.0.1 /guoji/yunwang/api/index.php/Goods
INFO: [ route_check ] --START--
INFO: CheckRoute Behavior ::run [ RunTime:0.000803s ]
INFO: [ route_check ] --END-- [ RunTime:0.000921s ]
INFO: [ app_begin ] --START--
INFO: ReadHtmlCache Behavior ::run [ RunTime:0.000579s ]
INFO: [ app_begin ] --END-- [ RunTime:0.000658s ]
NOTIC: [8] Undefined index: token D:\wamp\www\guoji\yunwang\Api\AppApi\Lib\Action\CommonAction.class.php 第 9 行.
SQL: SHOW COLUMNS FROM `zy_member_token` [ RunTime:0.004048s ]
SQL: SELECT b.* FROM `zy_member_token` as a LEFT JOIN `zy_member` as b on a.member_id=b.id WHERE ( a.token = 'a14782764160fe8905a69b22ccb84eb2' ) AND ( b.status = 1 ) LIMIT 1   [ RunTime:0.000547s ]
SQL: SHOW COLUMNS FROM `zy_goods` [ RunTime:0.003079s ]
SQL: SHOW COLUMNS FROM `zy_goods` [ RunTime:0.003107s ]
NOTIC: [8] Undefined index: _order D:\wamp\www\guoji\yunwang\Api\AppApi\Lib\Action\GoodsAction.class.php 第 19 行.
NOTIC: [8] Undefined index: _sort D:\wamp\www\guoji\yunwang\Api\AppApi\Lib\Action\GoodsAction.class.php 第 26 行.
SQL: SELECT COUNT(*) AS tp_count FROM `zy_goods` LIMIT 1   [ RunTime:0.000210s ]
NOTIC: [8] Undefined index: page_size D:\wamp\www\guoji\yunwang\Api\AppApi\Lib\Action\GoodsAction.class.php 第 37 行.
NOTIC: [8] Undefined index: pageno D:\wamp\www\guoji\yunwang\Api\AppApi\Lib\Action\GoodsAction.class.php 第 39 行.
SQL: SELECT * FROM `zy_goods` ORDER BY `update_time` desc LIMIT 0,20   [ RunTime:0.000334s ]
NOTIC: [8] Undefined variable: voList3 D:\wamp\www\guoji\yunwang\Api\AppApi\Lib\Action\GoodsAction.class.php 第 45 行.

[ 2015-07-02T00:06:28+08:00 ] 127.0.0.1 /guoji/yunwang/api/index.php/Goods
INFO: [ route_check ] --START--
INFO: CheckRoute Behavior ::run [ RunTime:0.000685s ]
INFO: [ route_check ] --END-- [ RunTime:0.000770s ]
INFO: [ app_begin ] --START--
INFO: ReadHtmlCache Behavior ::run [ RunTime:0.000557s ]
INFO: [ app_begin ] --END-- [ RunTime:0.000631s ]
NOTIC: [8] Undefined index: token D:\wamp\www\guoji\yunwang\Api\AppApi\Lib\Action\CommonAction.class.php 第 9 行.
SQL: SHOW COLUMNS FROM `zy_member_token` [ RunTime:0.002936s ]
SQL: SELECT b.* FROM `zy_member_token` as a LEFT JOIN `zy_member` as b on a.member_id=b.id WHERE ( a.token = 'a14782764160fe8905a69b22ccb84eb2' ) AND ( b.status = 1 ) LIMIT 1   [ RunTime:0.001085s ]
SQL: SHOW COLUMNS FROM `zy_goods` [ RunTime:0.003092s ]
SQL: SHOW COLUMNS FROM `zy_goods` [ RunTime:0.002747s ]
NOTIC: [8] Undefined index: _order D:\wamp\www\guoji\yunwang\Api\AppApi\Lib\Action\GoodsAction.class.php 第 19 行.
NOTIC: [8] Undefined index: _sort D:\wamp\www\guoji\yunwang\Api\AppApi\Lib\Action\GoodsAction.class.php 第 26 行.
SQL: SELECT COUNT(*) AS tp_count FROM `zy_goods` LIMIT 1   [ RunTime:0.000213s ]
NOTIC: [8] Undefined index: page_size D:\wamp\www\guoji\yunwang\Api\AppApi\Lib\Action\GoodsAction.class.php 第 37 行.
NOTIC: [8] Undefined index: pageno D:\wamp\www\guoji\yunwang\Api\AppApi\Lib\Action\GoodsAction.class.php 第 39 行.
SQL: SELECT * FROM `zy_goods` ORDER BY `update_time` desc LIMIT 0,20   [ RunTime:0.000353s ]
NOTIC: [8] Undefined variable: voList3 D:\wamp\www\guoji\yunwang\Api\AppApi\Lib\Action\GoodsAction.class.php 第 45 行.

[ 2015-07-02T00:06:28+08:00 ] 127.0.0.1 /guoji/yunwang/api/index.php/Goods
INFO: [ route_check ] --START--
INFO: CheckRoute Behavior ::run [ RunTime:0.000716s ]
INFO: [ route_check ] --END-- [ RunTime:0.000797s ]
INFO: [ app_begin ] --START--
INFO: ReadHtmlCache Behavior ::run [ RunTime:0.000681s ]
INFO: [ app_begin ] --END-- [ RunTime:0.000771s ]
NOTIC: [8] Undefined index: token D:\wamp\www\guoji\yunwang\Api\AppApi\Lib\Action\CommonAction.class.php 第 9 行.
SQL: SHOW COLUMNS FROM `zy_member_token` [ RunTime:0.002519s ]
SQL: SELECT b.* FROM `zy_member_token` as a LEFT JOIN `zy_member` as b on a.member_id=b.id WHERE ( a.token = 'a14782764160fe8905a69b22ccb84eb2' ) AND ( b.status = 1 ) LIMIT 1   [ RunTime:0.000561s ]
SQL: SHOW COLUMNS FROM `zy_goods` [ RunTime:0.002792s ]
SQL: SHOW COLUMNS FROM `zy_goods` [ RunTime:0.004456s ]
NOTIC: [8] Undefined index: _order D:\wamp\www\guoji\yunwang\Api\AppApi\Lib\Action\GoodsAction.class.php 第 19 行.
NOTIC: [8] Undefined index: _sort D:\wamp\www\guoji\yunwang\Api\AppApi\Lib\Action\GoodsAction.class.php 第 26 行.
SQL: SELECT COUNT(*) AS tp_count FROM `zy_goods` LIMIT 1   [ RunTime:0.000239s ]
NOTIC: [8] Undefined index: page_size D:\wamp\www\guoji\yunwang\Api\AppApi\Lib\Action\GoodsAction.class.php 第 37 行.
NOTIC: [8] Undefined index: pageno D:\wamp\www\guoji\yunwang\Api\AppApi\Lib\Action\GoodsAction.class.php 第 39 行.
SQL: SELECT * FROM `zy_goods` ORDER BY `update_time` desc LIMIT 0,20   [ RunTime:0.000367s ]
NOTIC: [8] Undefined variable: voList3 D:\wamp\www\guoji\yunwang\Api\AppApi\Lib\Action\GoodsAction.class.php 第 45 行.

[ 2015-07-02T00:06:29+08:00 ] 127.0.0.1 /guoji/yunwang/api/index.php/Goods
INFO: [ route_check ] --START--
INFO: CheckRoute Behavior ::run [ RunTime:0.000702s ]
INFO: [ route_check ] --END-- [ RunTime:0.000785s ]
INFO: [ app_begin ] --START--
INFO: ReadHtmlCache Behavior ::run [ RunTime:0.000582s ]
INFO: [ app_begin ] --END-- [ RunTime:0.000655s ]
NOTIC: [8] Undefined index: token D:\wamp\www\guoji\yunwang\Api\AppApi\Lib\Action\CommonAction.class.php 第 9 行.
SQL: SHOW COLUMNS FROM `zy_member_token` [ RunTime:0.003711s ]
SQL: SELECT b.* FROM `zy_member_token` as a LEFT JOIN `zy_member` as b on a.member_id=b.id WHERE ( a.token = 'a14782764160fe8905a69b22ccb84eb2' ) AND ( b.status = 1 ) LIMIT 1   [ RunTime:0.000666s ]
SQL: SHOW COLUMNS FROM `zy_goods` [ RunTime:0.003799s ]
SQL: SHOW COLUMNS FROM `zy_goods` [ RunTime:0.002772s ]
NOTIC: [8] Undefined index: _order D:\wamp\www\guoji\yunwang\Api\AppApi\Lib\Action\GoodsAction.class.php 第 19 行.
NOTIC: [8] Undefined index: _sort D:\wamp\www\guoji\yunwang\Api\AppApi\Lib\Action\GoodsAction.class.php 第 26 行.
SQL: SELECT COUNT(*) AS tp_count FROM `zy_goods` LIMIT 1   [ RunTime:0.000208s ]
NOTIC: [8] Undefined index: page_size D:\wamp\www\guoji\yunwang\Api\AppApi\Lib\Action\GoodsAction.class.php 第 37 行.
NOTIC: [8] Undefined index: pageno D:\wamp\www\guoji\yunwang\Api\AppApi\Lib\Action\GoodsAction.class.php 第 39 行.
SQL: SELECT * FROM `zy_goods` ORDER BY `update_time` desc LIMIT 0,20   [ RunTime:0.000327s ]
NOTIC: [8] Undefined variable: voList3 D:\wamp\www\guoji\yunwang\Api\AppApi\Lib\Action\GoodsAction.class.php 第 45 行.

[ 2015-07-02T00:06:29+08:00 ] 127.0.0.1 /guoji/yunwang/api/index.php/Goods
INFO: [ route_check ] --START--
INFO: CheckRoute Behavior ::run [ RunTime:0.000728s ]
INFO: [ route_check ] --END-- [ RunTime:0.000810s ]
INFO: [ app_begin ] --START--
INFO: ReadHtmlCache Behavior ::run [ RunTime:0.000602s ]
INFO: [ app_begin ] --END-- [ RunTime:0.000675s ]
NOTIC: [8] Undefined index: token D:\wamp\www\guoji\yunwang\Api\AppApi\Lib\Action\CommonAction.class.php 第 9 行.
SQL: SHOW COLUMNS FROM `zy_member_token` [ RunTime:0.004275s ]
SQL: SELECT b.* FROM `zy_member_token` as a LEFT JOIN `zy_member` as b on a.member_id=b.id WHERE ( a.token = 'a14782764160fe8905a69b22ccb84eb2' ) AND ( b.status = 1 ) LIMIT 1   [ RunTime:0.000564s ]
SQL: SHOW COLUMNS FROM `zy_goods` [ RunTime:0.002825s ]
SQL: SHOW COLUMNS FROM `zy_goods` [ RunTime:0.002675s ]
NOTIC: [8] Undefined index: _order D:\wamp\www\guoji\yunwang\Api\AppApi\Lib\Action\GoodsAction.class.php 第 19 行.
NOTIC: [8] Undefined index: _sort D:\wamp\www\guoji\yunwang\Api\AppApi\Lib\Action\GoodsAction.class.php 第 26 行.
SQL: SELECT COUNT(*) AS tp_count FROM `zy_goods` LIMIT 1   [ RunTime:0.000202s ]
NOTIC: [8] Undefined index: page_size D:\wamp\www\guoji\yunwang\Api\AppApi\Lib\Action\GoodsAction.class.php 第 37 行.
NOTIC: [8] Undefined index: pageno D:\wamp\www\guoji\yunwang\Api\AppApi\Lib\Action\GoodsAction.class.php 第 39 行.
SQL: SELECT * FROM `zy_goods` ORDER BY `update_time` desc LIMIT 0,20   [ RunTime:0.000338s ]
NOTIC: [8] Undefined variable: voList3 D:\wamp\www\guoji\yunwang\Api\AppApi\Lib\Action\GoodsAction.class.php 第 45 行.

[ 2015-07-02T00:06:29+08:00 ] 127.0.0.1 /guoji/yunwang/api/index.php/Goods
INFO: [ route_check ] --START--
INFO: CheckRoute Behavior ::run [ RunTime:0.000979s ]
INFO: [ route_check ] --END-- [ RunTime:0.001178s ]
INFO: [ app_begin ] --START--
INFO: ReadHtmlCache Behavior ::run [ RunTime:0.000567s ]
INFO: [ app_begin ] --END-- [ RunTime:0.000640s ]
NOTIC: [8] Undefined index: token D:\wamp\www\guoji\yunwang\Api\AppApi\Lib\Action\CommonAction.class.php 第 9 行.
SQL: SHOW COLUMNS FROM `zy_member_token` [ RunTime:0.003687s ]
SQL: SELECT b.* FROM `zy_member_token` as a LEFT JOIN `zy_member` as b on a.member_id=b.id WHERE ( a.token = 'a14782764160fe8905a69b22ccb84eb2' ) AND ( b.status = 1 ) LIMIT 1   [ RunTime:0.000571s ]
SQL: SHOW COLUMNS FROM `zy_goods` [ RunTime:0.002993s ]
SQL: SHOW COLUMNS FROM `zy_goods` [ RunTime:0.003493s ]
NOTIC: [8] Undefined index: _order D:\wamp\www\guoji\yunwang\Api\AppApi\Lib\Action\GoodsAction.class.php 第 19 行.
NOTIC: [8] Undefined index: _sort D:\wamp\www\guoji\yunwang\Api\AppApi\Lib\Action\GoodsAction.class.php 第 26 行.
SQL: SELECT COUNT(*) AS tp_count FROM `zy_goods` LIMIT 1   [ RunTime:0.000248s ]
NOTIC: [8] Undefined index: page_size D:\wamp\www\guoji\yunwang\Api\AppApi\Lib\Action\GoodsAction.class.php 第 37 行.
NOTIC: [8] Undefined index: pageno D:\wamp\www\guoji\yunwang\Api\AppApi\Lib\Action\GoodsAction.class.php 第 39 行.
SQL: SELECT * FROM `zy_goods` ORDER BY `update_time` desc LIMIT 0,20   [ RunTime:0.000361s ]
NOTIC: [8] Undefined variable: voList3 D:\wamp\www\guoji\yunwang\Api\AppApi\Lib\Action\GoodsAction.class.php 第 45 行.

[ 2015-07-02T00:06:29+08:00 ] 127.0.0.1 /guoji/yunwang/api/index.php/Goods
INFO: [ route_check ] --START--
INFO: CheckRoute Behavior ::run [ RunTime:0.000685s ]
INFO: [ route_check ] --END-- [ RunTime:0.000769s ]
INFO: [ app_begin ] --START--
INFO: ReadHtmlCache Behavior ::run [ RunTime:0.000545s ]
INFO: [ app_begin ] --END-- [ RunTime:0.000617s ]
NOTIC: [8] Undefined index: token D:\wamp\www\guoji\yunwang\Api\AppApi\Lib\Action\CommonAction.class.php 第 9 行.
SQL: SHOW COLUMNS FROM `zy_member_token` [ RunTime:0.004014s ]
SQL: SELECT b.* FROM `zy_member_token` as a LEFT JOIN `zy_member` as b on a.member_id=b.id WHERE ( a.token = 'a14782764160fe8905a69b22ccb84eb2' ) AND ( b.status = 1 ) LIMIT 1   [ RunTime:0.000586s ]
SQL: SHOW COLUMNS FROM `zy_goods` [ RunTime:0.002712s ]
SQL: SHOW COLUMNS FROM `zy_goods` [ RunTime:0.002737s ]
NOTIC: [8] Undefined index: _order D:\wamp\www\guoji\yunwang\Api\AppApi\Lib\Action\GoodsAction.class.php 第 19 行.
NOTIC: [8] Undefined index: _sort D:\wamp\www\guoji\yunwang\Api\AppApi\Lib\Action\GoodsAction.class.php 第 26 行.
SQL: SELECT COUNT(*) AS tp_count FROM `zy_goods` LIMIT 1   [ RunTime:0.000193s ]
NOTIC: [8] Undefined index: page_size D:\wamp\www\guoji\yunwang\Api\AppApi\Lib\Action\GoodsAction.class.php 第 37 行.
NOTIC: [8] Undefined index: pageno D:\wamp\www\guoji\yunwang\Api\AppApi\Lib\Action\GoodsAction.class.php 第 39 行.
SQL: SELECT * FROM `zy_goods` ORDER BY `update_time` desc LIMIT 0,20   [ RunTime:0.000318s ]
NOTIC: [8] Undefined variable: voList3 D:\wamp\www\guoji\yunwang\Api\AppApi\Lib\Action\GoodsAction.class.php 第 45 行.

[ 2015-07-02T00:06:29+08:00 ] 127.0.0.1 /guoji/yunwang/api/index.php/Goods
INFO: [ route_check ] --START--
INFO: CheckRoute Behavior ::run [ RunTime:0.000673s ]
INFO: [ route_check ] --END-- [ RunTime:0.000757s ]
INFO: [ app_begin ] --START--
INFO: ReadHtmlCache Behavior ::run [ RunTime:0.000798s ]
INFO: [ app_begin ] --END-- [ RunTime:0.000920s ]
NOTIC: [8] Undefined index: token D:\wamp\www\guoji\yunwang\Api\AppApi\Lib\Action\CommonAction.class.php 第 9 行.
SQL: SHOW COLUMNS FROM `zy_member_token` [ RunTime:0.004288s ]
SQL: SELECT b.* FROM `zy_member_token` as a LEFT JOIN `zy_member` as b on a.member_id=b.id WHERE ( a.token = 'a14782764160fe8905a69b22ccb84eb2' ) AND ( b.status = 1 ) LIMIT 1   [ RunTime:0.000577s ]
SQL: SHOW COLUMNS FROM `zy_goods` [ RunTime:0.002715s ]
SQL: SHOW COLUMNS FROM `zy_goods` [ RunTime:0.002671s ]
NOTIC: [8] Undefined index: _order D:\wamp\www\guoji\yunwang\Api\AppApi\Lib\Action\GoodsAction.class.php 第 19 行.
NOTIC: [8] Undefined index: _sort D:\wamp\www\guoji\yunwang\Api\AppApi\Lib\Action\GoodsAction.class.php 第 26 行.
SQL: SELECT COUNT(*) AS tp_count FROM `zy_goods` LIMIT 1   [ RunTime:0.000211s ]
NOTIC: [8] Undefined index: page_size D:\wamp\www\guoji\yunwang\Api\AppApi\Lib\Action\GoodsAction.class.php 第 37 行.
NOTIC: [8] Undefined index: pageno D:\wamp\www\guoji\yunwang\Api\AppApi\Lib\Action\GoodsAction.class.php 第 39 行.
SQL: SELECT * FROM `zy_goods` ORDER BY `update_time` desc LIMIT 0,20   [ RunTime:0.000343s ]
NOTIC: [8] Undefined variable: voList3 D:\wamp\www\guoji\yunwang\Api\AppApi\Lib\Action\GoodsAction.class.php 第 45 行.

[ 2015-07-02T00:06:34+08:00 ] 127.0.0.1 /guoji/yunwang/api/index.php/Goods
INFO: [ route_check ] --START--
INFO: CheckRoute Behavior ::run [ RunTime:0.001133s ]
INFO: [ route_check ] --END-- [ RunTime:0.001261s ]
INFO: [ app_begin ] --START--
INFO: ReadHtmlCache Behavior ::run [ RunTime:0.000686s ]
INFO: [ app_begin ] --END-- [ RunTime:0.000772s ]
NOTIC: [8] Undefined index: token D:\wamp\www\guoji\yunwang\Api\AppApi\Lib\Action\CommonAction.class.php 第 9 行.
SQL: SHOW COLUMNS FROM `zy_member_token` [ RunTime:0.002610s ]
SQL: SELECT b.* FROM `zy_member_token` as a LEFT JOIN `zy_member` as b on a.member_id=b.id WHERE ( a.token = 'a14782764160fe8905a69b22ccb84eb2' ) AND ( b.status = 1 ) LIMIT 1   [ RunTime:0.000598s ]
SQL: SHOW COLUMNS FROM `zy_goods` [ RunTime:0.002927s ]
SQL: SHOW COLUMNS FROM `zy_goods` [ RunTime:0.003335s ]
NOTIC: [8] Undefined index: _order D:\wamp\www\guoji\yunwang\Api\AppApi\Lib\Action\GoodsAction.class.php 第 19 行.
NOTIC: [8] Undefined index: _sort D:\wamp\www\guoji\yunwang\Api\AppApi\Lib\Action\GoodsAction.class.php 第 26 行.
SQL: SELECT COUNT(*) AS tp_count FROM `zy_goods` LIMIT 1   [ RunTime:0.000385s ]
NOTIC: [8] Undefined index: page_size D:\wamp\www\guoji\yunwang\Api\AppApi\Lib\Action\GoodsAction.class.php 第 37 行.
NOTIC: [8] Undefined index: pageno D:\wamp\www\guoji\yunwang\Api\AppApi\Lib\Action\GoodsAction.class.php 第 39 行.
SQL: SELECT * FROM `zy_goods` ORDER BY `update_time` desc LIMIT 0,20   [ RunTime:0.000336s ]
NOTIC: [8] Undefined variable: voList3 D:\wamp\www\guoji\yunwang\Api\AppApi\Lib\Action\GoodsAction.class.php 第 45 行.

[ 2015-07-02T00:06:34+08:00 ] 127.0.0.1 /guoji/yunwang/api/index.php/Goods
INFO: [ route_check ] --START--
INFO: CheckRoute Behavior ::run [ RunTime:0.000643s ]
INFO: [ route_check ] --END-- [ RunTime:0.000726s ]
INFO: [ app_begin ] --START--
INFO: ReadHtmlCache Behavior ::run [ RunTime:0.000549s ]
INFO: [ app_begin ] --END-- [ RunTime:0.000621s ]
NOTIC: [8] Undefined index: token D:\wamp\www\guoji\yunwang\Api\AppApi\Lib\Action\CommonAction.class.php 第 9 行.
SQL: SHOW COLUMNS FROM `zy_member_token` [ RunTime:0.003546s ]
SQL: SELECT b.* FROM `zy_member_token` as a LEFT JOIN `zy_member` as b on a.member_id=b.id WHERE ( a.token = 'a14782764160fe8905a69b22ccb84eb2' ) AND ( b.status = 1 ) LIMIT 1   [ RunTime:0.000586s ]
SQL: SHOW COLUMNS FROM `zy_goods` [ RunTime:0.003549s ]
SQL: SHOW COLUMNS FROM `zy_goods` [ RunTime:0.003699s ]
NOTIC: [8] Undefined index: _order D:\wamp\www\guoji\yunwang\Api\AppApi\Lib\Action\GoodsAction.class.php 第 19 行.
NOTIC: [8] Undefined index: _sort D:\wamp\www\guoji\yunwang\Api\AppApi\Lib\Action\GoodsAction.class.php 第 26 行.
SQL: SELECT COUNT(*) AS tp_count FROM `zy_goods` LIMIT 1   [ RunTime:0.000205s ]
NOTIC: [8] Undefined index: page_size D:\wamp\www\guoji\yunwang\Api\AppApi\Lib\Action\GoodsAction.class.php 第 37 行.
NOTIC: [8] Undefined index: pageno D:\wamp\www\guoji\yunwang\Api\AppApi\Lib\Action\GoodsAction.class.php 第 39 行.
SQL: SELECT * FROM `zy_goods` ORDER BY `update_time` desc LIMIT 0,20   [ RunTime:0.000348s ]
NOTIC: [8] Undefined variable: voList3 D:\wamp\www\guoji\yunwang\Api\AppApi\Lib\Action\GoodsAction.class.php 第 45 行.

[ 2015-07-02T00:06:34+08:00 ] 127.0.0.1 /guoji/yunwang/api/index.php/Goods
INFO: [ route_check ] --START--
INFO: CheckRoute Behavior ::run [ RunTime:0.000745s ]
INFO: [ route_check ] --END-- [ RunTime:0.000830s ]
INFO: [ app_begin ] --START--
INFO: ReadHtmlCache Behavior ::run [ RunTime:0.000565s ]
INFO: [ app_begin ] --END-- [ RunTime:0.000644s ]
NOTIC: [8] Undefined index: token D:\wamp\www\guoji\yunwang\Api\AppApi\Lib\Action\CommonAction.class.php 第 9 行.
SQL: SHOW COLUMNS FROM `zy_member_token` [ RunTime:0.002608s ]
SQL: SELECT b.* FROM `zy_member_token` as a LEFT JOIN `zy_member` as b on a.member_id=b.id WHERE ( a.token = 'a14782764160fe8905a69b22ccb84eb2' ) AND ( b.status = 1 ) LIMIT 1   [ RunTime:0.000562s ]
SQL: SHOW COLUMNS FROM `zy_goods` [ RunTime:0.003418s ]
SQL: SHOW COLUMNS FROM `zy_goods` [ RunTime:0.003266s ]
NOTIC: [8] Undefined index: _order D:\wamp\www\guoji\yunwang\Api\AppApi\Lib\Action\GoodsAction.class.php 第 19 行.
NOTIC: [8] Undefined index: _sort D:\wamp\www\guoji\yunwang\Api\AppApi\Lib\Action\GoodsAction.class.php 第 26 行.
SQL: SELECT COUNT(*) AS tp_count FROM `zy_goods` LIMIT 1   [ RunTime:0.000220s ]
NOTIC: [8] Undefined index: page_size D:\wamp\www\guoji\yunwang\Api\AppApi\Lib\Action\GoodsAction.class.php 第 37 行.
NOTIC: [8] Undefined index: pageno D:\wamp\www\guoji\yunwang\Api\AppApi\Lib\Action\GoodsAction.class.php 第 39 行.
SQL: SELECT * FROM `zy_goods` ORDER BY `update_time` desc LIMIT 0,20   [ RunTime:0.000305s ]
NOTIC: [8] Undefined variable: voList3 D:\wamp\www\guoji\yunwang\Api\AppApi\Lib\Action\GoodsAction.class.php 第 45 行.

[ 2015-07-02T00:06:34+08:00 ] 127.0.0.1 /guoji/yunwang/api/index.php/Goods
INFO: [ route_check ] --START--
INFO: CheckRoute Behavior ::run [ RunTime:0.000703s ]
INFO: [ route_check ] --END-- [ RunTime:0.000791s ]
INFO: [ app_begin ] --START--
INFO: ReadHtmlCache Behavior ::run [ RunTime:0.000585s ]
INFO: [ app_begin ] --END-- [ RunTime:0.000660s ]
NOTIC: [8] Undefined index: token D:\wamp\www\guoji\yunwang\Api\AppApi\Lib\Action\CommonAction.class.php 第 9 行.
SQL: SHOW COLUMNS FROM `zy_member_token` [ RunTime:0.003264s ]
SQL: SELECT b.* FROM `zy_member_token` as a LEFT JOIN `zy_member` as b on a.member_id=b.id WHERE ( a.token = 'a14782764160fe8905a69b22ccb84eb2' ) AND ( b.status = 1 ) LIMIT 1   [ RunTime:0.000632s ]
SQL: SHOW COLUMNS FROM `zy_goods` [ RunTime:0.003500s ]
SQL: SHOW COLUMNS FROM `zy_goods` [ RunTime:0.003135s ]
NOTIC: [8] Undefined index: _order D:\wamp\www\guoji\yunwang\Api\AppApi\Lib\Action\GoodsAction.class.php 第 19 行.
NOTIC: [8] Undefined index: _sort D:\wamp\www\guoji\yunwang\Api\AppApi\Lib\Action\GoodsAction.class.php 第 26 行.
SQL: SELECT COUNT(*) AS tp_count FROM `zy_goods` LIMIT 1   [ RunTime:0.000215s ]
NOTIC: [8] Undefined index: page_size D:\wamp\www\guoji\yunwang\Api\AppApi\Lib\Action\GoodsAction.class.php 第 37 行.
NOTIC: [8] Undefined index: pageno D:\wamp\www\guoji\yunwang\Api\AppApi\Lib\Action\GoodsAction.class.php 第 39 行.
SQL: SELECT * FROM `zy_goods` ORDER BY `update_time` desc LIMIT 0,20   [ RunTime:0.000331s ]
NOTIC: [8] Undefined variable: voList3 D:\wamp\www\guoji\yunwang\Api\AppApi\Lib\Action\GoodsAction.class.php 第 45 行.

[ 2015-07-02T00:06:35+08:00 ] 127.0.0.1 /guoji/yunwang/api/index.php/Goods
INFO: [ route_check ] --START--
INFO: CheckRoute Behavior ::run [ RunTime:0.000722s ]
INFO: [ route_check ] --END-- [ RunTime:0.000829s ]
INFO: [ app_begin ] --START--
INFO: ReadHtmlCache Behavior ::run [ RunTime:0.000593s ]
INFO: [ app_begin ] --END-- [ RunTime:0.000664s ]
NOTIC: [8] Undefined index: token D:\wamp\www\guoji\yunwang\Api\AppApi\Lib\Action\CommonAction.class.php 第 9 行.
SQL: SHOW COLUMNS FROM `zy_member_token` [ RunTime:0.003295s ]
SQL: SELECT b.* FROM `zy_member_token` as a LEFT JOIN `zy_member` as b on a.member_id=b.id WHERE ( a.token = 'a14782764160fe8905a69b22ccb84eb2' ) AND ( b.status = 1 ) LIMIT 1   [ RunTime:0.000596s ]
SQL: SHOW COLUMNS FROM `zy_goods` [ RunTime:0.002897s ]
SQL: SHOW COLUMNS FROM `zy_goods` [ RunTime:0.003554s ]
NOTIC: [8] Undefined index: _order D:\wamp\www\guoji\yunwang\Api\AppApi\Lib\Action\GoodsAction.class.php 第 19 行.
NOTIC: [8] Undefined index: _sort D:\wamp\www\guoji\yunwang\Api\AppApi\Lib\Action\GoodsAction.class.php 第 26 行.
SQL: SELECT COUNT(*) AS tp_count FROM `zy_goods` LIMIT 1   [ RunTime:0.000221s ]
NOTIC: [8] Undefined index: page_size D:\wamp\www\guoji\yunwang\Api\AppApi\Lib\Action\GoodsAction.class.php 第 37 行.
NOTIC: [8] Undefined index: pageno D:\wamp\www\guoji\yunwang\Api\AppApi\Lib\Action\GoodsAction.class.php 第 39 行.
SQL: SELECT * FROM `zy_goods` ORDER BY `update_time` desc LIMIT 0,20   [ RunTime:0.000415s ]
NOTIC: [8] Undefined variable: voList3 D:\wamp\www\guoji\yunwang\Api\AppApi\Lib\Action\GoodsAction.class.php 第 45 行.

[ 2015-07-02T00:06:35+08:00 ] 127.0.0.1 /guoji/yunwang/api/index.php/Goods
INFO: [ route_check ] --START--
INFO: CheckRoute Behavior ::run [ RunTime:0.000999s ]
INFO: [ route_check ] --END-- [ RunTime:0.001142s ]
INFO: [ app_begin ] --START--
INFO: ReadHtmlCache Behavior ::run [ RunTime:0.000618s ]
INFO: [ app_begin ] --END-- [ RunTime:0.000693s ]
NOTIC: [8] Undefined index: token D:\wamp\www\guoji\yunwang\Api\AppApi\Lib\Action\CommonAction.class.php 第 9 行.
SQL: SHOW COLUMNS FROM `zy_member_token` [ RunTime:0.003262s ]
SQL: SELECT b.* FROM `zy_member_token` as a LEFT JOIN `zy_member` as b on a.member_id=b.id WHERE ( a.token = 'a14782764160fe8905a69b22ccb84eb2' ) AND ( b.status = 1 ) LIMIT 1   [ RunTime:0.000547s ]
SQL: SHOW COLUMNS FROM `zy_goods` [ RunTime:0.002768s ]
SQL: SHOW COLUMNS FROM `zy_goods` [ RunTime:0.002804s ]
NOTIC: [8] Undefined index: _order D:\wamp\www\guoji\yunwang\Api\AppApi\Lib\Action\GoodsAction.class.php 第 19 行.
NOTIC: [8] Undefined index: _sort D:\wamp\www\guoji\yunwang\Api\AppApi\Lib\Action\GoodsAction.class.php 第 26 行.
SQL: SELECT COUNT(*) AS tp_count FROM `zy_goods` LIMIT 1   [ RunTime:0.000209s ]
NOTIC: [8] Undefined index: page_size D:\wamp\www\guoji\yunwang\Api\AppApi\Lib\Action\GoodsAction.class.php 第 37 行.
NOTIC: [8] Undefined index: pageno D:\wamp\www\guoji\yunwang\Api\AppApi\Lib\Action\GoodsAction.class.php 第 39 行.
SQL: SELECT * FROM `zy_goods` ORDER BY `update_time` desc LIMIT 0,20   [ RunTime:0.000572s ]
NOTIC: [8] Undefined variable: voList3 D:\wamp\www\guoji\yunwang\Api\AppApi\Lib\Action\GoodsAction.class.php 第 45 行.

[ 2015-07-02T00:06:35+08:00 ] 127.0.0.1 /guoji/yunwang/api/index.php/Goods
INFO: [ route_check ] --START--
INFO: CheckRoute Behavior ::run [ RunTime:0.000667s ]
INFO: [ route_check ] --END-- [ RunTime:0.000752s ]
INFO: [ app_begin ] --START--
INFO: ReadHtmlCache Behavior ::run [ RunTime:0.000564s ]
INFO: [ app_begin ] --END-- [ RunTime:0.000637s ]
NOTIC: [8] Undefined index: token D:\wamp\www\guoji\yunwang\Api\AppApi\Lib\Action\CommonAction.class.php 第 9 行.
SQL: SHOW COLUMNS FROM `zy_member_token` [ RunTime:0.004095s ]
SQL: SELECT b.* FROM `zy_member_token` as a LEFT JOIN `zy_member` as b on a.member_id=b.id WHERE ( a.token = 'a14782764160fe8905a69b22ccb84eb2' ) AND ( b.status = 1 ) LIMIT 1   [ RunTime:0.000562s ]
SQL: SHOW COLUMNS FROM `zy_goods` [ RunTime:0.003349s ]
SQL: SHOW COLUMNS FROM `zy_goods` [ RunTime:0.003483s ]
NOTIC: [8] Undefined index: _order D:\wamp\www\guoji\yunwang\Api\AppApi\Lib\Action\GoodsAction.class.php 第 19 行.
NOTIC: [8] Undefined index: _sort D:\wamp\www\guoji\yunwang\Api\AppApi\Lib\Action\GoodsAction.class.php 第 26 行.
SQL: SELECT COUNT(*) AS tp_count FROM `zy_goods` LIMIT 1   [ RunTime:0.000212s ]
NOTIC: [8] Undefined index: page_size D:\wamp\www\guoji\yunwang\Api\AppApi\Lib\Action\GoodsAction.class.php 第 37 行.
NOTIC: [8] Undefined index: pageno D:\wamp\www\guoji\yunwang\Api\AppApi\Lib\Action\GoodsAction.class.php 第 39 行.
SQL: SELECT * FROM `zy_goods` ORDER BY `update_time` desc LIMIT 0,20   [ RunTime:0.000342s ]
NOTIC: [8] Undefined variable: voList3 D:\wamp\www\guoji\yunwang\Api\AppApi\Lib\Action\GoodsAction.class.php 第 45 行.

[ 2015-07-02T00:06:35+08:00 ] 127.0.0.1 /guoji/yunwang/api/index.php/Goods
INFO: [ route_check ] --START--
INFO: CheckRoute Behavior ::run [ RunTime:0.000678s ]
INFO: [ route_check ] --END-- [ RunTime:0.000760s ]
INFO: [ app_begin ] --START--
INFO: ReadHtmlCache Behavior ::run [ RunTime:0.000603s ]
INFO: [ app_begin ] --END-- [ RunTime:0.000675s ]
NOTIC: [8] Undefined index: token D:\wamp\www\guoji\yunwang\Api\AppApi\Lib\Action\CommonAction.class.php 第 9 行.
SQL: SHOW COLUMNS FROM `zy_member_token` [ RunTime:0.002604s ]
SQL: SELECT b.* FROM `zy_member_token` as a LEFT JOIN `zy_member` as b on a.member_id=b.id WHERE ( a.token = 'a14782764160fe8905a69b22ccb84eb2' ) AND ( b.status = 1 ) LIMIT 1   [ RunTime:0.000536s ]
SQL: SHOW COLUMNS FROM `zy_goods` [ RunTime:0.002961s ]
SQL: SHOW COLUMNS FROM `zy_goods` [ RunTime:0.004383s ]
NOTIC: [8] Undefined index: _order D:\wamp\www\guoji\yunwang\Api\AppApi\Lib\Action\GoodsAction.class.php 第 19 行.
NOTIC: [8] Undefined index: _sort D:\wamp\www\guoji\yunwang\Api\AppApi\Lib\Action\GoodsAction.class.php 第 26 行.
SQL: SELECT COUNT(*) AS tp_count FROM `zy_goods` LIMIT 1   [ RunTime:0.000317s ]
NOTIC: [8] Undefined index: page_size D:\wamp\www\guoji\yunwang\Api\AppApi\Lib\Action\GoodsAction.class.php 第 37 行.
NOTIC: [8] Undefined index: pageno D:\wamp\www\guoji\yunwang\Api\AppApi\Lib\Action\GoodsAction.class.php 第 39 行.
SQL: SELECT * FROM `zy_goods` ORDER BY `update_time` desc LIMIT 0,20   [ RunTime:0.000414s ]
NOTIC: [8] Undefined variable: voList3 D:\wamp\www\guoji\yunwang\Api\AppApi\Lib\Action\GoodsAction.class.php 第 45 行.

[ 2015-07-02T00:06:35+08:00 ] 127.0.0.1 /guoji/yunwang/api/index.php/Goods
INFO: [ route_check ] --START--
INFO: CheckRoute Behavior ::run [ RunTime:0.000638s ]
INFO: [ route_check ] --END-- [ RunTime:0.000719s ]
INFO: [ app_begin ] --START--
INFO: ReadHtmlCache Behavior ::run [ RunTime:0.000600s ]
INFO: [ app_begin ] --END-- [ RunTime:0.000673s ]
NOTIC: [8] Undefined index: token D:\wamp\www\guoji\yunwang\Api\AppApi\Lib\Action\CommonAction.class.php 第 9 行.
SQL: SHOW COLUMNS FROM `zy_member_token` [ RunTime:0.003221s ]
SQL: SELECT b.* FROM `zy_member_token` as a LEFT JOIN `zy_member` as b on a.member_id=b.id WHERE ( a.token = 'a14782764160fe8905a69b22ccb84eb2' ) AND ( b.status = 1 ) LIMIT 1   [ RunTime:0.000548s ]
SQL: SHOW COLUMNS FROM `zy_goods` [ RunTime:0.002858s ]
SQL: SHOW COLUMNS FROM `zy_goods` [ RunTime:0.004291s ]
NOTIC: [8] Undefined index: _order D:\wamp\www\guoji\yunwang\Api\AppApi\Lib\Action\GoodsAction.class.php 第 19 行.
NOTIC: [8] Undefined index: _sort D:\wamp\www\guoji\yunwang\Api\AppApi\Lib\Action\GoodsAction.class.php 第 26 行.
SQL: SELECT COUNT(*) AS tp_count FROM `zy_goods` LIMIT 1   [ RunTime:0.000238s ]
NOTIC: [8] Undefined index: page_size D:\wamp\www\guoji\yunwang\Api\AppApi\Lib\Action\GoodsAction.class.php 第 37 行.
NOTIC: [8] Undefined index: pageno D:\wamp\www\guoji\yunwang\Api\AppApi\Lib\Action\GoodsAction.class.php 第 39 行.
SQL: SELECT * FROM `zy_goods` ORDER BY `update_time` desc LIMIT 0,20   [ RunTime:0.000359s ]
NOTIC: [8] Undefined variable: voList3 D:\wamp\www\guoji\yunwang\Api\AppApi\Lib\Action\GoodsAction.class.php 第 45 行.

[ 2015-07-02T00:06:36+08:00 ] 127.0.0.1 /guoji/yunwang/api/index.php/Goods
INFO: [ route_check ] --START--
INFO: CheckRoute Behavior ::run [ RunTime:0.000765s ]
INFO: [ route_check ] --END-- [ RunTime:0.000874s ]
INFO: [ app_begin ] --START--
INFO: ReadHtmlCache Behavior ::run [ RunTime:0.000613s ]
INFO: [ app_begin ] --END-- [ RunTime:0.000692s ]
NOTIC: [8] Undefined index: token D:\wamp\www\guoji\yunwang\Api\AppApi\Lib\Action\CommonAction.class.php 第 9 行.
SQL: SHOW COLUMNS FROM `zy_member_token` [ RunTime:0.002628s ]
SQL: SELECT b.* FROM `zy_member_token` as a LEFT JOIN `zy_member` as b on a.member_id=b.id WHERE ( a.token = 'a14782764160fe8905a69b22ccb84eb2' ) AND ( b.status = 1 ) LIMIT 1   [ RunTime:0.000567s ]
SQL: SHOW COLUMNS FROM `zy_goods` [ RunTime:0.002702s ]
SQL: SHOW COLUMNS FROM `zy_goods` [ RunTime:0.003282s ]
NOTIC: [8] Undefined index: _order D:\wamp\www\guoji\yunwang\Api\AppApi\Lib\Action\GoodsAction.class.php 第 19 行.
NOTIC: [8] Undefined index: _sort D:\wamp\www\guoji\yunwang\Api\AppApi\Lib\Action\GoodsAction.class.php 第 26 行.
SQL: SELECT COUNT(*) AS tp_count FROM `zy_goods` LIMIT 1   [ RunTime:0.000319s ]
NOTIC: [8] Undefined index: page_size D:\wamp\www\guoji\yunwang\Api\AppApi\Lib\Action\GoodsAction.class.php 第 37 行.
NOTIC: [8] Undefined index: pageno D:\wamp\www\guoji\yunwang\Api\AppApi\Lib\Action\GoodsAction.class.php 第 39 行.
SQL: SELECT * FROM `zy_goods` ORDER BY `update_time` desc LIMIT 0,20   [ RunTime:0.000381s ]
NOTIC: [8] Undefined variable: voList3 D:\wamp\www\guoji\yunwang\Api\AppApi\Lib\Action\GoodsAction.class.php 第 45 行.

[ 2015-07-02T00:06:36+08:00 ] 127.0.0.1 /guoji/yunwang/api/index.php/Goods
INFO: [ route_check ] --START--
INFO: CheckRoute Behavior ::run [ RunTime:0.000642s ]
INFO: [ route_check ] --END-- [ RunTime:0.000724s ]
INFO: [ app_begin ] --START--
INFO: ReadHtmlCache Behavior ::run [ RunTime:0.000525s ]
INFO: [ app_begin ] --END-- [ RunTime:0.000596s ]
NOTIC: [8] Undefined index: token D:\wamp\www\guoji\yunwang\Api\AppApi\Lib\Action\CommonAction.class.php 第 9 行.
SQL: SHOW COLUMNS FROM `zy_member_token` [ RunTime:0.002526s ]
SQL: SELECT b.* FROM `zy_member_token` as a LEFT JOIN `zy_member` as b on a.member_id=b.id WHERE ( a.token = 'a14782764160fe8905a69b22ccb84eb2' ) AND ( b.status = 1 ) LIMIT 1   [ RunTime:0.000537s ]
SQL: SHOW COLUMNS FROM `zy_goods` [ RunTime:0.002703s ]
SQL: SHOW COLUMNS FROM `zy_goods` [ RunTime:0.004142s ]
NOTIC: [8] Undefined index: _order D:\wamp\www\guoji\yunwang\Api\AppApi\Lib\Action\GoodsAction.class.php 第 19 行.
NOTIC: [8] Undefined index: _sort D:\wamp\www\guoji\yunwang\Api\AppApi\Lib\Action\GoodsAction.class.php 第 26 行.
SQL: SELECT COUNT(*) AS tp_count FROM `zy_goods` LIMIT 1   [ RunTime:0.000245s ]
NOTIC: [8] Undefined index: page_size D:\wamp\www\guoji\yunwang\Api\AppApi\Lib\Action\GoodsAction.class.php 第 37 行.
NOTIC: [8] Undefined index: pageno D:\wamp\www\guoji\yunwang\Api\AppApi\Lib\Action\GoodsAction.class.php 第 39 行.
SQL: SELECT * FROM `zy_goods` ORDER BY `update_time` desc LIMIT 0,20   [ RunTime:0.000364s ]
NOTIC: [8] Undefined variable: voList3 D:\wamp\www\guoji\yunwang\Api\AppApi\Lib\Action\GoodsAction.class.php 第 45 行.

[ 2015-07-02T00:06:36+08:00 ] 127.0.0.1 /guoji/yunwang/api/index.php/Goods
INFO: [ route_check ] --START--
INFO: CheckRoute Behavior ::run [ RunTime:0.000747s ]
INFO: [ route_check ] --END-- [ RunTime:0.000832s ]
INFO: [ app_begin ] --START--
INFO: ReadHtmlCache Behavior ::run [ RunTime:0.000590s ]
INFO: [ app_begin ] --END-- [ RunTime:0.000663s ]
NOTIC: [8] Undefined index: token D:\wamp\www\guoji\yunwang\Api\AppApi\Lib\Action\CommonAction.class.php 第 9 行.
SQL: SHOW COLUMNS FROM `zy_member_token` [ RunTime:0.003824s ]
SQL: SELECT b.* FROM `zy_member_token` as a LEFT JOIN `zy_member` as b on a.member_id=b.id WHERE ( a.token = 'a14782764160fe8905a69b22ccb84eb2' ) AND ( b.status = 1 ) LIMIT 1   [ RunTime:0.000556s ]
SQL: SHOW COLUMNS FROM `zy_goods` [ RunTime:0.003207s ]
SQL: SHOW COLUMNS FROM `zy_goods` [ RunTime:0.003228s ]
NOTIC: [8] Undefined index: _order D:\wamp\www\guoji\yunwang\Api\AppApi\Lib\Action\GoodsAction.class.php 第 19 行.
NOTIC: [8] Undefined index: _sort D:\wamp\www\guoji\yunwang\Api\AppApi\Lib\Action\GoodsAction.class.php 第 26 行.
SQL: SELECT COUNT(*) AS tp_count FROM `zy_goods` LIMIT 1   [ RunTime:0.000225s ]
NOTIC: [8] Undefined index: page_size D:\wamp\www\guoji\yunwang\Api\AppApi\Lib\Action\GoodsAction.class.php 第 37 行.
NOTIC: [8] Undefined index: pageno D:\wamp\www\guoji\yunwang\Api\AppApi\Lib\Action\GoodsAction.class.php 第 39 行.
SQL: SELECT * FROM `zy_goods` ORDER BY `update_time` desc LIMIT 0,20   [ RunTime:0.000360s ]
NOTIC: [8] Undefined variable: voList3 D:\wamp\www\guoji\yunwang\Api\AppApi\Lib\Action\GoodsAction.class.php 第 45 行.

[ 2015-07-02T00:06:36+08:00 ] 127.0.0.1 /guoji/yunwang/api/index.php/Goods
INFO: [ route_check ] --START--
INFO: CheckRoute Behavior ::run [ RunTime:0.000673s ]
INFO: [ route_check ] --END-- [ RunTime:0.000759s ]
INFO: [ app_begin ] --START--
INFO: ReadHtmlCache Behavior ::run [ RunTime:0.000534s ]
INFO: [ app_begin ] --END-- [ RunTime:0.000611s ]
NOTIC: [8] Undefined index: token D:\wamp\www\guoji\yunwang\Api\AppApi\Lib\Action\CommonAction.class.php 第 9 行.
SQL: SHOW COLUMNS FROM `zy_member_token` [ RunTime:0.004013s ]
SQL: SELECT b.* FROM `zy_member_token` as a LEFT JOIN `zy_member` as b on a.member_id=b.id WHERE ( a.token = 'a14782764160fe8905a69b22ccb84eb2' ) AND ( b.status = 1 ) LIMIT 1   [ RunTime:0.000576s ]
SQL: SHOW COLUMNS FROM `zy_goods` [ RunTime:0.002724s ]
SQL: SHOW COLUMNS FROM `zy_goods` [ RunTime:0.002722s ]
NOTIC: [8] Undefined index: _order D:\wamp\www\guoji\yunwang\Api\AppApi\Lib\Action\GoodsAction.class.php 第 19 行.
NOTIC: [8] Undefined index: _sort D:\wamp\www\guoji\yunwang\Api\AppApi\Lib\Action\GoodsAction.class.php 第 26 行.
SQL: SELECT COUNT(*) AS tp_count FROM `zy_goods` LIMIT 1   [ RunTime:0.000217s ]
NOTIC: [8] Undefined index: page_size D:\wamp\www\guoji\yunwang\Api\AppApi\Lib\Action\GoodsAction.class.php 第 37 行.
NOTIC: [8] Undefined index: pageno D:\wamp\www\guoji\yunwang\Api\AppApi\Lib\Action\GoodsAction.class.php 第 39 行.
SQL: SELECT * FROM `zy_goods` ORDER BY `update_time` desc LIMIT 0,20   [ RunTime:0.000355s ]
NOTIC: [8] Undefined variable: voList3 D:\wamp\www\guoji\yunwang\Api\AppApi\Lib\Action\GoodsAction.class.php 第 45 行.

[ 2015-07-02T00:06:36+08:00 ] 127.0.0.1 /guoji/yunwang/api/index.php/Goods
INFO: [ route_check ] --START--
INFO: CheckRoute Behavior ::run [ RunTime:0.000884s ]
INFO: [ route_check ] --END-- [ RunTime:0.001022s ]
INFO: [ app_begin ] --START--
INFO: ReadHtmlCache Behavior ::run [ RunTime:0.000643s ]
INFO: [ app_begin ] --END-- [ RunTime:0.000717s ]
NOTIC: [8] Undefined index: token D:\wamp\www\guoji\yunwang\Api\AppApi\Lib\Action\CommonAction.class.php 第 9 行.
SQL: SHOW COLUMNS FROM `zy_member_token` [ RunTime:0.002499s ]
SQL: SELECT b.* FROM `zy_member_token` as a LEFT JOIN `zy_member` as b on a.member_id=b.id WHERE ( a.token = 'a14782764160fe8905a69b22ccb84eb2' ) AND ( b.status = 1 ) LIMIT 1   [ RunTime:0.000533s ]
SQL: SHOW COLUMNS FROM `zy_goods` [ RunTime:0.002633s ]
SQL: SHOW COLUMNS FROM `zy_goods` [ RunTime:0.003683s ]
NOTIC: [8] Undefined index: _order D:\wamp\www\guoji\yunwang\Api\AppApi\Lib\Action\GoodsAction.class.php 第 19 行.
NOTIC: [8] Undefined index: _sort D:\wamp\www\guoji\yunwang\Api\AppApi\Lib\Action\GoodsAction.class.php 第 26 行.
SQL: SELECT COUNT(*) AS tp_count FROM `zy_goods` LIMIT 1   [ RunTime:0.000412s ]
NOTIC: [8] Undefined index: page_size D:\wamp\www\guoji\yunwang\Api\AppApi\Lib\Action\GoodsAction.class.php 第 37 行.
NOTIC: [8] Undefined index: pageno D:\wamp\www\guoji\yunwang\Api\AppApi\Lib\Action\GoodsAction.class.php 第 39 行.
SQL: SELECT * FROM `zy_goods` ORDER BY `update_time` desc LIMIT 0,20   [ RunTime:0.000344s ]
NOTIC: [8] Undefined variable: voList3 D:\wamp\www\guoji\yunwang\Api\AppApi\Lib\Action\GoodsAction.class.php 第 45 行.

[ 2015-07-02T00:06:36+08:00 ] 127.0.0.1 /guoji/yunwang/api/index.php/Goods
INFO: [ route_check ] --START--
INFO: CheckRoute Behavior ::run [ RunTime:0.000726s ]
INFO: [ route_check ] --END-- [ RunTime:0.000809s ]
INFO: [ app_begin ] --START--
INFO: ReadHtmlCache Behavior ::run [ RunTime:0.000602s ]
INFO: [ app_begin ] --END-- [ RunTime:0.000676s ]
NOTIC: [8] Undefined index: token D:\wamp\www\guoji\yunwang\Api\AppApi\Lib\Action\CommonAction.class.php 第 9 行.
SQL: SHOW COLUMNS FROM `zy_member_token` [ RunTime:0.003299s ]
SQL: SELECT b.* FROM `zy_member_token` as a LEFT JOIN `zy_member` as b on a.member_id=b.id WHERE ( a.token = 'a14782764160fe8905a69b22ccb84eb2' ) AND ( b.status = 1 ) LIMIT 1   [ RunTime:0.000573s ]
SQL: SHOW COLUMNS FROM `zy_goods` [ RunTime:0.002674s ]
SQL: SHOW COLUMNS FROM `zy_goods` [ RunTime:0.002823s ]
NOTIC: [8] Undefined index: _order D:\wamp\www\guoji\yunwang\Api\AppApi\Lib\Action\GoodsAction.class.php 第 19 行.
NOTIC: [8] Undefined index: _sort D:\wamp\www\guoji\yunwang\Api\AppApi\Lib\Action\GoodsAction.class.php 第 26 行.
SQL: SELECT COUNT(*) AS tp_count FROM `zy_goods` LIMIT 1   [ RunTime:0.000207s ]
NOTIC: [8] Undefined index: page_size D:\wamp\www\guoji\yunwang\Api\AppApi\Lib\Action\GoodsAction.class.php 第 37 行.
NOTIC: [8] Undefined index: pageno D:\wamp\www\guoji\yunwang\Api\AppApi\Lib\Action\GoodsAction.class.php 第 39 行.
SQL: SELECT * FROM `zy_goods` ORDER BY `update_time` desc LIMIT 0,20   [ RunTime:0.000317s ]
NOTIC: [8] Undefined variable: voList3 D:\wamp\www\guoji\yunwang\Api\AppApi\Lib\Action\GoodsAction.class.php 第 45 行.

[ 2015-07-02T00:06:36+08:00 ] 127.0.0.1 /guoji/yunwang/api/index.php/Goods
INFO: [ route_check ] --START--
INFO: CheckRoute Behavior ::run [ RunTime:0.000641s ]
INFO: [ route_check ] --END-- [ RunTime:0.000722s ]
INFO: [ app_begin ] --START--
INFO: ReadHtmlCache Behavior ::run [ RunTime:0.000527s ]
INFO: [ app_begin ] --END-- [ RunTime:0.000597s ]
NOTIC: [8] Undefined index: token D:\wamp\www\guoji\yunwang\Api\AppApi\Lib\Action\CommonAction.class.php 第 9 行.
SQL: SHOW COLUMNS FROM `zy_member_token` [ RunTime:0.002943s ]
SQL: SELECT b.* FROM `zy_member_token` as a LEFT JOIN `zy_member` as b on a.member_id=b.id WHERE ( a.token = 'a14782764160fe8905a69b22ccb84eb2' ) AND ( b.status = 1 ) LIMIT 1   [ RunTime:0.001168s ]
SQL: SHOW COLUMNS FROM `zy_goods` [ RunTime:0.003175s ]
SQL: SHOW COLUMNS FROM `zy_goods` [ RunTime:0.002694s ]
NOTIC: [8] Undefined index: _order D:\wamp\www\guoji\yunwang\Api\AppApi\Lib\Action\GoodsAction.class.php 第 19 行.
NOTIC: [8] Undefined index: _sort D:\wamp\www\guoji\yunwang\Api\AppApi\Lib\Action\GoodsAction.class.php 第 26 行.
SQL: SELECT COUNT(*) AS tp_count FROM `zy_goods` LIMIT 1   [ RunTime:0.000229s ]
NOTIC: [8] Undefined index: page_size D:\wamp\www\guoji\yunwang\Api\AppApi\Lib\Action\GoodsAction.class.php 第 37 行.
NOTIC: [8] Undefined index: pageno D:\wamp\www\guoji\yunwang\Api\AppApi\Lib\Action\GoodsAction.class.php 第 39 行.
SQL: SELECT * FROM `zy_goods` ORDER BY `update_time` desc LIMIT 0,20   [ RunTime:0.000358s ]
NOTIC: [8] Undefined variable: voList3 D:\wamp\www\guoji\yunwang\Api\AppApi\Lib\Action\GoodsAction.class.php 第 45 行.

[ 2015-07-02T00:06:37+08:00 ] 127.0.0.1 /guoji/yunwang/api/index.php/Goods
INFO: [ route_check ] --START--
INFO: CheckRoute Behavior ::run [ RunTime:0.000653s ]
INFO: [ route_check ] --END-- [ RunTime:0.000738s ]
INFO: [ app_begin ] --START--
INFO: ReadHtmlCache Behavior ::run [ RunTime:0.000525s ]
INFO: [ app_begin ] --END-- [ RunTime:0.000597s ]
NOTIC: [8] Undefined index: token D:\wamp\www\guoji\yunwang\Api\AppApi\Lib\Action\CommonAction.class.php 第 9 行.
SQL: SHOW COLUMNS FROM `zy_member_token` [ RunTime:0.002545s ]
SQL: SELECT b.* FROM `zy_member_token` as a LEFT JOIN `zy_member` as b on a.member_id=b.id WHERE ( a.token = 'a14782764160fe8905a69b22ccb84eb2' ) AND ( b.status = 1 ) LIMIT 1   [ RunTime:0.000547s ]
SQL: SHOW COLUMNS FROM `zy_goods` [ RunTime:0.002779s ]
SQL: SHOW COLUMNS FROM `zy_goods` [ RunTime:0.002906s ]
NOTIC: [8] Undefined index: _order D:\wamp\www\guoji\yunwang\Api\AppApi\Lib\Action\GoodsAction.class.php 第 19 行.
NOTIC: [8] Undefined index: _sort D:\wamp\www\guoji\yunwang\Api\AppApi\Lib\Action\GoodsAction.class.php 第 26 行.
SQL: SELECT COUNT(*) AS tp_count FROM `zy_goods` LIMIT 1   [ RunTime:0.000709s ]
NOTIC: [8] Undefined index: page_size D:\wamp\www\guoji\yunwang\Api\AppApi\Lib\Action\GoodsAction.class.php 第 37 行.
NOTIC: [8] Undefined index: pageno D:\wamp\www\guoji\yunwang\Api\AppApi\Lib\Action\GoodsAction.class.php 第 39 行.
SQL: SELECT * FROM `zy_goods` ORDER BY `update_time` desc LIMIT 0,20   [ RunTime:0.000563s ]
NOTIC: [8] Undefined variable: voList3 D:\wamp\www\guoji\yunwang\Api\AppApi\Lib\Action\GoodsAction.class.php 第 45 行.

[ 2015-07-02T00:06:37+08:00 ] 127.0.0.1 /guoji/yunwang/api/index.php/Goods
INFO: [ route_check ] --START--
INFO: CheckRoute Behavior ::run [ RunTime:0.000677s ]
INFO: [ route_check ] --END-- [ RunTime:0.000761s ]
INFO: [ app_begin ] --START--
INFO: ReadHtmlCache Behavior ::run [ RunTime:0.000600s ]
INFO: [ app_begin ] --END-- [ RunTime:0.000673s ]
NOTIC: [8] Undefined index: token D:\wamp\www\guoji\yunwang\Api\AppApi\Lib\Action\CommonAction.class.php 第 9 行.
SQL: SHOW COLUMNS FROM `zy_member_token` [ RunTime:0.004305s ]
SQL: SELECT b.* FROM `zy_member_token` as a LEFT JOIN `zy_member` as b on a.member_id=b.id WHERE ( a.token = 'a14782764160fe8905a69b22ccb84eb2' ) AND ( b.status = 1 ) LIMIT 1   [ RunTime:0.000540s ]
SQL: SHOW COLUMNS FROM `zy_goods` [ RunTime:0.003447s ]
SQL: SHOW COLUMNS FROM `zy_goods` [ RunTime:0.003345s ]
NOTIC: [8] Undefined index: _order D:\wamp\www\guoji\yunwang\Api\AppApi\Lib\Action\GoodsAction.class.php 第 19 行.
NOTIC: [8] Undefined index: _sort D:\wamp\www\guoji\yunwang\Api\AppApi\Lib\Action\GoodsAction.class.php 第 26 行.
SQL: SELECT COUNT(*) AS tp_count FROM `zy_goods` LIMIT 1   [ RunTime:0.000229s ]
NOTIC: [8] Undefined index: page_size D:\wamp\www\guoji\yunwang\Api\AppApi\Lib\Action\GoodsAction.class.php 第 37 行.
NOTIC: [8] Undefined index: pageno D:\wamp\www\guoji\yunwang\Api\AppApi\Lib\Action\GoodsAction.class.php 第 39 行.
SQL: SELECT * FROM `zy_goods` ORDER BY `update_time` desc LIMIT 0,20   [ RunTime:0.000359s ]
NOTIC: [8] Undefined variable: voList3 D:\wamp\www\guoji\yunwang\Api\AppApi\Lib\Action\GoodsAction.class.php 第 45 行.

[ 2015-07-02T00:07:07+08:00 ] 127.0.0.1 /guoji/yunwang/api/index.php/Goods
INFO: [ route_check ] --START--
INFO: CheckRoute Behavior ::run [ RunTime:0.000681s ]
INFO: [ route_check ] --END-- [ RunTime:0.000799s ]
INFO: [ app_begin ] --START--
INFO: ReadHtmlCache Behavior ::run [ RunTime:0.000610s ]
INFO: [ app_begin ] --END-- [ RunTime:0.000700s ]
NOTIC: [8] Undefined index: token D:\wamp\www\guoji\yunwang\Api\AppApi\Lib\Action\CommonAction.class.php 第 9 行.
SQL: SHOW COLUMNS FROM `zy_member_token` [ RunTime:0.002482s ]
SQL: SELECT b.* FROM `zy_member_token` as a LEFT JOIN `zy_member` as b on a.member_id=b.id WHERE ( a.token = 'a14782764160fe8905a69b22ccb84eb2' ) AND ( b.status = 1 ) LIMIT 1   [ RunTime:0.000545s ]
SQL: SHOW COLUMNS FROM `zy_goods` [ RunTime:0.003256s ]
SQL: SHOW COLUMNS FROM `zy_goods` [ RunTime:0.004097s ]
NOTIC: [8] Undefined index: _order D:\wamp\www\guoji\yunwang\Api\AppApi\Lib\Action\GoodsAction.class.php 第 19 行.
NOTIC: [8] Undefined index: _sort D:\wamp\www\guoji\yunwang\Api\AppApi\Lib\Action\GoodsAction.class.php 第 26 行.
SQL: SELECT COUNT(*) AS tp_count FROM `zy_goods` LIMIT 1   [ RunTime:0.000231s ]
NOTIC: [8] Undefined index: page_size D:\wamp\www\guoji\yunwang\Api\AppApi\Lib\Action\GoodsAction.class.php 第 37 行.
NOTIC: [8] Undefined index: pageno D:\wamp\www\guoji\yunwang\Api\AppApi\Lib\Action\GoodsAction.class.php 第 39 行.
SQL: SELECT * FROM `zy_goods` ORDER BY `update_time` desc LIMIT 0,20   [ RunTime:0.000358s ]

[ 2015-07-02T00:07:23+08:00 ] 127.0.0.1 /guoji/yunwang/api/index.php/Goods
INFO: [ route_check ] --START--
INFO: CheckRoute Behavior ::run [ RunTime:0.000663s ]
INFO: [ route_check ] --END-- [ RunTime:0.000745s ]
INFO: [ app_begin ] --START--
INFO: ReadHtmlCache Behavior ::run [ RunTime:0.000536s ]
INFO: [ app_begin ] --END-- [ RunTime:0.000612s ]
NOTIC: [8] Undefined index: token D:\wamp\www\guoji\yunwang\Api\AppApi\Lib\Action\CommonAction.class.php 第 9 行.
SQL: SHOW COLUMNS FROM `zy_member_token` [ RunTime:0.002469s ]
SQL: SELECT b.* FROM `zy_member_token` as a LEFT JOIN `zy_member` as b on a.member_id=b.id WHERE ( a.token = 'a14782764160fe8905a69b22ccb84eb2' ) AND ( b.status = 1 ) LIMIT 1   [ RunTime:0.000574s ]
SQL: SHOW COLUMNS FROM `zy_goods` [ RunTime:0.003814s ]
SQL: SHOW COLUMNS FROM `zy_goods` [ RunTime:0.003478s ]
NOTIC: [8] Undefined index: _order D:\wamp\www\guoji\yunwang\Api\AppApi\Lib\Action\GoodsAction.class.php 第 14 行.
NOTIC: [8] Undefined index: _sort D:\wamp\www\guoji\yunwang\Api\AppApi\Lib\Action\GoodsAction.class.php 第 21 行.
SQL: SELECT COUNT(*) AS tp_count FROM `zy_goods` LIMIT 1   [ RunTime:0.000527s ]
NOTIC: [8] Undefined index: page_size D:\wamp\www\guoji\yunwang\Api\AppApi\Lib\Action\GoodsAction.class.php 第 32 行.
NOTIC: [8] Undefined index: pageno D:\wamp\www\guoji\yunwang\Api\AppApi\Lib\Action\GoodsAction.class.php 第 34 行.
SQL: SELECT `id`,`name`,`subtitle`,`goods_sn`,`lit_pic`,`tid`,`market_price` FROM `zy_goods` ORDER BY `update_time` desc LIMIT 0,20   [ RunTime:0.000324s ]

[ 2015-07-02T00:11:19+08:00 ] 127.0.0.1 /guoji/yunwang/api/index.php/Goods
INFO: [ route_check ] --START--
INFO: CheckRoute Behavior ::run [ RunTime:0.001140s ]
INFO: [ route_check ] --END-- [ RunTime:0.001234s ]
INFO: [ app_begin ] --START--
INFO: ReadHtmlCache Behavior ::run [ RunTime:0.000790s ]
INFO: [ app_begin ] --END-- [ RunTime:0.000887s ]
NOTIC: [8] Undefined index: token D:\wamp\www\guoji\yunwang\Api\AppApi\Lib\Action\CommonAction.class.php 第 9 行.
SQL: SHOW COLUMNS FROM `zy_member_token` [ RunTime:0.002951s ]
SQL: SELECT b.* FROM `zy_member_token` as a LEFT JOIN `zy_member` as b on a.member_id=b.id WHERE ( a.token = 'a14782764160fe8905a69b22ccb84eb2' ) AND ( b.status = 1 ) LIMIT 1   [ RunTime:0.000606s ]
SQL: SHOW COLUMNS FROM `zy_goods` [ RunTime:0.002712s ]
SQL: SHOW COLUMNS FROM `zy_goods` [ RunTime:0.003126s ]
NOTIC: [8] Undefined index: _order D:\wamp\www\guoji\yunwang\Api\AppApi\Lib\Action\GoodsAction.class.php 第 14 行.
NOTIC: [8] Undefined index: _sort D:\wamp\www\guoji\yunwang\Api\AppApi\Lib\Action\GoodsAction.class.php 第 21 行.
SQL: SELECT COUNT(*) AS tp_count FROM `zy_goods` LIMIT 1   [ RunTime:0.000413s ]
NOTIC: [8] Undefined index: page_size D:\wamp\www\guoji\yunwang\Api\AppApi\Lib\Action\GoodsAction.class.php 第 32 行.
NOTIC: [8] Undefined index: pageno D:\wamp\www\guoji\yunwang\Api\AppApi\Lib\Action\GoodsAction.class.php 第 34 行.
SQL: SELECT `id`,`name`,`subtitle`,`goods_sn`,`lit_pic`,`tid`,`market_price`,`price`,`stock` FROM `zy_goods` ORDER BY `update_time` desc LIMIT 0,20   [ RunTime:0.000370s ]

[ 2015-07-02T00:14:55+08:00 ] 127.0.0.1 /guoji/yunwang/api/index.php/Goods
INFO: [ route_check ] --START--
INFO: CheckRoute Behavior ::run [ RunTime:0.000717s ]
INFO: [ route_check ] --END-- [ RunTime:0.000802s ]
INFO: [ app_begin ] --START--
INFO: ReadHtmlCache Behavior ::run [ RunTime:0.000549s ]
INFO: [ app_begin ] --END-- [ RunTime:0.000625s ]
NOTIC: [8] Undefined index: token D:\wamp\www\guoji\yunwang\Api\AppApi\Lib\Action\CommonAction.class.php 第 9 行.
SQL: SHOW COLUMNS FROM `zy_member_token` [ RunTime:0.002642s ]
SQL: SELECT b.* FROM `zy_member_token` as a LEFT JOIN `zy_member` as b on a.member_id=b.id WHERE ( a.token = 'a14782764160fe8905a69b22ccb84eb2' ) AND ( b.status = 1 ) LIMIT 1   [ RunTime:0.000863s ]
SQL: SHOW COLUMNS FROM `zy_goods` [ RunTime:0.004015s ]
SQL: SHOW COLUMNS FROM `zy_goods` [ RunTime:0.002976s ]
NOTIC: [8] Undefined index: _order D:\wamp\www\guoji\yunwang\Api\AppApi\Lib\Action\GoodsAction.class.php 第 14 行.
NOTIC: [8] Undefined index: _sort D:\wamp\www\guoji\yunwang\Api\AppApi\Lib\Action\GoodsAction.class.php 第 21 行.
SQL: SELECT COUNT(*) AS tp_count FROM `zy_goods` LIMIT 1   [ RunTime:0.000192s ]
NOTIC: [8] Undefined index: page_size D:\wamp\www\guoji\yunwang\Api\AppApi\Lib\Action\GoodsAction.class.php 第 32 行.
NOTIC: [8] Undefined index: pageno D:\wamp\www\guoji\yunwang\Api\AppApi\Lib\Action\GoodsAction.class.php 第 34 行.
SQL: SELECT `id`,`name`,`subtitle`,`goods_sn`,`lit_pic`,`tid`,`market_price`,`price`,`stock`,`sells_num`,`status` FROM `zy_goods` ORDER BY `update_time` desc LIMIT 0,20   [ RunTime:0.000261s ]

[ 2015-07-02T00:15:19+08:00 ] 127.0.0.1 /guoji/yunwang/api/index.php/Goods
INFO: [ route_check ] --START--
INFO: CheckRoute Behavior ::run [ RunTime:0.000876s ]
INFO: [ route_check ] --END-- [ RunTime:0.001015s ]
INFO: [ app_begin ] --START--
INFO: ReadHtmlCache Behavior ::run [ RunTime:0.000622s ]
INFO: [ app_begin ] --END-- [ RunTime:0.000727s ]
NOTIC: [8] Undefined index: token D:\wamp\www\guoji\yunwang\Api\AppApi\Lib\Action\CommonAction.class.php 第 9 行.
SQL: SHOW COLUMNS FROM `zy_member_token` [ RunTime:0.002626s ]
SQL: SELECT b.* FROM `zy_member_token` as a LEFT JOIN `zy_member` as b on a.member_id=b.id WHERE ( a.token = 'a14782764160fe8905a69b22ccb84eb2' ) AND ( b.status = 1 ) LIMIT 1   [ RunTime:0.000570s ]
SQL: SHOW COLUMNS FROM `zy_goods` [ RunTime:0.002828s ]
SQL: SHOW COLUMNS FROM `zy_goods` [ RunTime:0.003427s ]
NOTIC: [8] Undefined index: _order D:\wamp\www\guoji\yunwang\Api\AppApi\Lib\Action\GoodsAction.class.php 第 14 行.
NOTIC: [8] Undefined index: _sort D:\wamp\www\guoji\yunwang\Api\AppApi\Lib\Action\GoodsAction.class.php 第 21 行.
SQL: SELECT COUNT(*) AS tp_count FROM `zy_goods` LIMIT 1   [ RunTime:0.000335s ]
NOTIC: [8] Undefined index: page_size D:\wamp\www\guoji\yunwang\Api\AppApi\Lib\Action\GoodsAction.class.php 第 32 行.
NOTIC: [8] Undefined index: pageno D:\wamp\www\guoji\yunwang\Api\AppApi\Lib\Action\GoodsAction.class.php 第 34 行.
SQL: SELECT `id`,`name`,`subtitle`,`goods_sn`,`lit_pic`,`tid`,`market_price`,`price`,`stock`,`sells_num`,`status` FROM `zy_goods` ORDER BY `update_time` desc LIMIT 0,20   [ RunTime:0.000358s ]

[ 2015-07-02T00:16:11+08:00 ] 127.0.0.1 /guoji/yunwang/api/index.php/Goods
INFO: [ route_check ] --START--
INFO: CheckRoute Behavior ::run [ RunTime:0.000707s ]
INFO: [ route_check ] --END-- [ RunTime:0.000790s ]
INFO: [ app_begin ] --START--
INFO: ReadHtmlCache Behavior ::run [ RunTime:0.000584s ]
INFO: [ app_begin ] --END-- [ RunTime:0.000659s ]
NOTIC: [8] Undefined index: token D:\wamp\www\guoji\yunwang\Api\AppApi\Lib\Action\CommonAction.class.php 第 9 行.
SQL: SHOW COLUMNS FROM `zy_member_token` [ RunTime:0.002601s ]
SQL: SELECT b.* FROM `zy_member_token` as a LEFT JOIN `zy_member` as b on a.member_id=b.id WHERE ( a.token = 'a14782764160fe8905a69b22ccb84eb2' ) AND ( b.status = 1 ) LIMIT 1   [ RunTime:0.000559s ]
SQL: SHOW COLUMNS FROM `zy_goods` [ RunTime:0.002797s ]
SQL: SHOW COLUMNS FROM `zy_goods` [ RunTime:0.003548s ]
NOTIC: [8] Undefined index: _order D:\wamp\www\guoji\yunwang\Api\AppApi\Lib\Action\GoodsAction.class.php 第 14 行.
NOTIC: [8] Undefined index: _sort D:\wamp\www\guoji\yunwang\Api\AppApi\Lib\Action\GoodsAction.class.php 第 21 行.
SQL: SELECT COUNT(*) AS tp_count FROM `zy_goods` LIMIT 1   [ RunTime:0.000965s ]
NOTIC: [8] Undefined index: page_size D:\wamp\www\guoji\yunwang\Api\AppApi\Lib\Action\GoodsAction.class.php 第 32 行.
NOTIC: [8] Undefined index: pageno D:\wamp\www\guoji\yunwang\Api\AppApi\Lib\Action\GoodsAction.class.php 第 34 行.
SQL: SELECT `id`,`name`,`subtitle`,`goods_sn`,`lit_pic`,`tid`,`market_price`,`price`,`stock`,`sells_num`,`status` FROM `zy_goods` ORDER BY `update_time` desc LIMIT 0,20   [ RunTime:0.000335s ]

[ 2015-07-02T18:45:49+08:00 ] 127.0.0.1 /guoji/yunwang/api/index.php/product
INFO: [ route_check ] --START--
INFO: CheckRoute Behavior ::run [ RunTime:0.000911s ]
INFO: [ route_check ] --END-- [ RunTime:0.001026s ]
INFO: [ app_begin ] --START--
INFO: ReadHtmlCache Behavior ::run [ RunTime:0.000699s ]
INFO: [ app_begin ] --END-- [ RunTime:0.000779s ]
ERR: 模板不存在[./AppApi/Tpl/Public/404.html]

[ 2015-07-02T18:46:36+08:00 ] 127.0.0.1 /guoji/yunwang/api/index.php/Product
INFO: [ route_check ] --START--
INFO: CheckRoute Behavior ::run [ RunTime:0.000840s ]
INFO: [ route_check ] --END-- [ RunTime:0.000946s ]
INFO: [ app_begin ] --START--
INFO: ReadHtmlCache Behavior ::run [ RunTime:0.000679s ]
INFO: [ app_begin ] --END-- [ RunTime:0.000753s ]
ERR: 模板不存在[./AppApi/Tpl/Public/404.html]

[ 2015-07-02T18:46:41+08:00 ] 127.0.0.1 /guoji/yunwang/api/Product
INFO: [ route_check ] --START--
INFO: CheckRoute Behavior ::run [ RunTime:0.000796s ]
INFO: [ route_check ] --END-- [ RunTime:0.000900s ]
INFO: [ app_begin ] --START--
INFO: ReadHtmlCache Behavior ::run [ RunTime:0.000559s ]
INFO: [ app_begin ] --END-- [ RunTime:0.000629s ]
ERR: 模板不存在[./AppApi/Tpl/Public/404.html]

[ 2015-07-02T18:46:56+08:00 ] 127.0.0.1 /guoji/yunwang/api/Goods
INFO: [ route_check ] --START--
INFO: CheckRoute Behavior ::run [ RunTime:0.001089s ]
INFO: [ route_check ] --END-- [ RunTime:0.001265s ]
INFO: [ app_begin ] --START--
INFO: ReadHtmlCache Behavior ::run [ RunTime:0.000779s ]
INFO: [ app_begin ] --END-- [ RunTime:0.000862s ]
NOTIC: [8] Undefined index: token D:\wamp\www\guoji\yunwang\Api\AppApi\Lib\Action\CommonAction.class.php 第 9 行.
SQL: SHOW COLUMNS FROM `zy_member_token` [ RunTime:0.001861s ]
SQL: SELECT b.* FROM `zy_member_token` as a LEFT JOIN `zy_member` as b on a.member_id=b.id WHERE ( a.token = 'a14782764160fe8905a69b22ccb84eb2' ) AND ( b.status = 1 ) LIMIT 1   [ RunTime:0.001162s ]
SQL: SHOW COLUMNS FROM `zy_goods` [ RunTime:0.003844s ]
SQL: SHOW COLUMNS FROM `zy_goods` [ RunTime:0.002146s ]
NOTIC: [8] Undefined index: _order D:\wamp\www\guoji\yunwang\Api\AppApi\Lib\Action\GoodsAction.class.php 第 14 行.
NOTIC: [8] Undefined index: _sort D:\wamp\www\guoji\yunwang\Api\AppApi\Lib\Action\GoodsAction.class.php 第 21 行.
SQL: SELECT COUNT(*) AS tp_count FROM `zy_goods` LIMIT 1   [ RunTime:0.000232s ]
NOTIC: [8] Undefined index: page_size D:\wamp\www\guoji\yunwang\Api\AppApi\Lib\Action\GoodsAction.class.php 第 32 行.
NOTIC: [8] Undefined index: pageno D:\wamp\www\guoji\yunwang\Api\AppApi\Lib\Action\GoodsAction.class.php 第 34 行.
SQL: SELECT `id`,`name`,`subtitle`,`goods_sn`,`lit_pic`,`tid`,`market_price`,`price`,`stock`,`sells_num`,`status` FROM `zy_goods` ORDER BY `update_time` desc LIMIT 0,20   [ RunTime:0.000304s ]

[ 2015-07-02T23:49:48+08:00 ] 127.0.0.1 /guoji/yunwang/api/Product/id/3
INFO: [ route_check ] --START--
INFO: CheckRoute Behavior ::run [ RunTime:0.001806s ]
INFO: [ route_check ] --END-- [ RunTime:0.002127s ]
INFO: [ app_begin ] --START--
INFO: ReadHtmlCache Behavior ::run [ RunTime:0.000588s ]
INFO: [ app_begin ] --END-- [ RunTime:0.000658s ]
NOTIC: [8] Undefined index: token D:\wamp\www\guoji\yunwang\Api\AppApi\Lib\Action\CommonAction.class.php 第 9 行.
SQL: SHOW COLUMNS FROM `zy_member_token` [ RunTime:0.005074s ]
SQL: SELECT b.* FROM `zy_member_token` as a LEFT JOIN `zy_member` as b on a.member_id=b.id WHERE ( a.token = 'a14782764160fe8905a69b22ccb84eb2' ) AND ( b.status = 1 ) LIMIT 1   [ RunTime:0.000892s ]

[ 2015-07-02T23:50:50+08:00 ] 127.0.0.1 /guoji/yunwang/api/Product/detail/id/3
INFO: [ route_check ] --START--
INFO: CheckRoute Behavior ::run [ RunTime:0.000638s ]
INFO: [ route_check ] --END-- [ RunTime:0.000720s ]
INFO: [ app_begin ] --START--
INFO: ReadHtmlCache Behavior ::run [ RunTime:0.000495s ]
INFO: [ app_begin ] --END-- [ RunTime:0.000563s ]
NOTIC: [8] Undefined index: token D:\wamp\www\guoji\yunwang\Api\AppApi\Lib\Action\CommonAction.class.php 第 9 行.
SQL: SHOW COLUMNS FROM `zy_member_token` [ RunTime:0.004032s ]
SQL: SELECT b.* FROM `zy_member_token` as a LEFT JOIN `zy_member` as b on a.member_id=b.id WHERE ( a.token = 'a14782764160fe8905a69b22ccb84eb2' ) AND ( b.status = 1 ) LIMIT 1   [ RunTime:0.000641s ]
SQL: SHOW COLUMNS FROM `zy_product` [ RunTime:0.005471s ]
SQL: SELECT * FROM `zy_product` WHERE ( `id` = 3 ) LIMIT 1   [ RunTime:0.000376s ]
SQL: SHOW COLUMNS FROM `zy_pic` [ RunTime:0.002991s ]
SQL: SELECT * FROM `zy_pic` WHERE ( `source` = 'Product' ) AND ( `sourceid` = 3 )  [ RunTime:0.000411s ]

[ 2015-07-02T23:55:20+08:00 ] 127.0.0.1 /guoji/yunwang/api/Product/detail/id/3
INFO: [ route_check ] --START--
INFO: CheckRoute Behavior ::run [ RunTime:0.000764s ]
INFO: [ route_check ] --END-- [ RunTime:0.000853s ]
INFO: [ app_begin ] --START--
INFO: ReadHtmlCache Behavior ::run [ RunTime:0.000576s ]
INFO: [ app_begin ] --END-- [ RunTime:0.000656s ]

[ 2015-07-02T23:55:34+08:00 ] 127.0.0.1 /guoji/yunwang/api/Product/detail/id/3
INFO: [ route_check ] --START--
INFO: CheckRoute Behavior ::run [ RunTime:0.000657s ]
INFO: [ route_check ] --END-- [ RunTime:0.000782s ]
INFO: [ app_begin ] --START--
INFO: ReadHtmlCache Behavior ::run [ RunTime:0.000821s ]
INFO: [ app_begin ] --END-- [ RunTime:0.000962s ]
NOTIC: [8] Undefined index: token D:\wamp\www\guoji\yunwang\Api\AppApi\Lib\Action\CommonAction.class.php 第 9 行.
SQL: SHOW COLUMNS FROM `zy_member_token` [ RunTime:0.003474s ]
SQL: SELECT b.* FROM `zy_member_token` as a LEFT JOIN `zy_member` as b on a.member_id=b.id WHERE ( a.token = 'a14782764160fe8905a69b22ccb84eb2' ) AND ( b.status = 1 ) LIMIT 1   [ RunTime:0.000623s ]
SQL: SHOW COLUMNS FROM `zy_product` [ RunTime:0.002997s ]
SQL: SELECT * FROM `zy_product` WHERE ( `id` = 3 ) LIMIT 1   [ RunTime:0.000336s ]
SQL: SHOW COLUMNS FROM `zy_pic` [ RunTime:0.002523s ]
SQL: SELECT `domain`,`filepath`,`savename` FROM `zy_pic` WHERE ( `source` = 'Product' ) AND ( `sourceid` = 3 )  [ RunTime:0.000242s ]

[ 2015-07-02T23:56:06+08:00 ] 127.0.0.1 /guoji/yunwang/api/Product/detail/id/3
INFO: [ route_check ] --START--
INFO: CheckRoute Behavior ::run [ RunTime:0.000629s ]
INFO: [ route_check ] --END-- [ RunTime:0.000710s ]
INFO: [ app_begin ] --START--
INFO: ReadHtmlCache Behavior ::run [ RunTime:0.000535s ]
INFO: [ app_begin ] --END-- [ RunTime:0.000613s ]
NOTIC: [8] Undefined index: token D:\wamp\www\guoji\yunwang\Api\AppApi\Lib\Action\CommonAction.class.php 第 9 行.
SQL: SHOW COLUMNS FROM `zy_member_token` [ RunTime:0.003078s ]
SQL: SELECT b.* FROM `zy_member_token` as a LEFT JOIN `zy_member` as b on a.member_id=b.id WHERE ( a.token = 'a14782764160fe8905a69b22ccb84eb2' ) AND ( b.status = 1 ) LIMIT 1   [ RunTime:0.000956s ]
SQL: SHOW COLUMNS FROM `zy_product` [ RunTime:0.003752s ]
SQL: SELECT * FROM `zy_product` WHERE ( `id` = 3 ) LIMIT 1   [ RunTime:0.000360s ]
SQL: SHOW COLUMNS FROM `zy_pic` [ RunTime:0.002556s ]
SQL: SELECT `domain`,`filepath`,`savename` FROM `zy_pic` WHERE ( `source` = 'Product' ) AND ( `sourceid` = 3 )  [ RunTime:0.000291s ]

[ 2015-07-02T23:56:16+08:00 ] 127.0.0.1 /guoji/yunwang/api/Product/detail/id/3
INFO: [ route_check ] --START--
INFO: CheckRoute Behavior ::run [ RunTime:0.000752s ]
INFO: [ route_check ] --END-- [ RunTime:0.000836s ]
INFO: [ app_begin ] --START--
INFO: ReadHtmlCache Behavior ::run [ RunTime:0.000595s ]
INFO: [ app_begin ] --END-- [ RunTime:0.000673s ]
NOTIC: [8] Undefined index: token D:\wamp\www\guoji\yunwang\Api\AppApi\Lib\Action\CommonAction.class.php 第 9 行.
SQL: SHOW COLUMNS FROM `zy_member_token` [ RunTime:0.002562s ]
SQL: SELECT b.* FROM `zy_member_token` as a LEFT JOIN `zy_member` as b on a.member_id=b.id WHERE ( a.token = 'a14782764160fe8905a69b22ccb84eb2' ) AND ( b.status = 1 ) LIMIT 1   [ RunTime:0.000533s ]
SQL: SHOW COLUMNS FROM `zy_product` [ RunTime:0.004041s ]
SQL: SELECT * FROM `zy_product` WHERE ( `id` = 3 ) LIMIT 1   [ RunTime:0.000702s ]
SQL: SHOW COLUMNS FROM `zy_pic` [ RunTime:0.002694s ]
SQL: SELECT `domain`,`filepath`,`savename` FROM `zy_pic` WHERE ( `source` = 'Product' ) AND ( `sourceid` = 3 )  [ RunTime:0.000274s ]

