[ 2015-07-24T23:23:41+08:00 ] 127.0.0.1 /guoji/yunwang/api/index.php/order
INFO: [ route_check ] --START--
INFO: CheckRoute Behavior ::run [ RunTime:0.002025s ]
INFO: [ route_check ] --END-- [ RunTime:0.002157s ]
INFO: [ app_begin ] --START--
INFO: ReadHtmlCache Behavior ::run [ RunTime:0.002982s ]
INFO: [ app_begin ] --END-- [ RunTime:0.003120s ]
ERR: 模板不存在[./Home/Tpl/Public/404.html]

[ 2015-07-24T23:23:46+08:00 ] 127.0.0.1 /guoji/yunwang/api/index.php/Order
INFO: [ route_check ] --START--
INFO: CheckRoute Behavior ::run [ RunTime:0.001844s ]
INFO: [ route_check ] --END-- [ RunTime:0.001940s ]
INFO: [ app_begin ] --START--
INFO: ReadHtmlCache Behavior ::run [ RunTime:0.001683s ]
INFO: [ app_begin ] --END-- [ RunTime:0.001755s ]
NOTIC: [8] Undefined index: token D:\wamp\www\guoji\yunwang\Api\Home\Lib\Action\CommonAction.class.php 第 9 行.
SQL: SHOW COLUMNS FROM `zy_member_token` [ RunTime:0.007801s ]
SQL: SELECT b.* FROM `zy_member_token` as a LEFT JOIN `zy_member` as b on a.member_id=b.id WHERE ( a.token = 'a14782764160fe8905a69b22ccb84eb2' ) AND ( b.status = 1 ) LIMIT 1   [ RunTime:0.001012s ]
SQL: SHOW COLUMNS FROM `zy_order` [ RunTime:0.004280s ]
SQL: SELECT COUNT(*) AS tp_count FROM `zy_order` LIMIT 1   [ RunTime:0.000172s ]
NOTIC: [8] Undefined index: page_size D:\wamp\www\guoji\yunwang\Api\Home\Lib\Action\CommonAction.class.php 第 151 行.
NOTIC: [8] Undefined index: pageno D:\wamp\www\guoji\yunwang\Api\Home\Lib\Action\CommonAction.class.php 第 153 行.
SQL: SELECT * FROM `zy_order` ORDER BY `id` desc LIMIT 0,20   [ RunTime:0.000259s ]
NOTIC: [8] Undefined index: msg D:\wamp\www\guoji\yunwang\Api\Home\Lib\Action\CommonAction.class.php 第 157 行.
NOTIC: [8] Undefined index: content D:\wamp\www\guoji\yunwang\Api\Home\Lib\Action\CommonAction.class.php 第 160 行.
NOTIC: [8] Undefined index: msg D:\wamp\www\guoji\yunwang\Api\Home\Lib\Action\CommonAction.class.php 第 157 行.
NOTIC: [8] Undefined index: content D:\wamp\www\guoji\yunwang\Api\Home\Lib\Action\CommonAction.class.php 第 160 行.
NOTIC: [8] Undefined index: msg D:\wamp\www\guoji\yunwang\Api\Home\Lib\Action\CommonAction.class.php 第 157 行.
NOTIC: [8] Undefined index: content D:\wamp\www\guoji\yunwang\Api\Home\Lib\Action\CommonAction.class.php 第 160 行.

[ 2015-07-24T23:25:38+08:00 ] 127.0.0.1 /guoji/yunwang/api/index.php/Order
INFO: [ route_check ] --START--
INFO: CheckRoute Behavior ::run [ RunTime:0.003753s ]
INFO: [ route_check ] --END-- [ RunTime:0.003897s ]
INFO: [ app_begin ] --START--
INFO: ReadHtmlCache Behavior ::run [ RunTime:0.003211s ]
INFO: [ app_begin ] --END-- [ RunTime:0.003293s ]
NOTIC: [8] Undefined index: token D:\wamp\www\guoji\yunwang\Api\Home\Lib\Action\CommonAction.class.php 第 9 行.
SQL: SHOW COLUMNS FROM `zy_member_token` [ RunTime:0.004333s ]
SQL: SELECT b.* FROM `zy_member_token` as a LEFT JOIN `zy_member` as b on a.member_id=b.id WHERE ( a.token = 'a14782764160fe8905a69b22ccb84eb2' ) AND ( b.status = 1 ) LIMIT 1   [ RunTime:0.001378s ]

[ 2015-07-24T23:25:43+08:00 ] 127.0.0.1 /guoji/yunwang/api/index.php/Order/list
INFO: [ route_check ] --START--
INFO: CheckRoute Behavior ::run [ RunTime:0.003382s ]
INFO: [ route_check ] --END-- [ RunTime:0.003498s ]
INFO: [ app_begin ] --START--
INFO: ReadHtmlCache Behavior ::run [ RunTime:0.003408s ]
INFO: [ app_begin ] --END-- [ RunTime:0.003489s ]
NOTIC: [8] Undefined index: token D:\wamp\www\guoji\yunwang\Api\Home\Lib\Action\CommonAction.class.php 第 9 行.
SQL: SHOW COLUMNS FROM `zy_member_token` [ RunTime:0.003902s ]
SQL: SELECT b.* FROM `zy_member_token` as a LEFT JOIN `zy_member` as b on a.member_id=b.id WHERE ( a.token = 'a14782764160fe8905a69b22ccb84eb2' ) AND ( b.status = 1 ) LIMIT 1   [ RunTime:0.000334s ]

[ 2015-07-24T23:25:49+08:00 ] 127.0.0.1 /guoji/yunwang/api/index.php/Order/_list
INFO: [ route_check ] --START--
INFO: CheckRoute Behavior ::run [ RunTime:0.003750s ]
INFO: [ route_check ] --END-- [ RunTime:0.003934s ]
INFO: [ app_begin ] --START--
INFO: ReadHtmlCache Behavior ::run [ RunTime:0.003088s ]
INFO: [ app_begin ] --END-- [ RunTime:0.003173s ]
NOTIC: [8] Undefined index: token D:\wamp\www\guoji\yunwang\Api\Home\Lib\Action\CommonAction.class.php 第 9 行.
SQL: SHOW COLUMNS FROM `zy_member_token` [ RunTime:0.003903s ]
SQL: SELECT b.* FROM `zy_member_token` as a LEFT JOIN `zy_member` as b on a.member_id=b.id WHERE ( a.token = 'a14782764160fe8905a69b22ccb84eb2' ) AND ( b.status = 1 ) LIMIT 1   [ RunTime:0.000318s ]

[ 2015-07-24T23:35:46+08:00 ] 127.0.0.1 /guoji/yunwang/api/Cart/wxpay
INFO: [ route_check ] --START--
INFO: CheckRoute Behavior ::run [ RunTime:0.001905s ]
INFO: [ route_check ] --END-- [ RunTime:0.002003s ]
INFO: [ app_begin ] --START--
INFO: ReadHtmlCache Behavior ::run [ RunTime:0.002483s ]
INFO: [ app_begin ] --END-- [ RunTime:0.002631s ]
SQL: SHOW COLUMNS FROM `zy_member_token` [ RunTime:0.005812s ]
SQL: SELECT b.* FROM `zy_member_token` as a LEFT JOIN `zy_member` as b on a.member_id=b.id WHERE ( a.token = 'a14782764160fe8905a69b22ccb84eb2' ) AND ( b.status = 1 ) LIMIT 1   [ RunTime:0.000476s ]

[ 2015-07-24T23:38:34+08:00 ] 127.0.0.1 /guoji/yunwang/api/Cart/wxpay
INFO: [ route_check ] --START--
INFO: CheckRoute Behavior ::run [ RunTime:0.002863s ]
INFO: [ route_check ] --END-- [ RunTime:0.002984s ]
INFO: [ app_begin ] --START--
INFO: ReadHtmlCache Behavior ::run [ RunTime:0.002427s ]
INFO: [ app_begin ] --END-- [ RunTime:0.002545s ]
SQL: SHOW COLUMNS FROM `zy_member_token` [ RunTime:0.005995s ]
SQL: SELECT b.* FROM `zy_member_token` as a LEFT JOIN `zy_member` as b on a.member_id=b.id WHERE ( a.token = 'a14782764160fe8905a69b22ccb84eb2' ) AND ( b.status = 1 ) LIMIT 1   [ RunTime:0.000366s ]

[ 2015-07-24T23:40:16+08:00 ] 127.0.0.1 /guoji/yunwang/api/Cart/wxpay
INFO: [ route_check ] --START--
INFO: CheckRoute Behavior ::run [ RunTime:0.003162s ]
INFO: [ route_check ] --END-- [ RunTime:0.003337s ]
INFO: [ app_begin ] --START--
INFO: ReadHtmlCache Behavior ::run [ RunTime:0.002106s ]
INFO: [ app_begin ] --END-- [ RunTime:0.002177s ]
SQL: SHOW COLUMNS FROM `zy_member_token` [ RunTime:0.003767s ]
SQL: SELECT b.* FROM `zy_member_token` as a LEFT JOIN `zy_member` as b on a.member_id=b.id WHERE ( a.token = 'a14782764160fe8905a69b22ccb84eb2' ) AND ( b.status = 1 ) LIMIT 1   [ RunTime:0.000364s ]

[ 2015-07-24T23:40:32+08:00 ] 127.0.0.1 /guoji/yunwang/api/Cart/wxpay
INFO: [ route_check ] --START--
INFO: CheckRoute Behavior ::run [ RunTime:0.005112s ]
INFO: [ route_check ] --END-- [ RunTime:0.005388s ]
INFO: [ app_begin ] --START--
INFO: ReadHtmlCache Behavior ::run [ RunTime:0.002139s ]
INFO: [ app_begin ] --END-- [ RunTime:0.002218s ]
SQL: SHOW COLUMNS FROM `zy_member_token` [ RunTime:0.007004s ]
SQL: SELECT b.* FROM `zy_member_token` as a LEFT JOIN `zy_member` as b on a.member_id=b.id WHERE ( a.token = 'a14782764160fe8905a69b22ccb84eb2' ) AND ( b.status = 1 ) LIMIT 1   [ RunTime:0.000389s ]

[ 2015-07-24T23:40:47+08:00 ] 127.0.0.1 /guoji/yunwang/api/Cart/wxpay
INFO: [ route_check ] --START--
INFO: CheckRoute Behavior ::run [ RunTime:0.002764s ]
INFO: [ route_check ] --END-- [ RunTime:0.002948s ]
INFO: [ app_begin ] --START--
INFO: ReadHtmlCache Behavior ::run [ RunTime:0.002354s ]
INFO: [ app_begin ] --END-- [ RunTime:0.002470s ]
SQL: SHOW COLUMNS FROM `zy_member_token` [ RunTime:0.006488s ]
SQL: SELECT b.* FROM `zy_member_token` as a LEFT JOIN `zy_member` as b on a.member_id=b.id WHERE ( a.token = 'a14782764160fe8905a69b22ccb84eb2' ) AND ( b.status = 1 ) LIMIT 1   [ RunTime:0.000468s ]

[ 2015-07-24T23:41:12+08:00 ] 127.0.0.1 /guoji/yunwang/api/Cart/wxpay
INFO: [ route_check ] --START--
INFO: CheckRoute Behavior ::run [ RunTime:0.003009s ]
INFO: [ route_check ] --END-- [ RunTime:0.003224s ]
INFO: [ app_begin ] --START--
INFO: ReadHtmlCache Behavior ::run [ RunTime:0.002124s ]
INFO: [ app_begin ] --END-- [ RunTime:0.002201s ]
SQL: SHOW COLUMNS FROM `zy_member_token` [ RunTime:0.004922s ]
SQL: SELECT b.* FROM `zy_member_token` as a LEFT JOIN `zy_member` as b on a.member_id=b.id WHERE ( a.token = 'a14782764160fe8905a69b22ccb84eb2' ) AND ( b.status = 1 ) LIMIT 1   [ RunTime:0.001171s ]

[ 2015-07-24T23:41:20+08:00 ] 127.0.0.1 /guoji/yunwang/api/Cart/wxpay
INFO: [ route_check ] --START--
INFO: CheckRoute Behavior ::run [ RunTime:0.002383s ]
INFO: [ route_check ] --END-- [ RunTime:0.002491s ]
INFO: [ app_begin ] --START--
INFO: ReadHtmlCache Behavior ::run [ RunTime:0.002534s ]
INFO: [ app_begin ] --END-- [ RunTime:0.002649s ]
SQL: SHOW COLUMNS FROM `zy_member_token` [ RunTime:0.004581s ]
SQL: SELECT b.* FROM `zy_member_token` as a LEFT JOIN `zy_member` as b on a.member_id=b.id WHERE ( a.token = 'a14782764160fe8905a69b22ccb84eb2' ) AND ( b.status = 1 ) LIMIT 1   [ RunTime:0.000777s ]

[ 2015-07-24T23:41:51+08:00 ] 127.0.0.1 /guoji/yunwang/api/Cart/wxpay
INFO: [ route_check ] --START--
INFO: CheckRoute Behavior ::run [ RunTime:0.002253s ]
INFO: [ route_check ] --END-- [ RunTime:0.002343s ]
INFO: [ app_begin ] --START--
INFO: ReadHtmlCache Behavior ::run [ RunTime:0.003115s ]
INFO: [ app_begin ] --END-- [ RunTime:0.003199s ]
SQL: SHOW COLUMNS FROM `zy_member_token` [ RunTime:0.005692s ]
SQL: SELECT b.* FROM `zy_member_token` as a LEFT JOIN `zy_member` as b on a.member_id=b.id WHERE ( a.token = 'a14782764160fe8905a69b22ccb84eb2' ) AND ( b.status = 1 ) LIMIT 1   [ RunTime:0.001332s ]

[ 2015-07-24T23:42:09+08:00 ] 127.0.0.1 /guoji/yunwang/api/Cart/wxpay
INFO: [ route_check ] --START--
INFO: CheckRoute Behavior ::run [ RunTime:0.002216s ]
INFO: [ route_check ] --END-- [ RunTime:0.002307s ]
INFO: [ app_begin ] --START--
INFO: ReadHtmlCache Behavior ::run [ RunTime:0.002614s ]
INFO: [ app_begin ] --END-- [ RunTime:0.002760s ]
SQL: SHOW COLUMNS FROM `zy_member_token` [ RunTime:0.005512s ]
SQL: SELECT b.* FROM `zy_member_token` as a LEFT JOIN `zy_member` as b on a.member_id=b.id WHERE ( a.token = 'a14782764160fe8905a69b22ccb84eb2' ) AND ( b.status = 1 ) LIMIT 1   [ RunTime:0.001295s ]

[ 2015-07-24T23:42:57+08:00 ] 127.0.0.1 /guoji/yunwang/api/Cart/wxpay
INFO: [ route_check ] --START--
INFO: CheckRoute Behavior ::run [ RunTime:0.003004s ]
INFO: [ route_check ] --END-- [ RunTime:0.003133s ]
INFO: [ app_begin ] --START--
INFO: ReadHtmlCache Behavior ::run [ RunTime:0.002387s ]
INFO: [ app_begin ] --END-- [ RunTime:0.002576s ]
SQL: SHOW COLUMNS FROM `zy_member_token` [ RunTime:0.003771s ]
SQL: SELECT b.* FROM `zy_member_token` as a LEFT JOIN `zy_member` as b on a.member_id=b.id WHERE ( a.token = 'a14782764160fe8905a69b22ccb84eb2' ) AND ( b.status = 1 ) LIMIT 1   [ RunTime:0.000685s ]

[ 2015-07-24T23:43:12+08:00 ] 127.0.0.1 /guoji/yunwang/api/Cart/wxpay
INFO: [ route_check ] --START--
INFO: CheckRoute Behavior ::run [ RunTime:0.002230s ]
INFO: [ route_check ] --END-- [ RunTime:0.002325s ]
INFO: [ app_begin ] --START--
INFO: ReadHtmlCache Behavior ::run [ RunTime:0.002304s ]
INFO: [ app_begin ] --END-- [ RunTime:0.002421s ]
SQL: SHOW COLUMNS FROM `zy_member_token` [ RunTime:0.004768s ]
SQL: SELECT b.* FROM `zy_member_token` as a LEFT JOIN `zy_member` as b on a.member_id=b.id WHERE ( a.token = 'a14782764160fe8905a69b22ccb84eb2' ) AND ( b.status = 1 ) LIMIT 1   [ RunTime:0.000336s ]

[ 2015-07-24T23:45:17+08:00 ] 127.0.0.1 /guoji/yunwang/api/Order/wxpay
INFO: [ route_check ] --START--
INFO: CheckRoute Behavior ::run [ RunTime:0.002280s ]
INFO: [ route_check ] --END-- [ RunTime:0.002381s ]
INFO: [ app_begin ] --START--
INFO: ReadHtmlCache Behavior ::run [ RunTime:0.002538s ]
INFO: [ app_begin ] --END-- [ RunTime:0.002640s ]
NOTIC: [8] Undefined index: token D:\wamp\www\guoji\yunwang\Api\Home\Lib\Action\CommonAction.class.php 第 9 行.
SQL: SHOW COLUMNS FROM `zy_member_token` [ RunTime:0.005110s ]
SQL: SELECT b.* FROM `zy_member_token` as a LEFT JOIN `zy_member` as b on a.member_id=b.id WHERE ( a.token = 'a14782764160fe8905a69b22ccb84eb2' ) AND ( b.status = 1 ) LIMIT 1   [ RunTime:0.000342s ]

[ 2015-07-24T23:45:28+08:00 ] 127.0.0.1 /guoji/yunwang/api/Order/wxpay
INFO: [ route_check ] --START--
INFO: CheckRoute Behavior ::run [ RunTime:0.002281s ]
INFO: [ route_check ] --END-- [ RunTime:0.002399s ]
INFO: [ app_begin ] --START--
INFO: ReadHtmlCache Behavior ::run [ RunTime:0.002421s ]
INFO: [ app_begin ] --END-- [ RunTime:0.002515s ]
NOTIC: [8] Undefined index: token D:\wamp\www\guoji\yunwang\Api\Home\Lib\Action\CommonAction.class.php 第 9 行.
SQL: SHOW COLUMNS FROM `zy_member_token` [ RunTime:0.023736s ]
SQL: SELECT b.* FROM `zy_member_token` as a LEFT JOIN `zy_member` as b on a.member_id=b.id WHERE ( a.token = 'a14782764160fe8905a69b22ccb84eb2' ) AND ( b.status = 1 ) LIMIT 1   [ RunTime:0.000420s ]

[ 2015-07-24T23:47:31+08:00 ] 127.0.0.1 /guoji/yunwang/api/Cart/wxpay
INFO: [ route_check ] --START--
INFO: CheckRoute Behavior ::run [ RunTime:0.002607s ]
INFO: [ route_check ] --END-- [ RunTime:0.002799s ]
INFO: [ app_begin ] --START--
INFO: ReadHtmlCache Behavior ::run [ RunTime:0.002093s ]
INFO: [ app_begin ] --END-- [ RunTime:0.002163s ]
SQL: SHOW COLUMNS FROM `zy_member_token` [ RunTime:0.004826s ]
SQL: SELECT b.* FROM `zy_member_token` as a LEFT JOIN `zy_member` as b on a.member_id=b.id WHERE ( a.token = 'a14782764160fe8905a69b22ccb84eb2' ) AND ( b.status = 1 ) LIMIT 1   [ RunTime:0.001118s ]

[ 2015-07-24T23:48:00+08:00 ] 127.0.0.1 /guoji/yunwang/api/Order/wxpay
INFO: [ route_check ] --START--
INFO: CheckRoute Behavior ::run [ RunTime:0.002626s ]
INFO: [ route_check ] --END-- [ RunTime:0.002860s ]
INFO: [ app_begin ] --START--
INFO: ReadHtmlCache Behavior ::run [ RunTime:0.002256s ]
INFO: [ app_begin ] --END-- [ RunTime:0.002375s ]
SQL: SHOW COLUMNS FROM `zy_member_token` [ RunTime:0.003695s ]
SQL: SELECT b.* FROM `zy_member_token` as a LEFT JOIN `zy_member` as b on a.member_id=b.id WHERE ( a.token = 'a14782764160fe8905a69b22ccb84eb2' ) AND ( b.status = 1 ) LIMIT 1   [ RunTime:0.000332s ]
SQL: SHOW COLUMNS FROM `zy_order` [ RunTime:0.003872s ]
NOTIC: [8] Undefined index: merge_order_id D:\wamp\www\guoji\yunwang\Api\Home\Lib\Action\OrderAction.class.php 第 357 行.
SQL: SELECT `id`,`title`,`order_id`,`total_free`,`status` FROM `zy_order` WHERE ( `order_id` = '20150715524848481270' ) AND ( `member_id` = 107 )  [ RunTime:0.000593s ]
NOTIC: [2] require_once(./wxpay/lib/WxPay.Api.php) [<a href='function.require-once'>function.require-once</a>]: failed to open stream: No such file or directory D:\wamp\www\guoji\yunwang\Api\Home\Lib\Action\OrderAction.class.php 第 379 行.

[ 2015-07-24T23:49:09+08:00 ] 127.0.0.1 /guoji/yunwang/api/Order/wxpay
INFO: [ route_check ] --START--
INFO: CheckRoute Behavior ::run [ RunTime:0.002477s ]
INFO: [ route_check ] --END-- [ RunTime:0.002585s ]
INFO: [ app_begin ] --START--
INFO: ReadHtmlCache Behavior ::run [ RunTime:0.002769s ]
INFO: [ app_begin ] --END-- [ RunTime:0.002863s ]
SQL: SHOW COLUMNS FROM `zy_member_token` [ RunTime:0.007565s ]
SQL: SELECT b.* FROM `zy_member_token` as a LEFT JOIN `zy_member` as b on a.member_id=b.id WHERE ( a.token = 'a14782764160fe8905a69b22ccb84eb2' ) AND ( b.status = 1 ) LIMIT 1   [ RunTime:0.000469s ]
SQL: SHOW COLUMNS FROM `zy_order` [ RunTime:0.004884s ]
NOTIC: [8] Undefined index: merge_order_id D:\wamp\www\guoji\yunwang\Api\Home\Lib\Action\OrderAction.class.php 第 357 行.
SQL: SELECT `id`,`title`,`order_id`,`total_free`,`status` FROM `zy_order` WHERE ( `order_id` = '20150715524848481270' ) AND ( `member_id` = 107 )  [ RunTime:0.000587s ]
NOTIC: [8] Trying to get property of non-object D:\wamp\www\guoji\yunwang\Api\Home\Lib\Action\OrderAction.class.php 第 383 行.
NOTIC: [8] Undefined index: out_trade_no D:\wamp\www\guoji\yunwang\Api\Home\Lib\Action\OrderAction.class.php 第 394 行.
NOTIC: [8] Undefined index: appid D:\wamp\www\guoji\yunwang\Api\Home\Lib\Action\OrderAction.class.php 第 407 行.
NOTIC: [8] Undefined index: mch_id D:\wamp\www\guoji\yunwang\Api\Home\Lib\Action\OrderAction.class.php 第 408 行.
NOTIC: [8] Undefined index: prepay_id D:\wamp\www\guoji\yunwang\Api\Home\Lib\Action\OrderAction.class.php 第 409 行.
NOTIC: [8] Undefined index: nonce_str D:\wamp\www\guoji\yunwang\Api\Home\Lib\Action\OrderAction.class.php 第 411 行.

[ 2015-07-24T23:54:15+08:00 ] 127.0.0.1 /guoji/yunwang/api/Order/wxpay
INFO: [ route_check ] --START--
INFO: CheckRoute Behavior ::run [ RunTime:0.002394s ]
INFO: [ route_check ] --END-- [ RunTime:0.002508s ]
INFO: [ app_begin ] --START--
INFO: ReadHtmlCache Behavior ::run [ RunTime:0.003067s ]
INFO: [ app_begin ] --END-- [ RunTime:0.003303s ]
SQL: SHOW COLUMNS FROM `zy_member_token` [ RunTime:0.005052s ]
SQL: SELECT b.* FROM `zy_member_token` as a LEFT JOIN `zy_member` as b on a.member_id=b.id WHERE ( a.token = 'a14782764160fe8905a69b22ccb84eb2' ) AND ( b.status = 1 ) LIMIT 1   [ RunTime:0.000344s ]
SQL: SHOW COLUMNS FROM `zy_order` [ RunTime:0.006384s ]
NOTIC: [8] Undefined index: merge_order_id D:\wamp\www\guoji\yunwang\Api\Home\Lib\Action\OrderAction.class.php 第 359 行.
SQL: SELECT `id`,`title`,`order_id`,`total_free`,`status` FROM `zy_order` WHERE ( `order_id` = '20150715524848481270' ) AND ( `member_id` = 107 )  [ RunTime:0.000628s ]
NOTIC: [8] Undefined index: out_trade_no D:\wamp\www\guoji\yunwang\Api\Home\Lib\Action\OrderAction.class.php 第 397 行.

