[ 2015-06-30T00:01:15+08:00 ] 127.0.0.1 /guoji/yunwang/api/Public/register
INFO: [ route_check ] --START--
INFO: CheckRoute Behavior ::run [ RunTime:0.000703s ]
INFO: [ route_check ] --END-- [ RunTime:0.000794s ]
INFO: [ app_begin ] --START--
INFO: ReadHtmlCache Behavior ::run [ RunTime:0.000541s ]
INFO: [ app_begin ] --END-- [ RunTime:0.000612s ]
SQL: SHOW COLUMNS FROM `zy_member` [ RunTime:0.003026s ]
SQL: SHOW COLUMNS FROM `zy_member_verify` [ RunTime:0.002499s ]
SQL: SELECT `code`,`status` FROM `zy_member_verify` WHERE ( `type` = 'reg' ) AND ( `tel` = '18758781144' ) LIMIT 1   [ RunTime:0.000437s ]
SQL: INSERT INTO `zy_member` (`realname`,`tel`,`password`,`mb_system`,`baiduUserId`) VALUES ('','18758781144','18758781144',1,'aa8s787d') [ RunTime:0.009503s ]

[ 2015-06-30T00:02:46+08:00 ] 127.0.0.1 /guoji/yunwang/api/Public/register
INFO: [ route_check ] --START--
INFO: CheckRoute Behavior ::run [ RunTime:0.000679s ]
INFO: [ route_check ] --END-- [ RunTime:0.000766s ]
INFO: [ app_begin ] --START--
INFO: ReadHtmlCache Behavior ::run [ RunTime:0.000506s ]
INFO: [ app_begin ] --END-- [ RunTime:0.000574s ]
SQL: SHOW COLUMNS FROM `zy_member` [ RunTime:0.003021s ]
SQL: SHOW COLUMNS FROM `zy_member_verify` [ RunTime:0.002546s ]
SQL: SELECT `code`,`status` FROM `zy_member_verify` WHERE ( `type` = 'reg' ) AND ( `tel` = '18758781144' ) LIMIT 1   [ RunTime:0.000497s ]
SQL: INSERT INTO `zy_member` (`tel`,`salt`,`password`) VALUES ('18758781144','Ngxk','09ab63e09efb52d3764fb85657ce04e0') [ RunTime:0.006701s ]

[ 2015-06-30T00:11:55+08:00 ] 127.0.0.1 /guoji/yunwang/api/Public/register
INFO: [ route_check ] --START--
INFO: CheckRoute Behavior ::run [ RunTime:0.000662s ]
INFO: [ route_check ] --END-- [ RunTime:0.000742s ]
INFO: [ app_begin ] --START--
INFO: ReadHtmlCache Behavior ::run [ RunTime:0.000506s ]
INFO: [ app_begin ] --END-- [ RunTime:0.000574s ]
SQL: SHOW COLUMNS FROM `zy_member` [ RunTime:0.002784s ]
SQL: SHOW COLUMNS FROM `zy_member_verify` [ RunTime:0.002185s ]
SQL: SELECT `code`,`status` FROM `zy_member_verify` WHERE ( `type` = 'reg' ) AND ( `tel` = '18758781144' ) LIMIT 1   [ RunTime:0.000277s ]
SQL: INSERT INTO `zy_member` (`tel`,`salt`,`password`) VALUES ('18758781144','6IzYmW','c15501a8785be13b14e5e2703edd0ba6') [ RunTime:0.001450s ]
ERR: 1062:Duplicate entry '' for key 'username'
 [ SQL语句 ] : INSERT INTO `zy_member` (`tel`,`salt`,`password`) VALUES ('18758781144','6IzYmW','c15501a8785be13b14e5e2703edd0ba6')
NOTIC: [8] Undefined variable: list D:\wamp\www\guoji\yunwang\Api\AppApi\Lib\Action\PublicAction.class.php 第 32 行.

[ 2015-06-30T00:12:11+08:00 ] 127.0.0.1 /guoji/yunwang/api/Public/register
INFO: [ route_check ] --START--
INFO: CheckRoute Behavior ::run [ RunTime:0.000623s ]
INFO: [ route_check ] --END-- [ RunTime:0.000702s ]
INFO: [ app_begin ] --START--
INFO: ReadHtmlCache Behavior ::run [ RunTime:0.000496s ]
INFO: [ app_begin ] --END-- [ RunTime:0.000562s ]
SQL: SHOW COLUMNS FROM `zy_member` [ RunTime:0.004155s ]
SQL: SHOW COLUMNS FROM `zy_member_verify` [ RunTime:0.002864s ]
SQL: SELECT `code`,`status` FROM `zy_member_verify` WHERE ( `type` = 'reg' ) AND ( `tel` = '18758781144' ) LIMIT 1   [ RunTime:0.000357s ]
SQL: INSERT INTO `zy_member` (`tel`,`salt`,`password`) VALUES ('18758781144','FpAhbn','6879c7bcbcb8b3d6aeee8e373750ceb3') [ RunTime:0.001938s ]
ERR: 1062:Duplicate entry '' for key 'username'
 [ SQL语句 ] : INSERT INTO `zy_member` (`tel`,`salt`,`password`) VALUES ('18758781144','FpAhbn','6879c7bcbcb8b3d6aeee8e373750ceb3')
NOTIC: [8] Undefined variable: list D:\wamp\www\guoji\yunwang\Api\AppApi\Lib\Action\PublicAction.class.php 第 32 行.

[ 2015-06-30T00:12:44+08:00 ] 127.0.0.1 /guoji/yunwang/api/Public/register
INFO: [ route_check ] --START--
INFO: CheckRoute Behavior ::run [ RunTime:0.000781s ]
INFO: [ route_check ] --END-- [ RunTime:0.000927s ]
INFO: [ app_begin ] --START--
INFO: ReadHtmlCache Behavior ::run [ RunTime:0.000672s ]
INFO: [ app_begin ] --END-- [ RunTime:0.000791s ]
SQL: SHOW COLUMNS FROM `zy_member` [ RunTime:0.002880s ]
SQL: SHOW COLUMNS FROM `zy_member_verify` [ RunTime:0.002511s ]
SQL: SELECT `code`,`status` FROM `zy_member_verify` WHERE ( `type` = 'reg' ) AND ( `tel` = '18758781144' ) LIMIT 1   [ RunTime:0.000840s ]
SQL: INSERT INTO `zy_member` (`tel`,`salt`,`password`) VALUES ('18758781144','xmszfA','907a033ca19e9309d15b29a456e66e02') [ RunTime:0.003291s ]
NOTIC: [8] Undefined variable: list D:\wamp\www\guoji\yunwang\Api\AppApi\Lib\Action\PublicAction.class.php 第 32 行.

[ 2015-06-30T00:13:20+08:00 ] 127.0.0.1 /guoji/yunwang/api/Public/register
INFO: [ route_check ] --START--
INFO: CheckRoute Behavior ::run [ RunTime:0.000631s ]
INFO: [ route_check ] --END-- [ RunTime:0.000712s ]
INFO: [ app_begin ] --START--
INFO: ReadHtmlCache Behavior ::run [ RunTime:0.000532s ]
INFO: [ app_begin ] --END-- [ RunTime:0.000602s ]
SQL: SHOW COLUMNS FROM `zy_member` [ RunTime:0.003000s ]
SQL: SHOW COLUMNS FROM `zy_member_verify` [ RunTime:0.002183s ]
SQL: SELECT `code`,`status` FROM `zy_member_verify` WHERE ( `type` = 'reg' ) AND ( `tel` = '18758781144' ) LIMIT 1   [ RunTime:0.000240s ]
SQL: INSERT INTO `zy_member` (`tel`,`salt`,`password`) VALUES ('18758781144','fI9kQc','a71c3f3d04b580e69f474def6a5e327a') [ RunTime:0.002577s ]
SQL: SHOW COLUMNS FROM `zy_member_token` [ RunTime:0.001937s ]
SQL: SELECT * FROM `zy_member_token` WHERE ( `member_id` = 103 ) LIMIT 1   [ RunTime:0.000252s ]
SQL: INSERT INTO `zy_member_token` (`member_id`,`token`,`update_time`) VALUES (103,'f2e3a59d8868603cfb8c6a4e20539973',1435594400) [ RunTime:0.000252s ]

[ 2015-06-30T00:23:53+08:00 ] 127.0.0.1 /guoji/yunwang/api/Public/register
INFO: [ route_check ] --START--
INFO: CheckRoute Behavior ::run [ RunTime:0.000639s ]
INFO: [ route_check ] --END-- [ RunTime:0.000720s ]
INFO: [ app_begin ] --START--
INFO: ReadHtmlCache Behavior ::run [ RunTime:0.000461s ]
INFO: [ app_begin ] --END-- [ RunTime:0.000531s ]
SQL: SHOW COLUMNS FROM `zy_member` [ RunTime:0.004050s ]
SQL: SHOW COLUMNS FROM `zy_member_verify` [ RunTime:0.002717s ]
SQL: SELECT `code`,`status` FROM `zy_member_verify` WHERE ( `type` = 'reg' ) AND ( `tel` = '18758781144' ) LIMIT 1   [ RunTime:0.000232s ]
SQL: INSERT INTO `zy_member` (`tel`,`salt`,`password`) VALUES ('18758781144','Fku7ep','8e1159c6e78aa6d0707f1b06c2addb7a') [ RunTime:0.001301s ]
ERR: 1062:Duplicate entry '' for key 'username'
 [ SQL语句 ] : INSERT INTO `zy_member` (`tel`,`salt`,`password`) VALUES ('18758781144','Fku7ep','8e1159c6e78aa6d0707f1b06c2addb7a')

[ 2015-06-30T00:24:02+08:00 ] 127.0.0.1 /guoji/yunwang/api/Public/register
INFO: [ route_check ] --START--
INFO: CheckRoute Behavior ::run [ RunTime:0.000797s ]
INFO: [ route_check ] --END-- [ RunTime:0.000929s ]
INFO: [ app_begin ] --START--
INFO: ReadHtmlCache Behavior ::run [ RunTime:0.000571s ]
INFO: [ app_begin ] --END-- [ RunTime:0.000667s ]
SQL: SHOW COLUMNS FROM `zy_member` [ RunTime:0.002810s ]
SQL: SHOW COLUMNS FROM `zy_member_verify` [ RunTime:0.002276s ]
SQL: SELECT `code`,`status` FROM `zy_member_verify` WHERE ( `type` = 'reg' ) AND ( `tel` = '18758781144' ) LIMIT 1   [ RunTime:0.000237s ]
SQL: INSERT INTO `zy_member` (`tel`,`salt`,`password`) VALUES ('18758781144','Ebk8Ss','02a223201c0bf72c92888583b64b6681') [ RunTime:0.003987s ]
SQL: SHOW COLUMNS FROM `zy_member_token` [ RunTime:0.002459s ]
SQL: SELECT * FROM `zy_member_token` WHERE ( `member_id` = 105 ) LIMIT 1   [ RunTime:0.000399s ]
SQL: INSERT INTO `zy_member_token` (`member_id`,`token`,`update_time`) VALUES (105,'52f259bf76971910d00728f349e227f3',1435595042) [ RunTime:0.000409s ]

[ 2015-06-30T23:14:59+08:00 ] 127.0.0.1 /guoji/yunwang/api/index.php/Member
INFO: [ route_check ] --START--
INFO: CheckRoute Behavior ::run [ RunTime:0.001196s ]
INFO: [ route_check ] --END-- [ RunTime:0.001280s ]
INFO: [ app_begin ] --START--
INFO: ReadHtmlCache Behavior ::run [ RunTime:0.001255s ]
INFO: [ app_begin ] --END-- [ RunTime:0.001328s ]
NOTIC: [2048] Declaration of MemberAction::_search() should be compatible with that of CommonAction::_search() D:\wamp\www\guoji\yunwang\Api\AppApi\Lib\Action\MemberAction.class.php 第 2 行.
NOTIC: [2048] Declaration of MemberAction::show() should be compatible with that of Action::show() D:\wamp\www\guoji\yunwang\Api\AppApi\Lib\Action\MemberAction.class.php 第 2 行.
NOTIC: [8] Undefined index: token D:\wamp\www\guoji\yunwang\Api\AppApi\Lib\Action\CommonAction.class.php 第 9 行.
SQL: SHOW COLUMNS FROM `zy_member_token` [ RunTime:0.005326s ]
SQL: SELECT b.* FROM `zy_member_token` as a LEFT JOIN `zy_member` as b on a.member_id=b.id WHERE ( a.token = 'a8x787d' ) AND ( b.status = 1 ) LIMIT 1   [ RunTime:0.002653s ]
SQL: SHOW COLUMNS FROM `zy_member` [ RunTime:0.002430s ]
NOTIC: [8] Undefined index: id D:\wamp\www\guoji\yunwang\Api\AppApi\Lib\Action\MemberAction.class.php 第 54 行.
NOTIC: [8] Undefined index: utype D:\wamp\www\guoji\yunwang\Api\AppApi\Lib\Action\MemberAction.class.php 第 58 行.
NOTIC: [8] Undefined index: username D:\wamp\www\guoji\yunwang\Api\AppApi\Lib\Action\MemberAction.class.php 第 62 行.
NOTIC: [8] Undefined variable: data D:\wamp\www\guoji\yunwang\Api\AppApi\Lib\Action\MemberAction.class.php 第 66 行.
NOTIC: [8] Undefined variable: asc D:\wamp\www\guoji\yunwang\Api\AppApi\Lib\Action\MemberAction.class.php 第 19 行.
SQL: SELECT COUNT(*) AS tp_count FROM `zy_member` LIMIT 1   [ RunTime:0.000212s ]
NOTIC: [8] Undefined index: page_size D:\wamp\www\guoji\yunwang\Api\AppApi\Lib\Action\MemberAction.class.php 第 22 行.
SQL: SELECT a.id,a.utype,a.username,a.realname,a.create_time,a.status,`province`,`city`,`district`,b.balance,b.frozen,`lv_name`,`bus_lv_name` FROM `zy_member` as a LEFT JOIN `zy_member_wallet` as b on a.id=b.member_id ORDER BY `id` desc LIMIT 0,20   [ RunTime:0.003567s ]
NOTIC: [8] Undefined variable: voList D:\wamp\www\guoji\yunwang\Api\AppApi\Lib\Action\MemberAction.class.php 第 47 行.

[ 2015-06-30T23:15:08+08:00 ] 127.0.0.1 /guoji/yunwang/api/Public/register
INFO: [ route_check ] --START--
INFO: CheckRoute Behavior ::run [ RunTime:0.000658s ]
INFO: [ route_check ] --END-- [ RunTime:0.000745s ]
INFO: [ app_begin ] --START--
INFO: ReadHtmlCache Behavior ::run [ RunTime:0.000547s ]
INFO: [ app_begin ] --END-- [ RunTime:0.000625s ]
SQL: SHOW COLUMNS FROM `zy_member` [ RunTime:0.002879s ]

[ 2015-06-30T23:15:43+08:00 ] 127.0.0.1 /guoji/yunwang/api/Public/register
INFO: [ route_check ] --START--
INFO: CheckRoute Behavior ::run [ RunTime:0.000680s ]
INFO: [ route_check ] --END-- [ RunTime:0.000764s ]
INFO: [ app_begin ] --START--
INFO: ReadHtmlCache Behavior ::run [ RunTime:0.000519s ]
INFO: [ app_begin ] --END-- [ RunTime:0.000590s ]
SQL: SHOW COLUMNS FROM `zy_member` [ RunTime:0.004571s ]
SQL: SHOW COLUMNS FROM `zy_member_verify` [ RunTime:0.004326s ]
SQL: SELECT `code`,`status` FROM `zy_member_verify` WHERE ( `type` = 'reg' ) AND ( `tel` = '18758781144' ) LIMIT 1   [ RunTime:0.000277s ]
SQL: INSERT INTO `zy_member` (`tel`,`salt`,`password`) VALUES ('18758781144','XGurWk','4d5d2a3c73e058099942e8a6ea34a926') [ RunTime:0.001810s ]
ERR: 1062:Duplicate entry '' for key 'username'
 [ SQL语句 ] : INSERT INTO `zy_member` (`tel`,`salt`,`password`) VALUES ('18758781144','XGurWk','4d5d2a3c73e058099942e8a6ea34a926')

[ 2015-06-30T23:18:06+08:00 ] 127.0.0.1 /guoji/yunwang/api/Public/register
INFO: [ route_check ] --START--
INFO: CheckRoute Behavior ::run [ RunTime:0.000860s ]
INFO: [ route_check ] --END-- [ RunTime:0.000946s ]
INFO: [ app_begin ] --START--
INFO: ReadHtmlCache Behavior ::run [ RunTime:0.000880s ]
INFO: [ app_begin ] --END-- [ RunTime:0.000955s ]
SQL: SHOW COLUMNS FROM `zy_member` [ RunTime:0.005016s ]
SQL: SELECT * FROM `zy_member` WHERE ( `tel` = '18758781144' ) LIMIT 1   [ RunTime:0.000972s ]

[ 2015-06-30T23:18:30+08:00 ] 127.0.0.1 /guoji/yunwang/api/Public/register
INFO: [ route_check ] --START--
INFO: CheckRoute Behavior ::run [ RunTime:0.000880s ]
INFO: [ route_check ] --END-- [ RunTime:0.001010s ]
INFO: [ app_begin ] --START--
INFO: ReadHtmlCache Behavior ::run [ RunTime:0.000577s ]
INFO: [ app_begin ] --END-- [ RunTime:0.000649s ]
SQL: SHOW COLUMNS FROM `zy_member` [ RunTime:0.002645s ]
SQL: SELECT * FROM `zy_member` WHERE ( `tel` = '18758781144' ) LIMIT 1   [ RunTime:0.000607s ]
SQL: SHOW COLUMNS FROM `zy_member_verify` [ RunTime:0.001946s ]
SQL: SELECT `code`,`status` FROM `zy_member_verify` WHERE ( `type` = 'reg' ) AND ( `tel` = '18758781144' ) LIMIT 1   [ RunTime:0.000299s ]
SQL: INSERT INTO `zy_member` (`tel`,`salt`,`password`) VALUES ('18758781144','wXUA86','3a648f971afbd637d1fcaf1af2ee0fac') [ RunTime:0.009034s ]
SQL: SHOW COLUMNS FROM `zy_member_token` [ RunTime:0.001808s ]
SQL: SELECT * FROM `zy_member_token` WHERE ( `member_id` = 107 ) LIMIT 1   [ RunTime:0.000231s ]
SQL: INSERT INTO `zy_member_token` (`member_id`,`token`,`update_time`) VALUES (107,'ca2774f3e53c7980600163de224e3507',1435677510) [ RunTime:0.000232s ]

[ 2015-06-30T23:29:49+08:00 ] 127.0.0.1 /guoji/yunwang/api/Public/checkLogin
INFO: [ route_check ] --START--
INFO: CheckRoute Behavior ::run [ RunTime:0.000695s ]
INFO: [ route_check ] --END-- [ RunTime:0.000781s ]
INFO: [ app_begin ] --START--
INFO: ReadHtmlCache Behavior ::run [ RunTime:0.000526s ]
INFO: [ app_begin ] --END-- [ RunTime:0.000597s ]
NOTIC: [8] Undefined index: verify D:\wamp\www\guoji\yunwang\Api\AppApi\Lib\Action\PublicAction.class.php 第 51 行.
NOTIC: [8] Undefined index: verify D:\wamp\www\guoji\yunwang\Api\AppApi\Lib\Action\PublicAction.class.php 第 51 行.
SQL: SHOW COLUMNS FROM `zy_member` [ RunTime:0.003073s ]
NOTIC: [8] Undefined index: username D:\wamp\www\guoji\yunwang\Api\AppApi\Lib\Action\PublicAction.class.php 第 55 行.
SQL: SELECT * FROM `zy_member` WHERE ( `username` = null ) LIMIT 1   [ RunTime:0.000508s ]
NOTIC: [8] Undefined index: baiduUserId D:\wamp\www\guoji\yunwang\Api\AppApi\Lib\Action\PublicAction.class.php 第 57 行.

[ 2015-06-30T23:30:43+08:00 ] 127.0.0.1 /guoji/yunwang/api/Public/checkLogin
INFO: [ route_check ] --START--
INFO: CheckRoute Behavior ::run [ RunTime:0.000658s ]
INFO: [ route_check ] --END-- [ RunTime:0.000738s ]
INFO: [ app_begin ] --START--
INFO: ReadHtmlCache Behavior ::run [ RunTime:0.000533s ]
INFO: [ app_begin ] --END-- [ RunTime:0.000599s ]
NOTIC: [8] Undefined index: verify D:\wamp\www\guoji\yunwang\Api\AppApi\Lib\Action\PublicAction.class.php 第 51 行.
NOTIC: [8] Undefined index: verify D:\wamp\www\guoji\yunwang\Api\AppApi\Lib\Action\PublicAction.class.php 第 51 行.
SQL: SHOW COLUMNS FROM `zy_member` [ RunTime:0.002476s ]
NOTIC: [8] Undefined index: username D:\wamp\www\guoji\yunwang\Api\AppApi\Lib\Action\PublicAction.class.php 第 55 行.
SQL: SELECT * FROM `zy_member` WHERE ( `username` = null ) LIMIT 1   [ RunTime:0.000482s ]

[ 2015-06-30T23:31:24+08:00 ] 127.0.0.1 /guoji/yunwang/api/index.php/Member
INFO: [ route_check ] --START--
INFO: CheckRoute Behavior ::run [ RunTime:0.000688s ]
INFO: [ route_check ] --END-- [ RunTime:0.000772s ]
INFO: [ app_begin ] --START--
INFO: ReadHtmlCache Behavior ::run [ RunTime:0.000538s ]
INFO: [ app_begin ] --END-- [ RunTime:0.000609s ]
NOTIC: [2048] Declaration of MemberAction::_search() should be compatible with that of CommonAction::_search() D:\wamp\www\guoji\yunwang\Api\AppApi\Lib\Action\MemberAction.class.php 第 2 行.
NOTIC: [2048] Declaration of MemberAction::show() should be compatible with that of Action::show() D:\wamp\www\guoji\yunwang\Api\AppApi\Lib\Action\MemberAction.class.php 第 2 行.
NOTIC: [8] Undefined index: token D:\wamp\www\guoji\yunwang\Api\AppApi\Lib\Action\CommonAction.class.php 第 9 行.
SQL: SHOW COLUMNS FROM `zy_member_token` [ RunTime:0.002981s ]
SQL: SELECT b.* FROM `zy_member_token` as a LEFT JOIN `zy_member` as b on a.member_id=b.id WHERE ( a.token = 'a8x787d' ) AND ( b.status = 1 ) LIMIT 1   [ RunTime:0.000610s ]
SQL: SHOW COLUMNS FROM `zy_member` [ RunTime:0.002752s ]
NOTIC: [8] Undefined index: id D:\wamp\www\guoji\yunwang\Api\AppApi\Lib\Action\MemberAction.class.php 第 54 行.
NOTIC: [8] Undefined index: utype D:\wamp\www\guoji\yunwang\Api\AppApi\Lib\Action\MemberAction.class.php 第 58 行.
NOTIC: [8] Undefined index: username D:\wamp\www\guoji\yunwang\Api\AppApi\Lib\Action\MemberAction.class.php 第 62 行.
NOTIC: [8] Undefined variable: data D:\wamp\www\guoji\yunwang\Api\AppApi\Lib\Action\MemberAction.class.php 第 66 行.
NOTIC: [8] Undefined variable: asc D:\wamp\www\guoji\yunwang\Api\AppApi\Lib\Action\MemberAction.class.php 第 19 行.
SQL: SELECT COUNT(*) AS tp_count FROM `zy_member` LIMIT 1   [ RunTime:0.000245s ]
NOTIC: [8] Undefined index: page_size D:\wamp\www\guoji\yunwang\Api\AppApi\Lib\Action\MemberAction.class.php 第 22 行.
SQL: SELECT a.id,a.utype,a.username,a.realname,a.create_time,a.status,`province`,`city`,`district`,b.balance,b.frozen,`lv_name`,`bus_lv_name` FROM `zy_member` as a LEFT JOIN `zy_member_wallet` as b on a.id=b.member_id ORDER BY `id` desc LIMIT 0,20   [ RunTime:0.000520s ]
NOTIC: [8] Undefined variable: voList D:\wamp\www\guoji\yunwang\Api\AppApi\Lib\Action\MemberAction.class.php 第 47 行.

[ 2015-06-30T23:31:34+08:00 ] 127.0.0.1 /guoji/yunwang/api/
INFO: [ app_begin ] --START--
INFO: ReadHtmlCache Behavior ::run [ RunTime:0.000614s ]
INFO: [ app_begin ] --END-- [ RunTime:0.000713s ]
INFO: [ view_parse ] --START--
INFO: ParseTemplate Behavior ::run [ RunTime:0.007907s ]
INFO: [ view_parse ] --END-- [ RunTime:0.008041s ]
INFO: [ view_filter ] --START--
INFO: ContentReplace Behavior ::run [ RunTime:0.000650s ]
INFO: TokenBuild Behavior ::run [ RunTime:0.000671s ]
INFO: WriteHtmlCache Behavior ::run [ RunTime:0.000720s ]
INFO: ShowRuntime Behavior ::run [ RunTime:0.000753s ]
INFO: [ view_filter ] --END-- [ RunTime:0.002996s ]
INFO: [ view_end ] --START--
INFO: ShowPageTrace Behavior ::run [ RunTime:0.000895s ]
INFO: [ view_end ] --END-- [ RunTime:0.000979s ]

[ 2015-06-30T23:32:20+08:00 ] 127.0.0.1 /guoji/yunwang/api/Public/checkLogin
INFO: [ route_check ] --START--
INFO: CheckRoute Behavior ::run [ RunTime:0.000723s ]
INFO: [ route_check ] --END-- [ RunTime:0.000803s ]
INFO: [ app_begin ] --START--
INFO: ReadHtmlCache Behavior ::run [ RunTime:0.000571s ]
INFO: [ app_begin ] --END-- [ RunTime:0.000640s ]
NOTIC: [8] Undefined index: verify D:\wamp\www\guoji\yunwang\Api\AppApi\Lib\Action\PublicAction.class.php 第 51 行.
NOTIC: [8] Undefined index: verify D:\wamp\www\guoji\yunwang\Api\AppApi\Lib\Action\PublicAction.class.php 第 51 行.
SQL: SHOW COLUMNS FROM `zy_member` [ RunTime:0.004044s ]
SQL: SELECT * FROM `zy_member` WHERE ( `tel` = '18758781144' ) LIMIT 1   [ RunTime:0.000648s ]
NOTIC: [8] Undefined index: mb_system D:\wamp\www\guoji\yunwang\Api\AppApi\Lib\Action\PublicAction.class.php 第 88 行.
SQL: UPDATE `zy_member` SET `last_login_ip`='127.0.0.1',`login_count`=1,`last_login_time`=1435678340,`baiduUserId`='18758781144',`mb_system`=2 WHERE ( `id` = 107 ) [ RunTime:0.008212s ]
SQL: SHOW COLUMNS FROM `zy_member_token` [ RunTime:0.001762s ]
SQL: SELECT * FROM `zy_member_token` LIMIT 1   [ RunTime:0.000220s ]
SQL: UPDATE `zy_member_token` SET `token`='62b33e9153bfc0c48960af2df275ba43',`update_time`=1435678340 [ RunTime:0.000504s ]

[ 2015-06-30T23:32:47+08:00 ] 127.0.0.1 /guoji/yunwang/api/Public/checkLogin
INFO: [ route_check ] --START--
INFO: CheckRoute Behavior ::run [ RunTime:0.000763s ]
INFO: [ route_check ] --END-- [ RunTime:0.000872s ]
INFO: [ app_begin ] --START--
INFO: ReadHtmlCache Behavior ::run [ RunTime:0.000581s ]
INFO: [ app_begin ] --END-- [ RunTime:0.000650s ]
NOTIC: [8] Undefined index: verify D:\wamp\www\guoji\yunwang\Api\AppApi\Lib\Action\PublicAction.class.php 第 51 行.
NOTIC: [8] Undefined index: verify D:\wamp\www\guoji\yunwang\Api\AppApi\Lib\Action\PublicAction.class.php 第 51 行.
SQL: SHOW COLUMNS FROM `zy_member` [ RunTime:0.003799s ]
SQL: SELECT `id`,`tel`,`salt` FROM `zy_member` WHERE ( `tel` = '18758781144' ) LIMIT 1   [ RunTime:0.000302s ]
NOTIC: [8] Undefined index: password D:\wamp\www\guoji\yunwang\Api\AppApi\Lib\Action\PublicAction.class.php 第 67 行.

[ 2015-06-30T23:33:08+08:00 ] 127.0.0.1 /guoji/yunwang/api/Public/checkLogin
INFO: [ route_check ] --START--
INFO: CheckRoute Behavior ::run [ RunTime:0.000701s ]
INFO: [ route_check ] --END-- [ RunTime:0.000781s ]
INFO: [ app_begin ] --START--
INFO: ReadHtmlCache Behavior ::run [ RunTime:0.000586s ]
INFO: [ app_begin ] --END-- [ RunTime:0.000656s ]
NOTIC: [8] Undefined index: verify D:\wamp\www\guoji\yunwang\Api\AppApi\Lib\Action\PublicAction.class.php 第 51 行.
NOTIC: [8] Undefined index: verify D:\wamp\www\guoji\yunwang\Api\AppApi\Lib\Action\PublicAction.class.php 第 51 行.
SQL: SHOW COLUMNS FROM `zy_member` [ RunTime:0.002780s ]
SQL: SELECT `id`,`tel`,`salt` FROM `zy_member` WHERE ( `tel` = '18758781144' ) LIMIT 1   [ RunTime:0.000261s ]
NOTIC: [8] Undefined index: password D:\wamp\www\guoji\yunwang\Api\AppApi\Lib\Action\PublicAction.class.php 第 67 行.

[ 2015-06-30T23:33:26+08:00 ] 127.0.0.1 /guoji/yunwang/api/Public/checkLogin
INFO: [ route_check ] --START--
INFO: CheckRoute Behavior ::run [ RunTime:0.000822s ]
INFO: [ route_check ] --END-- [ RunTime:0.000909s ]
INFO: [ app_begin ] --START--
INFO: ReadHtmlCache Behavior ::run [ RunTime:0.000558s ]
INFO: [ app_begin ] --END-- [ RunTime:0.000629s ]
NOTIC: [8] Undefined index: verify D:\wamp\www\guoji\yunwang\Api\AppApi\Lib\Action\PublicAction.class.php 第 51 行.
NOTIC: [8] Undefined index: verify D:\wamp\www\guoji\yunwang\Api\AppApi\Lib\Action\PublicAction.class.php 第 51 行.
SQL: SHOW COLUMNS FROM `zy_member` [ RunTime:0.003265s ]
SQL: SELECT `id`,`tel`,`salt`,`password` FROM `zy_member` WHERE ( `tel` = '18758781144' ) LIMIT 1   [ RunTime:0.000315s ]
NOTIC: [8] Undefined index: baiduUserId D:\wamp\www\guoji\yunwang\Api\AppApi\Lib\Action\PublicAction.class.php 第 73 行.
NOTIC: [8] Undefined index: baiduUserId D:\wamp\www\guoji\yunwang\Api\AppApi\Lib\Action\PublicAction.class.php 第 73 行.
NOTIC: [8] Undefined index: login_count D:\wamp\www\guoji\yunwang\Api\AppApi\Lib\Action\PublicAction.class.php 第 85 行.
NOTIC: [8] Undefined index: mb_system D:\wamp\www\guoji\yunwang\Api\AppApi\Lib\Action\PublicAction.class.php 第 88 行.
SQL: UPDATE `zy_member` SET `last_login_ip`='127.0.0.1',`login_count`=1,`last_login_time`=1435678406,`baiduUserId`='18758781144',`mb_system`=2 WHERE ( `id` = 107 ) [ RunTime:0.003387s ]
SQL: SHOW COLUMNS FROM `zy_member_token` [ RunTime:0.001971s ]
SQL: SELECT * FROM `zy_member_token` LIMIT 1   [ RunTime:0.000233s ]
SQL: UPDATE `zy_member_token` SET `token`='8289e649c1ace7095e782ad0e8a0505a',`update_time`=1435678406 [ RunTime:0.000494s ]

[ 2015-06-30T23:37:36+08:00 ] 127.0.0.1 /guoji/yunwang/api/Public/checkLogin
INFO: [ route_check ] --START--
INFO: CheckRoute Behavior ::run [ RunTime:0.000677s ]
INFO: [ route_check ] --END-- [ RunTime:0.000758s ]
INFO: [ app_begin ] --START--
INFO: ReadHtmlCache Behavior ::run [ RunTime:0.000573s ]
INFO: [ app_begin ] --END-- [ RunTime:0.000642s ]
NOTIC: [8] Undefined index: verify D:\wamp\www\guoji\yunwang\Api\AppApi\Lib\Action\PublicAction.class.php 第 51 行.
NOTIC: [8] Undefined index: verify D:\wamp\www\guoji\yunwang\Api\AppApi\Lib\Action\PublicAction.class.php 第 51 行.
SQL: SHOW COLUMNS FROM `zy_member` [ RunTime:0.004125s ]
SQL: SELECT `id`,`tel`,`salt`,`password` FROM `zy_member` WHERE ( `tel` = '18758781144' ) LIMIT 1   [ RunTime:0.000451s ]
NOTIC: [8] Undefined index: baiduUserId D:\wamp\www\guoji\yunwang\Api\AppApi\Lib\Action\PublicAction.class.php 第 73 行.
NOTIC: [8] Undefined index: baiduUserId D:\wamp\www\guoji\yunwang\Api\AppApi\Lib\Action\PublicAction.class.php 第 73 行.
NOTIC: [8] Undefined index: login_count D:\wamp\www\guoji\yunwang\Api\AppApi\Lib\Action\PublicAction.class.php 第 85 行.
NOTIC: [8] Undefined index: mb_system D:\wamp\www\guoji\yunwang\Api\AppApi\Lib\Action\PublicAction.class.php 第 88 行.
SQL: UPDATE `zy_member` SET `last_login_ip`='127.0.0.1',`login_count`=1,`last_login_time`=1435678656,`baiduUserId`='18758781144',`mb_system`=2 WHERE ( `id` = 107 ) [ RunTime:0.006619s ]

[ 2015-06-30T23:42:24+08:00 ] 127.0.0.1 /guoji/yunwang/api/Public/checkLogin
INFO: [ route_check ] --START--
INFO: CheckRoute Behavior ::run [ RunTime:0.000673s ]
INFO: [ route_check ] --END-- [ RunTime:0.000755s ]
INFO: [ app_begin ] --START--
INFO: ReadHtmlCache Behavior ::run [ RunTime:0.000505s ]
INFO: [ app_begin ] --END-- [ RunTime:0.000572s ]
NOTIC: [8] Undefined index: verify D:\wamp\www\guoji\yunwang\Api\AppApi\Lib\Action\PublicAction.class.php 第 51 行.
NOTIC: [8] Undefined index: verify D:\wamp\www\guoji\yunwang\Api\AppApi\Lib\Action\PublicAction.class.php 第 51 行.
SQL: SHOW COLUMNS FROM `zy_member` [ RunTime:0.003212s ]
SQL: SELECT `id`,`tel`,`salt`,`password` FROM `zy_member` WHERE ( `tel` = '18758781144' ) LIMIT 1   [ RunTime:0.000568s ]
NOTIC: [8] Undefined index: baiduUserId D:\wamp\www\guoji\yunwang\Api\AppApi\Lib\Action\PublicAction.class.php 第 73 行.
NOTIC: [8] Undefined index: baiduUserId D:\wamp\www\guoji\yunwang\Api\AppApi\Lib\Action\PublicAction.class.php 第 73 行.
NOTIC: [8] Undefined index: login_count D:\wamp\www\guoji\yunwang\Api\AppApi\Lib\Action\PublicAction.class.php 第 85 行.
NOTIC: [8] Undefined index: mb_system D:\wamp\www\guoji\yunwang\Api\AppApi\Lib\Action\PublicAction.class.php 第 88 行.
SQL: UPDATE `zy_member` SET `last_login_ip`='127.0.0.1',`login_count`=1,`last_login_time`=1435678944,`baiduUserId`='18758781144',`mb_system`=2 WHERE ( `id` = 107 ) [ RunTime:0.002421s ]

[ 2015-06-30T23:42:27+08:00 ] 127.0.0.1 /guoji/yunwang/api/Public/checkLogin
INFO: [ route_check ] --START--
INFO: CheckRoute Behavior ::run [ RunTime:0.000632s ]
INFO: [ route_check ] --END-- [ RunTime:0.000713s ]
INFO: [ app_begin ] --START--
INFO: ReadHtmlCache Behavior ::run [ RunTime:0.000521s ]
INFO: [ app_begin ] --END-- [ RunTime:0.000590s ]
NOTIC: [8] Undefined index: verify D:\wamp\www\guoji\yunwang\Api\AppApi\Lib\Action\PublicAction.class.php 第 51 行.
NOTIC: [8] Undefined index: verify D:\wamp\www\guoji\yunwang\Api\AppApi\Lib\Action\PublicAction.class.php 第 51 行.
SQL: SHOW COLUMNS FROM `zy_member` [ RunTime:0.003804s ]
SQL: SELECT `id`,`tel`,`salt`,`password` FROM `zy_member` WHERE ( `tel` = '18758781144' ) LIMIT 1   [ RunTime:0.000298s ]
NOTIC: [8] Undefined index: baiduUserId D:\wamp\www\guoji\yunwang\Api\AppApi\Lib\Action\PublicAction.class.php 第 73 行.
NOTIC: [8] Undefined index: baiduUserId D:\wamp\www\guoji\yunwang\Api\AppApi\Lib\Action\PublicAction.class.php 第 73 行.
NOTIC: [8] Undefined index: login_count D:\wamp\www\guoji\yunwang\Api\AppApi\Lib\Action\PublicAction.class.php 第 85 行.
NOTIC: [8] Undefined index: mb_system D:\wamp\www\guoji\yunwang\Api\AppApi\Lib\Action\PublicAction.class.php 第 88 行.
SQL: UPDATE `zy_member` SET `last_login_ip`='127.0.0.1',`login_count`=1,`last_login_time`=1435678947,`baiduUserId`='18758781144',`mb_system`=2 WHERE ( `id` = 107 ) [ RunTime:0.003657s ]

[ 2015-06-30T23:43:25+08:00 ] 127.0.0.1 /guoji/yunwang/api/Public/checkLogin
INFO: [ route_check ] --START--
INFO: CheckRoute Behavior ::run [ RunTime:0.000695s ]
INFO: [ route_check ] --END-- [ RunTime:0.000804s ]
INFO: [ app_begin ] --START--
INFO: ReadHtmlCache Behavior ::run [ RunTime:0.000687s ]
INFO: [ app_begin ] --END-- [ RunTime:0.000777s ]
NOTIC: [8] Undefined index: verify D:\wamp\www\guoji\yunwang\Api\AppApi\Lib\Action\PublicAction.class.php 第 51 行.
NOTIC: [8] Undefined index: verify D:\wamp\www\guoji\yunwang\Api\AppApi\Lib\Action\PublicAction.class.php 第 51 行.
SQL: SHOW COLUMNS FROM `zy_member` [ RunTime:0.002834s ]
SQL: SELECT `id`,`tel`,`salt`,`password` FROM `zy_member` WHERE ( `tel` = '18758781144' ) LIMIT 1   [ RunTime:0.000303s ]
NOTIC: [8] Undefined index: baiduUserId D:\wamp\www\guoji\yunwang\Api\AppApi\Lib\Action\PublicAction.class.php 第 73 行.
NOTIC: [8] Undefined index: baiduUserId D:\wamp\www\guoji\yunwang\Api\AppApi\Lib\Action\PublicAction.class.php 第 73 行.
NOTIC: [8] Undefined index: login_count D:\wamp\www\guoji\yunwang\Api\AppApi\Lib\Action\PublicAction.class.php 第 85 行.
NOTIC: [8] Undefined index: mb_system D:\wamp\www\guoji\yunwang\Api\AppApi\Lib\Action\PublicAction.class.php 第 88 行.
SQL: UPDATE `zy_member` SET `last_login_ip`='127.0.0.1',`login_count`=1,`last_login_time`=1435679005,`baiduUserId`='18758781144',`mb_system`=2 WHERE ( `id` = 107 ) [ RunTime:0.006473s ]

[ 2015-06-30T23:43:53+08:00 ] 127.0.0.1 /guoji/yunwang/api/Public/checkLogin
INFO: [ route_check ] --START--
INFO: CheckRoute Behavior ::run [ RunTime:0.000658s ]
INFO: [ route_check ] --END-- [ RunTime:0.000739s ]
INFO: [ app_begin ] --START--
INFO: ReadHtmlCache Behavior ::run [ RunTime:0.000562s ]
INFO: [ app_begin ] --END-- [ RunTime:0.000630s ]
NOTIC: [8] Undefined index: verify D:\wamp\www\guoji\yunwang\Api\AppApi\Lib\Action\PublicAction.class.php 第 51 行.
NOTIC: [8] Undefined index: verify D:\wamp\www\guoji\yunwang\Api\AppApi\Lib\Action\PublicAction.class.php 第 51 行.
SQL: SHOW COLUMNS FROM `zy_member` [ RunTime:0.003273s ]
SQL: SELECT `id`,`tel`,`salt`,`password` FROM `zy_member` WHERE ( `tel` = '18758781144' ) LIMIT 1   [ RunTime:0.000401s ]
NOTIC: [8] Undefined index: baiduUserId D:\wamp\www\guoji\yunwang\Api\AppApi\Lib\Action\PublicAction.class.php 第 73 行.
NOTIC: [8] Undefined index: baiduUserId D:\wamp\www\guoji\yunwang\Api\AppApi\Lib\Action\PublicAction.class.php 第 73 行.
NOTIC: [8] Undefined index: login_count D:\wamp\www\guoji\yunwang\Api\AppApi\Lib\Action\PublicAction.class.php 第 85 行.
NOTIC: [8] Undefined index: mb_system D:\wamp\www\guoji\yunwang\Api\AppApi\Lib\Action\PublicAction.class.php 第 88 行.
SQL: UPDATE `zy_member` SET `last_login_ip`='127.0.0.1',`login_count`=1,`last_login_time`=1435679033,`baiduUserId`='18758781144',`mb_system`=2 WHERE ( `id` = 107 ) [ RunTime:0.006495s ]

[ 2015-06-30T23:44:16+08:00 ] 127.0.0.1 /guoji/yunwang/api/Public/checkLogin
INFO: [ route_check ] --START--
INFO: CheckRoute Behavior ::run [ RunTime:0.000814s ]
INFO: [ route_check ] --END-- [ RunTime:0.000946s ]
INFO: [ app_begin ] --START--
INFO: ReadHtmlCache Behavior ::run [ RunTime:0.000672s ]
INFO: [ app_begin ] --END-- [ RunTime:0.000749s ]
NOTIC: [8] Undefined index: verify D:\wamp\www\guoji\yunwang\Api\AppApi\Lib\Action\PublicAction.class.php 第 51 行.
NOTIC: [8] Undefined index: verify D:\wamp\www\guoji\yunwang\Api\AppApi\Lib\Action\PublicAction.class.php 第 51 行.
SQL: SHOW COLUMNS FROM `zy_member` [ RunTime:0.004018s ]
SQL: SELECT `id`,`tel`,`salt`,`password` FROM `zy_member` WHERE ( `tel` = '18758781144' ) LIMIT 1   [ RunTime:0.000326s ]
NOTIC: [8] Undefined index: baiduUserId D:\wamp\www\guoji\yunwang\Api\AppApi\Lib\Action\PublicAction.class.php 第 73 行.
NOTIC: [8] Undefined index: baiduUserId D:\wamp\www\guoji\yunwang\Api\AppApi\Lib\Action\PublicAction.class.php 第 73 行.
NOTIC: [8] Undefined index: login_count D:\wamp\www\guoji\yunwang\Api\AppApi\Lib\Action\PublicAction.class.php 第 85 行.
NOTIC: [8] Undefined index: mb_system D:\wamp\www\guoji\yunwang\Api\AppApi\Lib\Action\PublicAction.class.php 第 88 行.
SQL: UPDATE `zy_member` SET `last_login_ip`='127.0.0.1',`login_count`=1,`last_login_time`=1435679056,`baiduUserId`='18758781144',`mb_system`=2 WHERE ( `id` = 107 ) [ RunTime:0.006983s ]

[ 2015-06-30T23:45:01+08:00 ] 127.0.0.1 /guoji/yunwang/api/Public/register
INFO: [ route_check ] --START--
INFO: CheckRoute Behavior ::run [ RunTime:0.000847s ]
INFO: [ route_check ] --END-- [ RunTime:0.000970s ]
INFO: [ app_begin ] --START--
INFO: ReadHtmlCache Behavior ::run [ RunTime:0.000731s ]
INFO: [ app_begin ] --END-- [ RunTime:0.000809s ]
SQL: SHOW COLUMNS FROM `zy_member` [ RunTime:0.002515s ]
SQL: SELECT * FROM `zy_member` WHERE ( `tel` = '18758781144' ) LIMIT 1   [ RunTime:0.000705s ]

[ 2015-06-30T23:45:06+08:00 ] 127.0.0.1 /guoji/yunwang/api/Public/register
INFO: [ route_check ] --START--
INFO: CheckRoute Behavior ::run [ RunTime:0.000920s ]
INFO: [ route_check ] --END-- [ RunTime:0.001033s ]
INFO: [ app_begin ] --START--
INFO: ReadHtmlCache Behavior ::run [ RunTime:0.000585s ]
INFO: [ app_begin ] --END-- [ RunTime:0.000657s ]
SQL: SHOW COLUMNS FROM `zy_member` [ RunTime:0.011181s ]
SQL: SELECT * FROM `zy_member` WHERE ( `tel` = '18758781144' ) LIMIT 1   [ RunTime:0.000705s ]

[ 2015-06-30T23:45:13+08:00 ] 127.0.0.1 /guoji/yunwang/api/Public/checkLogin
INFO: [ route_check ] --START--
INFO: CheckRoute Behavior ::run [ RunTime:0.000664s ]
INFO: [ route_check ] --END-- [ RunTime:0.000744s ]
INFO: [ app_begin ] --START--
INFO: ReadHtmlCache Behavior ::run [ RunTime:0.000523s ]
INFO: [ app_begin ] --END-- [ RunTime:0.000593s ]
NOTIC: [8] Undefined index: verify D:\wamp\www\guoji\yunwang\Api\AppApi\Lib\Action\PublicAction.class.php 第 51 行.
NOTIC: [8] Undefined index: verify D:\wamp\www\guoji\yunwang\Api\AppApi\Lib\Action\PublicAction.class.php 第 51 行.
SQL: SHOW COLUMNS FROM `zy_member` [ RunTime:0.004238s ]
SQL: SELECT `id`,`tel`,`salt`,`password` FROM `zy_member` WHERE ( `tel` = '18758781144' ) LIMIT 1   [ RunTime:0.000402s ]
NOTIC: [8] Undefined index: baiduUserId D:\wamp\www\guoji\yunwang\Api\AppApi\Lib\Action\PublicAction.class.php 第 73 行.
NOTIC: [8] Undefined index: baiduUserId D:\wamp\www\guoji\yunwang\Api\AppApi\Lib\Action\PublicAction.class.php 第 73 行.
NOTIC: [8] Undefined index: login_count D:\wamp\www\guoji\yunwang\Api\AppApi\Lib\Action\PublicAction.class.php 第 85 行.
NOTIC: [8] Undefined index: mb_system D:\wamp\www\guoji\yunwang\Api\AppApi\Lib\Action\PublicAction.class.php 第 88 行.
SQL: UPDATE `zy_member` SET `last_login_ip`='127.0.0.1',`login_count`=1,`last_login_time`=1435679113,`baiduUserId`='18758781144',`mb_system`=2 WHERE ( `id` = 107 ) [ RunTime:0.006558s ]

[ 2015-06-30T23:45:18+08:00 ] 127.0.0.1 /guoji/yunwang/api/Public/checkLogin
INFO: [ route_check ] --START--
INFO: CheckRoute Behavior ::run [ RunTime:0.000809s ]
INFO: [ route_check ] --END-- [ RunTime:0.000931s ]
INFO: [ app_begin ] --START--
INFO: ReadHtmlCache Behavior ::run [ RunTime:0.000552s ]
INFO: [ app_begin ] --END-- [ RunTime:0.000624s ]
NOTIC: [8] Undefined index: verify D:\wamp\www\guoji\yunwang\Api\AppApi\Lib\Action\PublicAction.class.php 第 51 行.
NOTIC: [8] Undefined index: verify D:\wamp\www\guoji\yunwang\Api\AppApi\Lib\Action\PublicAction.class.php 第 51 行.
SQL: SHOW COLUMNS FROM `zy_member` [ RunTime:0.003336s ]
SQL: SELECT `id`,`tel`,`salt`,`password` FROM `zy_member` WHERE ( `tel` = '18758781144' ) LIMIT 1   [ RunTime:0.000602s ]
NOTIC: [8] Undefined index: baiduUserId D:\wamp\www\guoji\yunwang\Api\AppApi\Lib\Action\PublicAction.class.php 第 73 行.
NOTIC: [8] Undefined index: baiduUserId D:\wamp\www\guoji\yunwang\Api\AppApi\Lib\Action\PublicAction.class.php 第 73 行.
NOTIC: [8] Undefined index: login_count D:\wamp\www\guoji\yunwang\Api\AppApi\Lib\Action\PublicAction.class.php 第 85 行.
NOTIC: [8] Undefined index: mb_system D:\wamp\www\guoji\yunwang\Api\AppApi\Lib\Action\PublicAction.class.php 第 88 行.
SQL: UPDATE `zy_member` SET `last_login_ip`='127.0.0.1',`login_count`=1,`last_login_time`=1435679118,`baiduUserId`='18758781144',`mb_system`=2 WHERE ( `id` = 107 ) [ RunTime:0.003508s ]

[ 2015-06-30T23:45:50+08:00 ] 127.0.0.1 /guoji/yunwang/api/Public/checkLogin
INFO: [ route_check ] --START--
INFO: CheckRoute Behavior ::run [ RunTime:0.000750s ]
INFO: [ route_check ] --END-- [ RunTime:0.000834s ]
INFO: [ app_begin ] --START--
INFO: ReadHtmlCache Behavior ::run [ RunTime:0.000607s ]
INFO: [ app_begin ] --END-- [ RunTime:0.000677s ]
NOTIC: [8] Undefined index: verify D:\wamp\www\guoji\yunwang\Api\AppApi\Lib\Action\PublicAction.class.php 第 51 行.
NOTIC: [8] Undefined index: verify D:\wamp\www\guoji\yunwang\Api\AppApi\Lib\Action\PublicAction.class.php 第 51 行.
SQL: SHOW COLUMNS FROM `zy_member` [ RunTime:0.002531s ]
SQL: SELECT `id`,`tel`,`salt`,`password` FROM `zy_member` WHERE ( `tel` = '18758781144' ) LIMIT 1   [ RunTime:0.000723s ]
NOTIC: [8] Undefined index: baiduUserId D:\wamp\www\guoji\yunwang\Api\AppApi\Lib\Action\PublicAction.class.php 第 73 行.
NOTIC: [8] Undefined index: baiduUserId D:\wamp\www\guoji\yunwang\Api\AppApi\Lib\Action\PublicAction.class.php 第 73 行.
NOTIC: [8] Undefined index: login_count D:\wamp\www\guoji\yunwang\Api\AppApi\Lib\Action\PublicAction.class.php 第 85 行.
NOTIC: [8] Undefined index: mb_system D:\wamp\www\guoji\yunwang\Api\AppApi\Lib\Action\PublicAction.class.php 第 88 行.
SQL: UPDATE `zy_member` SET `last_login_ip`='127.0.0.1',`login_count`=1,`last_login_time`=1435679150,`baiduUserId`='18758781144',`mb_system`=2 WHERE ( `id` = 107 ) [ RunTime:0.010552s ]

[ 2015-06-30T23:46:02+08:00 ] 127.0.0.1 /guoji/yunwang/api/Public/checkLogin
INFO: [ route_check ] --START--
INFO: CheckRoute Behavior ::run [ RunTime:0.000785s ]
INFO: [ route_check ] --END-- [ RunTime:0.000876s ]
INFO: [ app_begin ] --START--
INFO: ReadHtmlCache Behavior ::run [ RunTime:0.000532s ]
INFO: [ app_begin ] --END-- [ RunTime:0.000604s ]
NOTIC: [8] Undefined index: verify D:\wamp\www\guoji\yunwang\Api\AppApi\Lib\Action\PublicAction.class.php 第 51 行.
NOTIC: [8] Undefined index: verify D:\wamp\www\guoji\yunwang\Api\AppApi\Lib\Action\PublicAction.class.php 第 51 行.
SQL: SHOW COLUMNS FROM `zy_member` [ RunTime:0.004725s ]
SQL: SELECT `id`,`tel`,`salt`,`password` FROM `zy_member` WHERE ( `tel` = '18758781144' ) LIMIT 1   [ RunTime:0.000336s ]
NOTIC: [8] Undefined index: baiduUserId D:\wamp\www\guoji\yunwang\Api\AppApi\Lib\Action\PublicAction.class.php 第 73 行.
NOTIC: [8] Undefined index: baiduUserId D:\wamp\www\guoji\yunwang\Api\AppApi\Lib\Action\PublicAction.class.php 第 73 行.
NOTIC: [8] Undefined index: login_count D:\wamp\www\guoji\yunwang\Api\AppApi\Lib\Action\PublicAction.class.php 第 85 行.
NOTIC: [8] Undefined index: mb_system D:\wamp\www\guoji\yunwang\Api\AppApi\Lib\Action\PublicAction.class.php 第 88 行.
SQL: UPDATE `zy_member` SET `last_login_ip`='127.0.0.1',`login_count`=1,`last_login_time`=1435679162,`baiduUserId`='18758781144',`mb_system`=2 WHERE ( `id` = 107 ) [ RunTime:0.010229s ]

[ 2015-06-30T23:46:05+08:00 ] 127.0.0.1 /guoji/yunwang/api/Public/checkLogin
INFO: [ route_check ] --START--
INFO: CheckRoute Behavior ::run [ RunTime:0.000707s ]
INFO: [ route_check ] --END-- [ RunTime:0.000788s ]
INFO: [ app_begin ] --START--
INFO: ReadHtmlCache Behavior ::run [ RunTime:0.000545s ]
INFO: [ app_begin ] --END-- [ RunTime:0.000614s ]
NOTIC: [8] Undefined index: verify D:\wamp\www\guoji\yunwang\Api\AppApi\Lib\Action\PublicAction.class.php 第 51 行.
NOTIC: [8] Undefined index: verify D:\wamp\www\guoji\yunwang\Api\AppApi\Lib\Action\PublicAction.class.php 第 51 行.
SQL: SHOW COLUMNS FROM `zy_member` [ RunTime:0.003440s ]
SQL: SELECT `id`,`tel`,`salt`,`password` FROM `zy_member` WHERE ( `tel` = '18758781144' ) LIMIT 1   [ RunTime:0.000435s ]
NOTIC: [8] Undefined index: baiduUserId D:\wamp\www\guoji\yunwang\Api\AppApi\Lib\Action\PublicAction.class.php 第 73 行.
NOTIC: [8] Undefined index: baiduUserId D:\wamp\www\guoji\yunwang\Api\AppApi\Lib\Action\PublicAction.class.php 第 73 行.
NOTIC: [8] Undefined index: login_count D:\wamp\www\guoji\yunwang\Api\AppApi\Lib\Action\PublicAction.class.php 第 85 行.
NOTIC: [8] Undefined index: mb_system D:\wamp\www\guoji\yunwang\Api\AppApi\Lib\Action\PublicAction.class.php 第 88 行.
SQL: UPDATE `zy_member` SET `last_login_ip`='127.0.0.1',`login_count`=1,`last_login_time`=1435679165,`baiduUserId`='18758781144',`mb_system`=2 WHERE ( `id` = 107 ) [ RunTime:0.004518s ]

[ 2015-06-30T23:46:09+08:00 ] 127.0.0.1 /guoji/yunwang/api/Public/checkLogin
INFO: [ route_check ] --START--
INFO: CheckRoute Behavior ::run [ RunTime:0.000697s ]
INFO: [ route_check ] --END-- [ RunTime:0.000778s ]
INFO: [ app_begin ] --START--
INFO: ReadHtmlCache Behavior ::run [ RunTime:0.000568s ]
INFO: [ app_begin ] --END-- [ RunTime:0.000635s ]
NOTIC: [8] Undefined index: verify D:\wamp\www\guoji\yunwang\Api\AppApi\Lib\Action\PublicAction.class.php 第 51 行.
NOTIC: [8] Undefined index: verify D:\wamp\www\guoji\yunwang\Api\AppApi\Lib\Action\PublicAction.class.php 第 51 行.
SQL: SHOW COLUMNS FROM `zy_member` [ RunTime:0.004653s ]
SQL: SELECT `id`,`tel`,`salt`,`password` FROM `zy_member` WHERE ( `tel` = '18758781144' ) LIMIT 1   [ RunTime:0.000339s ]
NOTIC: [8] Undefined index: baiduUserId D:\wamp\www\guoji\yunwang\Api\AppApi\Lib\Action\PublicAction.class.php 第 73 行.
NOTIC: [8] Undefined index: baiduUserId D:\wamp\www\guoji\yunwang\Api\AppApi\Lib\Action\PublicAction.class.php 第 73 行.
NOTIC: [8] Undefined index: login_count D:\wamp\www\guoji\yunwang\Api\AppApi\Lib\Action\PublicAction.class.php 第 85 行.
NOTIC: [8] Undefined index: mb_system D:\wamp\www\guoji\yunwang\Api\AppApi\Lib\Action\PublicAction.class.php 第 88 行.
SQL: UPDATE `zy_member` SET `last_login_ip`='127.0.0.1',`login_count`=1,`last_login_time`=1435679169,`baiduUserId`='18758781144',`mb_system`=2 WHERE ( `id` = 107 ) [ RunTime:0.006672s ]

[ 2015-06-30T23:46:54+08:00 ] 127.0.0.1 /guoji/yunwang/api/Public/checkLogin
INFO: [ route_check ] --START--
INFO: CheckRoute Behavior ::run [ RunTime:0.000813s ]
INFO: [ route_check ] --END-- [ RunTime:0.000970s ]
INFO: [ app_begin ] --START--
INFO: ReadHtmlCache Behavior ::run [ RunTime:0.000571s ]
INFO: [ app_begin ] --END-- [ RunTime:0.000649s ]
NOTIC: [8] Undefined index: verify D:\wamp\www\guoji\yunwang\Api\AppApi\Lib\Action\PublicAction.class.php 第 51 行.
NOTIC: [8] Undefined index: verify D:\wamp\www\guoji\yunwang\Api\AppApi\Lib\Action\PublicAction.class.php 第 51 行.
SQL: SHOW COLUMNS FROM `zy_member` [ RunTime:0.004743s ]
SQL: SELECT `id`,`tel`,`salt`,`password` FROM `zy_member` WHERE ( `tel` = '18758781144' ) LIMIT 1   [ RunTime:0.000348s ]
NOTIC: [8] Undefined index: baiduUserId D:\wamp\www\guoji\yunwang\Api\AppApi\Lib\Action\PublicAction.class.php 第 73 行.
NOTIC: [8] Undefined index: baiduUserId D:\wamp\www\guoji\yunwang\Api\AppApi\Lib\Action\PublicAction.class.php 第 73 行.
NOTIC: [8] Undefined index: login_count D:\wamp\www\guoji\yunwang\Api\AppApi\Lib\Action\PublicAction.class.php 第 85 行.
NOTIC: [8] Undefined index: mb_system D:\wamp\www\guoji\yunwang\Api\AppApi\Lib\Action\PublicAction.class.php 第 88 行.
SQL: UPDATE `zy_member` SET `last_login_ip`='127.0.0.1',`login_count`=1,`last_login_time`=1435679214,`baiduUserId`='18758781144',`mb_system`=2 WHERE ( `id` = 107 ) [ RunTime:0.003322s ]

[ 2015-06-30T23:46:57+08:00 ] 127.0.0.1 /guoji/yunwang/api/Public/checkLogin
INFO: [ route_check ] --START--
INFO: CheckRoute Behavior ::run [ RunTime:0.000704s ]
INFO: [ route_check ] --END-- [ RunTime:0.000828s ]
INFO: [ app_begin ] --START--
INFO: ReadHtmlCache Behavior ::run [ RunTime:0.000748s ]
INFO: [ app_begin ] --END-- [ RunTime:0.000825s ]
NOTIC: [8] Undefined index: verify D:\wamp\www\guoji\yunwang\Api\AppApi\Lib\Action\PublicAction.class.php 第 51 行.
NOTIC: [8] Undefined index: verify D:\wamp\www\guoji\yunwang\Api\AppApi\Lib\Action\PublicAction.class.php 第 51 行.
SQL: SHOW COLUMNS FROM `zy_member` [ RunTime:0.002436s ]
SQL: SELECT `id`,`tel`,`salt`,`password` FROM `zy_member` WHERE ( `tel` = '18758781144' ) LIMIT 1   [ RunTime:0.000329s ]
NOTIC: [8] Undefined index: baiduUserId D:\wamp\www\guoji\yunwang\Api\AppApi\Lib\Action\PublicAction.class.php 第 73 行.
NOTIC: [8] Undefined index: baiduUserId D:\wamp\www\guoji\yunwang\Api\AppApi\Lib\Action\PublicAction.class.php 第 73 行.
NOTIC: [8] Undefined index: login_count D:\wamp\www\guoji\yunwang\Api\AppApi\Lib\Action\PublicAction.class.php 第 85 行.
NOTIC: [8] Undefined index: mb_system D:\wamp\www\guoji\yunwang\Api\AppApi\Lib\Action\PublicAction.class.php 第 88 行.
SQL: UPDATE `zy_member` SET `last_login_ip`='127.0.0.1',`login_count`=1,`last_login_time`=1435679217,`baiduUserId`='18758781144',`mb_system`=2 WHERE ( `id` = 107 ) [ RunTime:0.007085s ]

[ 2015-06-30T23:47:08+08:00 ] 127.0.0.1 /guoji/yunwang/api/Public/checkLogin
INFO: [ route_check ] --START--
INFO: CheckRoute Behavior ::run [ RunTime:0.000666s ]
INFO: [ route_check ] --END-- [ RunTime:0.000785s ]
INFO: [ app_begin ] --START--
INFO: ReadHtmlCache Behavior ::run [ RunTime:0.001200s ]
INFO: [ app_begin ] --END-- [ RunTime:0.001365s ]
NOTIC: [8] Undefined index: verify D:\wamp\www\guoji\yunwang\Api\AppApi\Lib\Action\PublicAction.class.php 第 51 行.
NOTIC: [8] Undefined index: verify D:\wamp\www\guoji\yunwang\Api\AppApi\Lib\Action\PublicAction.class.php 第 51 行.
SQL: SHOW COLUMNS FROM `zy_member` [ RunTime:0.002454s ]
SQL: SELECT `id`,`tel`,`salt`,`password` FROM `zy_member` WHERE ( `tel` = '18758781144' ) LIMIT 1   [ RunTime:0.000627s ]
NOTIC: [8] Undefined index: baiduUserId D:\wamp\www\guoji\yunwang\Api\AppApi\Lib\Action\PublicAction.class.php 第 73 行.
NOTIC: [8] Undefined index: baiduUserId D:\wamp\www\guoji\yunwang\Api\AppApi\Lib\Action\PublicAction.class.php 第 73 行.
NOTIC: [8] Undefined index: login_count D:\wamp\www\guoji\yunwang\Api\AppApi\Lib\Action\PublicAction.class.php 第 85 行.
NOTIC: [8] Undefined index: mb_system D:\wamp\www\guoji\yunwang\Api\AppApi\Lib\Action\PublicAction.class.php 第 88 行.
SQL: UPDATE `zy_member` SET `last_login_ip`='127.0.0.1',`login_count`=1,`last_login_time`=1435679228,`baiduUserId`='18758781144',`mb_system`=2 WHERE ( `id` = 107 ) [ RunTime:0.003812s ]

[ 2015-06-30T23:47:45+08:00 ] 127.0.0.1 /guoji/yunwang/api/Public/checkLogin
INFO: [ route_check ] --START--
INFO: CheckRoute Behavior ::run [ RunTime:0.000709s ]
INFO: [ route_check ] --END-- [ RunTime:0.000790s ]
INFO: [ app_begin ] --START--
INFO: ReadHtmlCache Behavior ::run [ RunTime:0.000576s ]
INFO: [ app_begin ] --END-- [ RunTime:0.000646s ]
NOTIC: [8] Undefined index: verify D:\wamp\www\guoji\yunwang\Api\AppApi\Lib\Action\PublicAction.class.php 第 51 行.
NOTIC: [8] Undefined index: verify D:\wamp\www\guoji\yunwang\Api\AppApi\Lib\Action\PublicAction.class.php 第 51 行.
SQL: SHOW COLUMNS FROM `zy_member` [ RunTime:0.002449s ]
SQL: SELECT `id`,`tel`,`salt`,`password` FROM `zy_member` WHERE ( `tel` = '18758781144' ) LIMIT 1   [ RunTime:0.000770s ]
NOTIC: [8] Undefined index: baiduUserId D:\wamp\www\guoji\yunwang\Api\AppApi\Lib\Action\PublicAction.class.php 第 73 行.
NOTIC: [8] Undefined index: baiduUserId D:\wamp\www\guoji\yunwang\Api\AppApi\Lib\Action\PublicAction.class.php 第 73 行.
NOTIC: [8] Undefined index: login_count D:\wamp\www\guoji\yunwang\Api\AppApi\Lib\Action\PublicAction.class.php 第 85 行.
NOTIC: [8] Undefined index: mb_system D:\wamp\www\guoji\yunwang\Api\AppApi\Lib\Action\PublicAction.class.php 第 88 行.
SQL: UPDATE `zy_member` SET `last_login_ip`='127.0.0.1',`login_count`=1,`last_login_time`=1435679265,`baiduUserId`='18758781144',`mb_system`=2 WHERE ( `id` = 10007 ) [ RunTime:0.003718s ]

[ 2015-06-30T23:48:14+08:00 ] 127.0.0.1 /guoji/yunwang/api/Public/checkLogin
INFO: [ route_check ] --START--
INFO: CheckRoute Behavior ::run [ RunTime:0.000697s ]
INFO: [ route_check ] --END-- [ RunTime:0.000782s ]
INFO: [ app_begin ] --START--
INFO: ReadHtmlCache Behavior ::run [ RunTime:0.000503s ]
INFO: [ app_begin ] --END-- [ RunTime:0.000572s ]
NOTIC: [8] Undefined index: verify D:\wamp\www\guoji\yunwang\Api\AppApi\Lib\Action\PublicAction.class.php 第 51 行.
NOTIC: [8] Undefined index: verify D:\wamp\www\guoji\yunwang\Api\AppApi\Lib\Action\PublicAction.class.php 第 51 行.
SQL: SHOW COLUMNS FROM `zy_member` [ RunTime:0.002968s ]
SQL: SELECT `id`,`tel`,`salt`,`password` FROM `zy_member` WHERE ( `tel` = '18758781144' ) LIMIT 1   [ RunTime:0.000430s ]
NOTIC: [8] Undefined index: baiduUserId D:\wamp\www\guoji\yunwang\Api\AppApi\Lib\Action\PublicAction.class.php 第 73 行.
NOTIC: [8] Undefined index: baiduUserId D:\wamp\www\guoji\yunwang\Api\AppApi\Lib\Action\PublicAction.class.php 第 73 行.
NOTIC: [8] Undefined index: login_count D:\wamp\www\guoji\yunwang\Api\AppApi\Lib\Action\PublicAction.class.php 第 85 行.
NOTIC: [8] Undefined index: mb_system D:\wamp\www\guoji\yunwang\Api\AppApi\Lib\Action\PublicAction.class.php 第 88 行.
SQL: UPDATE `zy_member` SET `last_login_ip`='127.0.0.1',`login_count`=1,`last_login_time`=1435679294,`baiduUserId`='18758781144',`mb_system`=2 WHERE ( `id` = 10007 ) [ RunTime:0.013026s ]

[ 2015-06-30T23:48:40+08:00 ] 127.0.0.1 /guoji/yunwang/api/Public/checkLogin
INFO: [ route_check ] --START--
INFO: CheckRoute Behavior ::run [ RunTime:0.000976s ]
INFO: [ route_check ] --END-- [ RunTime:0.001151s ]
INFO: [ app_begin ] --START--
INFO: ReadHtmlCache Behavior ::run [ RunTime:0.000691s ]
INFO: [ app_begin ] --END-- [ RunTime:0.000776s ]
NOTIC: [8] Undefined index: verify D:\wamp\www\guoji\yunwang\Api\AppApi\Lib\Action\PublicAction.class.php 第 51 行.
NOTIC: [8] Undefined index: verify D:\wamp\www\guoji\yunwang\Api\AppApi\Lib\Action\PublicAction.class.php 第 51 行.
SQL: SHOW COLUMNS FROM `zy_member` [ RunTime:0.002954s ]
SQL: SELECT `id`,`tel`,`salt`,`password` FROM `zy_member` WHERE ( `tel` = '18758781144' ) LIMIT 1   [ RunTime:0.000503s ]
NOTIC: [8] Undefined index: baiduUserId D:\wamp\www\guoji\yunwang\Api\AppApi\Lib\Action\PublicAction.class.php 第 73 行.
NOTIC: [8] Undefined index: baiduUserId D:\wamp\www\guoji\yunwang\Api\AppApi\Lib\Action\PublicAction.class.php 第 73 行.
NOTIC: [8] Undefined index: login_count D:\wamp\www\guoji\yunwang\Api\AppApi\Lib\Action\PublicAction.class.php 第 85 行.
NOTIC: [8] Undefined index: mb_system D:\wamp\www\guoji\yunwang\Api\AppApi\Lib\Action\PublicAction.class.php 第 88 行.
SQL: UPDATE `zy_member` SET `last_login_ip`='127.0.0.1',`login_count`=1,`last_login_time`=1435679320,`baiduUserId`='18758781144',`mb_system`=2 WHERE ( `id` = 10007 ) [ RunTime:0.010089s ]

[ 2015-06-30T23:48:42+08:00 ] 127.0.0.1 /guoji/yunwang/api/Public/checkLogin
INFO: [ route_check ] --START--
INFO: CheckRoute Behavior ::run [ RunTime:0.000748s ]
INFO: [ route_check ] --END-- [ RunTime:0.000848s ]
INFO: [ app_begin ] --START--
INFO: ReadHtmlCache Behavior ::run [ RunTime:0.000540s ]
INFO: [ app_begin ] --END-- [ RunTime:0.000610s ]
NOTIC: [8] Undefined index: verify D:\wamp\www\guoji\yunwang\Api\AppApi\Lib\Action\PublicAction.class.php 第 51 行.
NOTIC: [8] Undefined index: verify D:\wamp\www\guoji\yunwang\Api\AppApi\Lib\Action\PublicAction.class.php 第 51 行.
SQL: SHOW COLUMNS FROM `zy_member` [ RunTime:0.004707s ]
SQL: SELECT `id`,`tel`,`salt`,`password` FROM `zy_member` WHERE ( `tel` = '18758781144' ) LIMIT 1   [ RunTime:0.000345s ]
NOTIC: [8] Undefined index: baiduUserId D:\wamp\www\guoji\yunwang\Api\AppApi\Lib\Action\PublicAction.class.php 第 73 行.
NOTIC: [8] Undefined index: baiduUserId D:\wamp\www\guoji\yunwang\Api\AppApi\Lib\Action\PublicAction.class.php 第 73 行.
NOTIC: [8] Undefined index: login_count D:\wamp\www\guoji\yunwang\Api\AppApi\Lib\Action\PublicAction.class.php 第 85 行.
NOTIC: [8] Undefined index: mb_system D:\wamp\www\guoji\yunwang\Api\AppApi\Lib\Action\PublicAction.class.php 第 88 行.
SQL: UPDATE `zy_member` SET `last_login_ip`='127.0.0.1',`login_count`=1,`last_login_time`=1435679322,`baiduUserId`='18758781144',`mb_system`=2 WHERE ( `id` = 10007 ) [ RunTime:0.003352s ]

[ 2015-06-30T23:48:45+08:00 ] 127.0.0.1 /guoji/yunwang/api/Public/checkLogin
INFO: [ route_check ] --START--
INFO: CheckRoute Behavior ::run [ RunTime:0.000634s ]
INFO: [ route_check ] --END-- [ RunTime:0.000715s ]
INFO: [ app_begin ] --START--
INFO: ReadHtmlCache Behavior ::run [ RunTime:0.000501s ]
INFO: [ app_begin ] --END-- [ RunTime:0.000567s ]
NOTIC: [8] Undefined index: verify D:\wamp\www\guoji\yunwang\Api\AppApi\Lib\Action\PublicAction.class.php 第 51 行.
NOTIC: [8] Undefined index: verify D:\wamp\www\guoji\yunwang\Api\AppApi\Lib\Action\PublicAction.class.php 第 51 行.
SQL: SHOW COLUMNS FROM `zy_member` [ RunTime:0.003599s ]
SQL: SELECT `id`,`tel`,`salt`,`password` FROM `zy_member` WHERE ( `tel` = '18758781144' ) LIMIT 1   [ RunTime:0.000320s ]
NOTIC: [8] Undefined index: baiduUserId D:\wamp\www\guoji\yunwang\Api\AppApi\Lib\Action\PublicAction.class.php 第 73 行.
NOTIC: [8] Undefined index: baiduUserId D:\wamp\www\guoji\yunwang\Api\AppApi\Lib\Action\PublicAction.class.php 第 73 行.
NOTIC: [8] Undefined index: login_count D:\wamp\www\guoji\yunwang\Api\AppApi\Lib\Action\PublicAction.class.php 第 85 行.
NOTIC: [8] Undefined index: mb_system D:\wamp\www\guoji\yunwang\Api\AppApi\Lib\Action\PublicAction.class.php 第 88 行.
SQL: UPDATE `zy_member` SET `last_login_ip`='127.0.0.1',`login_count`=1,`last_login_time`=1435679325,`baiduUserId`='18758781144',`mb_system`=2 WHERE ( `id` = 10007 ) [ RunTime:0.009321s ]

[ 2015-06-30T23:49:22+08:00 ] 127.0.0.1 /guoji/yunwang/api/Public/checkLogin
INFO: [ route_check ] --START--
INFO: CheckRoute Behavior ::run [ RunTime:0.000666s ]
INFO: [ route_check ] --END-- [ RunTime:0.000755s ]
INFO: [ app_begin ] --START--
INFO: ReadHtmlCache Behavior ::run [ RunTime:0.000511s ]
INFO: [ app_begin ] --END-- [ RunTime:0.000581s ]
NOTIC: [8] Undefined index: verify D:\wamp\www\guoji\yunwang\Api\AppApi\Lib\Action\PublicAction.class.php 第 51 行.
NOTIC: [8] Undefined index: verify D:\wamp\www\guoji\yunwang\Api\AppApi\Lib\Action\PublicAction.class.php 第 51 行.
SQL: SHOW COLUMNS FROM `zy_member` [ RunTime:0.003768s ]
SQL: SELECT `id`,`tel`,`salt`,`password` FROM `zy_member` WHERE ( `tel` = '18758781144' ) LIMIT 1   [ RunTime:0.000331s ]
NOTIC: [8] Undefined index: baiduUserId D:\wamp\www\guoji\yunwang\Api\AppApi\Lib\Action\PublicAction.class.php 第 73 行.
NOTIC: [8] Undefined index: baiduUserId D:\wamp\www\guoji\yunwang\Api\AppApi\Lib\Action\PublicAction.class.php 第 73 行.
NOTIC: [8] Undefined index: login_count D:\wamp\www\guoji\yunwang\Api\AppApi\Lib\Action\PublicAction.class.php 第 85 行.
NOTIC: [8] Undefined index: mb_system D:\wamp\www\guoji\yunwang\Api\AppApi\Lib\Action\PublicAction.class.php 第 88 行.
SQL: UPDATE `zy_member` SET `last_login_ip`='127.0.0.1',`login_count`=1,`last_login_time`=1435679362,`baiduUserId`='18758781144',`mb_system`=2 WHERE ( `id` = 10007 ) [ RunTime:0.006552s ]

[ 2015-06-30T23:49:24+08:00 ] 127.0.0.1 /guoji/yunwang/api/Public/checkLogin
INFO: [ route_check ] --START--
INFO: CheckRoute Behavior ::run [ RunTime:0.000645s ]
INFO: [ route_check ] --END-- [ RunTime:0.000730s ]
INFO: [ app_begin ] --START--
INFO: ReadHtmlCache Behavior ::run [ RunTime:0.000507s ]
INFO: [ app_begin ] --END-- [ RunTime:0.000576s ]
NOTIC: [8] Undefined index: verify D:\wamp\www\guoji\yunwang\Api\AppApi\Lib\Action\PublicAction.class.php 第 51 行.
NOTIC: [8] Undefined index: verify D:\wamp\www\guoji\yunwang\Api\AppApi\Lib\Action\PublicAction.class.php 第 51 行.
SQL: SHOW COLUMNS FROM `zy_member` [ RunTime:0.003439s ]
SQL: SELECT `id`,`tel`,`salt`,`password` FROM `zy_member` WHERE ( `tel` = '18758781144' ) LIMIT 1   [ RunTime:0.000536s ]
NOTIC: [8] Undefined index: baiduUserId D:\wamp\www\guoji\yunwang\Api\AppApi\Lib\Action\PublicAction.class.php 第 73 行.
NOTIC: [8] Undefined index: baiduUserId D:\wamp\www\guoji\yunwang\Api\AppApi\Lib\Action\PublicAction.class.php 第 73 行.
NOTIC: [8] Undefined index: login_count D:\wamp\www\guoji\yunwang\Api\AppApi\Lib\Action\PublicAction.class.php 第 85 行.
NOTIC: [8] Undefined index: mb_system D:\wamp\www\guoji\yunwang\Api\AppApi\Lib\Action\PublicAction.class.php 第 88 行.
SQL: UPDATE `zy_member` SET `last_login_ip`='127.0.0.1',`login_count`=1,`last_login_time`=1435679364,`baiduUserId`='18758781144',`mb_system`=2 WHERE ( `id` = 10007 ) [ RunTime:0.003117s ]

[ 2015-06-30T23:49:26+08:00 ] 127.0.0.1 /guoji/yunwang/api/Public/checkLogin
INFO: [ route_check ] --START--
INFO: CheckRoute Behavior ::run [ RunTime:0.000625s ]
INFO: [ route_check ] --END-- [ RunTime:0.000706s ]
INFO: [ app_begin ] --START--
INFO: ReadHtmlCache Behavior ::run [ RunTime:0.000494s ]
INFO: [ app_begin ] --END-- [ RunTime:0.000562s ]
NOTIC: [8] Undefined index: verify D:\wamp\www\guoji\yunwang\Api\AppApi\Lib\Action\PublicAction.class.php 第 51 行.
NOTIC: [8] Undefined index: verify D:\wamp\www\guoji\yunwang\Api\AppApi\Lib\Action\PublicAction.class.php 第 51 行.
SQL: SHOW COLUMNS FROM `zy_member` [ RunTime:0.003949s ]
SQL: SELECT `id`,`tel`,`salt`,`password` FROM `zy_member` WHERE ( `tel` = '18758781144' ) LIMIT 1   [ RunTime:0.000303s ]
NOTIC: [8] Undefined index: baiduUserId D:\wamp\www\guoji\yunwang\Api\AppApi\Lib\Action\PublicAction.class.php 第 73 行.
NOTIC: [8] Undefined index: baiduUserId D:\wamp\www\guoji\yunwang\Api\AppApi\Lib\Action\PublicAction.class.php 第 73 行.
NOTIC: [8] Undefined index: login_count D:\wamp\www\guoji\yunwang\Api\AppApi\Lib\Action\PublicAction.class.php 第 85 行.
NOTIC: [8] Undefined index: mb_system D:\wamp\www\guoji\yunwang\Api\AppApi\Lib\Action\PublicAction.class.php 第 88 行.
SQL: UPDATE `zy_member` SET `last_login_ip`='127.0.0.1',`login_count`=1,`last_login_time`=1435679366,`baiduUserId`='18758781144',`mb_system`=2 WHERE ( `id` = 10007 ) [ RunTime:0.003034s ]

[ 2015-06-30T23:50:17+08:00 ] 127.0.0.1 /guoji/yunwang/api/Public/checkLogin
INFO: [ route_check ] --START--
INFO: CheckRoute Behavior ::run [ RunTime:0.000667s ]
INFO: [ route_check ] --END-- [ RunTime:0.000748s ]
INFO: [ app_begin ] --START--
INFO: ReadHtmlCache Behavior ::run [ RunTime:0.000498s ]
INFO: [ app_begin ] --END-- [ RunTime:0.000567s ]
NOTIC: [8] Undefined index: verify D:\wamp\www\guoji\yunwang\Api\AppApi\Lib\Action\PublicAction.class.php 第 51 行.
NOTIC: [8] Undefined index: verify D:\wamp\www\guoji\yunwang\Api\AppApi\Lib\Action\PublicAction.class.php 第 51 行.
SQL: SHOW COLUMNS FROM `zy_member` [ RunTime:0.003182s ]
SQL: SELECT `id`,`tel`,`salt`,`password` FROM `zy_member` WHERE ( `tel` = '18758781144' ) LIMIT 1   [ RunTime:0.000981s ]
NOTIC: [8] Undefined index: baiduUserId D:\wamp\www\guoji\yunwang\Api\AppApi\Lib\Action\PublicAction.class.php 第 73 行.
NOTIC: [8] Undefined index: baiduUserId D:\wamp\www\guoji\yunwang\Api\AppApi\Lib\Action\PublicAction.class.php 第 73 行.
NOTIC: [8] Undefined index: login_count D:\wamp\www\guoji\yunwang\Api\AppApi\Lib\Action\PublicAction.class.php 第 85 行.
NOTIC: [8] Undefined index: mb_system D:\wamp\www\guoji\yunwang\Api\AppApi\Lib\Action\PublicAction.class.php 第 88 行.
SQL: UPDATE `zy_member` SET `last_login_ip`='127.0.0.1',`login_count`=1,`last_login_time`=1435679417,`baiduUserId`='18758781144',`mb_system`=2 WHERE ( `id` = 10007 ) [ RunTime:0.003430s ]

[ 2015-06-30T23:50:23+08:00 ] 127.0.0.1 /guoji/yunwang/api/Public/checkLogin
INFO: [ route_check ] --START--
INFO: CheckRoute Behavior ::run [ RunTime:0.000803s ]
INFO: [ route_check ] --END-- [ RunTime:0.000932s ]
INFO: [ app_begin ] --START--
INFO: ReadHtmlCache Behavior ::run [ RunTime:0.000583s ]
INFO: [ app_begin ] --END-- [ RunTime:0.000652s ]
NOTIC: [8] Undefined index: verify D:\wamp\www\guoji\yunwang\Api\AppApi\Lib\Action\PublicAction.class.php 第 51 行.
NOTIC: [8] Undefined index: verify D:\wamp\www\guoji\yunwang\Api\AppApi\Lib\Action\PublicAction.class.php 第 51 行.
SQL: SHOW COLUMNS FROM `zy_member` [ RunTime:0.002957s ]
SQL: SELECT `id`,`tel`,`salt`,`password` FROM `zy_member` WHERE ( `tel` = '18758781144' ) LIMIT 1   [ RunTime:0.000654s ]
NOTIC: [8] Undefined index: baiduUserId D:\wamp\www\guoji\yunwang\Api\AppApi\Lib\Action\PublicAction.class.php 第 73 行.
NOTIC: [8] Undefined index: baiduUserId D:\wamp\www\guoji\yunwang\Api\AppApi\Lib\Action\PublicAction.class.php 第 73 行.
NOTIC: [8] Undefined index: login_count D:\wamp\www\guoji\yunwang\Api\AppApi\Lib\Action\PublicAction.class.php 第 85 行.
NOTIC: [8] Undefined index: mb_system D:\wamp\www\guoji\yunwang\Api\AppApi\Lib\Action\PublicAction.class.php 第 88 行.
SQL: UPDATE `zy_member` SET `last_login_ip`='127.0.0.1',`login_count`=1,`last_login_time`=1435679423,`baiduUserId`='18758781144',`mb_system`=2 WHERE ( `id` = 10007 ) [ RunTime:0.002804s ]

[ 2015-06-30T23:50:47+08:00 ] 127.0.0.1 /guoji/yunwang/api/Public/checkLogin
INFO: [ route_check ] --START--
INFO: CheckRoute Behavior ::run [ RunTime:0.000609s ]
INFO: [ route_check ] --END-- [ RunTime:0.000689s ]
INFO: [ app_begin ] --START--
INFO: ReadHtmlCache Behavior ::run [ RunTime:0.000502s ]
INFO: [ app_begin ] --END-- [ RunTime:0.000571s ]
NOTIC: [8] Undefined index: verify D:\wamp\www\guoji\yunwang\Api\AppApi\Lib\Action\PublicAction.class.php 第 51 行.
NOTIC: [8] Undefined index: verify D:\wamp\www\guoji\yunwang\Api\AppApi\Lib\Action\PublicAction.class.php 第 51 行.
SQL: SHOW COLUMNS FROM `zy_member` [ RunTime:0.002483s ]
SQL: SELECT `id`,`tel`,`salt`,`password` FROM `zy_member` WHERE ( `tel` = '18758781144' ) LIMIT 1   [ RunTime:0.000327s ]
NOTIC: [8] Undefined index: baiduUserId D:\wamp\www\guoji\yunwang\Api\AppApi\Lib\Action\PublicAction.class.php 第 73 行.
NOTIC: [8] Undefined index: baiduUserId D:\wamp\www\guoji\yunwang\Api\AppApi\Lib\Action\PublicAction.class.php 第 73 行.
NOTIC: [8] Undefined index: login_count D:\wamp\www\guoji\yunwang\Api\AppApi\Lib\Action\PublicAction.class.php 第 85 行.
NOTIC: [8] Undefined index: mb_system D:\wamp\www\guoji\yunwang\Api\AppApi\Lib\Action\PublicAction.class.php 第 88 行.
SQL: UPDATE `zy_member` SET `last_login_ip`='127.0.0.1',`login_count`=1,`last_login_time`=1435679447,`baiduUserId`='18758781144',`mb_system`=2 WHERE ( `id` = 10007 ) [ RunTime:0.003810s ]

[ 2015-06-30T23:51:20+08:00 ] 127.0.0.1 /guoji/yunwang/api/Public/checkLogin
INFO: [ route_check ] --START--
INFO: CheckRoute Behavior ::run [ RunTime:0.000809s ]
INFO: [ route_check ] --END-- [ RunTime:0.000937s ]
INFO: [ app_begin ] --START--
INFO: ReadHtmlCache Behavior ::run [ RunTime:0.000733s ]
INFO: [ app_begin ] --END-- [ RunTime:0.000829s ]
NOTIC: [8] Undefined index: verify D:\wamp\www\guoji\yunwang\Api\AppApi\Lib\Action\PublicAction.class.php 第 51 行.
NOTIC: [8] Undefined index: verify D:\wamp\www\guoji\yunwang\Api\AppApi\Lib\Action\PublicAction.class.php 第 51 行.
SQL: SHOW COLUMNS FROM `zy_member` [ RunTime:0.003126s ]
SQL: SELECT `id`,`tel`,`salt`,`password` FROM `zy_member` WHERE ( `tel` = '18758781144' ) LIMIT 1   [ RunTime:0.000426s ]
NOTIC: [8] Undefined index: baiduUserId D:\wamp\www\guoji\yunwang\Api\AppApi\Lib\Action\PublicAction.class.php 第 73 行.
NOTIC: [8] Undefined index: baiduUserId D:\wamp\www\guoji\yunwang\Api\AppApi\Lib\Action\PublicAction.class.php 第 73 行.
NOTIC: [8] Undefined index: login_count D:\wamp\www\guoji\yunwang\Api\AppApi\Lib\Action\PublicAction.class.php 第 85 行.
NOTIC: [8] Undefined index: mb_system D:\wamp\www\guoji\yunwang\Api\AppApi\Lib\Action\PublicAction.class.php 第 88 行.
SQL: UPDATE `zy_member` SET `last_login_ip`='127.0.0.1',`login_count`=1,`last_login_time`=1435679480,`baiduUserId`='18758781144',`mb_system`=2 WHERE ( `id` = 10007 ) [ RunTime:0.003873s ]

[ 2015-06-30T23:51:24+08:00 ] 127.0.0.1 /guoji/yunwang/api/Public/checkLogin
INFO: [ route_check ] --START--
INFO: CheckRoute Behavior ::run [ RunTime:0.000691s ]
INFO: [ route_check ] --END-- [ RunTime:0.000771s ]
INFO: [ app_begin ] --START--
INFO: ReadHtmlCache Behavior ::run [ RunTime:0.000572s ]
INFO: [ app_begin ] --END-- [ RunTime:0.000640s ]
NOTIC: [8] Undefined index: verify D:\wamp\www\guoji\yunwang\Api\AppApi\Lib\Action\PublicAction.class.php 第 51 行.
NOTIC: [8] Undefined index: verify D:\wamp\www\guoji\yunwang\Api\AppApi\Lib\Action\PublicAction.class.php 第 51 行.
SQL: SHOW COLUMNS FROM `zy_member` [ RunTime:0.003363s ]
SQL: SELECT `id`,`tel`,`salt`,`password` FROM `zy_member` WHERE ( `tel` = '18758781144' ) LIMIT 1   [ RunTime:0.000333s ]
NOTIC: [8] Undefined index: baiduUserId D:\wamp\www\guoji\yunwang\Api\AppApi\Lib\Action\PublicAction.class.php 第 73 行.
NOTIC: [8] Undefined index: baiduUserId D:\wamp\www\guoji\yunwang\Api\AppApi\Lib\Action\PublicAction.class.php 第 73 行.
NOTIC: [8] Undefined index: login_count D:\wamp\www\guoji\yunwang\Api\AppApi\Lib\Action\PublicAction.class.php 第 85 行.
NOTIC: [8] Undefined index: mb_system D:\wamp\www\guoji\yunwang\Api\AppApi\Lib\Action\PublicAction.class.php 第 88 行.
SQL: UPDATE `zy_member` SET `last_login_ip`='127.0.0.1',`login_count`=1,`last_login_time`=1435679484,`baiduUserId`='18758781144',`mb_system`=2 WHERE ( `id` = 10007 ) [ RunTime:0.003929s ]

[ 2015-06-30T23:51:42+08:00 ] 127.0.0.1 /guoji/yunwang/api/Public/checkLogin
INFO: [ route_check ] --START--
INFO: CheckRoute Behavior ::run [ RunTime:0.000656s ]
INFO: [ route_check ] --END-- [ RunTime:0.000739s ]
INFO: [ app_begin ] --START--
INFO: ReadHtmlCache Behavior ::run [ RunTime:0.000569s ]
INFO: [ app_begin ] --END-- [ RunTime:0.000638s ]
NOTIC: [8] Undefined index: verify D:\wamp\www\guoji\yunwang\Api\AppApi\Lib\Action\PublicAction.class.php 第 51 行.
NOTIC: [8] Undefined index: verify D:\wamp\www\guoji\yunwang\Api\AppApi\Lib\Action\PublicAction.class.php 第 51 行.
SQL: SHOW COLUMNS FROM `zy_member` [ RunTime:0.003093s ]
SQL: SELECT `id`,`tel`,`salt`,`password` FROM `zy_member` WHERE ( `tel` = '18758781144' ) LIMIT 1   [ RunTime:0.000467s ]
NOTIC: [8] Undefined index: baiduUserId D:\wamp\www\guoji\yunwang\Api\AppApi\Lib\Action\PublicAction.class.php 第 73 行.
NOTIC: [8] Undefined index: baiduUserId D:\wamp\www\guoji\yunwang\Api\AppApi\Lib\Action\PublicAction.class.php 第 73 行.
NOTIC: [8] Undefined index: login_count D:\wamp\www\guoji\yunwang\Api\AppApi\Lib\Action\PublicAction.class.php 第 85 行.
NOTIC: [8] Undefined index: mb_system D:\wamp\www\guoji\yunwang\Api\AppApi\Lib\Action\PublicAction.class.php 第 88 行.
SQL: UPDATE `zy_member` SET `last_login_ip`='127.0.0.1',`login_count`=1,`last_login_time`=1435679502,`baiduUserId`='18758781144',`mb_system`=2 WHERE ( `id` = 10007 ) [ RunTime:0.003249s ]

[ 2015-06-30T23:51:55+08:00 ] 127.0.0.1 /guoji/yunwang/api/Public/checkLogin
INFO: [ route_check ] --START--
INFO: CheckRoute Behavior ::run [ RunTime:0.000858s ]
INFO: [ route_check ] --END-- [ RunTime:0.000983s ]
INFO: [ app_begin ] --START--
INFO: ReadHtmlCache Behavior ::run [ RunTime:0.000636s ]
INFO: [ app_begin ] --END-- [ RunTime:0.000714s ]
NOTIC: [8] Undefined index: verify D:\wamp\www\guoji\yunwang\Api\AppApi\Lib\Action\PublicAction.class.php 第 51 行.
NOTIC: [8] Undefined index: verify D:\wamp\www\guoji\yunwang\Api\AppApi\Lib\Action\PublicAction.class.php 第 51 行.
SQL: SHOW COLUMNS FROM `zy_member` [ RunTime:0.003558s ]
SQL: SELECT `id`,`tel`,`salt`,`password` FROM `zy_member` WHERE ( `tel` = '18758781144' ) LIMIT 1   [ RunTime:0.000890s ]
NOTIC: [8] Undefined index: baiduUserId D:\wamp\www\guoji\yunwang\Api\AppApi\Lib\Action\PublicAction.class.php 第 73 行.
NOTIC: [8] Undefined index: baiduUserId D:\wamp\www\guoji\yunwang\Api\AppApi\Lib\Action\PublicAction.class.php 第 73 行.
NOTIC: [8] Undefined index: login_count D:\wamp\www\guoji\yunwang\Api\AppApi\Lib\Action\PublicAction.class.php 第 85 行.
NOTIC: [8] Undefined index: mb_system D:\wamp\www\guoji\yunwang\Api\AppApi\Lib\Action\PublicAction.class.php 第 88 行.
SQL: UPDATE `zy_member` SET `last_login_ip`='127.0.0.1',`login_count`=1,`last_login_time`=1435679515,`baiduUserId`='18758781144',`mb_system`=2 WHERE ( `id` = 1000007 ) [ RunTime:0.006313s ]

[ 2015-06-30T23:52:08+08:00 ] 127.0.0.1 /guoji/yunwang/api/Public/checkLogin
INFO: [ route_check ] --START--
INFO: CheckRoute Behavior ::run [ RunTime:0.000629s ]
INFO: [ route_check ] --END-- [ RunTime:0.000710s ]
INFO: [ app_begin ] --START--
INFO: ReadHtmlCache Behavior ::run [ RunTime:0.000533s ]
INFO: [ app_begin ] --END-- [ RunTime:0.000601s ]
NOTIC: [8] Undefined index: verify D:\wamp\www\guoji\yunwang\Api\AppApi\Lib\Action\PublicAction.class.php 第 51 行.
NOTIC: [8] Undefined index: verify D:\wamp\www\guoji\yunwang\Api\AppApi\Lib\Action\PublicAction.class.php 第 51 行.
SQL: SHOW COLUMNS FROM `zy_member` [ RunTime:0.003751s ]
SQL: SELECT `id`,`tel`,`salt`,`password` FROM `zy_member` WHERE ( `tel` = '18758781144' ) LIMIT 1   [ RunTime:0.000334s ]
NOTIC: [8] Undefined index: baiduUserId D:\wamp\www\guoji\yunwang\Api\AppApi\Lib\Action\PublicAction.class.php 第 73 行.
NOTIC: [8] Undefined index: baiduUserId D:\wamp\www\guoji\yunwang\Api\AppApi\Lib\Action\PublicAction.class.php 第 73 行.
NOTIC: [8] Undefined index: login_count D:\wamp\www\guoji\yunwang\Api\AppApi\Lib\Action\PublicAction.class.php 第 85 行.
NOTIC: [8] Undefined index: mb_system D:\wamp\www\guoji\yunwang\Api\AppApi\Lib\Action\PublicAction.class.php 第 88 行.
SQL: UPDATE `zy_member` SET `last_login_ip`='127.0.0.1',`login_count`=1,`last_login_time`=1435679528,`baiduUserId`='18758781144',`mb_system`=2 WHERE ( `id` = 100000007 ) [ RunTime:0.009613s ]

[ 2015-06-30T23:52:45+08:00 ] 127.0.0.1 /guoji/yunwang/api/Public/checkLogin
INFO: [ route_check ] --START--
INFO: CheckRoute Behavior ::run [ RunTime:0.000663s ]
INFO: [ route_check ] --END-- [ RunTime:0.000743s ]
INFO: [ app_begin ] --START--
INFO: ReadHtmlCache Behavior ::run [ RunTime:0.000502s ]
INFO: [ app_begin ] --END-- [ RunTime:0.000570s ]
NOTIC: [8] Undefined index: verify D:\wamp\www\guoji\yunwang\Api\AppApi\Lib\Action\PublicAction.class.php 第 51 行.
NOTIC: [8] Undefined index: verify D:\wamp\www\guoji\yunwang\Api\AppApi\Lib\Action\PublicAction.class.php 第 51 行.
SQL: SHOW COLUMNS FROM `zy_member` [ RunTime:0.003810s ]
SQL: SELECT `id`,`tel`,`salt`,`password` FROM `zy_member` WHERE ( `tel` = '18758781144' ) LIMIT 1   [ RunTime:0.000306s ]
NOTIC: [8] Undefined index: baiduUserId D:\wamp\www\guoji\yunwang\Api\AppApi\Lib\Action\PublicAction.class.php 第 73 行.
NOTIC: [8] Undefined index: baiduUserId D:\wamp\www\guoji\yunwang\Api\AppApi\Lib\Action\PublicAction.class.php 第 73 行.
NOTIC: [8] Undefined index: login_count D:\wamp\www\guoji\yunwang\Api\AppApi\Lib\Action\PublicAction.class.php 第 85 行.
NOTIC: [8] Undefined index: mb_system D:\wamp\www\guoji\yunwang\Api\AppApi\Lib\Action\PublicAction.class.php 第 88 行.
SQL: UPDATE `zy_member` SET `last_login_ip`='127.0.0.1',`login_count`=1,`last_login_time`=1435679565,`baiduUserId`='18758781144',`mb_system`=2 WHERE ( `id` = 100000007 ) [ RunTime:0.009361s ]

[ 2015-06-30T23:52:47+08:00 ] 127.0.0.1 /guoji/yunwang/api/Public/checkLogin
INFO: [ route_check ] --START--
INFO: CheckRoute Behavior ::run [ RunTime:0.000608s ]
INFO: [ route_check ] --END-- [ RunTime:0.000686s ]
INFO: [ app_begin ] --START--
INFO: ReadHtmlCache Behavior ::run [ RunTime:0.000531s ]
INFO: [ app_begin ] --END-- [ RunTime:0.000604s ]
NOTIC: [8] Undefined index: verify D:\wamp\www\guoji\yunwang\Api\AppApi\Lib\Action\PublicAction.class.php 第 51 行.
NOTIC: [8] Undefined index: verify D:\wamp\www\guoji\yunwang\Api\AppApi\Lib\Action\PublicAction.class.php 第 51 行.
SQL: SHOW COLUMNS FROM `zy_member` [ RunTime:0.002428s ]
SQL: SELECT `id`,`tel`,`salt`,`password` FROM `zy_member` WHERE ( `tel` = '18758781144' ) LIMIT 1   [ RunTime:0.000676s ]
NOTIC: [8] Undefined index: baiduUserId D:\wamp\www\guoji\yunwang\Api\AppApi\Lib\Action\PublicAction.class.php 第 73 行.
NOTIC: [8] Undefined index: baiduUserId D:\wamp\www\guoji\yunwang\Api\AppApi\Lib\Action\PublicAction.class.php 第 73 行.
NOTIC: [8] Undefined index: login_count D:\wamp\www\guoji\yunwang\Api\AppApi\Lib\Action\PublicAction.class.php 第 85 行.
NOTIC: [8] Undefined index: mb_system D:\wamp\www\guoji\yunwang\Api\AppApi\Lib\Action\PublicAction.class.php 第 88 行.
SQL: UPDATE `zy_member` SET `last_login_ip`='127.0.0.1',`login_count`=1,`last_login_time`=1435679567,`baiduUserId`='18758781144',`mb_system`=2 WHERE ( `id` = 100000007 ) [ RunTime:0.003169s ]

