[ 2015-11-24T00:18:11+08:00 ] 127.0.0.1 /guoji/vshop/CacheApi/?a=Get&appid=201586485090108670&c=Local&name=list&nonce_str=7qus4iv0kwid52men056cqhc3ivmls7q&time_stamp=1448295491&version=1.0
INFO: [ app_init ] --START--
INFO: Run Behavior\BuildLiteBehavior [ RunTime:0.000021s ]
INFO: [ app_init ] --END-- [ RunTime:0.000123s ]
INFO: [ app_begin ] --START--
INFO: Run Behavior\ReadHtmlCacheBehavior [ RunTime:0.001682s ]
INFO: [ app_begin ] --END-- [ RunTime:0.001776s ]
NOTIC: [2048] Declaration of Home\Controller\LocalController::Get() should be compatible with that of Think\Controller::get() D:\wamp\www\guoji\vshop\CacheApi\Cache\Home\Controller\LocalController.class.php 第 4 行.
SQL: SHOW COLUMNS FROM `zy_api` [ RunTime:0.0043s ]
SQL: SELECT * FROM `zy_api` WHERE `py_name` = 'cache' AND `appid` = '201586485090108670' LIMIT 1   [ RunTime:0.0003s ]

[ 2015-11-24T00:18:20+08:00 ] 127.0.0.1 /guoji/vshop/CacheApi/?a=Get&appid=201586485090108670&c=Local&name=list&nonce_str=h61otepmk68v1mjitikn3nlt2e6chgq7&time_stamp=1448295500&version=1.0
INFO: [ app_init ] --START--
INFO: Run Behavior\BuildLiteBehavior [ RunTime:0.000018s ]
INFO: [ app_init ] --END-- [ RunTime:0.000103s ]
INFO: [ app_begin ] --START--
INFO: Run Behavior\ReadHtmlCacheBehavior [ RunTime:0.001547s ]
INFO: [ app_begin ] --END-- [ RunTime:0.001648s ]
NOTIC: [2048] Declaration of Home\Controller\LocalController::Get() should be compatible with that of Think\Controller::get() D:\wamp\www\guoji\vshop\CacheApi\Cache\Home\Controller\LocalController.class.php 第 4 行.
SQL: SHOW COLUMNS FROM `zy_api` [ RunTime:0.0043s ]
SQL: SELECT * FROM `zy_api` WHERE `py_name` = 'cache' AND `appid` = '201586485090108670' LIMIT 1   [ RunTime:0.0003s ]

[ 2015-11-24T00:19:35+08:00 ] 127.0.0.1 /guoji/vshop/CacheApi/?a=Get&appid=201586485090108670&c=Local&name=list&nonce_str=3jskberhqecya5styrcesiluvy5ug9w2&time_stamp=1448295575&version=1.0
INFO: [ app_init ] --START--
INFO: Run Behavior\BuildLiteBehavior [ RunTime:0.000018s ]
INFO: [ app_init ] --END-- [ RunTime:0.000111s ]
INFO: [ app_begin ] --START--
INFO: Run Behavior\ReadHtmlCacheBehavior [ RunTime:0.000645s ]
INFO: [ app_begin ] --END-- [ RunTime:0.000735s ]
NOTIC: [2048] Declaration of Home\Controller\LocalController::Get() should be compatible with that of Think\Controller::get() D:\wamp\www\guoji\vshop\CacheApi\Cache\Home\Controller\LocalController.class.php 第 4 行.
SQL: SHOW COLUMNS FROM `zy_api` [ RunTime:0.0042s ]
SQL: SELECT * FROM `zy_api` WHERE `py_name` = 'cache' AND `appid` = '201586485090108670' LIMIT 1   [ RunTime:0.0003s ]

[ 2015-11-24T00:19:37+08:00 ] 127.0.0.1 /guoji/vshop/CacheApi/?a=Get&appid=201586485090108670&c=Local&name=list&nonce_str=3i8gnoe95s0xi6qpl89ta40uyiuhbb0e&time_stamp=1448295577&version=1.0
INFO: [ app_init ] --START--
INFO: Run Behavior\BuildLiteBehavior [ RunTime:0.000018s ]
INFO: [ app_init ] --END-- [ RunTime:0.000118s ]
INFO: [ app_begin ] --START--
INFO: Run Behavior\ReadHtmlCacheBehavior [ RunTime:0.000678s ]
INFO: [ app_begin ] --END-- [ RunTime:0.000765s ]
NOTIC: [2048] Declaration of Home\Controller\LocalController::Get() should be compatible with that of Think\Controller::get() D:\wamp\www\guoji\vshop\CacheApi\Cache\Home\Controller\LocalController.class.php 第 4 行.
SQL: SHOW COLUMNS FROM `zy_api` [ RunTime:0.0043s ]
SQL: SELECT * FROM `zy_api` WHERE `py_name` = 'cache' AND `appid` = '201586485090108670' LIMIT 1   [ RunTime:0.0003s ]

[ 2015-11-24T00:22:45+08:00 ] 127.0.0.1 /guoji/vshop/CacheApi/?a=Get&appid=201586485090108670&c=Local&name=list&nonce_str=40qh54cdn1pctmnf9plodgf61vexh520&time_stamp=1448295765&version=1.0
INFO: [ app_init ] --START--
INFO: Run Behavior\BuildLiteBehavior [ RunTime:0.000020s ]
INFO: [ app_init ] --END-- [ RunTime:0.000116s ]
INFO: [ app_begin ] --START--
INFO: Run Behavior\ReadHtmlCacheBehavior [ RunTime:0.001166s ]
INFO: [ app_begin ] --END-- [ RunTime:0.001265s ]
NOTIC: [2048] Declaration of Home\Controller\LocalController::Get() should be compatible with that of Think\Controller::get() D:\wamp\www\guoji\vshop\CacheApi\Cache\Home\Controller\LocalController.class.php 第 4 行.
SQL: SHOW COLUMNS FROM `zy_api` [ RunTime:0.0041s ]
SQL: SELECT * FROM `zy_api` WHERE `py_name` = 'cache' AND `appid` = '201586485090108670' LIMIT 1   [ RunTime:0.0005s ]

[ 2015-11-24T00:22:46+08:00 ] 127.0.0.1 /guoji/vshop/CacheApi/?a=Get&appid=201586485090108670&c=Local&name=list&nonce_str=s0ns5ona7t0oz0qthmgj8lw2c5tr09gy&time_stamp=1448295766&version=1.0
INFO: [ app_init ] --START--
INFO: Run Behavior\BuildLiteBehavior [ RunTime:0.000019s ]
INFO: [ app_init ] --END-- [ RunTime:0.000102s ]
INFO: [ app_begin ] --START--
INFO: Run Behavior\ReadHtmlCacheBehavior [ RunTime:0.001338s ]
INFO: [ app_begin ] --END-- [ RunTime:0.001432s ]
NOTIC: [2048] Declaration of Home\Controller\LocalController::Get() should be compatible with that of Think\Controller::get() D:\wamp\www\guoji\vshop\CacheApi\Cache\Home\Controller\LocalController.class.php 第 4 行.
SQL: SHOW COLUMNS FROM `zy_api` [ RunTime:0.0042s ]
SQL: SELECT * FROM `zy_api` WHERE `py_name` = 'cache' AND `appid` = '201586485090108670' LIMIT 1   [ RunTime:0.0003s ]

[ 2015-11-24T00:22:47+08:00 ] 127.0.0.1 /guoji/vshop/CacheApi/?a=Get&appid=201586485090108670&c=Local&name=list&nonce_str=ae3dl67xmdubhz3fvj4oxibn4z1ve92z&time_stamp=1448295767&version=1.0
INFO: [ app_init ] --START--
INFO: Run Behavior\BuildLiteBehavior [ RunTime:0.000018s ]
INFO: [ app_init ] --END-- [ RunTime:0.000104s ]
INFO: [ app_begin ] --START--
INFO: Run Behavior\ReadHtmlCacheBehavior [ RunTime:0.001240s ]
INFO: [ app_begin ] --END-- [ RunTime:0.001323s ]
NOTIC: [2048] Declaration of Home\Controller\LocalController::Get() should be compatible with that of Think\Controller::get() D:\wamp\www\guoji\vshop\CacheApi\Cache\Home\Controller\LocalController.class.php 第 4 行.
SQL: SHOW COLUMNS FROM `zy_api` [ RunTime:0.0042s ]
SQL: SELECT * FROM `zy_api` WHERE `py_name` = 'cache' AND `appid` = '201586485090108670' LIMIT 1   [ RunTime:0.0003s ]

[ 2015-11-24T00:22:47+08:00 ] 127.0.0.1 /guoji/vshop/CacheApi/?a=Get&appid=201586485090108670&c=Local&name=list&nonce_str=nte4oeot5iu8ds4wmxwlx7dnmagx247k&time_stamp=1448295767&version=1.0
INFO: [ app_init ] --START--
INFO: Run Behavior\BuildLiteBehavior [ RunTime:0.000017s ]
INFO: [ app_init ] --END-- [ RunTime:0.000097s ]
INFO: [ app_begin ] --START--
INFO: Run Behavior\ReadHtmlCacheBehavior [ RunTime:0.001232s ]
INFO: [ app_begin ] --END-- [ RunTime:0.001316s ]
NOTIC: [2048] Declaration of Home\Controller\LocalController::Get() should be compatible with that of Think\Controller::get() D:\wamp\www\guoji\vshop\CacheApi\Cache\Home\Controller\LocalController.class.php 第 4 行.
SQL: SHOW COLUMNS FROM `zy_api` [ RunTime:0.0042s ]
SQL: SELECT * FROM `zy_api` WHERE `py_name` = 'cache' AND `appid` = '201586485090108670' LIMIT 1   [ RunTime:0.0003s ]

[ 2015-11-24T00:22:48+08:00 ] 127.0.0.1 /guoji/vshop/CacheApi/?a=Get&appid=201586485090108670&c=Local&name=list&nonce_str=f5trv3tvgs2biq264e3cnfe42ffcwkzb&time_stamp=1448295768&version=1.0
INFO: [ app_init ] --START--
INFO: Run Behavior\BuildLiteBehavior [ RunTime:0.000032s ]
INFO: [ app_init ] --END-- [ RunTime:0.000127s ]
INFO: [ app_begin ] --START--
INFO: Run Behavior\ReadHtmlCacheBehavior [ RunTime:0.001215s ]
INFO: [ app_begin ] --END-- [ RunTime:0.001297s ]
NOTIC: [2048] Declaration of Home\Controller\LocalController::Get() should be compatible with that of Think\Controller::get() D:\wamp\www\guoji\vshop\CacheApi\Cache\Home\Controller\LocalController.class.php 第 4 行.
SQL: SHOW COLUMNS FROM `zy_api` [ RunTime:0.0046s ]
SQL: SELECT * FROM `zy_api` WHERE `py_name` = 'cache' AND `appid` = '201586485090108670' LIMIT 1   [ RunTime:0.0006s ]

[ 2015-11-24T00:22:49+08:00 ] 127.0.0.1 /guoji/vshop/CacheApi/?a=Get&appid=201586485090108670&c=Local&name=list&nonce_str=fc7bzq5wgjp8tjomgb0k4rcmjpbjpl5x&time_stamp=1448295769&version=1.0
INFO: [ app_init ] --START--
INFO: Run Behavior\BuildLiteBehavior [ RunTime:0.000020s ]
INFO: [ app_init ] --END-- [ RunTime:0.000127s ]
INFO: [ app_begin ] --START--
INFO: Run Behavior\ReadHtmlCacheBehavior [ RunTime:0.001308s ]
INFO: [ app_begin ] --END-- [ RunTime:0.001422s ]
NOTIC: [2048] Declaration of Home\Controller\LocalController::Get() should be compatible with that of Think\Controller::get() D:\wamp\www\guoji\vshop\CacheApi\Cache\Home\Controller\LocalController.class.php 第 4 行.
SQL: SHOW COLUMNS FROM `zy_api` [ RunTime:0.0041s ]
SQL: SELECT * FROM `zy_api` WHERE `py_name` = 'cache' AND `appid` = '201586485090108670' LIMIT 1   [ RunTime:0.0003s ]

[ 2015-11-24T00:23:06+08:00 ] 127.0.0.1 /guoji/vshop/CacheApi/?a=Get&appid=201586485090108670&c=Local&name=list&nonce_str=6w6w2gh3ri5pgtppieoffk4y3bn04blj&time_stamp=1448295786&version=1.0
INFO: [ app_init ] --START--
INFO: Run Behavior\BuildLiteBehavior [ RunTime:0.000017s ]
INFO: [ app_init ] --END-- [ RunTime:0.000096s ]
INFO: [ app_begin ] --START--
INFO: Run Behavior\ReadHtmlCacheBehavior [ RunTime:0.001062s ]
INFO: [ app_begin ] --END-- [ RunTime:0.001148s ]
NOTIC: [2048] Declaration of Home\Controller\LocalController::Get() should be compatible with that of Think\Controller::get() D:\wamp\www\guoji\vshop\CacheApi\Cache\Home\Controller\LocalController.class.php 第 4 行.
SQL: SHOW COLUMNS FROM `zy_api` [ RunTime:0.0042s ]
SQL: SELECT * FROM `zy_api` WHERE `py_name` = 'cache' AND `appid` = '201586485090108670' LIMIT 1   [ RunTime:0.0003s ]

[ 2015-11-24T00:27:05+08:00 ] 127.0.0.1 /guoji/vshop/CacheApi/?a=Get&appid=201586485090108670&c=Local&name=list&nonce_str=ybacs92hknn1tjcwsj20t4xw7hxz227i&time_stamp=1448296025&version=1.0
INFO: [ app_init ] --START--
INFO: Run Behavior\BuildLiteBehavior [ RunTime:0.000018s ]
INFO: [ app_init ] --END-- [ RunTime:0.000100s ]
INFO: [ app_begin ] --START--
INFO: Run Behavior\ReadHtmlCacheBehavior [ RunTime:0.001036s ]
INFO: [ app_begin ] --END-- [ RunTime:0.001137s ]
NOTIC: [2048] Declaration of Home\Controller\LocalController::Get() should be compatible with that of Think\Controller::get() D:\wamp\www\guoji\vshop\CacheApi\Cache\Home\Controller\LocalController.class.php 第 4 行.
SQL: SHOW COLUMNS FROM `zy_api` [ RunTime:0.0042s ]
SQL: SELECT * FROM `zy_api` WHERE `py_name` = 'cache' AND `appid` = '201586485090108670' LIMIT 1   [ RunTime:0.0003s ]

[ 2015-11-24T00:27:07+08:00 ] 127.0.0.1 /guoji/vshop/CacheApi/?a=Get&appid=201586485090108670&c=Local&name=list&nonce_str=8pozwisdbcc2k0dkpvrgbyc8q6cldpgq&time_stamp=1448296027&version=1.0
INFO: [ app_init ] --START--
INFO: Run Behavior\BuildLiteBehavior [ RunTime:0.000019s ]
INFO: [ app_init ] --END-- [ RunTime:0.000107s ]
INFO: [ app_begin ] --START--
INFO: Run Behavior\ReadHtmlCacheBehavior [ RunTime:0.001368s ]
INFO: [ app_begin ] --END-- [ RunTime:0.001468s ]
NOTIC: [2048] Declaration of Home\Controller\LocalController::Get() should be compatible with that of Think\Controller::get() D:\wamp\www\guoji\vshop\CacheApi\Cache\Home\Controller\LocalController.class.php 第 4 行.
SQL: SHOW COLUMNS FROM `zy_api` [ RunTime:0.0040s ]
SQL: SELECT * FROM `zy_api` WHERE `py_name` = 'cache' AND `appid` = '201586485090108670' LIMIT 1   [ RunTime:0.0003s ]

[ 2015-11-24T00:27:32+08:00 ] 127.0.0.1 /guoji/vshop/CacheApi/?a=Get&appid=201586485090108670&c=Local&name=list&nonce_str=8v2eso5356bzjndickoqzjtm20z1csei&time_stamp=1448296052&version=1.0
INFO: [ app_init ] --START--
INFO: Run Behavior\BuildLiteBehavior [ RunTime:0.000018s ]
INFO: [ app_init ] --END-- [ RunTime:0.000103s ]
INFO: [ app_begin ] --START--
INFO: Run Behavior\ReadHtmlCacheBehavior [ RunTime:0.001251s ]
INFO: [ app_begin ] --END-- [ RunTime:0.001341s ]
NOTIC: [2048] Declaration of Home\Controller\LocalController::Get() should be compatible with that of Think\Controller::get() D:\wamp\www\guoji\vshop\CacheApi\Cache\Home\Controller\LocalController.class.php 第 4 行.
SQL: SHOW COLUMNS FROM `zy_api` [ RunTime:0.0043s ]
SQL: SELECT * FROM `zy_api` WHERE `py_name` = 'cache' AND `appid` = '201586485090108670' LIMIT 1   [ RunTime:0.0003s ]

[ 2015-11-24T00:27:33+08:00 ] 127.0.0.1 /guoji/vshop/CacheApi/?a=Get&appid=201586485090108670&c=Local&name=list&nonce_str=8ix1vxjmjrcy6n7yg7ickrlwkw6h8jey&time_stamp=1448296053&version=1.0
INFO: [ app_init ] --START--
INFO: Run Behavior\BuildLiteBehavior [ RunTime:0.000018s ]
INFO: [ app_init ] --END-- [ RunTime:0.000099s ]
INFO: [ app_begin ] --START--
INFO: Run Behavior\ReadHtmlCacheBehavior [ RunTime:0.001427s ]
INFO: [ app_begin ] --END-- [ RunTime:0.001522s ]
NOTIC: [2048] Declaration of Home\Controller\LocalController::Get() should be compatible with that of Think\Controller::get() D:\wamp\www\guoji\vshop\CacheApi\Cache\Home\Controller\LocalController.class.php 第 4 行.
SQL: SHOW COLUMNS FROM `zy_api` [ RunTime:0.0042s ]
SQL: SELECT * FROM `zy_api` WHERE `py_name` = 'cache' AND `appid` = '201586485090108670' LIMIT 1   [ RunTime:0.0002s ]

[ 2015-11-24T00:27:33+08:00 ] 127.0.0.1 /guoji/vshop/CacheApi/?a=Get&appid=201586485090108670&c=Local&name=list&nonce_str=si70lwdzhcd7hdhtkdcj5rn1aclxqser&time_stamp=1448296053&version=1.0
INFO: [ app_init ] --START--
INFO: Run Behavior\BuildLiteBehavior [ RunTime:0.000018s ]
INFO: [ app_init ] --END-- [ RunTime:0.000103s ]
INFO: [ app_begin ] --START--
INFO: Run Behavior\ReadHtmlCacheBehavior [ RunTime:0.001217s ]
INFO: [ app_begin ] --END-- [ RunTime:0.001305s ]
NOTIC: [2048] Declaration of Home\Controller\LocalController::Get() should be compatible with that of Think\Controller::get() D:\wamp\www\guoji\vshop\CacheApi\Cache\Home\Controller\LocalController.class.php 第 4 行.
SQL: SHOW COLUMNS FROM `zy_api` [ RunTime:0.0056s ]
SQL: SELECT * FROM `zy_api` WHERE `py_name` = 'cache' AND `appid` = '201586485090108670' LIMIT 1   [ RunTime:0.0006s ]

[ 2015-11-24T00:27:34+08:00 ] 127.0.0.1 /guoji/vshop/CacheApi/?a=Get&appid=201586485090108670&c=Local&name=list&nonce_str=271rddvnubp3eojsjfjzxy0w3h901yy3&time_stamp=1448296053&version=1.0
INFO: [ app_init ] --START--
INFO: Run Behavior\BuildLiteBehavior [ RunTime:0.000019s ]
INFO: [ app_init ] --END-- [ RunTime:0.000136s ]
INFO: [ app_begin ] --START--
INFO: Run Behavior\ReadHtmlCacheBehavior [ RunTime:0.001103s ]
INFO: [ app_begin ] --END-- [ RunTime:0.001204s ]
NOTIC: [2048] Declaration of Home\Controller\LocalController::Get() should be compatible with that of Think\Controller::get() D:\wamp\www\guoji\vshop\CacheApi\Cache\Home\Controller\LocalController.class.php 第 4 行.
SQL: SHOW COLUMNS FROM `zy_api` [ RunTime:0.0042s ]
SQL: SELECT * FROM `zy_api` WHERE `py_name` = 'cache' AND `appid` = '201586485090108670' LIMIT 1   [ RunTime:0.0003s ]

[ 2015-11-24T00:27:34+08:00 ] 127.0.0.1 /guoji/vshop/CacheApi/?a=Get&appid=201586485090108670&c=Local&name=list&nonce_str=y421l1szh2edfgfn5if3vschad3eote7&time_stamp=1448296054&version=1.0
INFO: [ app_init ] --START--
INFO: Run Behavior\BuildLiteBehavior [ RunTime:0.000017s ]
INFO: [ app_init ] --END-- [ RunTime:0.000098s ]
INFO: [ app_begin ] --START--
INFO: Run Behavior\ReadHtmlCacheBehavior [ RunTime:0.001206s ]
INFO: [ app_begin ] --END-- [ RunTime:0.001287s ]
NOTIC: [2048] Declaration of Home\Controller\LocalController::Get() should be compatible with that of Think\Controller::get() D:\wamp\www\guoji\vshop\CacheApi\Cache\Home\Controller\LocalController.class.php 第 4 行.
SQL: SHOW COLUMNS FROM `zy_api` [ RunTime:0.0041s ]
SQL: SELECT * FROM `zy_api` WHERE `py_name` = 'cache' AND `appid` = '201586485090108670' LIMIT 1   [ RunTime:0.0003s ]

[ 2015-11-24T00:28:22+08:00 ] 127.0.0.1 /guoji/vshop/CacheApi/?a=Get&appid=201586485090108670&c=Local&name=list&nonce_str=tjza4f2458l3hxx9z5w30pqygja3xbcw&time_stamp=1448296102&version=1.0
INFO: [ app_init ] --START--
INFO: Run Behavior\BuildLiteBehavior [ RunTime:0.000019s ]
INFO: [ app_init ] --END-- [ RunTime:0.000116s ]
INFO: [ app_begin ] --START--
INFO: Run Behavior\ReadHtmlCacheBehavior [ RunTime:0.001192s ]
INFO: [ app_begin ] --END-- [ RunTime:0.001279s ]
NOTIC: [2048] Declaration of Home\Controller\LocalController::Get() should be compatible with that of Think\Controller::get() D:\wamp\www\guoji\vshop\CacheApi\Cache\Home\Controller\LocalController.class.php 第 4 行.
SQL: SHOW COLUMNS FROM `zy_api` [ RunTime:0.0043s ]
SQL: SELECT * FROM `zy_api` WHERE `py_name` = 'cache' AND `appid` = '201586485090108670' LIMIT 1   [ RunTime:0.0003s ]

