[ 2015-11-29T03:28:15+08:00 ] 127.0.0.1 /guoji/vshop/CacheApi/?a=Get&appid=201586485090108670&c=Local&name=list&nonce_str=baqlu2c5gv6ecqh152348t8hwkobviph&time_stamp=1448738895&version=1.0
INFO: [ app_init ] --START--
INFO: Run Behavior\BuildLiteBehavior [ RunTime:0.000017s ]
INFO: [ app_init ] --END-- [ RunTime:0.000096s ]
INFO: [ app_begin ] --START--
INFO: Run Behavior\ReadHtmlCacheBehavior [ RunTime:0.001234s ]
INFO: [ app_begin ] --END-- [ RunTime:0.001314s ]
NOTIC: [2048] Declaration of Home\Controller\LocalController::Get() should be compatible with that of Think\Controller::get() D:\wamp\www\guoji\vshop\CacheApi\Cache\Home\Controller\LocalController.class.php 第 4 行.
SQL: SHOW COLUMNS FROM `zy_api` [ RunTime:0.0057s ]
SQL: SELECT * FROM `zy_api` WHERE `py_name` = 'cache' AND `appid` = '201586485090108670' LIMIT 1   [ RunTime:0.0003s ]

[ 2015-11-29T03:28:18+08:00 ] 127.0.0.1 /guoji/vshop/CacheApi/?a=Get&appid=201586485090108670&c=Local&name=list&nonce_str=70iunqfkde2wlscwjs30ruy9k7y7e4xn&time_stamp=1448738898&version=1.0
INFO: [ app_init ] --START--
INFO: Run Behavior\BuildLiteBehavior [ RunTime:0.000017s ]
INFO: [ app_init ] --END-- [ RunTime:0.000100s ]
INFO: [ app_begin ] --START--
INFO: Run Behavior\ReadHtmlCacheBehavior [ RunTime:0.001284s ]
INFO: [ app_begin ] --END-- [ RunTime:0.001412s ]
NOTIC: [2048] Declaration of Home\Controller\LocalController::Get() should be compatible with that of Think\Controller::get() D:\wamp\www\guoji\vshop\CacheApi\Cache\Home\Controller\LocalController.class.php 第 4 行.
SQL: SHOW COLUMNS FROM `zy_api` [ RunTime:0.0040s ]
SQL: SELECT * FROM `zy_api` WHERE `py_name` = 'cache' AND `appid` = '201586485090108670' LIMIT 1   [ RunTime:0.0003s ]

[ 2015-11-29T03:28:38+08:00 ] 127.0.0.1 /guoji/vshop/CacheApi/?a=Get&appid=201586485090108670&c=Local&name=list&nonce_str=ke99vkhb5r4ywbjmu2y1oca7f9rlxnpa&time_stamp=1448738918&version=1.0
INFO: [ app_init ] --START--
INFO: Run Behavior\BuildLiteBehavior [ RunTime:0.000020s ]
INFO: [ app_init ] --END-- [ RunTime:0.000106s ]
INFO: [ app_begin ] --START--
INFO: Run Behavior\ReadHtmlCacheBehavior [ RunTime:0.001403s ]
INFO: [ app_begin ] --END-- [ RunTime:0.001524s ]
NOTIC: [2048] Declaration of Home\Controller\LocalController::Get() should be compatible with that of Think\Controller::get() D:\wamp\www\guoji\vshop\CacheApi\Cache\Home\Controller\LocalController.class.php 第 4 行.
SQL: SHOW COLUMNS FROM `zy_api` [ RunTime:0.0042s ]
SQL: SELECT * FROM `zy_api` WHERE `py_name` = 'cache' AND `appid` = '201586485090108670' LIMIT 1   [ RunTime:0.0003s ]

[ 2015-11-29T03:28:41+08:00 ] 127.0.0.1 /guoji/vshop/CacheApi/?a=Get&appid=201586485090108670&c=Local&name=list&nonce_str=3tzq4tfpt8gqfqbn76qq8y8e8w1m0oln&time_stamp=1448738921&version=1.0
INFO: [ app_init ] --START--
INFO: Run Behavior\BuildLiteBehavior [ RunTime:0.000016s ]
INFO: [ app_init ] --END-- [ RunTime:0.000094s ]
INFO: [ app_begin ] --START--
INFO: Run Behavior\ReadHtmlCacheBehavior [ RunTime:0.000842s ]
INFO: [ app_begin ] --END-- [ RunTime:0.000941s ]
NOTIC: [2048] Declaration of Home\Controller\LocalController::Get() should be compatible with that of Think\Controller::get() D:\wamp\www\guoji\vshop\CacheApi\Cache\Home\Controller\LocalController.class.php 第 4 行.
SQL: SHOW COLUMNS FROM `zy_api` [ RunTime:0.0042s ]
SQL: SELECT * FROM `zy_api` WHERE `py_name` = 'cache' AND `appid` = '201586485090108670' LIMIT 1   [ RunTime:0.0002s ]

[ 2015-11-29T03:28:46+08:00 ] 127.0.0.1 /guoji/vshop/CacheApi/?a=Get&appid=201586485090108670&c=Local&name=list&nonce_str=cg9avexsbe0n212jlhdh1sdb2oejkh91&time_stamp=1448738926&version=1.0
INFO: [ app_init ] --START--
INFO: Run Behavior\BuildLiteBehavior [ RunTime:0.000018s ]
INFO: [ app_init ] --END-- [ RunTime:0.000092s ]
INFO: [ app_begin ] --START--
INFO: Run Behavior\ReadHtmlCacheBehavior [ RunTime:0.000861s ]
INFO: [ app_begin ] --END-- [ RunTime:0.000959s ]
NOTIC: [2048] Declaration of Home\Controller\LocalController::Get() should be compatible with that of Think\Controller::get() D:\wamp\www\guoji\vshop\CacheApi\Cache\Home\Controller\LocalController.class.php 第 4 行.
SQL: SHOW COLUMNS FROM `zy_api` [ RunTime:0.0042s ]
SQL: SELECT * FROM `zy_api` WHERE `py_name` = 'cache' AND `appid` = '201586485090108670' LIMIT 1   [ RunTime:0.0003s ]

[ 2015-11-29T03:28:50+08:00 ] 127.0.0.1 /guoji/vshop/CacheApi/?a=Get&appid=201586485090108670&c=Local&name=list&nonce_str=41agu0lb77h0qtcrtl828yj5ii0otogg&time_stamp=1448738930&version=1.0
INFO: [ app_init ] --START--
INFO: Run Behavior\BuildLiteBehavior [ RunTime:0.000018s ]
INFO: [ app_init ] --END-- [ RunTime:0.000097s ]
INFO: [ app_begin ] --START--
INFO: Run Behavior\ReadHtmlCacheBehavior [ RunTime:0.000835s ]
INFO: [ app_begin ] --END-- [ RunTime:0.000933s ]
NOTIC: [2048] Declaration of Home\Controller\LocalController::Get() should be compatible with that of Think\Controller::get() D:\wamp\www\guoji\vshop\CacheApi\Cache\Home\Controller\LocalController.class.php 第 4 行.
SQL: SHOW COLUMNS FROM `zy_api` [ RunTime:0.0041s ]
SQL: SELECT * FROM `zy_api` WHERE `py_name` = 'cache' AND `appid` = '201586485090108670' LIMIT 1   [ RunTime:0.0003s ]

[ 2015-11-29T03:28:52+08:00 ] 127.0.0.1 /guoji/vshop/CacheApi/?a=Get&appid=201586485090108670&c=Local&name=list&nonce_str=pg4t0d7xjtvaa8csecvtg9ve992ioxz5&time_stamp=1448738932&version=1.0
INFO: [ app_init ] --START--
INFO: Run Behavior\BuildLiteBehavior [ RunTime:0.000017s ]
INFO: [ app_init ] --END-- [ RunTime:0.000100s ]
INFO: [ app_begin ] --START--
INFO: Run Behavior\ReadHtmlCacheBehavior [ RunTime:0.000956s ]
INFO: [ app_begin ] --END-- [ RunTime:0.001053s ]
NOTIC: [2048] Declaration of Home\Controller\LocalController::Get() should be compatible with that of Think\Controller::get() D:\wamp\www\guoji\vshop\CacheApi\Cache\Home\Controller\LocalController.class.php 第 4 行.
SQL: SHOW COLUMNS FROM `zy_api` [ RunTime:0.0046s ]
SQL: SELECT * FROM `zy_api` WHERE `py_name` = 'cache' AND `appid` = '201586485090108670' LIMIT 1   [ RunTime:0.0003s ]

[ 2015-11-29T03:28:55+08:00 ] 127.0.0.1 /guoji/vshop/CacheApi/?a=Get&appid=201586485090108670&c=Local&name=list&nonce_str=5db28c0glgjkzyge3m7gccdr9b13ej8x&time_stamp=1448738935&version=1.0
INFO: [ app_init ] --START--
INFO: Run Behavior\BuildLiteBehavior [ RunTime:0.000019s ]
INFO: [ app_init ] --END-- [ RunTime:0.000100s ]
INFO: [ app_begin ] --START--
INFO: Run Behavior\ReadHtmlCacheBehavior [ RunTime:0.000849s ]
INFO: [ app_begin ] --END-- [ RunTime:0.000947s ]
NOTIC: [2048] Declaration of Home\Controller\LocalController::Get() should be compatible with that of Think\Controller::get() D:\wamp\www\guoji\vshop\CacheApi\Cache\Home\Controller\LocalController.class.php 第 4 行.
SQL: SHOW COLUMNS FROM `zy_api` [ RunTime:0.0044s ]
SQL: SELECT * FROM `zy_api` WHERE `py_name` = 'cache' AND `appid` = '201586485090108670' LIMIT 1   [ RunTime:0.0003s ]

[ 2015-11-29T03:28:56+08:00 ] 127.0.0.1 /guoji/vshop/CacheApi/?a=Get&appid=201586485090108670&c=Local&name=list&nonce_str=y8c2v4lxn2i2jjxc69hrbrvb4z9hengp&time_stamp=1448738936&version=1.0
INFO: [ app_init ] --START--
INFO: Run Behavior\BuildLiteBehavior [ RunTime:0.000017s ]
INFO: [ app_init ] --END-- [ RunTime:0.000094s ]
INFO: [ app_begin ] --START--
INFO: Run Behavior\ReadHtmlCacheBehavior [ RunTime:0.000860s ]
INFO: [ app_begin ] --END-- [ RunTime:0.000957s ]
NOTIC: [2048] Declaration of Home\Controller\LocalController::Get() should be compatible with that of Think\Controller::get() D:\wamp\www\guoji\vshop\CacheApi\Cache\Home\Controller\LocalController.class.php 第 4 行.
SQL: SHOW COLUMNS FROM `zy_api` [ RunTime:0.0040s ]
SQL: SELECT * FROM `zy_api` WHERE `py_name` = 'cache' AND `appid` = '201586485090108670' LIMIT 1   [ RunTime:0.0002s ]

[ 2015-11-29T03:29:29+08:00 ] 127.0.0.1 /guoji/vshop/CacheApi/?a=Get&appid=201586485090108670&c=Local&name=list&nonce_str=8vwmue44sburo93vzt9b9wkf56ov72gq&time_stamp=1448738969&version=1.0
INFO: [ app_init ] --START--
INFO: Run Behavior\BuildLiteBehavior [ RunTime:0.000016s ]
INFO: [ app_init ] --END-- [ RunTime:0.000095s ]
INFO: [ app_begin ] --START--
INFO: Run Behavior\ReadHtmlCacheBehavior [ RunTime:0.000858s ]
INFO: [ app_begin ] --END-- [ RunTime:0.001073s ]
NOTIC: [2048] Declaration of Home\Controller\LocalController::Get() should be compatible with that of Think\Controller::get() D:\wamp\www\guoji\vshop\CacheApi\Cache\Home\Controller\LocalController.class.php 第 4 行.
SQL: SHOW COLUMNS FROM `zy_api` [ RunTime:0.0042s ]
SQL: SELECT * FROM `zy_api` WHERE `py_name` = 'cache' AND `appid` = '201586485090108670' LIMIT 1   [ RunTime:0.0003s ]

[ 2015-11-29T03:29:32+08:00 ] 127.0.0.1 /guoji/vshop/CacheApi/?a=Get&appid=201586485090108670&c=Local&name=list&nonce_str=oxbpjr55ym89xz8q8pmsd8rufgcqvy0n&time_stamp=1448738971&version=1.0
INFO: [ app_init ] --START--
INFO: Run Behavior\BuildLiteBehavior [ RunTime:0.000017s ]
INFO: [ app_init ] --END-- [ RunTime:0.000096s ]
INFO: [ app_begin ] --START--
INFO: Run Behavior\ReadHtmlCacheBehavior [ RunTime:0.000821s ]
INFO: [ app_begin ] --END-- [ RunTime:0.000938s ]
NOTIC: [2048] Declaration of Home\Controller\LocalController::Get() should be compatible with that of Think\Controller::get() D:\wamp\www\guoji\vshop\CacheApi\Cache\Home\Controller\LocalController.class.php 第 4 行.
SQL: SHOW COLUMNS FROM `zy_api` [ RunTime:0.0043s ]
SQL: SELECT * FROM `zy_api` WHERE `py_name` = 'cache' AND `appid` = '201586485090108670' LIMIT 1   [ RunTime:0.0003s ]

[ 2015-11-29T03:31:08+08:00 ] 127.0.0.1 /guoji/vshop/CacheApi/?a=Get&appid=201586485090108670&c=Local&name=list&nonce_str=tplhgvvl2tv30dcpqheurvlarrl1hz6l&time_stamp=1448739068&version=1.0
INFO: [ app_init ] --START--
INFO: Run Behavior\BuildLiteBehavior [ RunTime:0.000017s ]
INFO: [ app_init ] --END-- [ RunTime:0.000098s ]
INFO: [ app_begin ] --START--
INFO: Run Behavior\ReadHtmlCacheBehavior [ RunTime:0.001246s ]
INFO: [ app_begin ] --END-- [ RunTime:0.001349s ]
NOTIC: [2048] Declaration of Home\Controller\LocalController::Get() should be compatible with that of Think\Controller::get() D:\wamp\www\guoji\vshop\CacheApi\Cache\Home\Controller\LocalController.class.php 第 4 行.
SQL: SHOW COLUMNS FROM `zy_api` [ RunTime:0.0040s ]
SQL: SELECT * FROM `zy_api` WHERE `py_name` = 'cache' AND `appid` = '201586485090108670' LIMIT 1   [ RunTime:0.0002s ]

[ 2015-11-29T03:31:11+08:00 ] 127.0.0.1 /guoji/vshop/CacheApi/?a=Get&appid=201586485090108670&c=Local&name=list&nonce_str=tog6d31450tu19wj5l56lwsdpdounb3a&time_stamp=1448739071&version=1.0
INFO: [ app_init ] --START--
INFO: Run Behavior\BuildLiteBehavior [ RunTime:0.000017s ]
INFO: [ app_init ] --END-- [ RunTime:0.000095s ]
INFO: [ app_begin ] --START--
INFO: Run Behavior\ReadHtmlCacheBehavior [ RunTime:0.000832s ]
INFO: [ app_begin ] --END-- [ RunTime:0.000940s ]
NOTIC: [2048] Declaration of Home\Controller\LocalController::Get() should be compatible with that of Think\Controller::get() D:\wamp\www\guoji\vshop\CacheApi\Cache\Home\Controller\LocalController.class.php 第 4 行.
SQL: SHOW COLUMNS FROM `zy_api` [ RunTime:0.0040s ]
SQL: SELECT * FROM `zy_api` WHERE `py_name` = 'cache' AND `appid` = '201586485090108670' LIMIT 1   [ RunTime:0.0003s ]

[ 2015-11-29T03:31:13+08:00 ] 127.0.0.1 /guoji/vshop/CacheApi/?a=Get&appid=201586485090108670&c=Local&name=list&nonce_str=wiro5avvoyb3p55sfeaakv6engya9geg&time_stamp=1448739073&version=1.0
INFO: [ app_init ] --START--
INFO: Run Behavior\BuildLiteBehavior [ RunTime:0.000018s ]
INFO: [ app_init ] --END-- [ RunTime:0.000097s ]
INFO: [ app_begin ] --START--
INFO: Run Behavior\ReadHtmlCacheBehavior [ RunTime:0.000856s ]
INFO: [ app_begin ] --END-- [ RunTime:0.000965s ]
NOTIC: [2048] Declaration of Home\Controller\LocalController::Get() should be compatible with that of Think\Controller::get() D:\wamp\www\guoji\vshop\CacheApi\Cache\Home\Controller\LocalController.class.php 第 4 行.
SQL: SHOW COLUMNS FROM `zy_api` [ RunTime:0.0042s ]
SQL: SELECT * FROM `zy_api` WHERE `py_name` = 'cache' AND `appid` = '201586485090108670' LIMIT 1   [ RunTime:0.0002s ]

[ 2015-11-29T03:31:44+08:00 ] 127.0.0.1 /guoji/vshop/CacheApi/?a=Get&appid=201586485090108670&c=Local&name=list&nonce_str=jkz60rxz4oi92chm7zcsfaq1w2ql76uk&time_stamp=1448739104&version=1.0
INFO: [ app_init ] --START--
INFO: Run Behavior\BuildLiteBehavior [ RunTime:0.000017s ]
INFO: [ app_init ] --END-- [ RunTime:0.000097s ]
INFO: [ app_begin ] --START--
INFO: Run Behavior\ReadHtmlCacheBehavior [ RunTime:0.000792s ]
INFO: [ app_begin ] --END-- [ RunTime:0.000900s ]
NOTIC: [2048] Declaration of Home\Controller\LocalController::Get() should be compatible with that of Think\Controller::get() D:\wamp\www\guoji\vshop\CacheApi\Cache\Home\Controller\LocalController.class.php 第 4 行.
SQL: SHOW COLUMNS FROM `zy_api` [ RunTime:0.0039s ]
SQL: SELECT * FROM `zy_api` WHERE `py_name` = 'cache' AND `appid` = '201586485090108670' LIMIT 1   [ RunTime:0.0003s ]

[ 2015-11-29T03:31:47+08:00 ] 127.0.0.1 /guoji/vshop/CacheApi/?a=Get&appid=201586485090108670&c=Local&name=list&nonce_str=cf8zkjasb11vfbfwxe77suweuxc0gviz&time_stamp=1448739107&version=1.0
INFO: [ app_init ] --START--
INFO: Run Behavior\BuildLiteBehavior [ RunTime:0.000016s ]
INFO: [ app_init ] --END-- [ RunTime:0.000092s ]
INFO: [ app_begin ] --START--
INFO: Run Behavior\ReadHtmlCacheBehavior [ RunTime:0.001269s ]
INFO: [ app_begin ] --END-- [ RunTime:0.001381s ]
NOTIC: [2048] Declaration of Home\Controller\LocalController::Get() should be compatible with that of Think\Controller::get() D:\wamp\www\guoji\vshop\CacheApi\Cache\Home\Controller\LocalController.class.php 第 4 行.
SQL: SHOW COLUMNS FROM `zy_api` [ RunTime:0.0040s ]
SQL: SELECT * FROM `zy_api` WHERE `py_name` = 'cache' AND `appid` = '201586485090108670' LIMIT 1   [ RunTime:0.0003s ]

[ 2015-11-29T03:31:52+08:00 ] 127.0.0.1 /guoji/vshop/CacheApi/?a=Get&appid=201586485090108670&c=Local&name=list&nonce_str=hyadsaub8wt57ipnsbq7j22lmru8duqb&time_stamp=1448739112&version=1.0
INFO: [ app_init ] --START--
INFO: Run Behavior\BuildLiteBehavior [ RunTime:0.000020s ]
INFO: [ app_init ] --END-- [ RunTime:0.000102s ]
INFO: [ app_begin ] --START--
INFO: Run Behavior\ReadHtmlCacheBehavior [ RunTime:0.001315s ]
INFO: [ app_begin ] --END-- [ RunTime:0.001400s ]
NOTIC: [2048] Declaration of Home\Controller\LocalController::Get() should be compatible with that of Think\Controller::get() D:\wamp\www\guoji\vshop\CacheApi\Cache\Home\Controller\LocalController.class.php 第 4 行.
SQL: SHOW COLUMNS FROM `zy_api` [ RunTime:0.0041s ]
SQL: SELECT * FROM `zy_api` WHERE `py_name` = 'cache' AND `appid` = '201586485090108670' LIMIT 1   [ RunTime:0.0003s ]

[ 2015-11-29T03:31:53+08:00 ] 127.0.0.1 /guoji/vshop/CacheApi/?a=Get&appid=201586485090108670&c=Local&name=list&nonce_str=u1k9bvb99rqp4iks74jx32ly3b7gc7r1&time_stamp=1448739112&version=1.0
INFO: [ app_init ] --START--
INFO: Run Behavior\BuildLiteBehavior [ RunTime:0.000020s ]
INFO: [ app_init ] --END-- [ RunTime:0.000106s ]
INFO: [ app_begin ] --START--
INFO: Run Behavior\ReadHtmlCacheBehavior [ RunTime:0.000798s ]
INFO: [ app_begin ] --END-- [ RunTime:0.000880s ]
NOTIC: [2048] Declaration of Home\Controller\LocalController::Get() should be compatible with that of Think\Controller::get() D:\wamp\www\guoji\vshop\CacheApi\Cache\Home\Controller\LocalController.class.php 第 4 行.
SQL: SHOW COLUMNS FROM `zy_api` [ RunTime:0.0043s ]
SQL: SELECT * FROM `zy_api` WHERE `py_name` = 'cache' AND `appid` = '201586485090108670' LIMIT 1   [ RunTime:0.0003s ]

[ 2015-11-29T03:31:53+08:00 ] 127.0.0.1 /guoji/vshop/CacheApi/?a=Get&appid=201586485090108670&c=Local&name=list&nonce_str=br0ygh2iyzasmns8isyxv2gavmwmvt1f&time_stamp=1448739113&version=1.0
INFO: [ app_init ] --START--
INFO: Run Behavior\BuildLiteBehavior [ RunTime:0.000034s ]
INFO: [ app_init ] --END-- [ RunTime:0.000139s ]
INFO: [ app_begin ] --START--
INFO: Run Behavior\ReadHtmlCacheBehavior [ RunTime:0.000792s ]
INFO: [ app_begin ] --END-- [ RunTime:0.000879s ]
NOTIC: [2048] Declaration of Home\Controller\LocalController::Get() should be compatible with that of Think\Controller::get() D:\wamp\www\guoji\vshop\CacheApi\Cache\Home\Controller\LocalController.class.php 第 4 行.
SQL: SHOW COLUMNS FROM `zy_api` [ RunTime:0.0040s ]
SQL: SELECT * FROM `zy_api` WHERE `py_name` = 'cache' AND `appid` = '201586485090108670' LIMIT 1   [ RunTime:0.0002s ]

[ 2015-11-29T03:35:09+08:00 ] 127.0.0.1 /guoji/vshop/CacheApi/?a=Get&appid=201586485090108670&c=Local&name=list&nonce_str=odiazpdlue4thcjyvktttsfh468jyb6q&time_stamp=1448739309&version=1.0
INFO: [ app_init ] --START--
INFO: Run Behavior\BuildLiteBehavior [ RunTime:0.000018s ]
INFO: [ app_init ] --END-- [ RunTime:0.000106s ]
INFO: [ app_begin ] --START--
INFO: Run Behavior\ReadHtmlCacheBehavior [ RunTime:0.001296s ]
INFO: [ app_begin ] --END-- [ RunTime:0.001378s ]
NOTIC: [2048] Declaration of Home\Controller\LocalController::Get() should be compatible with that of Think\Controller::get() D:\wamp\www\guoji\vshop\CacheApi\Cache\Home\Controller\LocalController.class.php 第 4 行.
SQL: SHOW COLUMNS FROM `zy_api` [ RunTime:0.0041s ]
SQL: SELECT * FROM `zy_api` WHERE `py_name` = 'cache' AND `appid` = '201586485090108670' LIMIT 1   [ RunTime:0.0003s ]

[ 2015-11-29T03:35:17+08:00 ] 127.0.0.1 /guoji/vshop/CacheApi/?a=Get&appid=201586485090108670&c=Local&name=list&nonce_str=5z7jpirofdnvn0rxu7tqprt7xabszpf1&time_stamp=1448739317&version=1.0
INFO: [ app_init ] --START--
INFO: Run Behavior\BuildLiteBehavior [ RunTime:0.000017s ]
INFO: [ app_init ] --END-- [ RunTime:0.000116s ]
INFO: [ app_begin ] --START--
INFO: Run Behavior\ReadHtmlCacheBehavior [ RunTime:0.000795s ]
INFO: [ app_begin ] --END-- [ RunTime:0.000874s ]
NOTIC: [2048] Declaration of Home\Controller\LocalController::Get() should be compatible with that of Think\Controller::get() D:\wamp\www\guoji\vshop\CacheApi\Cache\Home\Controller\LocalController.class.php 第 4 行.
SQL: SHOW COLUMNS FROM `zy_api` [ RunTime:0.0040s ]
SQL: SELECT * FROM `zy_api` WHERE `py_name` = 'cache' AND `appid` = '201586485090108670' LIMIT 1   [ RunTime:0.0003s ]

[ 2015-11-29T03:35:18+08:00 ] 127.0.0.1 /guoji/vshop/CacheApi/?a=Get&appid=201586485090108670&c=Local&name=list&nonce_str=c3v4ti41avgqjo88xy4lay573qv5h31u&time_stamp=1448739317&version=1.0
INFO: [ app_init ] --START--
INFO: Run Behavior\BuildLiteBehavior [ RunTime:0.000018s ]
INFO: [ app_init ] --END-- [ RunTime:0.000108s ]
INFO: [ app_begin ] --START--
INFO: Run Behavior\ReadHtmlCacheBehavior [ RunTime:0.000813s ]
INFO: [ app_begin ] --END-- [ RunTime:0.000892s ]
NOTIC: [2048] Declaration of Home\Controller\LocalController::Get() should be compatible with that of Think\Controller::get() D:\wamp\www\guoji\vshop\CacheApi\Cache\Home\Controller\LocalController.class.php 第 4 行.
SQL: SHOW COLUMNS FROM `zy_api` [ RunTime:0.0041s ]
SQL: SELECT * FROM `zy_api` WHERE `py_name` = 'cache' AND `appid` = '201586485090108670' LIMIT 1   [ RunTime:0.0003s ]

[ 2015-11-29T03:35:19+08:00 ] 127.0.0.1 /guoji/vshop/CacheApi/?a=Get&appid=201586485090108670&c=Local&name=list&nonce_str=om7tgjb7u7k1891jr7wnrw73gdj1tx14&time_stamp=1448739319&version=1.0
INFO: [ app_init ] --START--
INFO: Run Behavior\BuildLiteBehavior [ RunTime:0.000019s ]
INFO: [ app_init ] --END-- [ RunTime:0.000107s ]
INFO: [ app_begin ] --START--
INFO: Run Behavior\ReadHtmlCacheBehavior [ RunTime:0.001363s ]
INFO: [ app_begin ] --END-- [ RunTime:0.001452s ]
NOTIC: [2048] Declaration of Home\Controller\LocalController::Get() should be compatible with that of Think\Controller::get() D:\wamp\www\guoji\vshop\CacheApi\Cache\Home\Controller\LocalController.class.php 第 4 行.
SQL: SHOW COLUMNS FROM `zy_api` [ RunTime:0.0042s ]
SQL: SELECT * FROM `zy_api` WHERE `py_name` = 'cache' AND `appid` = '201586485090108670' LIMIT 1   [ RunTime:0.0002s ]

[ 2015-11-29T03:35:30+08:00 ] 127.0.0.1 /guoji/vshop/CacheApi/?a=Get&appid=201586485090108670&c=Local&name=list&nonce_str=jqinjvt2b2vnj6vjk461farpj6z0291f&time_stamp=1448739330&version=1.0
INFO: [ app_init ] --START--
INFO: Run Behavior\BuildLiteBehavior [ RunTime:0.000018s ]
INFO: [ app_init ] --END-- [ RunTime:0.000102s ]
INFO: [ app_begin ] --START--
INFO: Run Behavior\ReadHtmlCacheBehavior [ RunTime:0.001243s ]
INFO: [ app_begin ] --END-- [ RunTime:0.001327s ]
NOTIC: [2048] Declaration of Home\Controller\LocalController::Get() should be compatible with that of Think\Controller::get() D:\wamp\www\guoji\vshop\CacheApi\Cache\Home\Controller\LocalController.class.php 第 4 行.
SQL: SHOW COLUMNS FROM `zy_api` [ RunTime:0.0041s ]
SQL: SELECT * FROM `zy_api` WHERE `py_name` = 'cache' AND `appid` = '201586485090108670' LIMIT 1   [ RunTime:0.0003s ]

[ 2015-11-29T03:36:33+08:00 ] 127.0.0.1 /guoji/vshop/CacheApi/?a=Get&appid=201586485090108670&c=Local&name=list&nonce_str=174vzngen8raa0n2hlc7l06bns1fitw9&time_stamp=1448739393&version=1.0
INFO: [ app_init ] --START--
INFO: Run Behavior\BuildLiteBehavior [ RunTime:0.000027s ]
INFO: [ app_init ] --END-- [ RunTime:0.000154s ]
INFO: [ app_begin ] --START--
INFO: Run Behavior\ReadHtmlCacheBehavior [ RunTime:0.000804s ]
INFO: [ app_begin ] --END-- [ RunTime:0.000887s ]
NOTIC: [2048] Declaration of Home\Controller\LocalController::Get() should be compatible with that of Think\Controller::get() D:\wamp\www\guoji\vshop\CacheApi\Cache\Home\Controller\LocalController.class.php 第 4 行.
SQL: SHOW COLUMNS FROM `zy_api` [ RunTime:0.0043s ]
SQL: SELECT * FROM `zy_api` WHERE `py_name` = 'cache' AND `appid` = '201586485090108670' LIMIT 1   [ RunTime:0.0003s ]

[ 2015-11-29T03:36:36+08:00 ] 127.0.0.1 /guoji/vshop/CacheApi/?a=Get&appid=201586485090108670&c=Local&name=list&nonce_str=n5rrioiegaxpatc96vhguluyfktaxn98&time_stamp=1448739396&version=1.0
INFO: [ app_init ] --START--
INFO: Run Behavior\BuildLiteBehavior [ RunTime:0.000018s ]
INFO: [ app_init ] --END-- [ RunTime:0.000108s ]
INFO: [ app_begin ] --START--
INFO: Run Behavior\ReadHtmlCacheBehavior [ RunTime:0.000974s ]
INFO: [ app_begin ] --END-- [ RunTime:0.001062s ]
NOTIC: [2048] Declaration of Home\Controller\LocalController::Get() should be compatible with that of Think\Controller::get() D:\wamp\www\guoji\vshop\CacheApi\Cache\Home\Controller\LocalController.class.php 第 4 行.
SQL: SHOW COLUMNS FROM `zy_api` [ RunTime:0.0042s ]
SQL: SELECT * FROM `zy_api` WHERE `py_name` = 'cache' AND `appid` = '201586485090108670' LIMIT 1   [ RunTime:0.0002s ]

[ 2015-11-29T03:36:50+08:00 ] 127.0.0.1 /guoji/vshop/CacheApi/?a=Get&appid=201586485090108670&c=Local&name=list&nonce_str=njeirn973wpw96cogfa4mez9r5sztsl6&time_stamp=1448739410&version=1.0
INFO: [ app_init ] --START--
INFO: Run Behavior\BuildLiteBehavior [ RunTime:0.000020s ]
INFO: [ app_init ] --END-- [ RunTime:0.000134s ]
INFO: [ app_begin ] --START--
INFO: Run Behavior\ReadHtmlCacheBehavior [ RunTime:0.001288s ]
INFO: [ app_begin ] --END-- [ RunTime:0.001380s ]
NOTIC: [2048] Declaration of Home\Controller\LocalController::Get() should be compatible with that of Think\Controller::get() D:\wamp\www\guoji\vshop\CacheApi\Cache\Home\Controller\LocalController.class.php 第 4 行.
SQL: SHOW COLUMNS FROM `zy_api` [ RunTime:0.0041s ]
SQL: SELECT * FROM `zy_api` WHERE `py_name` = 'cache' AND `appid` = '201586485090108670' LIMIT 1   [ RunTime:0.0003s ]

[ 2015-11-29T03:36:50+08:00 ] 127.0.0.1 /guoji/vshop/CacheApi/?a=Get&appid=201586485090108670&c=Local&name=list&nonce_str=epebjlydyl0ycped3i6hn4ocim18sfdh&time_stamp=1448739410&version=1.0
INFO: [ app_init ] --START--
INFO: Run Behavior\BuildLiteBehavior [ RunTime:0.000018s ]
INFO: [ app_init ] --END-- [ RunTime:0.000109s ]
INFO: [ app_begin ] --START--
INFO: Run Behavior\ReadHtmlCacheBehavior [ RunTime:0.000870s ]
INFO: [ app_begin ] --END-- [ RunTime:0.000952s ]
NOTIC: [2048] Declaration of Home\Controller\LocalController::Get() should be compatible with that of Think\Controller::get() D:\wamp\www\guoji\vshop\CacheApi\Cache\Home\Controller\LocalController.class.php 第 4 行.
SQL: SHOW COLUMNS FROM `zy_api` [ RunTime:0.0040s ]
SQL: SELECT * FROM `zy_api` WHERE `py_name` = 'cache' AND `appid` = '201586485090108670' LIMIT 1   [ RunTime:0.0003s ]

[ 2015-11-29T03:36:51+08:00 ] 127.0.0.1 /guoji/vshop/CacheApi/?a=Get&appid=201586485090108670&c=Local&name=list&nonce_str=9bsxecpw6ttkd7xhtqjs12qnpjsx2mxt&time_stamp=1448739411&version=1.0
INFO: [ app_init ] --START--
INFO: Run Behavior\BuildLiteBehavior [ RunTime:0.000017s ]
INFO: [ app_init ] --END-- [ RunTime:0.000106s ]
INFO: [ app_begin ] --START--
INFO: Run Behavior\ReadHtmlCacheBehavior [ RunTime:0.000915s ]
INFO: [ app_begin ] --END-- [ RunTime:0.001017s ]
NOTIC: [2048] Declaration of Home\Controller\LocalController::Get() should be compatible with that of Think\Controller::get() D:\wamp\www\guoji\vshop\CacheApi\Cache\Home\Controller\LocalController.class.php 第 4 行.
SQL: SHOW COLUMNS FROM `zy_api` [ RunTime:0.0041s ]
SQL: SELECT * FROM `zy_api` WHERE `py_name` = 'cache' AND `appid` = '201586485090108670' LIMIT 1   [ RunTime:0.0003s ]

[ 2015-11-29T03:36:51+08:00 ] 127.0.0.1 /guoji/vshop/CacheApi/?a=Get&appid=201586485090108670&c=Local&name=list&nonce_str=lo2w6xmuoqfok329znnvh1lej8nkits2&time_stamp=1448739411&version=1.0
INFO: [ app_init ] --START--
INFO: Run Behavior\BuildLiteBehavior [ RunTime:0.000019s ]
INFO: [ app_init ] --END-- [ RunTime:0.000114s ]
INFO: [ app_begin ] --START--
INFO: Run Behavior\ReadHtmlCacheBehavior [ RunTime:0.000848s ]
INFO: [ app_begin ] --END-- [ RunTime:0.000948s ]
NOTIC: [2048] Declaration of Home\Controller\LocalController::Get() should be compatible with that of Think\Controller::get() D:\wamp\www\guoji\vshop\CacheApi\Cache\Home\Controller\LocalController.class.php 第 4 行.
SQL: SHOW COLUMNS FROM `zy_api` [ RunTime:0.0043s ]
SQL: SELECT * FROM `zy_api` WHERE `py_name` = 'cache' AND `appid` = '201586485090108670' LIMIT 1   [ RunTime:0.0003s ]

[ 2015-11-29T03:36:52+08:00 ] 127.0.0.1 /guoji/vshop/CacheApi/?a=Get&appid=201586485090108670&c=Local&name=list&nonce_str=mpk9uqe4r7owmikkjtr0o4aj11yqjsm0&time_stamp=1448739412&version=1.0
INFO: [ app_init ] --START--
INFO: Run Behavior\BuildLiteBehavior [ RunTime:0.000018s ]
INFO: [ app_init ] --END-- [ RunTime:0.000106s ]
INFO: [ app_begin ] --START--
INFO: Run Behavior\ReadHtmlCacheBehavior [ RunTime:0.000907s ]
INFO: [ app_begin ] --END-- [ RunTime:0.000998s ]
NOTIC: [2048] Declaration of Home\Controller\LocalController::Get() should be compatible with that of Think\Controller::get() D:\wamp\www\guoji\vshop\CacheApi\Cache\Home\Controller\LocalController.class.php 第 4 行.
SQL: SHOW COLUMNS FROM `zy_api` [ RunTime:0.0041s ]
SQL: SELECT * FROM `zy_api` WHERE `py_name` = 'cache' AND `appid` = '201586485090108670' LIMIT 1   [ RunTime:0.0003s ]

[ 2015-11-29T03:36:55+08:00 ] 127.0.0.1 /guoji/vshop/CacheApi/?a=Get&appid=201586485090108670&c=Local&name=list&nonce_str=iajx3n3z478c38z8kr78ez3iaegw0ndf&time_stamp=1448739414&version=1.0
INFO: [ app_init ] --START--
INFO: Run Behavior\BuildLiteBehavior [ RunTime:0.000020s ]
INFO: [ app_init ] --END-- [ RunTime:0.000115s ]
INFO: [ app_begin ] --START--
INFO: Run Behavior\ReadHtmlCacheBehavior [ RunTime:0.000816s ]
INFO: [ app_begin ] --END-- [ RunTime:0.000905s ]
NOTIC: [2048] Declaration of Home\Controller\LocalController::Get() should be compatible with that of Think\Controller::get() D:\wamp\www\guoji\vshop\CacheApi\Cache\Home\Controller\LocalController.class.php 第 4 行.
SQL: SHOW COLUMNS FROM `zy_api` [ RunTime:0.0042s ]
SQL: SELECT * FROM `zy_api` WHERE `py_name` = 'cache' AND `appid` = '201586485090108670' LIMIT 1   [ RunTime:0.0002s ]

[ 2015-11-29T03:37:07+08:00 ] 127.0.0.1 /guoji/vshop/CacheApi/?a=Get&appid=201586485090108670&c=Local&name=list&nonce_str=2qrhno6i38uxjy3w6q99sq1urfzi250h&time_stamp=1448739427&version=1.0
INFO: [ app_init ] --START--
INFO: Run Behavior\BuildLiteBehavior [ RunTime:0.000016s ]
INFO: [ app_init ] --END-- [ RunTime:0.000103s ]
INFO: [ app_begin ] --START--
INFO: Run Behavior\ReadHtmlCacheBehavior [ RunTime:0.000805s ]
INFO: [ app_begin ] --END-- [ RunTime:0.000891s ]
NOTIC: [2048] Declaration of Home\Controller\LocalController::Get() should be compatible with that of Think\Controller::get() D:\wamp\www\guoji\vshop\CacheApi\Cache\Home\Controller\LocalController.class.php 第 4 行.
SQL: SHOW COLUMNS FROM `zy_api` [ RunTime:0.0044s ]
SQL: SELECT * FROM `zy_api` WHERE `py_name` = 'cache' AND `appid` = '201586485090108670' LIMIT 1   [ RunTime:0.0003s ]

[ 2015-11-29T03:37:59+08:00 ] 127.0.0.1 /guoji/vshop/CacheApi/?a=Get&appid=201586485090108670&c=Local&name=list&nonce_str=khnv6vp4iz5fbg9l6ae481knb8fjt31n&time_stamp=1448739479&version=1.0
INFO: [ app_init ] --START--
INFO: Run Behavior\BuildLiteBehavior [ RunTime:0.000018s ]
INFO: [ app_init ] --END-- [ RunTime:0.000100s ]
INFO: [ app_begin ] --START--
INFO: Run Behavior\ReadHtmlCacheBehavior [ RunTime:0.001226s ]
INFO: [ app_begin ] --END-- [ RunTime:0.001306s ]
NOTIC: [2048] Declaration of Home\Controller\LocalController::Get() should be compatible with that of Think\Controller::get() D:\wamp\www\guoji\vshop\CacheApi\Cache\Home\Controller\LocalController.class.php 第 4 行.
SQL: SHOW COLUMNS FROM `zy_api` [ RunTime:0.0040s ]
SQL: SELECT * FROM `zy_api` WHERE `py_name` = 'cache' AND `appid` = '201586485090108670' LIMIT 1   [ RunTime:0.0004s ]

[ 2015-11-29T03:38:00+08:00 ] 127.0.0.1 /guoji/vshop/CacheApi/?a=Get&appid=201586485090108670&c=Local&name=list&nonce_str=yv3z64tqe41li6ofnj4brervmgmn1o9r&time_stamp=1448739480&version=1.0
INFO: [ app_init ] --START--
INFO: Run Behavior\BuildLiteBehavior [ RunTime:0.000019s ]
INFO: [ app_init ] --END-- [ RunTime:0.000111s ]
INFO: [ app_begin ] --START--
INFO: Run Behavior\ReadHtmlCacheBehavior [ RunTime:0.001357s ]
INFO: [ app_begin ] --END-- [ RunTime:0.001461s ]
NOTIC: [2048] Declaration of Home\Controller\LocalController::Get() should be compatible with that of Think\Controller::get() D:\wamp\www\guoji\vshop\CacheApi\Cache\Home\Controller\LocalController.class.php 第 4 行.
SQL: SHOW COLUMNS FROM `zy_api` [ RunTime:0.0047s ]
SQL: SELECT * FROM `zy_api` WHERE `py_name` = 'cache' AND `appid` = '201586485090108670' LIMIT 1   [ RunTime:0.0003s ]

[ 2015-11-29T03:38:02+08:00 ] 127.0.0.1 /guoji/vshop/CacheApi/?a=Get&appid=201586485090108670&c=Local&name=list&nonce_str=w6jeimhoa12ue6wpp5l4s0x9jzsmzfq6&time_stamp=1448739482&version=1.0
INFO: [ app_init ] --START--
INFO: Run Behavior\BuildLiteBehavior [ RunTime:0.000018s ]
INFO: [ app_init ] --END-- [ RunTime:0.000107s ]
INFO: [ app_begin ] --START--
INFO: Run Behavior\ReadHtmlCacheBehavior [ RunTime:0.000815s ]
INFO: [ app_begin ] --END-- [ RunTime:0.000894s ]
NOTIC: [2048] Declaration of Home\Controller\LocalController::Get() should be compatible with that of Think\Controller::get() D:\wamp\www\guoji\vshop\CacheApi\Cache\Home\Controller\LocalController.class.php 第 4 行.
SQL: SHOW COLUMNS FROM `zy_api` [ RunTime:0.0045s ]
SQL: SELECT * FROM `zy_api` WHERE `py_name` = 'cache' AND `appid` = '201586485090108670' LIMIT 1   [ RunTime:0.0003s ]

[ 2015-11-29T03:38:29+08:00 ] 127.0.0.1 /guoji/vshop/CacheApi/?a=Get&appid=201586485090108670&c=Local&name=list&nonce_str=k3ho9yg7tv7gt66cfe4nk9lrsryf2miq&time_stamp=1448739509&version=1.0
INFO: [ app_init ] --START--
INFO: Run Behavior\BuildLiteBehavior [ RunTime:0.000028s ]
INFO: [ app_init ] --END-- [ RunTime:0.000163s ]
INFO: [ app_begin ] --START--
INFO: Run Behavior\ReadHtmlCacheBehavior [ RunTime:0.000878s ]
INFO: [ app_begin ] --END-- [ RunTime:0.000978s ]
NOTIC: [2048] Declaration of Home\Controller\LocalController::Get() should be compatible with that of Think\Controller::get() D:\wamp\www\guoji\vshop\CacheApi\Cache\Home\Controller\LocalController.class.php 第 4 行.
SQL: SHOW COLUMNS FROM `zy_api` [ RunTime:0.0048s ]
SQL: SELECT * FROM `zy_api` WHERE `py_name` = 'cache' AND `appid` = '201586485090108670' LIMIT 1   [ RunTime:0.0005s ]

[ 2015-11-29T03:40:18+08:00 ] 127.0.0.1 /guoji/vshop/CacheApi/?a=Get&appid=201586485090108670&c=Local&name=list&nonce_str=cv8nqqb3yz31h68m9nzg9li0s38huu7f&time_stamp=1448739618&version=1.0
INFO: [ app_init ] --START--
INFO: Run Behavior\BuildLiteBehavior [ RunTime:0.000018s ]
INFO: [ app_init ] --END-- [ RunTime:0.000110s ]
INFO: [ app_begin ] --START--
INFO: Run Behavior\ReadHtmlCacheBehavior [ RunTime:0.001246s ]
INFO: [ app_begin ] --END-- [ RunTime:0.001329s ]
NOTIC: [2048] Declaration of Home\Controller\LocalController::Get() should be compatible with that of Think\Controller::get() D:\wamp\www\guoji\vshop\CacheApi\Cache\Home\Controller\LocalController.class.php 第 4 行.
SQL: SHOW COLUMNS FROM `zy_api` [ RunTime:0.0042s ]
SQL: SELECT * FROM `zy_api` WHERE `py_name` = 'cache' AND `appid` = '201586485090108670' LIMIT 1   [ RunTime:0.0003s ]

[ 2015-11-29T03:40:20+08:00 ] 127.0.0.1 /guoji/vshop/CacheApi/?a=Get&appid=201586485090108670&c=Local&name=list&nonce_str=iacs2hefjqrk64opnriy30apcj234cou&time_stamp=1448739620&version=1.0
INFO: [ app_init ] --START--
INFO: Run Behavior\BuildLiteBehavior [ RunTime:0.000018s ]
INFO: [ app_init ] --END-- [ RunTime:0.000101s ]
INFO: [ app_begin ] --START--
INFO: Run Behavior\ReadHtmlCacheBehavior [ RunTime:0.000807s ]
INFO: [ app_begin ] --END-- [ RunTime:0.000889s ]
NOTIC: [2048] Declaration of Home\Controller\LocalController::Get() should be compatible with that of Think\Controller::get() D:\wamp\www\guoji\vshop\CacheApi\Cache\Home\Controller\LocalController.class.php 第 4 行.
SQL: SHOW COLUMNS FROM `zy_api` [ RunTime:0.0040s ]
SQL: SELECT * FROM `zy_api` WHERE `py_name` = 'cache' AND `appid` = '201586485090108670' LIMIT 1   [ RunTime:0.0002s ]

[ 2015-11-29T03:40:23+08:00 ] 127.0.0.1 /guoji/vshop/CacheApi/?a=Get&appid=201586485090108670&c=Local&name=list&nonce_str=aw0wqplliu012af04vmgoxn3zchy4jut&time_stamp=1448739623&version=1.0
INFO: [ app_init ] --START--
INFO: Run Behavior\BuildLiteBehavior [ RunTime:0.000018s ]
INFO: [ app_init ] --END-- [ RunTime:0.000103s ]
INFO: [ app_begin ] --START--
INFO: Run Behavior\ReadHtmlCacheBehavior [ RunTime:0.001202s ]
INFO: [ app_begin ] --END-- [ RunTime:0.001303s ]
NOTIC: [2048] Declaration of Home\Controller\LocalController::Get() should be compatible with that of Think\Controller::get() D:\wamp\www\guoji\vshop\CacheApi\Cache\Home\Controller\LocalController.class.php 第 4 行.
SQL: SHOW COLUMNS FROM `zy_api` [ RunTime:0.0043s ]
SQL: SELECT * FROM `zy_api` WHERE `py_name` = 'cache' AND `appid` = '201586485090108670' LIMIT 1   [ RunTime:0.0003s ]

[ 2015-11-29T03:40:25+08:00 ] 127.0.0.1 /guoji/vshop/CacheApi/?a=Get&appid=201586485090108670&c=Local&name=list&nonce_str=eonknauynesqp4q7zs4d1yj0h94h8a2y&time_stamp=1448739625&version=1.0
INFO: [ app_init ] --START--
INFO: Run Behavior\BuildLiteBehavior [ RunTime:0.000017s ]
INFO: [ app_init ] --END-- [ RunTime:0.000102s ]
INFO: [ app_begin ] --START--
INFO: Run Behavior\ReadHtmlCacheBehavior [ RunTime:0.000800s ]
INFO: [ app_begin ] --END-- [ RunTime:0.000882s ]
NOTIC: [2048] Declaration of Home\Controller\LocalController::Get() should be compatible with that of Think\Controller::get() D:\wamp\www\guoji\vshop\CacheApi\Cache\Home\Controller\LocalController.class.php 第 4 行.
SQL: SHOW COLUMNS FROM `zy_api` [ RunTime:0.0043s ]
SQL: SELECT * FROM `zy_api` WHERE `py_name` = 'cache' AND `appid` = '201586485090108670' LIMIT 1   [ RunTime:0.0003s ]

[ 2015-11-29T03:40:31+08:00 ] 127.0.0.1 /guoji/vshop/CacheApi/?a=Get&appid=201586485090108670&c=Local&name=list&nonce_str=m8x2447dep115pfu0xr03naka2a8jq80&time_stamp=1448739631&version=1.0
INFO: [ app_init ] --START--
INFO: Run Behavior\BuildLiteBehavior [ RunTime:0.000017s ]
INFO: [ app_init ] --END-- [ RunTime:0.000100s ]
INFO: [ app_begin ] --START--
INFO: Run Behavior\ReadHtmlCacheBehavior [ RunTime:0.000841s ]
INFO: [ app_begin ] --END-- [ RunTime:0.000922s ]
NOTIC: [2048] Declaration of Home\Controller\LocalController::Get() should be compatible with that of Think\Controller::get() D:\wamp\www\guoji\vshop\CacheApi\Cache\Home\Controller\LocalController.class.php 第 4 行.
SQL: SHOW COLUMNS FROM `zy_api` [ RunTime:0.0040s ]
SQL: SELECT * FROM `zy_api` WHERE `py_name` = 'cache' AND `appid` = '201586485090108670' LIMIT 1   [ RunTime:0.0002s ]

[ 2015-11-29T03:40:34+08:00 ] 127.0.0.1 /guoji/vshop/CacheApi/?a=Get&appid=201586485090108670&c=Local&name=list&nonce_str=zo9hfgveefi792xn8hm7iu2x6mjyibx1&time_stamp=1448739634&version=1.0
INFO: [ app_init ] --START--
INFO: Run Behavior\BuildLiteBehavior [ RunTime:0.000021s ]
INFO: [ app_init ] --END-- [ RunTime:0.000110s ]
INFO: [ app_begin ] --START--
INFO: Run Behavior\ReadHtmlCacheBehavior [ RunTime:0.000826s ]
INFO: [ app_begin ] --END-- [ RunTime:0.000908s ]
NOTIC: [2048] Declaration of Home\Controller\LocalController::Get() should be compatible with that of Think\Controller::get() D:\wamp\www\guoji\vshop\CacheApi\Cache\Home\Controller\LocalController.class.php 第 4 行.
SQL: SHOW COLUMNS FROM `zy_api` [ RunTime:0.0041s ]
SQL: SELECT * FROM `zy_api` WHERE `py_name` = 'cache' AND `appid` = '201586485090108670' LIMIT 1   [ RunTime:0.0002s ]

[ 2015-11-29T03:40:57+08:00 ] 127.0.0.1 /guoji/vshop/CacheApi/?a=Get&appid=201586485090108670&c=Local&name=list&nonce_str=a6qftw567j4vk7x4rfe4eb1lhgr9shc4&time_stamp=1448739656&version=1.0
INFO: [ app_init ] --START--
INFO: Run Behavior\BuildLiteBehavior [ RunTime:0.000018s ]
INFO: [ app_init ] --END-- [ RunTime:0.000102s ]
INFO: [ app_begin ] --START--
INFO: Run Behavior\ReadHtmlCacheBehavior [ RunTime:0.000875s ]
INFO: [ app_begin ] --END-- [ RunTime:0.000957s ]
NOTIC: [2048] Declaration of Home\Controller\LocalController::Get() should be compatible with that of Think\Controller::get() D:\wamp\www\guoji\vshop\CacheApi\Cache\Home\Controller\LocalController.class.php 第 4 行.
SQL: SHOW COLUMNS FROM `zy_api` [ RunTime:0.0041s ]
SQL: SELECT * FROM `zy_api` WHERE `py_name` = 'cache' AND `appid` = '201586485090108670' LIMIT 1   [ RunTime:0.0003s ]

[ 2015-11-29T03:41:00+08:00 ] 127.0.0.1 /guoji/vshop/CacheApi/?a=Get&appid=201586485090108670&c=Local&name=list&nonce_str=1on3bptn3lrirfcpimg1irrknk5sux1t&time_stamp=1448739660&version=1.0
INFO: [ app_init ] --START--
INFO: Run Behavior\BuildLiteBehavior [ RunTime:0.000019s ]
INFO: [ app_init ] --END-- [ RunTime:0.000115s ]
INFO: [ app_begin ] --START--
INFO: Run Behavior\ReadHtmlCacheBehavior [ RunTime:0.001116s ]
INFO: [ app_begin ] --END-- [ RunTime:0.001210s ]
NOTIC: [2048] Declaration of Home\Controller\LocalController::Get() should be compatible with that of Think\Controller::get() D:\wamp\www\guoji\vshop\CacheApi\Cache\Home\Controller\LocalController.class.php 第 4 行.
SQL: SHOW COLUMNS FROM `zy_api` [ RunTime:0.0041s ]
SQL: SELECT * FROM `zy_api` WHERE `py_name` = 'cache' AND `appid` = '201586485090108670' LIMIT 1   [ RunTime:0.0003s ]

[ 2015-11-29T03:42:05+08:00 ] 127.0.0.1 /guoji/vshop/CacheApi/?a=Get&appid=201586485090108670&c=Local&name=list&nonce_str=89124i33i8vk9zb0b4oycvqctt5axz3l&time_stamp=1448739725&version=1.0
INFO: [ app_init ] --START--
INFO: Run Behavior\BuildLiteBehavior [ RunTime:0.000020s ]
INFO: [ app_init ] --END-- [ RunTime:0.000106s ]
INFO: [ app_begin ] --START--
INFO: Run Behavior\ReadHtmlCacheBehavior [ RunTime:0.000823s ]
INFO: [ app_begin ] --END-- [ RunTime:0.000909s ]
NOTIC: [2048] Declaration of Home\Controller\LocalController::Get() should be compatible with that of Think\Controller::get() D:\wamp\www\guoji\vshop\CacheApi\Cache\Home\Controller\LocalController.class.php 第 4 行.
SQL: SHOW COLUMNS FROM `zy_api` [ RunTime:0.0039s ]
SQL: SELECT * FROM `zy_api` WHERE `py_name` = 'cache' AND `appid` = '201586485090108670' LIMIT 1   [ RunTime:0.0002s ]

[ 2015-11-29T03:43:40+08:00 ] 127.0.0.1 /guoji/vshop/CacheApi/?a=Get&appid=201586485090108670&c=Local&name=list&nonce_str=df0mbf3gpbdig866r0nsk2dunkd2e3lp&time_stamp=1448739820&version=1.0
INFO: [ app_init ] --START--
INFO: Run Behavior\BuildLiteBehavior [ RunTime:0.000018s ]
INFO: [ app_init ] --END-- [ RunTime:0.000104s ]
INFO: [ app_begin ] --START--
INFO: Run Behavior\ReadHtmlCacheBehavior [ RunTime:0.001344s ]
INFO: [ app_begin ] --END-- [ RunTime:0.001433s ]
NOTIC: [2048] Declaration of Home\Controller\LocalController::Get() should be compatible with that of Think\Controller::get() D:\wamp\www\guoji\vshop\CacheApi\Cache\Home\Controller\LocalController.class.php 第 4 行.
SQL: SHOW COLUMNS FROM `zy_api` [ RunTime:0.0039s ]
SQL: SELECT * FROM `zy_api` WHERE `py_name` = 'cache' AND `appid` = '201586485090108670' LIMIT 1   [ RunTime:0.0002s ]

[ 2015-11-29T03:43:41+08:00 ] 127.0.0.1 /guoji/vshop/CacheApi/?a=Get&appid=201586485090108670&c=Local&name=list&nonce_str=telogcwyhsn2nv90dwrf5v67w5dz9s0w&time_stamp=1448739821&version=1.0
INFO: [ app_init ] --START--
INFO: Run Behavior\BuildLiteBehavior [ RunTime:0.000019s ]
INFO: [ app_init ] --END-- [ RunTime:0.000102s ]
INFO: [ app_begin ] --START--
INFO: Run Behavior\ReadHtmlCacheBehavior [ RunTime:0.000809s ]
INFO: [ app_begin ] --END-- [ RunTime:0.000893s ]
NOTIC: [2048] Declaration of Home\Controller\LocalController::Get() should be compatible with that of Think\Controller::get() D:\wamp\www\guoji\vshop\CacheApi\Cache\Home\Controller\LocalController.class.php 第 4 行.
SQL: SHOW COLUMNS FROM `zy_api` [ RunTime:0.0040s ]
SQL: SELECT * FROM `zy_api` WHERE `py_name` = 'cache' AND `appid` = '201586485090108670' LIMIT 1   [ RunTime:0.0003s ]

[ 2015-11-29T03:43:42+08:00 ] 127.0.0.1 /guoji/vshop/CacheApi/?a=Get&appid=201586485090108670&c=Local&name=list&nonce_str=zy2ey1enkyo96cqwm4bpbnk6xnkmqxvd&time_stamp=1448739822&version=1.0
INFO: [ app_init ] --START--
INFO: Run Behavior\BuildLiteBehavior [ RunTime:0.000016s ]
INFO: [ app_init ] --END-- [ RunTime:0.000102s ]
INFO: [ app_begin ] --START--
INFO: Run Behavior\ReadHtmlCacheBehavior [ RunTime:0.000809s ]
INFO: [ app_begin ] --END-- [ RunTime:0.000890s ]
NOTIC: [2048] Declaration of Home\Controller\LocalController::Get() should be compatible with that of Think\Controller::get() D:\wamp\www\guoji\vshop\CacheApi\Cache\Home\Controller\LocalController.class.php 第 4 行.
SQL: SHOW COLUMNS FROM `zy_api` [ RunTime:0.0040s ]
SQL: SELECT * FROM `zy_api` WHERE `py_name` = 'cache' AND `appid` = '201586485090108670' LIMIT 1   [ RunTime:0.0003s ]

[ 2015-11-29T03:43:42+08:00 ] 127.0.0.1 /guoji/vshop/CacheApi/?a=Get&appid=201586485090108670&c=Local&name=list&nonce_str=uv76jv9gn1j2fm53284q8coll24ifawp&time_stamp=1448739822&version=1.0
INFO: [ app_init ] --START--
INFO: Run Behavior\BuildLiteBehavior [ RunTime:0.000018s ]
INFO: [ app_init ] --END-- [ RunTime:0.000125s ]
INFO: [ app_begin ] --START--
INFO: Run Behavior\ReadHtmlCacheBehavior [ RunTime:0.000845s ]
INFO: [ app_begin ] --END-- [ RunTime:0.000944s ]
NOTIC: [2048] Declaration of Home\Controller\LocalController::Get() should be compatible with that of Think\Controller::get() D:\wamp\www\guoji\vshop\CacheApi\Cache\Home\Controller\LocalController.class.php 第 4 行.
SQL: SHOW COLUMNS FROM `zy_api` [ RunTime:0.0039s ]
SQL: SELECT * FROM `zy_api` WHERE `py_name` = 'cache' AND `appid` = '201586485090108670' LIMIT 1   [ RunTime:0.0003s ]

[ 2015-11-29T03:43:55+08:00 ] 127.0.0.1 /guoji/vshop/CacheApi/?a=Get&appid=201586485090108670&c=Local&name=list&nonce_str=0ht2tztrm7iltjo17vhalcmkqakhhva7&time_stamp=1448739835&version=1.0
INFO: [ app_init ] --START--
INFO: Run Behavior\BuildLiteBehavior [ RunTime:0.000018s ]
INFO: [ app_init ] --END-- [ RunTime:0.000110s ]
INFO: [ app_begin ] --START--
INFO: Run Behavior\ReadHtmlCacheBehavior [ RunTime:0.000927s ]
INFO: [ app_begin ] --END-- [ RunTime:0.001025s ]
NOTIC: [2048] Declaration of Home\Controller\LocalController::Get() should be compatible with that of Think\Controller::get() D:\wamp\www\guoji\vshop\CacheApi\Cache\Home\Controller\LocalController.class.php 第 4 行.
SQL: SHOW COLUMNS FROM `zy_api` [ RunTime:0.0038s ]
SQL: SELECT * FROM `zy_api` WHERE `py_name` = 'cache' AND `appid` = '201586485090108670' LIMIT 1   [ RunTime:0.0002s ]

[ 2015-11-29T03:44:02+08:00 ] 127.0.0.1 /guoji/vshop/CacheApi/?a=Get&appid=201586485090108670&c=Local&name=list&nonce_str=uxxyql5gksj2m4fji8pq39x64s3hl2m2&time_stamp=1448739842&version=1.0
INFO: [ app_init ] --START--
INFO: Run Behavior\BuildLiteBehavior [ RunTime:0.000018s ]
INFO: [ app_init ] --END-- [ RunTime:0.000105s ]
INFO: [ app_begin ] --START--
INFO: Run Behavior\ReadHtmlCacheBehavior [ RunTime:0.000809s ]
INFO: [ app_begin ] --END-- [ RunTime:0.000892s ]
NOTIC: [2048] Declaration of Home\Controller\LocalController::Get() should be compatible with that of Think\Controller::get() D:\wamp\www\guoji\vshop\CacheApi\Cache\Home\Controller\LocalController.class.php 第 4 行.
SQL: SHOW COLUMNS FROM `zy_api` [ RunTime:0.0038s ]
SQL: SELECT * FROM `zy_api` WHERE `py_name` = 'cache' AND `appid` = '201586485090108670' LIMIT 1   [ RunTime:0.0002s ]

[ 2015-11-29T03:44:03+08:00 ] 127.0.0.1 /guoji/vshop/CacheApi/?a=Get&appid=201586485090108670&c=Local&name=list&nonce_str=javaa5z0lfb533ncs3ceb8oog4s3gw8h&time_stamp=1448739843&version=1.0
INFO: [ app_init ] --START--
INFO: Run Behavior\BuildLiteBehavior [ RunTime:0.000018s ]
INFO: [ app_init ] --END-- [ RunTime:0.000102s ]
INFO: [ app_begin ] --START--
INFO: Run Behavior\ReadHtmlCacheBehavior [ RunTime:0.000827s ]
INFO: [ app_begin ] --END-- [ RunTime:0.000910s ]
NOTIC: [2048] Declaration of Home\Controller\LocalController::Get() should be compatible with that of Think\Controller::get() D:\wamp\www\guoji\vshop\CacheApi\Cache\Home\Controller\LocalController.class.php 第 4 行.
SQL: SHOW COLUMNS FROM `zy_api` [ RunTime:0.0039s ]
SQL: SELECT * FROM `zy_api` WHERE `py_name` = 'cache' AND `appid` = '201586485090108670' LIMIT 1   [ RunTime:0.0003s ]

[ 2015-11-29T03:44:03+08:00 ] 127.0.0.1 /guoji/vshop/CacheApi/?a=Get&appid=201586485090108670&c=Local&name=list&nonce_str=wwotphgxr8quyj8w68yv8twiczx4by6n&time_stamp=1448739843&version=1.0
INFO: [ app_init ] --START--
INFO: Run Behavior\BuildLiteBehavior [ RunTime:0.000019s ]
INFO: [ app_init ] --END-- [ RunTime:0.000106s ]
INFO: [ app_begin ] --START--
INFO: Run Behavior\ReadHtmlCacheBehavior [ RunTime:0.000856s ]
INFO: [ app_begin ] --END-- [ RunTime:0.000942s ]
NOTIC: [2048] Declaration of Home\Controller\LocalController::Get() should be compatible with that of Think\Controller::get() D:\wamp\www\guoji\vshop\CacheApi\Cache\Home\Controller\LocalController.class.php 第 4 行.
SQL: SHOW COLUMNS FROM `zy_api` [ RunTime:0.0044s ]
SQL: SELECT * FROM `zy_api` WHERE `py_name` = 'cache' AND `appid` = '201586485090108670' LIMIT 1   [ RunTime:0.0003s ]

[ 2015-11-29T03:44:12+08:00 ] 127.0.0.1 /guoji/vshop/CacheApi/?a=Get&appid=201586485090108670&c=Local&name=list&nonce_str=z8gjsjoiuhy5ug94p9we1fu1vz79o777&time_stamp=1448739851&version=1.0
INFO: [ app_init ] --START--
INFO: Run Behavior\BuildLiteBehavior [ RunTime:0.000018s ]
INFO: [ app_init ] --END-- [ RunTime:0.000108s ]
INFO: [ app_begin ] --START--
INFO: Run Behavior\ReadHtmlCacheBehavior [ RunTime:0.000837s ]
INFO: [ app_begin ] --END-- [ RunTime:0.000923s ]
NOTIC: [2048] Declaration of Home\Controller\LocalController::Get() should be compatible with that of Think\Controller::get() D:\wamp\www\guoji\vshop\CacheApi\Cache\Home\Controller\LocalController.class.php 第 4 行.
SQL: SHOW COLUMNS FROM `zy_api` [ RunTime:0.0040s ]
SQL: SELECT * FROM `zy_api` WHERE `py_name` = 'cache' AND `appid` = '201586485090108670' LIMIT 1   [ RunTime:0.0002s ]

[ 2015-11-29T03:44:12+08:00 ] 127.0.0.1 /guoji/vshop/CacheApi/?a=Get&appid=201586485090108670&c=Local&name=list&nonce_str=6fnakn4xwhhcptnlnr2zv1ysqs8975gz&time_stamp=1448739852&version=1.0
INFO: [ app_init ] --START--
INFO: Run Behavior\BuildLiteBehavior [ RunTime:0.000018s ]
INFO: [ app_init ] --END-- [ RunTime:0.000103s ]
INFO: [ app_begin ] --START--
INFO: Run Behavior\ReadHtmlCacheBehavior [ RunTime:0.000885s ]
INFO: [ app_begin ] --END-- [ RunTime:0.000972s ]
NOTIC: [2048] Declaration of Home\Controller\LocalController::Get() should be compatible with that of Think\Controller::get() D:\wamp\www\guoji\vshop\CacheApi\Cache\Home\Controller\LocalController.class.php 第 4 行.
SQL: SHOW COLUMNS FROM `zy_api` [ RunTime:0.0041s ]
SQL: SELECT * FROM `zy_api` WHERE `py_name` = 'cache' AND `appid` = '201586485090108670' LIMIT 1   [ RunTime:0.0002s ]

[ 2015-11-29T03:44:13+08:00 ] 127.0.0.1 /guoji/vshop/CacheApi/?a=Get&appid=201586485090108670&c=Local&name=list&nonce_str=txarrftrsqd2ps99ynyaj8t1x0m8m5i3&time_stamp=1448739853&version=1.0
INFO: [ app_init ] --START--
INFO: Run Behavior\BuildLiteBehavior [ RunTime:0.000019s ]
INFO: [ app_init ] --END-- [ RunTime:0.000108s ]
INFO: [ app_begin ] --START--
INFO: Run Behavior\ReadHtmlCacheBehavior [ RunTime:0.000897s ]
INFO: [ app_begin ] --END-- [ RunTime:0.000989s ]
NOTIC: [2048] Declaration of Home\Controller\LocalController::Get() should be compatible with that of Think\Controller::get() D:\wamp\www\guoji\vshop\CacheApi\Cache\Home\Controller\LocalController.class.php 第 4 行.
SQL: SHOW COLUMNS FROM `zy_api` [ RunTime:0.0038s ]
SQL: SELECT * FROM `zy_api` WHERE `py_name` = 'cache' AND `appid` = '201586485090108670' LIMIT 1   [ RunTime:0.0003s ]

[ 2015-11-29T03:44:13+08:00 ] 127.0.0.1 /guoji/vshop/CacheApi/?a=Get&appid=201586485090108670&c=Local&name=list&nonce_str=hv0use131ty9fus27zbjcw53fxx68z5l&time_stamp=1448739853&version=1.0
INFO: [ app_init ] --START--
INFO: Run Behavior\BuildLiteBehavior [ RunTime:0.000019s ]
INFO: [ app_init ] --END-- [ RunTime:0.000103s ]
INFO: [ app_begin ] --START--
INFO: Run Behavior\ReadHtmlCacheBehavior [ RunTime:0.000845s ]
INFO: [ app_begin ] --END-- [ RunTime:0.000935s ]
NOTIC: [2048] Declaration of Home\Controller\LocalController::Get() should be compatible with that of Think\Controller::get() D:\wamp\www\guoji\vshop\CacheApi\Cache\Home\Controller\LocalController.class.php 第 4 行.
SQL: SHOW COLUMNS FROM `zy_api` [ RunTime:0.0039s ]
SQL: SELECT * FROM `zy_api` WHERE `py_name` = 'cache' AND `appid` = '201586485090108670' LIMIT 1   [ RunTime:0.0003s ]

[ 2015-11-29T03:44:13+08:00 ] 127.0.0.1 /guoji/vshop/CacheApi/?a=Get&appid=201586485090108670&c=Local&name=list&nonce_str=361r0trb7p0xv8ayx8n4m5s6dn2zhb49&time_stamp=1448739853&version=1.0
INFO: [ app_init ] --START--
INFO: Run Behavior\BuildLiteBehavior [ RunTime:0.000022s ]
INFO: [ app_init ] --END-- [ RunTime:0.000115s ]
INFO: [ app_begin ] --START--
INFO: Run Behavior\ReadHtmlCacheBehavior [ RunTime:0.000821s ]
INFO: [ app_begin ] --END-- [ RunTime:0.000918s ]
NOTIC: [2048] Declaration of Home\Controller\LocalController::Get() should be compatible with that of Think\Controller::get() D:\wamp\www\guoji\vshop\CacheApi\Cache\Home\Controller\LocalController.class.php 第 4 行.
SQL: SHOW COLUMNS FROM `zy_api` [ RunTime:0.0041s ]
SQL: SELECT * FROM `zy_api` WHERE `py_name` = 'cache' AND `appid` = '201586485090108670' LIMIT 1   [ RunTime:0.0003s ]

[ 2015-11-29T03:44:13+08:00 ] 127.0.0.1 /guoji/vshop/CacheApi/?a=Get&appid=201586485090108670&c=Local&name=list&nonce_str=zmfbqxe0px521xbb53avt4o7rvbr0spf&time_stamp=1448739853&version=1.0
INFO: [ app_init ] --START--
INFO: Run Behavior\BuildLiteBehavior [ RunTime:0.000018s ]
INFO: [ app_init ] --END-- [ RunTime:0.000100s ]
INFO: [ app_begin ] --START--
INFO: Run Behavior\ReadHtmlCacheBehavior [ RunTime:0.000847s ]
INFO: [ app_begin ] --END-- [ RunTime:0.000933s ]
NOTIC: [2048] Declaration of Home\Controller\LocalController::Get() should be compatible with that of Think\Controller::get() D:\wamp\www\guoji\vshop\CacheApi\Cache\Home\Controller\LocalController.class.php 第 4 行.
SQL: SHOW COLUMNS FROM `zy_api` [ RunTime:0.0039s ]
SQL: SELECT * FROM `zy_api` WHERE `py_name` = 'cache' AND `appid` = '201586485090108670' LIMIT 1   [ RunTime:0.0003s ]

[ 2015-11-29T03:44:13+08:00 ] 127.0.0.1 /guoji/vshop/CacheApi/?a=Get&appid=201586485090108670&c=Local&name=list&nonce_str=b7v4p94zujwgvvphptejxp1gr5z70zb6&time_stamp=1448739853&version=1.0
INFO: [ app_init ] --START--
INFO: Run Behavior\BuildLiteBehavior [ RunTime:0.000018s ]
INFO: [ app_init ] --END-- [ RunTime:0.000102s ]
INFO: [ app_begin ] --START--
INFO: Run Behavior\ReadHtmlCacheBehavior [ RunTime:0.000809s ]
INFO: [ app_begin ] --END-- [ RunTime:0.000893s ]
NOTIC: [2048] Declaration of Home\Controller\LocalController::Get() should be compatible with that of Think\Controller::get() D:\wamp\www\guoji\vshop\CacheApi\Cache\Home\Controller\LocalController.class.php 第 4 行.
SQL: SHOW COLUMNS FROM `zy_api` [ RunTime:0.0041s ]
SQL: SELECT * FROM `zy_api` WHERE `py_name` = 'cache' AND `appid` = '201586485090108670' LIMIT 1   [ RunTime:0.0003s ]

[ 2015-11-29T03:44:13+08:00 ] 127.0.0.1 /guoji/vshop/CacheApi/?a=Get&appid=201586485090108670&c=Local&name=list&nonce_str=ahdkgpxcas800wxm4wu0z2whqgy0knnk&time_stamp=1448739853&version=1.0
INFO: [ app_init ] --START--
INFO: Run Behavior\BuildLiteBehavior [ RunTime:0.000018s ]
INFO: [ app_init ] --END-- [ RunTime:0.000104s ]
INFO: [ app_begin ] --START--
INFO: Run Behavior\ReadHtmlCacheBehavior [ RunTime:0.000819s ]
INFO: [ app_begin ] --END-- [ RunTime:0.000901s ]
NOTIC: [2048] Declaration of Home\Controller\LocalController::Get() should be compatible with that of Think\Controller::get() D:\wamp\www\guoji\vshop\CacheApi\Cache\Home\Controller\LocalController.class.php 第 4 行.
SQL: SHOW COLUMNS FROM `zy_api` [ RunTime:0.0040s ]
SQL: SELECT * FROM `zy_api` WHERE `py_name` = 'cache' AND `appid` = '201586485090108670' LIMIT 1   [ RunTime:0.0003s ]

[ 2015-11-29T03:44:14+08:00 ] 127.0.0.1 /guoji/vshop/CacheApi/?a=Get&appid=201586485090108670&c=Local&name=list&nonce_str=rhiqxp5k6qago5q6wmf3i3g6xkkiujdw&time_stamp=1448739854&version=1.0
INFO: [ app_init ] --START--
INFO: Run Behavior\BuildLiteBehavior [ RunTime:0.000020s ]
INFO: [ app_init ] --END-- [ RunTime:0.000102s ]
INFO: [ app_begin ] --START--
INFO: Run Behavior\ReadHtmlCacheBehavior [ RunTime:0.000855s ]
INFO: [ app_begin ] --END-- [ RunTime:0.000940s ]
NOTIC: [2048] Declaration of Home\Controller\LocalController::Get() should be compatible with that of Think\Controller::get() D:\wamp\www\guoji\vshop\CacheApi\Cache\Home\Controller\LocalController.class.php 第 4 行.
SQL: SHOW COLUMNS FROM `zy_api` [ RunTime:0.0041s ]
SQL: SELECT * FROM `zy_api` WHERE `py_name` = 'cache' AND `appid` = '201586485090108670' LIMIT 1   [ RunTime:0.0003s ]

[ 2015-11-29T03:44:14+08:00 ] 127.0.0.1 /guoji/vshop/CacheApi/?a=Get&appid=201586485090108670&c=Local&name=list&nonce_str=ykvdkgp20yh3zm776osqx05hjkxyob5n&time_stamp=1448739854&version=1.0
INFO: [ app_init ] --START--
INFO: Run Behavior\BuildLiteBehavior [ RunTime:0.000021s ]
INFO: [ app_init ] --END-- [ RunTime:0.000107s ]
INFO: [ app_begin ] --START--
INFO: Run Behavior\ReadHtmlCacheBehavior [ RunTime:0.000879s ]
INFO: [ app_begin ] --END-- [ RunTime:0.000966s ]
NOTIC: [2048] Declaration of Home\Controller\LocalController::Get() should be compatible with that of Think\Controller::get() D:\wamp\www\guoji\vshop\CacheApi\Cache\Home\Controller\LocalController.class.php 第 4 行.
SQL: SHOW COLUMNS FROM `zy_api` [ RunTime:0.0039s ]
SQL: SELECT * FROM `zy_api` WHERE `py_name` = 'cache' AND `appid` = '201586485090108670' LIMIT 1   [ RunTime:0.0002s ]

[ 2015-11-29T03:44:14+08:00 ] 127.0.0.1 /guoji/vshop/CacheApi/?a=Get&appid=201586485090108670&c=Local&name=list&nonce_str=1z6lo7siiytw9v8uaetwall75jufaugj&time_stamp=1448739854&version=1.0
INFO: [ app_init ] --START--
INFO: Run Behavior\BuildLiteBehavior [ RunTime:0.000019s ]
INFO: [ app_init ] --END-- [ RunTime:0.000105s ]
INFO: [ app_begin ] --START--
INFO: Run Behavior\ReadHtmlCacheBehavior [ RunTime:0.000870s ]
INFO: [ app_begin ] --END-- [ RunTime:0.000965s ]
NOTIC: [2048] Declaration of Home\Controller\LocalController::Get() should be compatible with that of Think\Controller::get() D:\wamp\www\guoji\vshop\CacheApi\Cache\Home\Controller\LocalController.class.php 第 4 行.
SQL: SHOW COLUMNS FROM `zy_api` [ RunTime:0.0042s ]
SQL: SELECT * FROM `zy_api` WHERE `py_name` = 'cache' AND `appid` = '201586485090108670' LIMIT 1   [ RunTime:0.0003s ]

[ 2015-11-29T03:44:46+08:00 ] 127.0.0.1 /guoji/vshop/CacheApi/?a=Get&appid=201586485090108670&c=Local&name=list&nonce_str=zl1g3o7fa7odk63bxajutg7hggg266b6&time_stamp=1448739886&version=1.0
INFO: [ app_init ] --START--
INFO: Run Behavior\BuildLiteBehavior [ RunTime:0.000020s ]
INFO: [ app_init ] --END-- [ RunTime:0.000112s ]
INFO: [ app_begin ] --START--
INFO: Run Behavior\ReadHtmlCacheBehavior [ RunTime:0.001039s ]
INFO: [ app_begin ] --END-- [ RunTime:0.001151s ]
NOTIC: [2048] Declaration of Home\Controller\LocalController::Get() should be compatible with that of Think\Controller::get() D:\wamp\www\guoji\vshop\CacheApi\Cache\Home\Controller\LocalController.class.php 第 4 行.
SQL: SHOW COLUMNS FROM `zy_api` [ RunTime:0.0040s ]
SQL: SELECT * FROM `zy_api` WHERE `py_name` = 'cache' AND `appid` = '201586485090108670' LIMIT 1   [ RunTime:0.0002s ]

[ 2015-11-29T03:44:47+08:00 ] 127.0.0.1 /guoji/vshop/CacheApi/?a=Get&appid=201586485090108670&c=Local&name=list&nonce_str=a1hn2psrtwrkxjhhfljl7pcrdqrti0j8&time_stamp=1448739887&version=1.0
INFO: [ app_init ] --START--
INFO: Run Behavior\BuildLiteBehavior [ RunTime:0.000019s ]
INFO: [ app_init ] --END-- [ RunTime:0.000103s ]
INFO: [ app_begin ] --START--
INFO: Run Behavior\ReadHtmlCacheBehavior [ RunTime:0.000817s ]
INFO: [ app_begin ] --END-- [ RunTime:0.000904s ]
NOTIC: [2048] Declaration of Home\Controller\LocalController::Get() should be compatible with that of Think\Controller::get() D:\wamp\www\guoji\vshop\CacheApi\Cache\Home\Controller\LocalController.class.php 第 4 行.
SQL: SHOW COLUMNS FROM `zy_api` [ RunTime:0.0038s ]
SQL: SELECT * FROM `zy_api` WHERE `py_name` = 'cache' AND `appid` = '201586485090108670' LIMIT 1   [ RunTime:0.0003s ]

[ 2015-11-29T03:44:47+08:00 ] 127.0.0.1 /guoji/vshop/CacheApi/?a=Get&appid=201586485090108670&c=Local&name=list&nonce_str=mqey319190iss78n99cal3tld47eq9e0&time_stamp=1448739887&version=1.0
INFO: [ app_init ] --START--
INFO: Run Behavior\BuildLiteBehavior [ RunTime:0.000018s ]
INFO: [ app_init ] --END-- [ RunTime:0.000098s ]
INFO: [ app_begin ] --START--
INFO: Run Behavior\ReadHtmlCacheBehavior [ RunTime:0.000806s ]
INFO: [ app_begin ] --END-- [ RunTime:0.000892s ]
NOTIC: [2048] Declaration of Home\Controller\LocalController::Get() should be compatible with that of Think\Controller::get() D:\wamp\www\guoji\vshop\CacheApi\Cache\Home\Controller\LocalController.class.php 第 4 行.
SQL: SHOW COLUMNS FROM `zy_api` [ RunTime:0.0038s ]
SQL: SELECT * FROM `zy_api` WHERE `py_name` = 'cache' AND `appid` = '201586485090108670' LIMIT 1   [ RunTime:0.0003s ]

[ 2015-11-29T03:44:47+08:00 ] 127.0.0.1 /guoji/vshop/CacheApi/?a=Get&appid=201586485090108670&c=Local&name=list&nonce_str=g7nu3sq0g4vc76gbmozgvmwylhzwy7w0&time_stamp=1448739887&version=1.0
INFO: [ app_init ] --START--
INFO: Run Behavior\BuildLiteBehavior [ RunTime:0.000018s ]
INFO: [ app_init ] --END-- [ RunTime:0.000106s ]
INFO: [ app_begin ] --START--
INFO: Run Behavior\ReadHtmlCacheBehavior [ RunTime:0.000900s ]
INFO: [ app_begin ] --END-- [ RunTime:0.000985s ]
NOTIC: [2048] Declaration of Home\Controller\LocalController::Get() should be compatible with that of Think\Controller::get() D:\wamp\www\guoji\vshop\CacheApi\Cache\Home\Controller\LocalController.class.php 第 4 行.
SQL: SHOW COLUMNS FROM `zy_api` [ RunTime:0.0041s ]
SQL: SELECT * FROM `zy_api` WHERE `py_name` = 'cache' AND `appid` = '201586485090108670' LIMIT 1   [ RunTime:0.0003s ]

[ 2015-11-29T03:44:48+08:00 ] 127.0.0.1 /guoji/vshop/CacheApi/?a=Get&appid=201586485090108670&c=Local&name=list&nonce_str=8nlpnnbs559dt9ytc3qvamb1l8b4npax&time_stamp=1448739888&version=1.0
INFO: [ app_init ] --START--
INFO: Run Behavior\BuildLiteBehavior [ RunTime:0.000018s ]
INFO: [ app_init ] --END-- [ RunTime:0.000104s ]
INFO: [ app_begin ] --START--
INFO: Run Behavior\ReadHtmlCacheBehavior [ RunTime:0.000815s ]
INFO: [ app_begin ] --END-- [ RunTime:0.000897s ]
NOTIC: [2048] Declaration of Home\Controller\LocalController::Get() should be compatible with that of Think\Controller::get() D:\wamp\www\guoji\vshop\CacheApi\Cache\Home\Controller\LocalController.class.php 第 4 行.
SQL: SHOW COLUMNS FROM `zy_api` [ RunTime:0.0047s ]
SQL: SELECT * FROM `zy_api` WHERE `py_name` = 'cache' AND `appid` = '201586485090108670' LIMIT 1   [ RunTime:0.0003s ]

[ 2015-11-29T03:44:48+08:00 ] 127.0.0.1 /guoji/vshop/CacheApi/?a=Get&appid=201586485090108670&c=Local&name=list&nonce_str=7km1zivirzoyapjq3ip6e5e87a9bifnq&time_stamp=1448739888&version=1.0
INFO: [ app_init ] --START--
INFO: Run Behavior\BuildLiteBehavior [ RunTime:0.000019s ]
INFO: [ app_init ] --END-- [ RunTime:0.000101s ]
INFO: [ app_begin ] --START--
INFO: Run Behavior\ReadHtmlCacheBehavior [ RunTime:0.000820s ]
INFO: [ app_begin ] --END-- [ RunTime:0.000915s ]
NOTIC: [2048] Declaration of Home\Controller\LocalController::Get() should be compatible with that of Think\Controller::get() D:\wamp\www\guoji\vshop\CacheApi\Cache\Home\Controller\LocalController.class.php 第 4 行.
SQL: SHOW COLUMNS FROM `zy_api` [ RunTime:0.0042s ]
SQL: SELECT * FROM `zy_api` WHERE `py_name` = 'cache' AND `appid` = '201586485090108670' LIMIT 1   [ RunTime:0.0003s ]

[ 2015-11-29T03:46:58+08:00 ] 127.0.0.1 /guoji/vshop/CacheApi/?a=Get&appid=201586485090108670&c=Local&name=list&nonce_str=l93ddzt257orq5tqh4jt3la4pg77hkjp&time_stamp=1448740018&version=1.0
INFO: [ app_init ] --START--
INFO: Run Behavior\BuildLiteBehavior [ RunTime:0.000018s ]
INFO: [ app_init ] --END-- [ RunTime:0.000103s ]
INFO: [ app_begin ] --START--
INFO: Run Behavior\ReadHtmlCacheBehavior [ RunTime:0.001406s ]
INFO: [ app_begin ] --END-- [ RunTime:0.001502s ]
NOTIC: [2048] Declaration of Home\Controller\LocalController::Get() should be compatible with that of Think\Controller::get() D:\wamp\www\guoji\vshop\CacheApi\Cache\Home\Controller\LocalController.class.php 第 4 行.
SQL: SHOW COLUMNS FROM `zy_api` [ RunTime:0.0038s ]
SQL: SELECT * FROM `zy_api` WHERE `py_name` = 'cache' AND `appid` = '201586485090108670' LIMIT 1   [ RunTime:0.0003s ]

[ 2015-11-29T03:46:58+08:00 ] 127.0.0.1 /guoji/vshop/CacheApi/?a=Get&appid=201586485090108670&c=Local&name=list&nonce_str=fkf6yc40yxeeoeprgqjld28k5gymfmf5&time_stamp=1448740018&version=1.0
INFO: [ app_init ] --START--
INFO: Run Behavior\BuildLiteBehavior [ RunTime:0.000017s ]
INFO: [ app_init ] --END-- [ RunTime:0.000102s ]
INFO: [ app_begin ] --START--
INFO: Run Behavior\ReadHtmlCacheBehavior [ RunTime:0.001024s ]
INFO: [ app_begin ] --END-- [ RunTime:0.001108s ]
NOTIC: [2048] Declaration of Home\Controller\LocalController::Get() should be compatible with that of Think\Controller::get() D:\wamp\www\guoji\vshop\CacheApi\Cache\Home\Controller\LocalController.class.php 第 4 行.
SQL: SHOW COLUMNS FROM `zy_api` [ RunTime:0.0041s ]
SQL: SELECT * FROM `zy_api` WHERE `py_name` = 'cache' AND `appid` = '201586485090108670' LIMIT 1   [ RunTime:0.0003s ]

[ 2015-11-29T03:46:59+08:00 ] 127.0.0.1 /guoji/vshop/CacheApi/?a=Get&appid=201586485090108670&c=Local&name=list&nonce_str=v0fqhhbf70ok5g0afv57bdozbro2i3dt&time_stamp=1448740019&version=1.0
INFO: [ app_init ] --START--
INFO: Run Behavior\BuildLiteBehavior [ RunTime:0.000018s ]
INFO: [ app_init ] --END-- [ RunTime:0.000105s ]
INFO: [ app_begin ] --START--
INFO: Run Behavior\ReadHtmlCacheBehavior [ RunTime:0.000834s ]
INFO: [ app_begin ] --END-- [ RunTime:0.000920s ]
NOTIC: [2048] Declaration of Home\Controller\LocalController::Get() should be compatible with that of Think\Controller::get() D:\wamp\www\guoji\vshop\CacheApi\Cache\Home\Controller\LocalController.class.php 第 4 行.
SQL: SHOW COLUMNS FROM `zy_api` [ RunTime:0.0040s ]
SQL: SELECT * FROM `zy_api` WHERE `py_name` = 'cache' AND `appid` = '201586485090108670' LIMIT 1   [ RunTime:0.0003s ]

[ 2015-11-29T03:47:10+08:00 ] 127.0.0.1 /guoji/vshop/CacheApi/?a=Get&appid=201586485090108670&c=Local&name=list&nonce_str=dnch5bgpm2q1a9z384rocztj3w2ah2pc&time_stamp=1448740030&version=1.0
INFO: [ app_init ] --START--
INFO: Run Behavior\BuildLiteBehavior [ RunTime:0.000018s ]
INFO: [ app_init ] --END-- [ RunTime:0.000107s ]
INFO: [ app_begin ] --START--
INFO: Run Behavior\ReadHtmlCacheBehavior [ RunTime:0.000848s ]
INFO: [ app_begin ] --END-- [ RunTime:0.000939s ]
NOTIC: [2048] Declaration of Home\Controller\LocalController::Get() should be compatible with that of Think\Controller::get() D:\wamp\www\guoji\vshop\CacheApi\Cache\Home\Controller\LocalController.class.php 第 4 行.
SQL: SHOW COLUMNS FROM `zy_api` [ RunTime:0.0041s ]
SQL: SELECT * FROM `zy_api` WHERE `py_name` = 'cache' AND `appid` = '201586485090108670' LIMIT 1   [ RunTime:0.0003s ]

[ 2015-11-29T03:47:41+08:00 ] 127.0.0.1 /guoji/vshop/CacheApi/?a=Get&appid=201586485090108670&c=Local&name=list&nonce_str=vaqz3qw3y7rkrt8a388cxunn2rxo34kj&time_stamp=1448740061&version=1.0
INFO: [ app_init ] --START--
INFO: Run Behavior\BuildLiteBehavior [ RunTime:0.000017s ]
INFO: [ app_init ] --END-- [ RunTime:0.000101s ]
INFO: [ app_begin ] --START--
INFO: Run Behavior\ReadHtmlCacheBehavior [ RunTime:0.000840s ]
INFO: [ app_begin ] --END-- [ RunTime:0.000930s ]
NOTIC: [2048] Declaration of Home\Controller\LocalController::Get() should be compatible with that of Think\Controller::get() D:\wamp\www\guoji\vshop\CacheApi\Cache\Home\Controller\LocalController.class.php 第 4 行.
SQL: SHOW COLUMNS FROM `zy_api` [ RunTime:0.0043s ]
SQL: SELECT * FROM `zy_api` WHERE `py_name` = 'cache' AND `appid` = '201586485090108670' LIMIT 1   [ RunTime:0.0003s ]

[ 2015-11-29T03:47:42+08:00 ] 127.0.0.1 /guoji/vshop/CacheApi/?a=Get&appid=201586485090108670&c=Local&name=list&nonce_str=o2n2xa0gcnhm9o8wp5u8lzzre7ig9adh&time_stamp=1448740062&version=1.0
INFO: [ app_init ] --START--
INFO: Run Behavior\BuildLiteBehavior [ RunTime:0.000018s ]
INFO: [ app_init ] --END-- [ RunTime:0.000103s ]
INFO: [ app_begin ] --START--
INFO: Run Behavior\ReadHtmlCacheBehavior [ RunTime:0.000852s ]
INFO: [ app_begin ] --END-- [ RunTime:0.000935s ]
NOTIC: [2048] Declaration of Home\Controller\LocalController::Get() should be compatible with that of Think\Controller::get() D:\wamp\www\guoji\vshop\CacheApi\Cache\Home\Controller\LocalController.class.php 第 4 行.
SQL: SHOW COLUMNS FROM `zy_api` [ RunTime:0.0040s ]
SQL: SELECT * FROM `zy_api` WHERE `py_name` = 'cache' AND `appid` = '201586485090108670' LIMIT 1   [ RunTime:0.0003s ]

[ 2015-11-29T03:47:42+08:00 ] 127.0.0.1 /guoji/vshop/CacheApi/?a=Get&appid=201586485090108670&c=Local&name=list&nonce_str=gmlz6grkz08wu3ux3640qjki7s1foeqb&time_stamp=1448740062&version=1.0
INFO: [ app_init ] --START--
INFO: Run Behavior\BuildLiteBehavior [ RunTime:0.000017s ]
INFO: [ app_init ] --END-- [ RunTime:0.000100s ]
INFO: [ app_begin ] --START--
INFO: Run Behavior\ReadHtmlCacheBehavior [ RunTime:0.000840s ]
INFO: [ app_begin ] --END-- [ RunTime:0.000930s ]
NOTIC: [2048] Declaration of Home\Controller\LocalController::Get() should be compatible with that of Think\Controller::get() D:\wamp\www\guoji\vshop\CacheApi\Cache\Home\Controller\LocalController.class.php 第 4 行.
SQL: SHOW COLUMNS FROM `zy_api` [ RunTime:0.0040s ]
SQL: SELECT * FROM `zy_api` WHERE `py_name` = 'cache' AND `appid` = '201586485090108670' LIMIT 1   [ RunTime:0.0003s ]

[ 2015-11-29T03:48:11+08:00 ] 127.0.0.1 /guoji/vshop/CacheApi/?a=Get&appid=201586485090108670&c=Local&name=list&nonce_str=au0ddgtsg1ahcrhsg4f6pnkpk0oxiu2w&time_stamp=1448740091&version=1.0
INFO: [ app_init ] --START--
INFO: Run Behavior\BuildLiteBehavior [ RunTime:0.000018s ]
INFO: [ app_init ] --END-- [ RunTime:0.000112s ]
INFO: [ app_begin ] --START--
INFO: Run Behavior\ReadHtmlCacheBehavior [ RunTime:0.000847s ]
INFO: [ app_begin ] --END-- [ RunTime:0.000937s ]
NOTIC: [2048] Declaration of Home\Controller\LocalController::Get() should be compatible with that of Think\Controller::get() D:\wamp\www\guoji\vshop\CacheApi\Cache\Home\Controller\LocalController.class.php 第 4 行.
SQL: SHOW COLUMNS FROM `zy_api` [ RunTime:0.0039s ]
SQL: SELECT * FROM `zy_api` WHERE `py_name` = 'cache' AND `appid` = '201586485090108670' LIMIT 1   [ RunTime:0.0003s ]

[ 2015-11-29T03:48:20+08:00 ] 127.0.0.1 /guoji/vshop/CacheApi/?a=Get&appid=201586485090108670&c=Local&name=list&nonce_str=av8b1zrlmhh1qjt37fp54g84kcxjju00&time_stamp=1448740100&version=1.0
INFO: [ app_init ] --START--
INFO: Run Behavior\BuildLiteBehavior [ RunTime:0.000017s ]
INFO: [ app_init ] --END-- [ RunTime:0.000100s ]
INFO: [ app_begin ] --START--
INFO: Run Behavior\ReadHtmlCacheBehavior [ RunTime:0.000849s ]
INFO: [ app_begin ] --END-- [ RunTime:0.000935s ]
NOTIC: [2048] Declaration of Home\Controller\LocalController::Get() should be compatible with that of Think\Controller::get() D:\wamp\www\guoji\vshop\CacheApi\Cache\Home\Controller\LocalController.class.php 第 4 行.
SQL: SHOW COLUMNS FROM `zy_api` [ RunTime:0.0038s ]
SQL: SELECT * FROM `zy_api` WHERE `py_name` = 'cache' AND `appid` = '201586485090108670' LIMIT 1   [ RunTime:0.0002s ]

[ 2015-11-29T03:48:30+08:00 ] 127.0.0.1 /guoji/vshop/CacheApi/?a=Get&appid=201586485090108670&c=Local&name=list&nonce_str=suxnqmgdr00vi6ffi42wmwkutg21l2kb&time_stamp=1448740110&version=1.0
INFO: [ app_init ] --START--
INFO: Run Behavior\BuildLiteBehavior [ RunTime:0.000019s ]
INFO: [ app_init ] --END-- [ RunTime:0.000108s ]
INFO: [ app_begin ] --START--
INFO: Run Behavior\ReadHtmlCacheBehavior [ RunTime:0.000818s ]
INFO: [ app_begin ] --END-- [ RunTime:0.000903s ]
NOTIC: [2048] Declaration of Home\Controller\LocalController::Get() should be compatible with that of Think\Controller::get() D:\wamp\www\guoji\vshop\CacheApi\Cache\Home\Controller\LocalController.class.php 第 4 行.
SQL: SHOW COLUMNS FROM `zy_api` [ RunTime:0.0041s ]
SQL: SELECT * FROM `zy_api` WHERE `py_name` = 'cache' AND `appid` = '201586485090108670' LIMIT 1   [ RunTime:0.0003s ]

[ 2015-11-29T03:49:02+08:00 ] 127.0.0.1 /guoji/vshop/CacheApi/?a=Get&appid=201586485090108670&c=Local&name=list&nonce_str=0imvh5lfp209j2fga4ba9i5yrh0ryc4d&time_stamp=1448740142&version=1.0
INFO: [ app_init ] --START--
INFO: Run Behavior\BuildLiteBehavior [ RunTime:0.000017s ]
INFO: [ app_init ] --END-- [ RunTime:0.000098s ]
INFO: [ app_begin ] --START--
INFO: Run Behavior\ReadHtmlCacheBehavior [ RunTime:0.001201s ]
INFO: [ app_begin ] --END-- [ RunTime:0.001283s ]
NOTIC: [2048] Declaration of Home\Controller\LocalController::Get() should be compatible with that of Think\Controller::get() D:\wamp\www\guoji\vshop\CacheApi\Cache\Home\Controller\LocalController.class.php 第 4 行.
SQL: SHOW COLUMNS FROM `zy_api` [ RunTime:0.0040s ]
SQL: SELECT * FROM `zy_api` WHERE `py_name` = 'cache' AND `appid` = '201586485090108670' LIMIT 1   [ RunTime:0.0003s ]

[ 2015-11-29T03:53:48+08:00 ] 127.0.0.1 /guoji/vshop/CacheApi/?a=Get&appid=201586485090108670&c=Local&name=list&nonce_str=r5rb3dzb1rkg4jsrkjyx984692p7zad4&time_stamp=1448740428&version=1.0
INFO: [ app_init ] --START--
INFO: Run Behavior\BuildLiteBehavior [ RunTime:0.000018s ]
INFO: [ app_init ] --END-- [ RunTime:0.000104s ]
INFO: [ app_begin ] --START--
INFO: Run Behavior\ReadHtmlCacheBehavior [ RunTime:0.001300s ]
INFO: [ app_begin ] --END-- [ RunTime:0.001384s ]
NOTIC: [2048] Declaration of Home\Controller\LocalController::Get() should be compatible with that of Think\Controller::get() D:\wamp\www\guoji\vshop\CacheApi\Cache\Home\Controller\LocalController.class.php 第 4 行.
SQL: SHOW COLUMNS FROM `zy_api` [ RunTime:0.0047s ]
SQL: SELECT * FROM `zy_api` WHERE `py_name` = 'cache' AND `appid` = '201586485090108670' LIMIT 1   [ RunTime:0.0003s ]

[ 2015-11-29T03:53:49+08:00 ] 127.0.0.1 /guoji/vshop/CacheApi/?a=Get&appid=201586485090108670&c=Local&name=list&nonce_str=lec4d8z43jgn38m70iqmcoww6pezxfav&time_stamp=1448740429&version=1.0
INFO: [ app_init ] --START--
INFO: Run Behavior\BuildLiteBehavior [ RunTime:0.000018s ]
INFO: [ app_init ] --END-- [ RunTime:0.000100s ]
INFO: [ app_begin ] --START--
INFO: Run Behavior\ReadHtmlCacheBehavior [ RunTime:0.000976s ]
INFO: [ app_begin ] --END-- [ RunTime:0.001083s ]
NOTIC: [2048] Declaration of Home\Controller\LocalController::Get() should be compatible with that of Think\Controller::get() D:\wamp\www\guoji\vshop\CacheApi\Cache\Home\Controller\LocalController.class.php 第 4 行.
SQL: SHOW COLUMNS FROM `zy_api` [ RunTime:0.0043s ]
SQL: SELECT * FROM `zy_api` WHERE `py_name` = 'cache' AND `appid` = '201586485090108670' LIMIT 1   [ RunTime:0.0002s ]

[ 2015-11-29T03:53:51+08:00 ] 127.0.0.1 /guoji/vshop/CacheApi/?a=Get&appid=201586485090108670&c=Local&name=list&nonce_str=wdtx7yre1qxkquwq497leszns9j30hyz&time_stamp=1448740431&version=1.0
INFO: [ app_init ] --START--
INFO: Run Behavior\BuildLiteBehavior [ RunTime:0.000019s ]
INFO: [ app_init ] --END-- [ RunTime:0.000112s ]
INFO: [ app_begin ] --START--
INFO: Run Behavior\ReadHtmlCacheBehavior [ RunTime:0.001336s ]
INFO: [ app_begin ] --END-- [ RunTime:0.001428s ]
NOTIC: [2048] Declaration of Home\Controller\LocalController::Get() should be compatible with that of Think\Controller::get() D:\wamp\www\guoji\vshop\CacheApi\Cache\Home\Controller\LocalController.class.php 第 4 行.
SQL: SHOW COLUMNS FROM `zy_api` [ RunTime:0.0039s ]
SQL: SELECT * FROM `zy_api` WHERE `py_name` = 'cache' AND `appid` = '201586485090108670' LIMIT 1   [ RunTime:0.0004s ]

[ 2015-11-29T03:53:58+08:00 ] 127.0.0.1 /guoji/vshop/CacheApi/?a=Get&appid=201586485090108670&c=Local&name=list&nonce_str=udv0cdhh0kri1idfq4gda9k4ruq9to89&time_stamp=1448740438&version=1.0
INFO: [ app_init ] --START--
INFO: Run Behavior\BuildLiteBehavior [ RunTime:0.000018s ]
INFO: [ app_init ] --END-- [ RunTime:0.000106s ]
INFO: [ app_begin ] --START--
INFO: Run Behavior\ReadHtmlCacheBehavior [ RunTime:0.001326s ]
INFO: [ app_begin ] --END-- [ RunTime:0.001415s ]
NOTIC: [2048] Declaration of Home\Controller\LocalController::Get() should be compatible with that of Think\Controller::get() D:\wamp\www\guoji\vshop\CacheApi\Cache\Home\Controller\LocalController.class.php 第 4 行.
SQL: SHOW COLUMNS FROM `zy_api` [ RunTime:0.0039s ]
SQL: SELECT * FROM `zy_api` WHERE `py_name` = 'cache' AND `appid` = '201586485090108670' LIMIT 1   [ RunTime:0.0003s ]

[ 2015-11-29T03:54:00+08:00 ] 127.0.0.1 /guoji/vshop/CacheApi/?a=Get&appid=201586485090108670&c=Local&name=list&nonce_str=u81zngu27xy6di7da80dnr3myt7lphjl&time_stamp=1448740440&version=1.0
INFO: [ app_init ] --START--
INFO: Run Behavior\BuildLiteBehavior [ RunTime:0.000018s ]
INFO: [ app_init ] --END-- [ RunTime:0.000112s ]
INFO: [ app_begin ] --START--
INFO: Run Behavior\ReadHtmlCacheBehavior [ RunTime:0.000878s ]
INFO: [ app_begin ] --END-- [ RunTime:0.000962s ]
NOTIC: [2048] Declaration of Home\Controller\LocalController::Get() should be compatible with that of Think\Controller::get() D:\wamp\www\guoji\vshop\CacheApi\Cache\Home\Controller\LocalController.class.php 第 4 行.
SQL: SHOW COLUMNS FROM `zy_api` [ RunTime:0.0065s ]
SQL: SELECT * FROM `zy_api` WHERE `py_name` = 'cache' AND `appid` = '201586485090108670' LIMIT 1   [ RunTime:0.0003s ]

[ 2015-11-29T03:54:02+08:00 ] 127.0.0.1 /guoji/vshop/CacheApi/?a=Get&appid=201586485090108670&c=Local&name=list&nonce_str=kmedgerzv5xfjmm76y06ffmh8xun9iep&time_stamp=1448740442&version=1.0
INFO: [ app_init ] --START--
INFO: Run Behavior\BuildLiteBehavior [ RunTime:0.000020s ]
INFO: [ app_init ] --END-- [ RunTime:0.000107s ]
INFO: [ app_begin ] --START--
INFO: Run Behavior\ReadHtmlCacheBehavior [ RunTime:0.000868s ]
INFO: [ app_begin ] --END-- [ RunTime:0.000950s ]
NOTIC: [2048] Declaration of Home\Controller\LocalController::Get() should be compatible with that of Think\Controller::get() D:\wamp\www\guoji\vshop\CacheApi\Cache\Home\Controller\LocalController.class.php 第 4 行.
SQL: SHOW COLUMNS FROM `zy_api` [ RunTime:0.0043s ]
SQL: SELECT * FROM `zy_api` WHERE `py_name` = 'cache' AND `appid` = '201586485090108670' LIMIT 1   [ RunTime:0.0003s ]

[ 2015-11-29T03:54:23+08:00 ] 127.0.0.1 /guoji/vshop/CacheApi/?a=Get&appid=201586485090108670&c=Local&name=list&nonce_str=3p8twb4g32bqs32nonlqufc7flivutn1&time_stamp=1448740463&version=1.0
INFO: [ app_init ] --START--
INFO: Run Behavior\BuildLiteBehavior [ RunTime:0.000017s ]
INFO: [ app_init ] --END-- [ RunTime:0.000099s ]
INFO: [ app_begin ] --START--
INFO: Run Behavior\ReadHtmlCacheBehavior [ RunTime:0.000766s ]
INFO: [ app_begin ] --END-- [ RunTime:0.000846s ]
NOTIC: [2048] Declaration of Home\Controller\LocalController::Get() should be compatible with that of Think\Controller::get() D:\wamp\www\guoji\vshop\CacheApi\Cache\Home\Controller\LocalController.class.php 第 4 行.
SQL: SHOW COLUMNS FROM `zy_api` [ RunTime:0.0039s ]
SQL: SELECT * FROM `zy_api` WHERE `py_name` = 'cache' AND `appid` = '201586485090108670' LIMIT 1   [ RunTime:0.0002s ]

[ 2015-11-29T03:54:24+08:00 ] 127.0.0.1 /guoji/vshop/CacheApi/?a=Get&appid=201586485090108670&c=Local&name=list&nonce_str=hffvlpx3drav9xwtvykkqk3xlbuj0hw5&time_stamp=1448740464&version=1.0
INFO: [ app_init ] --START--
INFO: Run Behavior\BuildLiteBehavior [ RunTime:0.000017s ]
INFO: [ app_init ] --END-- [ RunTime:0.000101s ]
INFO: [ app_begin ] --START--
INFO: Run Behavior\ReadHtmlCacheBehavior [ RunTime:0.000797s ]
INFO: [ app_begin ] --END-- [ RunTime:0.000877s ]
NOTIC: [2048] Declaration of Home\Controller\LocalController::Get() should be compatible with that of Think\Controller::get() D:\wamp\www\guoji\vshop\CacheApi\Cache\Home\Controller\LocalController.class.php 第 4 行.
SQL: SHOW COLUMNS FROM `zy_api` [ RunTime:0.0041s ]
SQL: SELECT * FROM `zy_api` WHERE `py_name` = 'cache' AND `appid` = '201586485090108670' LIMIT 1   [ RunTime:0.0002s ]

[ 2015-11-29T03:54:26+08:00 ] 127.0.0.1 /guoji/vshop/CacheApi/?a=Get&appid=201586485090108670&c=Local&name=list&nonce_str=va56xg8swuprp78ng4axe11nowd3g9i9&time_stamp=1448740466&version=1.0
INFO: [ app_init ] --START--
INFO: Run Behavior\BuildLiteBehavior [ RunTime:0.000016s ]
INFO: [ app_init ] --END-- [ RunTime:0.000097s ]
INFO: [ app_begin ] --START--
INFO: Run Behavior\ReadHtmlCacheBehavior [ RunTime:0.000762s ]
INFO: [ app_begin ] --END-- [ RunTime:0.000842s ]
NOTIC: [2048] Declaration of Home\Controller\LocalController::Get() should be compatible with that of Think\Controller::get() D:\wamp\www\guoji\vshop\CacheApi\Cache\Home\Controller\LocalController.class.php 第 4 行.
SQL: SHOW COLUMNS FROM `zy_api` [ RunTime:0.0040s ]
SQL: SELECT * FROM `zy_api` WHERE `py_name` = 'cache' AND `appid` = '201586485090108670' LIMIT 1   [ RunTime:0.0002s ]

[ 2015-11-29T03:55:18+08:00 ] 127.0.0.1 /guoji/vshop/CacheApi/?a=Get&appid=201586485090108670&c=Local&name=list&nonce_str=n5f9ikz23o15ukhg0cgu69tq9qmdgshm&time_stamp=1448740518&version=1.0
INFO: [ app_init ] --START--
INFO: Run Behavior\BuildLiteBehavior [ RunTime:0.000016s ]
INFO: [ app_init ] --END-- [ RunTime:0.000098s ]
INFO: [ app_begin ] --START--
INFO: Run Behavior\ReadHtmlCacheBehavior [ RunTime:0.000771s ]
INFO: [ app_begin ] --END-- [ RunTime:0.000855s ]
NOTIC: [2048] Declaration of Home\Controller\LocalController::Get() should be compatible with that of Think\Controller::get() D:\wamp\www\guoji\vshop\CacheApi\Cache\Home\Controller\LocalController.class.php 第 4 行.
SQL: SHOW COLUMNS FROM `zy_api` [ RunTime:0.0041s ]
SQL: SELECT * FROM `zy_api` WHERE `py_name` = 'cache' AND `appid` = '201586485090108670' LIMIT 1   [ RunTime:0.0003s ]

[ 2015-11-29T03:55:20+08:00 ] 127.0.0.1 /guoji/vshop/CacheApi/?a=Get&appid=201586485090108670&c=Local&name=list&nonce_str=tjiuz7z3lnszi0si3oaf18l1dhadt8r2&time_stamp=1448740520&version=1.0
INFO: [ app_init ] --START--
INFO: Run Behavior\BuildLiteBehavior [ RunTime:0.000016s ]
INFO: [ app_init ] --END-- [ RunTime:0.000096s ]
INFO: [ app_begin ] --START--
INFO: Run Behavior\ReadHtmlCacheBehavior [ RunTime:0.000918s ]
INFO: [ app_begin ] --END-- [ RunTime:0.001001s ]
NOTIC: [2048] Declaration of Home\Controller\LocalController::Get() should be compatible with that of Think\Controller::get() D:\wamp\www\guoji\vshop\CacheApi\Cache\Home\Controller\LocalController.class.php 第 4 行.
SQL: SHOW COLUMNS FROM `zy_api` [ RunTime:0.0040s ]
SQL: SELECT * FROM `zy_api` WHERE `py_name` = 'cache' AND `appid` = '201586485090108670' LIMIT 1   [ RunTime:0.0003s ]

[ 2015-11-29T03:55:22+08:00 ] 127.0.0.1 /guoji/vshop/CacheApi/?a=Get&appid=201586485090108670&c=Local&name=list&nonce_str=dt472tvdce12ro222h2mk29itk8ftuue&time_stamp=1448740522&version=1.0
INFO: [ app_init ] --START--
INFO: Run Behavior\BuildLiteBehavior [ RunTime:0.000017s ]
INFO: [ app_init ] --END-- [ RunTime:0.000098s ]
INFO: [ app_begin ] --START--
INFO: Run Behavior\ReadHtmlCacheBehavior [ RunTime:0.000842s ]
INFO: [ app_begin ] --END-- [ RunTime:0.000922s ]
NOTIC: [2048] Declaration of Home\Controller\LocalController::Get() should be compatible with that of Think\Controller::get() D:\wamp\www\guoji\vshop\CacheApi\Cache\Home\Controller\LocalController.class.php 第 4 行.
SQL: SHOW COLUMNS FROM `zy_api` [ RunTime:0.0043s ]
SQL: SELECT * FROM `zy_api` WHERE `py_name` = 'cache' AND `appid` = '201586485090108670' LIMIT 1   [ RunTime:0.0003s ]

[ 2015-11-29T03:55:24+08:00 ] 127.0.0.1 /guoji/vshop/CacheApi/?a=Get&appid=201586485090108670&c=Local&name=list&nonce_str=vq21mzczajlw07jyoximen8mlip9vewn&time_stamp=1448740524&version=1.0
INFO: [ app_init ] --START--
INFO: Run Behavior\BuildLiteBehavior [ RunTime:0.000017s ]
INFO: [ app_init ] --END-- [ RunTime:0.000100s ]
INFO: [ app_begin ] --START--
INFO: Run Behavior\ReadHtmlCacheBehavior [ RunTime:0.000882s ]
INFO: [ app_begin ] --END-- [ RunTime:0.000963s ]
NOTIC: [2048] Declaration of Home\Controller\LocalController::Get() should be compatible with that of Think\Controller::get() D:\wamp\www\guoji\vshop\CacheApi\Cache\Home\Controller\LocalController.class.php 第 4 行.
SQL: SHOW COLUMNS FROM `zy_api` [ RunTime:0.0044s ]
SQL: SELECT * FROM `zy_api` WHERE `py_name` = 'cache' AND `appid` = '201586485090108670' LIMIT 1   [ RunTime:0.0003s ]

[ 2015-11-29T03:55:38+08:00 ] 127.0.0.1 /guoji/vshop/CacheApi/?a=Get&appid=201586485090108670&c=Local&name=list&nonce_str=9hu4q1qya8lqbfnbq7tcgp8w0b8zwb57&time_stamp=1448740538&version=1.0
INFO: [ app_init ] --START--
INFO: Run Behavior\BuildLiteBehavior [ RunTime:0.000017s ]
INFO: [ app_init ] --END-- [ RunTime:0.000099s ]
INFO: [ app_begin ] --START--
INFO: Run Behavior\ReadHtmlCacheBehavior [ RunTime:0.000898s ]
INFO: [ app_begin ] --END-- [ RunTime:0.000997s ]
NOTIC: [2048] Declaration of Home\Controller\LocalController::Get() should be compatible with that of Think\Controller::get() D:\wamp\www\guoji\vshop\CacheApi\Cache\Home\Controller\LocalController.class.php 第 4 行.
SQL: SHOW COLUMNS FROM `zy_api` [ RunTime:0.0039s ]
SQL: SELECT * FROM `zy_api` WHERE `py_name` = 'cache' AND `appid` = '201586485090108670' LIMIT 1   [ RunTime:0.0003s ]

[ 2015-11-29T03:55:46+08:00 ] 127.0.0.1 /guoji/vshop/CacheApi/?a=Get&appid=201586485090108670&c=Local&name=list&nonce_str=vp7ciu6mdu65hzoz3himhcvdwz9v7ds1&time_stamp=1448740545&version=1.0
INFO: [ app_init ] --START--
INFO: Run Behavior\BuildLiteBehavior [ RunTime:0.000017s ]
INFO: [ app_init ] --END-- [ RunTime:0.000101s ]
INFO: [ app_begin ] --START--
INFO: Run Behavior\ReadHtmlCacheBehavior [ RunTime:0.000835s ]
INFO: [ app_begin ] --END-- [ RunTime:0.000917s ]
NOTIC: [2048] Declaration of Home\Controller\LocalController::Get() should be compatible with that of Think\Controller::get() D:\wamp\www\guoji\vshop\CacheApi\Cache\Home\Controller\LocalController.class.php 第 4 行.
SQL: SHOW COLUMNS FROM `zy_api` [ RunTime:0.0040s ]
SQL: SELECT * FROM `zy_api` WHERE `py_name` = 'cache' AND `appid` = '201586485090108670' LIMIT 1   [ RunTime:0.0002s ]

[ 2015-11-29T03:55:47+08:00 ] 127.0.0.1 /guoji/vshop/CacheApi/?a=Get&appid=201586485090108670&c=Local&name=list&nonce_str=yhepu48v1bfz5c1g02oz4e0l9994fc6i&time_stamp=1448740547&version=1.0
INFO: [ app_init ] --START--
INFO: Run Behavior\BuildLiteBehavior [ RunTime:0.000017s ]
INFO: [ app_init ] --END-- [ RunTime:0.000103s ]
INFO: [ app_begin ] --START--
INFO: Run Behavior\ReadHtmlCacheBehavior [ RunTime:0.000876s ]
INFO: [ app_begin ] --END-- [ RunTime:0.000961s ]
NOTIC: [2048] Declaration of Home\Controller\LocalController::Get() should be compatible with that of Think\Controller::get() D:\wamp\www\guoji\vshop\CacheApi\Cache\Home\Controller\LocalController.class.php 第 4 行.
SQL: SHOW COLUMNS FROM `zy_api` [ RunTime:0.0041s ]
SQL: SELECT * FROM `zy_api` WHERE `py_name` = 'cache' AND `appid` = '201586485090108670' LIMIT 1   [ RunTime:0.0003s ]

[ 2015-11-29T03:55:55+08:00 ] 127.0.0.1 /guoji/vshop/CacheApi/?a=Get&appid=201586485090108670&c=Local&name=list&nonce_str=wawer2tzxc7ie13fxln1lncm9cd5iogv&time_stamp=1448740555&version=1.0
INFO: [ app_init ] --START--
INFO: Run Behavior\BuildLiteBehavior [ RunTime:0.000017s ]
INFO: [ app_init ] --END-- [ RunTime:0.000101s ]
INFO: [ app_begin ] --START--
INFO: Run Behavior\ReadHtmlCacheBehavior [ RunTime:0.000782s ]
INFO: [ app_begin ] --END-- [ RunTime:0.000864s ]
NOTIC: [2048] Declaration of Home\Controller\LocalController::Get() should be compatible with that of Think\Controller::get() D:\wamp\www\guoji\vshop\CacheApi\Cache\Home\Controller\LocalController.class.php 第 4 行.
SQL: SHOW COLUMNS FROM `zy_api` [ RunTime:0.0040s ]
SQL: SELECT * FROM `zy_api` WHERE `py_name` = 'cache' AND `appid` = '201586485090108670' LIMIT 1   [ RunTime:0.0002s ]

[ 2015-11-29T03:55:57+08:00 ] 127.0.0.1 /guoji/vshop/CacheApi/?a=Get&appid=201586485090108670&c=Local&name=list&nonce_str=wfyo88pxi8zuxaao7vlio9lf7roi20ed&time_stamp=1448740557&version=1.0
INFO: [ app_init ] --START--
INFO: Run Behavior\BuildLiteBehavior [ RunTime:0.000018s ]
INFO: [ app_init ] --END-- [ RunTime:0.000106s ]
INFO: [ app_begin ] --START--
INFO: Run Behavior\ReadHtmlCacheBehavior [ RunTime:0.000811s ]
INFO: [ app_begin ] --END-- [ RunTime:0.000894s ]
NOTIC: [2048] Declaration of Home\Controller\LocalController::Get() should be compatible with that of Think\Controller::get() D:\wamp\www\guoji\vshop\CacheApi\Cache\Home\Controller\LocalController.class.php 第 4 行.
SQL: SHOW COLUMNS FROM `zy_api` [ RunTime:0.0041s ]
SQL: SELECT * FROM `zy_api` WHERE `py_name` = 'cache' AND `appid` = '201586485090108670' LIMIT 1   [ RunTime:0.0003s ]

[ 2015-11-29T03:55:59+08:00 ] 127.0.0.1 /guoji/vshop/CacheApi/?a=Get&appid=201586485090108670&c=Local&name=list&nonce_str=k52g1ew8q31vftt075b434w38e3sm53v&time_stamp=1448740559&version=1.0
INFO: [ app_init ] --START--
INFO: Run Behavior\BuildLiteBehavior [ RunTime:0.000018s ]
INFO: [ app_init ] --END-- [ RunTime:0.000102s ]
INFO: [ app_begin ] --START--
INFO: Run Behavior\ReadHtmlCacheBehavior [ RunTime:0.001239s ]
INFO: [ app_begin ] --END-- [ RunTime:0.001327s ]
NOTIC: [2048] Declaration of Home\Controller\LocalController::Get() should be compatible with that of Think\Controller::get() D:\wamp\www\guoji\vshop\CacheApi\Cache\Home\Controller\LocalController.class.php 第 4 行.
SQL: SHOW COLUMNS FROM `zy_api` [ RunTime:0.0038s ]
SQL: SELECT * FROM `zy_api` WHERE `py_name` = 'cache' AND `appid` = '201586485090108670' LIMIT 1   [ RunTime:0.0003s ]

[ 2015-11-29T03:56:08+08:00 ] 127.0.0.1 /guoji/vshop/CacheApi/?a=Get&appid=201586485090108670&c=Local&name=list&nonce_str=91svhswl9ewdp8340py3663j7cbmuovv&time_stamp=1448740568&version=1.0
INFO: [ app_init ] --START--
INFO: Run Behavior\BuildLiteBehavior [ RunTime:0.000017s ]
INFO: [ app_init ] --END-- [ RunTime:0.000101s ]
INFO: [ app_begin ] --START--
INFO: Run Behavior\ReadHtmlCacheBehavior [ RunTime:0.000890s ]
INFO: [ app_begin ] --END-- [ RunTime:0.000974s ]
NOTIC: [2048] Declaration of Home\Controller\LocalController::Get() should be compatible with that of Think\Controller::get() D:\wamp\www\guoji\vshop\CacheApi\Cache\Home\Controller\LocalController.class.php 第 4 行.
SQL: SHOW COLUMNS FROM `zy_api` [ RunTime:0.0039s ]
SQL: SELECT * FROM `zy_api` WHERE `py_name` = 'cache' AND `appid` = '201586485090108670' LIMIT 1   [ RunTime:0.0002s ]

[ 2015-11-29T03:56:11+08:00 ] 127.0.0.1 /guoji/vshop/CacheApi/?a=Get&appid=201586485090108670&c=Local&name=list&nonce_str=kxqycsj1rzs9kn6usgbysmg2hi4u1dk2&time_stamp=1448740571&version=1.0
INFO: [ app_init ] --START--
INFO: Run Behavior\BuildLiteBehavior [ RunTime:0.000017s ]
INFO: [ app_init ] --END-- [ RunTime:0.000100s ]
INFO: [ app_begin ] --START--
INFO: Run Behavior\ReadHtmlCacheBehavior [ RunTime:0.000809s ]
INFO: [ app_begin ] --END-- [ RunTime:0.000888s ]
NOTIC: [2048] Declaration of Home\Controller\LocalController::Get() should be compatible with that of Think\Controller::get() D:\wamp\www\guoji\vshop\CacheApi\Cache\Home\Controller\LocalController.class.php 第 4 行.
SQL: SHOW COLUMNS FROM `zy_api` [ RunTime:0.0045s ]
SQL: SELECT * FROM `zy_api` WHERE `py_name` = 'cache' AND `appid` = '201586485090108670' LIMIT 1   [ RunTime:0.0002s ]

[ 2015-11-29T03:56:13+08:00 ] 127.0.0.1 /guoji/vshop/CacheApi/?a=Get&appid=201586485090108670&c=Local&name=list&nonce_str=efi8l3snmmwqypluad70mmp4ba3nlbc7&time_stamp=1448740573&version=1.0
INFO: [ app_init ] --START--
INFO: Run Behavior\BuildLiteBehavior [ RunTime:0.000018s ]
INFO: [ app_init ] --END-- [ RunTime:0.000104s ]
INFO: [ app_begin ] --START--
INFO: Run Behavior\ReadHtmlCacheBehavior [ RunTime:0.000865s ]
INFO: [ app_begin ] --END-- [ RunTime:0.000951s ]
NOTIC: [2048] Declaration of Home\Controller\LocalController::Get() should be compatible with that of Think\Controller::get() D:\wamp\www\guoji\vshop\CacheApi\Cache\Home\Controller\LocalController.class.php 第 4 行.
SQL: SHOW COLUMNS FROM `zy_api` [ RunTime:0.0044s ]
SQL: SELECT * FROM `zy_api` WHERE `py_name` = 'cache' AND `appid` = '201586485090108670' LIMIT 1   [ RunTime:0.0002s ]

[ 2015-11-29T10:59:32+08:00 ] 127.0.0.1 /guoji/vshop/CacheApi/?a=Get&appid=201586485090108670&c=Local&name=list&nonce_str=yhp3xw02bq8srgfrdrt7h0lvfu8o1q0t&time_stamp=1448765972&version=1.0
INFO: [ app_init ] --START--
INFO: Run Behavior\BuildLiteBehavior [ RunTime:0.000025s ]
INFO: [ app_init ] --END-- [ RunTime:0.000148s ]
INFO: [ app_begin ] --START--
INFO: Run Behavior\ReadHtmlCacheBehavior [ RunTime:0.001219s ]
INFO: [ app_begin ] --END-- [ RunTime:0.001305s ]
NOTIC: [2048] Declaration of Home\Controller\LocalController::Get() should be compatible with that of Think\Controller::get() D:\wamp\www\guoji\vshop\CacheApi\Cache\Home\Controller\LocalController.class.php 第 4 行.
SQL: SHOW COLUMNS FROM `zy_api` [ RunTime:0.0052s ]
SQL: SELECT * FROM `zy_api` WHERE `py_name` = 'cache' AND `appid` = '201586485090108670' LIMIT 1   [ RunTime:0.0003s ]

[ 2015-11-29T14:20:45+08:00 ] 127.0.0.1 /guoji/vshop/CacheApi/?a=Get&appid=201586485090108670&c=Local&name=list&nonce_str=yc89egerrd007ow92459eds9g4in9www&time_stamp=1448778045&version=1.0
INFO: [ app_init ] --START--
INFO: Run Behavior\BuildLiteBehavior [ RunTime:0.000020s ]
INFO: [ app_init ] --END-- [ RunTime:0.000105s ]
INFO: [ app_begin ] --START--
INFO: Run Behavior\ReadHtmlCacheBehavior [ RunTime:0.001234s ]
INFO: [ app_begin ] --END-- [ RunTime:0.001329s ]
NOTIC: [2048] Declaration of Home\Controller\LocalController::Get() should be compatible with that of Think\Controller::get() D:\wamp\www\guoji\vshop\CacheApi\Cache\Home\Controller\LocalController.class.php 第 4 行.
SQL: SHOW COLUMNS FROM `zy_api` [ RunTime:0.0048s ]
SQL: SELECT * FROM `zy_api` WHERE `py_name` = 'cache' AND `appid` = '201586485090108670' LIMIT 1   [ RunTime:0.0003s ]

[ 2015-11-29T14:20:52+08:00 ] 127.0.0.1 /guoji/vshop/CacheApi/?a=Get&appid=201586485090108670&c=Local&name=list&nonce_str=sav0104pbcpu6kgusm7fqh5e150uxyur&time_stamp=1448778052&version=1.0
INFO: [ app_init ] --START--
INFO: Run Behavior\BuildLiteBehavior [ RunTime:0.000018s ]
INFO: [ app_init ] --END-- [ RunTime:0.000108s ]
INFO: [ app_begin ] --START--
INFO: Run Behavior\ReadHtmlCacheBehavior [ RunTime:0.001446s ]
INFO: [ app_begin ] --END-- [ RunTime:0.001533s ]
NOTIC: [2048] Declaration of Home\Controller\LocalController::Get() should be compatible with that of Think\Controller::get() D:\wamp\www\guoji\vshop\CacheApi\Cache\Home\Controller\LocalController.class.php 第 4 行.
SQL: SHOW COLUMNS FROM `zy_api` [ RunTime:0.0038s ]
SQL: SELECT * FROM `zy_api` WHERE `py_name` = 'cache' AND `appid` = '201586485090108670' LIMIT 1   [ RunTime:0.0003s ]

[ 2015-11-29T14:20:53+08:00 ] 127.0.0.1 /guoji/vshop/CacheApi/?a=Get&appid=201586485090108670&c=Local&name=list&nonce_str=zdn8z2zkroab7uomke8i3wv3ov2k1ztt&time_stamp=1448778053&version=1.0
INFO: [ app_init ] --START--
INFO: Run Behavior\BuildLiteBehavior [ RunTime:0.000018s ]
INFO: [ app_init ] --END-- [ RunTime:0.000103s ]
INFO: [ app_begin ] --START--
INFO: Run Behavior\ReadHtmlCacheBehavior [ RunTime:0.001411s ]
INFO: [ app_begin ] --END-- [ RunTime:0.001498s ]
NOTIC: [2048] Declaration of Home\Controller\LocalController::Get() should be compatible with that of Think\Controller::get() D:\wamp\www\guoji\vshop\CacheApi\Cache\Home\Controller\LocalController.class.php 第 4 行.
SQL: SHOW COLUMNS FROM `zy_api` [ RunTime:0.0037s ]
SQL: SELECT * FROM `zy_api` WHERE `py_name` = 'cache' AND `appid` = '201586485090108670' LIMIT 1   [ RunTime:0.0002s ]

[ 2015-11-29T14:20:55+08:00 ] 127.0.0.1 /guoji/vshop/CacheApi/?a=Get&appid=201586485090108670&c=Local&name=list&nonce_str=fv6xiew08yirhd2q1mlhoy45l8ts9qcc&time_stamp=1448778055&version=1.0
INFO: [ app_init ] --START--
INFO: Run Behavior\BuildLiteBehavior [ RunTime:0.000018s ]
INFO: [ app_init ] --END-- [ RunTime:0.000104s ]
INFO: [ app_begin ] --START--
INFO: Run Behavior\ReadHtmlCacheBehavior [ RunTime:0.001412s ]
INFO: [ app_begin ] --END-- [ RunTime:0.001502s ]
NOTIC: [2048] Declaration of Home\Controller\LocalController::Get() should be compatible with that of Think\Controller::get() D:\wamp\www\guoji\vshop\CacheApi\Cache\Home\Controller\LocalController.class.php 第 4 行.
SQL: SHOW COLUMNS FROM `zy_api` [ RunTime:0.0038s ]
SQL: SELECT * FROM `zy_api` WHERE `py_name` = 'cache' AND `appid` = '201586485090108670' LIMIT 1   [ RunTime:0.0003s ]

[ 2015-11-29T14:20:57+08:00 ] 127.0.0.1 /guoji/vshop/CacheApi/?a=Get&appid=201586485090108670&c=Local&name=list&nonce_str=hv5afar6rby5u8uchhmarkvyh3vxk5fk&time_stamp=1448778057&version=1.0
INFO: [ app_init ] --START--
INFO: Run Behavior\BuildLiteBehavior [ RunTime:0.000020s ]
INFO: [ app_init ] --END-- [ RunTime:0.000111s ]
INFO: [ app_begin ] --START--
INFO: Run Behavior\ReadHtmlCacheBehavior [ RunTime:0.001377s ]
INFO: [ app_begin ] --END-- [ RunTime:0.001464s ]
NOTIC: [2048] Declaration of Home\Controller\LocalController::Get() should be compatible with that of Think\Controller::get() D:\wamp\www\guoji\vshop\CacheApi\Cache\Home\Controller\LocalController.class.php 第 4 行.
SQL: SHOW COLUMNS FROM `zy_api` [ RunTime:0.0038s ]
SQL: SELECT * FROM `zy_api` WHERE `py_name` = 'cache' AND `appid` = '201586485090108670' LIMIT 1   [ RunTime:0.0002s ]

[ 2015-11-29T14:20:58+08:00 ] 127.0.0.1 /guoji/vshop/CacheApi/?a=Get&appid=201586485090108670&c=Local&name=list&nonce_str=kizsvjm37bde7emownm21njnt2mc1jr8&time_stamp=1448778058&version=1.0
INFO: [ app_init ] --START--
INFO: Run Behavior\BuildLiteBehavior [ RunTime:0.000021s ]
INFO: [ app_init ] --END-- [ RunTime:0.000262s ]
INFO: [ app_begin ] --START--
INFO: Run Behavior\ReadHtmlCacheBehavior [ RunTime:0.002360s ]
INFO: [ app_begin ] --END-- [ RunTime:0.002459s ]
NOTIC: [2048] Declaration of Home\Controller\LocalController::Get() should be compatible with that of Think\Controller::get() D:\wamp\www\guoji\vshop\CacheApi\Cache\Home\Controller\LocalController.class.php 第 4 行.
SQL: SHOW COLUMNS FROM `zy_api` [ RunTime:0.0038s ]
SQL: SELECT * FROM `zy_api` WHERE `py_name` = 'cache' AND `appid` = '201586485090108670' LIMIT 1   [ RunTime:0.0003s ]

[ 2015-11-29T14:21:09+08:00 ] 127.0.0.1 /guoji/vshop/CacheApi/?a=Get&appid=201586485090108670&c=Local&name=list&nonce_str=jckqsa763n4qors4e8sndyhsr6cyayn5&time_stamp=1448778068&version=1.0
INFO: [ app_init ] --START--
INFO: Run Behavior\BuildLiteBehavior [ RunTime:0.000019s ]
INFO: [ app_init ] --END-- [ RunTime:0.000106s ]
INFO: [ app_begin ] --START--
INFO: Run Behavior\ReadHtmlCacheBehavior [ RunTime:0.001372s ]
INFO: [ app_begin ] --END-- [ RunTime:0.001456s ]
NOTIC: [2048] Declaration of Home\Controller\LocalController::Get() should be compatible with that of Think\Controller::get() D:\wamp\www\guoji\vshop\CacheApi\Cache\Home\Controller\LocalController.class.php 第 4 行.
SQL: SHOW COLUMNS FROM `zy_api` [ RunTime:0.0038s ]
SQL: SELECT * FROM `zy_api` WHERE `py_name` = 'cache' AND `appid` = '201586485090108670' LIMIT 1   [ RunTime:0.0003s ]

