[ 2015-11-25T22:14:44+08:00 ] 127.0.0.1 /guoji/vshop/CacheApi/?a=Get&appid=201586485090108670&c=Local&name=list&nonce_str=g7nnl92h7c7yjujv9w567q3wrepc3dpm&time_stamp=1448460884&version=1.0
INFO: [ app_init ] --START--
INFO: Run Behavior\BuildLiteBehavior [ RunTime:0.000017s ]
INFO: [ app_init ] --END-- [ RunTime:0.000097s ]
INFO: [ app_begin ] --START--
INFO: Run Behavior\ReadHtmlCacheBehavior [ RunTime:0.003081s ]
INFO: [ app_begin ] --END-- [ RunTime:0.003185s ]
NOTIC: [2048] Declaration of Home\Controller\LocalController::Get() should be compatible with that of Think\Controller::get() D:\wamp\www\guoji\vshop\CacheApi\Cache\Home\Controller\LocalController.class.php 第 4 行.
SQL: SHOW COLUMNS FROM `zy_api` [ RunTime:0.0037s ]
SQL: SELECT * FROM `zy_api` WHERE `py_name` = 'cache' AND `appid` = '201586485090108670' LIMIT 1   [ RunTime:0.0002s ]

[ 2015-11-25T22:17:54+08:00 ] 127.0.0.1 /guoji/vshop/CacheApi/?a=Get&appid=201586485090108670&c=Local&name=list&nonce_str=vhtp1x7srxm7tz2g4iuel8t6aud6529j&time_stamp=1448461074&version=1.0
INFO: [ app_init ] --START--
INFO: Run Behavior\BuildLiteBehavior [ RunTime:0.000016s ]
INFO: [ app_init ] --END-- [ RunTime:0.000091s ]
INFO: [ app_begin ] --START--
INFO: Run Behavior\ReadHtmlCacheBehavior [ RunTime:0.001228s ]
INFO: [ app_begin ] --END-- [ RunTime:0.001308s ]
NOTIC: [2048] Declaration of Home\Controller\LocalController::Get() should be compatible with that of Think\Controller::get() D:\wamp\www\guoji\vshop\CacheApi\Cache\Home\Controller\LocalController.class.php 第 4 行.
SQL: SHOW COLUMNS FROM `zy_api` [ RunTime:0.0042s ]
SQL: SELECT * FROM `zy_api` WHERE `py_name` = 'cache' AND `appid` = '201586485090108670' LIMIT 1   [ RunTime:0.0002s ]

[ 2015-11-25T22:18:53+08:00 ] 127.0.0.1 /guoji/vshop/CacheApi/?a=Get&appid=201586485090108670&c=Local&name=list&nonce_str=ibyvnbmbyveb79uv0j70x30ganjqa3af&time_stamp=1448461133&version=1.0
INFO: [ app_init ] --START--
INFO: Run Behavior\BuildLiteBehavior [ RunTime:0.000017s ]
INFO: [ app_init ] --END-- [ RunTime:0.000100s ]
INFO: [ app_begin ] --START--
INFO: Run Behavior\ReadHtmlCacheBehavior [ RunTime:0.001217s ]
INFO: [ app_begin ] --END-- [ RunTime:0.001302s ]
NOTIC: [2048] Declaration of Home\Controller\LocalController::Get() should be compatible with that of Think\Controller::get() D:\wamp\www\guoji\vshop\CacheApi\Cache\Home\Controller\LocalController.class.php 第 4 行.
SQL: SHOW COLUMNS FROM `zy_api` [ RunTime:0.0037s ]
SQL: SELECT * FROM `zy_api` WHERE `py_name` = 'cache' AND `appid` = '201586485090108670' LIMIT 1   [ RunTime:0.0002s ]

[ 2015-11-25T22:19:26+08:00 ] 127.0.0.1 /guoji/vshop/CacheApi/?a=Get&appid=201586485090108670&c=Local&name=list&nonce_str=0yfjs1cifytw5za5nioiiq5p67nhy59i&time_stamp=1448461166&version=1.0
INFO: [ app_init ] --START--
INFO: Run Behavior\BuildLiteBehavior [ RunTime:0.000018s ]
INFO: [ app_init ] --END-- [ RunTime:0.000095s ]
INFO: [ app_begin ] --START--
INFO: Run Behavior\ReadHtmlCacheBehavior [ RunTime:0.000803s ]
INFO: [ app_begin ] --END-- [ RunTime:0.000888s ]
NOTIC: [2048] Declaration of Home\Controller\LocalController::Get() should be compatible with that of Think\Controller::get() D:\wamp\www\guoji\vshop\CacheApi\Cache\Home\Controller\LocalController.class.php 第 4 行.
SQL: SHOW COLUMNS FROM `zy_api` [ RunTime:0.0036s ]
SQL: SELECT * FROM `zy_api` WHERE `py_name` = 'cache' AND `appid` = '201586485090108670' LIMIT 1   [ RunTime:0.0003s ]

[ 2015-11-25T22:20:01+08:00 ] 127.0.0.1 /guoji/vshop/CacheApi/?a=Get&appid=201586485090108670&c=Local&name=list&nonce_str=47txqb8oqnbetrnz2ulrfxf62a8tgpbx&time_stamp=1448461201&version=1.0
INFO: [ app_init ] --START--
INFO: Run Behavior\BuildLiteBehavior [ RunTime:0.000020s ]
INFO: [ app_init ] --END-- [ RunTime:0.000110s ]
INFO: [ app_begin ] --START--
INFO: Run Behavior\ReadHtmlCacheBehavior [ RunTime:0.000773s ]
INFO: [ app_begin ] --END-- [ RunTime:0.000851s ]
NOTIC: [2048] Declaration of Home\Controller\LocalController::Get() should be compatible with that of Think\Controller::get() D:\wamp\www\guoji\vshop\CacheApi\Cache\Home\Controller\LocalController.class.php 第 4 行.
SQL: SHOW COLUMNS FROM `zy_api` [ RunTime:0.0036s ]
SQL: SELECT * FROM `zy_api` WHERE `py_name` = 'cache' AND `appid` = '201586485090108670' LIMIT 1   [ RunTime:0.0002s ]

[ 2015-11-25T22:20:41+08:00 ] 127.0.0.1 /guoji/vshop/CacheApi/?a=Get&appid=201586485090108670&c=Local&name=list&nonce_str=f8g9qt3hhjwmbwnzniffl5sm9vwg4b0c&time_stamp=1448461241&version=1.0
INFO: [ app_init ] --START--
INFO: Run Behavior\BuildLiteBehavior [ RunTime:0.000019s ]
INFO: [ app_init ] --END-- [ RunTime:0.000105s ]
INFO: [ app_begin ] --START--
INFO: Run Behavior\ReadHtmlCacheBehavior [ RunTime:0.000794s ]
INFO: [ app_begin ] --END-- [ RunTime:0.000877s ]
NOTIC: [2048] Declaration of Home\Controller\LocalController::Get() should be compatible with that of Think\Controller::get() D:\wamp\www\guoji\vshop\CacheApi\Cache\Home\Controller\LocalController.class.php 第 4 行.
SQL: SHOW COLUMNS FROM `zy_api` [ RunTime:0.0042s ]
SQL: SELECT * FROM `zy_api` WHERE `py_name` = 'cache' AND `appid` = '201586485090108670' LIMIT 1   [ RunTime:0.0003s ]

[ 2015-11-25T22:26:07+08:00 ] 127.0.0.1 /guoji/vshop/CacheApi/?a=Get&appid=201586485090108670&c=Local&name=list&nonce_str=p97y3ov57oof85y6yy21039cctarg9vz&time_stamp=1448461566&version=1.0
INFO: [ app_init ] --START--
INFO: Run Behavior\BuildLiteBehavior [ RunTime:0.000020s ]
INFO: [ app_init ] --END-- [ RunTime:0.000105s ]
INFO: [ app_begin ] --START--
INFO: Run Behavior\ReadHtmlCacheBehavior [ RunTime:0.001622s ]
INFO: [ app_begin ] --END-- [ RunTime:0.001711s ]
NOTIC: [2048] Declaration of Home\Controller\LocalController::Get() should be compatible with that of Think\Controller::get() D:\wamp\www\guoji\vshop\CacheApi\Cache\Home\Controller\LocalController.class.php 第 4 行.
SQL: SHOW COLUMNS FROM `zy_api` [ RunTime:0.0038s ]
SQL: SELECT * FROM `zy_api` WHERE `py_name` = 'cache' AND `appid` = '201586485090108670' LIMIT 1   [ RunTime:0.0002s ]

[ 2015-11-25T22:30:14+08:00 ] 127.0.0.1 /guoji/vshop/CacheApi/?a=Get&appid=201586485090108670&c=Local&name=list&nonce_str=8yt9ibiuxt5havupgvtfyi9bi1zw8ke5&time_stamp=1448461814&version=1.0
INFO: [ app_init ] --START--
INFO: Run Behavior\BuildLiteBehavior [ RunTime:0.000018s ]
INFO: [ app_init ] --END-- [ RunTime:0.000103s ]
INFO: [ app_begin ] --START--
INFO: Run Behavior\ReadHtmlCacheBehavior [ RunTime:0.001457s ]
INFO: [ app_begin ] --END-- [ RunTime:0.001540s ]
NOTIC: [2048] Declaration of Home\Controller\LocalController::Get() should be compatible with that of Think\Controller::get() D:\wamp\www\guoji\vshop\CacheApi\Cache\Home\Controller\LocalController.class.php 第 4 行.
SQL: SHOW COLUMNS FROM `zy_api` [ RunTime:0.0036s ]
SQL: SELECT * FROM `zy_api` WHERE `py_name` = 'cache' AND `appid` = '201586485090108670' LIMIT 1   [ RunTime:0.0002s ]

[ 2015-11-25T22:32:30+08:00 ] 127.0.0.1 /guoji/vshop/CacheApi/?a=Get&appid=201586485090108670&c=Local&name=list&nonce_str=9puodwalrmz59rx42prxmy6zorerm53q&time_stamp=1448461950&version=1.0
INFO: [ app_init ] --START--
INFO: Run Behavior\BuildLiteBehavior [ RunTime:0.000019s ]
INFO: [ app_init ] --END-- [ RunTime:0.000108s ]
INFO: [ app_begin ] --START--
INFO: Run Behavior\ReadHtmlCacheBehavior [ RunTime:0.001414s ]
INFO: [ app_begin ] --END-- [ RunTime:0.001515s ]
NOTIC: [2048] Declaration of Home\Controller\LocalController::Get() should be compatible with that of Think\Controller::get() D:\wamp\www\guoji\vshop\CacheApi\Cache\Home\Controller\LocalController.class.php 第 4 行.
SQL: SHOW COLUMNS FROM `zy_api` [ RunTime:0.0042s ]
SQL: SELECT * FROM `zy_api` WHERE `py_name` = 'cache' AND `appid` = '201586485090108670' LIMIT 1   [ RunTime:0.0003s ]

[ 2015-11-25T22:32:32+08:00 ] 127.0.0.1 /guoji/vshop/CacheApi/?a=Get&appid=201586485090108670&c=Local&name=list&nonce_str=mztbsz96ldfgx7b9vmicn9xuxrdmzrmb&time_stamp=1448461952&version=1.0
INFO: [ app_init ] --START--
INFO: Run Behavior\BuildLiteBehavior [ RunTime:0.000019s ]
INFO: [ app_init ] --END-- [ RunTime:0.000110s ]
INFO: [ app_begin ] --START--
INFO: Run Behavior\ReadHtmlCacheBehavior [ RunTime:0.001287s ]
INFO: [ app_begin ] --END-- [ RunTime:0.001386s ]
NOTIC: [2048] Declaration of Home\Controller\LocalController::Get() should be compatible with that of Think\Controller::get() D:\wamp\www\guoji\vshop\CacheApi\Cache\Home\Controller\LocalController.class.php 第 4 行.
SQL: SHOW COLUMNS FROM `zy_api` [ RunTime:0.0039s ]
SQL: SELECT * FROM `zy_api` WHERE `py_name` = 'cache' AND `appid` = '201586485090108670' LIMIT 1   [ RunTime:0.0003s ]

[ 2015-11-25T22:32:33+08:00 ] 127.0.0.1 /guoji/vshop/CacheApi/?a=Get&appid=201586485090108670&c=Local&name=list&nonce_str=im5ncxks2dusmynkk286g0xb7pvabz28&time_stamp=1448461953&version=1.0
INFO: [ app_init ] --START--
INFO: Run Behavior\BuildLiteBehavior [ RunTime:0.000018s ]
INFO: [ app_init ] --END-- [ RunTime:0.000099s ]
INFO: [ app_begin ] --START--
INFO: Run Behavior\ReadHtmlCacheBehavior [ RunTime:0.000762s ]
INFO: [ app_begin ] --END-- [ RunTime:0.000844s ]
NOTIC: [2048] Declaration of Home\Controller\LocalController::Get() should be compatible with that of Think\Controller::get() D:\wamp\www\guoji\vshop\CacheApi\Cache\Home\Controller\LocalController.class.php 第 4 行.
SQL: SHOW COLUMNS FROM `zy_api` [ RunTime:0.0037s ]
SQL: SELECT * FROM `zy_api` WHERE `py_name` = 'cache' AND `appid` = '201586485090108670' LIMIT 1   [ RunTime:0.0003s ]

[ 2015-11-25T22:32:36+08:00 ] 127.0.0.1 /guoji/vshop/CacheApi/?a=Get&appid=201586485090108670&c=Local&name=list&nonce_str=nmyao0mwvnqyvof53o3dja5ua9f9nuz9&time_stamp=1448461956&version=1.0
INFO: [ app_init ] --START--
INFO: Run Behavior\BuildLiteBehavior [ RunTime:0.000017s ]
INFO: [ app_init ] --END-- [ RunTime:0.000098s ]
INFO: [ app_begin ] --START--
INFO: Run Behavior\ReadHtmlCacheBehavior [ RunTime:0.000827s ]
INFO: [ app_begin ] --END-- [ RunTime:0.000906s ]
NOTIC: [2048] Declaration of Home\Controller\LocalController::Get() should be compatible with that of Think\Controller::get() D:\wamp\www\guoji\vshop\CacheApi\Cache\Home\Controller\LocalController.class.php 第 4 行.
SQL: SHOW COLUMNS FROM `zy_api` [ RunTime:0.0037s ]
SQL: SELECT * FROM `zy_api` WHERE `py_name` = 'cache' AND `appid` = '201586485090108670' LIMIT 1   [ RunTime:0.0003s ]

[ 2015-11-25T22:33:09+08:00 ] 127.0.0.1 /guoji/vshop/CacheApi/?a=Get&appid=201586485090108670&c=Local&name=list&nonce_str=n3wzlvnmfy6cj4q9nffq4w63autj95fx&time_stamp=1448461989&version=1.0
INFO: [ app_init ] --START--
INFO: Run Behavior\BuildLiteBehavior [ RunTime:0.000019s ]
INFO: [ app_init ] --END-- [ RunTime:0.000108s ]
INFO: [ app_begin ] --START--
INFO: Run Behavior\ReadHtmlCacheBehavior [ RunTime:0.001690s ]
INFO: [ app_begin ] --END-- [ RunTime:0.001786s ]
NOTIC: [2048] Declaration of Home\Controller\LocalController::Get() should be compatible with that of Think\Controller::get() D:\wamp\www\guoji\vshop\CacheApi\Cache\Home\Controller\LocalController.class.php 第 4 行.
SQL: SHOW COLUMNS FROM `zy_api` [ RunTime:0.0039s ]
SQL: SELECT * FROM `zy_api` WHERE `py_name` = 'cache' AND `appid` = '201586485090108670' LIMIT 1   [ RunTime:0.0002s ]

[ 2015-11-25T22:34:35+08:00 ] 127.0.0.1 /guoji/vshop/CacheApi/?a=Get&appid=201586485090108670&c=Local&name=list&nonce_str=pt373v8zlue2s6iydtwdn6q3ga1o2o7f&time_stamp=1448462075&version=1.0
INFO: [ app_init ] --START--
INFO: Run Behavior\BuildLiteBehavior [ RunTime:0.000019s ]
INFO: [ app_init ] --END-- [ RunTime:0.000107s ]
INFO: [ app_begin ] --START--
INFO: Run Behavior\ReadHtmlCacheBehavior [ RunTime:0.001380s ]
INFO: [ app_begin ] --END-- [ RunTime:0.001463s ]
NOTIC: [2048] Declaration of Home\Controller\LocalController::Get() should be compatible with that of Think\Controller::get() D:\wamp\www\guoji\vshop\CacheApi\Cache\Home\Controller\LocalController.class.php 第 4 行.
SQL: SHOW COLUMNS FROM `zy_api` [ RunTime:0.0039s ]
SQL: SELECT * FROM `zy_api` WHERE `py_name` = 'cache' AND `appid` = '201586485090108670' LIMIT 1   [ RunTime:0.0003s ]

[ 2015-11-25T22:34:36+08:00 ] 127.0.0.1 /guoji/vshop/CacheApi/?a=Get&appid=201586485090108670&c=Local&name=list&nonce_str=b5z28iazj5anyk78hide3a81uphft7nj&time_stamp=1448462076&version=1.0
INFO: [ app_init ] --START--
INFO: Run Behavior\BuildLiteBehavior [ RunTime:0.000017s ]
INFO: [ app_init ] --END-- [ RunTime:0.000100s ]
INFO: [ app_begin ] --START--
INFO: Run Behavior\ReadHtmlCacheBehavior [ RunTime:0.001342s ]
INFO: [ app_begin ] --END-- [ RunTime:0.001425s ]
NOTIC: [2048] Declaration of Home\Controller\LocalController::Get() should be compatible with that of Think\Controller::get() D:\wamp\www\guoji\vshop\CacheApi\Cache\Home\Controller\LocalController.class.php 第 4 行.
SQL: SHOW COLUMNS FROM `zy_api` [ RunTime:0.0036s ]
SQL: SELECT * FROM `zy_api` WHERE `py_name` = 'cache' AND `appid` = '201586485090108670' LIMIT 1   [ RunTime:0.0003s ]

[ 2015-11-25T22:34:37+08:00 ] 127.0.0.1 /guoji/vshop/CacheApi/?a=Get&appid=201586485090108670&c=Local&name=list&nonce_str=2a3s39tckjevhix1bbvwhd5ws6wm3ebx&time_stamp=1448462077&version=1.0
INFO: [ app_init ] --START--
INFO: Run Behavior\BuildLiteBehavior [ RunTime:0.000016s ]
INFO: [ app_init ] --END-- [ RunTime:0.000096s ]
INFO: [ app_begin ] --START--
INFO: Run Behavior\ReadHtmlCacheBehavior [ RunTime:0.001338s ]
INFO: [ app_begin ] --END-- [ RunTime:0.001418s ]
NOTIC: [2048] Declaration of Home\Controller\LocalController::Get() should be compatible with that of Think\Controller::get() D:\wamp\www\guoji\vshop\CacheApi\Cache\Home\Controller\LocalController.class.php 第 4 行.
SQL: SHOW COLUMNS FROM `zy_api` [ RunTime:0.0037s ]
SQL: SELECT * FROM `zy_api` WHERE `py_name` = 'cache' AND `appid` = '201586485090108670' LIMIT 1   [ RunTime:0.0003s ]

[ 2015-11-25T22:34:57+08:00 ] 127.0.0.1 /guoji/vshop/CacheApi/?a=Get&appid=201586485090108670&c=Local&name=list&nonce_str=abulcoax2wvxfr1i3lnsdklrj8hxm48i&time_stamp=1448462097&version=1.0
INFO: [ app_init ] --START--
INFO: Run Behavior\BuildLiteBehavior [ RunTime:0.000018s ]
INFO: [ app_init ] --END-- [ RunTime:0.000101s ]
INFO: [ app_begin ] --START--
INFO: Run Behavior\ReadHtmlCacheBehavior [ RunTime:0.001366s ]
INFO: [ app_begin ] --END-- [ RunTime:0.001448s ]
NOTIC: [2048] Declaration of Home\Controller\LocalController::Get() should be compatible with that of Think\Controller::get() D:\wamp\www\guoji\vshop\CacheApi\Cache\Home\Controller\LocalController.class.php 第 4 行.
SQL: SHOW COLUMNS FROM `zy_api` [ RunTime:0.0036s ]
SQL: SELECT * FROM `zy_api` WHERE `py_name` = 'cache' AND `appid` = '201586485090108670' LIMIT 1   [ RunTime:0.0002s ]

[ 2015-11-25T22:34:57+08:00 ] 127.0.0.1 /guoji/vshop/CacheApi/?a=Get&appid=201586485090108670&c=Local&name=list&nonce_str=q9qytta8nee9yluhn2gxt5k6j3c0a4ew&time_stamp=1448462097&version=1.0
INFO: [ app_init ] --START--
INFO: Run Behavior\BuildLiteBehavior [ RunTime:0.000018s ]
INFO: [ app_init ] --END-- [ RunTime:0.000099s ]
INFO: [ app_begin ] --START--
INFO: Run Behavior\ReadHtmlCacheBehavior [ RunTime:0.001414s ]
INFO: [ app_begin ] --END-- [ RunTime:0.001497s ]
NOTIC: [2048] Declaration of Home\Controller\LocalController::Get() should be compatible with that of Think\Controller::get() D:\wamp\www\guoji\vshop\CacheApi\Cache\Home\Controller\LocalController.class.php 第 4 行.
SQL: SHOW COLUMNS FROM `zy_api` [ RunTime:0.0039s ]
SQL: SELECT * FROM `zy_api` WHERE `py_name` = 'cache' AND `appid` = '201586485090108670' LIMIT 1   [ RunTime:0.0003s ]

[ 2015-11-25T22:35:23+08:00 ] 127.0.0.1 /guoji/vshop/CacheApi/?a=Get&appid=201586485090108670&c=Local&name=list&nonce_str=iuzv8ftt69061d19ngu1rxw4km1ja3yn&time_stamp=1448462123&version=1.0
INFO: [ app_init ] --START--
INFO: Run Behavior\BuildLiteBehavior [ RunTime:0.000018s ]
INFO: [ app_init ] --END-- [ RunTime:0.000097s ]
INFO: [ app_begin ] --START--
INFO: Run Behavior\ReadHtmlCacheBehavior [ RunTime:0.001557s ]
INFO: [ app_begin ] --END-- [ RunTime:0.001649s ]
NOTIC: [2048] Declaration of Home\Controller\LocalController::Get() should be compatible with that of Think\Controller::get() D:\wamp\www\guoji\vshop\CacheApi\Cache\Home\Controller\LocalController.class.php 第 4 行.
SQL: SHOW COLUMNS FROM `zy_api` [ RunTime:0.0037s ]
SQL: SELECT * FROM `zy_api` WHERE `py_name` = 'cache' AND `appid` = '201586485090108670' LIMIT 1   [ RunTime:0.0004s ]

[ 2015-11-25T22:35:41+08:00 ] 127.0.0.1 /guoji/vshop/CacheApi/?a=Get&appid=201586485090108670&c=Local&name=list&nonce_str=5i514hpnmm7otz7sg1ddj9ys2mi6e3bk&time_stamp=1448462141&version=1.0
INFO: [ app_init ] --START--
INFO: Run Behavior\BuildLiteBehavior [ RunTime:0.000018s ]
INFO: [ app_init ] --END-- [ RunTime:0.000103s ]
INFO: [ app_begin ] --START--
INFO: Run Behavior\ReadHtmlCacheBehavior [ RunTime:0.001550s ]
INFO: [ app_begin ] --END-- [ RunTime:0.001656s ]
NOTIC: [2048] Declaration of Home\Controller\LocalController::Get() should be compatible with that of Think\Controller::get() D:\wamp\www\guoji\vshop\CacheApi\Cache\Home\Controller\LocalController.class.php 第 4 行.
SQL: SHOW COLUMNS FROM `zy_api` [ RunTime:0.0038s ]
SQL: SELECT * FROM `zy_api` WHERE `py_name` = 'cache' AND `appid` = '201586485090108670' LIMIT 1   [ RunTime:0.0003s ]

[ 2015-11-25T22:35:42+08:00 ] 127.0.0.1 /guoji/vshop/CacheApi/?a=Get&appid=201586485090108670&c=Local&name=list&nonce_str=daia4so8livr6yki0cu3wwqgy1sp3dy7&time_stamp=1448462142&version=1.0
INFO: [ app_init ] --START--
INFO: Run Behavior\BuildLiteBehavior [ RunTime:0.000038s ]
INFO: [ app_init ] --END-- [ RunTime:0.000153s ]
INFO: [ app_begin ] --START--
INFO: Run Behavior\ReadHtmlCacheBehavior [ RunTime:0.001176s ]
INFO: [ app_begin ] --END-- [ RunTime:0.001261s ]
NOTIC: [2048] Declaration of Home\Controller\LocalController::Get() should be compatible with that of Think\Controller::get() D:\wamp\www\guoji\vshop\CacheApi\Cache\Home\Controller\LocalController.class.php 第 4 行.
SQL: SHOW COLUMNS FROM `zy_api` [ RunTime:0.0040s ]
SQL: SELECT * FROM `zy_api` WHERE `py_name` = 'cache' AND `appid` = '201586485090108670' LIMIT 1   [ RunTime:0.0003s ]

[ 2015-11-25T22:35:48+08:00 ] 127.0.0.1 /guoji/vshop/CacheApi/?a=Get&appid=201586485090108670&c=Local&name=list&nonce_str=lq53xg2xducy2g7bojuzohv5qazp2530&time_stamp=1448462148&version=1.0
INFO: [ app_init ] --START--
INFO: Run Behavior\BuildLiteBehavior [ RunTime:0.000019s ]
INFO: [ app_init ] --END-- [ RunTime:0.000107s ]
INFO: [ app_begin ] --START--
INFO: Run Behavior\ReadHtmlCacheBehavior [ RunTime:0.001100s ]
INFO: [ app_begin ] --END-- [ RunTime:0.001208s ]
NOTIC: [2048] Declaration of Home\Controller\LocalController::Get() should be compatible with that of Think\Controller::get() D:\wamp\www\guoji\vshop\CacheApi\Cache\Home\Controller\LocalController.class.php 第 4 行.
SQL: SHOW COLUMNS FROM `zy_api` [ RunTime:0.0040s ]
SQL: SELECT * FROM `zy_api` WHERE `py_name` = 'cache' AND `appid` = '201586485090108670' LIMIT 1   [ RunTime:0.0003s ]

[ 2015-11-25T22:36:00+08:00 ] 127.0.0.1 /guoji/vshop/CacheApi/?a=Get&appid=201586485090108670&c=Local&name=list&nonce_str=9lxo1qpkyo7wiuwfe8yxt5us3srhdyxi&time_stamp=1448462160&version=1.0
INFO: [ app_init ] --START--
INFO: Run Behavior\BuildLiteBehavior [ RunTime:0.000020s ]
INFO: [ app_init ] --END-- [ RunTime:0.000113s ]
INFO: [ app_begin ] --START--
INFO: Run Behavior\ReadHtmlCacheBehavior [ RunTime:0.000966s ]
INFO: [ app_begin ] --END-- [ RunTime:0.001062s ]
NOTIC: [2048] Declaration of Home\Controller\LocalController::Get() should be compatible with that of Think\Controller::get() D:\wamp\www\guoji\vshop\CacheApi\Cache\Home\Controller\LocalController.class.php 第 4 行.
SQL: SHOW COLUMNS FROM `zy_api` [ RunTime:0.0039s ]
SQL: SELECT * FROM `zy_api` WHERE `py_name` = 'cache' AND `appid` = '201586485090108670' LIMIT 1   [ RunTime:0.0003s ]

[ 2015-11-25T22:39:23+08:00 ] 127.0.0.1 /guoji/vshop/CacheApi/?a=Get&appid=201586485090108670&c=Local&name=list&nonce_str=jiuk52oq89iel9lhih0wwfmdrqcphgpc&time_stamp=1448462363&version=1.0
INFO: [ app_init ] --START--
INFO: Run Behavior\BuildLiteBehavior [ RunTime:0.000019s ]
INFO: [ app_init ] --END-- [ RunTime:0.000113s ]
INFO: [ app_begin ] --START--
INFO: Run Behavior\ReadHtmlCacheBehavior [ RunTime:0.001536s ]
INFO: [ app_begin ] --END-- [ RunTime:0.001628s ]
NOTIC: [2048] Declaration of Home\Controller\LocalController::Get() should be compatible with that of Think\Controller::get() D:\wamp\www\guoji\vshop\CacheApi\Cache\Home\Controller\LocalController.class.php 第 4 行.
SQL: SHOW COLUMNS FROM `zy_api` [ RunTime:0.0042s ]
SQL: SELECT * FROM `zy_api` WHERE `py_name` = 'cache' AND `appid` = '201586485090108670' LIMIT 1   [ RunTime:0.0003s ]

[ 2015-11-25T22:39:24+08:00 ] 127.0.0.1 /guoji/vshop/CacheApi/?a=Get&appid=201586485090108670&c=Local&name=list&nonce_str=6fbe7g0rbk9eta64flkicnh7z6u82osw&time_stamp=1448462364&version=1.0
INFO: [ app_init ] --START--
INFO: Run Behavior\BuildLiteBehavior [ RunTime:0.000018s ]
INFO: [ app_init ] --END-- [ RunTime:0.000125s ]
INFO: [ app_begin ] --START--
INFO: Run Behavior\ReadHtmlCacheBehavior [ RunTime:0.001230s ]
INFO: [ app_begin ] --END-- [ RunTime:0.001328s ]
NOTIC: [2048] Declaration of Home\Controller\LocalController::Get() should be compatible with that of Think\Controller::get() D:\wamp\www\guoji\vshop\CacheApi\Cache\Home\Controller\LocalController.class.php 第 4 行.
SQL: SHOW COLUMNS FROM `zy_api` [ RunTime:0.0041s ]
SQL: SELECT * FROM `zy_api` WHERE `py_name` = 'cache' AND `appid` = '201586485090108670' LIMIT 1   [ RunTime:0.0004s ]

[ 2015-11-25T22:39:25+08:00 ] 127.0.0.1 /guoji/vshop/CacheApi/?a=Get&appid=201586485090108670&c=Local&name=list&nonce_str=gt1ho0af33fzfepuo5407tx0ueqs21ni&time_stamp=1448462365&version=1.0
INFO: [ app_init ] --START--
INFO: Run Behavior\BuildLiteBehavior [ RunTime:0.000019s ]
INFO: [ app_init ] --END-- [ RunTime:0.000104s ]
INFO: [ app_begin ] --START--
INFO: Run Behavior\ReadHtmlCacheBehavior [ RunTime:0.000787s ]
INFO: [ app_begin ] --END-- [ RunTime:0.000870s ]
NOTIC: [2048] Declaration of Home\Controller\LocalController::Get() should be compatible with that of Think\Controller::get() D:\wamp\www\guoji\vshop\CacheApi\Cache\Home\Controller\LocalController.class.php 第 4 行.
SQL: SHOW COLUMNS FROM `zy_api` [ RunTime:0.0040s ]
SQL: SELECT * FROM `zy_api` WHERE `py_name` = 'cache' AND `appid` = '201586485090108670' LIMIT 1   [ RunTime:0.0002s ]

[ 2015-11-25T22:39:28+08:00 ] 127.0.0.1 /guoji/vshop/CacheApi/?a=Get&appid=201586485090108670&c=Local&name=list&nonce_str=8n8cccv9jsxy6dpjhvj86fvq8rhptx7c&time_stamp=1448462368&version=1.0
INFO: [ app_init ] --START--
INFO: Run Behavior\BuildLiteBehavior [ RunTime:0.000017s ]
INFO: [ app_init ] --END-- [ RunTime:0.000102s ]
INFO: [ app_begin ] --START--
INFO: Run Behavior\ReadHtmlCacheBehavior [ RunTime:0.000839s ]
INFO: [ app_begin ] --END-- [ RunTime:0.000937s ]
NOTIC: [2048] Declaration of Home\Controller\LocalController::Get() should be compatible with that of Think\Controller::get() D:\wamp\www\guoji\vshop\CacheApi\Cache\Home\Controller\LocalController.class.php 第 4 行.
SQL: SHOW COLUMNS FROM `zy_api` [ RunTime:0.0039s ]
SQL: SELECT * FROM `zy_api` WHERE `py_name` = 'cache' AND `appid` = '201586485090108670' LIMIT 1   [ RunTime:0.0005s ]

[ 2015-11-25T22:39:29+08:00 ] 127.0.0.1 /guoji/vshop/CacheApi/?a=Get&appid=201586485090108670&c=Local&name=list&nonce_str=zsixr4u7hy8icx6pfucl7lojq3jeluyu&time_stamp=1448462369&version=1.0
INFO: [ app_init ] --START--
INFO: Run Behavior\BuildLiteBehavior [ RunTime:0.000019s ]
INFO: [ app_init ] --END-- [ RunTime:0.000107s ]
INFO: [ app_begin ] --START--
INFO: Run Behavior\ReadHtmlCacheBehavior [ RunTime:0.001005s ]
INFO: [ app_begin ] --END-- [ RunTime:0.001092s ]
NOTIC: [2048] Declaration of Home\Controller\LocalController::Get() should be compatible with that of Think\Controller::get() D:\wamp\www\guoji\vshop\CacheApi\Cache\Home\Controller\LocalController.class.php 第 4 行.
SQL: SHOW COLUMNS FROM `zy_api` [ RunTime:0.0039s ]
SQL: SELECT * FROM `zy_api` WHERE `py_name` = 'cache' AND `appid` = '201586485090108670' LIMIT 1   [ RunTime:0.0003s ]

[ 2015-11-25T22:39:37+08:00 ] 127.0.0.1 /guoji/vshop/CacheApi/?a=Get&appid=201586485090108670&c=Local&name=list&nonce_str=pax0pwtn1gei2w4700plqeqak3d3tktv&time_stamp=1448462377&version=1.0
INFO: [ app_init ] --START--
INFO: Run Behavior\BuildLiteBehavior [ RunTime:0.000019s ]
INFO: [ app_init ] --END-- [ RunTime:0.000117s ]
INFO: [ app_begin ] --START--
INFO: Run Behavior\ReadHtmlCacheBehavior [ RunTime:0.001484s ]
INFO: [ app_begin ] --END-- [ RunTime:0.001574s ]
NOTIC: [2048] Declaration of Home\Controller\LocalController::Get() should be compatible with that of Think\Controller::get() D:\wamp\www\guoji\vshop\CacheApi\Cache\Home\Controller\LocalController.class.php 第 4 行.
SQL: SHOW COLUMNS FROM `zy_api` [ RunTime:0.0043s ]
SQL: SELECT * FROM `zy_api` WHERE `py_name` = 'cache' AND `appid` = '201586485090108670' LIMIT 1   [ RunTime:0.0003s ]

[ 2015-11-25T22:39:37+08:00 ] 127.0.0.1 /guoji/vshop/CacheApi/?a=Get&appid=201586485090108670&c=Local&name=list&nonce_str=q4t1jx5pc1tbrs7ik0ljbb3tl1j7y5s9&time_stamp=1448462377&version=1.0
INFO: [ app_init ] --START--
INFO: Run Behavior\BuildLiteBehavior [ RunTime:0.000019s ]
INFO: [ app_init ] --END-- [ RunTime:0.000104s ]
INFO: [ app_begin ] --START--
INFO: Run Behavior\ReadHtmlCacheBehavior [ RunTime:0.000830s ]
INFO: [ app_begin ] --END-- [ RunTime:0.000913s ]
NOTIC: [2048] Declaration of Home\Controller\LocalController::Get() should be compatible with that of Think\Controller::get() D:\wamp\www\guoji\vshop\CacheApi\Cache\Home\Controller\LocalController.class.php 第 4 行.
SQL: SHOW COLUMNS FROM `zy_api` [ RunTime:0.0040s ]
SQL: SELECT * FROM `zy_api` WHERE `py_name` = 'cache' AND `appid` = '201586485090108670' LIMIT 1   [ RunTime:0.0003s ]

[ 2015-11-25T22:39:38+08:00 ] 127.0.0.1 /guoji/vshop/CacheApi/?a=Get&appid=201586485090108670&c=Local&name=list&nonce_str=ybytgkebylaeyzh4f2q5dzwd09z10hmj&time_stamp=1448462378&version=1.0
INFO: [ app_init ] --START--
INFO: Run Behavior\BuildLiteBehavior [ RunTime:0.000018s ]
INFO: [ app_init ] --END-- [ RunTime:0.000101s ]
INFO: [ app_begin ] --START--
INFO: Run Behavior\ReadHtmlCacheBehavior [ RunTime:0.000872s ]
INFO: [ app_begin ] --END-- [ RunTime:0.000969s ]
NOTIC: [2048] Declaration of Home\Controller\LocalController::Get() should be compatible with that of Think\Controller::get() D:\wamp\www\guoji\vshop\CacheApi\Cache\Home\Controller\LocalController.class.php 第 4 行.
SQL: SHOW COLUMNS FROM `zy_api` [ RunTime:0.0043s ]
SQL: SELECT * FROM `zy_api` WHERE `py_name` = 'cache' AND `appid` = '201586485090108670' LIMIT 1   [ RunTime:0.0002s ]

[ 2015-11-25T22:39:45+08:00 ] 127.0.0.1 /guoji/vshop/CacheApi/?a=Get&appid=201586485090108670&c=Local&name=list&nonce_str=vf9uy111kfvr55fghikwspeone6n9n9z&time_stamp=1448462384&version=1.0
INFO: [ app_init ] --START--
INFO: Run Behavior\BuildLiteBehavior [ RunTime:0.000018s ]
INFO: [ app_init ] --END-- [ RunTime:0.000104s ]
INFO: [ app_begin ] --START--
INFO: Run Behavior\ReadHtmlCacheBehavior [ RunTime:0.000943s ]
INFO: [ app_begin ] --END-- [ RunTime:0.001031s ]
NOTIC: [2048] Declaration of Home\Controller\LocalController::Get() should be compatible with that of Think\Controller::get() D:\wamp\www\guoji\vshop\CacheApi\Cache\Home\Controller\LocalController.class.php 第 4 行.
SQL: SHOW COLUMNS FROM `zy_api` [ RunTime:0.0041s ]
SQL: SELECT * FROM `zy_api` WHERE `py_name` = 'cache' AND `appid` = '201586485090108670' LIMIT 1   [ RunTime:0.0003s ]

[ 2015-11-25T22:43:04+08:00 ] 127.0.0.1 /guoji/vshop/CacheApi/?a=Get&appid=201586485090108670&c=Local&name=list&nonce_str=wzvtyjtcqdygj04j9uwuoorgfaglez44&time_stamp=1448462584&version=1.0
INFO: [ app_init ] --START--
INFO: Run Behavior\BuildLiteBehavior [ RunTime:0.000018s ]
INFO: [ app_init ] --END-- [ RunTime:0.000103s ]
INFO: [ app_begin ] --START--
INFO: Run Behavior\ReadHtmlCacheBehavior [ RunTime:0.001244s ]
INFO: [ app_begin ] --END-- [ RunTime:0.001347s ]
NOTIC: [2048] Declaration of Home\Controller\LocalController::Get() should be compatible with that of Think\Controller::get() D:\wamp\www\guoji\vshop\CacheApi\Cache\Home\Controller\LocalController.class.php 第 4 行.
SQL: SHOW COLUMNS FROM `zy_api` [ RunTime:0.0041s ]
SQL: SELECT * FROM `zy_api` WHERE `py_name` = 'cache' AND `appid` = '201586485090108670' LIMIT 1   [ RunTime:0.0004s ]

[ 2015-11-25T22:44:49+08:00 ] 127.0.0.1 /guoji/vshop/CacheApi/?a=Get&appid=201586485090108670&c=Local&name=list&nonce_str=mipy80dvxzqw5aban1kmzvgvw2gt2kjs&time_stamp=1448462689&version=1.0
INFO: [ app_init ] --START--
INFO: Run Behavior\BuildLiteBehavior [ RunTime:0.000019s ]
INFO: [ app_init ] --END-- [ RunTime:0.000102s ]
INFO: [ app_begin ] --START--
INFO: Run Behavior\ReadHtmlCacheBehavior [ RunTime:0.001526s ]
INFO: [ app_begin ] --END-- [ RunTime:0.001620s ]
NOTIC: [2048] Declaration of Home\Controller\LocalController::Get() should be compatible with that of Think\Controller::get() D:\wamp\www\guoji\vshop\CacheApi\Cache\Home\Controller\LocalController.class.php 第 4 行.
SQL: SHOW COLUMNS FROM `zy_api` [ RunTime:0.0045s ]
SQL: SELECT * FROM `zy_api` WHERE `py_name` = 'cache' AND `appid` = '201586485090108670' LIMIT 1   [ RunTime:0.0003s ]

[ 2015-11-25T22:44:51+08:00 ] 127.0.0.1 /guoji/vshop/CacheApi/?a=Get&appid=201586485090108670&c=Local&name=list&nonce_str=7aao86rd460ioib6vkb7k6oiszp67wif&time_stamp=1448462690&version=1.0
INFO: [ app_init ] --START--
INFO: Run Behavior\BuildLiteBehavior [ RunTime:0.000018s ]
INFO: [ app_init ] --END-- [ RunTime:0.000108s ]
INFO: [ app_begin ] --START--
INFO: Run Behavior\ReadHtmlCacheBehavior [ RunTime:0.001420s ]
INFO: [ app_begin ] --END-- [ RunTime:0.001508s ]
NOTIC: [2048] Declaration of Home\Controller\LocalController::Get() should be compatible with that of Think\Controller::get() D:\wamp\www\guoji\vshop\CacheApi\Cache\Home\Controller\LocalController.class.php 第 4 行.
SQL: SHOW COLUMNS FROM `zy_api` [ RunTime:0.0038s ]
SQL: SELECT * FROM `zy_api` WHERE `py_name` = 'cache' AND `appid` = '201586485090108670' LIMIT 1   [ RunTime:0.0004s ]

[ 2015-11-25T22:44:51+08:00 ] 127.0.0.1 /guoji/vshop/CacheApi/?a=Get&appid=201586485090108670&c=Local&name=list&nonce_str=8cm9wjsh444dk5hxfzs6v3330gari8km&time_stamp=1448462691&version=1.0
INFO: [ app_init ] --START--
INFO: Run Behavior\BuildLiteBehavior [ RunTime:0.000019s ]
INFO: [ app_init ] --END-- [ RunTime:0.000107s ]
INFO: [ app_begin ] --START--
INFO: Run Behavior\ReadHtmlCacheBehavior [ RunTime:0.000807s ]
INFO: [ app_begin ] --END-- [ RunTime:0.000889s ]
NOTIC: [2048] Declaration of Home\Controller\LocalController::Get() should be compatible with that of Think\Controller::get() D:\wamp\www\guoji\vshop\CacheApi\Cache\Home\Controller\LocalController.class.php 第 4 行.
SQL: SHOW COLUMNS FROM `zy_api` [ RunTime:0.0040s ]
SQL: SELECT * FROM `zy_api` WHERE `py_name` = 'cache' AND `appid` = '201586485090108670' LIMIT 1   [ RunTime:0.0003s ]

[ 2015-11-25T22:48:49+08:00 ] 127.0.0.1 /guoji/vshop/CacheApi/?a=Get&appid=201586485090108670&c=Local&name=list&nonce_str=0btu198a3npzd313myxzvgrskkadz2ea&time_stamp=1448462929&version=1.0
INFO: [ app_init ] --START--
INFO: Run Behavior\BuildLiteBehavior [ RunTime:0.000019s ]
INFO: [ app_init ] --END-- [ RunTime:0.000100s ]
INFO: [ app_begin ] --START--
INFO: Run Behavior\ReadHtmlCacheBehavior [ RunTime:0.001235s ]
INFO: [ app_begin ] --END-- [ RunTime:0.001321s ]
NOTIC: [2048] Declaration of Home\Controller\LocalController::Get() should be compatible with that of Think\Controller::get() D:\wamp\www\guoji\vshop\CacheApi\Cache\Home\Controller\LocalController.class.php 第 4 行.
SQL: SHOW COLUMNS FROM `zy_api` [ RunTime:0.0035s ]
SQL: SELECT * FROM `zy_api` WHERE `py_name` = 'cache' AND `appid` = '201586485090108670' LIMIT 1   [ RunTime:0.0003s ]

[ 2015-11-25T22:58:20+08:00 ] 127.0.0.1 /guoji/vshop/CacheApi/?a=Get&appid=201586485090108670&c=Local&name=list&nonce_str=u5lafwd9dxj73qv7f708liqslx08q8lx&time_stamp=1448463499&version=1.0
INFO: [ app_init ] --START--
INFO: Run Behavior\BuildLiteBehavior [ RunTime:0.000020s ]
INFO: [ app_init ] --END-- [ RunTime:0.000116s ]
INFO: [ app_begin ] --START--
INFO: Run Behavior\ReadHtmlCacheBehavior [ RunTime:0.001372s ]
INFO: [ app_begin ] --END-- [ RunTime:0.001461s ]
NOTIC: [2048] Declaration of Home\Controller\LocalController::Get() should be compatible with that of Think\Controller::get() D:\wamp\www\guoji\vshop\CacheApi\Cache\Home\Controller\LocalController.class.php 第 4 行.
SQL: SHOW COLUMNS FROM `zy_api` [ RunTime:0.0040s ]
SQL: SELECT * FROM `zy_api` WHERE `py_name` = 'cache' AND `appid` = '201586485090108670' LIMIT 1   [ RunTime:0.0005s ]

[ 2015-11-25T22:59:39+08:00 ] 127.0.0.1 /guoji/vshop/CacheApi/?a=Get&appid=201586485090108670&c=Local&name=list&nonce_str=hc1k9zbkg2yy83pjr5e9wgfiaoxscbxc&time_stamp=1448463579&version=1.0
INFO: [ app_init ] --START--
INFO: Run Behavior\BuildLiteBehavior [ RunTime:0.000065s ]
INFO: [ app_init ] --END-- [ RunTime:0.000307s ]
INFO: [ app_begin ] --START--
INFO: Run Behavior\ReadHtmlCacheBehavior [ RunTime:0.000868s ]
INFO: [ app_begin ] --END-- [ RunTime:0.000956s ]
NOTIC: [2048] Declaration of Home\Controller\LocalController::Get() should be compatible with that of Think\Controller::get() D:\wamp\www\guoji\vshop\CacheApi\Cache\Home\Controller\LocalController.class.php 第 4 行.
SQL: SHOW COLUMNS FROM `zy_api` [ RunTime:0.0038s ]
SQL: SELECT * FROM `zy_api` WHERE `py_name` = 'cache' AND `appid` = '201586485090108670' LIMIT 1   [ RunTime:0.0003s ]

[ 2015-11-25T22:59:55+08:00 ] 127.0.0.1 /guoji/vshop/CacheApi/?a=Get&appid=201586485090108670&c=Local&name=list&nonce_str=kiyfycpsircns9y0sn7e5unys9a5ksuj&time_stamp=1448463595&version=1.0
INFO: [ app_init ] --START--
INFO: Run Behavior\BuildLiteBehavior [ RunTime:0.000019s ]
INFO: [ app_init ] --END-- [ RunTime:0.000113s ]
INFO: [ app_begin ] --START--
INFO: Run Behavior\ReadHtmlCacheBehavior [ RunTime:0.000804s ]
INFO: [ app_begin ] --END-- [ RunTime:0.000887s ]
NOTIC: [2048] Declaration of Home\Controller\LocalController::Get() should be compatible with that of Think\Controller::get() D:\wamp\www\guoji\vshop\CacheApi\Cache\Home\Controller\LocalController.class.php 第 4 行.
SQL: SHOW COLUMNS FROM `zy_api` [ RunTime:0.0041s ]
SQL: SELECT * FROM `zy_api` WHERE `py_name` = 'cache' AND `appid` = '201586485090108670' LIMIT 1   [ RunTime:0.0003s ]

[ 2015-11-25T23:00:03+08:00 ] 127.0.0.1 /guoji/vshop/CacheApi/?a=Get&appid=201586485090108670&c=Local&name=list&nonce_str=4j6qzl7za5a9md3d3m9gzsr3x5npng8g&time_stamp=1448463603&version=1.0
INFO: [ app_init ] --START--
INFO: Run Behavior\BuildLiteBehavior [ RunTime:0.000019s ]
INFO: [ app_init ] --END-- [ RunTime:0.000107s ]
INFO: [ app_begin ] --START--
INFO: Run Behavior\ReadHtmlCacheBehavior [ RunTime:0.000869s ]
INFO: [ app_begin ] --END-- [ RunTime:0.000961s ]
NOTIC: [2048] Declaration of Home\Controller\LocalController::Get() should be compatible with that of Think\Controller::get() D:\wamp\www\guoji\vshop\CacheApi\Cache\Home\Controller\LocalController.class.php 第 4 行.
SQL: SHOW COLUMNS FROM `zy_api` [ RunTime:0.0039s ]
SQL: SELECT * FROM `zy_api` WHERE `py_name` = 'cache' AND `appid` = '201586485090108670' LIMIT 1   [ RunTime:0.0003s ]

[ 2015-11-25T23:01:42+08:00 ] 127.0.0.1 /guoji/vshop/CacheApi/?a=Get&appid=201586485090108670&c=Local&name=list&nonce_str=m8fw3t1c8icqqv7bdqqsvjw8wsauz8id&time_stamp=1448463702&version=1.0
INFO: [ app_init ] --START--
INFO: Run Behavior\BuildLiteBehavior [ RunTime:0.000018s ]
INFO: [ app_init ] --END-- [ RunTime:0.000104s ]
INFO: [ app_begin ] --START--
INFO: Run Behavior\ReadHtmlCacheBehavior [ RunTime:0.001231s ]
INFO: [ app_begin ] --END-- [ RunTime:0.001317s ]
NOTIC: [2048] Declaration of Home\Controller\LocalController::Get() should be compatible with that of Think\Controller::get() D:\wamp\www\guoji\vshop\CacheApi\Cache\Home\Controller\LocalController.class.php 第 4 行.
SQL: SHOW COLUMNS FROM `zy_api` [ RunTime:0.0038s ]
SQL: SELECT * FROM `zy_api` WHERE `py_name` = 'cache' AND `appid` = '201586485090108670' LIMIT 1   [ RunTime:0.0007s ]

[ 2015-11-25T23:02:09+08:00 ] 127.0.0.1 /guoji/vshop/CacheApi/?a=Get&appid=201586485090108670&c=Local&name=list&nonce_str=sj5rlf9p2t3y5ve2ashnv8jbdx8dw7r4&time_stamp=1448463729&version=1.0
INFO: [ app_init ] --START--
INFO: Run Behavior\BuildLiteBehavior [ RunTime:0.000019s ]
INFO: [ app_init ] --END-- [ RunTime:0.000106s ]
INFO: [ app_begin ] --START--
INFO: Run Behavior\ReadHtmlCacheBehavior [ RunTime:0.000900s ]
INFO: [ app_begin ] --END-- [ RunTime:0.000983s ]
NOTIC: [2048] Declaration of Home\Controller\LocalController::Get() should be compatible with that of Think\Controller::get() D:\wamp\www\guoji\vshop\CacheApi\Cache\Home\Controller\LocalController.class.php 第 4 行.
SQL: SHOW COLUMNS FROM `zy_api` [ RunTime:0.0039s ]
SQL: SELECT * FROM `zy_api` WHERE `py_name` = 'cache' AND `appid` = '201586485090108670' LIMIT 1   [ RunTime:0.0003s ]

[ 2015-11-25T23:02:36+08:00 ] 127.0.0.1 /guoji/vshop/CacheApi/?a=Get&appid=201586485090108670&c=Local&name=list&nonce_str=vmmslixb342z895dzys7jeto0d0rdge7&time_stamp=1448463756&version=1.0
INFO: [ app_init ] --START--
INFO: Run Behavior\BuildLiteBehavior [ RunTime:0.000018s ]
INFO: [ app_init ] --END-- [ RunTime:0.000103s ]
INFO: [ app_begin ] --START--
INFO: Run Behavior\ReadHtmlCacheBehavior [ RunTime:0.000862s ]
INFO: [ app_begin ] --END-- [ RunTime:0.000944s ]
NOTIC: [2048] Declaration of Home\Controller\LocalController::Get() should be compatible with that of Think\Controller::get() D:\wamp\www\guoji\vshop\CacheApi\Cache\Home\Controller\LocalController.class.php 第 4 行.
SQL: SHOW COLUMNS FROM `zy_api` [ RunTime:0.0039s ]
SQL: SELECT * FROM `zy_api` WHERE `py_name` = 'cache' AND `appid` = '201586485090108670' LIMIT 1   [ RunTime:0.0003s ]

[ 2015-11-25T23:03:05+08:00 ] 127.0.0.1 /guoji/vshop/CacheApi/?a=Get&appid=201586485090108670&c=Local&name=list&nonce_str=72dwcparwug2c8h2s5id25iunk4eqgkj&time_stamp=1448463785&version=1.0
INFO: [ app_init ] --START--
INFO: Run Behavior\BuildLiteBehavior [ RunTime:0.000048s ]
INFO: [ app_init ] --END-- [ RunTime:0.000294s ]
INFO: [ app_begin ] --START--
INFO: Run Behavior\ReadHtmlCacheBehavior [ RunTime:0.000871s ]
INFO: [ app_begin ] --END-- [ RunTime:0.000960s ]
NOTIC: [2048] Declaration of Home\Controller\LocalController::Get() should be compatible with that of Think\Controller::get() D:\wamp\www\guoji\vshop\CacheApi\Cache\Home\Controller\LocalController.class.php 第 4 行.
SQL: SHOW COLUMNS FROM `zy_api` [ RunTime:0.0045s ]
SQL: SELECT * FROM `zy_api` WHERE `py_name` = 'cache' AND `appid` = '201586485090108670' LIMIT 1   [ RunTime:0.0003s ]

[ 2015-11-25T23:03:12+08:00 ] 127.0.0.1 /guoji/vshop/CacheApi/?a=Get&appid=201586485090108670&c=Local&name=list&nonce_str=vkb6vt7pwtof23u26c0htcltjy9zd2nw&time_stamp=1448463791&version=1.0
INFO: [ app_init ] --START--
INFO: Run Behavior\BuildLiteBehavior [ RunTime:0.000017s ]
INFO: [ app_init ] --END-- [ RunTime:0.000100s ]
INFO: [ app_begin ] --START--
INFO: Run Behavior\ReadHtmlCacheBehavior [ RunTime:0.000961s ]
INFO: [ app_begin ] --END-- [ RunTime:0.001093s ]
NOTIC: [2048] Declaration of Home\Controller\LocalController::Get() should be compatible with that of Think\Controller::get() D:\wamp\www\guoji\vshop\CacheApi\Cache\Home\Controller\LocalController.class.php 第 4 行.
SQL: SHOW COLUMNS FROM `zy_api` [ RunTime:0.0039s ]
SQL: SELECT * FROM `zy_api` WHERE `py_name` = 'cache' AND `appid` = '201586485090108670' LIMIT 1   [ RunTime:0.0004s ]

[ 2015-11-25T23:03:49+08:00 ] 127.0.0.1 /guoji/vshop/CacheApi/?a=Get&appid=201586485090108670&c=Local&name=list&nonce_str=0tkqa01gy20p9sn6ev8yqnd8dr21n26h&time_stamp=1448463829&version=1.0
INFO: [ app_init ] --START--
INFO: Run Behavior\BuildLiteBehavior [ RunTime:0.000017s ]
INFO: [ app_init ] --END-- [ RunTime:0.000105s ]
INFO: [ app_begin ] --START--
INFO: Run Behavior\ReadHtmlCacheBehavior [ RunTime:0.001331s ]
INFO: [ app_begin ] --END-- [ RunTime:0.001433s ]
NOTIC: [2048] Declaration of Home\Controller\LocalController::Get() should be compatible with that of Think\Controller::get() D:\wamp\www\guoji\vshop\CacheApi\Cache\Home\Controller\LocalController.class.php 第 4 行.
SQL: SHOW COLUMNS FROM `zy_api` [ RunTime:0.0037s ]
SQL: SELECT * FROM `zy_api` WHERE `py_name` = 'cache' AND `appid` = '201586485090108670' LIMIT 1   [ RunTime:0.0003s ]

[ 2015-11-25T23:04:21+08:00 ] 127.0.0.1 /guoji/vshop/CacheApi/?a=Get&appid=201586485090108670&c=Local&name=list&nonce_str=9jwd2fr3b673mvw695rcuzq9308hywoq&time_stamp=1448463861&version=1.0
INFO: [ app_init ] --START--
INFO: Run Behavior\BuildLiteBehavior [ RunTime:0.000020s ]
INFO: [ app_init ] --END-- [ RunTime:0.000112s ]
INFO: [ app_begin ] --START--
INFO: Run Behavior\ReadHtmlCacheBehavior [ RunTime:0.000805s ]
INFO: [ app_begin ] --END-- [ RunTime:0.000890s ]
NOTIC: [2048] Declaration of Home\Controller\LocalController::Get() should be compatible with that of Think\Controller::get() D:\wamp\www\guoji\vshop\CacheApi\Cache\Home\Controller\LocalController.class.php 第 4 行.
SQL: SHOW COLUMNS FROM `zy_api` [ RunTime:0.0036s ]
SQL: SELECT * FROM `zy_api` WHERE `py_name` = 'cache' AND `appid` = '201586485090108670' LIMIT 1   [ RunTime:0.0004s ]

[ 2015-11-25T23:05:26+08:00 ] 127.0.0.1 /guoji/vshop/CacheApi/?a=Get&appid=201586485090108670&c=Local&name=list&nonce_str=qi02edtlcar597hd50jha42xxeui7134&time_stamp=1448463926&version=1.0
INFO: [ app_init ] --START--
INFO: Run Behavior\BuildLiteBehavior [ RunTime:0.000021s ]
INFO: [ app_init ] --END-- [ RunTime:0.000170s ]
INFO: [ app_begin ] --START--
INFO: Run Behavior\ReadHtmlCacheBehavior [ RunTime:0.000868s ]
INFO: [ app_begin ] --END-- [ RunTime:0.000956s ]
NOTIC: [2048] Declaration of Home\Controller\LocalController::Get() should be compatible with that of Think\Controller::get() D:\wamp\www\guoji\vshop\CacheApi\Cache\Home\Controller\LocalController.class.php 第 4 行.
SQL: SHOW COLUMNS FROM `zy_api` [ RunTime:0.0037s ]
SQL: SELECT * FROM `zy_api` WHERE `py_name` = 'cache' AND `appid` = '201586485090108670' LIMIT 1   [ RunTime:0.0003s ]

[ 2015-11-25T23:06:00+08:00 ] 127.0.0.1 /guoji/vshop/CacheApi/?a=Get&appid=201586485090108670&c=Local&name=list&nonce_str=udu06ywrhmvcceu45hdmarxhirmfe9c4&time_stamp=1448463960&version=1.0
INFO: [ app_init ] --START--
INFO: Run Behavior\BuildLiteBehavior [ RunTime:0.000018s ]
INFO: [ app_init ] --END-- [ RunTime:0.000121s ]
INFO: [ app_begin ] --START--
INFO: Run Behavior\ReadHtmlCacheBehavior [ RunTime:0.001310s ]
INFO: [ app_begin ] --END-- [ RunTime:0.001410s ]
NOTIC: [2048] Declaration of Home\Controller\LocalController::Get() should be compatible with that of Think\Controller::get() D:\wamp\www\guoji\vshop\CacheApi\Cache\Home\Controller\LocalController.class.php 第 4 行.
SQL: SHOW COLUMNS FROM `zy_api` [ RunTime:0.0043s ]
SQL: SELECT * FROM `zy_api` WHERE `py_name` = 'cache' AND `appid` = '201586485090108670' LIMIT 1   [ RunTime:0.0003s ]

[ 2015-11-25T23:06:24+08:00 ] 127.0.0.1 /guoji/vshop/CacheApi/?a=Get&appid=201586485090108670&c=Local&name=list&nonce_str=wxb1u4iyixs1t7lxhhi8vjazin6lbfq2&time_stamp=1448463984&version=1.0
INFO: [ app_init ] --START--
INFO: Run Behavior\BuildLiteBehavior [ RunTime:0.000018s ]
INFO: [ app_init ] --END-- [ RunTime:0.000105s ]
INFO: [ app_begin ] --START--
INFO: Run Behavior\ReadHtmlCacheBehavior [ RunTime:0.000998s ]
INFO: [ app_begin ] --END-- [ RunTime:0.001084s ]
NOTIC: [2048] Declaration of Home\Controller\LocalController::Get() should be compatible with that of Think\Controller::get() D:\wamp\www\guoji\vshop\CacheApi\Cache\Home\Controller\LocalController.class.php 第 4 行.
SQL: SHOW COLUMNS FROM `zy_api` [ RunTime:0.0038s ]
SQL: SELECT * FROM `zy_api` WHERE `py_name` = 'cache' AND `appid` = '201586485090108670' LIMIT 1   [ RunTime:0.0003s ]

[ 2015-11-25T23:06:35+08:00 ] 127.0.0.1 /guoji/vshop/CacheApi/?a=Get&appid=201586485090108670&c=Local&name=list&nonce_str=9znb4bauhen69gist4db3ns9lizlhthn&time_stamp=1448463995&version=1.0
INFO: [ app_init ] --START--
INFO: Run Behavior\BuildLiteBehavior [ RunTime:0.000018s ]
INFO: [ app_init ] --END-- [ RunTime:0.000105s ]
INFO: [ app_begin ] --START--
INFO: Run Behavior\ReadHtmlCacheBehavior [ RunTime:0.000860s ]
INFO: [ app_begin ] --END-- [ RunTime:0.000942s ]
NOTIC: [2048] Declaration of Home\Controller\LocalController::Get() should be compatible with that of Think\Controller::get() D:\wamp\www\guoji\vshop\CacheApi\Cache\Home\Controller\LocalController.class.php 第 4 行.
SQL: SHOW COLUMNS FROM `zy_api` [ RunTime:0.0037s ]
SQL: SELECT * FROM `zy_api` WHERE `py_name` = 'cache' AND `appid` = '201586485090108670' LIMIT 1   [ RunTime:0.0003s ]

[ 2015-11-25T23:06:39+08:00 ] 127.0.0.1 /guoji/vshop/CacheApi/?a=Get&appid=201586485090108670&c=Local&name=list&nonce_str=oa4elqbtdgpp56sp4hc6kua1ivcb16ss&time_stamp=1448463999&version=1.0
INFO: [ app_init ] --START--
INFO: Run Behavior\BuildLiteBehavior [ RunTime:0.000017s ]
INFO: [ app_init ] --END-- [ RunTime:0.000101s ]
INFO: [ app_begin ] --START--
INFO: Run Behavior\ReadHtmlCacheBehavior [ RunTime:0.001296s ]
INFO: [ app_begin ] --END-- [ RunTime:0.001406s ]
NOTIC: [2048] Declaration of Home\Controller\LocalController::Get() should be compatible with that of Think\Controller::get() D:\wamp\www\guoji\vshop\CacheApi\Cache\Home\Controller\LocalController.class.php 第 4 行.
SQL: SHOW COLUMNS FROM `zy_api` [ RunTime:0.0036s ]
SQL: SELECT * FROM `zy_api` WHERE `py_name` = 'cache' AND `appid` = '201586485090108670' LIMIT 1   [ RunTime:0.0003s ]

[ 2015-11-25T23:14:01+08:00 ] 127.0.0.1 /guoji/vshop/CacheApi/?a=Get&appid=201586485090108670&c=Local&name=list&nonce_str=ns9eod73e12nz5aoxzt7kbesoxe1q76u&time_stamp=1448464441&version=1.0
INFO: [ app_init ] --START--
INFO: Run Behavior\BuildLiteBehavior [ RunTime:0.000018s ]
INFO: [ app_init ] --END-- [ RunTime:0.000114s ]
INFO: [ app_begin ] --START--
INFO: Run Behavior\ReadHtmlCacheBehavior [ RunTime:0.001239s ]
INFO: [ app_begin ] --END-- [ RunTime:0.001328s ]
NOTIC: [2048] Declaration of Home\Controller\LocalController::Get() should be compatible with that of Think\Controller::get() D:\wamp\www\guoji\vshop\CacheApi\Cache\Home\Controller\LocalController.class.php 第 4 行.
SQL: SHOW COLUMNS FROM `zy_api` [ RunTime:0.0042s ]
SQL: SELECT * FROM `zy_api` WHERE `py_name` = 'cache' AND `appid` = '201586485090108670' LIMIT 1   [ RunTime:0.0004s ]

[ 2015-11-25T23:14:31+08:00 ] 127.0.0.1 /guoji/vshop/CacheApi/?a=Get&appid=201586485090108670&c=Local&name=list&nonce_str=no6gvduifluaxy28qjuqb7871ze2rszi&time_stamp=1448464471&version=1.0
INFO: [ app_init ] --START--
INFO: Run Behavior\BuildLiteBehavior [ RunTime:0.000019s ]
INFO: [ app_init ] --END-- [ RunTime:0.000113s ]
INFO: [ app_begin ] --START--
INFO: Run Behavior\ReadHtmlCacheBehavior [ RunTime:0.000787s ]
INFO: [ app_begin ] --END-- [ RunTime:0.000876s ]
NOTIC: [2048] Declaration of Home\Controller\LocalController::Get() should be compatible with that of Think\Controller::get() D:\wamp\www\guoji\vshop\CacheApi\Cache\Home\Controller\LocalController.class.php 第 4 行.
SQL: SHOW COLUMNS FROM `zy_api` [ RunTime:0.0039s ]
SQL: SELECT * FROM `zy_api` WHERE `py_name` = 'cache' AND `appid` = '201586485090108670' LIMIT 1   [ RunTime:0.0003s ]

[ 2015-11-25T23:17:01+08:00 ] 127.0.0.1 /guoji/vshop/CacheApi/?a=Get&appid=201586485090108670&c=Local&name=list&nonce_str=ar7p9902k7n19mbiczam8udw5jo7vv6g&time_stamp=1448464621&version=1.0
INFO: [ app_init ] --START--
INFO: Run Behavior\BuildLiteBehavior [ RunTime:0.000019s ]
INFO: [ app_init ] --END-- [ RunTime:0.000108s ]
INFO: [ app_begin ] --START--
INFO: Run Behavior\ReadHtmlCacheBehavior [ RunTime:0.001280s ]
INFO: [ app_begin ] --END-- [ RunTime:0.001378s ]
NOTIC: [2048] Declaration of Home\Controller\LocalController::Get() should be compatible with that of Think\Controller::get() D:\wamp\www\guoji\vshop\CacheApi\Cache\Home\Controller\LocalController.class.php 第 4 行.
SQL: SHOW COLUMNS FROM `zy_api` [ RunTime:0.0043s ]
SQL: SELECT * FROM `zy_api` WHERE `py_name` = 'cache' AND `appid` = '201586485090108670' LIMIT 1   [ RunTime:0.0003s ]

[ 2015-11-25T23:17:29+08:00 ] 127.0.0.1 /guoji/vshop/CacheApi/?a=Get&appid=201586485090108670&c=Local&name=list&nonce_str=k2dvs6cq58ujeopbnzc4g2kbengimg3s&time_stamp=1448464649&version=1.0
INFO: [ app_init ] --START--
INFO: Run Behavior\BuildLiteBehavior [ RunTime:0.000019s ]
INFO: [ app_init ] --END-- [ RunTime:0.000104s ]
INFO: [ app_begin ] --START--
INFO: Run Behavior\ReadHtmlCacheBehavior [ RunTime:0.000825s ]
INFO: [ app_begin ] --END-- [ RunTime:0.000905s ]
NOTIC: [2048] Declaration of Home\Controller\LocalController::Get() should be compatible with that of Think\Controller::get() D:\wamp\www\guoji\vshop\CacheApi\Cache\Home\Controller\LocalController.class.php 第 4 行.
SQL: SHOW COLUMNS FROM `zy_api` [ RunTime:0.0037s ]
SQL: SELECT * FROM `zy_api` WHERE `py_name` = 'cache' AND `appid` = '201586485090108670' LIMIT 1   [ RunTime:0.0003s ]

[ 2015-11-25T23:17:43+08:00 ] 127.0.0.1 /guoji/vshop/CacheApi/?a=Get&appid=201586485090108670&c=Local&name=list&nonce_str=qdift1o20dtd219b6u25moj7ziwv8j6h&time_stamp=1448464663&version=1.0
INFO: [ app_init ] --START--
INFO: Run Behavior\BuildLiteBehavior [ RunTime:0.000019s ]
INFO: [ app_init ] --END-- [ RunTime:0.000110s ]
INFO: [ app_begin ] --START--
INFO: Run Behavior\ReadHtmlCacheBehavior [ RunTime:0.001737s ]
INFO: [ app_begin ] --END-- [ RunTime:0.001836s ]
NOTIC: [2048] Declaration of Home\Controller\LocalController::Get() should be compatible with that of Think\Controller::get() D:\wamp\www\guoji\vshop\CacheApi\Cache\Home\Controller\LocalController.class.php 第 4 行.
SQL: SHOW COLUMNS FROM `zy_api` [ RunTime:0.0038s ]
SQL: SELECT * FROM `zy_api` WHERE `py_name` = 'cache' AND `appid` = '201586485090108670' LIMIT 1   [ RunTime:0.0003s ]

[ 2015-11-25T23:18:21+08:00 ] 127.0.0.1 /guoji/vshop/CacheApi/?a=Get&appid=201586485090108670&c=Local&name=list&nonce_str=p3a6fvld6zpbdywqdpeigec018q1udbl&time_stamp=1448464701&version=1.0
INFO: [ app_init ] --START--
INFO: Run Behavior\BuildLiteBehavior [ RunTime:0.000021s ]
INFO: [ app_init ] --END-- [ RunTime:0.000129s ]
INFO: [ app_begin ] --START--
INFO: Run Behavior\ReadHtmlCacheBehavior [ RunTime:0.001221s ]
INFO: [ app_begin ] --END-- [ RunTime:0.001313s ]
NOTIC: [2048] Declaration of Home\Controller\LocalController::Get() should be compatible with that of Think\Controller::get() D:\wamp\www\guoji\vshop\CacheApi\Cache\Home\Controller\LocalController.class.php 第 4 行.
SQL: SHOW COLUMNS FROM `zy_api` [ RunTime:0.0039s ]
SQL: SELECT * FROM `zy_api` WHERE `py_name` = 'cache' AND `appid` = '201586485090108670' LIMIT 1   [ RunTime:0.0003s ]

[ 2015-11-25T23:18:34+08:00 ] 127.0.0.1 /guoji/vshop/CacheApi/?a=Get&appid=201586485090108670&c=Local&name=list&nonce_str=pzas9flz6n3i82ef019n6fhbz8b1p4yc&time_stamp=1448464714&version=1.0
INFO: [ app_init ] --START--
INFO: Run Behavior\BuildLiteBehavior [ RunTime:0.000021s ]
INFO: [ app_init ] --END-- [ RunTime:0.000109s ]
INFO: [ app_begin ] --START--
INFO: Run Behavior\ReadHtmlCacheBehavior [ RunTime:0.000809s ]
INFO: [ app_begin ] --END-- [ RunTime:0.000902s ]
NOTIC: [2048] Declaration of Home\Controller\LocalController::Get() should be compatible with that of Think\Controller::get() D:\wamp\www\guoji\vshop\CacheApi\Cache\Home\Controller\LocalController.class.php 第 4 行.
SQL: SHOW COLUMNS FROM `zy_api` [ RunTime:0.0040s ]
SQL: SELECT * FROM `zy_api` WHERE `py_name` = 'cache' AND `appid` = '201586485090108670' LIMIT 1   [ RunTime:0.0003s ]

[ 2015-11-25T23:19:38+08:00 ] 127.0.0.1 /guoji/vshop/CacheApi/?a=Get&appid=201586485090108670&c=Local&name=list&nonce_str=4d6sge3xgjy3cdburudw9packeruq06q&time_stamp=1448464778&version=1.0
INFO: [ app_init ] --START--
INFO: Run Behavior\BuildLiteBehavior [ RunTime:0.000019s ]
INFO: [ app_init ] --END-- [ RunTime:0.000107s ]
INFO: [ app_begin ] --START--
INFO: Run Behavior\ReadHtmlCacheBehavior [ RunTime:0.001205s ]
INFO: [ app_begin ] --END-- [ RunTime:0.001294s ]
NOTIC: [2048] Declaration of Home\Controller\LocalController::Get() should be compatible with that of Think\Controller::get() D:\wamp\www\guoji\vshop\CacheApi\Cache\Home\Controller\LocalController.class.php 第 4 行.
SQL: SHOW COLUMNS FROM `zy_api` [ RunTime:0.0037s ]
SQL: SELECT * FROM `zy_api` WHERE `py_name` = 'cache' AND `appid` = '201586485090108670' LIMIT 1   [ RunTime:0.0002s ]

[ 2015-11-25T23:20:18+08:00 ] 127.0.0.1 /guoji/vshop/CacheApi/?a=Get&appid=201586485090108670&c=Local&name=list&nonce_str=piahdw4et9eplhhotmz702y3pp99hh57&time_stamp=1448464818&version=1.0
INFO: [ app_init ] --START--
INFO: Run Behavior\BuildLiteBehavior [ RunTime:0.000023s ]
INFO: [ app_init ] --END-- [ RunTime:0.000151s ]
INFO: [ app_begin ] --START--
INFO: Run Behavior\ReadHtmlCacheBehavior [ RunTime:0.000816s ]
INFO: [ app_begin ] --END-- [ RunTime:0.000911s ]
NOTIC: [2048] Declaration of Home\Controller\LocalController::Get() should be compatible with that of Think\Controller::get() D:\wamp\www\guoji\vshop\CacheApi\Cache\Home\Controller\LocalController.class.php 第 4 行.
SQL: SHOW COLUMNS FROM `zy_api` [ RunTime:0.0036s ]
SQL: SELECT * FROM `zy_api` WHERE `py_name` = 'cache' AND `appid` = '201586485090108670' LIMIT 1   [ RunTime:0.0002s ]

[ 2015-11-25T23:21:40+08:00 ] 127.0.0.1 /guoji/vshop/CacheApi/?a=Get&appid=201586485090108670&c=Local&name=list&nonce_str=4p4tejjt480i09g7cjxtv4rwdmuzk4ej&time_stamp=1448464900&version=1.0
INFO: [ app_init ] --START--
INFO: Run Behavior\BuildLiteBehavior [ RunTime:0.000021s ]
INFO: [ app_init ] --END-- [ RunTime:0.000132s ]
INFO: [ app_begin ] --START--
INFO: Run Behavior\ReadHtmlCacheBehavior [ RunTime:0.001254s ]
INFO: [ app_begin ] --END-- [ RunTime:0.001352s ]
NOTIC: [2048] Declaration of Home\Controller\LocalController::Get() should be compatible with that of Think\Controller::get() D:\wamp\www\guoji\vshop\CacheApi\Cache\Home\Controller\LocalController.class.php 第 4 行.
SQL: SHOW COLUMNS FROM `zy_api` [ RunTime:0.0037s ]
SQL: SELECT * FROM `zy_api` WHERE `py_name` = 'cache' AND `appid` = '201586485090108670' LIMIT 1   [ RunTime:0.0002s ]

[ 2015-11-25T23:21:49+08:00 ] 127.0.0.1 /guoji/vshop/CacheApi/?a=Get&appid=201586485090108670&c=Local&name=list&nonce_str=mzawznd0aixm73403ya9tg1ker6iwq1d&time_stamp=1448464909&version=1.0
INFO: [ app_init ] --START--
INFO: Run Behavior\BuildLiteBehavior [ RunTime:0.000019s ]
INFO: [ app_init ] --END-- [ RunTime:0.000106s ]
INFO: [ app_begin ] --START--
INFO: Run Behavior\ReadHtmlCacheBehavior [ RunTime:0.000797s ]
INFO: [ app_begin ] --END-- [ RunTime:0.000880s ]
NOTIC: [2048] Declaration of Home\Controller\LocalController::Get() should be compatible with that of Think\Controller::get() D:\wamp\www\guoji\vshop\CacheApi\Cache\Home\Controller\LocalController.class.php 第 4 行.
SQL: SHOW COLUMNS FROM `zy_api` [ RunTime:0.0038s ]
SQL: SELECT * FROM `zy_api` WHERE `py_name` = 'cache' AND `appid` = '201586485090108670' LIMIT 1   [ RunTime:0.0003s ]

[ 2015-11-25T23:25:35+08:00 ] 127.0.0.1 /guoji/vshop/CacheApi/?a=Get&appid=201586485090108670&c=Local&name=list&nonce_str=jc5belsf0zozsn5qaja15v64uzm8gmfn&time_stamp=1448465134&version=1.0
INFO: [ app_init ] --START--
INFO: Run Behavior\BuildLiteBehavior [ RunTime:0.000021s ]
INFO: [ app_init ] --END-- [ RunTime:0.000122s ]
INFO: [ app_begin ] --START--
INFO: Run Behavior\ReadHtmlCacheBehavior [ RunTime:0.001607s ]
INFO: [ app_begin ] --END-- [ RunTime:0.001693s ]
NOTIC: [2048] Declaration of Home\Controller\LocalController::Get() should be compatible with that of Think\Controller::get() D:\wamp\www\guoji\vshop\CacheApi\Cache\Home\Controller\LocalController.class.php 第 4 行.
SQL: SHOW COLUMNS FROM `zy_api` [ RunTime:0.0042s ]
SQL: SELECT * FROM `zy_api` WHERE `py_name` = 'cache' AND `appid` = '201586485090108670' LIMIT 1   [ RunTime:0.0003s ]

[ 2015-11-25T23:25:51+08:00 ] 127.0.0.1 /guoji/vshop/CacheApi/?a=Get&appid=201586485090108670&c=Local&name=list&nonce_str=07b3ef21wku9l89ijj3i6k8q6dm74z17&time_stamp=1448465151&version=1.0
INFO: [ app_init ] --START--
INFO: Run Behavior\BuildLiteBehavior [ RunTime:0.000020s ]
INFO: [ app_init ] --END-- [ RunTime:0.000110s ]
INFO: [ app_begin ] --START--
INFO: Run Behavior\ReadHtmlCacheBehavior [ RunTime:0.001862s ]
INFO: [ app_begin ] --END-- [ RunTime:0.001989s ]
NOTIC: [2048] Declaration of Home\Controller\LocalController::Get() should be compatible with that of Think\Controller::get() D:\wamp\www\guoji\vshop\CacheApi\Cache\Home\Controller\LocalController.class.php 第 4 行.
SQL: SHOW COLUMNS FROM `zy_api` [ RunTime:0.0042s ]
SQL: SELECT * FROM `zy_api` WHERE `py_name` = 'cache' AND `appid` = '201586485090108670' LIMIT 1   [ RunTime:0.0003s ]

[ 2015-11-25T23:25:59+08:00 ] 127.0.0.1 /guoji/vshop/CacheApi/?a=Get&appid=201586485090108670&c=Local&name=list&nonce_str=yl4lla4sxd56hia41gbdd0cmyslq3397&time_stamp=1448465159&version=1.0
INFO: [ app_init ] --START--
INFO: Run Behavior\BuildLiteBehavior [ RunTime:0.000018s ]
INFO: [ app_init ] --END-- [ RunTime:0.000108s ]
INFO: [ app_begin ] --START--
INFO: Run Behavior\ReadHtmlCacheBehavior [ RunTime:0.001770s ]
INFO: [ app_begin ] --END-- [ RunTime:0.001872s ]
NOTIC: [2048] Declaration of Home\Controller\LocalController::Get() should be compatible with that of Think\Controller::get() D:\wamp\www\guoji\vshop\CacheApi\Cache\Home\Controller\LocalController.class.php 第 4 行.
SQL: SHOW COLUMNS FROM `zy_api` [ RunTime:0.0036s ]
SQL: SELECT * FROM `zy_api` WHERE `py_name` = 'cache' AND `appid` = '201586485090108670' LIMIT 1   [ RunTime:0.0003s ]

[ 2015-11-25T23:28:52+08:00 ] 127.0.0.1 /guoji/vshop/CacheApi/?a=Get&appid=201586485090108670&c=Local&name=list&nonce_str=7oeaaoggvvy3n8hjovojffvx4cy2ljbc&time_stamp=1448465332&version=1.0
INFO: [ app_init ] --START--
INFO: Run Behavior\BuildLiteBehavior [ RunTime:0.000021s ]
INFO: [ app_init ] --END-- [ RunTime:0.000134s ]
INFO: [ app_begin ] --START--
INFO: Run Behavior\ReadHtmlCacheBehavior [ RunTime:0.001614s ]
INFO: [ app_begin ] --END-- [ RunTime:0.001704s ]
NOTIC: [2048] Declaration of Home\Controller\LocalController::Get() should be compatible with that of Think\Controller::get() D:\wamp\www\guoji\vshop\CacheApi\Cache\Home\Controller\LocalController.class.php 第 4 行.
SQL: SHOW COLUMNS FROM `zy_api` [ RunTime:0.0043s ]
SQL: SELECT * FROM `zy_api` WHERE `py_name` = 'cache' AND `appid` = '201586485090108670' LIMIT 1   [ RunTime:0.0003s ]

[ 2015-11-25T23:29:26+08:00 ] 127.0.0.1 /guoji/vshop/CacheApi/?a=Get&appid=201586485090108670&c=Local&name=list&nonce_str=9y93dathueqwb8myqcz7dvdqyy5cw1mh&time_stamp=1448465366&version=1.0
INFO: [ app_init ] --START--
INFO: Run Behavior\BuildLiteBehavior [ RunTime:0.000021s ]
INFO: [ app_init ] --END-- [ RunTime:0.000127s ]
INFO: [ app_begin ] --START--
INFO: Run Behavior\ReadHtmlCacheBehavior [ RunTime:0.001558s ]
INFO: [ app_begin ] --END-- [ RunTime:0.001650s ]
NOTIC: [2048] Declaration of Home\Controller\LocalController::Get() should be compatible with that of Think\Controller::get() D:\wamp\www\guoji\vshop\CacheApi\Cache\Home\Controller\LocalController.class.php 第 4 行.
SQL: SHOW COLUMNS FROM `zy_api` [ RunTime:0.0045s ]
SQL: SELECT * FROM `zy_api` WHERE `py_name` = 'cache' AND `appid` = '201586485090108670' LIMIT 1   [ RunTime:0.0003s ]

[ 2015-11-25T23:29:28+08:00 ] 127.0.0.1 /guoji/vshop/CacheApi/?a=Get&appid=201586485090108670&c=Local&name=list&nonce_str=n7ksrc729v56ruadai16jgiolcc01lkm&time_stamp=1448465368&version=1.0
INFO: [ app_init ] --START--
INFO: Run Behavior\BuildLiteBehavior [ RunTime:0.000033s ]
INFO: [ app_init ] --END-- [ RunTime:0.000153s ]
INFO: [ app_begin ] --START--
INFO: Run Behavior\ReadHtmlCacheBehavior [ RunTime:0.001427s ]
INFO: [ app_begin ] --END-- [ RunTime:0.001514s ]
NOTIC: [2048] Declaration of Home\Controller\LocalController::Get() should be compatible with that of Think\Controller::get() D:\wamp\www\guoji\vshop\CacheApi\Cache\Home\Controller\LocalController.class.php 第 4 行.
SQL: SHOW COLUMNS FROM `zy_api` [ RunTime:0.0035s ]
SQL: SELECT * FROM `zy_api` WHERE `py_name` = 'cache' AND `appid` = '201586485090108670' LIMIT 1   [ RunTime:0.0003s ]

[ 2015-11-25T23:31:13+08:00 ] 127.0.0.1 /guoji/vshop/CacheApi/?a=Get&appid=201586485090108670&c=Local&name=list&nonce_str=i2r4kebo38c5upeya2bgenle7uv01kpn&time_stamp=1448465472&version=1.0
INFO: [ app_init ] --START--
INFO: Run Behavior\BuildLiteBehavior [ RunTime:0.000020s ]
INFO: [ app_init ] --END-- [ RunTime:0.000124s ]
INFO: [ app_begin ] --START--
INFO: Run Behavior\ReadHtmlCacheBehavior [ RunTime:0.001247s ]
INFO: [ app_begin ] --END-- [ RunTime:0.001332s ]
NOTIC: [2048] Declaration of Home\Controller\LocalController::Get() should be compatible with that of Think\Controller::get() D:\wamp\www\guoji\vshop\CacheApi\Cache\Home\Controller\LocalController.class.php 第 4 行.
SQL: SHOW COLUMNS FROM `zy_api` [ RunTime:0.0036s ]
SQL: SELECT * FROM `zy_api` WHERE `py_name` = 'cache' AND `appid` = '201586485090108670' LIMIT 1   [ RunTime:0.0003s ]

[ 2015-11-25T23:32:23+08:00 ] 127.0.0.1 /guoji/vshop/CacheApi/?a=Get&appid=201586485090108670&c=Local&name=list&nonce_str=zn0njr6ufwzr7vhenirfdb56otrl7ae2&time_stamp=1448465543&version=1.0
INFO: [ app_init ] --START--
INFO: Run Behavior\BuildLiteBehavior [ RunTime:0.000019s ]
INFO: [ app_init ] --END-- [ RunTime:0.000108s ]
INFO: [ app_begin ] --START--
INFO: Run Behavior\ReadHtmlCacheBehavior [ RunTime:0.001220s ]
INFO: [ app_begin ] --END-- [ RunTime:0.001312s ]
NOTIC: [2048] Declaration of Home\Controller\LocalController::Get() should be compatible with that of Think\Controller::get() D:\wamp\www\guoji\vshop\CacheApi\Cache\Home\Controller\LocalController.class.php 第 4 行.
SQL: SHOW COLUMNS FROM `zy_api` [ RunTime:0.0037s ]
SQL: SELECT * FROM `zy_api` WHERE `py_name` = 'cache' AND `appid` = '201586485090108670' LIMIT 1   [ RunTime:0.0003s ]

[ 2015-11-25T23:32:25+08:00 ] 127.0.0.1 /guoji/vshop/CacheApi/?a=Get&appid=201586485090108670&c=Local&name=list&nonce_str=jjf6lbyt4oly0jh692bbtt5idixqzo1m&time_stamp=1448465545&version=1.0
INFO: [ app_init ] --START--
INFO: Run Behavior\BuildLiteBehavior [ RunTime:0.000027s ]
INFO: [ app_init ] --END-- [ RunTime:0.000168s ]
INFO: [ app_begin ] --START--
INFO: Run Behavior\ReadHtmlCacheBehavior [ RunTime:0.000996s ]
INFO: [ app_begin ] --END-- [ RunTime:0.001089s ]
NOTIC: [2048] Declaration of Home\Controller\LocalController::Get() should be compatible with that of Think\Controller::get() D:\wamp\www\guoji\vshop\CacheApi\Cache\Home\Controller\LocalController.class.php 第 4 行.
SQL: SHOW COLUMNS FROM `zy_api` [ RunTime:0.0043s ]
SQL: SELECT * FROM `zy_api` WHERE `py_name` = 'cache' AND `appid` = '201586485090108670' LIMIT 1   [ RunTime:0.0003s ]

[ 2015-11-25T23:32:25+08:00 ] 127.0.0.1 /guoji/vshop/CacheApi/?a=Get&appid=201586485090108670&c=Local&name=list&nonce_str=ly8p7i2wjd8mcwiqqdhsnqiqqy50rzcz&time_stamp=1448465545&version=1.0
INFO: [ app_init ] --START--
INFO: Run Behavior\BuildLiteBehavior [ RunTime:0.000018s ]
INFO: [ app_init ] --END-- [ RunTime:0.000100s ]
INFO: [ app_begin ] --START--
INFO: Run Behavior\ReadHtmlCacheBehavior [ RunTime:0.000843s ]
INFO: [ app_begin ] --END-- [ RunTime:0.000923s ]
NOTIC: [2048] Declaration of Home\Controller\LocalController::Get() should be compatible with that of Think\Controller::get() D:\wamp\www\guoji\vshop\CacheApi\Cache\Home\Controller\LocalController.class.php 第 4 行.
SQL: SHOW COLUMNS FROM `zy_api` [ RunTime:0.0036s ]
SQL: SELECT * FROM `zy_api` WHERE `py_name` = 'cache' AND `appid` = '201586485090108670' LIMIT 1   [ RunTime:0.0002s ]

[ 2015-11-25T23:32:39+08:00 ] 127.0.0.1 /guoji/vshop/CacheApi/?a=Get&appid=201586485090108670&c=Local&name=list&nonce_str=qtk0f86n64mw1h0wnwmj19kmqzafc111&time_stamp=1448465559&version=1.0
INFO: [ app_init ] --START--
INFO: Run Behavior\BuildLiteBehavior [ RunTime:0.000017s ]
INFO: [ app_init ] --END-- [ RunTime:0.000098s ]
INFO: [ app_begin ] --START--
INFO: Run Behavior\ReadHtmlCacheBehavior [ RunTime:0.000914s ]
INFO: [ app_begin ] --END-- [ RunTime:0.001009s ]
NOTIC: [2048] Declaration of Home\Controller\LocalController::Get() should be compatible with that of Think\Controller::get() D:\wamp\www\guoji\vshop\CacheApi\Cache\Home\Controller\LocalController.class.php 第 4 行.
SQL: SHOW COLUMNS FROM `zy_api` [ RunTime:0.0037s ]
SQL: SELECT * FROM `zy_api` WHERE `py_name` = 'cache' AND `appid` = '201586485090108670' LIMIT 1   [ RunTime:0.0003s ]

[ 2015-11-25T23:32:41+08:00 ] 127.0.0.1 /guoji/vshop/CacheApi/?a=Get&appid=201586485090108670&c=Local&name=list&nonce_str=lstko3sdm8cxcpfimozzo3y5vcy3d9mt&time_stamp=1448465561&version=1.0
INFO: [ app_init ] --START--
INFO: Run Behavior\BuildLiteBehavior [ RunTime:0.000018s ]
INFO: [ app_init ] --END-- [ RunTime:0.000100s ]
INFO: [ app_begin ] --START--
INFO: Run Behavior\ReadHtmlCacheBehavior [ RunTime:0.000866s ]
INFO: [ app_begin ] --END-- [ RunTime:0.000957s ]
NOTIC: [2048] Declaration of Home\Controller\LocalController::Get() should be compatible with that of Think\Controller::get() D:\wamp\www\guoji\vshop\CacheApi\Cache\Home\Controller\LocalController.class.php 第 4 行.
SQL: SHOW COLUMNS FROM `zy_api` [ RunTime:0.0037s ]
SQL: SELECT * FROM `zy_api` WHERE `py_name` = 'cache' AND `appid` = '201586485090108670' LIMIT 1   [ RunTime:0.0003s ]

[ 2015-11-25T23:35:08+08:00 ] 127.0.0.1 /guoji/vshop/CacheApi/?a=Get&appid=201586485090108670&c=Local&name=list&nonce_str=l13t1flv29wfgsmao3cptz6lah0muk36&time_stamp=1448465708&version=1.0
INFO: [ app_init ] --START--
INFO: Run Behavior\BuildLiteBehavior [ RunTime:0.000018s ]
INFO: [ app_init ] --END-- [ RunTime:0.000101s ]
INFO: [ app_begin ] --START--
INFO: Run Behavior\ReadHtmlCacheBehavior [ RunTime:0.001219s ]
INFO: [ app_begin ] --END-- [ RunTime:0.001305s ]
NOTIC: [2048] Declaration of Home\Controller\LocalController::Get() should be compatible with that of Think\Controller::get() D:\wamp\www\guoji\vshop\CacheApi\Cache\Home\Controller\LocalController.class.php 第 4 行.
SQL: SHOW COLUMNS FROM `zy_api` [ RunTime:0.0038s ]
SQL: SELECT * FROM `zy_api` WHERE `py_name` = 'cache' AND `appid` = '201586485090108670' LIMIT 1   [ RunTime:0.0002s ]

[ 2015-11-25T23:35:57+08:00 ] 127.0.0.1 /guoji/vshop/CacheApi/?a=Get&appid=201586485090108670&c=Local&name=list&nonce_str=gq72fc7ux0k3x0l1icb4i4jdrgs02adw&time_stamp=1448465757&version=1.0
INFO: [ app_init ] --START--
INFO: Run Behavior\BuildLiteBehavior [ RunTime:0.000034s ]
INFO: [ app_init ] --END-- [ RunTime:0.000202s ]
INFO: [ app_begin ] --START--
INFO: Run Behavior\ReadHtmlCacheBehavior [ RunTime:0.001277s ]
INFO: [ app_begin ] --END-- [ RunTime:0.001378s ]
NOTIC: [2048] Declaration of Home\Controller\LocalController::Get() should be compatible with that of Think\Controller::get() D:\wamp\www\guoji\vshop\CacheApi\Cache\Home\Controller\LocalController.class.php 第 4 行.
SQL: SHOW COLUMNS FROM `zy_api` [ RunTime:0.0036s ]
SQL: SELECT * FROM `zy_api` WHERE `py_name` = 'cache' AND `appid` = '201586485090108670' LIMIT 1   [ RunTime:0.0003s ]

[ 2015-11-25T23:35:59+08:00 ] 127.0.0.1 /guoji/vshop/CacheApi/?a=Get&appid=201586485090108670&c=Local&name=list&nonce_str=e9qoa787ouj0yxi08im9bxh2ykn1e9ws&time_stamp=1448465759&version=1.0
INFO: [ app_init ] --START--
INFO: Run Behavior\BuildLiteBehavior [ RunTime:0.000018s ]
INFO: [ app_init ] --END-- [ RunTime:0.000108s ]
INFO: [ app_begin ] --START--
INFO: Run Behavior\ReadHtmlCacheBehavior [ RunTime:0.001244s ]
INFO: [ app_begin ] --END-- [ RunTime:0.001347s ]
NOTIC: [2048] Declaration of Home\Controller\LocalController::Get() should be compatible with that of Think\Controller::get() D:\wamp\www\guoji\vshop\CacheApi\Cache\Home\Controller\LocalController.class.php 第 4 行.
SQL: SHOW COLUMNS FROM `zy_api` [ RunTime:0.0044s ]
SQL: SELECT * FROM `zy_api` WHERE `py_name` = 'cache' AND `appid` = '201586485090108670' LIMIT 1   [ RunTime:0.0006s ]

[ 2015-11-25T23:36:09+08:00 ] 127.0.0.1 /guoji/vshop/CacheApi/?a=Get&appid=201586485090108670&c=Local&name=list&nonce_str=lvtqyax5avukow28ui1xeyrtsqe03dam&time_stamp=1448465769&version=1.0
INFO: [ app_init ] --START--
INFO: Run Behavior\BuildLiteBehavior [ RunTime:0.000020s ]
INFO: [ app_init ] --END-- [ RunTime:0.000108s ]
INFO: [ app_begin ] --START--
INFO: Run Behavior\ReadHtmlCacheBehavior [ RunTime:0.000874s ]
INFO: [ app_begin ] --END-- [ RunTime:0.000957s ]
NOTIC: [2048] Declaration of Home\Controller\LocalController::Get() should be compatible with that of Think\Controller::get() D:\wamp\www\guoji\vshop\CacheApi\Cache\Home\Controller\LocalController.class.php 第 4 行.
SQL: SHOW COLUMNS FROM `zy_api` [ RunTime:0.0053s ]
SQL: SELECT * FROM `zy_api` WHERE `py_name` = 'cache' AND `appid` = '201586485090108670' LIMIT 1   [ RunTime:0.0003s ]

[ 2015-11-25T23:36:11+08:00 ] 127.0.0.1 /guoji/vshop/CacheApi/?a=Get&appid=201586485090108670&c=Local&name=list&nonce_str=7nb2u910krdghy3wwa85dwc0svvah5pv&time_stamp=1448465771&version=1.0
INFO: [ app_init ] --START--
INFO: Run Behavior\BuildLiteBehavior [ RunTime:0.000019s ]
INFO: [ app_init ] --END-- [ RunTime:0.000116s ]
INFO: [ app_begin ] --START--
INFO: Run Behavior\ReadHtmlCacheBehavior [ RunTime:0.000839s ]
INFO: [ app_begin ] --END-- [ RunTime:0.000928s ]
NOTIC: [2048] Declaration of Home\Controller\LocalController::Get() should be compatible with that of Think\Controller::get() D:\wamp\www\guoji\vshop\CacheApi\Cache\Home\Controller\LocalController.class.php 第 4 行.
SQL: SHOW COLUMNS FROM `zy_api` [ RunTime:0.0039s ]
SQL: SELECT * FROM `zy_api` WHERE `py_name` = 'cache' AND `appid` = '201586485090108670' LIMIT 1   [ RunTime:0.0004s ]

[ 2015-11-25T23:36:53+08:00 ] 127.0.0.1 /guoji/vshop/CacheApi/?a=Get&appid=201586485090108670&c=Local&name=list&nonce_str=zdlfgxypomhf18vfiqyd2e6u7x0khtlj&time_stamp=1448465813&version=1.0
INFO: [ app_init ] --START--
INFO: Run Behavior\BuildLiteBehavior [ RunTime:0.000029s ]
INFO: [ app_init ] --END-- [ RunTime:0.000124s ]
INFO: [ app_begin ] --START--
INFO: Run Behavior\ReadHtmlCacheBehavior [ RunTime:0.000972s ]
INFO: [ app_begin ] --END-- [ RunTime:0.001069s ]
NOTIC: [2048] Declaration of Home\Controller\LocalController::Get() should be compatible with that of Think\Controller::get() D:\wamp\www\guoji\vshop\CacheApi\Cache\Home\Controller\LocalController.class.php 第 4 行.
SQL: SHOW COLUMNS FROM `zy_api` [ RunTime:0.0039s ]
SQL: SELECT * FROM `zy_api` WHERE `py_name` = 'cache' AND `appid` = '201586485090108670' LIMIT 1   [ RunTime:0.0003s ]

[ 2015-11-25T23:36:57+08:00 ] 127.0.0.1 /guoji/vshop/CacheApi/?a=Get&appid=201586485090108670&c=Local&name=list&nonce_str=6cy668teiwch96o1m4hg23lhmt7xk0kz&time_stamp=1448465817&version=1.0
INFO: [ app_init ] --START--
INFO: Run Behavior\BuildLiteBehavior [ RunTime:0.000016s ]
INFO: [ app_init ] --END-- [ RunTime:0.000097s ]
INFO: [ app_begin ] --START--
INFO: Run Behavior\ReadHtmlCacheBehavior [ RunTime:0.000771s ]
INFO: [ app_begin ] --END-- [ RunTime:0.000850s ]
NOTIC: [2048] Declaration of Home\Controller\LocalController::Get() should be compatible with that of Think\Controller::get() D:\wamp\www\guoji\vshop\CacheApi\Cache\Home\Controller\LocalController.class.php 第 4 行.
SQL: SHOW COLUMNS FROM `zy_api` [ RunTime:0.0039s ]
SQL: SELECT * FROM `zy_api` WHERE `py_name` = 'cache' AND `appid` = '201586485090108670' LIMIT 1   [ RunTime:0.0002s ]

[ 2015-11-25T23:40:17+08:00 ] 127.0.0.1 /guoji/vshop/CacheApi/?a=Get&appid=201586485090108670&c=Local&name=list&nonce_str=ajehwdu7odecl7hgs57bs7ot6s9wh2f8&time_stamp=1448466017&version=1.0
INFO: [ app_init ] --START--
INFO: Run Behavior\BuildLiteBehavior [ RunTime:0.000018s ]
INFO: [ app_init ] --END-- [ RunTime:0.000098s ]
INFO: [ app_begin ] --START--
INFO: Run Behavior\ReadHtmlCacheBehavior [ RunTime:0.001276s ]
INFO: [ app_begin ] --END-- [ RunTime:0.001357s ]
NOTIC: [2048] Declaration of Home\Controller\LocalController::Get() should be compatible with that of Think\Controller::get() D:\wamp\www\guoji\vshop\CacheApi\Cache\Home\Controller\LocalController.class.php 第 4 行.
SQL: SHOW COLUMNS FROM `zy_api` [ RunTime:0.0044s ]
SQL: SELECT * FROM `zy_api` WHERE `py_name` = 'cache' AND `appid` = '201586485090108670' LIMIT 1   [ RunTime:0.0003s ]

[ 2015-11-25T23:40:44+08:00 ] 127.0.0.1 /guoji/vshop/CacheApi/?a=Get&appid=201586485090108670&c=Local&name=list&nonce_str=hbihf9qtl3ap5ax279kfvp1bnwrv7txb&time_stamp=1448466044&version=1.0
INFO: [ app_init ] --START--
INFO: Run Behavior\BuildLiteBehavior [ RunTime:0.000018s ]
INFO: [ app_init ] --END-- [ RunTime:0.000099s ]
INFO: [ app_begin ] --START--
INFO: Run Behavior\ReadHtmlCacheBehavior [ RunTime:0.000886s ]
INFO: [ app_begin ] --END-- [ RunTime:0.000978s ]
NOTIC: [2048] Declaration of Home\Controller\LocalController::Get() should be compatible with that of Think\Controller::get() D:\wamp\www\guoji\vshop\CacheApi\Cache\Home\Controller\LocalController.class.php 第 4 行.
SQL: SHOW COLUMNS FROM `zy_api` [ RunTime:0.0036s ]
SQL: SELECT * FROM `zy_api` WHERE `py_name` = 'cache' AND `appid` = '201586485090108670' LIMIT 1   [ RunTime:0.0003s ]

[ 2015-11-25T23:41:25+08:00 ] 127.0.0.1 /guoji/vshop/CacheApi/?a=Get&appid=201586485090108670&c=Local&name=list&nonce_str=8404688otcx6u8qy5bixitii16v1wbup&time_stamp=1448466085&version=1.0
INFO: [ app_init ] --START--
INFO: Run Behavior\BuildLiteBehavior [ RunTime:0.000017s ]
INFO: [ app_init ] --END-- [ RunTime:0.000098s ]
INFO: [ app_begin ] --START--
INFO: Run Behavior\ReadHtmlCacheBehavior [ RunTime:0.000916s ]
INFO: [ app_begin ] --END-- [ RunTime:0.001032s ]
NOTIC: [2048] Declaration of Home\Controller\LocalController::Get() should be compatible with that of Think\Controller::get() D:\wamp\www\guoji\vshop\CacheApi\Cache\Home\Controller\LocalController.class.php 第 4 行.
SQL: SHOW COLUMNS FROM `zy_api` [ RunTime:0.0048s ]
SQL: SELECT * FROM `zy_api` WHERE `py_name` = 'cache' AND `appid` = '201586485090108670' LIMIT 1   [ RunTime:0.0003s ]

[ 2015-11-25T23:41:46+08:00 ] 127.0.0.1 /guoji/vshop/CacheApi/?a=Get&appid=201586485090108670&c=Local&name=list&nonce_str=pwnsmz5dkjutsssftfwo9lw931tvov9x&time_stamp=1448466105&version=1.0
INFO: [ app_init ] --START--
INFO: Run Behavior\BuildLiteBehavior [ RunTime:0.000018s ]
INFO: [ app_init ] --END-- [ RunTime:0.000096s ]
INFO: [ app_begin ] --START--
INFO: Run Behavior\ReadHtmlCacheBehavior [ RunTime:0.000833s ]
INFO: [ app_begin ] --END-- [ RunTime:0.000911s ]
NOTIC: [2048] Declaration of Home\Controller\LocalController::Get() should be compatible with that of Think\Controller::get() D:\wamp\www\guoji\vshop\CacheApi\Cache\Home\Controller\LocalController.class.php 第 4 行.
SQL: SHOW COLUMNS FROM `zy_api` [ RunTime:0.0042s ]
SQL: SELECT * FROM `zy_api` WHERE `py_name` = 'cache' AND `appid` = '201586485090108670' LIMIT 1   [ RunTime:0.0003s ]

[ 2015-11-25T23:41:47+08:00 ] 127.0.0.1 /guoji/vshop/CacheApi/?a=Get&appid=201586485090108670&c=Local&name=list&nonce_str=99jahp9k1vdgeynb8vchrl2cmxo4gyt1&time_stamp=1448466107&version=1.0
INFO: [ app_init ] --START--
INFO: Run Behavior\BuildLiteBehavior [ RunTime:0.000016s ]
INFO: [ app_init ] --END-- [ RunTime:0.000113s ]
INFO: [ app_begin ] --START--
INFO: Run Behavior\ReadHtmlCacheBehavior [ RunTime:0.001202s ]
INFO: [ app_begin ] --END-- [ RunTime:0.001292s ]
NOTIC: [2048] Declaration of Home\Controller\LocalController::Get() should be compatible with that of Think\Controller::get() D:\wamp\www\guoji\vshop\CacheApi\Cache\Home\Controller\LocalController.class.php 第 4 行.
SQL: SHOW COLUMNS FROM `zy_api` [ RunTime:0.0036s ]
SQL: SELECT * FROM `zy_api` WHERE `py_name` = 'cache' AND `appid` = '201586485090108670' LIMIT 1   [ RunTime:0.0002s ]

[ 2015-11-25T23:45:13+08:00 ] 127.0.0.1 /guoji/vshop/CacheApi/?a=Get&appid=201586485090108670&c=Local&name=list&nonce_str=8x48sftjgmehr6yed7sj18nz0b1bjzdd&time_stamp=1448466312&version=1.0
INFO: [ app_init ] --START--
INFO: Run Behavior\BuildLiteBehavior [ RunTime:0.000019s ]
INFO: [ app_init ] --END-- [ RunTime:0.000105s ]
INFO: [ app_begin ] --START--
INFO: Run Behavior\ReadHtmlCacheBehavior [ RunTime:0.001339s ]
INFO: [ app_begin ] --END-- [ RunTime:0.001427s ]
NOTIC: [2048] Declaration of Home\Controller\LocalController::Get() should be compatible with that of Think\Controller::get() D:\wamp\www\guoji\vshop\CacheApi\Cache\Home\Controller\LocalController.class.php 第 4 行.
SQL: SHOW COLUMNS FROM `zy_api` [ RunTime:0.0043s ]
SQL: SELECT * FROM `zy_api` WHERE `py_name` = 'cache' AND `appid` = '201586485090108670' LIMIT 1   [ RunTime:0.0003s ]

