[ 2015-11-28T09:23:15+08:00 ] ::1 /guoji/vshop/admin2/index.php/Product/search_spec/pid/2
INFO: [ app_init ] --START--
INFO: Run Behavior\BuildLiteBehavior [ RunTime:0.000020s ]
INFO: [ app_init ] --END-- [ RunTime:0.000101s ]

[ 2015-11-28T09:23:15+08:00 ] ::1 /guoji/vshop/admin2/index.php?c=Public&a=login
INFO: [ app_init ] --START--
INFO: Run Behavior\BuildLiteBehavior [ RunTime:0.000020s ]
INFO: [ app_init ] --END-- [ RunTime:0.000101s ]

[ 2015-11-28T09:23:16+08:00 ] ::1 /guoji/vshop/admin2/index.php?c=Public&a=verify
INFO: [ app_init ] --START--
INFO: Run Behavior\BuildLiteBehavior [ RunTime:0.000023s ]
INFO: [ app_init ] --END-- [ RunTime:0.000178s ]

[ 2015-11-28T09:23:17+08:00 ] ::1 /guoji/vshop/admin2/index.php/Public/checkLogin
INFO: [ app_init ] --START--
INFO: Run Behavior\BuildLiteBehavior [ RunTime:0.000016s ]
INFO: [ app_init ] --END-- [ RunTime:0.000092s ]

[ 2015-11-28T09:23:18+08:00 ] ::1 /guoji/vshop/admin2/index.php
INFO: [ app_init ] --START--
INFO: Run Behavior\BuildLiteBehavior [ RunTime:0.000017s ]
INFO: [ app_init ] --END-- [ RunTime:0.000094s ]

[ 2015-11-28T09:23:21+08:00 ] ::1 /guoji/vshop/admin2/index.php?c=Member
INFO: [ app_init ] --START--
INFO: Run Behavior\BuildLiteBehavior [ RunTime:0.000017s ]
INFO: [ app_init ] --END-- [ RunTime:0.000092s ]

[ 2015-11-28T09:23:23+08:00 ] ::1 /guoji/vshop/admin2/index.php?c=Member
INFO: [ app_init ] --START--
INFO: Run Behavior\BuildLiteBehavior [ RunTime:0.000017s ]
INFO: [ app_init ] --END-- [ RunTime:0.000092s ]

[ 2015-11-28T09:23:25+08:00 ] ::1 /guoji/vshop/admin2/index.php/Member/edit/id/10108
INFO: [ app_init ] --START--
INFO: Run Behavior\BuildLiteBehavior [ RunTime:0.000017s ]
INFO: [ app_init ] --END-- [ RunTime:0.000093s ]

[ 2015-11-28T09:23:33+08:00 ] ::1 /guoji/vshop/admin2/index.php/Member/head/id/10108
INFO: [ app_init ] --START--
INFO: Run Behavior\BuildLiteBehavior [ RunTime:0.000017s ]
INFO: [ app_init ] --END-- [ RunTime:0.000093s ]

[ 2015-11-28T09:46:47+08:00 ] ::1 /guoji/vshop/admin2/index.php/Member/head/id/10108
INFO: [ app_init ] --START--
INFO: Run Behavior\BuildLiteBehavior [ RunTime:0.000018s ]
INFO: [ app_init ] --END-- [ RunTime:0.000094s ]

[ 2015-11-28T09:46:58+08:00 ] ::1 /guoji/vshop/admin2/index.php/Member/head/id/10108
INFO: [ app_init ] --START--
INFO: Run Behavior\BuildLiteBehavior [ RunTime:0.000019s ]
INFO: [ app_init ] --END-- [ RunTime:0.000098s ]

[ 2015-11-28T09:52:48+08:00 ] ::1 /guoji/vshop/admin2/index.php/Member/head/id/10108
INFO: [ app_init ] --START--
INFO: Run Behavior\BuildLiteBehavior [ RunTime:0.000018s ]
INFO: [ app_init ] --END-- [ RunTime:0.000095s ]

[ 2015-11-28T09:52:49+08:00 ] ::1 /guoji/vshop/admin2/index.php/Member/head/id/10108
INFO: [ app_init ] --START--
INFO: Run Behavior\BuildLiteBehavior [ RunTime:0.000019s ]
INFO: [ app_init ] --END-- [ RunTime:0.000095s ]

[ 2015-11-28T09:52:50+08:00 ] ::1 /guoji/vshop/admin2/index.php/Member/head/id/10108
INFO: [ app_init ] --START--
INFO: Run Behavior\BuildLiteBehavior [ RunTime:0.000018s ]
INFO: [ app_init ] --END-- [ RunTime:0.000094s ]

[ 2015-11-28T09:52:50+08:00 ] ::1 /guoji/vshop/admin2/index.php/Member/head/id/10108
INFO: [ app_init ] --START--
INFO: Run Behavior\BuildLiteBehavior [ RunTime:0.000019s ]
INFO: [ app_init ] --END-- [ RunTime:0.000094s ]

[ 2015-11-28T09:53:05+08:00 ] ::1 /guoji/vshop/admin2/index.php/Member/head/id/10108
INFO: [ app_init ] --START--
INFO: Run Behavior\BuildLiteBehavior [ RunTime:0.000019s ]
INFO: [ app_init ] --END-- [ RunTime:0.000099s ]

[ 2015-11-28T09:53:19+08:00 ] ::1 /guoji/vshop/admin2/index.php/Member/head/id/10108
INFO: [ app_init ] --START--
INFO: Run Behavior\BuildLiteBehavior [ RunTime:0.000021s ]
INFO: [ app_init ] --END-- [ RunTime:0.000102s ]

[ 2015-11-28T09:53:20+08:00 ] ::1 /guoji/vshop/admin2/index.php/Member/head/id/10108
INFO: [ app_init ] --START--
INFO: Run Behavior\BuildLiteBehavior [ RunTime:0.000021s ]
INFO: [ app_init ] --END-- [ RunTime:0.000103s ]

[ 2015-11-28T09:53:20+08:00 ] ::1 /guoji/vshop/admin2/index.php/Member/head/id/10108
INFO: [ app_init ] --START--
INFO: Run Behavior\BuildLiteBehavior [ RunTime:0.000020s ]
INFO: [ app_init ] --END-- [ RunTime:0.000101s ]

[ 2015-11-28T09:53:32+08:00 ] ::1 /guoji/vshop/admin2/index.php/Member/head/id/10108
INFO: [ app_init ] --START--
INFO: Run Behavior\BuildLiteBehavior [ RunTime:0.000017s ]
INFO: [ app_init ] --END-- [ RunTime:0.000093s ]

[ 2015-11-28T09:53:33+08:00 ] ::1 /guoji/vshop/admin2/index.php/Member/head/id/10108
INFO: [ app_init ] --START--
INFO: Run Behavior\BuildLiteBehavior [ RunTime:0.000019s ]
INFO: [ app_init ] --END-- [ RunTime:0.000109s ]

[ 2015-11-28T09:53:33+08:00 ] ::1 /guoji/vshop/admin2/index.php/Member/head/id/10108
INFO: [ app_init ] --START--
INFO: Run Behavior\BuildLiteBehavior [ RunTime:0.000022s ]
INFO: [ app_init ] --END-- [ RunTime:0.000126s ]

[ 2015-11-28T09:53:34+08:00 ] ::1 /guoji/vshop/admin2/index.php/Member/head/id/10108
INFO: [ app_init ] --START--
INFO: Run Behavior\BuildLiteBehavior [ RunTime:0.000020s ]
INFO: [ app_init ] --END-- [ RunTime:0.000097s ]

[ 2015-11-28T09:53:34+08:00 ] ::1 /guoji/vshop/admin2/index.php/Member/head/id/10108
INFO: [ app_init ] --START--
INFO: Run Behavior\BuildLiteBehavior [ RunTime:0.000019s ]
INFO: [ app_init ] --END-- [ RunTime:0.000100s ]

[ 2015-11-28T09:53:42+08:00 ] ::1 /guoji/vshop/admin2/index.php/Member/head/id/10108
INFO: [ app_init ] --START--
INFO: Run Behavior\BuildLiteBehavior [ RunTime:0.000017s ]
INFO: [ app_init ] --END-- [ RunTime:0.000092s ]

[ 2015-11-28T09:53:43+08:00 ] ::1 /guoji/vshop/admin2/index.php/Member/head/id/10108
INFO: [ app_init ] --START--
INFO: Run Behavior\BuildLiteBehavior [ RunTime:0.000019s ]
INFO: [ app_init ] --END-- [ RunTime:0.000126s ]

[ 2015-11-28T09:53:50+08:00 ] ::1 /guoji/vshop/admin2/index.php/Member/head/id/10108
INFO: [ app_init ] --START--
INFO: Run Behavior\BuildLiteBehavior [ RunTime:0.000018s ]
INFO: [ app_init ] --END-- [ RunTime:0.000096s ]

[ 2015-11-28T09:53:51+08:00 ] ::1 /guoji/vshop/admin2/index.php/Member/head/id/10108
INFO: [ app_init ] --START--
INFO: Run Behavior\BuildLiteBehavior [ RunTime:0.000019s ]
INFO: [ app_init ] --END-- [ RunTime:0.000101s ]

[ 2015-11-28T09:53:51+08:00 ] ::1 /guoji/vshop/admin2/index.php/Member/head/id/10108
INFO: [ app_init ] --START--
INFO: Run Behavior\BuildLiteBehavior [ RunTime:0.000018s ]
INFO: [ app_init ] --END-- [ RunTime:0.000111s ]

[ 2015-11-28T09:53:51+08:00 ] ::1 /guoji/vshop/admin2/index.php/Member/head/id/10108
INFO: [ app_init ] --START--
INFO: Run Behavior\BuildLiteBehavior [ RunTime:0.000020s ]
INFO: [ app_init ] --END-- [ RunTime:0.000100s ]

[ 2015-11-28T09:53:51+08:00 ] ::1 /guoji/vshop/admin2/index.php/Member/head/id/10108
INFO: [ app_init ] --START--
INFO: Run Behavior\BuildLiteBehavior [ RunTime:0.000017s ]
INFO: [ app_init ] --END-- [ RunTime:0.000098s ]

[ 2015-11-28T09:53:58+08:00 ] ::1 /guoji/vshop/admin2/index.php/Member/head/id/10108
INFO: [ app_init ] --START--
INFO: Run Behavior\BuildLiteBehavior [ RunTime:0.000019s ]
INFO: [ app_init ] --END-- [ RunTime:0.000098s ]

[ 2015-11-28T09:53:58+08:00 ] ::1 /guoji/vshop/admin2/index.php/Member/head/id/10108
INFO: [ app_init ] --START--
INFO: Run Behavior\BuildLiteBehavior [ RunTime:0.000018s ]
INFO: [ app_init ] --END-- [ RunTime:0.000099s ]

[ 2015-11-28T09:54:03+08:00 ] ::1 /guoji/vshop/admin2/index.php/Member/head/id/10108
INFO: [ app_init ] --START--
INFO: Run Behavior\BuildLiteBehavior [ RunTime:0.000019s ]
INFO: [ app_init ] --END-- [ RunTime:0.000107s ]

[ 2015-11-28T09:54:08+08:00 ] ::1 /guoji/vshop/admin2/index.php/Member/head/id/10108
INFO: [ app_init ] --START--
INFO: Run Behavior\BuildLiteBehavior [ RunTime:0.000017s ]
INFO: [ app_init ] --END-- [ RunTime:0.000097s ]

[ 2015-11-28T09:54:40+08:00 ] ::1 /guoji/vshop/admin2/index.php/Member/head/id/10108
INFO: [ app_init ] --START--
INFO: Run Behavior\BuildLiteBehavior [ RunTime:0.000021s ]
INFO: [ app_init ] --END-- [ RunTime:0.000109s ]

[ 2015-11-28T09:57:26+08:00 ] ::1 /guoji/vshop/admin2/index.php/Member/head/id/10108
INFO: [ app_init ] --START--
INFO: Run Behavior\BuildLiteBehavior [ RunTime:0.000019s ]
INFO: [ app_init ] --END-- [ RunTime:0.000098s ]

[ 2015-11-28T09:57:41+08:00 ] ::1 /guoji/vshop/admin2/index.php/Member/head/id/10108
INFO: [ app_init ] --START--
INFO: Run Behavior\BuildLiteBehavior [ RunTime:0.000018s ]
INFO: [ app_init ] --END-- [ RunTime:0.000102s ]

[ 2015-11-28T09:59:00+08:00 ] ::1 /guoji/vshop/admin2/index.php/Member/head/id/10108
INFO: [ app_init ] --START--
INFO: Run Behavior\BuildLiteBehavior [ RunTime:0.000019s ]
INFO: [ app_init ] --END-- [ RunTime:0.000106s ]

[ 2015-11-28T10:09:06+08:00 ] ::1 /guoji/vshop/admin2/index.php/Member/head/id/10108
INFO: [ app_init ] --START--
INFO: Run Behavior\BuildLiteBehavior [ RunTime:0.000019s ]
INFO: [ app_init ] --END-- [ RunTime:0.000100s ]

[ 2015-11-28T10:09:10+08:00 ] ::1 /guoji/vshop/admin2/index.php/Member/head/id/10108
INFO: [ app_init ] --START--
INFO: Run Behavior\BuildLiteBehavior [ RunTime:0.000018s ]
INFO: [ app_init ] --END-- [ RunTime:0.000100s ]

[ 2015-11-28T10:09:43+08:00 ] ::1 /guoji/vshop/admin2/index.php/Member/head/id/10108
INFO: [ app_init ] --START--
INFO: Run Behavior\BuildLiteBehavior [ RunTime:0.000019s ]
INFO: [ app_init ] --END-- [ RunTime:0.000111s ]

[ 2015-11-28T10:09:45+08:00 ] ::1 /guoji/vshop/admin2/index.php/Member/_head_up
INFO: [ app_init ] --START--
INFO: Run Behavior\BuildLiteBehavior [ RunTime:0.000018s ]
INFO: [ app_init ] --END-- [ RunTime:0.000098s ]

[ 2015-11-28T10:14:33+08:00 ] ::1 /guoji/vshop/admin2/index.php/Member/head/id/10108
INFO: [ app_init ] --START--
INFO: Run Behavior\BuildLiteBehavior [ RunTime:0.000128s ]
INFO: [ app_init ] --END-- [ RunTime:0.000217s ]

[ 2015-11-28T10:14:35+08:00 ] ::1 /guoji/vshop/admin2/index.php/Member/_head_up
INFO: [ app_init ] --START--
INFO: Run Behavior\BuildLiteBehavior [ RunTime:0.000017s ]
INFO: [ app_init ] --END-- [ RunTime:0.000099s ]

[ 2015-11-28T10:14:54+08:00 ] ::1 /guoji/vshop/admin2/index.php/Member/head/id/10108
INFO: [ app_init ] --START--
INFO: Run Behavior\BuildLiteBehavior [ RunTime:0.000018s ]
INFO: [ app_init ] --END-- [ RunTime:0.000097s ]

[ 2015-11-28T10:14:56+08:00 ] ::1 /guoji/vshop/admin2/index.php/Member/_head_up
INFO: [ app_init ] --START--
INFO: Run Behavior\BuildLiteBehavior [ RunTime:0.000019s ]
INFO: [ app_init ] --END-- [ RunTime:0.000102s ]

[ 2015-11-28T10:15:35+08:00 ] ::1 /guoji/vshop/admin2/index.php/Member/head/id/10108
INFO: [ app_init ] --START--
INFO: Run Behavior\BuildLiteBehavior [ RunTime:0.000018s ]
INFO: [ app_init ] --END-- [ RunTime:0.000100s ]

[ 2015-11-28T10:15:36+08:00 ] ::1 /guoji/vshop/admin2/index.php/Member/_head_up
INFO: [ app_init ] --START--
INFO: Run Behavior\BuildLiteBehavior [ RunTime:0.000018s ]
INFO: [ app_init ] --END-- [ RunTime:0.000100s ]

[ 2015-11-28T10:16:02+08:00 ] ::1 /guoji/vshop/admin2/index.php/Member/_head_up
INFO: [ app_init ] --START--
INFO: Run Behavior\BuildLiteBehavior [ RunTime:0.000019s ]
INFO: [ app_init ] --END-- [ RunTime:0.000101s ]

[ 2015-11-28T10:16:19+08:00 ] ::1 /guoji/vshop/admin2/index.php/Member/head_up
INFO: [ app_init ] --START--
INFO: Run Behavior\BuildLiteBehavior [ RunTime:0.000018s ]
INFO: [ app_init ] --END-- [ RunTime:0.000097s ]

[ 2015-11-28T10:16:25+08:00 ] ::1 /guoji/vshop/admin2/index.php/Member/head_up
INFO: [ app_init ] --START--
INFO: Run Behavior\BuildLiteBehavior [ RunTime:0.000017s ]
INFO: [ app_init ] --END-- [ RunTime:0.000096s ]

[ 2015-11-28T10:16:26+08:00 ] ::1 /guoji/vshop/admin2/index.php/Member/head_up
INFO: [ app_init ] --START--
INFO: Run Behavior\BuildLiteBehavior [ RunTime:0.000018s ]
INFO: [ app_init ] --END-- [ RunTime:0.000098s ]

[ 2015-11-28T10:16:27+08:00 ] ::1 /guoji/vshop/admin2/index.php/Member/head_up
INFO: [ app_init ] --START--
INFO: Run Behavior\BuildLiteBehavior [ RunTime:0.000017s ]
INFO: [ app_init ] --END-- [ RunTime:0.000098s ]

[ 2015-11-28T10:16:37+08:00 ] ::1 /guoji/vshop/admin2/index.php/Member/_head_up
INFO: [ app_init ] --START--
INFO: Run Behavior\BuildLiteBehavior [ RunTime:0.000017s ]
INFO: [ app_init ] --END-- [ RunTime:0.000131s ]

[ 2015-11-28T10:16:39+08:00 ] ::1 /guoji/vshop/admin2/index.php/Member/head_up
INFO: [ app_init ] --START--
INFO: Run Behavior\BuildLiteBehavior [ RunTime:0.000018s ]
INFO: [ app_init ] --END-- [ RunTime:0.000104s ]

[ 2015-11-28T10:16:49+08:00 ] ::1 /guoji/vshop/admin2/index.php/Member/_head_up
INFO: [ app_init ] --START--
INFO: Run Behavior\BuildLiteBehavior [ RunTime:0.000019s ]
INFO: [ app_init ] --END-- [ RunTime:0.000096s ]

[ 2015-11-28T10:16:51+08:00 ] ::1 /guoji/vshop/admin2/index.php/Member/head/id/10108
INFO: [ app_init ] --START--
INFO: Run Behavior\BuildLiteBehavior [ RunTime:0.000019s ]
INFO: [ app_init ] --END-- [ RunTime:0.000097s ]

[ 2015-11-28T10:16:53+08:00 ] ::1 /guoji/vshop/admin2/index.php/Member/head_up
INFO: [ app_init ] --START--
INFO: Run Behavior\BuildLiteBehavior [ RunTime:0.000017s ]
INFO: [ app_init ] --END-- [ RunTime:0.000096s ]

[ 2015-11-28T10:17:13+08:00 ] ::1 /guoji/vshop/admin2/index.php/Member/head/id/10108
INFO: [ app_init ] --START--
INFO: Run Behavior\BuildLiteBehavior [ RunTime:0.000018s ]
INFO: [ app_init ] --END-- [ RunTime:0.000098s ]

[ 2015-11-28T10:17:15+08:00 ] ::1 /guoji/vshop/admin2/index.php/Member/head_up
INFO: [ app_init ] --START--
INFO: Run Behavior\BuildLiteBehavior [ RunTime:0.000018s ]
INFO: [ app_init ] --END-- [ RunTime:0.000099s ]

[ 2015-11-28T10:17:32+08:00 ] ::1 /guoji/vshop/admin2/index.php/Member/head/id/10108
INFO: [ app_init ] --START--
INFO: Run Behavior\BuildLiteBehavior [ RunTime:0.000019s ]
INFO: [ app_init ] --END-- [ RunTime:0.000108s ]

[ 2015-11-28T10:17:34+08:00 ] ::1 /guoji/vshop/admin2/index.php/Member/head_up
INFO: [ app_init ] --START--
INFO: Run Behavior\BuildLiteBehavior [ RunTime:0.000021s ]
INFO: [ app_init ] --END-- [ RunTime:0.000127s ]

[ 2015-11-28T10:18:38+08:00 ] ::1 /guoji/vshop/admin2/index.php/Member/head/id/10108
INFO: [ app_init ] --START--
INFO: Run Behavior\BuildLiteBehavior [ RunTime:0.000019s ]
INFO: [ app_init ] --END-- [ RunTime:0.000103s ]

[ 2015-11-28T10:18:40+08:00 ] ::1 /guoji/vshop/admin2/index.php/Member/head_up
INFO: [ app_init ] --START--
INFO: Run Behavior\BuildLiteBehavior [ RunTime:0.000018s ]
INFO: [ app_init ] --END-- [ RunTime:0.000099s ]

[ 2015-11-28T10:22:00+08:00 ] ::1 /guoji/vshop/admin2/index.php/Member/head/id/10108
INFO: [ app_init ] --START--
INFO: Run Behavior\BuildLiteBehavior [ RunTime:0.000017s ]
INFO: [ app_init ] --END-- [ RunTime:0.000096s ]

[ 2015-11-28T10:22:01+08:00 ] ::1 /guoji/vshop/admin2/index.php/Member/head_up
INFO: [ app_init ] --START--
INFO: Run Behavior\BuildLiteBehavior [ RunTime:0.000018s ]
INFO: [ app_init ] --END-- [ RunTime:0.000098s ]

[ 2015-11-28T10:22:24+08:00 ] ::1 /guoji/vshop/admin2/index.php/Member/head/id/10108
INFO: [ app_init ] --START--
INFO: Run Behavior\BuildLiteBehavior [ RunTime:0.000020s ]
INFO: [ app_init ] --END-- [ RunTime:0.000144s ]

[ 2015-11-28T10:22:26+08:00 ] ::1 /guoji/vshop/admin2/index.php/Member/head_up
INFO: [ app_init ] --START--
INFO: Run Behavior\BuildLiteBehavior [ RunTime:0.000018s ]
INFO: [ app_init ] --END-- [ RunTime:0.000098s ]

[ 2015-11-28T10:22:37+08:00 ] ::1 /guoji/vshop/admin2/index.php/Member/head/id/10108
INFO: [ app_init ] --START--
INFO: Run Behavior\BuildLiteBehavior [ RunTime:0.000019s ]
INFO: [ app_init ] --END-- [ RunTime:0.000105s ]

[ 2015-11-28T10:22:40+08:00 ] ::1 /guoji/vshop/admin2/index.php/Member/head_up
INFO: [ app_init ] --START--
INFO: Run Behavior\BuildLiteBehavior [ RunTime:0.000017s ]
INFO: [ app_init ] --END-- [ RunTime:0.000096s ]

[ 2015-11-28T10:22:47+08:00 ] ::1 /guoji/vshop/admin2/index.php/Member/head/id/10108
INFO: [ app_init ] --START--
INFO: Run Behavior\BuildLiteBehavior [ RunTime:0.000019s ]
INFO: [ app_init ] --END-- [ RunTime:0.000101s ]

[ 2015-11-28T10:24:46+08:00 ] ::1 /guoji/vshop/admin2/index.php/Member/head/id/10108
INFO: [ app_init ] --START--
INFO: Run Behavior\BuildLiteBehavior [ RunTime:0.000018s ]
INFO: [ app_init ] --END-- [ RunTime:0.000099s ]

[ 2015-11-28T10:24:47+08:00 ] ::1 /guoji/vshop/admin2/index.php/Member/head_up
INFO: [ app_init ] --START--
INFO: Run Behavior\BuildLiteBehavior [ RunTime:0.000019s ]
INFO: [ app_init ] --END-- [ RunTime:0.000098s ]

[ 2015-11-28T10:25:47+08:00 ] ::1 /guoji/vshop/admin2/index.php/Member/head_up
INFO: [ app_init ] --START--
INFO: Run Behavior\BuildLiteBehavior [ RunTime:0.000025s ]
INFO: [ app_init ] --END-- [ RunTime:0.000124s ]

[ 2015-11-28T10:25:49+08:00 ] ::1 /guoji/vshop/admin2/index.php/Member/head/id/10108
INFO: [ app_init ] --START--
INFO: Run Behavior\BuildLiteBehavior [ RunTime:0.000018s ]
INFO: [ app_init ] --END-- [ RunTime:0.000096s ]

[ 2015-11-28T10:25:51+08:00 ] ::1 /guoji/vshop/admin2/index.php/Member/head_up
INFO: [ app_init ] --START--
INFO: Run Behavior\BuildLiteBehavior [ RunTime:0.000020s ]
INFO: [ app_init ] --END-- [ RunTime:0.000098s ]

[ 2015-11-28T10:25:58+08:00 ] ::1 /guoji/vshop/admin2/index.php/Member/head/id/10108
INFO: [ app_init ] --START--
INFO: Run Behavior\BuildLiteBehavior [ RunTime:0.000021s ]
INFO: [ app_init ] --END-- [ RunTime:0.000102s ]

[ 2015-11-28T10:26:00+08:00 ] ::1 /guoji/vshop/admin2/index.php/Member/head_up
INFO: [ app_init ] --START--
INFO: Run Behavior\BuildLiteBehavior [ RunTime:0.000018s ]
INFO: [ app_init ] --END-- [ RunTime:0.000097s ]

[ 2015-11-28T10:26:22+08:00 ] ::1 /guoji/vshop/admin2/index.php/Member/head/id/10108
INFO: [ app_init ] --START--
INFO: Run Behavior\BuildLiteBehavior [ RunTime:0.000019s ]
INFO: [ app_init ] --END-- [ RunTime:0.000098s ]

[ 2015-11-28T10:26:23+08:00 ] ::1 /guoji/vshop/admin2/index.php/Member/head_up
INFO: [ app_init ] --START--
INFO: Run Behavior\BuildLiteBehavior [ RunTime:0.000019s ]
INFO: [ app_init ] --END-- [ RunTime:0.000100s ]

[ 2015-11-28T10:26:24+08:00 ] ::1 /guoji/vshop/admin2/index.php/Member/head/id/10108
INFO: [ app_init ] --START--
INFO: Run Behavior\BuildLiteBehavior [ RunTime:0.000052s ]
INFO: [ app_init ] --END-- [ RunTime:0.000153s ]

[ 2015-11-28T10:27:10+08:00 ] ::1 /guoji/vshop/admin2/index.php/Member/head/id/10108
INFO: [ app_init ] --START--
INFO: Run Behavior\BuildLiteBehavior [ RunTime:0.000018s ]
INFO: [ app_init ] --END-- [ RunTime:0.000094s ]

[ 2015-11-28T10:27:12+08:00 ] ::1 /guoji/vshop/admin2/index.php/Member/head_up
INFO: [ app_init ] --START--
INFO: Run Behavior\BuildLiteBehavior [ RunTime:0.000017s ]
INFO: [ app_init ] --END-- [ RunTime:0.000098s ]

[ 2015-11-28T10:27:13+08:00 ] ::1 /guoji/vshop/admin2/index.php/Member/head/id/10108
INFO: [ app_init ] --START--
INFO: Run Behavior\BuildLiteBehavior [ RunTime:0.000018s ]
INFO: [ app_init ] --END-- [ RunTime:0.000098s ]

[ 2015-11-28T10:27:16+08:00 ] ::1 /guoji/vshop/admin2/index.php/Member/head_up
INFO: [ app_init ] --START--
INFO: Run Behavior\BuildLiteBehavior [ RunTime:0.000018s ]
INFO: [ app_init ] --END-- [ RunTime:0.000098s ]

[ 2015-11-28T10:27:17+08:00 ] ::1 /guoji/vshop/admin2/index.php/Member/head/id/10108
INFO: [ app_init ] --START--
INFO: Run Behavior\BuildLiteBehavior [ RunTime:0.000018s ]
INFO: [ app_init ] --END-- [ RunTime:0.000100s ]

[ 2015-11-28T10:29:01+08:00 ] ::1 /guoji/vshop/admin2/index.php/Member/head/id/10108
INFO: [ app_init ] --START--
INFO: Run Behavior\BuildLiteBehavior [ RunTime:0.000018s ]
INFO: [ app_init ] --END-- [ RunTime:0.000098s ]

[ 2015-11-28T10:29:04+08:00 ] ::1 /guoji/vshop/admin2/index.php/Member/head_up
INFO: [ app_init ] --START--
INFO: Run Behavior\BuildLiteBehavior [ RunTime:0.000018s ]
INFO: [ app_init ] --END-- [ RunTime:0.000096s ]

[ 2015-11-28T10:29:05+08:00 ] ::1 /guoji/vshop/admin2/index.php/Member/head/id/10108
INFO: [ app_init ] --START--
INFO: Run Behavior\BuildLiteBehavior [ RunTime:0.000018s ]
INFO: [ app_init ] --END-- [ RunTime:0.000099s ]

[ 2015-11-28T10:29:08+08:00 ] ::1 /guoji/vshop/admin2/index.php/Member/head_up
INFO: [ app_init ] --START--
INFO: Run Behavior\BuildLiteBehavior [ RunTime:0.000017s ]
INFO: [ app_init ] --END-- [ RunTime:0.000095s ]

[ 2015-11-28T10:29:12+08:00 ] ::1 /guoji/vshop/admin2/index.php/Member/head/id/10108
INFO: [ app_init ] --START--
INFO: Run Behavior\BuildLiteBehavior [ RunTime:0.000018s ]
INFO: [ app_init ] --END-- [ RunTime:0.000097s ]

[ 2015-11-28T10:29:44+08:00 ] ::1 /guoji/vshop/admin2/index.php/Member/head_up
INFO: [ app_init ] --START--
INFO: Run Behavior\BuildLiteBehavior [ RunTime:0.000018s ]
INFO: [ app_init ] --END-- [ RunTime:0.000098s ]

[ 2015-11-28T10:29:45+08:00 ] ::1 /guoji/vshop/admin2/index.php/Member/head/id/10108
INFO: [ app_init ] --START--
INFO: Run Behavior\BuildLiteBehavior [ RunTime:0.000019s ]
INFO: [ app_init ] --END-- [ RunTime:0.000117s ]

[ 2015-11-28T10:30:04+08:00 ] ::1 /guoji/vshop/admin2/index.php/Member/head/id/10108
INFO: [ app_init ] --START--
INFO: Run Behavior\BuildLiteBehavior [ RunTime:0.000018s ]
INFO: [ app_init ] --END-- [ RunTime:0.000095s ]

[ 2015-11-28T10:30:06+08:00 ] ::1 /guoji/vshop/admin2/index.php/Member/head_up
INFO: [ app_init ] --START--
INFO: Run Behavior\BuildLiteBehavior [ RunTime:0.000019s ]
INFO: [ app_init ] --END-- [ RunTime:0.000102s ]

[ 2015-11-28T10:30:31+08:00 ] ::1 /guoji/vshop/admin2/index.php/Member/head/id/10108
INFO: [ app_init ] --START--
INFO: Run Behavior\BuildLiteBehavior [ RunTime:0.000018s ]
INFO: [ app_init ] --END-- [ RunTime:0.000107s ]

[ 2015-11-28T10:34:53+08:00 ] ::1 /guoji/vshop/admin2/index.php/Member/head/id/10108
INFO: [ app_init ] --START--
INFO: Run Behavior\BuildLiteBehavior [ RunTime:0.000018s ]
INFO: [ app_init ] --END-- [ RunTime:0.000099s ]

[ 2015-11-28T10:35:00+08:00 ] ::1 /guoji/vshop/admin2/index.php/Member/head_up
INFO: [ app_init ] --START--
INFO: Run Behavior\BuildLiteBehavior [ RunTime:0.000021s ]
INFO: [ app_init ] --END-- [ RunTime:0.000114s ]

[ 2015-11-28T10:35:10+08:00 ] ::1 /guoji/vshop/admin2/index.php/Member/head/id/10108
INFO: [ app_init ] --START--
INFO: Run Behavior\BuildLiteBehavior [ RunTime:0.000020s ]
INFO: [ app_init ] --END-- [ RunTime:0.000104s ]

[ 2015-11-28T10:35:18+08:00 ] ::1 /guoji/vshop/admin2/index.php/Member/head_up
INFO: [ app_init ] --START--
INFO: Run Behavior\BuildLiteBehavior [ RunTime:0.000018s ]
INFO: [ app_init ] --END-- [ RunTime:0.000100s ]

[ 2015-11-28T10:36:20+08:00 ] ::1 /guoji/vshop/admin2/index.php/Member/head/id/10108
INFO: [ app_init ] --START--
INFO: Run Behavior\BuildLiteBehavior [ RunTime:0.000019s ]
INFO: [ app_init ] --END-- [ RunTime:0.000102s ]

[ 2015-11-28T10:36:24+08:00 ] ::1 /guoji/vshop/admin2/index.php/Member/head_up
INFO: [ app_init ] --START--
INFO: Run Behavior\BuildLiteBehavior [ RunTime:0.000020s ]
INFO: [ app_init ] --END-- [ RunTime:0.000106s ]

[ 2015-11-28T10:37:17+08:00 ] ::1 /guoji/vshop/admin2/index.php/Member/head/id/10108
INFO: [ app_init ] --START--
INFO: Run Behavior\BuildLiteBehavior [ RunTime:0.000023s ]
INFO: [ app_init ] --END-- [ RunTime:0.000113s ]

[ 2015-11-28T10:37:20+08:00 ] ::1 /guoji/vshop/admin2/index.php/Member/head_up
INFO: [ app_init ] --START--
INFO: Run Behavior\BuildLiteBehavior [ RunTime:0.000019s ]
INFO: [ app_init ] --END-- [ RunTime:0.000094s ]

[ 2015-11-28T10:38:39+08:00 ] ::1 /guoji/vshop/admin2/index.php/Member/head/id/10108
INFO: [ app_init ] --START--
INFO: Run Behavior\BuildLiteBehavior [ RunTime:0.000018s ]
INFO: [ app_init ] --END-- [ RunTime:0.000101s ]

[ 2015-11-28T10:38:54+08:00 ] ::1 /guoji/vshop/admin2/index.php/Member/head/id/10108
INFO: [ app_init ] --START--
INFO: Run Behavior\BuildLiteBehavior [ RunTime:0.000017s ]
INFO: [ app_init ] --END-- [ RunTime:0.000097s ]

[ 2015-11-28T10:38:56+08:00 ] ::1 /guoji/vshop/admin2/index.php/Member/head_up
INFO: [ app_init ] --START--
INFO: Run Behavior\BuildLiteBehavior [ RunTime:0.000020s ]
INFO: [ app_init ] --END-- [ RunTime:0.000101s ]

[ 2015-11-28T10:39:49+08:00 ] ::1 /guoji/vshop/admin2/index.php/Member/head/id/10108
INFO: [ app_init ] --START--
INFO: Run Behavior\BuildLiteBehavior [ RunTime:0.000018s ]
INFO: [ app_init ] --END-- [ RunTime:0.000099s ]

[ 2015-11-28T10:39:56+08:00 ] ::1 /guoji/vshop/admin2/index.php/Member/head_up
INFO: [ app_init ] --START--
INFO: Run Behavior\BuildLiteBehavior [ RunTime:0.000018s ]
INFO: [ app_init ] --END-- [ RunTime:0.000098s ]

[ 2015-11-28T10:40:07+08:00 ] ::1 /guoji/vshop/admin2/index.php/Member/head_up
INFO: [ app_init ] --START--
INFO: Run Behavior\BuildLiteBehavior [ RunTime:0.000019s ]
INFO: [ app_init ] --END-- [ RunTime:0.000099s ]

[ 2015-11-28T10:41:16+08:00 ] ::1 /guoji/vshop/admin2/index.php/Member/head/id/10108
INFO: [ app_init ] --START--
INFO: Run Behavior\BuildLiteBehavior [ RunTime:0.000019s ]
INFO: [ app_init ] --END-- [ RunTime:0.000114s ]

[ 2015-11-28T10:41:19+08:00 ] ::1 /guoji/vshop/admin2/index.php/Member/head_up
INFO: [ app_init ] --START--
INFO: Run Behavior\BuildLiteBehavior [ RunTime:0.000018s ]
INFO: [ app_init ] --END-- [ RunTime:0.000096s ]

[ 2015-11-28T10:41:24+08:00 ] ::1 /guoji/vshop/admin2/index.php/Member/head_up
INFO: [ app_init ] --START--
INFO: Run Behavior\BuildLiteBehavior [ RunTime:0.000019s ]
INFO: [ app_init ] --END-- [ RunTime:0.000106s ]

[ 2015-11-28T10:41:36+08:00 ] ::1 /guoji/vshop/admin2/index.php/Member/head/id/10108
INFO: [ app_init ] --START--
INFO: Run Behavior\BuildLiteBehavior [ RunTime:0.000058s ]
INFO: [ app_init ] --END-- [ RunTime:0.000221s ]

[ 2015-11-28T10:41:48+08:00 ] ::1 /guoji/vshop/admin2/index.php/Member/head_up
INFO: [ app_init ] --START--
INFO: Run Behavior\BuildLiteBehavior [ RunTime:0.000017s ]
INFO: [ app_init ] --END-- [ RunTime:0.000094s ]

[ 2015-11-28T10:41:56+08:00 ] ::1 /guoji/vshop/admin2/index.php/Member/head_up
INFO: [ app_init ] --START--
INFO: Run Behavior\BuildLiteBehavior [ RunTime:0.000019s ]
INFO: [ app_init ] --END-- [ RunTime:0.000097s ]

[ 2015-11-28T10:44:55+08:00 ] ::1 /guoji/vshop/admin2/index.php/Member/head/id/10108
INFO: [ app_init ] --START--
INFO: Run Behavior\BuildLiteBehavior [ RunTime:0.000019s ]
INFO: [ app_init ] --END-- [ RunTime:0.000098s ]

[ 2015-11-28T10:44:57+08:00 ] ::1 /guoji/vshop/admin2/index.php/Member/head_up
INFO: [ app_init ] --START--
INFO: Run Behavior\BuildLiteBehavior [ RunTime:0.000021s ]
INFO: [ app_init ] --END-- [ RunTime:0.000109s ]

[ 2015-11-28T10:45:45+08:00 ] ::1 /guoji/vshop/admin2/index.php/Member/head/id/10108
INFO: [ app_init ] --START--
INFO: Run Behavior\BuildLiteBehavior [ RunTime:0.000018s ]
INFO: [ app_init ] --END-- [ RunTime:0.000102s ]

[ 2015-11-28T10:45:47+08:00 ] ::1 /guoji/vshop/admin2/index.php/Member/head_up
INFO: [ app_init ] --START--
INFO: Run Behavior\BuildLiteBehavior [ RunTime:0.000021s ]
INFO: [ app_init ] --END-- [ RunTime:0.000102s ]

[ 2015-11-28T10:45:48+08:00 ] ::1 /guoji/vshop/admin2/index.php/Member/head/id/10108
INFO: [ app_init ] --START--
INFO: Run Behavior\BuildLiteBehavior [ RunTime:0.000020s ]
INFO: [ app_init ] --END-- [ RunTime:0.000109s ]

[ 2015-11-28T10:45:57+08:00 ] ::1 /guoji/vshop/admin2/index.php/Member/head/id/10108
INFO: [ app_init ] --START--
INFO: Run Behavior\BuildLiteBehavior [ RunTime:0.000019s ]
INFO: [ app_init ] --END-- [ RunTime:0.000097s ]

[ 2015-11-28T10:45:58+08:00 ] ::1 /guoji/vshop/admin2/index.php/Member/head/id/10108
INFO: [ app_init ] --START--
INFO: Run Behavior\BuildLiteBehavior [ RunTime:0.000020s ]
INFO: [ app_init ] --END-- [ RunTime:0.000098s ]

[ 2015-11-28T10:46:01+08:00 ] ::1 /guoji/vshop/admin2/index.php/Member/head_up
INFO: [ app_init ] --START--
INFO: Run Behavior\BuildLiteBehavior [ RunTime:0.000019s ]
INFO: [ app_init ] --END-- [ RunTime:0.000097s ]

[ 2015-11-28T10:46:06+08:00 ] ::1 /guoji/vshop/admin2/index.php/Member/head/id/10108
INFO: [ app_init ] --START--
INFO: Run Behavior\BuildLiteBehavior [ RunTime:0.000019s ]
INFO: [ app_init ] --END-- [ RunTime:0.000102s ]

[ 2015-11-28T10:46:15+08:00 ] ::1 /guoji/vshop/admin2/index.php/Member/head/id/10108
INFO: [ app_init ] --START--
INFO: Run Behavior\BuildLiteBehavior [ RunTime:0.000019s ]
INFO: [ app_init ] --END-- [ RunTime:0.000098s ]

[ 2015-11-28T10:46:17+08:00 ] ::1 /guoji/vshop/admin2/index.php/Member/head/id/10108
INFO: [ app_init ] --START--
INFO: Run Behavior\BuildLiteBehavior [ RunTime:0.000018s ]
INFO: [ app_init ] --END-- [ RunTime:0.000102s ]

[ 2015-11-28T10:46:18+08:00 ] ::1 /guoji/vshop/admin2/index.php/Member/head/id/10108
INFO: [ app_init ] --START--
INFO: Run Behavior\BuildLiteBehavior [ RunTime:0.000017s ]
INFO: [ app_init ] --END-- [ RunTime:0.000100s ]

[ 2015-11-28T10:46:18+08:00 ] ::1 /guoji/vshop/admin2/index.php/Member/head/id/10108
INFO: [ app_init ] --START--
INFO: Run Behavior\BuildLiteBehavior [ RunTime:0.000019s ]
INFO: [ app_init ] --END-- [ RunTime:0.000103s ]

[ 2015-11-28T10:47:15+08:00 ] ::1 /guoji/vshop/admin2/index.php/Member/head_up
INFO: [ app_init ] --START--
INFO: Run Behavior\BuildLiteBehavior [ RunTime:0.000020s ]
INFO: [ app_init ] --END-- [ RunTime:0.000099s ]

[ 2015-11-28T10:47:22+08:00 ] ::1 /guoji/vshop/admin2/index.php/Member/head/id/10108
INFO: [ app_init ] --START--
INFO: Run Behavior\BuildLiteBehavior [ RunTime:0.000017s ]
INFO: [ app_init ] --END-- [ RunTime:0.000097s ]

[ 2015-11-28T10:50:07+08:00 ] ::1 /guoji/vshop/admin2/index.php/Member/head/id/10108
INFO: [ app_init ] --START--
INFO: Run Behavior\BuildLiteBehavior [ RunTime:0.000020s ]
INFO: [ app_init ] --END-- [ RunTime:0.000102s ]

[ 2015-11-28T10:50:16+08:00 ] ::1 /guoji/vshop/admin2/index.php/Member/head/id/10108
INFO: [ app_init ] --START--
INFO: Run Behavior\BuildLiteBehavior [ RunTime:0.000019s ]
INFO: [ app_init ] --END-- [ RunTime:0.000100s ]

[ 2015-11-28T10:50:22+08:00 ] ::1 /guoji/vshop/admin2/index.php/Member/head/id/10108
INFO: [ app_init ] --START--
INFO: Run Behavior\BuildLiteBehavior [ RunTime:0.000020s ]
INFO: [ app_init ] --END-- [ RunTime:0.000106s ]

[ 2015-11-28T10:52:00+08:00 ] ::1 /guoji/vshop/admin2/index.php/Member/head/id/10108
INFO: [ app_init ] --START--
INFO: Run Behavior\BuildLiteBehavior [ RunTime:0.000020s ]
INFO: [ app_init ] --END-- [ RunTime:0.000105s ]

[ 2015-11-28T10:53:40+08:00 ] ::1 /guoji/vshop/admin2/index.php/Member/head/id/10108
INFO: [ app_init ] --START--
INFO: Run Behavior\BuildLiteBehavior [ RunTime:0.000019s ]
INFO: [ app_init ] --END-- [ RunTime:0.000100s ]

[ 2015-11-28T10:54:37+08:00 ] ::1 /guoji/vshop/admin2/index.php/Member/head/id/10108
INFO: [ app_init ] --START--
INFO: Run Behavior\BuildLiteBehavior [ RunTime:0.000018s ]
INFO: [ app_init ] --END-- [ RunTime:0.000099s ]

[ 2015-11-28T11:00:24+08:00 ] ::1 /guoji/vshop/admin2/index.php/Member/head/id/10108
INFO: [ app_init ] --START--
INFO: Run Behavior\BuildLiteBehavior [ RunTime:0.000017s ]
INFO: [ app_init ] --END-- [ RunTime:0.000098s ]

[ 2015-11-28T11:00:27+08:00 ] ::1 /guoji/vshop/admin2/index.php/Member/head/id/10108
INFO: [ app_init ] --START--
INFO: Run Behavior\BuildLiteBehavior [ RunTime:0.000020s ]
INFO: [ app_init ] --END-- [ RunTime:0.000099s ]

[ 2015-11-28T11:00:29+08:00 ] ::1 /guoji/vshop/admin2/index.php/Member/head_up
INFO: [ app_init ] --START--
INFO: Run Behavior\BuildLiteBehavior [ RunTime:0.000018s ]
INFO: [ app_init ] --END-- [ RunTime:0.000095s ]

[ 2015-11-28T11:00:33+08:00 ] ::1 /guoji/vshop/admin2/index.php/Member/head/id/10108
INFO: [ app_init ] --START--
INFO: Run Behavior\BuildLiteBehavior [ RunTime:0.000020s ]
INFO: [ app_init ] --END-- [ RunTime:0.000103s ]

[ 2015-11-28T11:00:37+08:00 ] ::1 /guoji/vshop/admin2/index.php/Member/head/id/10108
INFO: [ app_init ] --START--
INFO: Run Behavior\BuildLiteBehavior [ RunTime:0.000019s ]
INFO: [ app_init ] --END-- [ RunTime:0.000097s ]

[ 2015-11-28T11:00:37+08:00 ] ::1 /guoji/vshop/admin2/index.php/Member/head/id/10108
INFO: [ app_init ] --START--
INFO: Run Behavior\BuildLiteBehavior [ RunTime:0.000020s ]
INFO: [ app_init ] --END-- [ RunTime:0.000099s ]

[ 2015-11-28T11:00:39+08:00 ] ::1 /guoji/vshop/admin2/index.php/Member/head_up
INFO: [ app_init ] --START--
INFO: Run Behavior\BuildLiteBehavior [ RunTime:0.000020s ]
INFO: [ app_init ] --END-- [ RunTime:0.000109s ]

[ 2015-11-28T11:14:08+08:00 ] ::1 /guoji/vshop/admin2/index.php/Member/head/id/10108
INFO: [ app_init ] --START--
INFO: Run Behavior\BuildLiteBehavior [ RunTime:0.000019s ]
INFO: [ app_init ] --END-- [ RunTime:0.000104s ]

[ 2015-11-28T11:14:39+08:00 ] ::1 /guoji/vshop/admin2/index.php/Member/head/id/10108
INFO: [ app_init ] --START--
INFO: Run Behavior\BuildLiteBehavior [ RunTime:0.000018s ]
INFO: [ app_init ] --END-- [ RunTime:0.000096s ]

[ 2015-11-28T11:14:56+08:00 ] ::1 /guoji/vshop/admin2/index.php/Member/head/id/10108
INFO: [ app_init ] --START--
INFO: Run Behavior\BuildLiteBehavior [ RunTime:0.000017s ]
INFO: [ app_init ] --END-- [ RunTime:0.000093s ]

[ 2015-11-28T11:14:58+08:00 ] ::1 /guoji/vshop/admin2/index.php/Member/head_up
INFO: [ app_init ] --START--
INFO: Run Behavior\BuildLiteBehavior [ RunTime:0.000017s ]
INFO: [ app_init ] --END-- [ RunTime:0.000097s ]

[ 2015-11-28T11:15:00+08:00 ] ::1 /guoji/vshop/admin2/index.php/Member/head/id/10108
INFO: [ app_init ] --START--
INFO: Run Behavior\BuildLiteBehavior [ RunTime:0.000018s ]
INFO: [ app_init ] --END-- [ RunTime:0.000103s ]

[ 2015-11-28T11:15:12+08:00 ] ::1 /guoji/vshop/admin2/index.php/Member/head/id/10108
INFO: [ app_init ] --START--
INFO: Run Behavior\BuildLiteBehavior [ RunTime:0.000018s ]
INFO: [ app_init ] --END-- [ RunTime:0.000094s ]

[ 2015-11-28T11:15:18+08:00 ] ::1 /guoji/vshop/admin2/index.php/Member/head/id/10108
INFO: [ app_init ] --START--
INFO: Run Behavior\BuildLiteBehavior [ RunTime:0.000018s ]
INFO: [ app_init ] --END-- [ RunTime:0.000095s ]

[ 2015-11-28T11:15:20+08:00 ] ::1 /guoji/vshop/admin2/index.php/Member/head_up
INFO: [ app_init ] --START--
INFO: Run Behavior\BuildLiteBehavior [ RunTime:0.000018s ]
INFO: [ app_init ] --END-- [ RunTime:0.000095s ]

[ 2015-11-28T11:15:22+08:00 ] ::1 /guoji/vshop/admin2/index.php/Member/head/id/10108
INFO: [ app_init ] --START--
INFO: Run Behavior\BuildLiteBehavior [ RunTime:0.000019s ]
INFO: [ app_init ] --END-- [ RunTime:0.000103s ]

[ 2015-11-28T11:15:56+08:00 ] ::1 /guoji/vshop/admin2/index.php/Member/head/id/10108
INFO: [ app_init ] --START--
INFO: Run Behavior\BuildLiteBehavior [ RunTime:0.000018s ]
INFO: [ app_init ] --END-- [ RunTime:0.000095s ]

[ 2015-11-28T11:15:56+08:00 ] ::1 /guoji/vshop/admin2/index.php/Member/head/id/10108
INFO: [ app_init ] --START--
INFO: Run Behavior\BuildLiteBehavior [ RunTime:0.000018s ]
INFO: [ app_init ] --END-- [ RunTime:0.000095s ]

[ 2015-11-28T11:15:58+08:00 ] ::1 /guoji/vshop/admin2/index.php/Member/head_up
INFO: [ app_init ] --START--
INFO: Run Behavior\BuildLiteBehavior [ RunTime:0.000020s ]
INFO: [ app_init ] --END-- [ RunTime:0.000104s ]

[ 2015-11-28T11:16:00+08:00 ] ::1 /guoji/vshop/admin2/index.php/Member/head/id/10108
INFO: [ app_init ] --START--
INFO: Run Behavior\BuildLiteBehavior [ RunTime:0.000019s ]
INFO: [ app_init ] --END-- [ RunTime:0.000097s ]

[ 2015-11-28T11:16:30+08:00 ] ::1 /guoji/vshop/admin2/index.php/Member/head/id/10108
INFO: [ app_init ] --START--
INFO: Run Behavior\BuildLiteBehavior [ RunTime:0.000019s ]
INFO: [ app_init ] --END-- [ RunTime:0.000098s ]

[ 2015-11-28T11:16:30+08:00 ] ::1 /guoji/vshop/admin2/index.php/Member/head/id/10108
INFO: [ app_init ] --START--
INFO: Run Behavior\BuildLiteBehavior [ RunTime:0.000022s ]
INFO: [ app_init ] --END-- [ RunTime:0.000138s ]

[ 2015-11-28T11:16:31+08:00 ] ::1 /guoji/vshop/admin2/index.php/Member/head/id/10108
INFO: [ app_init ] --START--
INFO: Run Behavior\BuildLiteBehavior [ RunTime:0.000022s ]
INFO: [ app_init ] --END-- [ RunTime:0.000106s ]

[ 2015-11-28T11:16:33+08:00 ] ::1 /guoji/vshop/admin2/index.php/Member/head_up
INFO: [ app_init ] --START--
INFO: Run Behavior\BuildLiteBehavior [ RunTime:0.000018s ]
INFO: [ app_init ] --END-- [ RunTime:0.000101s ]

[ 2015-11-28T11:16:41+08:00 ] ::1 /guoji/vshop/admin2/index.php/Member/head/id/10108
INFO: [ app_init ] --START--
INFO: Run Behavior\BuildLiteBehavior [ RunTime:0.000017s ]
INFO: [ app_init ] --END-- [ RunTime:0.000097s ]

[ 2015-11-28T11:16:44+08:00 ] ::1 /guoji/vshop/admin2/index.php/Member/head/id/10108
INFO: [ app_init ] --START--
INFO: Run Behavior\BuildLiteBehavior [ RunTime:0.000017s ]
INFO: [ app_init ] --END-- [ RunTime:0.000096s ]

[ 2015-11-28T11:16:47+08:00 ] ::1 /guoji/vshop/admin2/index.php/Member/head_up
INFO: [ app_init ] --START--
INFO: Run Behavior\BuildLiteBehavior [ RunTime:0.000019s ]
INFO: [ app_init ] --END-- [ RunTime:0.000099s ]

[ 2015-11-28T11:16:52+08:00 ] ::1 /guoji/vshop/admin2/index.php/Member/head/id/10108
INFO: [ app_init ] --START--
INFO: Run Behavior\BuildLiteBehavior [ RunTime:0.000019s ]
INFO: [ app_init ] --END-- [ RunTime:0.000100s ]

[ 2015-11-28T11:17:22+08:00 ] ::1 /guoji/vshop/admin2/index.php/Member/head/id/10108
INFO: [ app_init ] --START--
INFO: Run Behavior\BuildLiteBehavior [ RunTime:0.000018s ]
INFO: [ app_init ] --END-- [ RunTime:0.000097s ]

[ 2015-11-28T11:17:23+08:00 ] ::1 /guoji/vshop/admin2/index.php/Member/head/id/10108
INFO: [ app_init ] --START--
INFO: Run Behavior\BuildLiteBehavior [ RunTime:0.000017s ]
INFO: [ app_init ] --END-- [ RunTime:0.000095s ]

[ 2015-11-28T11:17:25+08:00 ] ::1 /guoji/vshop/admin2/index.php/Member/head_up
INFO: [ app_init ] --START--
INFO: Run Behavior\BuildLiteBehavior [ RunTime:0.000019s ]
INFO: [ app_init ] --END-- [ RunTime:0.000104s ]

[ 2015-11-28T11:17:58+08:00 ] ::1 /guoji/vshop/admin2/index.php/Member/head/id/10108
INFO: [ app_init ] --START--
INFO: Run Behavior\BuildLiteBehavior [ RunTime:0.000017s ]
INFO: [ app_init ] --END-- [ RunTime:0.000097s ]

[ 2015-11-28T11:51:51+08:00 ] ::1 /guoji/vshop/admin2/index.php/Member/head/id/10108
INFO: [ app_init ] --START--
INFO: Run Behavior\BuildLiteBehavior [ RunTime:0.000018s ]
INFO: [ app_init ] --END-- [ RunTime:0.000098s ]

[ 2015-11-28T11:51:54+08:00 ] ::1 /guoji/vshop/admin2/index.php/Member/head/id/10108
INFO: [ app_init ] --START--
INFO: Run Behavior\BuildLiteBehavior [ RunTime:0.000021s ]
INFO: [ app_init ] --END-- [ RunTime:0.000101s ]

[ 2015-11-28T11:52:03+08:00 ] ::1 /guoji/vshop/admin2/index.php/Member/head/id/10108
INFO: [ app_init ] --START--
INFO: Run Behavior\BuildLiteBehavior [ RunTime:0.000018s ]
INFO: [ app_init ] --END-- [ RunTime:0.000099s ]

[ 2015-11-28T11:55:54+08:00 ] ::1 /guoji/vshop/admin2/index.php/Member/head/id/10108
INFO: [ app_init ] --START--
INFO: Run Behavior\BuildLiteBehavior [ RunTime:0.000017s ]
INFO: [ app_init ] --END-- [ RunTime:0.000097s ]

[ 2015-11-28T11:55:56+08:00 ] ::1 /guoji/vshop/admin2/index.php/Member/head_up
INFO: [ app_init ] --START--
INFO: Run Behavior\BuildLiteBehavior [ RunTime:0.000018s ]
INFO: [ app_init ] --END-- [ RunTime:0.000096s ]

[ 2015-11-28T11:55:59+08:00 ] ::1 /guoji/vshop/admin2/index.php/Member/head/id/10108
INFO: [ app_init ] --START--
INFO: Run Behavior\BuildLiteBehavior [ RunTime:0.000019s ]
INFO: [ app_init ] --END-- [ RunTime:0.000103s ]

[ 2015-11-28T11:56:12+08:00 ] ::1 /guoji/vshop/admin2/index.php/Member/head/id/10108
INFO: [ app_init ] --START--
INFO: Run Behavior\BuildLiteBehavior [ RunTime:0.000018s ]
INFO: [ app_init ] --END-- [ RunTime:0.000108s ]

[ 2015-11-28T11:56:17+08:00 ] ::1 /guoji/vshop/admin2/index.php/Member/head_up
INFO: [ app_init ] --START--
INFO: Run Behavior\BuildLiteBehavior [ RunTime:0.000018s ]
INFO: [ app_init ] --END-- [ RunTime:0.000099s ]

[ 2015-11-28T11:56:20+08:00 ] ::1 /guoji/vshop/admin2/index.php/Member/head/id/10108
INFO: [ app_init ] --START--
INFO: Run Behavior\BuildLiteBehavior [ RunTime:0.000019s ]
INFO: [ app_init ] --END-- [ RunTime:0.000102s ]

[ 2015-11-28T11:56:57+08:00 ] ::1 /guoji/vshop/admin2/index.php/Member/head/id/10108
INFO: [ app_init ] --START--
INFO: Run Behavior\BuildLiteBehavior [ RunTime:0.000017s ]
INFO: [ app_init ] --END-- [ RunTime:0.000096s ]

[ 2015-11-28T11:56:58+08:00 ] ::1 /guoji/vshop/admin2/index.php/Member/head/id/10108
INFO: [ app_init ] --START--
INFO: Run Behavior\BuildLiteBehavior [ RunTime:0.000020s ]
INFO: [ app_init ] --END-- [ RunTime:0.000104s ]

[ 2015-11-28T11:57:00+08:00 ] ::1 /guoji/vshop/admin2/index.php/Member/head_up
INFO: [ app_init ] --START--
INFO: Run Behavior\BuildLiteBehavior [ RunTime:0.000021s ]
INFO: [ app_init ] --END-- [ RunTime:0.000107s ]

[ 2015-11-28T11:57:04+08:00 ] ::1 /guoji/vshop/admin2/index.php/Member/head_up
INFO: [ app_init ] --START--
INFO: Run Behavior\BuildLiteBehavior [ RunTime:0.000021s ]
INFO: [ app_init ] --END-- [ RunTime:0.000113s ]

[ 2015-11-28T11:57:07+08:00 ] ::1 /guoji/vshop/admin2/index.php/Member/head/id/10108
INFO: [ app_init ] --START--
INFO: Run Behavior\BuildLiteBehavior [ RunTime:0.000019s ]
INFO: [ app_init ] --END-- [ RunTime:0.000102s ]

[ 2015-11-28T11:59:31+08:00 ] ::1 /guoji/vshop/admin2/index.php/Member/head/id/10108
INFO: [ app_init ] --START--
INFO: Run Behavior\BuildLiteBehavior [ RunTime:0.000018s ]
INFO: [ app_init ] --END-- [ RunTime:0.000099s ]

[ 2015-11-28T12:00:59+08:00 ] ::1 /guoji/vshop/admin2/index.php/Member/head_up
INFO: [ app_init ] --START--
INFO: Run Behavior\BuildLiteBehavior [ RunTime:0.000018s ]
INFO: [ app_init ] --END-- [ RunTime:0.000098s ]

[ 2015-11-28T12:01:05+08:00 ] ::1 /guoji/vshop/admin2/index.php/Member/head/id/10108
INFO: [ app_init ] --START--
INFO: Run Behavior\BuildLiteBehavior [ RunTime:0.000020s ]
INFO: [ app_init ] --END-- [ RunTime:0.000105s ]

[ 2015-11-28T12:01:18+08:00 ] ::1 /guoji/vshop/admin2/index.php/Member/head_up
INFO: [ app_init ] --START--
INFO: Run Behavior\BuildLiteBehavior [ RunTime:0.000018s ]
INFO: [ app_init ] --END-- [ RunTime:0.000096s ]

[ 2015-11-28T12:01:22+08:00 ] ::1 /guoji/vshop/admin2/index.php/Member/head/id/10108
INFO: [ app_init ] --START--
INFO: Run Behavior\BuildLiteBehavior [ RunTime:0.000017s ]
INFO: [ app_init ] --END-- [ RunTime:0.000102s ]

[ 2015-11-28T12:01:52+08:00 ] ::1 /guoji/vshop/admin2/index.php/Member/head_up
INFO: [ app_init ] --START--
INFO: Run Behavior\BuildLiteBehavior [ RunTime:0.000018s ]
INFO: [ app_init ] --END-- [ RunTime:0.000097s ]

[ 2015-11-28T12:01:55+08:00 ] ::1 /guoji/vshop/admin2/index.php/Member/head/id/10108
INFO: [ app_init ] --START--
INFO: Run Behavior\BuildLiteBehavior [ RunTime:0.000019s ]
INFO: [ app_init ] --END-- [ RunTime:0.000101s ]

[ 2015-11-28T12:02:05+08:00 ] ::1 /guoji/vshop/admin2/index.php/Member/head_up
INFO: [ app_init ] --START--
INFO: Run Behavior\BuildLiteBehavior [ RunTime:0.000019s ]
INFO: [ app_init ] --END-- [ RunTime:0.000096s ]

[ 2015-11-28T12:02:10+08:00 ] ::1 /guoji/vshop/admin2/index.php/Member/head/id/10108
INFO: [ app_init ] --START--
INFO: Run Behavior\BuildLiteBehavior [ RunTime:0.000020s ]
INFO: [ app_init ] --END-- [ RunTime:0.000104s ]

[ 2015-11-28T12:02:19+08:00 ] ::1 /guoji/vshop/admin2/index.php/Member/head_up
INFO: [ app_init ] --START--
INFO: Run Behavior\BuildLiteBehavior [ RunTime:0.000019s ]
INFO: [ app_init ] --END-- [ RunTime:0.000119s ]

[ 2015-11-28T12:03:28+08:00 ] ::1 /guoji/vshop/admin2/index.php/Member/head/id/10108
INFO: [ app_init ] --START--
INFO: Run Behavior\BuildLiteBehavior [ RunTime:0.000019s ]
INFO: [ app_init ] --END-- [ RunTime:0.000121s ]

[ 2015-11-28T12:03:30+08:00 ] ::1 /guoji/vshop/admin2/index.php/Member/head_up
INFO: [ app_init ] --START--
INFO: Run Behavior\BuildLiteBehavior [ RunTime:0.000029s ]
INFO: [ app_init ] --END-- [ RunTime:0.000134s ]

[ 2015-11-28T12:03:37+08:00 ] ::1 /guoji/vshop/admin2/index.php/Member/head/id/10108
INFO: [ app_init ] --START--
INFO: Run Behavior\BuildLiteBehavior [ RunTime:0.000020s ]
INFO: [ app_init ] --END-- [ RunTime:0.000104s ]

[ 2015-11-28T12:03:53+08:00 ] ::1 /guoji/vshop/admin2/index.php/Member/head/id/10108
INFO: [ app_init ] --START--
INFO: Run Behavior\BuildLiteBehavior [ RunTime:0.000018s ]
INFO: [ app_init ] --END-- [ RunTime:0.000093s ]

[ 2015-11-28T12:03:54+08:00 ] ::1 /guoji/vshop/admin2/index.php/Member/head/id/10108
INFO: [ app_init ] --START--
INFO: Run Behavior\BuildLiteBehavior [ RunTime:0.000019s ]
INFO: [ app_init ] --END-- [ RunTime:0.000096s ]

[ 2015-11-28T12:03:55+08:00 ] ::1 /guoji/vshop/admin2/index.php/Member/head_up
INFO: [ app_init ] --START--
INFO: Run Behavior\BuildLiteBehavior [ RunTime:0.000019s ]
INFO: [ app_init ] --END-- [ RunTime:0.000095s ]

[ 2015-11-28T12:04:00+08:00 ] ::1 /guoji/vshop/admin2/index.php/Member/head/id/10108
INFO: [ app_init ] --START--
INFO: Run Behavior\BuildLiteBehavior [ RunTime:0.000018s ]
INFO: [ app_init ] --END-- [ RunTime:0.000099s ]

[ 2015-11-28T12:04:35+08:00 ] ::1 /guoji/vshop/admin2/index.php/Member/head/id/10108
INFO: [ app_init ] --START--
INFO: Run Behavior\BuildLiteBehavior [ RunTime:0.000017s ]
INFO: [ app_init ] --END-- [ RunTime:0.000092s ]

[ 2015-11-28T12:04:38+08:00 ] ::1 /guoji/vshop/admin2/index.php/Member/head_up
INFO: [ app_init ] --START--
INFO: Run Behavior\BuildLiteBehavior [ RunTime:0.000020s ]
INFO: [ app_init ] --END-- [ RunTime:0.000098s ]

[ 2015-11-28T12:04:43+08:00 ] ::1 /guoji/vshop/admin2/index.php/Member/head/id/10108
INFO: [ app_init ] --START--
INFO: Run Behavior\BuildLiteBehavior [ RunTime:0.000018s ]
INFO: [ app_init ] --END-- [ RunTime:0.000103s ]

[ 2015-11-28T12:04:56+08:00 ] ::1 /guoji/vshop/admin2/index.php/Member/head/id/10108
INFO: [ app_init ] --START--
INFO: Run Behavior\BuildLiteBehavior [ RunTime:0.000021s ]
INFO: [ app_init ] --END-- [ RunTime:0.000097s ]

[ 2015-11-28T12:04:56+08:00 ] ::1 /guoji/vshop/admin2/index.php/Member/head/id/10108
INFO: [ app_init ] --START--
INFO: Run Behavior\BuildLiteBehavior [ RunTime:0.000022s ]
INFO: [ app_init ] --END-- [ RunTime:0.000134s ]

[ 2015-11-28T12:05:03+08:00 ] ::1 /guoji/vshop/admin2/index.php/Member/head_up
INFO: [ app_init ] --START--
INFO: Run Behavior\BuildLiteBehavior [ RunTime:0.000017s ]
INFO: [ app_init ] --END-- [ RunTime:0.000096s ]

[ 2015-11-28T12:05:07+08:00 ] ::1 /guoji/vshop/admin2/index.php/Member/head/id/10108
INFO: [ app_init ] --START--
INFO: Run Behavior\BuildLiteBehavior [ RunTime:0.000018s ]
INFO: [ app_init ] --END-- [ RunTime:0.000097s ]

[ 2015-11-28T22:32:03+08:00 ] ::1 /guoji/vshop/admin2/index.php/Product/search_spec/pid/2
INFO: [ app_init ] --START--
INFO: Run Behavior\BuildLiteBehavior [ RunTime:0.000019s ]
INFO: [ app_init ] --END-- [ RunTime:0.000717s ]

[ 2015-11-28T22:32:04+08:00 ] ::1 /guoji/vshop/admin2/index.php?c=Public&a=login
INFO: [ app_init ] --START--
INFO: Run Behavior\BuildLiteBehavior [ RunTime:0.000019s ]
INFO: [ app_init ] --END-- [ RunTime:0.000113s ]

[ 2015-11-28T22:32:04+08:00 ] ::1 /guoji/vshop/admin2/index.php?c=Public&a=verify
INFO: [ app_init ] --START--
INFO: Run Behavior\BuildLiteBehavior [ RunTime:0.000018s ]
INFO: [ app_init ] --END-- [ RunTime:0.000093s ]

[ 2015-11-28T22:32:05+08:00 ] ::1 /guoji/vshop/admin2/index.php/Public/checkLogin
INFO: [ app_init ] --START--
INFO: Run Behavior\BuildLiteBehavior [ RunTime:0.000016s ]
INFO: [ app_init ] --END-- [ RunTime:0.000090s ]

[ 2015-11-28T22:32:07+08:00 ] ::1 /guoji/vshop/admin2/index.php
INFO: [ app_init ] --START--
INFO: Run Behavior\BuildLiteBehavior [ RunTime:0.000018s ]
INFO: [ app_init ] --END-- [ RunTime:0.000095s ]

