[ 2015-11-30T22:54:00+08:00 ] ::1 /guoji/vshop/admin2/index.php/Product/search_spec/pid/2
INFO: [ app_init ] --START--
INFO: Run Behavior\BuildLiteBehavior [ RunTime:0.000017s ]
INFO: [ app_init ] --END-- [ RunTime:0.000098s ]

[ 2015-11-30T22:54:00+08:00 ] ::1 /guoji/vshop/admin2/index.php?c=Public&a=login
INFO: [ app_init ] --START--
INFO: Run Behavior\BuildLiteBehavior [ RunTime:0.000018s ]
INFO: [ app_init ] --END-- [ RunTime:0.000099s ]

[ 2015-11-30T22:54:00+08:00 ] ::1 /guoji/vshop/admin2/index.php?c=Public&a=verify
INFO: [ app_init ] --START--
INFO: Run Behavior\BuildLiteBehavior [ RunTime:0.000020s ]
INFO: [ app_init ] --END-- [ RunTime:0.000156s ]

[ 2015-11-30T22:54:01+08:00 ] ::1 /guoji/vshop/admin2/index.php/Public/checkLogin
INFO: [ app_init ] --START--
INFO: Run Behavior\BuildLiteBehavior [ RunTime:0.000018s ]
INFO: [ app_init ] --END-- [ RunTime:0.000096s ]

[ 2015-11-30T22:54:01+08:00 ] ::1 /guoji/vshop/admin2/index.php
INFO: [ app_init ] --START--
INFO: Run Behavior\BuildLiteBehavior [ RunTime:0.000019s ]
INFO: [ app_init ] --END-- [ RunTime:0.000101s ]

[ 2015-11-30T22:54:04+08:00 ] ::1 /guoji/vshop/admin2/index.php?c=Member
INFO: [ app_init ] --START--
INFO: Run Behavior\BuildLiteBehavior [ RunTime:0.000018s ]
INFO: [ app_init ] --END-- [ RunTime:0.000099s ]

[ 2015-11-30T22:54:06+08:00 ] ::1 /guoji/vshop/admin2/index.php?c=Product
INFO: [ app_init ] --START--
INFO: Run Behavior\BuildLiteBehavior [ RunTime:0.000018s ]
INFO: [ app_init ] --END-- [ RunTime:0.000097s ]

[ 2015-11-30T22:54:08+08:00 ] ::1 /guoji/vshop/admin2/index.php?c=Attribute
INFO: [ app_init ] --START--
INFO: Run Behavior\BuildLiteBehavior [ RunTime:0.000019s ]
INFO: [ app_init ] --END-- [ RunTime:0.000098s ]

[ 2015-11-30T22:54:10+08:00 ] ::1 /guoji/vshop/admin2/index.php/Attribute/add/
INFO: [ app_init ] --START--
INFO: Run Behavior\BuildLiteBehavior [ RunTime:0.000019s ]
INFO: [ app_init ] --END-- [ RunTime:0.000101s ]

[ 2015-11-30T23:04:44+08:00 ] ::1 /guoji/vshop/admin2/index.php?c=Article
INFO: [ app_init ] --START--
INFO: Run Behavior\BuildLiteBehavior [ RunTime:0.000018s ]
INFO: [ app_init ] --END-- [ RunTime:0.000097s ]

[ 2015-11-30T23:04:45+08:00 ] ::1 /guoji/vshop/admin2/index.php?c=Classify
INFO: [ app_init ] --START--
INFO: Run Behavior\BuildLiteBehavior [ RunTime:0.000017s ]
INFO: [ app_init ] --END-- [ RunTime:0.000095s ]

[ 2015-11-30T23:07:40+08:00 ] ::1 /guoji/vshop/admin2/index.php?c=Classify
INFO: [ app_init ] --START--
INFO: Run Behavior\BuildLiteBehavior [ RunTime:0.000018s ]
INFO: [ app_init ] --END-- [ RunTime:0.000098s ]

[ 2015-11-30T23:07:43+08:00 ] ::1 /guoji/vshop/admin2/index.php/Classify/edit/id/1
INFO: [ app_init ] --START--
INFO: Run Behavior\BuildLiteBehavior [ RunTime:0.000019s ]
INFO: [ app_init ] --END-- [ RunTime:0.000104s ]

[ 2015-11-30T23:08:13+08:00 ] ::1 /guoji/vshop/admin2/index.php/Classify/edit/id/1
INFO: [ app_init ] --START--
INFO: Run Behavior\BuildLiteBehavior [ RunTime:0.000019s ]
INFO: [ app_init ] --END-- [ RunTime:0.000099s ]

[ 2015-11-30T23:09:00+08:00 ] ::1 /guoji/vshop/admin2/index.php/Classify/edit/id/1
INFO: [ app_init ] --START--
INFO: Run Behavior\BuildLiteBehavior [ RunTime:0.000020s ]
INFO: [ app_init ] --END-- [ RunTime:0.000114s ]

[ 2015-11-30T23:09:01+08:00 ] ::1 /guoji/vshop/admin2/index.php?c=Article
INFO: [ app_init ] --START--
INFO: Run Behavior\BuildLiteBehavior [ RunTime:0.000020s ]
INFO: [ app_init ] --END-- [ RunTime:0.000110s ]

[ 2015-11-30T23:09:30+08:00 ] ::1 /guoji/vshop/admin2/index.php/Article/add/
INFO: [ app_init ] --START--
INFO: Run Behavior\BuildLiteBehavior [ RunTime:0.000018s ]
INFO: [ app_init ] --END-- [ RunTime:0.000097s ]

[ 2015-11-30T23:13:18+08:00 ] ::1 /guoji/vshop/admin2/index.php/Article/add/
INFO: [ app_init ] --START--
INFO: Run Behavior\BuildLiteBehavior [ RunTime:0.000019s ]
INFO: [ app_init ] --END-- [ RunTime:0.000099s ]

[ 2015-11-30T23:17:02+08:00 ] ::1 /guoji/vshop/admin2/index.php/Article/add/
INFO: [ app_init ] --START--
INFO: Run Behavior\BuildLiteBehavior [ RunTime:0.000021s ]
INFO: [ app_init ] --END-- [ RunTime:0.000108s ]

[ 2015-11-30T23:17:14+08:00 ] ::1 /guoji/vshop/admin2/index.php?c=Logs
INFO: [ app_init ] --START--
INFO: Run Behavior\BuildLiteBehavior [ RunTime:0.000026s ]
INFO: [ app_init ] --END-- [ RunTime:0.000131s ]

[ 2015-11-30T23:17:16+08:00 ] ::1 /guoji/vshop/admin2/index.php?c=User
INFO: [ app_init ] --START--
INFO: Run Behavior\BuildLiteBehavior [ RunTime:0.000018s ]
INFO: [ app_init ] --END-- [ RunTime:0.000103s ]

[ 2015-11-30T23:17:21+08:00 ] ::1 /guoji/vshop/admin2/index.php?c=Api
INFO: [ app_init ] --START--
INFO: Run Behavior\BuildLiteBehavior [ RunTime:0.000018s ]
INFO: [ app_init ] --END-- [ RunTime:0.000105s ]

[ 2015-11-30T23:18:42+08:00 ] ::1 /guoji/vshop/admin2/index.php?c=User
INFO: [ app_init ] --START--
INFO: Run Behavior\BuildLiteBehavior [ RunTime:0.000018s ]
INFO: [ app_init ] --END-- [ RunTime:0.000102s ]

[ 2015-11-30T23:18:42+08:00 ] ::1 /guoji/vshop/admin2/index.php?c=User
INFO: [ app_init ] --START--
INFO: Run Behavior\BuildLiteBehavior [ RunTime:0.000019s ]
INFO: [ app_init ] --END-- [ RunTime:0.000101s ]

[ 2015-11-30T23:18:43+08:00 ] ::1 /guoji/vshop/admin2/index.php?c=User
INFO: [ app_init ] --START--
INFO: Run Behavior\BuildLiteBehavior [ RunTime:0.000019s ]
INFO: [ app_init ] --END-- [ RunTime:0.000100s ]

[ 2015-11-30T23:18:48+08:00 ] ::1 /guoji/vshop/admin2/index.php?c=User
INFO: [ app_init ] --START--
INFO: Run Behavior\BuildLiteBehavior [ RunTime:0.000047s ]
INFO: [ app_init ] --END-- [ RunTime:0.000207s ]

[ 2015-11-30T23:18:50+08:00 ] ::1 /guoji/vshop/admin2/index.php?c=Flag
INFO: [ app_init ] --START--
INFO: Run Behavior\BuildLiteBehavior [ RunTime:0.000018s ]
INFO: [ app_init ] --END-- [ RunTime:0.000103s ]

[ 2015-11-30T23:18:52+08:00 ] ::1 /guoji/vshop/admin2/index.php/Flag/edit/id/9
INFO: [ app_init ] --START--
INFO: Run Behavior\BuildLiteBehavior [ RunTime:0.000018s ]
INFO: [ app_init ] --END-- [ RunTime:0.000103s ]

[ 2015-11-30T23:18:54+08:00 ] ::1 /guoji/vshop/admin2/index.php?c=User
INFO: [ app_init ] --START--
INFO: Run Behavior\BuildLiteBehavior [ RunTime:0.000019s ]
INFO: [ app_init ] --END-- [ RunTime:0.000128s ]

[ 2015-11-30T23:18:55+08:00 ] ::1 /guoji/vshop/admin2/index.php?c=Flag_module
INFO: [ app_init ] --START--
INFO: Run Behavior\BuildLiteBehavior [ RunTime:0.000019s ]
INFO: [ app_init ] --END-- [ RunTime:0.000106s ]

[ 2015-11-30T23:18:58+08:00 ] ::1 /guoji/vshop/admin2/index.php?c=Api
INFO: [ app_init ] --START--
INFO: Run Behavior\BuildLiteBehavior [ RunTime:0.000018s ]
INFO: [ app_init ] --END-- [ RunTime:0.000104s ]

[ 2015-11-30T23:19:01+08:00 ] ::1 /guoji/vshop/admin2/index.php?c=Node
INFO: [ app_init ] --START--
INFO: Run Behavior\BuildLiteBehavior [ RunTime:0.000018s ]
INFO: [ app_init ] --END-- [ RunTime:0.000106s ]

[ 2015-11-30T23:19:02+08:00 ] ::1 /guoji/vshop/admin2/index.php?c=Role
INFO: [ app_init ] --START--
INFO: Run Behavior\BuildLiteBehavior [ RunTime:0.000019s ]
INFO: [ app_init ] --END-- [ RunTime:0.000107s ]

[ 2015-11-30T23:19:03+08:00 ] ::1 /guoji/vshop/admin2/index.php?c=Class
INFO: [ app_init ] --START--
INFO: Run Behavior\BuildLiteBehavior [ RunTime:0.000020s ]
INFO: [ app_init ] --END-- [ RunTime:0.000107s ]

[ 2015-11-30T23:19:05+08:00 ] ::1 /guoji/vshop/admin2/index.php/Class/edit/id/9
INFO: [ app_init ] --START--
INFO: Run Behavior\BuildLiteBehavior [ RunTime:0.000020s ]
INFO: [ app_init ] --END-- [ RunTime:0.000104s ]

[ 2015-11-30T23:19:08+08:00 ] ::1 /guoji/vshop/admin2/index.php?c=Role
INFO: [ app_init ] --START--
INFO: Run Behavior\BuildLiteBehavior [ RunTime:0.000020s ]
INFO: [ app_init ] --END-- [ RunTime:0.000106s ]

[ 2015-11-30T23:19:09+08:00 ] ::1 /guoji/vshop/admin2/index.php/Role/app/groupId/2
INFO: [ app_init ] --START--
INFO: Run Behavior\BuildLiteBehavior [ RunTime:0.000020s ]
INFO: [ app_init ] --END-- [ RunTime:0.000102s ]

[ 2015-11-30T23:20:22+08:00 ] ::1 /guoji/vshop/admin2/index.php/Role/app/groupId/2
INFO: [ app_init ] --START--
INFO: Run Behavior\BuildLiteBehavior [ RunTime:0.000019s ]
INFO: [ app_init ] --END-- [ RunTime:0.000103s ]

[ 2015-11-30T23:23:22+08:00 ] ::1 /guoji/vshop/admin2/index.php/Role/app/groupId/2
INFO: [ app_init ] --START--
INFO: Run Behavior\BuildLiteBehavior [ RunTime:0.000020s ]
INFO: [ app_init ] --END-- [ RunTime:0.000103s ]

[ 2015-11-30T23:23:23+08:00 ] ::1 /guoji/vshop/admin2/index.php/Role/app/groupId/2
INFO: [ app_init ] --START--
INFO: Run Behavior\BuildLiteBehavior [ RunTime:0.000019s ]
INFO: [ app_init ] --END-- [ RunTime:0.000103s ]

[ 2015-11-30T23:23:23+08:00 ] ::1 /guoji/vshop/admin2/index.php/Role/app/groupId/2
INFO: [ app_init ] --START--
INFO: Run Behavior\BuildLiteBehavior [ RunTime:0.000020s ]
INFO: [ app_init ] --END-- [ RunTime:0.000102s ]

[ 2015-11-30T23:23:23+08:00 ] ::1 /guoji/vshop/admin2/index.php/Role/app/groupId/2
INFO: [ app_init ] --START--
INFO: Run Behavior\BuildLiteBehavior [ RunTime:0.000021s ]
INFO: [ app_init ] --END-- [ RunTime:0.000104s ]

[ 2015-11-30T23:23:24+08:00 ] ::1 /guoji/vshop/admin2/index.php/Role/app/groupId/2
INFO: [ app_init ] --START--
INFO: Run Behavior\BuildLiteBehavior [ RunTime:0.000021s ]
INFO: [ app_init ] --END-- [ RunTime:0.000107s ]

[ 2015-11-30T23:23:24+08:00 ] ::1 /guoji/vshop/admin2/index.php/Role/app/groupId/2
INFO: [ app_init ] --START--
INFO: Run Behavior\BuildLiteBehavior [ RunTime:0.000018s ]
INFO: [ app_init ] --END-- [ RunTime:0.000100s ]

[ 2015-11-30T23:24:11+08:00 ] ::1 /guoji/vshop/admin2/index.php/Role/app/groupId/2
INFO: [ app_init ] --START--
INFO: Run Behavior\BuildLiteBehavior [ RunTime:0.000018s ]
INFO: [ app_init ] --END-- [ RunTime:0.000100s ]

[ 2015-11-30T23:24:12+08:00 ] ::1 /guoji/vshop/admin2/index.php/Role/app/groupId/2
INFO: [ app_init ] --START--
INFO: Run Behavior\BuildLiteBehavior [ RunTime:0.000017s ]
INFO: [ app_init ] --END-- [ RunTime:0.000098s ]

[ 2015-11-30T23:24:26+08:00 ] ::1 /guoji/vshop/admin2/index.php/Role/app/groupId/2
INFO: [ app_init ] --START--
INFO: Run Behavior\BuildLiteBehavior [ RunTime:0.000017s ]
INFO: [ app_init ] --END-- [ RunTime:0.000097s ]

[ 2015-11-30T23:24:27+08:00 ] ::1 /guoji/vshop/admin2/index.php/Role/app/groupId/2
INFO: [ app_init ] --START--
INFO: Run Behavior\BuildLiteBehavior [ RunTime:0.000018s ]
INFO: [ app_init ] --END-- [ RunTime:0.000099s ]

[ 2015-11-30T23:24:27+08:00 ] ::1 /guoji/vshop/admin2/index.php/Role/app/groupId/2
INFO: [ app_init ] --START--
INFO: Run Behavior\BuildLiteBehavior [ RunTime:0.000019s ]
INFO: [ app_init ] --END-- [ RunTime:0.000105s ]

[ 2015-11-30T23:24:28+08:00 ] ::1 /guoji/vshop/admin2/index.php/Role/app/groupId/2
INFO: [ app_init ] --START--
INFO: Run Behavior\BuildLiteBehavior [ RunTime:0.000018s ]
INFO: [ app_init ] --END-- [ RunTime:0.000103s ]

[ 2015-11-30T23:24:28+08:00 ] ::1 /guoji/vshop/admin2/index.php/Role/app/groupId/2
INFO: [ app_init ] --START--
INFO: Run Behavior\BuildLiteBehavior [ RunTime:0.000017s ]
INFO: [ app_init ] --END-- [ RunTime:0.000097s ]

[ 2015-11-30T23:24:29+08:00 ] ::1 /guoji/vshop/admin2/index.php/Role/app/groupId/2
INFO: [ app_init ] --START--
INFO: Run Behavior\BuildLiteBehavior [ RunTime:0.000017s ]
INFO: [ app_init ] --END-- [ RunTime:0.000098s ]

[ 2015-11-30T23:24:29+08:00 ] ::1 /guoji/vshop/admin2/index.php/Role/app/groupId/2
INFO: [ app_init ] --START--
INFO: Run Behavior\BuildLiteBehavior [ RunTime:0.000018s ]
INFO: [ app_init ] --END-- [ RunTime:0.000098s ]

[ 2015-11-30T23:24:29+08:00 ] ::1 /guoji/vshop/admin2/index.php/Role/app/groupId/2
INFO: [ app_init ] --START--
INFO: Run Behavior\BuildLiteBehavior [ RunTime:0.000017s ]
INFO: [ app_init ] --END-- [ RunTime:0.000099s ]

[ 2015-11-30T23:24:29+08:00 ] ::1 /guoji/vshop/admin2/index.php/Role/app/groupId/2
INFO: [ app_init ] --START--
INFO: Run Behavior\BuildLiteBehavior [ RunTime:0.000019s ]
INFO: [ app_init ] --END-- [ RunTime:0.000105s ]

[ 2015-11-30T23:24:29+08:00 ] ::1 /guoji/vshop/admin2/index.php/Role/app/groupId/2
INFO: [ app_init ] --START--
INFO: Run Behavior\BuildLiteBehavior [ RunTime:0.000020s ]
INFO: [ app_init ] --END-- [ RunTime:0.000108s ]

[ 2015-11-30T23:24:29+08:00 ] ::1 /guoji/vshop/admin2/index.php/Role/app/groupId/2
INFO: [ app_init ] --START--
INFO: Run Behavior\BuildLiteBehavior [ RunTime:0.000018s ]
INFO: [ app_init ] --END-- [ RunTime:0.000100s ]

[ 2015-11-30T23:24:30+08:00 ] ::1 /guoji/vshop/admin2/index.php/Role/app/groupId/2
INFO: [ app_init ] --START--
INFO: Run Behavior\BuildLiteBehavior [ RunTime:0.000018s ]
INFO: [ app_init ] --END-- [ RunTime:0.000100s ]

[ 2015-11-30T23:24:56+08:00 ] ::1 /guoji/vshop/admin2/index.php/Role/app/groupId/2
INFO: [ app_init ] --START--
INFO: Run Behavior\BuildLiteBehavior [ RunTime:0.000018s ]
INFO: [ app_init ] --END-- [ RunTime:0.000100s ]

[ 2015-11-30T23:24:57+08:00 ] ::1 /guoji/vshop/admin2/index.php/Role/app/groupId/2
INFO: [ app_init ] --START--
INFO: Run Behavior\BuildLiteBehavior [ RunTime:0.000017s ]
INFO: [ app_init ] --END-- [ RunTime:0.000097s ]

[ 2015-11-30T23:24:57+08:00 ] ::1 /guoji/vshop/admin2/index.php/Role/app/groupId/2
INFO: [ app_init ] --START--
INFO: Run Behavior\BuildLiteBehavior [ RunTime:0.000018s ]
INFO: [ app_init ] --END-- [ RunTime:0.000097s ]

[ 2015-11-30T23:25:45+08:00 ] ::1 /guoji/vshop/admin2/index.php/Role/app/groupId/2
INFO: [ app_init ] --START--
INFO: Run Behavior\BuildLiteBehavior [ RunTime:0.000018s ]
INFO: [ app_init ] --END-- [ RunTime:0.000097s ]

[ 2015-11-30T23:25:46+08:00 ] ::1 /guoji/vshop/admin2/index.php/Role/app/groupId/2
INFO: [ app_init ] --START--
INFO: Run Behavior\BuildLiteBehavior [ RunTime:0.000018s ]
INFO: [ app_init ] --END-- [ RunTime:0.000114s ]

[ 2015-11-30T23:25:46+08:00 ] ::1 /guoji/vshop/admin2/index.php/Role/app/groupId/2
INFO: [ app_init ] --START--
INFO: Run Behavior\BuildLiteBehavior [ RunTime:0.000019s ]
INFO: [ app_init ] --END-- [ RunTime:0.000097s ]

[ 2015-11-30T23:25:46+08:00 ] ::1 /guoji/vshop/admin2/index.php/Role/app/groupId/2
INFO: [ app_init ] --START--
INFO: Run Behavior\BuildLiteBehavior [ RunTime:0.000020s ]
INFO: [ app_init ] --END-- [ RunTime:0.000137s ]

[ 2015-11-30T23:25:47+08:00 ] ::1 /guoji/vshop/admin2/index.php/Role/app/groupId/2
INFO: [ app_init ] --START--
INFO: Run Behavior\BuildLiteBehavior [ RunTime:0.000019s ]
INFO: [ app_init ] --END-- [ RunTime:0.000110s ]

[ 2015-11-30T23:25:47+08:00 ] ::1 /guoji/vshop/admin2/index.php/Role/app/groupId/2
INFO: [ app_init ] --START--
INFO: Run Behavior\BuildLiteBehavior [ RunTime:0.000018s ]
INFO: [ app_init ] --END-- [ RunTime:0.000101s ]

[ 2015-11-30T23:25:47+08:00 ] ::1 /guoji/vshop/admin2/index.php/Role/app/groupId/2
INFO: [ app_init ] --START--
INFO: Run Behavior\BuildLiteBehavior [ RunTime:0.000019s ]
INFO: [ app_init ] --END-- [ RunTime:0.000105s ]

[ 2015-11-30T23:25:47+08:00 ] ::1 /guoji/vshop/admin2/index.php/Role/app/groupId/2
INFO: [ app_init ] --START--
INFO: Run Behavior\BuildLiteBehavior [ RunTime:0.000018s ]
INFO: [ app_init ] --END-- [ RunTime:0.000103s ]

[ 2015-11-30T23:25:48+08:00 ] ::1 /guoji/vshop/admin2/index.php/Role/app/groupId/2
INFO: [ app_init ] --START--
INFO: Run Behavior\BuildLiteBehavior [ RunTime:0.000018s ]
INFO: [ app_init ] --END-- [ RunTime:0.000108s ]

[ 2015-11-30T23:27:53+08:00 ] ::1 /guoji/vshop/admin2/index.php/Role/app/groupId/2
INFO: [ app_init ] --START--
INFO: Run Behavior\BuildLiteBehavior [ RunTime:0.000019s ]
INFO: [ app_init ] --END-- [ RunTime:0.000106s ]

[ 2015-11-30T23:27:53+08:00 ] ::1 /guoji/vshop/admin2/index.php/Role/app/groupId/2
INFO: [ app_init ] --START--
INFO: Run Behavior\BuildLiteBehavior [ RunTime:0.000019s ]
INFO: [ app_init ] --END-- [ RunTime:0.000101s ]

[ 2015-11-30T23:27:54+08:00 ] ::1 /guoji/vshop/admin2/index.php/Role/app/groupId/2
INFO: [ app_init ] --START--
INFO: Run Behavior\BuildLiteBehavior [ RunTime:0.000021s ]
INFO: [ app_init ] --END-- [ RunTime:0.000108s ]

[ 2015-11-30T23:28:03+08:00 ] ::1 /guoji/vshop/admin2/index.php/Role/app/groupId/2
INFO: [ app_init ] --START--
INFO: Run Behavior\BuildLiteBehavior [ RunTime:0.000018s ]
INFO: [ app_init ] --END-- [ RunTime:0.000100s ]

[ 2015-11-30T23:28:04+08:00 ] ::1 /guoji/vshop/admin2/index.php/Role/app/groupId/2
INFO: [ app_init ] --START--
INFO: Run Behavior\BuildLiteBehavior [ RunTime:0.000031s ]
INFO: [ app_init ] --END-- [ RunTime:0.000133s ]

[ 2015-11-30T23:28:04+08:00 ] ::1 /guoji/vshop/admin2/index.php/Role/app/groupId/2
INFO: [ app_init ] --START--
INFO: Run Behavior\BuildLiteBehavior [ RunTime:0.000019s ]
INFO: [ app_init ] --END-- [ RunTime:0.000101s ]

[ 2015-11-30T23:28:24+08:00 ] ::1 /guoji/vshop/admin2/index.php/Role/app/groupId/2
INFO: [ app_init ] --START--
INFO: Run Behavior\BuildLiteBehavior [ RunTime:0.000019s ]
INFO: [ app_init ] --END-- [ RunTime:0.000102s ]

[ 2015-11-30T23:28:40+08:00 ] ::1 /guoji/vshop/admin2/index.php/Role/app/groupId/2
INFO: [ app_init ] --START--
INFO: Run Behavior\BuildLiteBehavior [ RunTime:0.000019s ]
INFO: [ app_init ] --END-- [ RunTime:0.000106s ]

[ 2015-11-30T23:30:30+08:00 ] ::1 /guoji/vshop/admin2/index.php/Role/app/groupId/2
INFO: [ app_init ] --START--
INFO: Run Behavior\BuildLiteBehavior [ RunTime:0.000029s ]
INFO: [ app_init ] --END-- [ RunTime:0.000133s ]

[ 2015-11-30T23:30:30+08:00 ] ::1 /guoji/vshop/admin2/index.php/Role/app/groupId/2
INFO: [ app_init ] --START--
INFO: Run Behavior\BuildLiteBehavior [ RunTime:0.000018s ]
INFO: [ app_init ] --END-- [ RunTime:0.000096s ]

[ 2015-11-30T23:30:30+08:00 ] ::1 /guoji/vshop/admin2/index.php/Role/app/groupId/2
INFO: [ app_init ] --START--
INFO: Run Behavior\BuildLiteBehavior [ RunTime:0.000018s ]
INFO: [ app_init ] --END-- [ RunTime:0.000096s ]

[ 2015-11-30T23:30:30+08:00 ] ::1 /guoji/vshop/admin2/index.php/Role/app/groupId/2
INFO: [ app_init ] --START--
INFO: Run Behavior\BuildLiteBehavior [ RunTime:0.000019s ]
INFO: [ app_init ] --END-- [ RunTime:0.000099s ]

[ 2015-11-30T23:30:31+08:00 ] ::1 /guoji/vshop/admin2/index.php/Role/app/groupId/2
INFO: [ app_init ] --START--
INFO: Run Behavior\BuildLiteBehavior [ RunTime:0.000019s ]
INFO: [ app_init ] --END-- [ RunTime:0.000101s ]

[ 2015-11-30T23:31:23+08:00 ] ::1 /guoji/vshop/admin2/index.php/Role/app/groupId/2
INFO: [ app_init ] --START--
INFO: Run Behavior\BuildLiteBehavior [ RunTime:0.000019s ]
INFO: [ app_init ] --END-- [ RunTime:0.000100s ]

[ 2015-11-30T23:31:23+08:00 ] ::1 /guoji/vshop/admin2/index.php/Role/app/groupId/2
INFO: [ app_init ] --START--
INFO: Run Behavior\BuildLiteBehavior [ RunTime:0.000017s ]
INFO: [ app_init ] --END-- [ RunTime:0.000096s ]

[ 2015-11-30T23:31:23+08:00 ] ::1 /guoji/vshop/admin2/index.php/Role/app/groupId/2
INFO: [ app_init ] --START--
INFO: Run Behavior\BuildLiteBehavior [ RunTime:0.000020s ]
INFO: [ app_init ] --END-- [ RunTime:0.000102s ]

[ 2015-11-30T23:33:18+08:00 ] ::1 /guoji/vshop/admin2/index.php/Role/app/groupId/2
INFO: [ app_init ] --START--
INFO: Run Behavior\BuildLiteBehavior [ RunTime:0.000019s ]
INFO: [ app_init ] --END-- [ RunTime:0.000099s ]

[ 2015-11-30T23:33:19+08:00 ] ::1 /guoji/vshop/admin2/index.php/Role/app/groupId/2
INFO: [ app_init ] --START--
INFO: Run Behavior\BuildLiteBehavior [ RunTime:0.000019s ]
INFO: [ app_init ] --END-- [ RunTime:0.000097s ]

[ 2015-11-30T23:33:19+08:00 ] ::1 /guoji/vshop/admin2/index.php/Role/app/groupId/2
INFO: [ app_init ] --START--
INFO: Run Behavior\BuildLiteBehavior [ RunTime:0.000018s ]
INFO: [ app_init ] --END-- [ RunTime:0.000096s ]

[ 2015-11-30T23:33:20+08:00 ] ::1 /guoji/vshop/admin2/index.php/Role/app/groupId/2
INFO: [ app_init ] --START--
INFO: Run Behavior\BuildLiteBehavior [ RunTime:0.000020s ]
INFO: [ app_init ] --END-- [ RunTime:0.000105s ]

[ 2015-11-30T23:33:20+08:00 ] ::1 /guoji/vshop/admin2/index.php/Role/app/groupId/2
INFO: [ app_init ] --START--
INFO: Run Behavior\BuildLiteBehavior [ RunTime:0.000018s ]
INFO: [ app_init ] --END-- [ RunTime:0.000106s ]

[ 2015-11-30T23:33:20+08:00 ] ::1 /guoji/vshop/admin2/index.php/Role/app/groupId/2
INFO: [ app_init ] --START--
INFO: Run Behavior\BuildLiteBehavior [ RunTime:0.000020s ]
INFO: [ app_init ] --END-- [ RunTime:0.000099s ]

[ 2015-11-30T23:33:20+08:00 ] ::1 /guoji/vshop/admin2/index.php/Role/app/groupId/2
INFO: [ app_init ] --START--
INFO: Run Behavior\BuildLiteBehavior [ RunTime:0.000018s ]
INFO: [ app_init ] --END-- [ RunTime:0.000099s ]

[ 2015-11-30T23:33:20+08:00 ] ::1 /guoji/vshop/admin2/index.php/Role/app/groupId/2
INFO: [ app_init ] --START--
INFO: Run Behavior\BuildLiteBehavior [ RunTime:0.000019s ]
INFO: [ app_init ] --END-- [ RunTime:0.000115s ]

[ 2015-11-30T23:33:21+08:00 ] ::1 /guoji/vshop/admin2/index.php/Role/app/groupId/2
INFO: [ app_init ] --START--
INFO: Run Behavior\BuildLiteBehavior [ RunTime:0.000020s ]
INFO: [ app_init ] --END-- [ RunTime:0.000101s ]

[ 2015-11-30T23:33:38+08:00 ] ::1 /guoji/vshop/admin2/index.php/Role/app/groupId/2
INFO: [ app_init ] --START--
INFO: Run Behavior\BuildLiteBehavior [ RunTime:0.000018s ]
INFO: [ app_init ] --END-- [ RunTime:0.000098s ]

[ 2015-11-30T23:35:34+08:00 ] ::1 /guoji/vshop/admin2/index.php/Role/app/groupId/2
INFO: [ app_init ] --START--
INFO: Run Behavior\BuildLiteBehavior [ RunTime:0.000019s ]
INFO: [ app_init ] --END-- [ RunTime:0.000099s ]

[ 2015-11-30T23:35:34+08:00 ] ::1 /guoji/vshop/admin2/index.php/Role/app/groupId/2
INFO: [ app_init ] --START--
INFO: Run Behavior\BuildLiteBehavior [ RunTime:0.000018s ]
INFO: [ app_init ] --END-- [ RunTime:0.000098s ]

[ 2015-11-30T23:35:34+08:00 ] ::1 /guoji/vshop/admin2/index.php/Role/app/groupId/2
INFO: [ app_init ] --START--
INFO: Run Behavior\BuildLiteBehavior [ RunTime:0.000019s ]
INFO: [ app_init ] --END-- [ RunTime:0.000104s ]

[ 2015-11-30T23:35:35+08:00 ] ::1 /guoji/vshop/admin2/index.php/Role/app/groupId/2
INFO: [ app_init ] --START--
INFO: Run Behavior\BuildLiteBehavior [ RunTime:0.000018s ]
INFO: [ app_init ] --END-- [ RunTime:0.000096s ]

[ 2015-11-30T23:35:35+08:00 ] ::1 /guoji/vshop/admin2/index.php/Role/app/groupId/2
INFO: [ app_init ] --START--
INFO: Run Behavior\BuildLiteBehavior [ RunTime:0.000020s ]
INFO: [ app_init ] --END-- [ RunTime:0.000110s ]

[ 2015-11-30T23:37:32+08:00 ] ::1 /guoji/vshop/admin2/index.php/Role/app/groupId/2
INFO: [ app_init ] --START--
INFO: Run Behavior\BuildLiteBehavior [ RunTime:0.000020s ]
INFO: [ app_init ] --END-- [ RunTime:0.000104s ]

[ 2015-11-30T23:37:33+08:00 ] ::1 /guoji/vshop/admin2/index.php/Role/app/groupId/2
INFO: [ app_init ] --START--
INFO: Run Behavior\BuildLiteBehavior [ RunTime:0.000020s ]
INFO: [ app_init ] --END-- [ RunTime:0.000106s ]

[ 2015-11-30T23:37:33+08:00 ] ::1 /guoji/vshop/admin2/index.php/Role/app/groupId/2
INFO: [ app_init ] --START--
INFO: Run Behavior\BuildLiteBehavior [ RunTime:0.000020s ]
INFO: [ app_init ] --END-- [ RunTime:0.000107s ]

[ 2015-11-30T23:37:33+08:00 ] ::1 /guoji/vshop/admin2/index.php/Role/app/groupId/2
INFO: [ app_init ] --START--
INFO: Run Behavior\BuildLiteBehavior [ RunTime:0.000019s ]
INFO: [ app_init ] --END-- [ RunTime:0.000106s ]

[ 2015-11-30T23:37:33+08:00 ] ::1 /guoji/vshop/admin2/index.php/Role/app/groupId/2
INFO: [ app_init ] --START--
INFO: Run Behavior\BuildLiteBehavior [ RunTime:0.000020s ]
INFO: [ app_init ] --END-- [ RunTime:0.000101s ]

[ 2015-11-30T23:37:33+08:00 ] ::1 /guoji/vshop/admin2/index.php/Role/app/groupId/2
INFO: [ app_init ] --START--
INFO: Run Behavior\BuildLiteBehavior [ RunTime:0.000019s ]
INFO: [ app_init ] --END-- [ RunTime:0.000098s ]

[ 2015-11-30T23:37:34+08:00 ] ::1 /guoji/vshop/admin2/index.php/Role/app/groupId/2
INFO: [ app_init ] --START--
INFO: Run Behavior\BuildLiteBehavior [ RunTime:0.000018s ]
INFO: [ app_init ] --END-- [ RunTime:0.000100s ]

[ 2015-11-30T23:37:34+08:00 ] ::1 /guoji/vshop/admin2/index.php/Role/app/groupId/2
INFO: [ app_init ] --START--
INFO: Run Behavior\BuildLiteBehavior [ RunTime:0.000019s ]
INFO: [ app_init ] --END-- [ RunTime:0.000099s ]

[ 2015-11-30T23:37:34+08:00 ] ::1 /guoji/vshop/admin2/index.php/Role/app/groupId/2
INFO: [ app_init ] --START--
INFO: Run Behavior\BuildLiteBehavior [ RunTime:0.000018s ]
INFO: [ app_init ] --END-- [ RunTime:0.000099s ]

[ 2015-11-30T23:38:54+08:00 ] ::1 /guoji/vshop/admin2/index.php/Role/app/groupId/2
INFO: [ app_init ] --START--
INFO: Run Behavior\BuildLiteBehavior [ RunTime:0.000019s ]
INFO: [ app_init ] --END-- [ RunTime:0.000098s ]

[ 2015-11-30T23:39:03+08:00 ] ::1 /guoji/vshop/admin2/index.php/Role/app/groupId/2
INFO: [ app_init ] --START--
INFO: Run Behavior\BuildLiteBehavior [ RunTime:0.000018s ]
INFO: [ app_init ] --END-- [ RunTime:0.000095s ]

[ 2015-11-30T23:42:51+08:00 ] ::1 /guoji/vshop/admin2/index.php?c=Flag
INFO: [ app_init ] --START--
INFO: Run Behavior\BuildLiteBehavior [ RunTime:0.000019s ]
INFO: [ app_init ] --END-- [ RunTime:0.000108s ]

[ 2015-11-30T23:42:52+08:00 ] ::1 /guoji/vshop/admin2/index.php?c=Flag_module
INFO: [ app_init ] --START--
INFO: Run Behavior\BuildLiteBehavior [ RunTime:0.000017s ]
INFO: [ app_init ] --END-- [ RunTime:0.000094s ]

[ 2015-11-30T23:42:53+08:00 ] ::1 /guoji/vshop/admin2/index.php?c=Api
INFO: [ app_init ] --START--
INFO: Run Behavior\BuildLiteBehavior [ RunTime:0.000017s ]
INFO: [ app_init ] --END-- [ RunTime:0.000092s ]

[ 2015-11-30T23:42:53+08:00 ] ::1 /guoji/vshop/admin2/index.php?c=Node
INFO: [ app_init ] --START--
INFO: Run Behavior\BuildLiteBehavior [ RunTime:0.000020s ]
INFO: [ app_init ] --END-- [ RunTime:0.000098s ]

[ 2015-11-30T23:42:54+08:00 ] ::1 /guoji/vshop/admin2/index.php?c=Api
INFO: [ app_init ] --START--
INFO: Run Behavior\BuildLiteBehavior [ RunTime:0.000024s ]
INFO: [ app_init ] --END-- [ RunTime:0.000120s ]

[ 2015-11-30T23:42:55+08:00 ] ::1 /guoji/vshop/admin2/index.php/Api/edit/id/3
INFO: [ app_init ] --START--
INFO: Run Behavior\BuildLiteBehavior [ RunTime:0.000018s ]
INFO: [ app_init ] --END-- [ RunTime:0.000095s ]

[ 2015-11-30T23:54:59+08:00 ] ::1 /guoji/vshop/admin2/index.php?c=User
INFO: [ app_init ] --START--
INFO: Run Behavior\BuildLiteBehavior [ RunTime:0.000018s ]
INFO: [ app_init ] --END-- [ RunTime:0.000101s ]

[ 2015-11-30T23:54:59+08:00 ] ::1 /guoji/vshop/admin2/index.php?c=Flag
INFO: [ app_init ] --START--
INFO: Run Behavior\BuildLiteBehavior [ RunTime:0.000020s ]
INFO: [ app_init ] --END-- [ RunTime:0.000102s ]

