[ 2015-12-03T21:11:12+08:00 ] ::1 /guoji/vshop/ADMIN2/
INFO: [ app_init ] --START--
INFO: Run Behavior\BuildLiteBehavior [ RunTime:0.000019s ]
INFO: [ app_init ] --END-- [ RunTime:0.000100s ]

[ 2015-12-03T21:11:12+08:00 ] ::1 /guoji/vshop/ADMIN2/index.php?c=Public&a=login
INFO: [ app_init ] --START--
INFO: Run Behavior\BuildLiteBehavior [ RunTime:0.000017s ]
INFO: [ app_init ] --END-- [ RunTime:0.000093s ]

[ 2015-12-03T21:11:12+08:00 ] ::1 /guoji/vshop/ADMIN2/index.php?c=Public&a=verify
INFO: [ app_init ] --START--
INFO: Run Behavior\BuildLiteBehavior [ RunTime:0.000019s ]
INFO: [ app_init ] --END-- [ RunTime:0.000097s ]

[ 2015-12-03T21:11:14+08:00 ] ::1 /guoji/vshop/ADMIN2/index.php/Public/checkLogin
INFO: [ app_init ] --START--
INFO: Run Behavior\BuildLiteBehavior [ RunTime:0.000015s ]
INFO: [ app_init ] --END-- [ RunTime:0.000094s ]

[ 2015-12-03T21:11:14+08:00 ] ::1 /guoji/vshop/ADMIN2/index.php
INFO: [ app_init ] --START--
INFO: Run Behavior\BuildLiteBehavior [ RunTime:0.000017s ]
INFO: [ app_init ] --END-- [ RunTime:0.000096s ]

[ 2015-12-03T21:11:17+08:00 ] ::1 /guoji/vshop/ADMIN2/index.php?c=Order
INFO: [ app_init ] --START--
INFO: Run Behavior\BuildLiteBehavior [ RunTime:0.000017s ]
INFO: [ app_init ] --END-- [ RunTime:0.000095s ]

[ 2015-12-03T21:11:19+08:00 ] ::1 /guoji/vshop/ADMIN2/index.php?c=Member
INFO: [ app_init ] --START--
INFO: Run Behavior\BuildLiteBehavior [ RunTime:0.000018s ]
INFO: [ app_init ] --END-- [ RunTime:0.000106s ]

[ 2015-12-03T21:11:20+08:00 ] ::1 /guoji/vshop/ADMIN2/index.php?c=Coupon
INFO: [ app_init ] --START--
INFO: Run Behavior\BuildLiteBehavior [ RunTime:0.000018s ]
INFO: [ app_init ] --END-- [ RunTime:0.000103s ]

[ 2015-12-03T21:12:16+08:00 ] ::1 /guoji/vshop/ADMIN2/index.php?c=Coupon
INFO: [ app_init ] --START--
INFO: Run Behavior\BuildLiteBehavior [ RunTime:0.000020s ]
INFO: [ app_init ] --END-- [ RunTime:0.000111s ]

[ 2015-12-03T21:12:16+08:00 ] ::1 /guoji/vshop/ADMIN2/index.php?c=Coupon
INFO: [ app_init ] --START--
INFO: Run Behavior\BuildLiteBehavior [ RunTime:0.000018s ]
INFO: [ app_init ] --END-- [ RunTime:0.000123s ]

[ 2015-12-03T21:12:17+08:00 ] ::1 /guoji/vshop/ADMIN2/index.php?c=Coupon
INFO: [ app_init ] --START--
INFO: Run Behavior\BuildLiteBehavior [ RunTime:0.000018s ]
INFO: [ app_init ] --END-- [ RunTime:0.000102s ]

[ 2015-12-03T21:12:17+08:00 ] ::1 /guoji/vshop/ADMIN2/index.php?c=Coupon
INFO: [ app_init ] --START--
INFO: Run Behavior\BuildLiteBehavior [ RunTime:0.000017s ]
INFO: [ app_init ] --END-- [ RunTime:0.000098s ]

[ 2015-12-03T21:12:17+08:00 ] ::1 /guoji/vshop/ADMIN2/index.php?c=Coupon
INFO: [ app_init ] --START--
INFO: Run Behavior\BuildLiteBehavior [ RunTime:0.000018s ]
INFO: [ app_init ] --END-- [ RunTime:0.000098s ]

[ 2015-12-03T21:12:24+08:00 ] ::1 /guoji/vshop/ADMIN2/index.php/Coupon
INFO: [ app_init ] --START--
INFO: Run Behavior\BuildLiteBehavior [ RunTime:0.000019s ]
INFO: [ app_init ] --END-- [ RunTime:0.000100s ]

[ 2015-12-03T21:12:49+08:00 ] ::1 /guoji/vshop/ADMIN2/index.php/Coupon
INFO: [ app_init ] --START--
INFO: Run Behavior\BuildLiteBehavior [ RunTime:0.000019s ]
INFO: [ app_init ] --END-- [ RunTime:0.000102s ]

[ 2015-12-03T21:12:53+08:00 ] ::1 /guoji/vshop/ADMIN2/index.php?c=Order_promotion
INFO: [ app_init ] --START--
INFO: Run Behavior\BuildLiteBehavior [ RunTime:0.000018s ]
INFO: [ app_init ] --END-- [ RunTime:0.000101s ]

[ 2015-12-03T21:13:34+08:00 ] ::1 /guoji/vshop/ADMIN2/index.php?c=Order_promotion
INFO: [ app_init ] --START--
INFO: Run Behavior\BuildLiteBehavior [ RunTime:0.000018s ]
INFO: [ app_init ] --END-- [ RunTime:0.000102s ]

[ 2015-12-03T21:13:35+08:00 ] ::1 /guoji/vshop/ADMIN2/index.php?c=Order_promotion
INFO: [ app_init ] --START--
INFO: Run Behavior\BuildLiteBehavior [ RunTime:0.000018s ]
INFO: [ app_init ] --END-- [ RunTime:0.000096s ]

[ 2015-12-03T21:13:44+08:00 ] ::1 /guoji/vshop/ADMIN2/index.php?c=OrderPromotion
INFO: [ app_init ] --START--
INFO: Run Behavior\BuildLiteBehavior [ RunTime:0.000017s ]
INFO: [ app_init ] --END-- [ RunTime:0.000098s ]

[ 2015-12-03T21:14:08+08:00 ] ::1 /guoji/vshop/ADMIN2/index.php?c=OrderPromotion
INFO: [ app_init ] --START--
INFO: Run Behavior\BuildLiteBehavior [ RunTime:0.000021s ]
INFO: [ app_init ] --END-- [ RunTime:0.000124s ]

[ 2015-12-03T21:14:08+08:00 ] ::1 /guoji/vshop/ADMIN2/index.php?c=OrderPromotion
INFO: [ app_init ] --START--
INFO: Run Behavior\BuildLiteBehavior [ RunTime:0.000019s ]
INFO: [ app_init ] --END-- [ RunTime:0.000106s ]

[ 2015-12-03T21:14:09+08:00 ] ::1 /guoji/vshop/ADMIN2/index.php?c=OrderPromotion
INFO: [ app_init ] --START--
INFO: Run Behavior\BuildLiteBehavior [ RunTime:0.000019s ]
INFO: [ app_init ] --END-- [ RunTime:0.000103s ]

[ 2015-12-03T21:14:14+08:00 ] ::1 /guoji/vshop/ADMIN2/index.php?c=OrderPromotion
INFO: [ app_init ] --START--
INFO: Run Behavior\BuildLiteBehavior [ RunTime:0.000019s ]
INFO: [ app_init ] --END-- [ RunTime:0.000106s ]

[ 2015-12-03T21:14:15+08:00 ] ::1 /guoji/vshop/ADMIN2/index.php?c=OrderPromotion
INFO: [ app_init ] --START--
INFO: Run Behavior\BuildLiteBehavior [ RunTime:0.000020s ]
INFO: [ app_init ] --END-- [ RunTime:0.000107s ]

[ 2015-12-03T21:14:15+08:00 ] ::1 /guoji/vshop/ADMIN2/index.php?c=OrderPromotion
INFO: [ app_init ] --START--
INFO: Run Behavior\BuildLiteBehavior [ RunTime:0.000019s ]
INFO: [ app_init ] --END-- [ RunTime:0.000108s ]

[ 2015-12-03T21:14:16+08:00 ] ::1 /guoji/vshop/ADMIN2/index.php?c=OrderPromotion
INFO: [ app_init ] --START--
INFO: Run Behavior\BuildLiteBehavior [ RunTime:0.000020s ]
INFO: [ app_init ] --END-- [ RunTime:0.000108s ]

[ 2015-12-03T21:14:17+08:00 ] ::1 /guoji/vshop/ADMIN2/index.php?c=OrderPromotion
INFO: [ app_init ] --START--
INFO: Run Behavior\BuildLiteBehavior [ RunTime:0.000019s ]
INFO: [ app_init ] --END-- [ RunTime:0.000106s ]

[ 2015-12-03T21:14:57+08:00 ] ::1 /guoji/vshop/ADMIN2/index.php?c=OrderPromotion
INFO: [ app_init ] --START--
INFO: Run Behavior\BuildLiteBehavior [ RunTime:0.000020s ]
INFO: [ app_init ] --END-- [ RunTime:0.000107s ]

[ 2015-12-03T21:15:06+08:00 ] ::1 /guoji/vshop/ADMIN2/index.php?c=Order_promotion
INFO: [ app_init ] --START--
INFO: Run Behavior\BuildLiteBehavior [ RunTime:0.000018s ]
INFO: [ app_init ] --END-- [ RunTime:0.000096s ]

[ 2015-12-03T21:15:07+08:00 ] ::1 /guoji/vshop/ADMIN2/index.php?c=Order_promotion
INFO: [ app_init ] --START--
INFO: Run Behavior\BuildLiteBehavior [ RunTime:0.000019s ]
INFO: [ app_init ] --END-- [ RunTime:0.000098s ]

[ 2015-12-03T21:15:08+08:00 ] ::1 /guoji/vshop/ADMIN2/index.php?c=Order_promotion
INFO: [ app_init ] --START--
INFO: Run Behavior\BuildLiteBehavior [ RunTime:0.000028s ]
INFO: [ app_init ] --END-- [ RunTime:0.000136s ]

[ 2015-12-03T21:15:13+08:00 ] ::1 /guoji/vshop/ADMIN2/index.php?c=OrderPromotion
INFO: [ app_init ] --START--
INFO: Run Behavior\BuildLiteBehavior [ RunTime:0.000019s ]
INFO: [ app_init ] --END-- [ RunTime:0.000111s ]

[ 2015-12-03T21:15:57+08:00 ] ::1 /guoji/vshop/ADMIN2/index.php?c=OrderPromotion
INFO: [ app_init ] --START--
INFO: Run Behavior\BuildLiteBehavior [ RunTime:0.000019s ]
INFO: [ app_init ] --END-- [ RunTime:0.000100s ]

[ 2015-12-03T21:15:58+08:00 ] ::1 /guoji/vshop/ADMIN2/index.php?c=OrderPromotion
INFO: [ app_init ] --START--
INFO: Run Behavior\BuildLiteBehavior [ RunTime:0.000020s ]
INFO: [ app_init ] --END-- [ RunTime:0.000109s ]

[ 2015-12-03T21:15:58+08:00 ] ::1 /guoji/vshop/ADMIN2/index.php?c=OrderPromotion
INFO: [ app_init ] --START--
INFO: Run Behavior\BuildLiteBehavior [ RunTime:0.000021s ]
INFO: [ app_init ] --END-- [ RunTime:0.000106s ]

[ 2015-12-03T21:15:59+08:00 ] ::1 /guoji/vshop/ADMIN2/index.php?c=OrderPromotion
INFO: [ app_init ] --START--
INFO: Run Behavior\BuildLiteBehavior [ RunTime:0.000020s ]
INFO: [ app_init ] --END-- [ RunTime:0.000105s ]

[ 2015-12-03T21:15:59+08:00 ] ::1 /guoji/vshop/ADMIN2/index.php?c=OrderPromotion
INFO: [ app_init ] --START--
INFO: Run Behavior\BuildLiteBehavior [ RunTime:0.000017s ]
INFO: [ app_init ] --END-- [ RunTime:0.000102s ]

[ 2015-12-03T21:16:00+08:00 ] ::1 /guoji/vshop/ADMIN2/index.php?c=OrderPromotion
INFO: [ app_init ] --START--
INFO: Run Behavior\BuildLiteBehavior [ RunTime:0.000018s ]
INFO: [ app_init ] --END-- [ RunTime:0.000105s ]

[ 2015-12-03T21:17:33+08:00 ] ::1 /guoji/vshop/ADMIN2/index.php/OrderPromotion/foreverdelete/id/6,5,4/time/1449148653123
INFO: [ app_init ] --START--
INFO: Run Behavior\BuildLiteBehavior [ RunTime:0.000022s ]
INFO: [ app_init ] --END-- [ RunTime:0.000125s ]

[ 2015-12-03T21:17:34+08:00 ] ::1 /guoji/vshop/ADMIN2/index.php/OrderPromotion
INFO: [ app_init ] --START--
INFO: Run Behavior\BuildLiteBehavior [ RunTime:0.000019s ]
INFO: [ app_init ] --END-- [ RunTime:0.000109s ]

[ 2015-12-03T21:19:56+08:00 ] ::1 /guoji/vshop/ADMIN2/index.php/OrderPromotion
INFO: [ app_init ] --START--
INFO: Run Behavior\BuildLiteBehavior [ RunTime:0.000018s ]
INFO: [ app_init ] --END-- [ RunTime:0.000101s ]

[ 2015-12-03T21:19:59+08:00 ] ::1 /guoji/vshop/ADMIN2/index.php?c=Public&a=logout
INFO: [ app_init ] --START--
INFO: Run Behavior\BuildLiteBehavior [ RunTime:0.000019s ]
INFO: [ app_init ] --END-- [ RunTime:0.000105s ]

[ 2015-12-03T21:20:00+08:00 ] ::1 /guoji/vshop/ADMIN2/index.php/Public/login/
INFO: [ app_init ] --START--
INFO: Run Behavior\BuildLiteBehavior [ RunTime:0.000019s ]
INFO: [ app_init ] --END-- [ RunTime:0.000108s ]

[ 2015-12-03T21:20:00+08:00 ] ::1 /guoji/vshop/ADMIN2/index.php?c=Public&a=verify
INFO: [ app_init ] --START--
INFO: Run Behavior\BuildLiteBehavior [ RunTime:0.000021s ]
INFO: [ app_init ] --END-- [ RunTime:0.000111s ]

[ 2015-12-03T21:20:01+08:00 ] ::1 /guoji/vshop/ADMIN2/index.php/Public/checkLogin
INFO: [ app_init ] --START--
INFO: Run Behavior\BuildLiteBehavior [ RunTime:0.000016s ]
INFO: [ app_init ] --END-- [ RunTime:0.000098s ]

[ 2015-12-03T21:20:01+08:00 ] ::1 /guoji/vshop/ADMIN2/index.php
INFO: [ app_init ] --START--
INFO: Run Behavior\BuildLiteBehavior [ RunTime:0.000017s ]
INFO: [ app_init ] --END-- [ RunTime:0.000100s ]

[ 2015-12-03T21:20:09+08:00 ] ::1 /guoji/vshop/ADMIN2/index.php?c=Zone
INFO: [ app_init ] --START--
INFO: Run Behavior\BuildLiteBehavior [ RunTime:0.000018s ]
INFO: [ app_init ] --END-- [ RunTime:0.000103s ]

[ 2015-12-03T21:20:10+08:00 ] ::1 /guoji/vshop/ADMIN2/index.php?c=Region
INFO: [ app_init ] --START--
INFO: Run Behavior\BuildLiteBehavior [ RunTime:0.000018s ]
INFO: [ app_init ] --END-- [ RunTime:0.000105s ]

[ 2015-12-03T21:20:11+08:00 ] ::1 /guoji/vshop/ADMIN2/index.php?c=Shipping
INFO: [ app_init ] --START--
INFO: Run Behavior\BuildLiteBehavior [ RunTime:0.000018s ]
INFO: [ app_init ] --END-- [ RunTime:0.000120s ]

[ 2015-12-03T21:20:12+08:00 ] ::1 /guoji/vshop/ADMIN2/index.php?c=Region
INFO: [ app_init ] --START--
INFO: Run Behavior\BuildLiteBehavior [ RunTime:0.000018s ]
INFO: [ app_init ] --END-- [ RunTime:0.000107s ]

[ 2015-12-03T21:20:14+08:00 ] ::1 /guoji/vshop/ADMIN2/index.php/Region/city_child
INFO: [ app_init ] --START--
INFO: Run Behavior\BuildLiteBehavior [ RunTime:0.000016s ]
INFO: [ app_init ] --END-- [ RunTime:0.000095s ]

[ 2015-12-03T21:20:15+08:00 ] ::1 /guoji/vshop/ADMIN2/index.php/Region/county_child
INFO: [ app_init ] --START--
INFO: Run Behavior\BuildLiteBehavior [ RunTime:0.000016s ]
INFO: [ app_init ] --END-- [ RunTime:0.000097s ]

[ 2015-12-03T21:20:20+08:00 ] ::1 /guoji/vshop/ADMIN2/index.php?c=Article
INFO: [ app_init ] --START--
INFO: Run Behavior\BuildLiteBehavior [ RunTime:0.000019s ]
INFO: [ app_init ] --END-- [ RunTime:0.000105s ]

[ 2015-12-03T21:20:21+08:00 ] ::1 /guoji/vshop/ADMIN2/index.php?c=Article
INFO: [ app_init ] --START--
INFO: Run Behavior\BuildLiteBehavior [ RunTime:0.000018s ]
INFO: [ app_init ] --END-- [ RunTime:0.000106s ]

[ 2015-12-03T21:20:23+08:00 ] ::1 /guoji/vshop/ADMIN2/index.php?c=Classify
INFO: [ app_init ] --START--
INFO: Run Behavior\BuildLiteBehavior [ RunTime:0.000017s ]
INFO: [ app_init ] --END-- [ RunTime:0.000108s ]

[ 2015-12-03T21:20:25+08:00 ] ::1 /guoji/vshop/ADMIN2/index.php?c=Help
INFO: [ app_init ] --START--
INFO: Run Behavior\BuildLiteBehavior [ RunTime:0.000018s ]
INFO: [ app_init ] --END-- [ RunTime:0.000105s ]

[ 2015-12-03T21:20:26+08:00 ] ::1 /guoji/vshop/ADMIN2/index.php?c=Position
INFO: [ app_init ] --START--
INFO: Run Behavior\BuildLiteBehavior [ RunTime:0.000019s ]
INFO: [ app_init ] --END-- [ RunTime:0.000110s ]

[ 2015-12-03T21:20:28+08:00 ] ::1 /guoji/vshop/ADMIN2/index.php?c=Product
INFO: [ app_init ] --START--
INFO: Run Behavior\BuildLiteBehavior [ RunTime:0.000019s ]
INFO: [ app_init ] --END-- [ RunTime:0.000108s ]

[ 2015-12-03T21:20:29+08:00 ] ::1 /guoji/vshop/ADMIN2/index.php?c=Product
INFO: [ app_init ] --START--
INFO: Run Behavior\BuildLiteBehavior [ RunTime:0.000018s ]
INFO: [ app_init ] --END-- [ RunTime:0.000101s ]

[ 2015-12-03T21:20:30+08:00 ] ::1 /guoji/vshop/ADMIN2/index.php?c=ProductCategory
INFO: [ app_init ] --START--
INFO: Run Behavior\BuildLiteBehavior [ RunTime:0.000018s ]
INFO: [ app_init ] --END-- [ RunTime:0.000100s ]

[ 2015-12-03T21:20:58+08:00 ] ::1 /guoji/vshop/ADMIN2/index.php?c=ProductCategory
INFO: [ app_init ] --START--
INFO: Run Behavior\BuildLiteBehavior [ RunTime:0.000021s ]
INFO: [ app_init ] --END-- [ RunTime:0.000108s ]

[ 2015-12-03T21:20:59+08:00 ] ::1 /guoji/vshop/ADMIN2/index.php/ProductCategory/add/
INFO: [ app_init ] --START--
INFO: Run Behavior\BuildLiteBehavior [ RunTime:0.000018s ]
INFO: [ app_init ] --END-- [ RunTime:0.000102s ]

[ 2015-12-03T21:21:06+08:00 ] ::1 /guoji/vshop/ADMIN2/index.php?c=ProductCategory
INFO: [ app_init ] --START--
INFO: Run Behavior\BuildLiteBehavior [ RunTime:0.000018s ]
INFO: [ app_init ] --END-- [ RunTime:0.000098s ]

[ 2015-12-03T21:21:07+08:00 ] ::1 /guoji/vshop/ADMIN2/index.php?c=ProductCategory
INFO: [ app_init ] --START--
INFO: Run Behavior\BuildLiteBehavior [ RunTime:0.000017s ]
INFO: [ app_init ] --END-- [ RunTime:0.000097s ]

[ 2015-12-03T21:21:09+08:00 ] ::1 /guoji/vshop/ADMIN2/index.php/ProductCategory/add/
INFO: [ app_init ] --START--
INFO: Run Behavior\BuildLiteBehavior [ RunTime:0.000018s ]
INFO: [ app_init ] --END-- [ RunTime:0.000099s ]

[ 2015-12-03T21:21:40+08:00 ] ::1 /guoji/vshop/ADMIN2/index.php/ProductCategory/add/
INFO: [ app_init ] --START--
INFO: Run Behavior\BuildLiteBehavior [ RunTime:0.000022s ]
INFO: [ app_init ] --END-- [ RunTime:0.000116s ]

[ 2015-12-03T21:21:57+08:00 ] ::1 /guoji/vshop/ADMIN2/index.php/ProductCategory/add/
INFO: [ app_init ] --START--
INFO: Run Behavior\BuildLiteBehavior [ RunTime:0.000017s ]
INFO: [ app_init ] --END-- [ RunTime:0.000098s ]

[ 2015-12-03T21:22:02+08:00 ] ::1 /guoji/vshop/ADMIN2/index.php/ProductCategory
INFO: [ app_init ] --START--
INFO: Run Behavior\BuildLiteBehavior [ RunTime:0.000019s ]
INFO: [ app_init ] --END-- [ RunTime:0.000105s ]

[ 2015-12-03T21:22:10+08:00 ] ::1 /guoji/vshop/ADMIN2/index.php/ProductCategory?&p=3
INFO: [ app_init ] --START--
INFO: Run Behavior\BuildLiteBehavior [ RunTime:0.000017s ]
INFO: [ app_init ] --END-- [ RunTime:0.000099s ]

[ 2015-12-03T21:22:12+08:00 ] ::1 /guoji/vshop/ADMIN2/index.php/ProductCategory?&p=2
INFO: [ app_init ] --START--
INFO: Run Behavior\BuildLiteBehavior [ RunTime:0.000021s ]
INFO: [ app_init ] --END-- [ RunTime:0.000119s ]

[ 2015-12-03T21:22:34+08:00 ] ::1 /guoji/vshop/ADMIN2/index.php?c=ProductCategory
INFO: [ app_init ] --START--
INFO: Run Behavior\BuildLiteBehavior [ RunTime:0.000016s ]
INFO: [ app_init ] --END-- [ RunTime:0.000100s ]

[ 2015-12-03T21:22:35+08:00 ] ::1 /guoji/vshop/ADMIN2/index.php?c=Attribute
INFO: [ app_init ] --START--
INFO: Run Behavior\BuildLiteBehavior [ RunTime:0.000017s ]
INFO: [ app_init ] --END-- [ RunTime:0.000099s ]

[ 2015-12-03T21:22:36+08:00 ] ::1 /guoji/vshop/ADMIN2/index.php?c=ProductType
INFO: [ app_init ] --START--
INFO: Run Behavior\BuildLiteBehavior [ RunTime:0.000016s ]
INFO: [ app_init ] --END-- [ RunTime:0.000098s ]

[ 2015-12-03T21:24:06+08:00 ] ::1 /guoji/vshop/ADMIN2/index.php?c=ProductType
INFO: [ app_init ] --START--
INFO: Run Behavior\BuildLiteBehavior [ RunTime:0.000019s ]
INFO: [ app_init ] --END-- [ RunTime:0.000098s ]

[ 2015-12-03T21:24:08+08:00 ] ::1 /guoji/vshop/ADMIN2/index.php/Attribute/index/cat_id/11
INFO: [ app_init ] --START--
INFO: Run Behavior\BuildLiteBehavior [ RunTime:0.000017s ]
INFO: [ app_init ] --END-- [ RunTime:0.000098s ]

[ 2015-12-03T21:24:13+08:00 ] ::1 /guoji/vshop/ADMIN2/index.php/Attribute/index/cat_id/1
INFO: [ app_init ] --START--
INFO: Run Behavior\BuildLiteBehavior [ RunTime:0.000018s ]
INFO: [ app_init ] --END-- [ RunTime:0.000098s ]

[ 2015-12-03T21:24:16+08:00 ] ::1 /guoji/vshop/ADMIN2/index.php/Attribute/index/cat_id/10
INFO: [ app_init ] --START--
INFO: Run Behavior\BuildLiteBehavior [ RunTime:0.000018s ]
INFO: [ app_init ] --END-- [ RunTime:0.000098s ]

[ 2015-12-03T21:24:18+08:00 ] ::1 /guoji/vshop/ADMIN2/index.php/Attribute/edit/id/2
INFO: [ app_init ] --START--
INFO: Run Behavior\BuildLiteBehavior [ RunTime:0.000019s ]
INFO: [ app_init ] --END-- [ RunTime:0.000106s ]

[ 2015-12-03T21:24:24+08:00 ] ::1 /guoji/vshop/ADMIN2/index.php/Attribute/edit/id/2
INFO: [ app_init ] --START--
INFO: Run Behavior\BuildLiteBehavior [ RunTime:0.000019s ]
INFO: [ app_init ] --END-- [ RunTime:0.000100s ]

[ 2015-12-03T21:24:29+08:00 ] ::1 /guoji/vshop/ADMIN2/index.php?c=Feedback
INFO: [ app_init ] --START--
INFO: Run Behavior\BuildLiteBehavior [ RunTime:0.000018s ]
INFO: [ app_init ] --END-- [ RunTime:0.000097s ]

[ 2015-12-03T21:24:36+08:00 ] ::1 /guoji/vshop/ADMIN2/index.php?c=Feedback
INFO: [ app_init ] --START--
INFO: Run Behavior\BuildLiteBehavior [ RunTime:0.000018s ]
INFO: [ app_init ] --END-- [ RunTime:0.000098s ]

[ 2015-12-03T21:25:08+08:00 ] ::1 /guoji/vshop/ADMIN2/index.php?c=Feedback
INFO: [ app_init ] --START--
INFO: Run Behavior\BuildLiteBehavior [ RunTime:0.000019s ]
INFO: [ app_init ] --END-- [ RunTime:0.000099s ]

[ 2015-12-03T21:25:13+08:00 ] ::1 /guoji/vshop/ADMIN2/index.php?c=Shaidan
INFO: [ app_init ] --START--
INFO: Run Behavior\BuildLiteBehavior [ RunTime:0.000020s ]
INFO: [ app_init ] --END-- [ RunTime:0.000108s ]

[ 2015-12-03T21:25:13+08:00 ] ::1 /guoji/vshop/ADMIN2/index.php?c=Shoplist
INFO: [ app_init ] --START--
INFO: Run Behavior\BuildLiteBehavior [ RunTime:0.000018s ]
INFO: [ app_init ] --END-- [ RunTime:0.000107s ]

[ 2015-12-03T21:25:14+08:00 ] ::1 /guoji/vshop/ADMIN2/index.php?c=ScoreLog
INFO: [ app_init ] --START--
INFO: Run Behavior\BuildLiteBehavior [ RunTime:0.000019s ]
INFO: [ app_init ] --END-- [ RunTime:0.000106s ]

[ 2015-12-03T21:25:59+08:00 ] ::1 /guoji/vshop/ADMIN2/index.php?c=ScoreLog
INFO: [ app_init ] --START--
INFO: Run Behavior\BuildLiteBehavior [ RunTime:0.000019s ]
INFO: [ app_init ] --END-- [ RunTime:0.000106s ]

[ 2015-12-03T21:26:03+08:00 ] ::1 /guoji/vshop/ADMIN2/index.php?c=Order
INFO: [ app_init ] --START--
INFO: Run Behavior\BuildLiteBehavior [ RunTime:0.000018s ]
INFO: [ app_init ] --END-- [ RunTime:0.000098s ]

[ 2015-12-03T21:26:04+08:00 ] ::1 /guoji/vshop/ADMIN2/index.php?c=Order
INFO: [ app_init ] --START--
INFO: Run Behavior\BuildLiteBehavior [ RunTime:0.000018s ]
INFO: [ app_init ] --END-- [ RunTime:0.000098s ]

[ 2015-12-03T21:26:06+08:00 ] ::1 /guoji/vshop/ADMIN2/index.php/Order/payment
INFO: [ app_init ] --START--
INFO: Run Behavior\BuildLiteBehavior [ RunTime:0.000017s ]
INFO: [ app_init ] --END-- [ RunTime:0.000097s ]

[ 2015-12-03T21:28:12+08:00 ] ::1 /guoji/vshop/ADMIN2/index.php/Order/payment
INFO: [ app_init ] --START--
INFO: Run Behavior\BuildLiteBehavior [ RunTime:0.000017s ]
INFO: [ app_init ] --END-- [ RunTime:0.000095s ]

[ 2015-12-03T21:29:23+08:00 ] ::1 /guoji/vshop/ADMIN2/index.php?c=Order
INFO: [ app_init ] --START--
INFO: Run Behavior\BuildLiteBehavior [ RunTime:0.000020s ]
INFO: [ app_init ] --END-- [ RunTime:0.000109s ]

[ 2015-12-03T21:29:30+08:00 ] ::1 /guoji/vshop/ADMIN2/index.php/Order/payment
INFO: [ app_init ] --START--
INFO: Run Behavior\BuildLiteBehavior [ RunTime:0.000017s ]
INFO: [ app_init ] --END-- [ RunTime:0.000094s ]

[ 2015-12-03T21:31:39+08:00 ] ::1 /guoji/vshop/ADMIN2/index.php/Order/payment
INFO: [ app_init ] --START--
INFO: Run Behavior\BuildLiteBehavior [ RunTime:0.000016s ]
INFO: [ app_init ] --END-- [ RunTime:0.000093s ]

[ 2015-12-03T21:31:56+08:00 ] ::1 /guoji/vshop/ADMIN2/index.php?c=Order
INFO: [ app_init ] --START--
INFO: Run Behavior\BuildLiteBehavior [ RunTime:0.000018s ]
INFO: [ app_init ] --END-- [ RunTime:0.000099s ]

[ 2015-12-03T21:31:57+08:00 ] ::1 /guoji/vshop/ADMIN2/index.php/Order/payment
INFO: [ app_init ] --START--
INFO: Run Behavior\BuildLiteBehavior [ RunTime:0.000018s ]
INFO: [ app_init ] --END-- [ RunTime:0.000100s ]

[ 2015-12-03T21:32:15+08:00 ] ::1 /guoji/vshop/ADMIN2/index.php?c=Order
INFO: [ app_init ] --START--
INFO: Run Behavior\BuildLiteBehavior [ RunTime:0.000018s ]
INFO: [ app_init ] --END-- [ RunTime:0.000118s ]

[ 2015-12-03T21:32:16+08:00 ] ::1 /guoji/vshop/ADMIN2/index.php/Order/payment
INFO: [ app_init ] --START--
INFO: Run Behavior\BuildLiteBehavior [ RunTime:0.000018s ]
INFO: [ app_init ] --END-- [ RunTime:0.000100s ]

[ 2015-12-03T21:34:39+08:00 ] ::1 /guoji/vshop/ADMIN2/index.php/Order/payment
INFO: [ app_init ] --START--
INFO: Run Behavior\BuildLiteBehavior [ RunTime:0.000016s ]
INFO: [ app_init ] --END-- [ RunTime:0.000097s ]

[ 2015-12-03T21:39:24+08:00 ] ::1 /guoji/vshop/ADMIN2/index.php/Order/payment
INFO: [ app_init ] --START--
INFO: Run Behavior\BuildLiteBehavior [ RunTime:0.000016s ]
INFO: [ app_init ] --END-- [ RunTime:0.000095s ]

[ 2015-12-03T21:39:34+08:00 ] ::1 /guoji/vshop/ADMIN2/index.php?c=Order
INFO: [ app_init ] --START--
INFO: Run Behavior\BuildLiteBehavior [ RunTime:0.000018s ]
INFO: [ app_init ] --END-- [ RunTime:0.000103s ]

[ 2015-12-03T21:39:35+08:00 ] ::1 /guoji/vshop/ADMIN2/index.php/Order/payment
INFO: [ app_init ] --START--
INFO: Run Behavior\BuildLiteBehavior [ RunTime:0.000020s ]
INFO: [ app_init ] --END-- [ RunTime:0.000111s ]

[ 2015-12-03T21:39:38+08:00 ] ::1 /guoji/vshop/ADMIN2/index.php?c=Order
INFO: [ app_init ] --START--
INFO: Run Behavior\BuildLiteBehavior [ RunTime:0.000019s ]
INFO: [ app_init ] --END-- [ RunTime:0.000111s ]

[ 2015-12-03T21:39:40+08:00 ] ::1 /guoji/vshop/ADMIN2/index.php/Order/payment
INFO: [ app_init ] --START--
INFO: Run Behavior\BuildLiteBehavior [ RunTime:0.000017s ]
INFO: [ app_init ] --END-- [ RunTime:0.000101s ]

[ 2015-12-03T22:14:20+08:00 ] ::1 /guoji/vshop/ADMIN2/index.php?c=Order
INFO: [ app_init ] --START--
INFO: Run Behavior\BuildLiteBehavior [ RunTime:0.000018s ]
INFO: [ app_init ] --END-- [ RunTime:0.000099s ]

[ 2015-12-03T22:14:20+08:00 ] ::1 /guoji/vshop/ADMIN2/index.php?c=Public&a=login
INFO: [ app_init ] --START--
INFO: Run Behavior\BuildLiteBehavior [ RunTime:0.000018s ]
INFO: [ app_init ] --END-- [ RunTime:0.000102s ]

[ 2015-12-03T22:14:20+08:00 ] ::1 /guoji/vshop/ADMIN2/index.php?c=Public&a=verify
INFO: [ app_init ] --START--
INFO: Run Behavior\BuildLiteBehavior [ RunTime:0.000020s ]
INFO: [ app_init ] --END-- [ RunTime:0.000106s ]

[ 2015-12-03T22:14:24+08:00 ] ::1 /guoji/vshop/ADMIN2/index.php/Public/checkLogin
INFO: [ app_init ] --START--
INFO: Run Behavior\BuildLiteBehavior [ RunTime:0.000016s ]
INFO: [ app_init ] --END-- [ RunTime:0.000095s ]

[ 2015-12-03T22:14:25+08:00 ] ::1 /guoji/vshop/ADMIN2/index.php
INFO: [ app_init ] --START--
INFO: Run Behavior\BuildLiteBehavior [ RunTime:0.000017s ]
INFO: [ app_init ] --END-- [ RunTime:0.000098s ]

[ 2015-12-03T22:14:27+08:00 ] ::1 /guoji/vshop/ADMIN2/index.php?c=Order
INFO: [ app_init ] --START--
INFO: Run Behavior\BuildLiteBehavior [ RunTime:0.000018s ]
INFO: [ app_init ] --END-- [ RunTime:0.000099s ]

[ 2015-12-03T22:14:30+08:00 ] ::1 /guoji/vshop/ADMIN2/index.php/Order/payment
INFO: [ app_init ] --START--
INFO: Run Behavior\BuildLiteBehavior [ RunTime:0.000017s ]
INFO: [ app_init ] --END-- [ RunTime:0.000094s ]

[ 2015-12-03T22:14:36+08:00 ] ::1 /guoji/vshop/ADMIN2/index.php?c=Order
INFO: [ app_init ] --START--
INFO: Run Behavior\BuildLiteBehavior [ RunTime:0.000019s ]
INFO: [ app_init ] --END-- [ RunTime:0.000100s ]

[ 2015-12-03T22:14:37+08:00 ] ::1 /guoji/vshop/ADMIN2/index.php?c=Order
INFO: [ app_init ] --START--
INFO: Run Behavior\BuildLiteBehavior [ RunTime:0.000018s ]
INFO: [ app_init ] --END-- [ RunTime:0.000100s ]

[ 2015-12-03T22:14:39+08:00 ] ::1 /guoji/vshop/ADMIN2/index.php?c=Order
INFO: [ app_init ] --START--
INFO: Run Behavior\BuildLiteBehavior [ RunTime:0.000019s ]
INFO: [ app_init ] --END-- [ RunTime:0.000101s ]

[ 2015-12-03T22:15:07+08:00 ] ::1 /guoji/vshop/ADMIN2/index.php?c=Order
INFO: [ app_init ] --START--
INFO: Run Behavior\BuildLiteBehavior [ RunTime:0.000019s ]
INFO: [ app_init ] --END-- [ RunTime:0.000101s ]

[ 2015-12-03T22:21:11+08:00 ] ::1 /guoji/vshop/ADMIN2/index.php?c=Order
INFO: [ app_init ] --START--
INFO: Run Behavior\BuildLiteBehavior [ RunTime:0.000018s ]
INFO: [ app_init ] --END-- [ RunTime:0.000098s ]

[ 2015-12-03T22:21:13+08:00 ] ::1 /guoji/vshop/ADMIN2/index.php/Order/payment
INFO: [ app_init ] --START--
INFO: Run Behavior\BuildLiteBehavior [ RunTime:0.000019s ]
INFO: [ app_init ] --END-- [ RunTime:0.000099s ]

[ 2015-12-03T22:21:22+08:00 ] ::1 /guoji/vshop/ADMIN2/index.php?c=Order
INFO: [ app_init ] --START--
INFO: Run Behavior\BuildLiteBehavior [ RunTime:0.000026s ]
INFO: [ app_init ] --END-- [ RunTime:0.000126s ]

[ 2015-12-03T22:22:45+08:00 ] ::1 /guoji/vshop/ADMIN2/index.php?c=Order
INFO: [ app_init ] --START--
INFO: Run Behavior\BuildLiteBehavior [ RunTime:0.000020s ]
INFO: [ app_init ] --END-- [ RunTime:0.000115s ]

[ 2015-12-03T22:22:46+08:00 ] ::1 /guoji/vshop/ADMIN2/index.php/Order/payment
INFO: [ app_init ] --START--
INFO: Run Behavior\BuildLiteBehavior [ RunTime:0.000018s ]
INFO: [ app_init ] --END-- [ RunTime:0.000097s ]

[ 2015-12-03T22:22:49+08:00 ] ::1 /guoji/vshop/ADMIN2/index.php?&m=Order&a=deliver&id=14
INFO: [ app_init ] --START--
INFO: Run Behavior\BuildLiteBehavior [ RunTime:0.000022s ]
INFO: [ app_init ] --END-- [ RunTime:0.000121s ]

[ 2015-12-03T22:24:05+08:00 ] ::1 /guoji/vshop/ADMIN2/index.php?c=Order
INFO: [ app_init ] --START--
INFO: Run Behavior\BuildLiteBehavior [ RunTime:0.000019s ]
INFO: [ app_init ] --END-- [ RunTime:0.000101s ]

[ 2015-12-03T22:24:06+08:00 ] ::1 /guoji/vshop/ADMIN2/index.php?&c=Order&a=deliver&id=14
INFO: [ app_init ] --START--
INFO: Run Behavior\BuildLiteBehavior [ RunTime:0.000019s ]
INFO: [ app_init ] --END-- [ RunTime:0.000101s ]

[ 2015-12-03T22:24:12+08:00 ] ::1 /guoji/vshop/ADMIN2/index.php/Order/deliver?1449152646
INFO: [ app_init ] --START--
INFO: Run Behavior\BuildLiteBehavior [ RunTime:0.000017s ]
INFO: [ app_init ] --END-- [ RunTime:0.000105s ]

[ 2015-12-03T22:24:58+08:00 ] ::1 /guoji/vshop/ADMIN2/index.php?c=Order
INFO: [ app_init ] --START--
INFO: Run Behavior\BuildLiteBehavior [ RunTime:0.000017s ]
INFO: [ app_init ] --END-- [ RunTime:0.000100s ]

[ 2015-12-03T22:24:59+08:00 ] ::1 /guoji/vshop/ADMIN2/index.php?&c=Order&a=deliver&id=14
INFO: [ app_init ] --START--
INFO: Run Behavior\BuildLiteBehavior [ RunTime:0.000025s ]
INFO: [ app_init ] --END-- [ RunTime:0.000197s ]

[ 2015-12-03T22:25:02+08:00 ] ::1 /guoji/vshop/ADMIN2/index.php/Order/deliver?1449152699
INFO: [ app_init ] --START--
INFO: Run Behavior\BuildLiteBehavior [ RunTime:0.000019s ]
INFO: [ app_init ] --END-- [ RunTime:0.000114s ]

[ 2015-12-03T22:25:25+08:00 ] ::1 /guoji/vshop/ADMIN2/index.php?&c=Order&a=deliver&id=14
INFO: [ app_init ] --START--
INFO: Run Behavior\BuildLiteBehavior [ RunTime:0.000022s ]
INFO: [ app_init ] --END-- [ RunTime:0.000121s ]

[ 2015-12-03T22:25:27+08:00 ] ::1 /guoji/vshop/ADMIN2/index.php/Order/deliver?1449152725
INFO: [ app_init ] --START--
INFO: Run Behavior\BuildLiteBehavior [ RunTime:0.000018s ]
INFO: [ app_init ] --END-- [ RunTime:0.000102s ]

[ 2015-12-03T22:26:09+08:00 ] ::1 /guoji/vshop/ADMIN2/index.php?&c=Order&a=deliver&id=14
INFO: [ app_init ] --START--
INFO: Run Behavior\BuildLiteBehavior [ RunTime:0.000021s ]
INFO: [ app_init ] --END-- [ RunTime:0.000113s ]

[ 2015-12-03T22:26:10+08:00 ] ::1 /guoji/vshop/ADMIN2/index.php/Order/deliver?1449152769
INFO: [ app_init ] --START--
INFO: Run Behavior\BuildLiteBehavior [ RunTime:0.000018s ]
INFO: [ app_init ] --END-- [ RunTime:0.000102s ]

[ 2015-12-03T22:26:20+08:00 ] ::1 /guoji/vshop/ADMIN2/index.php?c=Order
INFO: [ app_init ] --START--
INFO: Run Behavior\BuildLiteBehavior [ RunTime:0.000018s ]
INFO: [ app_init ] --END-- [ RunTime:0.000097s ]

[ 2015-12-03T22:26:21+08:00 ] ::1 /guoji/vshop/ADMIN2/index.php?&c=Order&a=deliver&id=14
INFO: [ app_init ] --START--
INFO: Run Behavior\BuildLiteBehavior [ RunTime:0.000019s ]
INFO: [ app_init ] --END-- [ RunTime:0.000114s ]

[ 2015-12-03T22:26:24+08:00 ] ::1 /guoji/vshop/ADMIN2/index.php/Order/deliver?1449152781
INFO: [ app_init ] --START--
INFO: Run Behavior\BuildLiteBehavior [ RunTime:0.000017s ]
INFO: [ app_init ] --END-- [ RunTime:0.000097s ]

[ 2015-12-03T22:26:54+08:00 ] ::1 /guoji/vshop/ADMIN2/index.php?&c=Order&a=deliver&id=14
INFO: [ app_init ] --START--
INFO: Run Behavior\BuildLiteBehavior [ RunTime:0.000019s ]
INFO: [ app_init ] --END-- [ RunTime:0.000103s ]

[ 2015-12-03T22:26:56+08:00 ] ::1 /guoji/vshop/ADMIN2/index.php/Order/deliver?1449152814
INFO: [ app_init ] --START--
INFO: Run Behavior\BuildLiteBehavior [ RunTime:0.000019s ]
INFO: [ app_init ] --END-- [ RunTime:0.000104s ]

[ 2015-12-03T22:26:59+08:00 ] ::1 /guoji/vshop/ADMIN2/index.php?c=Order
INFO: [ app_init ] --START--
INFO: Run Behavior\BuildLiteBehavior [ RunTime:0.000018s ]
INFO: [ app_init ] --END-- [ RunTime:0.000108s ]

[ 2015-12-03T22:27:00+08:00 ] ::1 /guoji/vshop/ADMIN2/index.php?&c=Order&a=deliver&id=12
INFO: [ app_init ] --START--
INFO: Run Behavior\BuildLiteBehavior [ RunTime:0.000021s ]
INFO: [ app_init ] --END-- [ RunTime:0.000120s ]

[ 2015-12-03T22:30:40+08:00 ] ::1 /guoji/vshop/ADMIN2/index.php?c=Order
INFO: [ app_init ] --START--
INFO: Run Behavior\BuildLiteBehavior [ RunTime:0.000019s ]
INFO: [ app_init ] --END-- [ RunTime:0.000099s ]

[ 2015-12-03T22:30:42+08:00 ] ::1 /guoji/vshop/ADMIN2/index.php/Order/edit/id/14
INFO: [ app_init ] --START--
INFO: Run Behavior\BuildLiteBehavior [ RunTime:0.000018s ]
INFO: [ app_init ] --END-- [ RunTime:0.000105s ]

[ 2015-12-03T22:38:00+08:00 ] ::1 /guoji/vshop/ADMIN2/index.php?c=User
INFO: [ app_init ] --START--
INFO: Run Behavior\BuildLiteBehavior [ RunTime:0.000017s ]
INFO: [ app_init ] --END-- [ RunTime:0.000099s ]

[ 2015-12-03T22:38:03+08:00 ] ::1 /guoji/vshop/ADMIN2/index.php?c=Role
INFO: [ app_init ] --START--
INFO: Run Behavior\BuildLiteBehavior [ RunTime:0.000018s ]
INFO: [ app_init ] --END-- [ RunTime:0.000097s ]

[ 2015-12-03T22:38:08+08:00 ] ::1 /guoji/vshop/ADMIN2/index.php/Role/edit/id/2
INFO: [ app_init ] --START--
INFO: Run Behavior\BuildLiteBehavior [ RunTime:0.000018s ]
INFO: [ app_init ] --END-- [ RunTime:0.000099s ]

[ 2015-12-03T22:38:10+08:00 ] ::1 /guoji/vshop/ADMIN2/index.php?c=Role
INFO: [ app_init ] --START--
INFO: Run Behavior\BuildLiteBehavior [ RunTime:0.000019s ]
INFO: [ app_init ] --END-- [ RunTime:0.000102s ]

[ 2015-12-03T22:38:12+08:00 ] ::1 /guoji/vshop/ADMIN2/index.php/Role/app/groupId/2
INFO: [ app_init ] --START--
INFO: Run Behavior\BuildLiteBehavior [ RunTime:0.000017s ]
INFO: [ app_init ] --END-- [ RunTime:0.000097s ]

[ 2015-12-03T22:38:15+08:00 ] ::1 /guoji/vshop/ADMIN2/index.php/Role/module/groupId/2
INFO: [ app_init ] --START--
INFO: Run Behavior\BuildLiteBehavior [ RunTime:0.000018s ]
INFO: [ app_init ] --END-- [ RunTime:0.000104s ]

[ 2015-12-03T22:38:17+08:00 ] ::1 /guoji/vshop/ADMIN2/index.php/Role/module/groupId/1
INFO: [ app_init ] --START--
INFO: Run Behavior\BuildLiteBehavior [ RunTime:0.000018s ]
INFO: [ app_init ] --END-- [ RunTime:0.000107s ]

[ 2015-12-03T22:38:19+08:00 ] ::1 /guoji/vshop/ADMIN2/index.php/Role/module/groupId/
INFO: [ app_init ] --START--
INFO: Run Behavior\BuildLiteBehavior [ RunTime:0.000019s ]
INFO: [ app_init ] --END-- [ RunTime:0.000109s ]

[ 2015-12-03T22:38:20+08:00 ] ::1 /guoji/vshop/ADMIN2/index.php/Role/module/groupId/2
INFO: [ app_init ] --START--
INFO: Run Behavior\BuildLiteBehavior [ RunTime:0.000017s ]
INFO: [ app_init ] --END-- [ RunTime:0.000103s ]

[ 2015-12-03T22:38:22+08:00 ] ::1 /guoji/vshop/ADMIN2/index.php/Role/module/groupId/2/appId/1
INFO: [ app_init ] --START--
INFO: Run Behavior\BuildLiteBehavior [ RunTime:0.000036s ]
INFO: [ app_init ] --END-- [ RunTime:0.000120s ]

[ 2015-12-03T22:38:24+08:00 ] ::1 /guoji/vshop/ADMIN2/index.php/Role/app/groupId/2
INFO: [ app_init ] --START--
INFO: Run Behavior\BuildLiteBehavior [ RunTime:0.000018s ]
INFO: [ app_init ] --END-- [ RunTime:0.000103s ]

[ 2015-12-03T22:38:26+08:00 ] ::1 /guoji/vshop/ADMIN2/index.php/Role/app/groupId/2?groupId=1
INFO: [ app_init ] --START--
INFO: Run Behavior\BuildLiteBehavior [ RunTime:0.000017s ]
INFO: [ app_init ] --END-- [ RunTime:0.000099s ]

[ 2015-12-03T22:38:28+08:00 ] ::1 /guoji/vshop/ADMIN2/index.php/Role/app/groupId/2?groupId=2
INFO: [ app_init ] --START--
INFO: Run Behavior\BuildLiteBehavior [ RunTime:0.000017s ]
INFO: [ app_init ] --END-- [ RunTime:0.000103s ]

[ 2015-12-03T22:38:30+08:00 ] ::1 /guoji/vshop/ADMIN2/index.php/Role/module/groupId/2
INFO: [ app_init ] --START--
INFO: Run Behavior\BuildLiteBehavior [ RunTime:0.000018s ]
INFO: [ app_init ] --END-- [ RunTime:0.000101s ]

[ 2015-12-03T22:38:32+08:00 ] ::1 /guoji/vshop/ADMIN2/index.php/Role/module/groupId/2/appId/1
INFO: [ app_init ] --START--
INFO: Run Behavior\BuildLiteBehavior [ RunTime:0.000018s ]
INFO: [ app_init ] --END-- [ RunTime:0.000099s ]

[ 2015-12-03T22:38:48+08:00 ] ::1 /guoji/vshop/ADMIN2/index.php/Role/action/groupId/2/appId/1
INFO: [ app_init ] --START--
INFO: Run Behavior\BuildLiteBehavior [ RunTime:0.000017s ]
INFO: [ app_init ] --END-- [ RunTime:0.000099s ]

[ 2015-12-03T22:38:50+08:00 ] ::1 /guoji/vshop/ADMIN2/index.php/Role/action/groupId/2/appId/1/moduleId/40
INFO: [ app_init ] --START--
INFO: Run Behavior\BuildLiteBehavior [ RunTime:0.000018s ]
INFO: [ app_init ] --END-- [ RunTime:0.000108s ]

[ 2015-12-03T22:38:52+08:00 ] ::1 /guoji/vshop/ADMIN2/index.php/Role/action/groupId/2/appId/1/moduleId/30
INFO: [ app_init ] --START--
INFO: Run Behavior\BuildLiteBehavior [ RunTime:0.000017s ]
INFO: [ app_init ] --END-- [ RunTime:0.000103s ]

[ 2015-12-03T22:38:54+08:00 ] ::1 /guoji/vshop/ADMIN2/index.php/Role/action/groupId/2/appId/1/moduleId/91
INFO: [ app_init ] --START--
INFO: Run Behavior\BuildLiteBehavior [ RunTime:0.000017s ]
INFO: [ app_init ] --END-- [ RunTime:0.000102s ]

[ 2015-12-03T22:38:56+08:00 ] ::1 /guoji/vshop/ADMIN2/index.php/Role/action/groupId/2/appId/1/moduleId/100
INFO: [ app_init ] --START--
INFO: Run Behavior\BuildLiteBehavior [ RunTime:0.000018s ]
INFO: [ app_init ] --END-- [ RunTime:0.000100s ]

[ 2015-12-03T22:38:57+08:00 ] ::1 /guoji/vshop/ADMIN2/index.php/Role/action/groupId/2/appId/1/moduleId/30
INFO: [ app_init ] --START--
INFO: Run Behavior\BuildLiteBehavior [ RunTime:0.000018s ]
INFO: [ app_init ] --END-- [ RunTime:0.000104s ]

[ 2015-12-03T22:41:44+08:00 ] ::1 /guoji/vshop/ADMIN2/index.php?c=Product
INFO: [ app_init ] --START--
INFO: Run Behavior\BuildLiteBehavior [ RunTime:0.000019s ]
INFO: [ app_init ] --END-- [ RunTime:0.000102s ]

[ 2015-12-03T22:41:46+08:00 ] ::1 /guoji/vshop/ADMIN2/index.php?c=Product
INFO: [ app_init ] --START--
INFO: Run Behavior\BuildLiteBehavior [ RunTime:0.000020s ]
INFO: [ app_init ] --END-- [ RunTime:0.000109s ]

[ 2015-12-03T22:41:47+08:00 ] ::1 /guoji/vshop/ADMIN2/index.php?c=ProductCategory
INFO: [ app_init ] --START--
INFO: Run Behavior\BuildLiteBehavior [ RunTime:0.000019s ]
INFO: [ app_init ] --END-- [ RunTime:0.000105s ]

[ 2015-12-03T22:41:49+08:00 ] ::1 /guoji/vshop/ADMIN2/index.php?c=Attribute
INFO: [ app_init ] --START--
INFO: Run Behavior\BuildLiteBehavior [ RunTime:0.000018s ]
INFO: [ app_init ] --END-- [ RunTime:0.000101s ]

[ 2015-12-03T22:41:49+08:00 ] ::1 /guoji/vshop/ADMIN2/index.php?c=ProductType
INFO: [ app_init ] --START--
INFO: Run Behavior\BuildLiteBehavior [ RunTime:0.000018s ]
INFO: [ app_init ] --END-- [ RunTime:0.000100s ]

[ 2015-12-03T22:41:51+08:00 ] ::1 /guoji/vshop/ADMIN2/index.php?c=Feedback
INFO: [ app_init ] --START--
INFO: Run Behavior\BuildLiteBehavior [ RunTime:0.000020s ]
INFO: [ app_init ] --END-- [ RunTime:0.000106s ]

[ 2015-12-03T22:41:52+08:00 ] ::1 /guoji/vshop/ADMIN2/index.php?c=Red_envelope
INFO: [ app_init ] --START--
INFO: Run Behavior\BuildLiteBehavior [ RunTime:0.000019s ]
INFO: [ app_init ] --END-- [ RunTime:0.000104s ]

[ 2015-12-03T22:41:55+08:00 ] ::1 /guoji/vshop/ADMIN2/index.php?c=Feedback
INFO: [ app_init ] --START--
INFO: Run Behavior\BuildLiteBehavior [ RunTime:0.000018s ]
INFO: [ app_init ] --END-- [ RunTime:0.000100s ]

[ 2015-12-03T22:42:03+08:00 ] ::1 /guoji/vshop/ADMIN2/index.php?c=Red_envelope
INFO: [ app_init ] --START--
INFO: Run Behavior\BuildLiteBehavior [ RunTime:0.000028s ]
INFO: [ app_init ] --END-- [ RunTime:0.000114s ]

[ 2015-12-03T22:42:10+08:00 ] ::1 /guoji/vshop/ADMIN2/index.php?c=User
INFO: [ app_init ] --START--
INFO: Run Behavior\BuildLiteBehavior [ RunTime:0.000019s ]
INFO: [ app_init ] --END-- [ RunTime:0.000105s ]

[ 2015-12-03T22:42:12+08:00 ] ::1 /guoji/vshop/ADMIN2/index.php?c=Node
INFO: [ app_init ] --START--
INFO: Run Behavior\BuildLiteBehavior [ RunTime:0.000019s ]
INFO: [ app_init ] --END-- [ RunTime:0.000100s ]

[ 2015-12-03T22:42:13+08:00 ] ::1 /guoji/vshop/ADMIN2/index.php/Node/index/pid/1
INFO: [ app_init ] --START--
INFO: Run Behavior\BuildLiteBehavior [ RunTime:0.000018s ]
INFO: [ app_init ] --END-- [ RunTime:0.000102s ]

[ 2015-12-03T22:42:18+08:00 ] ::1 /guoji/vshop/ADMIN2/index.php/Node/edit/id/168
INFO: [ app_init ] --START--
INFO: Run Behavior\BuildLiteBehavior [ RunTime:0.000018s ]
INFO: [ app_init ] --END-- [ RunTime:0.000097s ]

[ 2015-12-03T22:42:24+08:00 ] ::1 /guoji/vshop/ADMIN2/index.php/Node/edit?1449153738
INFO: [ app_init ] --START--
INFO: Run Behavior\BuildLiteBehavior [ RunTime:0.000022s ]
INFO: [ app_init ] --END-- [ RunTime:0.000110s ]

[ 2015-12-03T22:42:25+08:00 ] ::1 /guoji/vshop/ADMIN2/index.php/Node/edit/id/168
INFO: [ app_init ] --START--
INFO: Run Behavior\BuildLiteBehavior [ RunTime:0.000020s ]
INFO: [ app_init ] --END-- [ RunTime:0.000109s ]

[ 2015-12-03T22:42:27+08:00 ] ::1 /guoji/vshop/ADMIN2/index.php/Node
INFO: [ app_init ] --START--
INFO: Run Behavior\BuildLiteBehavior [ RunTime:0.000019s ]
INFO: [ app_init ] --END-- [ RunTime:0.000101s ]

[ 2015-12-03T22:42:29+08:00 ] ::1 /guoji/vshop/ADMIN2/index.php/Node/index/pid/1
INFO: [ app_init ] --START--
INFO: Run Behavior\BuildLiteBehavior [ RunTime:0.000020s ]
INFO: [ app_init ] --END-- [ RunTime:0.000102s ]

[ 2015-12-03T22:42:32+08:00 ] ::1 /guoji/vshop/ADMIN2/index.php/Node/index/pid/1?&p=2
INFO: [ app_init ] --START--
INFO: Run Behavior\BuildLiteBehavior [ RunTime:0.000018s ]
INFO: [ app_init ] --END-- [ RunTime:0.000097s ]

[ 2015-12-03T22:42:38+08:00 ] ::1 /guoji/vshop/ADMIN2/index.php/Node/edit/id/114
INFO: [ app_init ] --START--
INFO: Run Behavior\BuildLiteBehavior [ RunTime:0.000020s ]
INFO: [ app_init ] --END-- [ RunTime:0.000103s ]

[ 2015-12-03T22:42:53+08:00 ] ::1 /guoji/vshop/ADMIN2/index.php/Node/edit?1449153758
INFO: [ app_init ] --START--
INFO: Run Behavior\BuildLiteBehavior [ RunTime:0.000019s ]
INFO: [ app_init ] --END-- [ RunTime:0.000103s ]

[ 2015-12-03T22:42:55+08:00 ] ::1 /guoji/vshop/ADMIN2/index.php/Node/edit/id/114
INFO: [ app_init ] --START--
INFO: Run Behavior\BuildLiteBehavior [ RunTime:0.000019s ]
INFO: [ app_init ] --END-- [ RunTime:0.000102s ]

[ 2015-12-03T22:42:55+08:00 ] ::1 /guoji/vshop/ADMIN2/index.php/Node/edit/id/114
INFO: [ app_init ] --START--
INFO: Run Behavior\BuildLiteBehavior [ RunTime:0.000018s ]
INFO: [ app_init ] --END-- [ RunTime:0.000101s ]

[ 2015-12-03T22:42:57+08:00 ] ::1 /guoji/vshop/ADMIN2/index.php/Node
INFO: [ app_init ] --START--
INFO: Run Behavior\BuildLiteBehavior [ RunTime:0.000017s ]
INFO: [ app_init ] --END-- [ RunTime:0.000099s ]

[ 2015-12-03T22:42:58+08:00 ] ::1 /guoji/vshop/ADMIN2/index.php/Node/index/pid/1
INFO: [ app_init ] --START--
INFO: Run Behavior\BuildLiteBehavior [ RunTime:0.000019s ]
INFO: [ app_init ] --END-- [ RunTime:0.000103s ]

[ 2015-12-03T22:43:01+08:00 ] ::1 /guoji/vshop/ADMIN2/index.php/Node/index/pid/1?&p=2
INFO: [ app_init ] --START--
INFO: Run Behavior\BuildLiteBehavior [ RunTime:0.000017s ]
INFO: [ app_init ] --END-- [ RunTime:0.000097s ]

[ 2015-12-03T22:43:06+08:00 ] ::1 /guoji/vshop/ADMIN2/index.php/Node/edit/id/152
INFO: [ app_init ] --START--
INFO: Run Behavior\BuildLiteBehavior [ RunTime:0.000017s ]
INFO: [ app_init ] --END-- [ RunTime:0.000097s ]

[ 2015-12-03T22:43:12+08:00 ] ::1 /guoji/vshop/ADMIN2/index.php/Node/edit?1449153786
INFO: [ app_init ] --START--
INFO: Run Behavior\BuildLiteBehavior [ RunTime:0.000017s ]
INFO: [ app_init ] --END-- [ RunTime:0.000098s ]

[ 2015-12-03T22:43:13+08:00 ] ::1 /guoji/vshop/ADMIN2/index.php/Node/edit/id/152
INFO: [ app_init ] --START--
INFO: Run Behavior\BuildLiteBehavior [ RunTime:0.000019s ]
INFO: [ app_init ] --END-- [ RunTime:0.000104s ]

[ 2015-12-03T22:43:15+08:00 ] ::1 /guoji/vshop/ADMIN2/index.php/Node
INFO: [ app_init ] --START--
INFO: Run Behavior\BuildLiteBehavior [ RunTime:0.000018s ]
INFO: [ app_init ] --END-- [ RunTime:0.000106s ]

[ 2015-12-03T22:43:16+08:00 ] ::1 /guoji/vshop/ADMIN2/index.php/Node/index/pid/1
INFO: [ app_init ] --START--
INFO: Run Behavior\BuildLiteBehavior [ RunTime:0.000029s ]
INFO: [ app_init ] --END-- [ RunTime:0.000136s ]

[ 2015-12-03T22:43:19+08:00 ] ::1 /guoji/vshop/ADMIN2/index.php/Node/index/pid/1?&p=2
INFO: [ app_init ] --START--
INFO: Run Behavior\BuildLiteBehavior [ RunTime:0.000018s ]
INFO: [ app_init ] --END-- [ RunTime:0.000101s ]

[ 2015-12-03T22:43:24+08:00 ] ::1 /guoji/vshop/ADMIN2/index.php/Node/index/pid/1?&p=3
INFO: [ app_init ] --START--
INFO: Run Behavior\BuildLiteBehavior [ RunTime:0.000016s ]
INFO: [ app_init ] --END-- [ RunTime:0.000096s ]

[ 2015-12-03T22:43:35+08:00 ] ::1 /guoji/vshop/ADMIN2/index.php?c=Flag_module
INFO: [ app_init ] --START--
INFO: Run Behavior\BuildLiteBehavior [ RunTime:0.000017s ]
INFO: [ app_init ] --END-- [ RunTime:0.000100s ]

