[ 2015-11-27T18:31:58+08:00 ] ::1 /guoji/vshop/admin2/index.php/Product/search_spec/pid/2
INFO: [ app_init ] --START--
INFO: Run Behavior\BuildLiteBehavior [ RunTime:0.000017s ]
INFO: [ app_init ] --END-- [ RunTime:0.000095s ]

[ 2015-11-27T18:31:58+08:00 ] ::1 /guoji/vshop/admin2/index.php?c=Public&a=login
INFO: [ app_init ] --START--
INFO: Run Behavior\BuildLiteBehavior [ RunTime:0.000018s ]
INFO: [ app_init ] --END-- [ RunTime:0.000101s ]

[ 2015-11-27T18:31:58+08:00 ] ::1 /guoji/vshop/admin2/index.php?c=Public&a=verify
INFO: [ app_init ] --START--
INFO: Run Behavior\BuildLiteBehavior [ RunTime:0.000020s ]
INFO: [ app_init ] --END-- [ RunTime:0.000104s ]

[ 2015-11-27T18:32:00+08:00 ] ::1 /guoji/vshop/admin2/index.php/Public/checkLogin
INFO: [ app_init ] --START--
INFO: Run Behavior\BuildLiteBehavior [ RunTime:0.000019s ]
INFO: [ app_init ] --END-- [ RunTime:0.000101s ]

[ 2015-11-27T18:32:01+08:00 ] ::1 /guoji/vshop/admin2/index.php
INFO: [ app_init ] --START--
INFO: Run Behavior\BuildLiteBehavior [ RunTime:0.000018s ]
INFO: [ app_init ] --END-- [ RunTime:0.000100s ]

[ 2015-11-27T18:32:04+08:00 ] ::1 /guoji/vshop/admin2/index.php?c=Member
INFO: [ app_init ] --START--
INFO: Run Behavior\BuildLiteBehavior [ RunTime:0.000018s ]
INFO: [ app_init ] --END-- [ RunTime:0.000102s ]

[ 2015-11-27T18:32:09+08:00 ] ::1 /guoji/vshop/admin2/index.php/Member/edit/id/10108
INFO: [ app_init ] --START--
INFO: Run Behavior\BuildLiteBehavior [ RunTime:0.000017s ]
INFO: [ app_init ] --END-- [ RunTime:0.000097s ]

[ 2015-11-27T22:08:00+08:00 ] ::1 /guoji/vshop/admin2/index.php?c=Product
INFO: [ app_init ] --START--
INFO: Run Behavior\BuildLiteBehavior [ RunTime:0.000017s ]
INFO: [ app_init ] --END-- [ RunTime:0.000100s ]

[ 2015-11-27T22:08:05+08:00 ] ::1 /guoji/vshop/admin2/index.php/Product/edit/id/12
INFO: [ app_init ] --START--
INFO: Run Behavior\BuildLiteBehavior [ RunTime:0.000017s ]
INFO: [ app_init ] --END-- [ RunTime:0.000096s ]

[ 2015-11-27T22:08:06+08:00 ] ::1 /guoji/vshop/admin2/index.php/Product/get_attr_val
INFO: [ app_init ] --START--
INFO: Run Behavior\BuildLiteBehavior [ RunTime:0.000019s ]
INFO: [ app_init ] --END-- [ RunTime:0.000097s ]

[ 2015-11-27T22:08:27+08:00 ] ::1 /guoji/vshop/admin2/index.php/Product/edit/id/12
INFO: [ app_init ] --START--
INFO: Run Behavior\BuildLiteBehavior [ RunTime:0.000023s ]
INFO: [ app_init ] --END-- [ RunTime:0.000114s ]

[ 2015-11-27T22:08:28+08:00 ] ::1 /guoji/vshop/admin2/index.php/Product/get_attr_val
INFO: [ app_init ] --START--
INFO: Run Behavior\BuildLiteBehavior [ RunTime:0.000018s ]
INFO: [ app_init ] --END-- [ RunTime:0.000108s ]

[ 2015-11-27T22:12:30+08:00 ] ::1 /guoji/vshop/admin2/index.php?c=Product
INFO: [ app_init ] --START--
INFO: Run Behavior\BuildLiteBehavior [ RunTime:0.000018s ]
INFO: [ app_init ] --END-- [ RunTime:0.000099s ]

[ 2015-11-27T22:16:08+08:00 ] ::1 /guoji/vshop/admin2/index.php/Member/edit/id/10108
INFO: [ app_init ] --START--
INFO: Run Behavior\BuildLiteBehavior [ RunTime:0.000018s ]
INFO: [ app_init ] --END-- [ RunTime:0.000094s ]

[ 2015-11-27T22:22:04+08:00 ] ::1 /guoji/vshop/admin2/index.php?c=Product_category
INFO: [ app_init ] --START--
INFO: Run Behavior\BuildLiteBehavior [ RunTime:0.000018s ]
INFO: [ app_init ] --END-- [ RunTime:0.000099s ]

[ 2015-11-27T22:22:04+08:00 ] ::1 /guoji/vshop/admin2/index.php?c=Attribute
INFO: [ app_init ] --START--
INFO: Run Behavior\BuildLiteBehavior [ RunTime:0.000019s ]
INFO: [ app_init ] --END-- [ RunTime:0.000098s ]

[ 2015-11-27T22:22:07+08:00 ] ::1 /guoji/vshop/admin2/index.php?c=Product
INFO: [ app_init ] --START--
INFO: Run Behavior\BuildLiteBehavior [ RunTime:0.000018s ]
INFO: [ app_init ] --END-- [ RunTime:0.000101s ]

[ 2015-11-27T22:22:09+08:00 ] ::1 /guoji/vshop/admin2/index.php/Product/album/sourceid/12
INFO: [ app_init ] --START--
INFO: Run Behavior\BuildLiteBehavior [ RunTime:0.000026s ]
INFO: [ app_init ] --END-- [ RunTime:0.000135s ]

[ 2015-11-27T22:22:12+08:00 ] ::1 /guoji/vshop/admin2/index.php?c=Product
INFO: [ app_init ] --START--
INFO: Run Behavior\BuildLiteBehavior [ RunTime:0.000019s ]
INFO: [ app_init ] --END-- [ RunTime:0.000106s ]

[ 2015-11-27T22:22:23+08:00 ] ::1 /guoji/vshop/admin2/index.php/Product/get_attr_val
INFO: [ app_init ] --START--
INFO: Run Behavior\BuildLiteBehavior [ RunTime:0.000019s ]
INFO: [ app_init ] --END-- [ RunTime:0.000100s ]

[ 2015-11-27T22:29:33+08:00 ] ::1 /guoji/vshop/admin2/index.php/Member/head/id/10108
INFO: [ app_init ] --START--
INFO: Run Behavior\BuildLiteBehavior [ RunTime:0.000017s ]
INFO: [ app_init ] --END-- [ RunTime:0.000096s ]

[ 2015-11-27T22:30:24+08:00 ] ::1 /guoji/vshop/admin2/index.php/Member/head/id/10108
INFO: [ app_init ] --START--
INFO: Run Behavior\BuildLiteBehavior [ RunTime:0.000020s ]
INFO: [ app_init ] --END-- [ RunTime:0.000104s ]

[ 2015-11-27T22:41:21+08:00 ] ::1 /guoji/vshop/admin2/index.php/Member/head/id/10108
INFO: [ app_init ] --START--
INFO: Run Behavior\BuildLiteBehavior [ RunTime:0.000018s ]
INFO: [ app_init ] --END-- [ RunTime:0.000100s ]

[ 2015-11-27T22:44:51+08:00 ] ::1 /guoji/vshop/admin2/index.php/Member/head/id/10108
INFO: [ app_init ] --START--
INFO: Run Behavior\BuildLiteBehavior [ RunTime:0.000018s ]
INFO: [ app_init ] --END-- [ RunTime:0.000096s ]

[ 2015-11-27T22:48:11+08:00 ] ::1 /guoji/vshop/admin2/index.php/Member/head/id/10108
INFO: [ app_init ] --START--
INFO: Run Behavior\BuildLiteBehavior [ RunTime:0.000021s ]
INFO: [ app_init ] --END-- [ RunTime:0.000119s ]

[ 2015-11-27T22:48:14+08:00 ] ::1 /guoji/vshop/admin2/index.php/Member/head/id/10108
INFO: [ app_init ] --START--
INFO: Run Behavior\BuildLiteBehavior [ RunTime:0.000018s ]
INFO: [ app_init ] --END-- [ RunTime:0.000098s ]

[ 2015-11-27T22:48:39+08:00 ] ::1 /guoji/vshop/admin2/index.php/Member/head/id/10108
INFO: [ app_init ] --START--
INFO: Run Behavior\BuildLiteBehavior [ RunTime:0.000018s ]
INFO: [ app_init ] --END-- [ RunTime:0.000097s ]

[ 2015-11-27T22:50:04+08:00 ] ::1 /guoji/vshop/admin2/index.php/Member/head/id/10108
INFO: [ app_init ] --START--
INFO: Run Behavior\BuildLiteBehavior [ RunTime:0.000019s ]
INFO: [ app_init ] --END-- [ RunTime:0.000099s ]

[ 2015-11-27T22:50:05+08:00 ] ::1 /guoji/vshop/admin2/index.php/Member/head/id/10108
INFO: [ app_init ] --START--
INFO: Run Behavior\BuildLiteBehavior [ RunTime:0.000019s ]
INFO: [ app_init ] --END-- [ RunTime:0.000097s ]

[ 2015-11-27T22:51:21+08:00 ] ::1 /guoji/vshop/admin2/index.php/Member/head/id/10108
INFO: [ app_init ] --START--
INFO: Run Behavior\BuildLiteBehavior [ RunTime:0.000019s ]
INFO: [ app_init ] --END-- [ RunTime:0.000101s ]

[ 2015-11-27T22:51:21+08:00 ] ::1 /guoji/vshop/admin2/index.php/Member/head/id/10108
INFO: [ app_init ] --START--
INFO: Run Behavior\BuildLiteBehavior [ RunTime:0.000017s ]
INFO: [ app_init ] --END-- [ RunTime:0.000093s ]

[ 2015-11-27T22:51:22+08:00 ] ::1 /guoji/vshop/admin2/index.php/Member/head/id/10108
INFO: [ app_init ] --START--
INFO: Run Behavior\BuildLiteBehavior [ RunTime:0.000022s ]
INFO: [ app_init ] --END-- [ RunTime:0.000110s ]

[ 2015-11-27T22:51:22+08:00 ] ::1 /guoji/vshop/admin2/index.php/Member/head/id/10108
INFO: [ app_init ] --START--
INFO: Run Behavior\BuildLiteBehavior [ RunTime:0.000017s ]
INFO: [ app_init ] --END-- [ RunTime:0.000090s ]

[ 2015-11-27T22:51:39+08:00 ] ::1 /guoji/vshop/admin2/index.php/Member/head/id/10108
INFO: [ app_init ] --START--
INFO: Run Behavior\BuildLiteBehavior [ RunTime:0.000016s ]
INFO: [ app_init ] --END-- [ RunTime:0.000089s ]

[ 2015-11-27T22:54:38+08:00 ] ::1 /guoji/vshop/admin2/index.php/Member/head/id/10108
INFO: [ app_init ] --START--
INFO: Run Behavior\BuildLiteBehavior [ RunTime:0.000018s ]
INFO: [ app_init ] --END-- [ RunTime:0.000098s ]

[ 2015-11-27T22:55:52+08:00 ] ::1 /guoji/vshop/admin2/index.php/Member/head/id/10108
INFO: [ app_init ] --START--
INFO: Run Behavior\BuildLiteBehavior [ RunTime:0.000018s ]
INFO: [ app_init ] --END-- [ RunTime:0.000093s ]

[ 2015-11-27T22:56:23+08:00 ] ::1 /guoji/vshop/admin2/index.php/Member/head/id/10108
INFO: [ app_init ] --START--
INFO: Run Behavior\BuildLiteBehavior [ RunTime:0.000019s ]
INFO: [ app_init ] --END-- [ RunTime:0.000104s ]

[ 2015-11-27T22:58:41+08:00 ] ::1 /guoji/vshop/admin2/index.php/Member/head/id/10108
INFO: [ app_init ] --START--
INFO: Run Behavior\BuildLiteBehavior [ RunTime:0.000017s ]
INFO: [ app_init ] --END-- [ RunTime:0.000092s ]

[ 2015-11-27T23:02:02+08:00 ] ::1 /guoji/vshop/admin2/index.php/Member/head/id/10108
INFO: [ app_init ] --START--
INFO: Run Behavior\BuildLiteBehavior [ RunTime:0.000018s ]
INFO: [ app_init ] --END-- [ RunTime:0.000099s ]

[ 2015-11-27T23:02:04+08:00 ] ::1 /guoji/vshop/admin2/index.php/Member/head/id/upload.php
INFO: [ app_init ] --START--
INFO: Run Behavior\BuildLiteBehavior [ RunTime:0.000018s ]
INFO: [ app_init ] --END-- [ RunTime:0.000095s ]

[ 2015-11-27T23:03:17+08:00 ] ::1 /guoji/vshop/admin2/index.php/Member/head/id/10108
INFO: [ app_init ] --START--
INFO: Run Behavior\BuildLiteBehavior [ RunTime:0.000019s ]
INFO: [ app_init ] --END-- [ RunTime:0.000099s ]

[ 2015-11-27T23:04:16+08:00 ] ::1 /guoji/vshop/admin2/index.php/Member/head/id/10108
INFO: [ app_init ] --START--
INFO: Run Behavior\BuildLiteBehavior [ RunTime:0.000017s ]
INFO: [ app_init ] --END-- [ RunTime:0.000095s ]

[ 2015-11-27T23:04:16+08:00 ] ::1 /guoji/vshop/admin2/index.php/Member/head/id/image/2.jpg
INFO: [ app_init ] --START--
INFO: Run Behavior\BuildLiteBehavior [ RunTime:0.000020s ]
INFO: [ app_init ] --END-- [ RunTime:0.000124s ]

[ 2015-11-27T23:04:20+08:00 ] ::1 /guoji/vshop/admin2/index.php/Member/head/id/image/1.jpg
INFO: [ app_init ] --START--
INFO: Run Behavior\BuildLiteBehavior [ RunTime:0.000017s ]
INFO: [ app_init ] --END-- [ RunTime:0.000094s ]

[ 2015-11-27T23:04:49+08:00 ] ::1 /guoji/vshop/admin2/index.php/Member/head/id/10108
INFO: [ app_init ] --START--
INFO: Run Behavior\BuildLiteBehavior [ RunTime:0.000017s ]
INFO: [ app_init ] --END-- [ RunTime:0.000097s ]

[ 2015-11-27T23:04:49+08:00 ] ::1 /guoji/vshop/admin2/index.php/Member/head/id/image/2.jpg
INFO: [ app_init ] --START--
INFO: Run Behavior\BuildLiteBehavior [ RunTime:0.000018s ]
INFO: [ app_init ] --END-- [ RunTime:0.000093s ]

[ 2015-11-27T23:04:49+08:00 ] ::1 /guoji/vshop/admin2/index.php/Member/head/id/image/2.jpg
INFO: [ app_init ] --START--
INFO: Run Behavior\BuildLiteBehavior [ RunTime:0.000018s ]
INFO: [ app_init ] --END-- [ RunTime:0.000094s ]

[ 2015-11-27T23:05:12+08:00 ] ::1 /guoji/vshop/admin2/index.php/Member/head/id/10108
INFO: [ app_init ] --START--
INFO: Run Behavior\BuildLiteBehavior [ RunTime:0.000019s ]
INFO: [ app_init ] --END-- [ RunTime:0.000098s ]

[ 2015-11-27T23:05:12+08:00 ] ::1 /guoji/vshop/admin2/index.php/Member/head/id/image/2.jpg
INFO: [ app_init ] --START--
INFO: Run Behavior\BuildLiteBehavior [ RunTime:0.000019s ]
INFO: [ app_init ] --END-- [ RunTime:0.000097s ]

[ 2015-11-27T23:05:35+08:00 ] ::1 /guoji/vshop/admin2/index.php/Member/head/id/10108
INFO: [ app_init ] --START--
INFO: Run Behavior\BuildLiteBehavior [ RunTime:0.000018s ]
INFO: [ app_init ] --END-- [ RunTime:0.000101s ]

[ 2015-11-27T23:07:00+08:00 ] ::1 /guoji/vshop/admin2/index.php/Member/head/id/10108
INFO: [ app_init ] --START--
INFO: Run Behavior\BuildLiteBehavior [ RunTime:0.000020s ]
INFO: [ app_init ] --END-- [ RunTime:0.000109s ]

[ 2015-11-27T23:10:06+08:00 ] ::1 /guoji/vshop/admin2/index.php/Member/head/id/10108
INFO: [ app_init ] --START--
INFO: Run Behavior\BuildLiteBehavior [ RunTime:0.000019s ]
INFO: [ app_init ] --END-- [ RunTime:0.000101s ]

[ 2015-11-27T23:11:20+08:00 ] ::1 /guoji/vshop/admin2/index.php/Member/head/id/10108
INFO: [ app_init ] --START--
INFO: Run Behavior\BuildLiteBehavior [ RunTime:0.000019s ]
INFO: [ app_init ] --END-- [ RunTime:0.000112s ]

[ 2015-11-27T23:11:34+08:00 ] ::1 /guoji/vshop/admin2/index.php/Member/head/id/10108
INFO: [ app_init ] --START--
INFO: Run Behavior\BuildLiteBehavior [ RunTime:0.000017s ]
INFO: [ app_init ] --END-- [ RunTime:0.000094s ]

[ 2015-11-27T23:13:54+08:00 ] ::1 /guoji/vshop/admin2/index.php/Member/head/id/10108
INFO: [ app_init ] --START--
INFO: Run Behavior\BuildLiteBehavior [ RunTime:0.000017s ]
INFO: [ app_init ] --END-- [ RunTime:0.000093s ]

[ 2015-11-27T23:13:55+08:00 ] ::1 /guoji/vshop/admin2/index.php/Member/head/id/10108
INFO: [ app_init ] --START--
INFO: Run Behavior\BuildLiteBehavior [ RunTime:0.000021s ]
INFO: [ app_init ] --END-- [ RunTime:0.000105s ]

[ 2015-11-27T23:14:08+08:00 ] ::1 /guoji/vshop/admin2/index.php/Member/head/id/10108
INFO: [ app_init ] --START--
INFO: Run Behavior\BuildLiteBehavior [ RunTime:0.000020s ]
INFO: [ app_init ] --END-- [ RunTime:0.000106s ]

[ 2015-11-27T23:14:23+08:00 ] ::1 /guoji/vshop/admin2/index.php/Member/head/id/10108
INFO: [ app_init ] --START--
INFO: Run Behavior\BuildLiteBehavior [ RunTime:0.000019s ]
INFO: [ app_init ] --END-- [ RunTime:0.000099s ]

[ 2015-11-27T23:14:34+08:00 ] ::1 /guoji/vshop/admin2/index.php/Member/head/id/10108
INFO: [ app_init ] --START--
INFO: Run Behavior\BuildLiteBehavior [ RunTime:0.000018s ]
INFO: [ app_init ] --END-- [ RunTime:0.000095s ]

[ 2015-11-27T23:14:35+08:00 ] ::1 /guoji/vshop/admin2/index.php/Member/head/id/10108
INFO: [ app_init ] --START--
INFO: Run Behavior\BuildLiteBehavior [ RunTime:0.000018s ]
INFO: [ app_init ] --END-- [ RunTime:0.000096s ]

[ 2015-11-27T23:14:36+08:00 ] ::1 /guoji/vshop/admin2/index.php/Member/head/id/10108
INFO: [ app_init ] --START--
INFO: Run Behavior\BuildLiteBehavior [ RunTime:0.000017s ]
INFO: [ app_init ] --END-- [ RunTime:0.000091s ]

[ 2015-11-27T23:14:36+08:00 ] ::1 /guoji/vshop/admin2/index.php/Member/head/id/10108
INFO: [ app_init ] --START--
INFO: Run Behavior\BuildLiteBehavior [ RunTime:0.000017s ]
INFO: [ app_init ] --END-- [ RunTime:0.000092s ]

[ 2015-11-27T23:14:37+08:00 ] ::1 /guoji/vshop/admin2/index.php/Member/head/id/10108
INFO: [ app_init ] --START--
INFO: Run Behavior\BuildLiteBehavior [ RunTime:0.000019s ]
INFO: [ app_init ] --END-- [ RunTime:0.000096s ]

[ 2015-11-27T23:15:06+08:00 ] ::1 /guoji/vshop/admin2/index.php/Member/head/id/10108
INFO: [ app_init ] --START--
INFO: Run Behavior\BuildLiteBehavior [ RunTime:0.000020s ]
INFO: [ app_init ] --END-- [ RunTime:0.000103s ]

[ 2015-11-27T23:15:22+08:00 ] ::1 /guoji/vshop/admin2/index.php/Member/head/id/10108
INFO: [ app_init ] --START--
INFO: Run Behavior\BuildLiteBehavior [ RunTime:0.000015s ]
INFO: [ app_init ] --END-- [ RunTime:0.000088s ]

[ 2015-11-27T23:15:45+08:00 ] ::1 /guoji/vshop/admin2/index.php/Member/head/id/10108
INFO: [ app_init ] --START--
INFO: Run Behavior\BuildLiteBehavior [ RunTime:0.000019s ]
INFO: [ app_init ] --END-- [ RunTime:0.000102s ]

[ 2015-11-27T23:16:19+08:00 ] ::1 /guoji/vshop/admin2/index.php/Member/head/id/10108
INFO: [ app_init ] --START--
INFO: Run Behavior\BuildLiteBehavior [ RunTime:0.000020s ]
INFO: [ app_init ] --END-- [ RunTime:0.000102s ]

[ 2015-11-27T23:16:56+08:00 ] ::1 /guoji/vshop/admin2/index.php/Member/head/id/10108
INFO: [ app_init ] --START--
INFO: Run Behavior\BuildLiteBehavior [ RunTime:0.000021s ]
INFO: [ app_init ] --END-- [ RunTime:0.000130s ]

[ 2015-11-27T23:17:01+08:00 ] ::1 /guoji/vshop/admin2/index.php/Member/head/id/10108
INFO: [ app_init ] --START--
INFO: Run Behavior\BuildLiteBehavior [ RunTime:0.000018s ]
INFO: [ app_init ] --END-- [ RunTime:0.000093s ]

[ 2015-11-27T23:18:06+08:00 ] ::1 /guoji/vshop/admin2/index.php/Member/head/id/10108
INFO: [ app_init ] --START--
INFO: Run Behavior\BuildLiteBehavior [ RunTime:0.000020s ]
INFO: [ app_init ] --END-- [ RunTime:0.000139s ]

[ 2015-11-27T23:18:06+08:00 ] ::1 /guoji/vshop/admin2/index.php/Member/head/images/Jcrop/set_save_btn.png
INFO: [ app_init ] --START--
INFO: Run Behavior\BuildLiteBehavior [ RunTime:0.000019s ]
INFO: [ app_init ] --END-- [ RunTime:0.000101s ]

[ 2015-11-27T23:18:07+08:00 ] ::1 /guoji/vshop/admin2/index.php/Member/head/id/10108
INFO: [ app_init ] --START--
INFO: Run Behavior\BuildLiteBehavior [ RunTime:0.000018s ]
INFO: [ app_init ] --END-- [ RunTime:0.000097s ]

[ 2015-11-27T23:18:07+08:00 ] ::1 /guoji/vshop/admin2/index.php/Member/head/images/Jcrop/set_save_btn.png
INFO: [ app_init ] --START--
INFO: Run Behavior\BuildLiteBehavior [ RunTime:0.000017s ]
INFO: [ app_init ] --END-- [ RunTime:0.000093s ]

[ 2015-11-27T23:18:07+08:00 ] ::1 /guoji/vshop/admin2/index.php/Member/head/id/10108
INFO: [ app_init ] --START--
INFO: Run Behavior\BuildLiteBehavior [ RunTime:0.000042s ]
INFO: [ app_init ] --END-- [ RunTime:0.000191s ]

[ 2015-11-27T23:18:07+08:00 ] ::1 /guoji/vshop/admin2/index.php/Member/head/images/Jcrop/set_save_btn.png
INFO: [ app_init ] --START--
INFO: Run Behavior\BuildLiteBehavior [ RunTime:0.000018s ]
INFO: [ app_init ] --END-- [ RunTime:0.000094s ]

[ 2015-11-27T23:18:08+08:00 ] ::1 /guoji/vshop/admin2/index.php/Member/head/id/10108
INFO: [ app_init ] --START--
INFO: Run Behavior\BuildLiteBehavior [ RunTime:0.000017s ]
INFO: [ app_init ] --END-- [ RunTime:0.000089s ]

[ 2015-11-27T23:18:08+08:00 ] ::1 /guoji/vshop/admin2/index.php/Member/head/images/Jcrop/set_save_btn.png
INFO: [ app_init ] --START--
INFO: Run Behavior\BuildLiteBehavior [ RunTime:0.000021s ]
INFO: [ app_init ] --END-- [ RunTime:0.000132s ]

[ 2015-11-27T23:19:05+08:00 ] ::1 /guoji/vshop/admin2/index.php/Member/head/id/10108
INFO: [ app_init ] --START--
INFO: Run Behavior\BuildLiteBehavior [ RunTime:0.000017s ]
INFO: [ app_init ] --END-- [ RunTime:0.000091s ]

[ 2015-11-27T23:19:05+08:00 ] ::1 /guoji/vshop/admin2/index.php/Member/head/images/Jcrop/set_save_btn.png
INFO: [ app_init ] --START--
INFO: Run Behavior\BuildLiteBehavior [ RunTime:0.000022s ]
INFO: [ app_init ] --END-- [ RunTime:0.000116s ]

[ 2015-11-27T23:19:27+08:00 ] ::1 /guoji/vshop/admin2/index.php/Member/head/id/10108
INFO: [ app_init ] --START--
INFO: Run Behavior\BuildLiteBehavior [ RunTime:0.000019s ]
INFO: [ app_init ] --END-- [ RunTime:0.000101s ]

[ 2015-11-27T23:19:27+08:00 ] ::1 /guoji/vshop/admin2/index.php/Member/head/images/Jcrop/set_save_btn.png
INFO: [ app_init ] --START--
INFO: Run Behavior\BuildLiteBehavior [ RunTime:0.000025s ]
INFO: [ app_init ] --END-- [ RunTime:0.000129s ]

[ 2015-11-27T23:20:33+08:00 ] ::1 /guoji/vshop/admin2/index.php/Member/head/id/10108
INFO: [ app_init ] --START--
INFO: Run Behavior\BuildLiteBehavior [ RunTime:0.000017s ]
INFO: [ app_init ] --END-- [ RunTime:0.000096s ]

[ 2015-11-27T23:21:07+08:00 ] ::1 /guoji/vshop/admin2/index.php/Member/head/id/10108
INFO: [ app_init ] --START--
INFO: Run Behavior\BuildLiteBehavior [ RunTime:0.000017s ]
INFO: [ app_init ] --END-- [ RunTime:0.000093s ]

[ 2015-11-27T23:21:35+08:00 ] ::1 /guoji/vshop/admin2/index.php/Member/head/id/10108
INFO: [ app_init ] --START--
INFO: Run Behavior\BuildLiteBehavior [ RunTime:0.000021s ]
INFO: [ app_init ] --END-- [ RunTime:0.000106s ]

[ 2015-11-27T23:21:43+08:00 ] ::1 /guoji/vshop/admin2/index.php/Member/head/id/10108
INFO: [ app_init ] --START--
INFO: Run Behavior\BuildLiteBehavior [ RunTime:0.000017s ]
INFO: [ app_init ] --END-- [ RunTime:0.000094s ]

[ 2015-11-27T23:21:52+08:00 ] ::1 /guoji/vshop/admin2/index.php/Member/head/id/10108
INFO: [ app_init ] --START--
INFO: Run Behavior\BuildLiteBehavior [ RunTime:0.000019s ]
INFO: [ app_init ] --END-- [ RunTime:0.000098s ]

[ 2015-11-27T23:23:34+08:00 ] ::1 /guoji/vshop/admin2/index.php/Member/head/id/10108
INFO: [ app_init ] --START--
INFO: Run Behavior\BuildLiteBehavior [ RunTime:0.000021s ]
INFO: [ app_init ] --END-- [ RunTime:0.000108s ]

[ 2015-11-27T23:23:34+08:00 ] ::1 /guoji/vshop/admin2/index.php/Member/head/id/10108
INFO: [ app_init ] --START--
INFO: Run Behavior\BuildLiteBehavior [ RunTime:0.000019s ]
INFO: [ app_init ] --END-- [ RunTime:0.000099s ]

[ 2015-11-27T23:23:35+08:00 ] ::1 /guoji/vshop/admin2/index.php/Member/head/id/10108
INFO: [ app_init ] --START--
INFO: Run Behavior\BuildLiteBehavior [ RunTime:0.000019s ]
INFO: [ app_init ] --END-- [ RunTime:0.000100s ]

[ 2015-11-27T23:23:50+08:00 ] ::1 /guoji/vshop/admin2/index.php/Member/head/id/10108
INFO: [ app_init ] --START--
INFO: Run Behavior\BuildLiteBehavior [ RunTime:0.000019s ]
INFO: [ app_init ] --END-- [ RunTime:0.000100s ]

[ 2015-11-27T23:25:27+08:00 ] ::1 /guoji/vshop/admin2/index.php/Member/head/id/10108
INFO: [ app_init ] --START--
INFO: Run Behavior\BuildLiteBehavior [ RunTime:0.000019s ]
INFO: [ app_init ] --END-- [ RunTime:0.000103s ]

[ 2015-11-27T23:25:28+08:00 ] ::1 /guoji/vshop/admin2/index.php/Member/head/id/10108
INFO: [ app_init ] --START--
INFO: Run Behavior\BuildLiteBehavior [ RunTime:0.000019s ]
INFO: [ app_init ] --END-- [ RunTime:0.000099s ]

[ 2015-11-27T23:25:29+08:00 ] ::1 /guoji/vshop/admin2/index.php/Member/head/id/10108
INFO: [ app_init ] --START--
INFO: Run Behavior\BuildLiteBehavior [ RunTime:0.000017s ]
INFO: [ app_init ] --END-- [ RunTime:0.000092s ]

[ 2015-11-27T23:25:30+08:00 ] ::1 /guoji/vshop/admin2/index.php/Member/head/id/10108
INFO: [ app_init ] --START--
INFO: Run Behavior\BuildLiteBehavior [ RunTime:0.000020s ]
INFO: [ app_init ] --END-- [ RunTime:0.000105s ]

[ 2015-11-27T23:26:02+08:00 ] ::1 /guoji/vshop/admin2/index.php/Member/head/id/10108
INFO: [ app_init ] --START--
INFO: Run Behavior\BuildLiteBehavior [ RunTime:0.000020s ]
INFO: [ app_init ] --END-- [ RunTime:0.000101s ]

[ 2015-11-27T23:26:02+08:00 ] ::1 /guoji/vshop/admin2/index.php/Member/head/id/10108
INFO: [ app_init ] --START--
INFO: Run Behavior\BuildLiteBehavior [ RunTime:0.000037s ]
INFO: [ app_init ] --END-- [ RunTime:0.000150s ]

[ 2015-11-27T23:26:03+08:00 ] ::1 /guoji/vshop/admin2/index.php/Member/head/id/10108
INFO: [ app_init ] --START--
INFO: Run Behavior\BuildLiteBehavior [ RunTime:0.000018s ]
INFO: [ app_init ] --END-- [ RunTime:0.000099s ]

[ 2015-11-27T23:26:03+08:00 ] ::1 /guoji/vshop/admin2/index.php/Member/head/id/10108
INFO: [ app_init ] --START--
INFO: Run Behavior\BuildLiteBehavior [ RunTime:0.000020s ]
INFO: [ app_init ] --END-- [ RunTime:0.000105s ]

[ 2015-11-27T23:26:03+08:00 ] ::1 /guoji/vshop/admin2/index.php/Member/head/id/10108
INFO: [ app_init ] --START--
INFO: Run Behavior\BuildLiteBehavior [ RunTime:0.000026s ]
INFO: [ app_init ] --END-- [ RunTime:0.000132s ]

[ 2015-11-27T23:28:11+08:00 ] ::1 /guoji/vshop/admin2/index.php/Member/head/id/10108
INFO: [ app_init ] --START--
INFO: Run Behavior\BuildLiteBehavior [ RunTime:0.000069s ]
INFO: [ app_init ] --END-- [ RunTime:0.000199s ]

[ 2015-11-27T23:30:09+08:00 ] ::1 /guoji/vshop/admin2/index.php/Member/head/id/10108
INFO: [ app_init ] --START--
INFO: Run Behavior\BuildLiteBehavior [ RunTime:0.000028s ]
INFO: [ app_init ] --END-- [ RunTime:0.000148s ]

[ 2015-11-27T23:30:50+08:00 ] ::1 /guoji/vshop/admin2/index.php/Member/head/id/10108
INFO: [ app_init ] --START--
INFO: Run Behavior\BuildLiteBehavior [ RunTime:0.000018s ]
INFO: [ app_init ] --END-- [ RunTime:0.000097s ]

[ 2015-11-27T23:31:28+08:00 ] ::1 /guoji/vshop/admin2/index.php/Member/head/id/10108
INFO: [ app_init ] --START--
INFO: Run Behavior\BuildLiteBehavior [ RunTime:0.000018s ]
INFO: [ app_init ] --END-- [ RunTime:0.000097s ]

[ 2015-11-27T23:31:29+08:00 ] ::1 /guoji/vshop/admin2/index.php/Member/head/id/10108
INFO: [ app_init ] --START--
INFO: Run Behavior\BuildLiteBehavior [ RunTime:0.000019s ]
INFO: [ app_init ] --END-- [ RunTime:0.000109s ]

[ 2015-11-27T23:32:08+08:00 ] ::1 /guoji/vshop/admin2/index.php/Member/head/id/10108
INFO: [ app_init ] --START--
INFO: Run Behavior\BuildLiteBehavior [ RunTime:0.000019s ]
INFO: [ app_init ] --END-- [ RunTime:0.000110s ]

[ 2015-11-27T23:32:40+08:00 ] ::1 /guoji/vshop/admin2/index.php/Member/head/id/10108
INFO: [ app_init ] --START--
INFO: Run Behavior\BuildLiteBehavior [ RunTime:0.000028s ]
INFO: [ app_init ] --END-- [ RunTime:0.000141s ]

[ 2015-11-27T23:32:41+08:00 ] ::1 /guoji/vshop/admin2/index.php/Member/head/id/10108
INFO: [ app_init ] --START--
INFO: Run Behavior\BuildLiteBehavior [ RunTime:0.000018s ]
INFO: [ app_init ] --END-- [ RunTime:0.000101s ]

[ 2015-11-27T23:32:42+08:00 ] ::1 /guoji/vshop/admin2/index.php/Member/head/id/10108
INFO: [ app_init ] --START--
INFO: Run Behavior\BuildLiteBehavior [ RunTime:0.000018s ]
INFO: [ app_init ] --END-- [ RunTime:0.000103s ]

[ 2015-11-27T23:32:53+08:00 ] ::1 /guoji/vshop/admin2/index.php/Member/head/id/10108
INFO: [ app_init ] --START--
INFO: Run Behavior\BuildLiteBehavior [ RunTime:0.000019s ]
INFO: [ app_init ] --END-- [ RunTime:0.000098s ]

[ 2015-11-27T23:36:25+08:00 ] ::1 /guoji/vshop/admin2/index.php/Member/head/id/10108
INFO: [ app_init ] --START--
INFO: Run Behavior\BuildLiteBehavior [ RunTime:0.000017s ]
INFO: [ app_init ] --END-- [ RunTime:0.000095s ]

[ 2015-11-27T23:36:58+08:00 ] ::1 /guoji/vshop/admin2/index.php/Member/head/id/10108
INFO: [ app_init ] --START--
INFO: Run Behavior\BuildLiteBehavior [ RunTime:0.000017s ]
INFO: [ app_init ] --END-- [ RunTime:0.000093s ]

[ 2015-11-27T23:37:46+08:00 ] ::1 /guoji/vshop/admin2/index.php/Member/head/id/10108
INFO: [ app_init ] --START--
INFO: Run Behavior\BuildLiteBehavior [ RunTime:0.000018s ]
INFO: [ app_init ] --END-- [ RunTime:0.000095s ]

[ 2015-11-27T23:38:26+08:00 ] ::1 /guoji/vshop/admin2/index.php/Member/head/id/10108
INFO: [ app_init ] --START--
INFO: Run Behavior\BuildLiteBehavior [ RunTime:0.000018s ]
INFO: [ app_init ] --END-- [ RunTime:0.000092s ]

[ 2015-11-27T23:38:32+08:00 ] ::1 /guoji/vshop/admin2/index.php/Member/head/id/10108
INFO: [ app_init ] --START--
INFO: Run Behavior\BuildLiteBehavior [ RunTime:0.000019s ]
INFO: [ app_init ] --END-- [ RunTime:0.000100s ]

[ 2015-11-27T23:38:56+08:00 ] ::1 /guoji/vshop/admin2/index.php/Member/head/id/10108
INFO: [ app_init ] --START--
INFO: Run Behavior\BuildLiteBehavior [ RunTime:0.000018s ]
INFO: [ app_init ] --END-- [ RunTime:0.000097s ]

[ 2015-11-27T23:38:59+08:00 ] ::1 /guoji/vshop/admin2/index.php/Member/head/id/10108
INFO: [ app_init ] --START--
INFO: Run Behavior\BuildLiteBehavior [ RunTime:0.000018s ]
INFO: [ app_init ] --END-- [ RunTime:0.000093s ]

[ 2015-11-27T23:39:01+08:00 ] ::1 /guoji/vshop/admin2/index.php/Member/head/id/10108
INFO: [ app_init ] --START--
INFO: Run Behavior\BuildLiteBehavior [ RunTime:0.000018s ]
INFO: [ app_init ] --END-- [ RunTime:0.000098s ]

[ 2015-11-27T23:39:01+08:00 ] ::1 /guoji/vshop/admin2/index.php/Member/head/id/10108
INFO: [ app_init ] --START--
INFO: Run Behavior\BuildLiteBehavior [ RunTime:0.000019s ]
INFO: [ app_init ] --END-- [ RunTime:0.000108s ]

[ 2015-11-27T23:39:01+08:00 ] ::1 /guoji/vshop/admin2/index.php/Member/head/id/10108
INFO: [ app_init ] --START--
INFO: Run Behavior\BuildLiteBehavior [ RunTime:0.000018s ]
INFO: [ app_init ] --END-- [ RunTime:0.000096s ]

[ 2015-11-27T23:39:05+08:00 ] ::1 /guoji/vshop/admin2/index.php/Member/head/id/10108
INFO: [ app_init ] --START--
INFO: Run Behavior\BuildLiteBehavior [ RunTime:0.000019s ]
INFO: [ app_init ] --END-- [ RunTime:0.000096s ]

[ 2015-11-27T23:39:22+08:00 ] ::1 /guoji/vshop/admin2/index.php/Member/head/id/10108
INFO: [ app_init ] --START--
INFO: Run Behavior\BuildLiteBehavior [ RunTime:0.000018s ]
INFO: [ app_init ] --END-- [ RunTime:0.000099s ]

[ 2015-11-27T23:39:22+08:00 ] ::1 /guoji/vshop/admin2/index.php/Member/head/id/10108
INFO: [ app_init ] --START--
INFO: Run Behavior\BuildLiteBehavior [ RunTime:0.000018s ]
INFO: [ app_init ] --END-- [ RunTime:0.000095s ]

[ 2015-11-27T23:39:22+08:00 ] ::1 /guoji/vshop/admin2/index.php/Member/head/id/10108
INFO: [ app_init ] --START--
INFO: Run Behavior\BuildLiteBehavior [ RunTime:0.000018s ]
INFO: [ app_init ] --END-- [ RunTime:0.000102s ]

[ 2015-11-27T23:39:58+08:00 ] ::1 /guoji/vshop/admin2/index.php/Member/head/id/10108
INFO: [ app_init ] --START--
INFO: Run Behavior\BuildLiteBehavior [ RunTime:0.000020s ]
INFO: [ app_init ] --END-- [ RunTime:0.000108s ]

[ 2015-11-27T23:39:59+08:00 ] ::1 /guoji/vshop/admin2/index.php/Member/head/id/10108
INFO: [ app_init ] --START--
INFO: Run Behavior\BuildLiteBehavior [ RunTime:0.000020s ]
INFO: [ app_init ] --END-- [ RunTime:0.000112s ]

[ 2015-11-27T23:42:13+08:00 ] ::1 /guoji/vshop/admin2/index.php/Member/head/id/10108
INFO: [ app_init ] --START--
INFO: Run Behavior\BuildLiteBehavior [ RunTime:0.000019s ]
INFO: [ app_init ] --END-- [ RunTime:0.000098s ]

[ 2015-11-27T23:42:20+08:00 ] ::1 /guoji/vshop/admin2/index.php/Member/head/id/10108
INFO: [ app_init ] --START--
INFO: Run Behavior\BuildLiteBehavior [ RunTime:0.000020s ]
INFO: [ app_init ] --END-- [ RunTime:0.000097s ]

[ 2015-11-27T23:42:48+08:00 ] ::1 /guoji/vshop/admin2/index.php?c=Member
INFO: [ app_init ] --START--
INFO: Run Behavior\BuildLiteBehavior [ RunTime:0.000019s ]
INFO: [ app_init ] --END-- [ RunTime:0.000100s ]

[ 2015-11-27T23:42:51+08:00 ] ::1 /guoji/vshop/admin2/index.php/Member/edit/id/10108
INFO: [ app_init ] --START--
INFO: Run Behavior\BuildLiteBehavior [ RunTime:0.000020s ]
INFO: [ app_init ] --END-- [ RunTime:0.000105s ]

[ 2015-11-27T23:44:20+08:00 ] ::1 /guoji/vshop/admin2/index.php/Member/head/id/10108
INFO: [ app_init ] --START--
INFO: Run Behavior\BuildLiteBehavior [ RunTime:0.000018s ]
INFO: [ app_init ] --END-- [ RunTime:0.000095s ]

[ 2015-11-27T23:44:47+08:00 ] ::1 /guoji/vshop/admin2/index.php/Member/head/id/10108
INFO: [ app_init ] --START--
INFO: Run Behavior\BuildLiteBehavior [ RunTime:0.000026s ]
INFO: [ app_init ] --END-- [ RunTime:0.000125s ]

[ 2015-11-27T23:44:48+08:00 ] ::1 /guoji/vshop/admin2/index.php/Member/head/id/10108
INFO: [ app_init ] --START--
INFO: Run Behavior\BuildLiteBehavior [ RunTime:0.000019s ]
INFO: [ app_init ] --END-- [ RunTime:0.000097s ]

[ 2015-11-27T23:44:59+08:00 ] ::1 /guoji/vshop/admin2/index.php/Member/head/id/10108
INFO: [ app_init ] --START--
INFO: Run Behavior\BuildLiteBehavior [ RunTime:0.000019s ]
INFO: [ app_init ] --END-- [ RunTime:0.000104s ]

[ 2015-11-27T23:49:12+08:00 ] ::1 /guoji/vshop/admin2/index.php?c=Member
INFO: [ app_init ] --START--
INFO: Run Behavior\BuildLiteBehavior [ RunTime:0.000019s ]
INFO: [ app_init ] --END-- [ RunTime:0.000096s ]

[ 2015-11-27T23:49:14+08:00 ] ::1 /guoji/vshop/admin2/index.php/Member/edit/id/10108
INFO: [ app_init ] --START--
INFO: Run Behavior\BuildLiteBehavior [ RunTime:0.000017s ]
INFO: [ app_init ] --END-- [ RunTime:0.000089s ]

[ 2015-11-27T23:52:33+08:00 ] ::1 /guoji/vshop/admin2/index.php/Member/edit/id/10108
INFO: [ app_init ] --START--
INFO: Run Behavior\BuildLiteBehavior [ RunTime:0.000019s ]
INFO: [ app_init ] --END-- [ RunTime:0.000097s ]

[ 2015-11-27T23:52:35+08:00 ] ::1 /guoji/vshop/admin2/index.php/Member/head/id/10108
INFO: [ app_init ] --START--
INFO: Run Behavior\BuildLiteBehavior [ RunTime:0.000018s ]
INFO: [ app_init ] --END-- [ RunTime:0.000095s ]

[ 2015-11-27T23:53:35+08:00 ] ::1 /guoji/vshop/admin2/index.php/Member/head/id/10108
INFO: [ app_init ] --START--
INFO: Run Behavior\BuildLiteBehavior [ RunTime:0.000017s ]
INFO: [ app_init ] --END-- [ RunTime:0.000095s ]

[ 2015-11-27T23:54:37+08:00 ] ::1 /guoji/vshop/admin2/index.php/Member/head/id/10108
INFO: [ app_init ] --START--
INFO: Run Behavior\BuildLiteBehavior [ RunTime:0.000016s ]
INFO: [ app_init ] --END-- [ RunTime:0.000090s ]

[ 2015-11-27T23:54:55+08:00 ] ::1 /guoji/vshop/admin2/index.php/Member/head/id/10108
INFO: [ app_init ] --START--
INFO: Run Behavior\BuildLiteBehavior [ RunTime:0.000017s ]
INFO: [ app_init ] --END-- [ RunTime:0.000092s ]

[ 2015-11-27T23:55:07+08:00 ] ::1 /guoji/vshop/admin2/index.php/Member/head/id/10108
INFO: [ app_init ] --START--
INFO: Run Behavior\BuildLiteBehavior [ RunTime:0.000020s ]
INFO: [ app_init ] --END-- [ RunTime:0.000099s ]

[ 2015-11-27T23:55:14+08:00 ] ::1 /guoji/vshop/admin2/index.php/Member/head/id/10108
INFO: [ app_init ] --START--
INFO: Run Behavior\BuildLiteBehavior [ RunTime:0.000017s ]
INFO: [ app_init ] --END-- [ RunTime:0.000092s ]

[ 2015-11-27T23:55:47+08:00 ] ::1 /guoji/vshop/admin2/index.php/Member/head/id/10108
INFO: [ app_init ] --START--
INFO: Run Behavior\BuildLiteBehavior [ RunTime:0.000019s ]
INFO: [ app_init ] --END-- [ RunTime:0.000099s ]

[ 2015-11-27T23:56:16+08:00 ] ::1 /guoji/vshop/admin2/index.php/Member/head/id/10108
INFO: [ app_init ] --START--
INFO: Run Behavior\BuildLiteBehavior [ RunTime:0.000020s ]
INFO: [ app_init ] --END-- [ RunTime:0.000103s ]

[ 2015-11-27T23:56:23+08:00 ] ::1 /guoji/vshop/admin2/index.php/Member/head/id/10108
INFO: [ app_init ] --START--
INFO: Run Behavior\BuildLiteBehavior [ RunTime:0.000017s ]
INFO: [ app_init ] --END-- [ RunTime:0.000093s ]

[ 2015-11-27T23:57:59+08:00 ] ::1 /guoji/vshop/admin2/index.php/Member/head/id/10108
INFO: [ app_init ] --START--
INFO: Run Behavior\BuildLiteBehavior [ RunTime:0.000019s ]
INFO: [ app_init ] --END-- [ RunTime:0.000097s ]

