[ 2015-11-25T22:33:09+08:00 ] ::1 /guoji/vshop/admin2/index.php/Member/edit/id/10108
INFO: [ app_init ] --START--
INFO: Run Behavior\BuildLiteBehavior [ RunTime:0.000020s ]
INFO: [ app_init ] --END-- [ RunTime:0.000117s ]

[ 2015-11-25T22:34:35+08:00 ] ::1 /guoji/vshop/admin2/index.php/Member/edit/id/10108
INFO: [ app_init ] --START--
INFO: Run Behavior\BuildLiteBehavior [ RunTime:0.000019s ]
INFO: [ app_init ] --END-- [ RunTime:0.000113s ]

[ 2015-11-25T22:34:36+08:00 ] ::1 /guoji/vshop/admin2/index.php/Member/edit/id/10108
INFO: [ app_init ] --START--
INFO: Run Behavior\BuildLiteBehavior [ RunTime:0.000018s ]
INFO: [ app_init ] --END-- [ RunTime:0.000094s ]

[ 2015-11-25T22:34:37+08:00 ] ::1 /guoji/vshop/admin2/index.php/Member/edit/id/10108
INFO: [ app_init ] --START--
INFO: Run Behavior\BuildLiteBehavior [ RunTime:0.000018s ]
INFO: [ app_init ] --END-- [ RunTime:0.000094s ]

[ 2015-11-25T22:34:57+08:00 ] ::1 /guoji/vshop/admin2/index.php/Member/edit/id/10108
INFO: [ app_init ] --START--
INFO: Run Behavior\BuildLiteBehavior [ RunTime:0.000017s ]
INFO: [ app_init ] --END-- [ RunTime:0.000093s ]

[ 2015-11-25T22:34:58+08:00 ] ::1 /guoji/vshop/admin2/index.php/Member/edit/id/10108
INFO: [ app_init ] --START--
INFO: Run Behavior\BuildLiteBehavior [ RunTime:0.000019s ]
INFO: [ app_init ] --END-- [ RunTime:0.000098s ]

[ 2015-11-25T22:35:23+08:00 ] ::1 /guoji/vshop/admin2/index.php/Member/edit/id/10108
INFO: [ app_init ] --START--
INFO: Run Behavior\BuildLiteBehavior [ RunTime:0.000019s ]
INFO: [ app_init ] --END-- [ RunTime:0.000096s ]

[ 2015-11-25T22:35:42+08:00 ] ::1 /guoji/vshop/admin2/index.php/Member/edit/id/10108
INFO: [ app_init ] --START--
INFO: Run Behavior\BuildLiteBehavior [ RunTime:0.000018s ]
INFO: [ app_init ] --END-- [ RunTime:0.000100s ]

[ 2015-11-25T22:35:42+08:00 ] ::1 /guoji/vshop/admin2/index.php/Member/edit/id/10108
INFO: [ app_init ] --START--
INFO: Run Behavior\BuildLiteBehavior [ RunTime:0.000018s ]
INFO: [ app_init ] --END-- [ RunTime:0.000105s ]

[ 2015-11-25T22:35:48+08:00 ] ::1 /guoji/vshop/admin2/index.php/Member/edit/id/10108
INFO: [ app_init ] --START--
INFO: Run Behavior\BuildLiteBehavior [ RunTime:0.000017s ]
INFO: [ app_init ] --END-- [ RunTime:0.000093s ]

[ 2015-11-25T22:36:00+08:00 ] ::1 /guoji/vshop/admin2/index.php/Member/edit/id/10108
INFO: [ app_init ] --START--
INFO: Run Behavior\BuildLiteBehavior [ RunTime:0.000020s ]
INFO: [ app_init ] --END-- [ RunTime:0.000098s ]

[ 2015-11-25T22:39:23+08:00 ] ::1 /guoji/vshop/admin2/index.php/Member/edit/id/10108
INFO: [ app_init ] --START--
INFO: Run Behavior\BuildLiteBehavior [ RunTime:0.000018s ]
INFO: [ app_init ] --END-- [ RunTime:0.000099s ]

[ 2015-11-25T22:39:24+08:00 ] ::1 /guoji/vshop/admin2/index.php/Member/edit/id/10108
INFO: [ app_init ] --START--
INFO: Run Behavior\BuildLiteBehavior [ RunTime:0.000018s ]
INFO: [ app_init ] --END-- [ RunTime:0.000097s ]

[ 2015-11-25T22:39:25+08:00 ] ::1 /guoji/vshop/admin2/index.php/Member/edit/id/10108
INFO: [ app_init ] --START--
INFO: Run Behavior\BuildLiteBehavior [ RunTime:0.000020s ]
INFO: [ app_init ] --END-- [ RunTime:0.000116s ]

[ 2015-11-25T22:39:29+08:00 ] ::1 /guoji/vshop/admin2/index.php/Member/edit/id/10108
INFO: [ app_init ] --START--
INFO: Run Behavior\BuildLiteBehavior [ RunTime:0.000020s ]
INFO: [ app_init ] --END-- [ RunTime:0.000118s ]

[ 2015-11-25T22:39:29+08:00 ] ::1 /guoji/vshop/admin2/index.php/Member/edit/id/10108
INFO: [ app_init ] --START--
INFO: Run Behavior\BuildLiteBehavior [ RunTime:0.000021s ]
INFO: [ app_init ] --END-- [ RunTime:0.000107s ]

[ 2015-11-25T22:39:37+08:00 ] ::1 /guoji/vshop/admin2/index.php/Member/edit/id/10108
INFO: [ app_init ] --START--
INFO: Run Behavior\BuildLiteBehavior [ RunTime:0.000019s ]
INFO: [ app_init ] --END-- [ RunTime:0.000102s ]

[ 2015-11-25T22:39:38+08:00 ] ::1 /guoji/vshop/admin2/index.php/Member/edit/id/10108
INFO: [ app_init ] --START--
INFO: Run Behavior\BuildLiteBehavior [ RunTime:0.000020s ]
INFO: [ app_init ] --END-- [ RunTime:0.000109s ]

[ 2015-11-25T22:39:38+08:00 ] ::1 /guoji/vshop/admin2/index.php/Member/edit/id/10108
INFO: [ app_init ] --START--
INFO: Run Behavior\BuildLiteBehavior [ RunTime:0.000024s ]
INFO: [ app_init ] --END-- [ RunTime:0.000267s ]

[ 2015-11-25T22:39:45+08:00 ] ::1 /guoji/vshop/admin2/index.php/Member/edit/id/10108
INFO: [ app_init ] --START--
INFO: Run Behavior\BuildLiteBehavior [ RunTime:0.000020s ]
INFO: [ app_init ] --END-- [ RunTime:0.000103s ]

[ 2015-11-25T22:43:04+08:00 ] ::1 /guoji/vshop/admin2/index.php/Member/edit/id/10108
INFO: [ app_init ] --START--
INFO: Run Behavior\BuildLiteBehavior [ RunTime:0.000020s ]
INFO: [ app_init ] --END-- [ RunTime:0.000100s ]

[ 2015-11-25T22:44:49+08:00 ] ::1 /guoji/vshop/admin2/index.php/Member/edit?1448462584
INFO: [ app_init ] --START--
INFO: Run Behavior\BuildLiteBehavior [ RunTime:0.000018s ]
INFO: [ app_init ] --END-- [ RunTime:0.000098s ]

[ 2015-11-25T22:44:51+08:00 ] ::1 /guoji/vshop/admin2/index.php/Member/edit/id/10108
INFO: [ app_init ] --START--
INFO: Run Behavior\BuildLiteBehavior [ RunTime:0.000017s ]
INFO: [ app_init ] --END-- [ RunTime:0.000097s ]

[ 2015-11-25T22:44:51+08:00 ] ::1 /guoji/vshop/admin2/index.php/Member/edit/id/10108
INFO: [ app_init ] --START--
INFO: Run Behavior\BuildLiteBehavior [ RunTime:0.000020s ]
INFO: [ app_init ] --END-- [ RunTime:0.000108s ]

[ 2015-11-25T22:48:49+08:00 ] ::1 /guoji/vshop/admin2/index.php/Member/edit?1448462691
INFO: [ app_init ] --START--
INFO: Run Behavior\BuildLiteBehavior [ RunTime:0.000018s ]
INFO: [ app_init ] --END-- [ RunTime:0.000100s ]

[ 2015-11-25T22:58:20+08:00 ] ::1 /guoji/vshop/admin2/index.php/Member/edit?1448462691
INFO: [ app_init ] --START--
INFO: Run Behavior\BuildLiteBehavior [ RunTime:0.000018s ]
INFO: [ app_init ] --END-- [ RunTime:0.000096s ]

[ 2015-11-25T22:59:39+08:00 ] ::1 /guoji/vshop/admin2/index.php/Member/edit?1448462691
INFO: [ app_init ] --START--
INFO: Run Behavior\BuildLiteBehavior [ RunTime:0.000017s ]
INFO: [ app_init ] --END-- [ RunTime:0.000095s ]

[ 2015-11-25T22:59:55+08:00 ] ::1 /guoji/vshop/admin2/index.php/Member/edit?1448462691
INFO: [ app_init ] --START--
INFO: Run Behavior\BuildLiteBehavior [ RunTime:0.000018s ]
INFO: [ app_init ] --END-- [ RunTime:0.000097s ]

[ 2015-11-25T23:00:03+08:00 ] ::1 /guoji/vshop/admin2/index.php/Member/edit?1448462691
INFO: [ app_init ] --START--
INFO: Run Behavior\BuildLiteBehavior [ RunTime:0.000017s ]
INFO: [ app_init ] --END-- [ RunTime:0.000094s ]

[ 2015-11-25T23:01:42+08:00 ] ::1 /guoji/vshop/admin2/index.php/Member/edit?1448462691
INFO: [ app_init ] --START--
INFO: Run Behavior\BuildLiteBehavior [ RunTime:0.000019s ]
INFO: [ app_init ] --END-- [ RunTime:0.000102s ]

[ 2015-11-25T23:02:09+08:00 ] ::1 /guoji/vshop/admin2/index.php/Member/edit?1448462691
INFO: [ app_init ] --START--
INFO: Run Behavior\BuildLiteBehavior [ RunTime:0.000018s ]
INFO: [ app_init ] --END-- [ RunTime:0.000097s ]

[ 2015-11-25T23:02:36+08:00 ] ::1 /guoji/vshop/admin2/index.php/Member/edit?1448462691
INFO: [ app_init ] --START--
INFO: Run Behavior\BuildLiteBehavior [ RunTime:0.000019s ]
INFO: [ app_init ] --END-- [ RunTime:0.000099s ]

[ 2015-11-25T23:03:05+08:00 ] ::1 /guoji/vshop/admin2/index.php/Member/edit?1448462691
INFO: [ app_init ] --START--
INFO: Run Behavior\BuildLiteBehavior [ RunTime:0.000018s ]
INFO: [ app_init ] --END-- [ RunTime:0.000100s ]

[ 2015-11-25T23:03:12+08:00 ] ::1 /guoji/vshop/admin2/index.php/Member/edit?1448462691
INFO: [ app_init ] --START--
INFO: Run Behavior\BuildLiteBehavior [ RunTime:0.000020s ]
INFO: [ app_init ] --END-- [ RunTime:0.000101s ]

[ 2015-11-25T23:03:49+08:00 ] ::1 /guoji/vshop/admin2/index.php/Member/edit?1448462691
INFO: [ app_init ] --START--
INFO: Run Behavior\BuildLiteBehavior [ RunTime:0.000017s ]
INFO: [ app_init ] --END-- [ RunTime:0.000097s ]

[ 2015-11-25T23:04:21+08:00 ] ::1 /guoji/vshop/admin2/index.php/Member/edit?1448462691
INFO: [ app_init ] --START--
INFO: Run Behavior\BuildLiteBehavior [ RunTime:0.000019s ]
INFO: [ app_init ] --END-- [ RunTime:0.000095s ]

[ 2015-11-25T23:05:16+08:00 ] ::1 /guoji/vshop/admin2/index.php/Member/edit?1448462691
INFO: [ app_init ] --START--
INFO: Run Behavior\BuildLiteBehavior [ RunTime:0.000017s ]
INFO: [ app_init ] --END-- [ RunTime:0.000095s ]

[ 2015-11-25T23:05:26+08:00 ] ::1 /guoji/vshop/admin2/index.php/Member/edit?1448462691
INFO: [ app_init ] --START--
INFO: Run Behavior\BuildLiteBehavior [ RunTime:0.000017s ]
INFO: [ app_init ] --END-- [ RunTime:0.000098s ]

[ 2015-11-25T23:06:00+08:00 ] ::1 /guoji/vshop/admin2/index.php/Member/edit?1448462691
INFO: [ app_init ] --START--
INFO: Run Behavior\BuildLiteBehavior [ RunTime:0.000021s ]
INFO: [ app_init ] --END-- [ RunTime:0.000107s ]

[ 2015-11-25T23:06:24+08:00 ] ::1 /guoji/vshop/admin2/index.php/Member/edit?1448462691
INFO: [ app_init ] --START--
INFO: Run Behavior\BuildLiteBehavior [ RunTime:0.000018s ]
INFO: [ app_init ] --END-- [ RunTime:0.000095s ]

[ 2015-11-25T23:06:35+08:00 ] ::1 /guoji/vshop/admin2/index.php/Member/edit/id/10108
INFO: [ app_init ] --START--
INFO: Run Behavior\BuildLiteBehavior [ RunTime:0.000067s ]
INFO: [ app_init ] --END-- [ RunTime:0.000260s ]

[ 2015-11-25T23:06:39+08:00 ] ::1 /guoji/vshop/admin2/index.php/Member/edit?1448463995
INFO: [ app_init ] --START--
INFO: Run Behavior\BuildLiteBehavior [ RunTime:0.000018s ]
INFO: [ app_init ] --END-- [ RunTime:0.000095s ]

[ 2015-11-25T23:14:01+08:00 ] ::1 /guoji/vshop/admin2/index.php/Member/edit?1448463995
INFO: [ app_init ] --START--
INFO: Run Behavior\BuildLiteBehavior [ RunTime:0.000017s ]
INFO: [ app_init ] --END-- [ RunTime:0.000099s ]

[ 2015-11-25T23:14:31+08:00 ] ::1 /guoji/vshop/admin2/index.php/Member/edit?1448463995
INFO: [ app_init ] --START--
INFO: Run Behavior\BuildLiteBehavior [ RunTime:0.000017s ]
INFO: [ app_init ] --END-- [ RunTime:0.000100s ]

[ 2015-11-25T23:17:01+08:00 ] ::1 /guoji/vshop/admin2/index.php/Member/edit?1448463995
INFO: [ app_init ] --START--
INFO: Run Behavior\BuildLiteBehavior [ RunTime:0.000019s ]
INFO: [ app_init ] --END-- [ RunTime:0.000101s ]

[ 2015-11-25T23:17:29+08:00 ] ::1 /guoji/vshop/admin2/index.php/Member/edit?1448463995
INFO: [ app_init ] --START--
INFO: Run Behavior\BuildLiteBehavior [ RunTime:0.000018s ]
INFO: [ app_init ] --END-- [ RunTime:0.000111s ]

[ 2015-11-25T23:17:43+08:00 ] ::1 /guoji/vshop/admin2/index.php/Member/edit?1448463995
INFO: [ app_init ] --START--
INFO: Run Behavior\BuildLiteBehavior [ RunTime:0.000038s ]
INFO: [ app_init ] --END-- [ RunTime:0.000184s ]

[ 2015-11-25T23:18:21+08:00 ] ::1 /guoji/vshop/admin2/index.php/Member/edit?1448463995
INFO: [ app_init ] --START--
INFO: Run Behavior\BuildLiteBehavior [ RunTime:0.000020s ]
INFO: [ app_init ] --END-- [ RunTime:0.000108s ]

[ 2015-11-25T23:18:34+08:00 ] ::1 /guoji/vshop/admin2/index.php/Member/edit?1448463995
INFO: [ app_init ] --START--
INFO: Run Behavior\BuildLiteBehavior [ RunTime:0.000019s ]
INFO: [ app_init ] --END-- [ RunTime:0.000103s ]

[ 2015-11-25T23:19:38+08:00 ] ::1 /guoji/vshop/admin2/index.php/Member/edit?1448463995
INFO: [ app_init ] --START--
INFO: Run Behavior\BuildLiteBehavior [ RunTime:0.000018s ]
INFO: [ app_init ] --END-- [ RunTime:0.000103s ]

[ 2015-11-25T23:20:18+08:00 ] ::1 /guoji/vshop/admin2/index.php/Member/edit?1448463995
INFO: [ app_init ] --START--
INFO: Run Behavior\BuildLiteBehavior [ RunTime:0.000017s ]
INFO: [ app_init ] --END-- [ RunTime:0.000101s ]

[ 2015-11-25T23:21:40+08:00 ] ::1 /guoji/vshop/admin2/index.php/Member/edit?1448463995
INFO: [ app_init ] --START--
INFO: Run Behavior\BuildLiteBehavior [ RunTime:0.000017s ]
INFO: [ app_init ] --END-- [ RunTime:0.000101s ]

[ 2015-11-25T23:21:49+08:00 ] ::1 /guoji/vshop/admin2/index.php/Member/edit?1448463995
INFO: [ app_init ] --START--
INFO: Run Behavior\BuildLiteBehavior [ RunTime:0.000019s ]
INFO: [ app_init ] --END-- [ RunTime:0.000103s ]

[ 2015-11-25T23:25:35+08:00 ] ::1 /guoji/vshop/admin2/index.php/Member/edit?1448463995
INFO: [ app_init ] --START--
INFO: Run Behavior\BuildLiteBehavior [ RunTime:0.000020s ]
INFO: [ app_init ] --END-- [ RunTime:0.000113s ]

[ 2015-11-25T23:25:51+08:00 ] ::1 /guoji/vshop/admin2/index.php/Member/edit?1448463995
INFO: [ app_init ] --START--
INFO: Run Behavior\BuildLiteBehavior [ RunTime:0.000017s ]
INFO: [ app_init ] --END-- [ RunTime:0.000095s ]

[ 2015-11-25T23:25:59+08:00 ] ::1 /guoji/vshop/admin2/index.php/Member/edit?1448463995
INFO: [ app_init ] --START--
INFO: Run Behavior\BuildLiteBehavior [ RunTime:0.000018s ]
INFO: [ app_init ] --END-- [ RunTime:0.000099s ]

[ 2015-11-25T23:28:52+08:00 ] ::1 /guoji/vshop/admin2/index.php/Member/edit?1448463995
INFO: [ app_init ] --START--
INFO: Run Behavior\BuildLiteBehavior [ RunTime:0.000021s ]
INFO: [ app_init ] --END-- [ RunTime:0.000114s ]

[ 2015-11-25T23:29:26+08:00 ] ::1 /guoji/vshop/admin2/index.php/Member/edit?1448463995
INFO: [ app_init ] --START--
INFO: Run Behavior\BuildLiteBehavior [ RunTime:0.000020s ]
INFO: [ app_init ] --END-- [ RunTime:0.000106s ]

[ 2015-11-25T23:29:28+08:00 ] ::1 /guoji/vshop/admin2/index.php/Member/edit/id/10108
INFO: [ app_init ] --START--
INFO: Run Behavior\BuildLiteBehavior [ RunTime:0.000017s ]
INFO: [ app_init ] --END-- [ RunTime:0.000098s ]

[ 2015-11-25T23:31:13+08:00 ] ::1 /guoji/vshop/admin2/index.php/Member/edit/id/10108
INFO: [ app_init ] --START--
INFO: Run Behavior\BuildLiteBehavior [ RunTime:0.000028s ]
INFO: [ app_init ] --END-- [ RunTime:0.000114s ]

[ 2015-11-25T23:32:23+08:00 ] ::1 /guoji/vshop/admin2/index.php/Member/edit?1448465473
INFO: [ app_init ] --START--
INFO: Run Behavior\BuildLiteBehavior [ RunTime:0.000019s ]
INFO: [ app_init ] --END-- [ RunTime:0.000102s ]

[ 2015-11-25T23:32:25+08:00 ] ::1 /guoji/vshop/admin2/index.php/Member/edit/id/10108
INFO: [ app_init ] --START--
INFO: Run Behavior\BuildLiteBehavior [ RunTime:0.000016s ]
INFO: [ app_init ] --END-- [ RunTime:0.000092s ]

[ 2015-11-25T23:32:25+08:00 ] ::1 /guoji/vshop/admin2/index.php/Member/edit/id/10108
INFO: [ app_init ] --START--
INFO: Run Behavior\BuildLiteBehavior [ RunTime:0.000018s ]
INFO: [ app_init ] --END-- [ RunTime:0.000104s ]

[ 2015-11-25T23:32:40+08:00 ] ::1 /guoji/vshop/admin2/index.php/Member/edit?1448465545
INFO: [ app_init ] --START--
INFO: Run Behavior\BuildLiteBehavior [ RunTime:0.000019s ]
INFO: [ app_init ] --END-- [ RunTime:0.000107s ]

[ 2015-11-25T23:32:41+08:00 ] ::1 /guoji/vshop/admin2/index.php/Member/edit/id/10108
INFO: [ app_init ] --START--
INFO: Run Behavior\BuildLiteBehavior [ RunTime:0.000019s ]
INFO: [ app_init ] --END-- [ RunTime:0.000106s ]

[ 2015-11-25T23:35:08+08:00 ] ::1 /guoji/vshop/admin2/index.php/Member/edit?1448465561
INFO: [ app_init ] --START--
INFO: Run Behavior\BuildLiteBehavior [ RunTime:0.000018s ]
INFO: [ app_init ] --END-- [ RunTime:0.000104s ]

[ 2015-11-25T23:35:58+08:00 ] ::1 /guoji/vshop/admin2/index.php/Member/edit?1448465561
INFO: [ app_init ] --START--
INFO: Run Behavior\BuildLiteBehavior [ RunTime:0.000019s ]
INFO: [ app_init ] --END-- [ RunTime:0.000106s ]

[ 2015-11-25T23:35:59+08:00 ] ::1 /guoji/vshop/admin2/index.php/Member/edit/id/10108
INFO: [ app_init ] --START--
INFO: Run Behavior\BuildLiteBehavior [ RunTime:0.000021s ]
INFO: [ app_init ] --END-- [ RunTime:0.000122s ]

[ 2015-11-25T23:36:09+08:00 ] ::1 /guoji/vshop/admin2/index.php/Member/edit?1448465759
INFO: [ app_init ] --START--
INFO: Run Behavior\BuildLiteBehavior [ RunTime:0.000017s ]
INFO: [ app_init ] --END-- [ RunTime:0.000094s ]

[ 2015-11-25T23:36:11+08:00 ] ::1 /guoji/vshop/admin2/index.php/Member/edit/id/10108
INFO: [ app_init ] --START--
INFO: Run Behavior\BuildLiteBehavior [ RunTime:0.000019s ]
INFO: [ app_init ] --END-- [ RunTime:0.000094s ]

[ 2015-11-25T23:36:53+08:00 ] ::1 /guoji/vshop/admin2/index.php/Member/edit/id/10108
INFO: [ app_init ] --START--
INFO: Run Behavior\BuildLiteBehavior [ RunTime:0.000018s ]
INFO: [ app_init ] --END-- [ RunTime:0.000097s ]

[ 2015-11-25T23:36:57+08:00 ] ::1 /guoji/vshop/admin2/index.php/Member/edit?1448465813
INFO: [ app_init ] --START--
INFO: Run Behavior\BuildLiteBehavior [ RunTime:0.000019s ]
INFO: [ app_init ] --END-- [ RunTime:0.000106s ]

[ 2015-11-25T23:40:17+08:00 ] ::1 /guoji/vshop/admin2/index.php/Member/edit?1448465813
INFO: [ app_init ] --START--
INFO: Run Behavior\BuildLiteBehavior [ RunTime:0.000018s ]
INFO: [ app_init ] --END-- [ RunTime:0.000106s ]

[ 2015-11-25T23:40:44+08:00 ] ::1 /guoji/vshop/admin2/index.php/Member/edit?1448465813
INFO: [ app_init ] --START--
INFO: Run Behavior\BuildLiteBehavior [ RunTime:0.000019s ]
INFO: [ app_init ] --END-- [ RunTime:0.000099s ]

[ 2015-11-25T23:41:25+08:00 ] ::1 /guoji/vshop/admin2/index.php/Member/edit?1448465813
INFO: [ app_init ] --START--
INFO: Run Behavior\BuildLiteBehavior [ RunTime:0.000019s ]
INFO: [ app_init ] --END-- [ RunTime:0.000101s ]

[ 2015-11-25T23:41:46+08:00 ] ::1 /guoji/vshop/admin2/index.php/Member/edit?1448465813
INFO: [ app_init ] --START--
INFO: Run Behavior\BuildLiteBehavior [ RunTime:0.000019s ]
INFO: [ app_init ] --END-- [ RunTime:0.000099s ]

[ 2015-11-25T23:41:47+08:00 ] ::1 /guoji/vshop/admin2/index.php/Member/edit/id/10108
INFO: [ app_init ] --START--
INFO: Run Behavior\BuildLiteBehavior [ RunTime:0.000018s ]
INFO: [ app_init ] --END-- [ RunTime:0.000102s ]

[ 2015-11-25T23:45:13+08:00 ] ::1 /guoji/vshop/admin2/index.php/Member/edit/id/10108
INFO: [ app_init ] --START--
INFO: Run Behavior\BuildLiteBehavior [ RunTime:0.000018s ]
INFO: [ app_init ] --END-- [ RunTime:0.000103s ]

