[ 2015-11-26T22:20:54+08:00 ] ::1 /guoji/vshop/admin2/
INFO: [ app_init ] --START--
INFO: Run Behavior\BuildLiteBehavior [ RunTime:0.000018s ]
INFO: [ app_init ] --END-- [ RunTime:0.000095s ]

[ 2015-11-26T22:20:55+08:00 ] ::1 /guoji/vshop/admin2/index.php?c=Public&a=login
INFO: [ app_init ] --START--
INFO: Run Behavior\BuildLiteBehavior [ RunTime:0.000019s ]
INFO: [ app_init ] --END-- [ RunTime:0.000095s ]

[ 2015-11-26T22:20:55+08:00 ] ::1 /guoji/vshop/admin2/index.php?c=Public&a=verify
INFO: [ app_init ] --START--
INFO: Run Behavior\BuildLiteBehavior [ RunTime:0.000020s ]
INFO: [ app_init ] --END-- [ RunTime:0.000108s ]

[ 2015-11-26T22:20:57+08:00 ] ::1 /guoji/vshop/admin2/index.php/Public/checkLogin
INFO: [ app_init ] --START--
INFO: Run Behavior\BuildLiteBehavior [ RunTime:0.000015s ]
INFO: [ app_init ] --END-- [ RunTime:0.000092s ]

[ 2015-11-26T22:20:58+08:00 ] ::1 /guoji/vshop/admin2/index.php
INFO: [ app_init ] --START--
INFO: Run Behavior\BuildLiteBehavior [ RunTime:0.000018s ]
INFO: [ app_init ] --END-- [ RunTime:0.000093s ]

[ 2015-11-26T22:21:01+08:00 ] ::1 /guoji/vshop/admin2/index.php?c=Article
INFO: [ app_init ] --START--
INFO: Run Behavior\BuildLiteBehavior [ RunTime:0.000019s ]
INFO: [ app_init ] --END-- [ RunTime:0.000094s ]

[ 2015-11-26T22:21:02+08:00 ] ::1 /guoji/vshop/admin2/index.php?c=Member
INFO: [ app_init ] --START--
INFO: Run Behavior\BuildLiteBehavior [ RunTime:0.000017s ]
INFO: [ app_init ] --END-- [ RunTime:0.000095s ]

[ 2015-11-26T22:21:04+08:00 ] ::1 /guoji/vshop/admin2/index.php?c=Member
INFO: [ app_init ] --START--
INFO: Run Behavior\BuildLiteBehavior [ RunTime:0.000016s ]
INFO: [ app_init ] --END-- [ RunTime:0.000092s ]

[ 2015-11-26T22:21:07+08:00 ] ::1 /guoji/vshop/admin2/index.php/Member/edit/id/10108
INFO: [ app_init ] --START--
INFO: Run Behavior\BuildLiteBehavior [ RunTime:0.000017s ]
INFO: [ app_init ] --END-- [ RunTime:0.000093s ]

[ 2015-11-26T23:05:16+08:00 ] ::1 /guoji/vshop/admin2/index.php?c=Index
INFO: [ app_init ] --START--
INFO: Run Behavior\BuildLiteBehavior [ RunTime:0.000020s ]
INFO: [ app_init ] --END-- [ RunTime:0.000137s ]

[ 2015-11-26T23:05:18+08:00 ] ::1 /guoji/vshop/admin2/index.php?c=Product
INFO: [ app_init ] --START--
INFO: Run Behavior\BuildLiteBehavior [ RunTime:0.000018s ]
INFO: [ app_init ] --END-- [ RunTime:0.000096s ]

[ 2015-11-26T23:05:20+08:00 ] ::1 /guoji/vshop/admin2/index.php?c=Product
INFO: [ app_init ] --START--
INFO: Run Behavior\BuildLiteBehavior [ RunTime:0.000017s ]
INFO: [ app_init ] --END-- [ RunTime:0.000096s ]

[ 2015-11-26T23:05:22+08:00 ] ::1 /guoji/vshop/admin2/index.php/Product/edit/id/12
INFO: [ app_init ] --START--
INFO: Run Behavior\BuildLiteBehavior [ RunTime:0.000024s ]
INFO: [ app_init ] --END-- [ RunTime:0.000119s ]

[ 2015-11-26T23:05:22+08:00 ] ::1 /guoji/vshop/admin2/index.php/Product/get_attr_val
INFO: [ app_init ] --START--
INFO: Run Behavior\BuildLiteBehavior [ RunTime:0.000019s ]
INFO: [ app_init ] --END-- [ RunTime:0.000099s ]

[ 2015-11-26T23:08:08+08:00 ] ::1 /guoji/vshop/admin2/index.php?c=Product
INFO: [ app_init ] --START--
INFO: Run Behavior\BuildLiteBehavior [ RunTime:0.000019s ]
INFO: [ app_init ] --END-- [ RunTime:0.000099s ]

[ 2015-11-26T23:08:11+08:00 ] ::1 /guoji/vshop/admin2/index.php?c=Article
INFO: [ app_init ] --START--
INFO: Run Behavior\BuildLiteBehavior [ RunTime:0.000019s ]
INFO: [ app_init ] --END-- [ RunTime:0.000100s ]

[ 2015-11-26T23:08:12+08:00 ] ::1 /guoji/vshop/admin2/index.php?c=Article
INFO: [ app_init ] --START--
INFO: Run Behavior\BuildLiteBehavior [ RunTime:0.000025s ]
INFO: [ app_init ] --END-- [ RunTime:0.000126s ]

[ 2015-11-26T23:08:14+08:00 ] ::1 /guoji/vshop/admin2/index.php/Article/add/
INFO: [ app_init ] --START--
INFO: Run Behavior\BuildLiteBehavior [ RunTime:0.000018s ]
INFO: [ app_init ] --END-- [ RunTime:0.000101s ]

[ 2015-11-26T23:08:27+08:00 ] ::1 /guoji/vshop/admin2/index.php/Attachment/editer_upload?dir=image
INFO: [ app_init ] --START--
INFO: Run Behavior\BuildLiteBehavior [ RunTime:0.000019s ]
INFO: [ app_init ] --END-- [ RunTime:0.000099s ]

[ 2015-11-26T23:09:56+08:00 ] ::1 /guoji/vshop/admin2/index.php/Attachment/editer_upload?dir=image
INFO: [ app_init ] --START--
INFO: Run Behavior\BuildLiteBehavior [ RunTime:0.000051s ]
INFO: [ app_init ] --END-- [ RunTime:0.000195s ]

[ 2015-11-26T23:12:09+08:00 ] ::1 /guoji/vshop/admin2/index.php?c=Article
INFO: [ app_init ] --START--
INFO: Run Behavior\BuildLiteBehavior [ RunTime:0.000017s ]
INFO: [ app_init ] --END-- [ RunTime:0.000098s ]

[ 2015-11-26T23:12:11+08:00 ] ::1 /guoji/vshop/admin2/index.php/Article/edit/id/32
INFO: [ app_init ] --START--
INFO: Run Behavior\BuildLiteBehavior [ RunTime:0.000019s ]
INFO: [ app_init ] --END-- [ RunTime:0.000117s ]

[ 2015-11-26T23:12:15+08:00 ] ::1 /guoji/vshop/admin2/index.php/Article/edit?1448550731
INFO: [ app_init ] --START--
INFO: Run Behavior\BuildLiteBehavior [ RunTime:0.000019s ]
INFO: [ app_init ] --END-- [ RunTime:0.000109s ]

[ 2015-11-26T23:12:17+08:00 ] ::1 /guoji/vshop/admin2/index.php/Article/edit/id/32
INFO: [ app_init ] --START--
INFO: Run Behavior\BuildLiteBehavior [ RunTime:0.000017s ]
INFO: [ app_init ] --END-- [ RunTime:0.000097s ]

[ 2015-11-26T23:14:27+08:00 ] ::1 /guoji/vshop/admin2/index.php?c=Product
INFO: [ app_init ] --START--
INFO: Run Behavior\BuildLiteBehavior [ RunTime:0.000019s ]
INFO: [ app_init ] --END-- [ RunTime:0.000102s ]

[ 2015-11-26T23:14:32+08:00 ] ::1 /guoji/vshop/admin2/index.php/Product/edit/id/12
INFO: [ app_init ] --START--
INFO: Run Behavior\BuildLiteBehavior [ RunTime:0.000017s ]
INFO: [ app_init ] --END-- [ RunTime:0.000094s ]

[ 2015-11-26T23:14:32+08:00 ] ::1 /guoji/vshop/admin2/index.php/Product/get_attr_val
INFO: [ app_init ] --START--
INFO: Run Behavior\BuildLiteBehavior [ RunTime:0.000020s ]
INFO: [ app_init ] --END-- [ RunTime:0.000101s ]

[ 2015-11-26T23:14:40+08:00 ] ::1 /guoji/vshop/admin2/index.php?&m=Attachment&a=local&width=300&height=300
INFO: [ app_init ] --START--
INFO: Run Behavior\BuildLiteBehavior [ RunTime:0.000049s ]
INFO: [ app_init ] --END-- [ RunTime:0.000181s ]

[ 2015-11-26T23:14:47+08:00 ] ::1 /guoji/vshop/admin2/index.php?&m=Attachment&a=local&width=300&height=300
INFO: [ app_init ] --START--
INFO: Run Behavior\BuildLiteBehavior [ RunTime:0.000019s ]
INFO: [ app_init ] --END-- [ RunTime:0.000105s ]

[ 2015-11-26T23:15:45+08:00 ] ::1 /guoji/vshop/admin2/index.php/Product/edit/id/12
INFO: [ app_init ] --START--
INFO: Run Behavior\BuildLiteBehavior [ RunTime:0.000018s ]
INFO: [ app_init ] --END-- [ RunTime:0.000100s ]

[ 2015-11-26T23:15:45+08:00 ] ::1 /guoji/vshop/admin2/index.php/Product/get_attr_val
INFO: [ app_init ] --START--
INFO: Run Behavior\BuildLiteBehavior [ RunTime:0.000116s ]
INFO: [ app_init ] --END-- [ RunTime:0.000236s ]

[ 2015-11-26T23:15:50+08:00 ] ::1 /guoji/vshop/admin2/index.php?&c=Attachment&a=local&width=300&height=300
INFO: [ app_init ] --START--
INFO: Run Behavior\BuildLiteBehavior [ RunTime:0.000019s ]
INFO: [ app_init ] --END-- [ RunTime:0.000100s ]

[ 2015-11-26T23:15:55+08:00 ] ::1 /guoji/vshop/admin2/index.php?&c=Attachment&a=local&width=300&height=300
INFO: [ app_init ] --START--
INFO: Run Behavior\BuildLiteBehavior [ RunTime:0.000019s ]
INFO: [ app_init ] --END-- [ RunTime:0.000101s ]

[ 2015-11-26T23:15:55+08:00 ] ::1 /guoji/vshop/admin2/index.php?m=Attachment&a=local&error_code=0&msg=http%3A%2F%2Flocalhost%2Fguoji%2Fvshop%2Fimg0%2F2015%2F11%2F26%2F5657222b2a34b.jpg
INFO: [ app_init ] --START--
INFO: Run Behavior\BuildLiteBehavior [ RunTime:0.000018s ]
INFO: [ app_init ] --END-- [ RunTime:0.000100s ]

[ 2015-11-26T23:17:00+08:00 ] ::1 /guoji/vshop/admin2/index.php/Product/edit/id/12
INFO: [ app_init ] --START--
INFO: Run Behavior\BuildLiteBehavior [ RunTime:0.000018s ]
INFO: [ app_init ] --END-- [ RunTime:0.000136s ]

[ 2015-11-26T23:17:00+08:00 ] ::1 /guoji/vshop/admin2/index.php/Product/get_attr_val
INFO: [ app_init ] --START--
INFO: Run Behavior\BuildLiteBehavior [ RunTime:0.000020s ]
INFO: [ app_init ] --END-- [ RunTime:0.000107s ]

[ 2015-11-26T23:17:03+08:00 ] ::1 /guoji/vshop/admin2/index.php?&c=Attachment&a=local&width=300&height=300
INFO: [ app_init ] --START--
INFO: Run Behavior\BuildLiteBehavior [ RunTime:0.000019s ]
INFO: [ app_init ] --END-- [ RunTime:0.000102s ]

[ 2015-11-26T23:17:06+08:00 ] ::1 /guoji/vshop/admin2/index.php?&c=Attachment&a=local&width=300&height=300
INFO: [ app_init ] --START--
INFO: Run Behavior\BuildLiteBehavior [ RunTime:0.000017s ]
INFO: [ app_init ] --END-- [ RunTime:0.000094s ]

[ 2015-11-26T23:17:06+08:00 ] ::1 /guoji/vshop/admin2/index.php?c=Attachment&a=local&error_code=0&msg=http%3A%2F%2Flocalhost%2Fguoji%2Fvshop%2Fimg0%2F2015%2F11%2F26%2F5657227247593.jpg
INFO: [ app_init ] --START--
INFO: Run Behavior\BuildLiteBehavior [ RunTime:0.000017s ]
INFO: [ app_init ] --END-- [ RunTime:0.000095s ]

[ 2015-11-26T23:17:29+08:00 ] ::1 /guoji/vshop/admin2/index.php?&c=Attachment&a=local&width=300&height=300
INFO: [ app_init ] --START--
INFO: Run Behavior\BuildLiteBehavior [ RunTime:0.000049s ]
INFO: [ app_init ] --END-- [ RunTime:0.000197s ]

[ 2015-11-26T23:17:32+08:00 ] ::1 /guoji/vshop/admin2/index.php?&c=Attachment&a=local&width=300&height=300
INFO: [ app_init ] --START--
INFO: Run Behavior\BuildLiteBehavior [ RunTime:0.000017s ]
INFO: [ app_init ] --END-- [ RunTime:0.000090s ]

[ 2015-11-26T23:17:32+08:00 ] ::1 /guoji/vshop/admin2/index.php?c=Attachment&a=local&error_code=0&msg=http%3A%2F%2Flocalhost%2Fguoji%2Fvshop%2Fimg0%2F2015%2F11%2F26%2F5657228c6714b.jpg
INFO: [ app_init ] --START--
INFO: Run Behavior\BuildLiteBehavior [ RunTime:0.000020s ]
INFO: [ app_init ] --END-- [ RunTime:0.000108s ]

