[ 2015-11-29T03:24:33+08:00 ] ::1 /guoji/vshop/admin2/index.php/Product/search_spec/pid/2
INFO: [ app_init ] --START--
INFO: Run Behavior\BuildLiteBehavior [ RunTime:0.000019s ]
INFO: [ app_init ] --END-- [ RunTime:0.000115s ]

[ 2015-11-29T03:24:33+08:00 ] ::1 /guoji/vshop/admin2/index.php?c=Public&a=login
INFO: [ app_init ] --START--
INFO: Run Behavior\BuildLiteBehavior [ RunTime:0.000023s ]
INFO: [ app_init ] --END-- [ RunTime:0.000119s ]

[ 2015-11-29T03:24:33+08:00 ] ::1 /guoji/vshop/admin2/index.php?c=Public&a=verify
INFO: [ app_init ] --START--
INFO: Run Behavior\BuildLiteBehavior [ RunTime:0.000020s ]
INFO: [ app_init ] --END-- [ RunTime:0.000109s ]

[ 2015-11-29T03:24:35+08:00 ] ::1 /guoji/vshop/admin2/index.php/Public/checkLogin
INFO: [ app_init ] --START--
INFO: Run Behavior\BuildLiteBehavior [ RunTime:0.000016s ]
INFO: [ app_init ] --END-- [ RunTime:0.000089s ]

[ 2015-11-29T03:24:35+08:00 ] ::1 /guoji/vshop/admin2/index.php?c=Public&a=verify&_t=1448738676
INFO: [ app_init ] --START--
INFO: Run Behavior\BuildLiteBehavior [ RunTime:0.000016s ]
INFO: [ app_init ] --END-- [ RunTime:0.000088s ]

[ 2015-11-29T03:24:41+08:00 ] ::1 /guoji/vshop/admin2/index.php?c=Public&a=verify&_t=1448738682
INFO: [ app_init ] --START--
INFO: Run Behavior\BuildLiteBehavior [ RunTime:0.000015s ]
INFO: [ app_init ] --END-- [ RunTime:0.000094s ]

[ 2015-11-29T03:24:42+08:00 ] ::1 /guoji/vshop/admin2/index.php?c=Public&a=verify&_t=1448738682
INFO: [ app_init ] --START--
INFO: Run Behavior\BuildLiteBehavior [ RunTime:0.000017s ]
INFO: [ app_init ] --END-- [ RunTime:0.000097s ]

[ 2015-11-29T03:24:42+08:00 ] ::1 /guoji/vshop/admin2/index.php?c=Public&a=verify&_t=1448738683
INFO: [ app_init ] --START--
INFO: Run Behavior\BuildLiteBehavior [ RunTime:0.000016s ]
INFO: [ app_init ] --END-- [ RunTime:0.000089s ]

[ 2015-11-29T03:24:43+08:00 ] ::1 /guoji/vshop/admin2/index.php?c=Public&a=verify&_t=1448738683
INFO: [ app_init ] --START--
INFO: Run Behavior\BuildLiteBehavior [ RunTime:0.000017s ]
INFO: [ app_init ] --END-- [ RunTime:0.000090s ]

[ 2015-11-29T03:24:43+08:00 ] ::1 /guoji/vshop/admin2/index.php?c=Public&a=verify&_t=1448738683
INFO: [ app_init ] --START--
INFO: Run Behavior\BuildLiteBehavior [ RunTime:0.000017s ]
INFO: [ app_init ] --END-- [ RunTime:0.000088s ]

[ 2015-11-29T03:24:43+08:00 ] ::1 /guoji/vshop/admin2/index.php?c=Public&a=verify&_t=1448738683
INFO: [ app_init ] --START--
INFO: Run Behavior\BuildLiteBehavior [ RunTime:0.000016s ]
INFO: [ app_init ] --END-- [ RunTime:0.000088s ]

[ 2015-11-29T03:24:43+08:00 ] ::1 /guoji/vshop/admin2/index.php?c=Public&a=verify&_t=1448738684
INFO: [ app_init ] --START--
INFO: Run Behavior\BuildLiteBehavior [ RunTime:0.000016s ]
INFO: [ app_init ] --END-- [ RunTime:0.000089s ]

[ 2015-11-29T03:24:43+08:00 ] ::1 /guoji/vshop/admin2/index.php?c=Public&a=verify&_t=1448738684
INFO: [ app_init ] --START--
INFO: Run Behavior\BuildLiteBehavior [ RunTime:0.000015s ]
INFO: [ app_init ] --END-- [ RunTime:0.000089s ]

[ 2015-11-29T03:24:43+08:00 ] ::1 /guoji/vshop/admin2/index.php?c=Public&a=verify&_t=1448738684
INFO: [ app_init ] --START--
INFO: Run Behavior\BuildLiteBehavior [ RunTime:0.000017s ]
INFO: [ app_init ] --END-- [ RunTime:0.000091s ]

[ 2015-11-29T03:24:44+08:00 ] ::1 /guoji/vshop/admin2/index.php?c=Public&a=verify&_t=1448738684
INFO: [ app_init ] --START--
INFO: Run Behavior\BuildLiteBehavior [ RunTime:0.000016s ]
INFO: [ app_init ] --END-- [ RunTime:0.000091s ]

[ 2015-11-29T03:24:44+08:00 ] ::1 /guoji/vshop/admin2/index.php?c=Public&a=verify&_t=1448738684
INFO: [ app_init ] --START--
INFO: Run Behavior\BuildLiteBehavior [ RunTime:0.000016s ]
INFO: [ app_init ] --END-- [ RunTime:0.000090s ]

[ 2015-11-29T03:24:44+08:00 ] ::1 /guoji/vshop/admin2/index.php?c=Public&a=verify&_t=1448738684
INFO: [ app_init ] --START--
INFO: Run Behavior\BuildLiteBehavior [ RunTime:0.000017s ]
INFO: [ app_init ] --END-- [ RunTime:0.000089s ]

[ 2015-11-29T03:24:44+08:00 ] ::1 /guoji/vshop/admin2/index.php?c=Public&a=verify&_t=1448738685
INFO: [ app_init ] --START--
INFO: Run Behavior\BuildLiteBehavior [ RunTime:0.000015s ]
INFO: [ app_init ] --END-- [ RunTime:0.000087s ]

[ 2015-11-29T03:24:45+08:00 ] ::1 /guoji/vshop/admin2/index.php?c=Public&a=verify&_t=1448738685
INFO: [ app_init ] --START--
INFO: Run Behavior\BuildLiteBehavior [ RunTime:0.000016s ]
INFO: [ app_init ] --END-- [ RunTime:0.000087s ]

[ 2015-11-29T03:24:45+08:00 ] ::1 /guoji/vshop/admin2/index.php?c=Public&a=verify&_t=1448738686
INFO: [ app_init ] --START--
INFO: Run Behavior\BuildLiteBehavior [ RunTime:0.000016s ]
INFO: [ app_init ] --END-- [ RunTime:0.000090s ]

[ 2015-11-29T03:24:46+08:00 ] ::1 /guoji/vshop/admin2/index.php?c=Public&a=verify&_t=1448738686
INFO: [ app_init ] --START--
INFO: Run Behavior\BuildLiteBehavior [ RunTime:0.000015s ]
INFO: [ app_init ] --END-- [ RunTime:0.000086s ]

[ 2015-11-29T03:24:47+08:00 ] ::1 /guoji/vshop/admin2/index.php/Public/checkLogin
INFO: [ app_init ] --START--
INFO: Run Behavior\BuildLiteBehavior [ RunTime:0.000017s ]
INFO: [ app_init ] --END-- [ RunTime:0.000089s ]

[ 2015-11-29T03:24:47+08:00 ] ::1 /guoji/vshop/admin2/index.php?c=Public&a=verify&_t=1448738688
INFO: [ app_init ] --START--
INFO: Run Behavior\BuildLiteBehavior [ RunTime:0.000017s ]
INFO: [ app_init ] --END-- [ RunTime:0.000090s ]

[ 2015-11-29T03:25:46+08:00 ] ::1 /guoji/vshop/admin2/index.php/Public/checkLogin
INFO: [ app_init ] --START--
INFO: Run Behavior\BuildLiteBehavior [ RunTime:0.000018s ]
INFO: [ app_init ] --END-- [ RunTime:0.000099s ]

[ 2015-11-29T03:25:46+08:00 ] ::1 /guoji/vshop/admin2/index.php
INFO: [ app_init ] --START--
INFO: Run Behavior\BuildLiteBehavior [ RunTime:0.000019s ]
INFO: [ app_init ] --END-- [ RunTime:0.000103s ]

[ 2015-11-29T03:27:41+08:00 ] ::1 /guoji/vshop/admin2/index.php
INFO: [ app_init ] --START--
INFO: Run Behavior\BuildLiteBehavior [ RunTime:0.000021s ]
INFO: [ app_init ] --END-- [ RunTime:0.000116s ]

[ 2015-11-29T03:27:43+08:00 ] ::1 /guoji/vshop/admin2/index.php
INFO: [ app_init ] --START--
INFO: Run Behavior\BuildLiteBehavior [ RunTime:0.000017s ]
INFO: [ app_init ] --END-- [ RunTime:0.000090s ]

[ 2015-11-29T03:27:43+08:00 ] ::1 /guoji/vshop/admin2/index.php
INFO: [ app_init ] --START--
INFO: Run Behavior\BuildLiteBehavior [ RunTime:0.000018s ]
INFO: [ app_init ] --END-- [ RunTime:0.000095s ]

[ 2015-11-29T03:27:44+08:00 ] ::1 /guoji/vshop/admin2/index.php
INFO: [ app_init ] --START--
INFO: Run Behavior\BuildLiteBehavior [ RunTime:0.000017s ]
INFO: [ app_init ] --END-- [ RunTime:0.000090s ]

[ 2015-11-29T03:27:44+08:00 ] ::1 /guoji/vshop/admin2/index.php
INFO: [ app_init ] --START--
INFO: Run Behavior\BuildLiteBehavior [ RunTime:0.000018s ]
INFO: [ app_init ] --END-- [ RunTime:0.000096s ]

[ 2015-11-29T03:27:44+08:00 ] ::1 /guoji/vshop/admin2/index.php
INFO: [ app_init ] --START--
INFO: Run Behavior\BuildLiteBehavior [ RunTime:0.000018s ]
INFO: [ app_init ] --END-- [ RunTime:0.000090s ]

[ 2015-11-29T03:27:44+08:00 ] ::1 /guoji/vshop/admin2/index.php
INFO: [ app_init ] --START--
INFO: Run Behavior\BuildLiteBehavior [ RunTime:0.000017s ]
INFO: [ app_init ] --END-- [ RunTime:0.000092s ]

[ 2015-11-29T03:27:44+08:00 ] ::1 /guoji/vshop/admin2/index.php
INFO: [ app_init ] --START--
INFO: Run Behavior\BuildLiteBehavior [ RunTime:0.000017s ]
INFO: [ app_init ] --END-- [ RunTime:0.000090s ]

[ 2015-11-29T03:27:44+08:00 ] ::1 /guoji/vshop/admin2/index.php
INFO: [ app_init ] --START--
INFO: Run Behavior\BuildLiteBehavior [ RunTime:0.000017s ]
INFO: [ app_init ] --END-- [ RunTime:0.000091s ]

[ 2015-11-29T03:27:45+08:00 ] ::1 /guoji/vshop/admin2/index.php
INFO: [ app_init ] --START--
INFO: Run Behavior\BuildLiteBehavior [ RunTime:0.000018s ]
INFO: [ app_init ] --END-- [ RunTime:0.000094s ]

[ 2015-11-29T03:27:45+08:00 ] ::1 /guoji/vshop/admin2/index.php
INFO: [ app_init ] --START--
INFO: Run Behavior\BuildLiteBehavior [ RunTime:0.000016s ]
INFO: [ app_init ] --END-- [ RunTime:0.000090s ]

[ 2015-11-29T03:27:45+08:00 ] ::1 /guoji/vshop/admin2/index.php
INFO: [ app_init ] --START--
INFO: Run Behavior\BuildLiteBehavior [ RunTime:0.000019s ]
INFO: [ app_init ] --END-- [ RunTime:0.000101s ]

[ 2015-11-29T03:27:45+08:00 ] ::1 /guoji/vshop/admin2/index.php
INFO: [ app_init ] --START--
INFO: Run Behavior\BuildLiteBehavior [ RunTime:0.000018s ]
INFO: [ app_init ] --END-- [ RunTime:0.000096s ]

[ 2015-11-29T03:28:16+08:00 ] ::1 /guoji/vshop/admin2/index.php
INFO: [ app_init ] --START--
INFO: Run Behavior\BuildLiteBehavior [ RunTime:0.000022s ]
INFO: [ app_init ] --END-- [ RunTime:0.000142s ]

[ 2015-11-29T03:28:18+08:00 ] ::1 /guoji/vshop/admin2/index.php?c=Article
INFO: [ app_init ] --START--
INFO: Run Behavior\BuildLiteBehavior [ RunTime:0.000016s ]
INFO: [ app_init ] --END-- [ RunTime:0.000091s ]

[ 2015-11-29T03:28:38+08:00 ] ::1 /guoji/vshop/admin2/index.php?c=Member
INFO: [ app_init ] --START--
INFO: Run Behavior\BuildLiteBehavior [ RunTime:0.000017s ]
INFO: [ app_init ] --END-- [ RunTime:0.000090s ]

[ 2015-11-29T03:28:41+08:00 ] ::1 /guoji/vshop/admin2/index.php/Member/edit/id/10108
INFO: [ app_init ] --START--
INFO: Run Behavior\BuildLiteBehavior [ RunTime:0.000018s ]
INFO: [ app_init ] --END-- [ RunTime:0.000092s ]

[ 2015-11-29T03:28:46+08:00 ] ::1 /guoji/vshop/admin2/index.php/Member/head/id/10108
INFO: [ app_init ] --START--
INFO: Run Behavior\BuildLiteBehavior [ RunTime:0.000016s ]
INFO: [ app_init ] --END-- [ RunTime:0.000088s ]

[ 2015-11-29T03:28:50+08:00 ] ::1 /guoji/vshop/admin2/index.php/Member/head_up
INFO: [ app_init ] --START--
INFO: Run Behavior\BuildLiteBehavior [ RunTime:0.000015s ]
INFO: [ app_init ] --END-- [ RunTime:0.000088s ]

[ 2015-11-29T03:28:53+08:00 ] ::1 /guoji/vshop/admin2/index.php/Member/head/id/10108
INFO: [ app_init ] --START--
INFO: Run Behavior\BuildLiteBehavior [ RunTime:0.000019s ]
INFO: [ app_init ] --END-- [ RunTime:0.000099s ]

[ 2015-11-29T03:28:55+08:00 ] ::1 /guoji/vshop/admin2/index.php/Member/head/id/10108
INFO: [ app_init ] --START--
INFO: Run Behavior\BuildLiteBehavior [ RunTime:0.000017s ]
INFO: [ app_init ] --END-- [ RunTime:0.000093s ]

[ 2015-11-29T03:28:56+08:00 ] ::1 /guoji/vshop/admin2/index.php/Member/head/id/10108
INFO: [ app_init ] --START--
INFO: Run Behavior\BuildLiteBehavior [ RunTime:0.000018s ]
INFO: [ app_init ] --END-- [ RunTime:0.000093s ]

[ 2015-11-29T03:29:29+08:00 ] ::1 /guoji/vshop/admin2/index.php/Member/head_up
INFO: [ app_init ] --START--
INFO: Run Behavior\BuildLiteBehavior [ RunTime:0.000015s ]
INFO: [ app_init ] --END-- [ RunTime:0.000091s ]

[ 2015-11-29T03:29:32+08:00 ] ::1 /guoji/vshop/admin2/index.php/Member/head/id/10108
INFO: [ app_init ] --START--
INFO: Run Behavior\BuildLiteBehavior [ RunTime:0.000016s ]
INFO: [ app_init ] --END-- [ RunTime:0.000091s ]

[ 2015-11-29T03:31:08+08:00 ] ::1 /guoji/vshop/admin2/index.php/Member/head/id/10108
INFO: [ app_init ] --START--
INFO: Run Behavior\BuildLiteBehavior [ RunTime:0.000023s ]
INFO: [ app_init ] --END-- [ RunTime:0.000114s ]

[ 2015-11-29T03:31:11+08:00 ] ::1 /guoji/vshop/admin2/index.php/Member
INFO: [ app_init ] --START--
INFO: Run Behavior\BuildLiteBehavior [ RunTime:0.000017s ]
INFO: [ app_init ] --END-- [ RunTime:0.000089s ]

[ 2015-11-29T03:31:13+08:00 ] ::1 /guoji/vshop/admin2/index.php/Member/edit/id/10108
INFO: [ app_init ] --START--
INFO: Run Behavior\BuildLiteBehavior [ RunTime:0.000017s ]
INFO: [ app_init ] --END-- [ RunTime:0.000089s ]

[ 2015-11-29T03:31:44+08:00 ] ::1 /guoji/vshop/admin2/index.php/Member/head/id/10108
INFO: [ app_init ] --START--
INFO: Run Behavior\BuildLiteBehavior [ RunTime:0.000017s ]
INFO: [ app_init ] --END-- [ RunTime:0.000092s ]

[ 2015-11-29T03:31:47+08:00 ] ::1 /guoji/vshop/admin2/index.php/Member/head_up
INFO: [ app_init ] --START--
INFO: Run Behavior\BuildLiteBehavior [ RunTime:0.000017s ]
INFO: [ app_init ] --END-- [ RunTime:0.000091s ]

[ 2015-11-29T03:31:52+08:00 ] ::1 /guoji/vshop/admin2/index.php/Member/head/id/10108
INFO: [ app_init ] --START--
INFO: Run Behavior\BuildLiteBehavior [ RunTime:0.000018s ]
INFO: [ app_init ] --END-- [ RunTime:0.000096s ]

[ 2015-11-29T03:31:53+08:00 ] ::1 /guoji/vshop/admin2/index.php/Member/head/id/10108
INFO: [ app_init ] --START--
INFO: Run Behavior\BuildLiteBehavior [ RunTime:0.000019s ]
INFO: [ app_init ] --END-- [ RunTime:0.000126s ]

[ 2015-11-29T03:31:53+08:00 ] ::1 /guoji/vshop/admin2/index.php/Member/head/id/10108
INFO: [ app_init ] --START--
INFO: Run Behavior\BuildLiteBehavior [ RunTime:0.000019s ]
INFO: [ app_init ] --END-- [ RunTime:0.000122s ]

[ 2015-11-29T03:35:09+08:00 ] ::1 /guoji/vshop/admin2/index.php/Member/head/id/10108
INFO: [ app_init ] --START--
INFO: Run Behavior\BuildLiteBehavior [ RunTime:0.000017s ]
INFO: [ app_init ] --END-- [ RunTime:0.000100s ]

[ 2015-11-29T03:35:17+08:00 ] ::1 /guoji/vshop/admin2/index.php/Member/head/id/10108
INFO: [ app_init ] --START--
INFO: Run Behavior\BuildLiteBehavior [ RunTime:0.000018s ]
INFO: [ app_init ] --END-- [ RunTime:0.000094s ]

[ 2015-11-29T03:35:18+08:00 ] ::1 /guoji/vshop/admin2/index.php/Member/head/id/10108
INFO: [ app_init ] --START--
INFO: Run Behavior\BuildLiteBehavior [ RunTime:0.000017s ]
INFO: [ app_init ] --END-- [ RunTime:0.000093s ]

[ 2015-11-29T03:35:19+08:00 ] ::1 /guoji/vshop/admin2/index.php/Member/head_up
INFO: [ app_init ] --START--
INFO: Run Behavior\BuildLiteBehavior [ RunTime:0.000019s ]
INFO: [ app_init ] --END-- [ RunTime:0.000099s ]

[ 2015-11-29T03:35:30+08:00 ] ::1 /guoji/vshop/admin2/index.php/Member/head/id/10108
INFO: [ app_init ] --START--
INFO: Run Behavior\BuildLiteBehavior [ RunTime:0.000020s ]
INFO: [ app_init ] --END-- [ RunTime:0.000106s ]

[ 2015-11-29T03:36:33+08:00 ] ::1 /guoji/vshop/admin2/index.php/Member/head/id/10108
INFO: [ app_init ] --START--
INFO: Run Behavior\BuildLiteBehavior [ RunTime:0.000019s ]
INFO: [ app_init ] --END-- [ RunTime:0.000095s ]

[ 2015-11-29T03:36:36+08:00 ] ::1 /guoji/vshop/admin2/index.php/Member/head_up
INFO: [ app_init ] --START--
INFO: Run Behavior\BuildLiteBehavior [ RunTime:0.000053s ]
INFO: [ app_init ] --END-- [ RunTime:0.000149s ]

[ 2015-11-29T03:36:50+08:00 ] ::1 /guoji/vshop/admin2/index.php/Member/head/id/10108
INFO: [ app_init ] --START--
INFO: Run Behavior\BuildLiteBehavior [ RunTime:0.000021s ]
INFO: [ app_init ] --END-- [ RunTime:0.000129s ]

[ 2015-11-29T03:36:50+08:00 ] ::1 /guoji/vshop/admin2/index.php/Member/head/id/10108
INFO: [ app_init ] --START--
INFO: Run Behavior\BuildLiteBehavior [ RunTime:0.000016s ]
INFO: [ app_init ] --END-- [ RunTime:0.000091s ]

[ 2015-11-29T03:36:51+08:00 ] ::1 /guoji/vshop/admin2/index.php/Member/head/id/10108
INFO: [ app_init ] --START--
INFO: Run Behavior\BuildLiteBehavior [ RunTime:0.000018s ]
INFO: [ app_init ] --END-- [ RunTime:0.000098s ]

[ 2015-11-29T03:36:51+08:00 ] ::1 /guoji/vshop/admin2/index.php/Member/head/id/10108
INFO: [ app_init ] --START--
INFO: Run Behavior\BuildLiteBehavior [ RunTime:0.000020s ]
INFO: [ app_init ] --END-- [ RunTime:0.000104s ]

[ 2015-11-29T03:36:52+08:00 ] ::1 /guoji/vshop/admin2/index.php/Member/head/id/10108
INFO: [ app_init ] --START--
INFO: Run Behavior\BuildLiteBehavior [ RunTime:0.000023s ]
INFO: [ app_init ] --END-- [ RunTime:0.000129s ]

[ 2015-11-29T03:36:55+08:00 ] ::1 /guoji/vshop/admin2/index.php/Member/head_up
INFO: [ app_init ] --START--
INFO: Run Behavior\BuildLiteBehavior [ RunTime:0.000016s ]
INFO: [ app_init ] --END-- [ RunTime:0.000096s ]

[ 2015-11-29T03:37:07+08:00 ] ::1 /guoji/vshop/admin2/index.php/Member/head/id/10108
INFO: [ app_init ] --START--
INFO: Run Behavior\BuildLiteBehavior [ RunTime:0.000019s ]
INFO: [ app_init ] --END-- [ RunTime:0.000113s ]

[ 2015-11-29T03:37:59+08:00 ] ::1 /guoji/vshop/admin2/index.php/Member/head/id/10108
INFO: [ app_init ] --START--
INFO: Run Behavior\BuildLiteBehavior [ RunTime:0.000017s ]
INFO: [ app_init ] --END-- [ RunTime:0.000096s ]

[ 2015-11-29T03:38:00+08:00 ] ::1 /guoji/vshop/admin2/index.php/Member/head/id/10108
INFO: [ app_init ] --START--
INFO: Run Behavior\BuildLiteBehavior [ RunTime:0.000025s ]
INFO: [ app_init ] --END-- [ RunTime:0.000164s ]

[ 2015-11-29T03:38:02+08:00 ] ::1 /guoji/vshop/admin2/index.php/Member/head_up
INFO: [ app_init ] --START--
INFO: Run Behavior\BuildLiteBehavior [ RunTime:0.000018s ]
INFO: [ app_init ] --END-- [ RunTime:0.000097s ]

[ 2015-11-29T03:38:29+08:00 ] ::1 /guoji/vshop/admin2/index.php/Member/head/id/10108
INFO: [ app_init ] --START--
INFO: Run Behavior\BuildLiteBehavior [ RunTime:0.000019s ]
INFO: [ app_init ] --END-- [ RunTime:0.000111s ]

[ 2015-11-29T03:40:18+08:00 ] ::1 /guoji/vshop/admin2/index.php/Member/head/id/10108
INFO: [ app_init ] --START--
INFO: Run Behavior\BuildLiteBehavior [ RunTime:0.000018s ]
INFO: [ app_init ] --END-- [ RunTime:0.000097s ]

[ 2015-11-29T03:40:20+08:00 ] ::1 /guoji/vshop/admin2/index.php/Member/head/id/10108
INFO: [ app_init ] --START--
INFO: Run Behavior\BuildLiteBehavior [ RunTime:0.000018s ]
INFO: [ app_init ] --END-- [ RunTime:0.000095s ]

[ 2015-11-29T03:40:23+08:00 ] ::1 /guoji/vshop/admin2/index.php/Member/head_up
INFO: [ app_init ] --START--
INFO: Run Behavior\BuildLiteBehavior [ RunTime:0.000020s ]
INFO: [ app_init ] --END-- [ RunTime:0.000104s ]

[ 2015-11-29T03:40:25+08:00 ] ::1 /guoji/vshop/admin2/index.php/Member/head/id/10108
INFO: [ app_init ] --START--
INFO: Run Behavior\BuildLiteBehavior [ RunTime:0.000019s ]
INFO: [ app_init ] --END-- [ RunTime:0.000102s ]

[ 2015-11-29T03:40:31+08:00 ] ::1 /guoji/vshop/admin2/index.php/Member/head/id/10108
INFO: [ app_init ] --START--
INFO: Run Behavior\BuildLiteBehavior [ RunTime:0.000019s ]
INFO: [ app_init ] --END-- [ RunTime:0.000095s ]

[ 2015-11-29T03:40:34+08:00 ] ::1 /guoji/vshop/admin2/index.php/Member/head/id/10108
INFO: [ app_init ] --START--
INFO: Run Behavior\BuildLiteBehavior [ RunTime:0.000017s ]
INFO: [ app_init ] --END-- [ RunTime:0.000094s ]

[ 2015-11-29T03:40:57+08:00 ] ::1 /guoji/vshop/admin2/index.php/Member/head_up
INFO: [ app_init ] --START--
INFO: Run Behavior\BuildLiteBehavior [ RunTime:0.000018s ]
INFO: [ app_init ] --END-- [ RunTime:0.000096s ]

[ 2015-11-29T03:41:00+08:00 ] ::1 /guoji/vshop/admin2/index.php/Member/head/id/10108
INFO: [ app_init ] --START--
INFO: Run Behavior\BuildLiteBehavior [ RunTime:0.000020s ]
INFO: [ app_init ] --END-- [ RunTime:0.000109s ]

[ 2015-11-29T03:42:05+08:00 ] ::1 /guoji/vshop/admin2/index.php/Member/head/id/10108
INFO: [ app_init ] --START--
INFO: Run Behavior\BuildLiteBehavior [ RunTime:0.000019s ]
INFO: [ app_init ] --END-- [ RunTime:0.000098s ]

[ 2015-11-29T03:43:40+08:00 ] ::1 /guoji/vshop/admin2/index.php/Member/head/id/10108
INFO: [ app_init ] --START--
INFO: Run Behavior\BuildLiteBehavior [ RunTime:0.000019s ]
INFO: [ app_init ] --END-- [ RunTime:0.000098s ]

[ 2015-11-29T03:43:42+08:00 ] ::1 /guoji/vshop/admin2/index.php/Member/head/id/10108
INFO: [ app_init ] --START--
INFO: Run Behavior\BuildLiteBehavior [ RunTime:0.000018s ]
INFO: [ app_init ] --END-- [ RunTime:0.000094s ]

[ 2015-11-29T03:43:42+08:00 ] ::1 /guoji/vshop/admin2/index.php/Member/head/id/10108
INFO: [ app_init ] --START--
INFO: Run Behavior\BuildLiteBehavior [ RunTime:0.000019s ]
INFO: [ app_init ] --END-- [ RunTime:0.000095s ]

[ 2015-11-29T03:43:42+08:00 ] ::1 /guoji/vshop/admin2/index.php/Member/head/id/10108
INFO: [ app_init ] --START--
INFO: Run Behavior\BuildLiteBehavior [ RunTime:0.000019s ]
INFO: [ app_init ] --END-- [ RunTime:0.000098s ]

[ 2015-11-29T03:43:55+08:00 ] ::1 /guoji/vshop/admin2/index.php/Member/head/id/10108
INFO: [ app_init ] --START--
INFO: Run Behavior\BuildLiteBehavior [ RunTime:0.000018s ]
INFO: [ app_init ] --END-- [ RunTime:0.000096s ]

[ 2015-11-29T03:44:02+08:00 ] ::1 /guoji/vshop/admin2/index.php/Member/head/id/10108
INFO: [ app_init ] --START--
INFO: Run Behavior\BuildLiteBehavior [ RunTime:0.000020s ]
INFO: [ app_init ] --END-- [ RunTime:0.000098s ]

[ 2015-11-29T03:44:03+08:00 ] ::1 /guoji/vshop/admin2/index.php/Member/head/id/10108
INFO: [ app_init ] --START--
INFO: Run Behavior\BuildLiteBehavior [ RunTime:0.000017s ]
INFO: [ app_init ] --END-- [ RunTime:0.000094s ]

[ 2015-11-29T03:44:03+08:00 ] ::1 /guoji/vshop/admin2/index.php/Member/head/id/10108
INFO: [ app_init ] --START--
INFO: Run Behavior\BuildLiteBehavior [ RunTime:0.000020s ]
INFO: [ app_init ] --END-- [ RunTime:0.000101s ]

[ 2015-11-29T03:44:12+08:00 ] ::1 /guoji/vshop/admin2/index.php/Member/head/id/10108
INFO: [ app_init ] --START--
INFO: Run Behavior\BuildLiteBehavior [ RunTime:0.000023s ]
INFO: [ app_init ] --END-- [ RunTime:0.000115s ]

[ 2015-11-29T03:44:12+08:00 ] ::1 /guoji/vshop/admin2/index.php/Member/head/id/10108
INFO: [ app_init ] --START--
INFO: Run Behavior\BuildLiteBehavior [ RunTime:0.000021s ]
INFO: [ app_init ] --END-- [ RunTime:0.000106s ]

[ 2015-11-29T03:44:13+08:00 ] ::1 /guoji/vshop/admin2/index.php/Member/head/id/10108
INFO: [ app_init ] --START--
INFO: Run Behavior\BuildLiteBehavior [ RunTime:0.000019s ]
INFO: [ app_init ] --END-- [ RunTime:0.000100s ]

[ 2015-11-29T03:44:13+08:00 ] ::1 /guoji/vshop/admin2/index.php/Member/head/id/10108
INFO: [ app_init ] --START--
INFO: Run Behavior\BuildLiteBehavior [ RunTime:0.000017s ]
INFO: [ app_init ] --END-- [ RunTime:0.000099s ]

[ 2015-11-29T03:44:13+08:00 ] ::1 /guoji/vshop/admin2/index.php/Member/head/id/10108
INFO: [ app_init ] --START--
INFO: Run Behavior\BuildLiteBehavior [ RunTime:0.000016s ]
INFO: [ app_init ] --END-- [ RunTime:0.000095s ]

[ 2015-11-29T03:44:13+08:00 ] ::1 /guoji/vshop/admin2/index.php/Member/head/id/10108
INFO: [ app_init ] --START--
INFO: Run Behavior\BuildLiteBehavior [ RunTime:0.000018s ]
INFO: [ app_init ] --END-- [ RunTime:0.000097s ]

[ 2015-11-29T03:44:13+08:00 ] ::1 /guoji/vshop/admin2/index.php/Member/head/id/10108
INFO: [ app_init ] --START--
INFO: Run Behavior\BuildLiteBehavior [ RunTime:0.000019s ]
INFO: [ app_init ] --END-- [ RunTime:0.000095s ]

[ 2015-11-29T03:44:13+08:00 ] ::1 /guoji/vshop/admin2/index.php/Member/head/id/10108
INFO: [ app_init ] --START--
INFO: Run Behavior\BuildLiteBehavior [ RunTime:0.000020s ]
INFO: [ app_init ] --END-- [ RunTime:0.000106s ]

[ 2015-11-29T03:44:14+08:00 ] ::1 /guoji/vshop/admin2/index.php/Member/head/id/10108
INFO: [ app_init ] --START--
INFO: Run Behavior\BuildLiteBehavior [ RunTime:0.000018s ]
INFO: [ app_init ] --END-- [ RunTime:0.000099s ]

[ 2015-11-29T03:44:14+08:00 ] ::1 /guoji/vshop/admin2/index.php/Member/head/id/10108
INFO: [ app_init ] --START--
INFO: Run Behavior\BuildLiteBehavior [ RunTime:0.000019s ]
INFO: [ app_init ] --END-- [ RunTime:0.000098s ]

[ 2015-11-29T03:44:14+08:00 ] ::1 /guoji/vshop/admin2/index.php/Member/head/id/10108
INFO: [ app_init ] --START--
INFO: Run Behavior\BuildLiteBehavior [ RunTime:0.000018s ]
INFO: [ app_init ] --END-- [ RunTime:0.000104s ]

[ 2015-11-29T03:44:47+08:00 ] ::1 /guoji/vshop/admin2/index.php/Member/head/id/10108
INFO: [ app_init ] --START--
INFO: Run Behavior\BuildLiteBehavior [ RunTime:0.000018s ]
INFO: [ app_init ] --END-- [ RunTime:0.000098s ]

[ 2015-11-29T03:44:47+08:00 ] ::1 /guoji/vshop/admin2/index.php/Member/head/id/10108
INFO: [ app_init ] --START--
INFO: Run Behavior\BuildLiteBehavior [ RunTime:0.000018s ]
INFO: [ app_init ] --END-- [ RunTime:0.000099s ]

[ 2015-11-29T03:44:47+08:00 ] ::1 /guoji/vshop/admin2/index.php/Member/head/id/10108
INFO: [ app_init ] --START--
INFO: Run Behavior\BuildLiteBehavior [ RunTime:0.000017s ]
INFO: [ app_init ] --END-- [ RunTime:0.000118s ]

[ 2015-11-29T03:44:47+08:00 ] ::1 /guoji/vshop/admin2/index.php/Member/head/id/10108
INFO: [ app_init ] --START--
INFO: Run Behavior\BuildLiteBehavior [ RunTime:0.000019s ]
INFO: [ app_init ] --END-- [ RunTime:0.000097s ]

[ 2015-11-29T03:44:48+08:00 ] ::1 /guoji/vshop/admin2/index.php/Member/head/id/10108
INFO: [ app_init ] --START--
INFO: Run Behavior\BuildLiteBehavior [ RunTime:0.000018s ]
INFO: [ app_init ] --END-- [ RunTime:0.000096s ]

[ 2015-11-29T03:44:48+08:00 ] ::1 /guoji/vshop/admin2/index.php/Member/head/id/10108
INFO: [ app_init ] --START--
INFO: Run Behavior\BuildLiteBehavior [ RunTime:0.000019s ]
INFO: [ app_init ] --END-- [ RunTime:0.000103s ]

[ 2015-11-29T03:46:58+08:00 ] ::1 /guoji/vshop/admin2/index.php/Member/head/id/10108
INFO: [ app_init ] --START--
INFO: Run Behavior\BuildLiteBehavior [ RunTime:0.000019s ]
INFO: [ app_init ] --END-- [ RunTime:0.000107s ]

[ 2015-11-29T03:46:58+08:00 ] ::1 /guoji/vshop/admin2/index.php/Member/head/id/10108
INFO: [ app_init ] --START--
INFO: Run Behavior\BuildLiteBehavior [ RunTime:0.000020s ]
INFO: [ app_init ] --END-- [ RunTime:0.000104s ]

[ 2015-11-29T03:46:59+08:00 ] ::1 /guoji/vshop/admin2/index.php/Member/head/id/10108
INFO: [ app_init ] --START--
INFO: Run Behavior\BuildLiteBehavior [ RunTime:0.000019s ]
INFO: [ app_init ] --END-- [ RunTime:0.000101s ]

[ 2015-11-29T03:47:10+08:00 ] ::1 /guoji/vshop/admin2/index.php/Member/head/id/10108
INFO: [ app_init ] --START--
INFO: Run Behavior\BuildLiteBehavior [ RunTime:0.000019s ]
INFO: [ app_init ] --END-- [ RunTime:0.000104s ]

[ 2015-11-29T03:47:41+08:00 ] ::1 /guoji/vshop/admin2/index.php/Member/head/id/10108
INFO: [ app_init ] --START--
INFO: Run Behavior\BuildLiteBehavior [ RunTime:0.000018s ]
INFO: [ app_init ] --END-- [ RunTime:0.000096s ]

[ 2015-11-29T03:47:42+08:00 ] ::1 /guoji/vshop/admin2/index.php/Member/head/id/10108
INFO: [ app_init ] --START--
INFO: Run Behavior\BuildLiteBehavior [ RunTime:0.000018s ]
INFO: [ app_init ] --END-- [ RunTime:0.000099s ]

[ 2015-11-29T03:47:42+08:00 ] ::1 /guoji/vshop/admin2/index.php/Member/head/id/10108
INFO: [ app_init ] --START--
INFO: Run Behavior\BuildLiteBehavior [ RunTime:0.000018s ]
INFO: [ app_init ] --END-- [ RunTime:0.000095s ]

[ 2015-11-29T03:48:11+08:00 ] ::1 /guoji/vshop/admin2/index.php/Member/head/id/10108
INFO: [ app_init ] --START--
INFO: Run Behavior\BuildLiteBehavior [ RunTime:0.000020s ]
INFO: [ app_init ] --END-- [ RunTime:0.000101s ]

[ 2015-11-29T03:48:20+08:00 ] ::1 /guoji/vshop/admin2/index.php/Member/head/id/10108
INFO: [ app_init ] --START--
INFO: Run Behavior\BuildLiteBehavior [ RunTime:0.000020s ]
INFO: [ app_init ] --END-- [ RunTime:0.000100s ]

[ 2015-11-29T03:48:30+08:00 ] ::1 /guoji/vshop/admin2/index.php/Member/head/id/10108
INFO: [ app_init ] --START--
INFO: Run Behavior\BuildLiteBehavior [ RunTime:0.000021s ]
INFO: [ app_init ] --END-- [ RunTime:0.000110s ]

[ 2015-11-29T03:49:02+08:00 ] ::1 /guoji/vshop/admin2/index.php/Member/head/id/10108
INFO: [ app_init ] --START--
INFO: Run Behavior\BuildLiteBehavior [ RunTime:0.000021s ]
INFO: [ app_init ] --END-- [ RunTime:0.000109s ]

[ 2015-11-29T03:53:48+08:00 ] ::1 /guoji/vshop/admin2/index.php/Member/head/id/10108
INFO: [ app_init ] --START--
INFO: Run Behavior\BuildLiteBehavior [ RunTime:0.000021s ]
INFO: [ app_init ] --END-- [ RunTime:0.000106s ]

[ 2015-11-29T03:53:49+08:00 ] ::1 /guoji/vshop/admin2/index.php/Member/head/id/10108
INFO: [ app_init ] --START--
INFO: Run Behavior\BuildLiteBehavior [ RunTime:0.000020s ]
INFO: [ app_init ] --END-- [ RunTime:0.000101s ]

[ 2015-11-29T03:53:52+08:00 ] ::1 /guoji/vshop/admin2/index.php/Member/head_up
INFO: [ app_init ] --START--
INFO: Run Behavior\BuildLiteBehavior [ RunTime:0.000017s ]
INFO: [ app_init ] --END-- [ RunTime:0.000098s ]

[ 2015-11-29T03:53:58+08:00 ] ::1 /guoji/vshop/admin2/index.php/Member/head/id/10108
INFO: [ app_init ] --START--
INFO: Run Behavior\BuildLiteBehavior [ RunTime:0.000020s ]
INFO: [ app_init ] --END-- [ RunTime:0.000109s ]

[ 2015-11-29T03:54:00+08:00 ] ::1 /guoji/vshop/admin2/index.php/Member/head/id/10108
INFO: [ app_init ] --START--
INFO: Run Behavior\BuildLiteBehavior [ RunTime:0.000019s ]
INFO: [ app_init ] --END-- [ RunTime:0.000099s ]

[ 2015-11-29T03:54:02+08:00 ] ::1 /guoji/vshop/admin2/index.php/Member/head/id/10108
INFO: [ app_init ] --START--
INFO: Run Behavior\BuildLiteBehavior [ RunTime:0.000017s ]
INFO: [ app_init ] --END-- [ RunTime:0.000096s ]

[ 2015-11-29T03:54:23+08:00 ] ::1 /guoji/vshop/admin2/index.php/Member/head_up
INFO: [ app_init ] --START--
INFO: Run Behavior\BuildLiteBehavior [ RunTime:0.000016s ]
INFO: [ app_init ] --END-- [ RunTime:0.000098s ]

[ 2015-11-29T03:54:25+08:00 ] ::1 /guoji/vshop/admin2/index.php/Member/head/id/10108
INFO: [ app_init ] --START--
INFO: Run Behavior\BuildLiteBehavior [ RunTime:0.000019s ]
INFO: [ app_init ] --END-- [ RunTime:0.000104s ]

[ 2015-11-29T03:54:26+08:00 ] ::1 /guoji/vshop/admin2/index.php/Member/head/id/10108
INFO: [ app_init ] --START--
INFO: Run Behavior\BuildLiteBehavior [ RunTime:0.000017s ]
INFO: [ app_init ] --END-- [ RunTime:0.000095s ]

[ 2015-11-29T03:55:18+08:00 ] ::1 /guoji/vshop/admin2/index.php/Member/head/id/10108
INFO: [ app_init ] --START--
INFO: Run Behavior\BuildLiteBehavior [ RunTime:0.000017s ]
INFO: [ app_init ] --END-- [ RunTime:0.000098s ]

[ 2015-11-29T03:55:20+08:00 ] ::1 /guoji/vshop/admin2/index.php/Member/head_up
INFO: [ app_init ] --START--
INFO: Run Behavior\BuildLiteBehavior [ RunTime:0.000018s ]
INFO: [ app_init ] --END-- [ RunTime:0.000095s ]

[ 2015-11-29T03:55:22+08:00 ] ::1 /guoji/vshop/admin2/index.php/Member/head/id/10108?1448740518
INFO: [ app_init ] --START--
INFO: Run Behavior\BuildLiteBehavior [ RunTime:0.000019s ]
INFO: [ app_init ] --END-- [ RunTime:0.000103s ]

[ 2015-11-29T03:55:24+08:00 ] ::1 /guoji/vshop/admin2/index.php/Member/head/id/10108
INFO: [ app_init ] --START--
INFO: Run Behavior\BuildLiteBehavior [ RunTime:0.000017s ]
INFO: [ app_init ] --END-- [ RunTime:0.000094s ]

[ 2015-11-29T03:55:38+08:00 ] ::1 /guoji/vshop/admin2/index.php/Member/head_up
INFO: [ app_init ] --START--
INFO: Run Behavior\BuildLiteBehavior [ RunTime:0.000018s ]
INFO: [ app_init ] --END-- [ RunTime:0.000095s ]

[ 2015-11-29T03:55:46+08:00 ] ::1 /guoji/vshop/admin2/index.php/Member/head/id/10108?1448740524
INFO: [ app_init ] --START--
INFO: Run Behavior\BuildLiteBehavior [ RunTime:0.000023s ]
INFO: [ app_init ] --END-- [ RunTime:0.000112s ]

[ 2015-11-29T03:55:47+08:00 ] ::1 /guoji/vshop/admin2/index.php/Member/head/id/10108
INFO: [ app_init ] --START--
INFO: Run Behavior\BuildLiteBehavior [ RunTime:0.000018s ]
INFO: [ app_init ] --END-- [ RunTime:0.000108s ]

[ 2015-11-29T03:55:55+08:00 ] ::1 /guoji/vshop/admin2/index.php/Member/head_up
INFO: [ app_init ] --START--
INFO: Run Behavior\BuildLiteBehavior [ RunTime:0.000018s ]
INFO: [ app_init ] --END-- [ RunTime:0.000097s ]

[ 2015-11-29T03:55:57+08:00 ] ::1 /guoji/vshop/admin2/index.php/Member/head/id/10108?1448740547
INFO: [ app_init ] --START--
INFO: Run Behavior\BuildLiteBehavior [ RunTime:0.000018s ]
INFO: [ app_init ] --END-- [ RunTime:0.000096s ]

[ 2015-11-29T03:55:59+08:00 ] ::1 /guoji/vshop/admin2/index.php/Member/head/id/10108
INFO: [ app_init ] --START--
INFO: Run Behavior\BuildLiteBehavior [ RunTime:0.000017s ]
INFO: [ app_init ] --END-- [ RunTime:0.000094s ]

[ 2015-11-29T03:56:08+08:00 ] ::1 /guoji/vshop/admin2/index.php/Member/head_up
INFO: [ app_init ] --START--
INFO: Run Behavior\BuildLiteBehavior [ RunTime:0.000018s ]
INFO: [ app_init ] --END-- [ RunTime:0.000095s ]

[ 2015-11-29T03:56:12+08:00 ] ::1 /guoji/vshop/admin2/index.php/Member/head/id/10108?1448740559
INFO: [ app_init ] --START--
INFO: Run Behavior\BuildLiteBehavior [ RunTime:0.000017s ]
INFO: [ app_init ] --END-- [ RunTime:0.000093s ]

[ 2015-11-29T03:56:13+08:00 ] ::1 /guoji/vshop/admin2/index.php/Member/head/id/10108
INFO: [ app_init ] --START--
INFO: Run Behavior\BuildLiteBehavior [ RunTime:0.000018s ]
INFO: [ app_init ] --END-- [ RunTime:0.000097s ]

[ 2015-11-29T10:59:30+08:00 ] ::1 /guoji/vshop/admin2/index.php/Member/head/id/10108
INFO: [ app_init ] --START--
INFO: Run Behavior\BuildLiteBehavior [ RunTime:0.000022s ]
INFO: [ app_init ] --END-- [ RunTime:0.000916s ]

[ 2015-11-29T10:59:30+08:00 ] ::1 /guoji/vshop/admin2/index.php?c=Public&a=login
INFO: [ app_init ] --START--
INFO: Run Behavior\BuildLiteBehavior [ RunTime:0.000017s ]
INFO: [ app_init ] --END-- [ RunTime:0.000090s ]

[ 2015-11-29T10:59:30+08:00 ] ::1 /guoji/vshop/admin2/index.php?c=Public&a=verify
INFO: [ app_init ] --START--
INFO: Run Behavior\BuildLiteBehavior [ RunTime:0.000019s ]
INFO: [ app_init ] --END-- [ RunTime:0.000092s ]

[ 2015-11-29T10:59:32+08:00 ] ::1 /guoji/vshop/admin2/index.php/Public/checkLogin
INFO: [ app_init ] --START--
INFO: Run Behavior\BuildLiteBehavior [ RunTime:0.000018s ]
INFO: [ app_init ] --END-- [ RunTime:0.000089s ]

[ 2015-11-29T10:59:32+08:00 ] ::1 /guoji/vshop/admin2/index.php
INFO: [ app_init ] --START--
INFO: Run Behavior\BuildLiteBehavior [ RunTime:0.000016s ]
INFO: [ app_init ] --END-- [ RunTime:0.000090s ]

[ 2015-11-29T14:20:42+08:00 ] ::1 /guoji/vshop/admin2/index.php/Product/search_spec/pid/2
INFO: [ app_init ] --START--
INFO: Run Behavior\BuildLiteBehavior [ RunTime:0.000016s ]
INFO: [ app_init ] --END-- [ RunTime:0.000099s ]

[ 2015-11-29T14:20:43+08:00 ] ::1 /guoji/vshop/admin2/index.php?c=Public&a=login
INFO: [ app_init ] --START--
INFO: Run Behavior\BuildLiteBehavior [ RunTime:0.000017s ]
INFO: [ app_init ] --END-- [ RunTime:0.000097s ]

[ 2015-11-29T14:20:43+08:00 ] ::1 /guoji/vshop/admin2/index.php?c=Public&a=verify
INFO: [ app_init ] --START--
INFO: Run Behavior\BuildLiteBehavior [ RunTime:0.000021s ]
INFO: [ app_init ] --END-- [ RunTime:0.000112s ]

[ 2015-11-29T14:20:45+08:00 ] ::1 /guoji/vshop/admin2/index.php/Public/checkLogin
INFO: [ app_init ] --START--
INFO: Run Behavior\BuildLiteBehavior [ RunTime:0.000016s ]
INFO: [ app_init ] --END-- [ RunTime:0.000095s ]

[ 2015-11-29T14:20:45+08:00 ] ::1 /guoji/vshop/admin2/index.php
INFO: [ app_init ] --START--
INFO: Run Behavior\BuildLiteBehavior [ RunTime:0.000018s ]
INFO: [ app_init ] --END-- [ RunTime:0.000103s ]

[ 2015-11-29T14:20:52+08:00 ] ::1 /guoji/vshop/admin2/index.php?c=Article
INFO: [ app_init ] --START--
INFO: Run Behavior\BuildLiteBehavior [ RunTime:0.000022s ]
INFO: [ app_init ] --END-- [ RunTime:0.000123s ]

[ 2015-11-29T14:20:53+08:00 ] ::1 /guoji/vshop/admin2/index.php?c=Product
INFO: [ app_init ] --START--
INFO: Run Behavior\BuildLiteBehavior [ RunTime:0.000018s ]
INFO: [ app_init ] --END-- [ RunTime:0.000099s ]

[ 2015-11-29T14:20:55+08:00 ] ::1 /guoji/vshop/admin2/index.php?c=Product
INFO: [ app_init ] --START--
INFO: Run Behavior\BuildLiteBehavior [ RunTime:0.000018s ]
INFO: [ app_init ] --END-- [ RunTime:0.000099s ]

[ 2015-11-29T14:20:57+08:00 ] ::1 /guoji/vshop/admin2/index.php/Product/edit/id/12
INFO: [ app_init ] --START--
INFO: Run Behavior\BuildLiteBehavior [ RunTime:0.000019s ]
INFO: [ app_init ] --END-- [ RunTime:0.000102s ]

[ 2015-11-29T14:20:58+08:00 ] ::1 /guoji/vshop/admin2/index.php/Product/get_attr_val
INFO: [ app_init ] --START--
INFO: Run Behavior\BuildLiteBehavior [ RunTime:0.000018s ]
INFO: [ app_init ] --END-- [ RunTime:0.000102s ]

[ 2015-11-29T14:21:09+08:00 ] ::1 /guoji/vshop/admin2/index.php/Product/search_spec/product_type/10
INFO: [ app_init ] --START--
INFO: Run Behavior\BuildLiteBehavior [ RunTime:0.000018s ]
INFO: [ app_init ] --END-- [ RunTime:0.000097s ]

