[ 2016-01-01T13:23:48+08:00 ] ::1 /guoji/vshop/admin2/index.php/Product/search_spec/pid/2
INFO: [ app_init ] --START--
INFO: Run Behavior\BuildLiteBehavior [ RunTime:0.000021s ]
INFO: [ app_init ] --END-- [ RunTime:0.000696s ]

[ 2016-01-01T13:23:48+08:00 ] ::1 /guoji/vshop/admin2/index.php?c=Public&a=login
INFO: [ app_init ] --START--
INFO: Run Behavior\BuildLiteBehavior [ RunTime:0.000019s ]
INFO: [ app_init ] --END-- [ RunTime:0.000097s ]

[ 2016-01-01T13:23:48+08:00 ] ::1 /guoji/vshop/admin2/index.php?c=Public&a=verify
INFO: [ app_init ] --START--
INFO: Run Behavior\BuildLiteBehavior [ RunTime:0.000018s ]
INFO: [ app_init ] --END-- [ RunTime:0.000097s ]

[ 2016-01-01T14:44:23+08:00 ] ::1 /guoji/vshop/admin2/index.php?c=Public&a=login
INFO: [ app_init ] --START--
INFO: Run Behavior\BuildLiteBehavior [ RunTime:0.000018s ]
INFO: [ app_init ] --END-- [ RunTime:0.000100s ]

[ 2016-01-01T14:44:23+08:00 ] ::1 /guoji/vshop/admin2/index.php?c=Public&a=verify
INFO: [ app_init ] --START--
INFO: Run Behavior\BuildLiteBehavior [ RunTime:0.000020s ]
INFO: [ app_init ] --END-- [ RunTime:0.000113s ]

