[ 2015-09-26T08:23:54+08:00 ] 127.0.0.1 /guoji/yunwang/CacheApi/?a=Get&appid=201586485090108670&m=Local&name=list&nonce_str=p3vsx5688n54y7oaynh4iz2qztb0tug2&time_stamp=1443227033&version=1.0
INFO: [ app_begin ] --START--
INFO: ReadHtmlCache Behavior ::run [ RunTime:0.001776s ]
INFO: [ app_begin ] --END-- [ RunTime:0.001860s ]
NOTIC: [8] Undefined index: session_id D:\wamp\www\guoji\yunwang\ThinkPHP\Common\functions.php 第 581 行.
NOTIC: [2048] Declaration of LocalAction::Get() should be compatible with that of Action::get() D:\wamp\www\guoji\yunwang\CacheApi\Cache\Lib\Action\LocalAction.class.php 第 3 行.
SQL: SHOW COLUMNS FROM `zy_api` [ RunTime:0.005797s ]
SQL: SELECT * FROM `zy_api` WHERE ( `appid` = '201586485090108670' ) LIMIT 1   [ RunTime:0.000306s ]

[ 2015-09-26T08:58:50+08:00 ] 127.0.0.1 /guoji/yunwang/CacheApi/?a=Get&appid=201586485090108670&m=Local&name=list&nonce_str=02sj4j5wlww062lqgffisc92h9efwyvk&time_stamp=1443229130&version=1.0
INFO: [ app_begin ] --START--
INFO: ReadHtmlCache Behavior ::run [ RunTime:0.001309s ]
INFO: [ app_begin ] --END-- [ RunTime:0.001396s ]
NOTIC: [8] Undefined index: session_id D:\wamp\www\guoji\yunwang\ThinkPHP\Common\functions.php 第 581 行.
NOTIC: [2048] Declaration of LocalAction::Get() should be compatible with that of Action::get() D:\wamp\www\guoji\yunwang\CacheApi\Cache\Lib\Action\LocalAction.class.php 第 3 行.
SQL: SHOW COLUMNS FROM `zy_api` [ RunTime:0.004138s ]
SQL: SELECT * FROM `zy_api` WHERE ( `appid` = '201586485090108670' ) LIMIT 1   [ RunTime:0.000225s ]

[ 2015-09-26T08:58:52+08:00 ] 127.0.0.1 /guoji/yunwang/CacheApi/?a=Get&appid=201586485090108670&m=Local&name=list&nonce_str=emogsy5wgkcxtsoepijblnn7l4hlt8en&time_stamp=1443229132&version=1.0
INFO: [ app_begin ] --START--
INFO: ReadHtmlCache Behavior ::run [ RunTime:0.000662s ]
INFO: [ app_begin ] --END-- [ RunTime:0.000748s ]
NOTIC: [8] Undefined index: session_id D:\wamp\www\guoji\yunwang\ThinkPHP\Common\functions.php 第 581 行.
NOTIC: [2048] Declaration of LocalAction::Get() should be compatible with that of Action::get() D:\wamp\www\guoji\yunwang\CacheApi\Cache\Lib\Action\LocalAction.class.php 第 3 行.
SQL: SHOW COLUMNS FROM `zy_api` [ RunTime:0.005960s ]
SQL: SELECT * FROM `zy_api` WHERE ( `appid` = '201586485090108670' ) LIMIT 1   [ RunTime:0.000244s ]

[ 2015-09-26T09:00:43+08:00 ] 127.0.0.1 /guoji/yunwang/CacheApi/?a=Get&appid=201586485090108670&m=Local&name=list&nonce_str=k6ktou2qy704mjl6jn1ha4zzo81xucrq&time_stamp=1443229243&version=1.0
INFO: [ app_begin ] --START--
INFO: ReadHtmlCache Behavior ::run [ RunTime:0.000575s ]
INFO: [ app_begin ] --END-- [ RunTime:0.000654s ]
NOTIC: [8] Undefined index: session_id D:\wamp\www\guoji\yunwang\ThinkPHP\Common\functions.php 第 581 行.
NOTIC: [2048] Declaration of LocalAction::Get() should be compatible with that of Action::get() D:\wamp\www\guoji\yunwang\CacheApi\Cache\Lib\Action\LocalAction.class.php 第 3 行.
SQL: SHOW COLUMNS FROM `zy_api` [ RunTime:0.003603s ]
SQL: SELECT * FROM `zy_api` WHERE ( `appid` = '201586485090108670' ) LIMIT 1   [ RunTime:0.000226s ]

[ 2015-09-26T09:00:44+08:00 ] 127.0.0.1 /guoji/yunwang/CacheApi/?a=SetDetail&appid=201586485090108670&m=Product&name=detail&nonce_str=w45f3hujnshatc2hb565iux45phffyhx&time_stamp=1443229243&version=1.0
INFO: [ app_begin ] --START--
INFO: ReadHtmlCache Behavior ::run [ RunTime:0.000838s ]
INFO: [ app_begin ] --END-- [ RunTime:0.000997s ]
NOTIC: [8] Undefined index: session_id D:\wamp\www\guoji\yunwang\ThinkPHP\Common\functions.php 第 581 行.
SQL: SHOW COLUMNS FROM `zy_api` [ RunTime:0.004265s ]
SQL: SELECT * FROM `zy_api` WHERE ( `appid` = '201586485090108670' ) LIMIT 1   [ RunTime:0.000192s ]
SQL: SHOW COLUMNS FROM `zy_product` [ RunTime:0.003849s ]
SQL: SELECT * FROM `zy_product` WHERE ( `id` IN ('12') )  [ RunTime:0.000263s ]
SQL: SHOW COLUMNS FROM `zy_pic` [ RunTime:0.004939s ]
SQL: SELECT `domain`,`filepath`,`is_thumb` FROM `zy_pic` WHERE ( `source` = 'Product' ) AND ( `sourceid` = 12 )  [ RunTime:0.000834s ]
NOTIC: [2048] Declaration of ApiCache::get() should be compatible with that of Action::get() D:\wamp\www\guoji\yunwang\interface\Cache\ApiCache.class.php 第 161 行.
NOTIC: [8] Undefined variable: mysign D:\wamp\www\guoji\yunwang\interface\Cache\ApiCache.class.php 第 53 行.
NOTIC: [8] Undefined index: from D:\wamp\www\guoji\yunwang\CacheApi\Cache\Lib\Action\ProductAction.class.php 第 30 行.
NOTIC: [8] Undefined index: expire D:\wamp\www\guoji\yunwang\CacheApi\Cache\Lib\Action\CommonAction.class.php 第 69 行.
NOTIC: [8] Undefined index: expire D:\wamp\www\guoji\yunwang\CacheApi\Cache\Lib\Action\CommonAction.class.php 第 74 行.
NOTIC: [8] Undefined index: status D:\wamp\www\guoji\yunwang\CacheApi\Cache\Lib\Action\ProductAction.class.php 第 39 行.

[ 2015-09-26T09:00:45+08:00 ] 127.0.0.1 /guoji/yunwang/CacheApi/?a=Get&appid=201586485090108670&m=Local&name=list&nonce_str=3v98s5329nzv2fn14b305d877xz50k1c&time_stamp=1443229245&version=1.0
INFO: [ app_begin ] --START--
INFO: ReadHtmlCache Behavior ::run [ RunTime:0.000584s ]
INFO: [ app_begin ] --END-- [ RunTime:0.000669s ]
NOTIC: [8] Undefined index: session_id D:\wamp\www\guoji\yunwang\ThinkPHP\Common\functions.php 第 581 行.
NOTIC: [2048] Declaration of LocalAction::Get() should be compatible with that of Action::get() D:\wamp\www\guoji\yunwang\CacheApi\Cache\Lib\Action\LocalAction.class.php 第 3 行.
SQL: SHOW COLUMNS FROM `zy_api` [ RunTime:0.003525s ]
SQL: SELECT * FROM `zy_api` WHERE ( `appid` = '201586485090108670' ) LIMIT 1   [ RunTime:0.000212s ]

[ 2015-09-26T09:01:19+08:00 ] 127.0.0.1 /guoji/yunwang/CacheApi/?a=Get&appid=201586485090108670&m=Local&name=list&nonce_str=s9sshiv1h0qho41lq3x7x9lafclh03d5&time_stamp=1443229279&version=1.0
INFO: [ app_begin ] --START--
INFO: ReadHtmlCache Behavior ::run [ RunTime:0.002214s ]
INFO: [ app_begin ] --END-- [ RunTime:0.002349s ]
NOTIC: [8] Undefined index: session_id D:\wamp\www\guoji\yunwang\ThinkPHP\Common\functions.php 第 581 行.
NOTIC: [2048] Declaration of LocalAction::Get() should be compatible with that of Action::get() D:\wamp\www\guoji\yunwang\CacheApi\Cache\Lib\Action\LocalAction.class.php 第 3 行.
SQL: SHOW COLUMNS FROM `zy_api` [ RunTime:0.003710s ]
SQL: SELECT * FROM `zy_api` WHERE ( `appid` = '201586485090108670' ) LIMIT 1   [ RunTime:0.000627s ]

[ 2015-09-26T09:03:21+08:00 ] 127.0.0.1 /guoji/yunwang/CacheApi/?a=Get&appid=201586485090108670&m=Local&name=list&nonce_str=0wl8ulnx5q1ub5cbn685vu8e4gn9u3gh&time_stamp=1443229401&version=1.0
INFO: [ app_begin ] --START--
INFO: ReadHtmlCache Behavior ::run [ RunTime:0.001260s ]
INFO: [ app_begin ] --END-- [ RunTime:0.001359s ]
NOTIC: [8] Undefined index: session_id D:\wamp\www\guoji\yunwang\ThinkPHP\Common\functions.php 第 581 行.
NOTIC: [2048] Declaration of LocalAction::Get() should be compatible with that of Action::get() D:\wamp\www\guoji\yunwang\CacheApi\Cache\Lib\Action\LocalAction.class.php 第 3 行.
SQL: SHOW COLUMNS FROM `zy_api` [ RunTime:0.003707s ]
SQL: SELECT * FROM `zy_api` WHERE ( `appid` = '201586485090108670' ) LIMIT 1   [ RunTime:0.000253s ]

[ 2015-09-26T09:03:25+08:00 ] 127.0.0.1 /guoji/yunwang/CacheApi/?a=Get&appid=201586485090108670&m=Local&name=list&nonce_str=w4nwx57fvpmeddblo0t4dbfixgbbmxsb&time_stamp=1443229405&version=1.0
INFO: [ app_begin ] --START--
INFO: ReadHtmlCache Behavior ::run [ RunTime:0.000647s ]
INFO: [ app_begin ] --END-- [ RunTime:0.000736s ]
NOTIC: [8] Undefined index: session_id D:\wamp\www\guoji\yunwang\ThinkPHP\Common\functions.php 第 581 行.
NOTIC: [2048] Declaration of LocalAction::Get() should be compatible with that of Action::get() D:\wamp\www\guoji\yunwang\CacheApi\Cache\Lib\Action\LocalAction.class.php 第 3 行.
SQL: SHOW COLUMNS FROM `zy_api` [ RunTime:0.003609s ]
SQL: SELECT * FROM `zy_api` WHERE ( `appid` = '201586485090108670' ) LIMIT 1   [ RunTime:0.000203s ]

[ 2015-09-26T09:04:52+08:00 ] 127.0.0.1 /guoji/yunwang/CacheApi/?a=Get&appid=201586485090108670&m=Local&name=list&nonce_str=5vu5any8qrnrvs7omos0gimq1ygkg1e2&time_stamp=1443229492&version=1.0
INFO: [ app_begin ] --START--
INFO: ReadHtmlCache Behavior ::run [ RunTime:0.001799s ]
INFO: [ app_begin ] --END-- [ RunTime:0.001886s ]
NOTIC: [8] Undefined index: session_id D:\wamp\www\guoji\yunwang\ThinkPHP\Common\functions.php 第 581 行.
NOTIC: [2048] Declaration of LocalAction::Get() should be compatible with that of Action::get() D:\wamp\www\guoji\yunwang\CacheApi\Cache\Lib\Action\LocalAction.class.php 第 3 行.
SQL: SHOW COLUMNS FROM `zy_api` [ RunTime:0.003655s ]
SQL: SELECT * FROM `zy_api` WHERE ( `appid` = '201586485090108670' ) LIMIT 1   [ RunTime:0.000563s ]

[ 2015-09-26T09:11:04+08:00 ] 127.0.0.1 /guoji/yunwang/CacheApi/?a=Get&appid=201586485090108670&m=Local&name=list&nonce_str=vvm4zqgay4p4p2ghsxhzmdmqes0dh9de&time_stamp=1443229863&version=1.0
INFO: [ app_begin ] --START--
INFO: ReadHtmlCache Behavior ::run [ RunTime:0.001987s ]
INFO: [ app_begin ] --END-- [ RunTime:0.002156s ]
NOTIC: [8] Undefined index: session_id D:\wamp\www\guoji\yunwang\ThinkPHP\Common\functions.php 第 581 行.
NOTIC: [2048] Declaration of LocalAction::Get() should be compatible with that of Action::get() D:\wamp\www\guoji\yunwang\CacheApi\Cache\Lib\Action\LocalAction.class.php 第 3 行.
SQL: SHOW COLUMNS FROM `zy_api` [ RunTime:0.005577s ]
SQL: SELECT * FROM `zy_api` WHERE ( `appid` = '201586485090108670' ) LIMIT 1   [ RunTime:0.000309s ]

[ 2015-09-26T09:11:10+08:00 ] 127.0.0.1 /guoji/yunwang/CacheApi/?a=Get&appid=201586485090108670&m=Local&name=list&nonce_str=gzkoddi78l6bpx6bmmqnmc7mf691ma8h&time_stamp=1443229870&version=1.0
INFO: [ app_begin ] --START--
INFO: ReadHtmlCache Behavior ::run [ RunTime:0.001801s ]
INFO: [ app_begin ] --END-- [ RunTime:0.001893s ]
NOTIC: [8] Undefined index: session_id D:\wamp\www\guoji\yunwang\ThinkPHP\Common\functions.php 第 581 行.
NOTIC: [2048] Declaration of LocalAction::Get() should be compatible with that of Action::get() D:\wamp\www\guoji\yunwang\CacheApi\Cache\Lib\Action\LocalAction.class.php 第 3 行.
SQL: SHOW COLUMNS FROM `zy_api` [ RunTime:0.004721s ]
SQL: SELECT * FROM `zy_api` WHERE ( `appid` = '201586485090108670' ) LIMIT 1   [ RunTime:0.000268s ]

[ 2015-09-26T09:11:14+08:00 ] 127.0.0.1 /guoji/yunwang/CacheApi/?a=Get&appid=201586485090108670&m=Local&name=list&nonce_str=dmcr97nj4rpzcm8tnjj1d2cienbl70cj&time_stamp=1443229874&version=1.0
INFO: [ app_begin ] --START--
INFO: ReadHtmlCache Behavior ::run [ RunTime:0.002811s ]
INFO: [ app_begin ] --END-- [ RunTime:0.003017s ]
NOTIC: [8] Undefined index: session_id D:\wamp\www\guoji\yunwang\ThinkPHP\Common\functions.php 第 581 行.
NOTIC: [2048] Declaration of LocalAction::Get() should be compatible with that of Action::get() D:\wamp\www\guoji\yunwang\CacheApi\Cache\Lib\Action\LocalAction.class.php 第 3 行.
SQL: SHOW COLUMNS FROM `zy_api` [ RunTime:0.006207s ]
SQL: SELECT * FROM `zy_api` WHERE ( `appid` = '201586485090108670' ) LIMIT 1   [ RunTime:0.000553s ]

[ 2015-09-26T09:11:18+08:00 ] 127.0.0.1 /guoji/yunwang/CacheApi/?a=Get&appid=201586485090108670&m=Local&name=list&nonce_str=yta70rguotvavzjiz2h7cyz8m4w74kai&time_stamp=1443229877&version=1.0
INFO: [ app_begin ] --START--
INFO: ReadHtmlCache Behavior ::run [ RunTime:0.001742s ]
INFO: [ app_begin ] --END-- [ RunTime:0.001838s ]
NOTIC: [8] Undefined index: session_id D:\wamp\www\guoji\yunwang\ThinkPHP\Common\functions.php 第 581 行.
NOTIC: [2048] Declaration of LocalAction::Get() should be compatible with that of Action::get() D:\wamp\www\guoji\yunwang\CacheApi\Cache\Lib\Action\LocalAction.class.php 第 3 行.
SQL: SHOW COLUMNS FROM `zy_api` [ RunTime:0.005883s ]
SQL: SELECT * FROM `zy_api` WHERE ( `appid` = '201586485090108670' ) LIMIT 1   [ RunTime:0.000232s ]

[ 2015-09-26T09:11:22+08:00 ] 127.0.0.1 /guoji/yunwang/CacheApi/?a=Get&appid=201586485090108670&m=Local&name=list&nonce_str=pre8vrrz8hfw0ibzou963fwoqxxor2xp&time_stamp=1443229882&version=1.0
INFO: [ app_begin ] --START--
INFO: ReadHtmlCache Behavior ::run [ RunTime:0.000680s ]
INFO: [ app_begin ] --END-- [ RunTime:0.000782s ]
NOTIC: [8] Undefined index: session_id D:\wamp\www\guoji\yunwang\ThinkPHP\Common\functions.php 第 581 行.
NOTIC: [2048] Declaration of LocalAction::Get() should be compatible with that of Action::get() D:\wamp\www\guoji\yunwang\CacheApi\Cache\Lib\Action\LocalAction.class.php 第 3 行.
SQL: SHOW COLUMNS FROM `zy_api` [ RunTime:0.003660s ]
SQL: SELECT * FROM `zy_api` WHERE ( `appid` = '201586485090108670' ) LIMIT 1   [ RunTime:0.000317s ]

[ 2015-09-26T09:11:31+08:00 ] 127.0.0.1 /guoji/yunwang/CacheApi/?a=Get&appid=201586485090108670&m=Local&name=list&nonce_str=64np0zgt86m01ytwythbz904i1nytomk&time_stamp=1443229891&version=1.0
INFO: [ app_begin ] --START--
INFO: ReadHtmlCache Behavior ::run [ RunTime:0.002976s ]
INFO: [ app_begin ] --END-- [ RunTime:0.003098s ]
NOTIC: [8] Undefined index: session_id D:\wamp\www\guoji\yunwang\ThinkPHP\Common\functions.php 第 581 行.
NOTIC: [2048] Declaration of LocalAction::Get() should be compatible with that of Action::get() D:\wamp\www\guoji\yunwang\CacheApi\Cache\Lib\Action\LocalAction.class.php 第 3 行.
SQL: SHOW COLUMNS FROM `zy_api` [ RunTime:0.003540s ]
SQL: SELECT * FROM `zy_api` WHERE ( `appid` = '201586485090108670' ) LIMIT 1   [ RunTime:0.000225s ]

[ 2015-09-26T09:11:40+08:00 ] 127.0.0.1 /guoji/yunwang/CacheApi/?a=Get&appid=201586485090108670&m=Local&name=list&nonce_str=6qjh74ur8xv3d7bqgtwo7mggqshog2bw&time_stamp=1443229900&version=1.0
INFO: [ app_begin ] --START--
INFO: ReadHtmlCache Behavior ::run [ RunTime:0.002152s ]
INFO: [ app_begin ] --END-- [ RunTime:0.002271s ]
NOTIC: [8] Undefined index: session_id D:\wamp\www\guoji\yunwang\ThinkPHP\Common\functions.php 第 581 行.
NOTIC: [2048] Declaration of LocalAction::Get() should be compatible with that of Action::get() D:\wamp\www\guoji\yunwang\CacheApi\Cache\Lib\Action\LocalAction.class.php 第 3 行.
SQL: SHOW COLUMNS FROM `zy_api` [ RunTime:0.005079s ]
SQL: SELECT * FROM `zy_api` WHERE ( `appid` = '201586485090108670' ) LIMIT 1   [ RunTime:0.000222s ]

[ 2015-09-26T09:11:41+08:00 ] 127.0.0.1 /guoji/yunwang/CacheApi/?a=Get&appid=201586485090108670&m=Local&name=list&nonce_str=4c0x68jlzwue8vfqooc1qo3090imr9gd&time_stamp=1443229901&version=1.0
INFO: [ app_begin ] --START--
INFO: ReadHtmlCache Behavior ::run [ RunTime:0.001426s ]
INFO: [ app_begin ] --END-- [ RunTime:0.001559s ]
NOTIC: [8] Undefined index: session_id D:\wamp\www\guoji\yunwang\ThinkPHP\Common\functions.php 第 581 行.
NOTIC: [2048] Declaration of LocalAction::Get() should be compatible with that of Action::get() D:\wamp\www\guoji\yunwang\CacheApi\Cache\Lib\Action\LocalAction.class.php 第 3 行.
SQL: SHOW COLUMNS FROM `zy_api` [ RunTime:0.003410s ]
SQL: SELECT * FROM `zy_api` WHERE ( `appid` = '201586485090108670' ) LIMIT 1   [ RunTime:0.000218s ]

[ 2015-09-26T09:11:42+08:00 ] 127.0.0.1 /guoji/yunwang/CacheApi/?a=Get&appid=201586485090108670&m=Local&name=list&nonce_str=rykian6sp3daz3tiv0zw4sgrp6z2q7p8&time_stamp=1443229902&version=1.0
INFO: [ app_begin ] --START--
INFO: ReadHtmlCache Behavior ::run [ RunTime:0.001071s ]
INFO: [ app_begin ] --END-- [ RunTime:0.001292s ]
NOTIC: [8] Undefined index: session_id D:\wamp\www\guoji\yunwang\ThinkPHP\Common\functions.php 第 581 行.
NOTIC: [2048] Declaration of LocalAction::Get() should be compatible with that of Action::get() D:\wamp\www\guoji\yunwang\CacheApi\Cache\Lib\Action\LocalAction.class.php 第 3 行.
SQL: SHOW COLUMNS FROM `zy_api` [ RunTime:0.007858s ]
SQL: SELECT * FROM `zy_api` WHERE ( `appid` = '201586485090108670' ) LIMIT 1   [ RunTime:0.000269s ]

[ 2015-09-26T09:11:49+08:00 ] 127.0.0.1 /guoji/yunwang/CacheApi/?a=Get&appid=201586485090108670&m=Local&name=list&nonce_str=gt6anh1pxp3fyql3r6q5y7sl2re7ehsi&time_stamp=1443229909&version=1.0
INFO: [ app_begin ] --START--
INFO: ReadHtmlCache Behavior ::run [ RunTime:0.001667s ]
INFO: [ app_begin ] --END-- [ RunTime:0.001754s ]
NOTIC: [8] Undefined index: session_id D:\wamp\www\guoji\yunwang\ThinkPHP\Common\functions.php 第 581 行.
NOTIC: [2048] Declaration of LocalAction::Get() should be compatible with that of Action::get() D:\wamp\www\guoji\yunwang\CacheApi\Cache\Lib\Action\LocalAction.class.php 第 3 行.
SQL: SHOW COLUMNS FROM `zy_api` [ RunTime:0.004140s ]
SQL: SELECT * FROM `zy_api` WHERE ( `appid` = '201586485090108670' ) LIMIT 1   [ RunTime:0.000190s ]

[ 2015-09-26T09:11:49+08:00 ] 127.0.0.1 /guoji/yunwang/CacheApi/?a=SetDetail&appid=201586485090108670&m=Product&name=detail&nonce_str=78f494or0kfyzu477ewizwfm97u7bg5v&time_stamp=1443229909&version=1.0
INFO: [ app_begin ] --START--
INFO: ReadHtmlCache Behavior ::run [ RunTime:0.001664s ]
INFO: [ app_begin ] --END-- [ RunTime:0.001751s ]
NOTIC: [8] Undefined index: session_id D:\wamp\www\guoji\yunwang\ThinkPHP\Common\functions.php 第 581 行.
SQL: SHOW COLUMNS FROM `zy_api` [ RunTime:0.004034s ]
SQL: SELECT * FROM `zy_api` WHERE ( `appid` = '201586485090108670' ) LIMIT 1   [ RunTime:0.000195s ]
SQL: SHOW COLUMNS FROM `zy_product` [ RunTime:0.003727s ]
SQL: SELECT * FROM `zy_product` WHERE ( `id` IN ('1') )  [ RunTime:0.000276s ]
SQL: SHOW COLUMNS FROM `zy_pic` [ RunTime:0.004037s ]
SQL: SELECT `domain`,`filepath`,`is_thumb` FROM `zy_pic` WHERE ( `source` = 'Product' ) AND ( `sourceid` = 1 )  [ RunTime:0.000399s ]
NOTIC: [2048] Declaration of ApiCache::get() should be compatible with that of Action::get() D:\wamp\www\guoji\yunwang\interface\Cache\ApiCache.class.php 第 161 行.
NOTIC: [8] Undefined variable: mysign D:\wamp\www\guoji\yunwang\interface\Cache\ApiCache.class.php 第 53 行.
NOTIC: [8] Undefined index: from D:\wamp\www\guoji\yunwang\CacheApi\Cache\Lib\Action\ProductAction.class.php 第 30 行.
NOTIC: [8] Undefined index: expire D:\wamp\www\guoji\yunwang\CacheApi\Cache\Lib\Action\CommonAction.class.php 第 69 行.
NOTIC: [8] Undefined index: expire D:\wamp\www\guoji\yunwang\CacheApi\Cache\Lib\Action\CommonAction.class.php 第 74 行.
NOTIC: [8] Undefined index: status D:\wamp\www\guoji\yunwang\CacheApi\Cache\Lib\Action\ProductAction.class.php 第 39 行.

[ 2015-09-26T09:11:50+08:00 ] 127.0.0.1 /guoji/yunwang/CacheApi/?a=Get&appid=201586485090108670&m=Local&name=list&nonce_str=8xbt4q70bz4b1itb71h0l6a7cfb2mnga&time_stamp=1443229910&version=1.0
INFO: [ app_begin ] --START--
INFO: ReadHtmlCache Behavior ::run [ RunTime:0.003844s ]
INFO: [ app_begin ] --END-- [ RunTime:0.004073s ]
NOTIC: [8] Undefined index: session_id D:\wamp\www\guoji\yunwang\ThinkPHP\Common\functions.php 第 581 行.
NOTIC: [2048] Declaration of LocalAction::Get() should be compatible with that of Action::get() D:\wamp\www\guoji\yunwang\CacheApi\Cache\Lib\Action\LocalAction.class.php 第 3 行.
SQL: SHOW COLUMNS FROM `zy_api` [ RunTime:0.008725s ]
SQL: SELECT * FROM `zy_api` WHERE ( `appid` = '201586485090108670' ) LIMIT 1   [ RunTime:0.001292s ]

[ 2015-09-26T09:12:59+08:00 ] 127.0.0.1 /guoji/yunwang/CacheApi/?a=Get&appid=201586485090108670&m=Local&name=list&nonce_str=i4h46cz6tc4tsjlzcucmj8m2fzlg05b0&time_stamp=1443229979&version=1.0
INFO: [ app_begin ] --START--
INFO: ReadHtmlCache Behavior ::run [ RunTime:0.001769s ]
INFO: [ app_begin ] --END-- [ RunTime:0.001862s ]
NOTIC: [8] Undefined index: session_id D:\wamp\www\guoji\yunwang\ThinkPHP\Common\functions.php 第 581 行.
NOTIC: [2048] Declaration of LocalAction::Get() should be compatible with that of Action::get() D:\wamp\www\guoji\yunwang\CacheApi\Cache\Lib\Action\LocalAction.class.php 第 3 行.
SQL: SHOW COLUMNS FROM `zy_api` [ RunTime:0.003919s ]
SQL: SELECT * FROM `zy_api` WHERE ( `appid` = '201586485090108670' ) LIMIT 1   [ RunTime:0.000862s ]

[ 2015-09-26T09:17:43+08:00 ] 127.0.0.1 /guoji/yunwang/CacheApi/?a=Get&appid=201586485090108670&m=Local&name=list&nonce_str=a326aqhszsk5xh1a9i76fu4axze4oard&time_stamp=1443230263&version=1.0
INFO: [ app_begin ] --START--
INFO: ReadHtmlCache Behavior ::run [ RunTime:0.001914s ]
INFO: [ app_begin ] --END-- [ RunTime:0.002002s ]
NOTIC: [8] Undefined index: session_id D:\wamp\www\guoji\yunwang\ThinkPHP\Common\functions.php 第 581 行.
NOTIC: [2048] Declaration of LocalAction::Get() should be compatible with that of Action::get() D:\wamp\www\guoji\yunwang\CacheApi\Cache\Lib\Action\LocalAction.class.php 第 3 行.
SQL: SHOW COLUMNS FROM `zy_api` [ RunTime:0.003584s ]
SQL: SELECT * FROM `zy_api` WHERE ( `appid` = '201586485090108670' ) LIMIT 1   [ RunTime:0.000251s ]

[ 2015-09-26T09:17:52+08:00 ] 127.0.0.1 /guoji/yunwang/CacheApi/?a=Get&appid=201586485090108670&m=Local&name=list&nonce_str=si2ua615xcbvoxsdjkvbwwin207wty3p&time_stamp=1443230272&version=1.0
INFO: [ app_begin ] --START--
INFO: ReadHtmlCache Behavior ::run [ RunTime:0.001255s ]
INFO: [ app_begin ] --END-- [ RunTime:0.001345s ]
NOTIC: [8] Undefined index: session_id D:\wamp\www\guoji\yunwang\ThinkPHP\Common\functions.php 第 581 行.
NOTIC: [2048] Declaration of LocalAction::Get() should be compatible with that of Action::get() D:\wamp\www\guoji\yunwang\CacheApi\Cache\Lib\Action\LocalAction.class.php 第 3 行.
SQL: SHOW COLUMNS FROM `zy_api` [ RunTime:0.003769s ]
SQL: SELECT * FROM `zy_api` WHERE ( `appid` = '201586485090108670' ) LIMIT 1   [ RunTime:0.000465s ]

[ 2015-09-26T09:17:54+08:00 ] 127.0.0.1 /guoji/yunwang/CacheApi/?a=Get&appid=201586485090108670&m=Local&name=list&nonce_str=qrkm8gx1zqyyxrs5w5qn6jrywezp7n9r&time_stamp=1443230274&version=1.0
INFO: [ app_begin ] --START--
INFO: ReadHtmlCache Behavior ::run [ RunTime:0.000626s ]
INFO: [ app_begin ] --END-- [ RunTime:0.000708s ]
NOTIC: [8] Undefined index: session_id D:\wamp\www\guoji\yunwang\ThinkPHP\Common\functions.php 第 581 行.
NOTIC: [2048] Declaration of LocalAction::Get() should be compatible with that of Action::get() D:\wamp\www\guoji\yunwang\CacheApi\Cache\Lib\Action\LocalAction.class.php 第 3 行.
SQL: SHOW COLUMNS FROM `zy_api` [ RunTime:0.003456s ]
SQL: SELECT * FROM `zy_api` WHERE ( `appid` = '201586485090108670' ) LIMIT 1   [ RunTime:0.000209s ]

[ 2015-09-26T09:18:23+08:00 ] 127.0.0.1 /guoji/yunwang/CacheApi/?a=Get&appid=201586485090108670&m=Local&name=list&nonce_str=azll09iz47lx76d4hxalr2kb77vlr5n9&time_stamp=1443230303&version=1.0
INFO: [ app_begin ] --START--
INFO: ReadHtmlCache Behavior ::run [ RunTime:0.000588s ]
INFO: [ app_begin ] --END-- [ RunTime:0.000674s ]
NOTIC: [8] Undefined index: session_id D:\wamp\www\guoji\yunwang\ThinkPHP\Common\functions.php 第 581 行.
NOTIC: [2048] Declaration of LocalAction::Get() should be compatible with that of Action::get() D:\wamp\www\guoji\yunwang\CacheApi\Cache\Lib\Action\LocalAction.class.php 第 3 行.
SQL: SHOW COLUMNS FROM `zy_api` [ RunTime:0.003466s ]
SQL: SELECT * FROM `zy_api` WHERE ( `appid` = '201586485090108670' ) LIMIT 1   [ RunTime:0.000175s ]

[ 2015-09-26T09:18:24+08:00 ] 127.0.0.1 /guoji/yunwang/CacheApi/?a=Get&appid=201586485090108670&m=Local&name=list&nonce_str=crfbz4domd94yzatfe6583f6adxjfx81&time_stamp=1443230304&version=1.0
INFO: [ app_begin ] --START--
INFO: ReadHtmlCache Behavior ::run [ RunTime:0.001765s ]
INFO: [ app_begin ] --END-- [ RunTime:0.001885s ]
NOTIC: [8] Undefined index: session_id D:\wamp\www\guoji\yunwang\ThinkPHP\Common\functions.php 第 581 行.
NOTIC: [2048] Declaration of LocalAction::Get() should be compatible with that of Action::get() D:\wamp\www\guoji\yunwang\CacheApi\Cache\Lib\Action\LocalAction.class.php 第 3 行.
SQL: SHOW COLUMNS FROM `zy_api` [ RunTime:0.003518s ]
SQL: SELECT * FROM `zy_api` WHERE ( `appid` = '201586485090108670' ) LIMIT 1   [ RunTime:0.000227s ]

[ 2015-09-26T09:18:28+08:00 ] 127.0.0.1 /guoji/yunwang/CacheApi/?a=Get&appid=201586485090108670&m=Local&name=list&nonce_str=cmnu04x9whu6h82oz8ju5e9egrctse2w&time_stamp=1443230308&version=1.0
INFO: [ app_begin ] --START--
INFO: ReadHtmlCache Behavior ::run [ RunTime:0.001739s ]
INFO: [ app_begin ] --END-- [ RunTime:0.001822s ]
NOTIC: [8] Undefined index: session_id D:\wamp\www\guoji\yunwang\ThinkPHP\Common\functions.php 第 581 行.
NOTIC: [2048] Declaration of LocalAction::Get() should be compatible with that of Action::get() D:\wamp\www\guoji\yunwang\CacheApi\Cache\Lib\Action\LocalAction.class.php 第 3 行.
SQL: SHOW COLUMNS FROM `zy_api` [ RunTime:0.003321s ]
SQL: SELECT * FROM `zy_api` WHERE ( `appid` = '201586485090108670' ) LIMIT 1   [ RunTime:0.000201s ]

[ 2015-09-26T09:18:30+08:00 ] 127.0.0.1 /guoji/yunwang/CacheApi/?a=Get&appid=201586485090108670&m=Local&name=list&nonce_str=d4y13woudocw9rtnrtry9ec6516t7v5m&time_stamp=1443230310&version=1.0
INFO: [ app_begin ] --START--
INFO: ReadHtmlCache Behavior ::run [ RunTime:0.000552s ]
INFO: [ app_begin ] --END-- [ RunTime:0.000632s ]
NOTIC: [8] Undefined index: session_id D:\wamp\www\guoji\yunwang\ThinkPHP\Common\functions.php 第 581 行.
NOTIC: [2048] Declaration of LocalAction::Get() should be compatible with that of Action::get() D:\wamp\www\guoji\yunwang\CacheApi\Cache\Lib\Action\LocalAction.class.php 第 3 行.
SQL: SHOW COLUMNS FROM `zy_api` [ RunTime:0.003388s ]
SQL: SELECT * FROM `zy_api` WHERE ( `appid` = '201586485090108670' ) LIMIT 1   [ RunTime:0.000206s ]

[ 2015-09-26T09:18:43+08:00 ] 127.0.0.1 /guoji/yunwang/CacheApi/?a=Get&appid=201586485090108670&m=Local&name=list&nonce_str=rzbctbz2dda7015p3vyn5aphl51canvw&time_stamp=1443230323&version=1.0
INFO: [ app_begin ] --START--
INFO: ReadHtmlCache Behavior ::run [ RunTime:0.001679s ]
INFO: [ app_begin ] --END-- [ RunTime:0.001768s ]
NOTIC: [8] Undefined index: session_id D:\wamp\www\guoji\yunwang\ThinkPHP\Common\functions.php 第 581 行.
NOTIC: [2048] Declaration of LocalAction::Get() should be compatible with that of Action::get() D:\wamp\www\guoji\yunwang\CacheApi\Cache\Lib\Action\LocalAction.class.php 第 3 行.
SQL: SHOW COLUMNS FROM `zy_api` [ RunTime:0.004347s ]
SQL: SELECT * FROM `zy_api` WHERE ( `appid` = '201586485090108670' ) LIMIT 1   [ RunTime:0.000228s ]

[ 2015-09-26T09:18:46+08:00 ] 127.0.0.1 /guoji/yunwang/CacheApi/?a=Get&appid=201586485090108670&m=Local&name=list&nonce_str=y69lvv5um6vtmvtt6dyy33c9oiiu3jdu&time_stamp=1443230326&version=1.0
INFO: [ app_begin ] --START--
INFO: ReadHtmlCache Behavior ::run [ RunTime:0.001685s ]
INFO: [ app_begin ] --END-- [ RunTime:0.001767s ]
NOTIC: [8] Undefined index: session_id D:\wamp\www\guoji\yunwang\ThinkPHP\Common\functions.php 第 581 行.
NOTIC: [2048] Declaration of LocalAction::Get() should be compatible with that of Action::get() D:\wamp\www\guoji\yunwang\CacheApi\Cache\Lib\Action\LocalAction.class.php 第 3 行.
SQL: SHOW COLUMNS FROM `zy_api` [ RunTime:0.003436s ]
SQL: SELECT * FROM `zy_api` WHERE ( `appid` = '201586485090108670' ) LIMIT 1   [ RunTime:0.000202s ]

[ 2015-09-26T09:18:59+08:00 ] 127.0.0.1 /guoji/yunwang/CacheApi/?a=Get&appid=201586485090108670&m=Local&name=list&nonce_str=n7w72uh2dwcuvb16mibvxhgqkxqfzs6g&time_stamp=1443230339&version=1.0
INFO: [ app_begin ] --START--
INFO: ReadHtmlCache Behavior ::run [ RunTime:0.002283s ]
INFO: [ app_begin ] --END-- [ RunTime:0.002383s ]
NOTIC: [8] Undefined index: session_id D:\wamp\www\guoji\yunwang\ThinkPHP\Common\functions.php 第 581 行.
NOTIC: [2048] Declaration of LocalAction::Get() should be compatible with that of Action::get() D:\wamp\www\guoji\yunwang\CacheApi\Cache\Lib\Action\LocalAction.class.php 第 3 行.
SQL: SHOW COLUMNS FROM `zy_api` [ RunTime:0.007861s ]
SQL: SELECT * FROM `zy_api` WHERE ( `appid` = '201586485090108670' ) LIMIT 1   [ RunTime:0.000266s ]

[ 2015-09-26T09:19:01+08:00 ] 127.0.0.1 /guoji/yunwang/CacheApi/?a=Get&appid=201586485090108670&m=Local&name=list&nonce_str=4cacfckkyqc22bbilayl17gaxwgcnnm7&time_stamp=1443230341&version=1.0
INFO: [ app_begin ] --START--
INFO: ReadHtmlCache Behavior ::run [ RunTime:0.001664s ]
INFO: [ app_begin ] --END-- [ RunTime:0.001745s ]
NOTIC: [8] Undefined index: session_id D:\wamp\www\guoji\yunwang\ThinkPHP\Common\functions.php 第 581 行.
NOTIC: [2048] Declaration of LocalAction::Get() should be compatible with that of Action::get() D:\wamp\www\guoji\yunwang\CacheApi\Cache\Lib\Action\LocalAction.class.php 第 3 行.
SQL: SHOW COLUMNS FROM `zy_api` [ RunTime:0.003499s ]
SQL: SELECT * FROM `zy_api` WHERE ( `appid` = '201586485090108670' ) LIMIT 1   [ RunTime:0.000188s ]

[ 2015-09-26T09:19:31+08:00 ] 127.0.0.1 /guoji/yunwang/CacheApi/?a=Get&appid=201586485090108670&m=Local&name=list&nonce_str=9v67re9w012jaeuled5hx0he03ywjgpg&time_stamp=1443230371&version=1.0
INFO: [ app_begin ] --START--
INFO: ReadHtmlCache Behavior ::run [ RunTime:0.000633s ]
INFO: [ app_begin ] --END-- [ RunTime:0.000743s ]
NOTIC: [8] Undefined index: session_id D:\wamp\www\guoji\yunwang\ThinkPHP\Common\functions.php 第 581 行.
NOTIC: [2048] Declaration of LocalAction::Get() should be compatible with that of Action::get() D:\wamp\www\guoji\yunwang\CacheApi\Cache\Lib\Action\LocalAction.class.php 第 3 行.
SQL: SHOW COLUMNS FROM `zy_api` [ RunTime:0.003593s ]
SQL: SELECT * FROM `zy_api` WHERE ( `appid` = '201586485090108670' ) LIMIT 1   [ RunTime:0.000447s ]

[ 2015-09-26T09:19:34+08:00 ] 127.0.0.1 /guoji/yunwang/CacheApi/?a=Get&appid=201586485090108670&m=Local&name=list&nonce_str=noi3gukwtjoqs5p00ojjd2dygz4nuocg&time_stamp=1443230374&version=1.0
INFO: [ app_begin ] --START--
INFO: ReadHtmlCache Behavior ::run [ RunTime:0.001670s ]
INFO: [ app_begin ] --END-- [ RunTime:0.001752s ]
NOTIC: [8] Undefined index: session_id D:\wamp\www\guoji\yunwang\ThinkPHP\Common\functions.php 第 581 行.
NOTIC: [2048] Declaration of LocalAction::Get() should be compatible with that of Action::get() D:\wamp\www\guoji\yunwang\CacheApi\Cache\Lib\Action\LocalAction.class.php 第 3 行.
SQL: SHOW COLUMNS FROM `zy_api` [ RunTime:0.003304s ]
SQL: SELECT * FROM `zy_api` WHERE ( `appid` = '201586485090108670' ) LIMIT 1   [ RunTime:0.000200s ]

[ 2015-09-26T09:19:49+08:00 ] 127.0.0.1 /guoji/yunwang/CacheApi/?a=Get&appid=201586485090108670&m=Local&name=list&nonce_str=t233wykv4us94sjdkuyw93ubxs18135j&time_stamp=1443230389&version=1.0
INFO: [ app_begin ] --START--
INFO: ReadHtmlCache Behavior ::run [ RunTime:0.000604s ]
INFO: [ app_begin ] --END-- [ RunTime:0.000701s ]
NOTIC: [8] Undefined index: session_id D:\wamp\www\guoji\yunwang\ThinkPHP\Common\functions.php 第 581 行.
NOTIC: [2048] Declaration of LocalAction::Get() should be compatible with that of Action::get() D:\wamp\www\guoji\yunwang\CacheApi\Cache\Lib\Action\LocalAction.class.php 第 3 行.
SQL: SHOW COLUMNS FROM `zy_api` [ RunTime:0.003441s ]
SQL: SELECT * FROM `zy_api` WHERE ( `appid` = '201586485090108670' ) LIMIT 1   [ RunTime:0.000192s ]

[ 2015-09-26T09:19:52+08:00 ] 127.0.0.1 /guoji/yunwang/CacheApi/?a=Get&appid=201586485090108670&m=Local&name=list&nonce_str=1ey6f7y31qufp9jokfj81ghl0la863tz&time_stamp=1443230392&version=1.0
INFO: [ app_begin ] --START--
INFO: ReadHtmlCache Behavior ::run [ RunTime:0.001841s ]
INFO: [ app_begin ] --END-- [ RunTime:0.001927s ]
NOTIC: [8] Undefined index: session_id D:\wamp\www\guoji\yunwang\ThinkPHP\Common\functions.php 第 581 行.
NOTIC: [2048] Declaration of LocalAction::Get() should be compatible with that of Action::get() D:\wamp\www\guoji\yunwang\CacheApi\Cache\Lib\Action\LocalAction.class.php 第 3 行.
SQL: SHOW COLUMNS FROM `zy_api` [ RunTime:0.003535s ]
SQL: SELECT * FROM `zy_api` WHERE ( `appid` = '201586485090108670' ) LIMIT 1   [ RunTime:0.000202s ]

[ 2015-09-26T09:19:55+08:00 ] 127.0.0.1 /guoji/yunwang/CacheApi/?a=Get&appid=201586485090108670&m=Local&name=list&nonce_str=pp55v8wcdgeawkpu6cbf3ji4w2yfbi9w&time_stamp=1443230395&version=1.0
INFO: [ app_begin ] --START--
INFO: ReadHtmlCache Behavior ::run [ RunTime:0.001290s ]
INFO: [ app_begin ] --END-- [ RunTime:0.001373s ]
NOTIC: [8] Undefined index: session_id D:\wamp\www\guoji\yunwang\ThinkPHP\Common\functions.php 第 581 行.
NOTIC: [2048] Declaration of LocalAction::Get() should be compatible with that of Action::get() D:\wamp\www\guoji\yunwang\CacheApi\Cache\Lib\Action\LocalAction.class.php 第 3 行.
SQL: SHOW COLUMNS FROM `zy_api` [ RunTime:0.003434s ]
SQL: SELECT * FROM `zy_api` WHERE ( `appid` = '201586485090108670' ) LIMIT 1   [ RunTime:0.000207s ]

[ 2015-09-26T09:19:59+08:00 ] 127.0.0.1 /guoji/yunwang/CacheApi/?a=Get&appid=201586485090108670&m=Local&name=list&nonce_str=q3njgsvyzi4l03y9tkeaxhpw26el9c5r&time_stamp=1443230399&version=1.0
INFO: [ app_begin ] --START--
INFO: ReadHtmlCache Behavior ::run [ RunTime:0.000629s ]
INFO: [ app_begin ] --END-- [ RunTime:0.000708s ]
NOTIC: [8] Undefined index: session_id D:\wamp\www\guoji\yunwang\ThinkPHP\Common\functions.php 第 581 行.
NOTIC: [2048] Declaration of LocalAction::Get() should be compatible with that of Action::get() D:\wamp\www\guoji\yunwang\CacheApi\Cache\Lib\Action\LocalAction.class.php 第 3 行.
SQL: SHOW COLUMNS FROM `zy_api` [ RunTime:0.003414s ]
SQL: SELECT * FROM `zy_api` WHERE ( `appid` = '201586485090108670' ) LIMIT 1   [ RunTime:0.000200s ]

[ 2015-09-26T09:21:23+08:00 ] 127.0.0.1 /guoji/yunwang/CacheApi/?a=Get&appid=201586485090108670&m=Local&name=list&nonce_str=p8bgu6dc17jo97zc0ik2lak45i4n3xkz&time_stamp=1443230483&version=1.0
INFO: [ app_begin ] --START--
INFO: ReadHtmlCache Behavior ::run [ RunTime:0.000637s ]
INFO: [ app_begin ] --END-- [ RunTime:0.000723s ]
NOTIC: [8] Undefined index: session_id D:\wamp\www\guoji\yunwang\ThinkPHP\Common\functions.php 第 581 行.
NOTIC: [2048] Declaration of LocalAction::Get() should be compatible with that of Action::get() D:\wamp\www\guoji\yunwang\CacheApi\Cache\Lib\Action\LocalAction.class.php 第 3 行.
SQL: SHOW COLUMNS FROM `zy_api` [ RunTime:0.003971s ]
SQL: SELECT * FROM `zy_api` WHERE ( `appid` = '201586485090108670' ) LIMIT 1   [ RunTime:0.000221s ]

[ 2015-09-26T09:21:26+08:00 ] 127.0.0.1 /guoji/yunwang/CacheApi/?a=Get&appid=201586485090108670&m=Local&name=list&nonce_str=ydo3nzfoqky811pipm9ho83uy7rlgpo0&time_stamp=1443230485&version=1.0
INFO: [ app_begin ] --START--
INFO: ReadHtmlCache Behavior ::run [ RunTime:0.001688s ]
INFO: [ app_begin ] --END-- [ RunTime:0.001777s ]
NOTIC: [8] Undefined index: session_id D:\wamp\www\guoji\yunwang\ThinkPHP\Common\functions.php 第 581 行.
NOTIC: [2048] Declaration of LocalAction::Get() should be compatible with that of Action::get() D:\wamp\www\guoji\yunwang\CacheApi\Cache\Lib\Action\LocalAction.class.php 第 3 行.
SQL: SHOW COLUMNS FROM `zy_api` [ RunTime:0.003309s ]
SQL: SELECT * FROM `zy_api` WHERE ( `appid` = '201586485090108670' ) LIMIT 1   [ RunTime:0.000187s ]

[ 2015-09-26T09:23:33+08:00 ] 127.0.0.1 /guoji/yunwang/CacheApi/?a=Get&appid=201586485090108670&m=Local&name=list&nonce_str=r36qgu3ploq3cquystr12te9i2wd28rn&time_stamp=1443230613&version=1.0
INFO: [ app_begin ] --START--
INFO: ReadHtmlCache Behavior ::run [ RunTime:0.001841s ]
INFO: [ app_begin ] --END-- [ RunTime:0.001935s ]
NOTIC: [8] Undefined index: session_id D:\wamp\www\guoji\yunwang\ThinkPHP\Common\functions.php 第 581 行.
NOTIC: [2048] Declaration of LocalAction::Get() should be compatible with that of Action::get() D:\wamp\www\guoji\yunwang\CacheApi\Cache\Lib\Action\LocalAction.class.php 第 3 行.
SQL: SHOW COLUMNS FROM `zy_api` [ RunTime:0.003881s ]
SQL: SELECT * FROM `zy_api` WHERE ( `appid` = '201586485090108670' ) LIMIT 1   [ RunTime:0.000224s ]

[ 2015-09-26T09:23:37+08:00 ] 127.0.0.1 /guoji/yunwang/CacheApi/?a=Get&appid=201586485090108670&m=Local&name=list&nonce_str=eihw0p0mritk4juqvyj4y3jnv0pg9nnf&time_stamp=1443230617&version=1.0
INFO: [ app_begin ] --START--
INFO: ReadHtmlCache Behavior ::run [ RunTime:0.001968s ]
INFO: [ app_begin ] --END-- [ RunTime:0.002067s ]
NOTIC: [8] Undefined index: session_id D:\wamp\www\guoji\yunwang\ThinkPHP\Common\functions.php 第 581 行.
NOTIC: [2048] Declaration of LocalAction::Get() should be compatible with that of Action::get() D:\wamp\www\guoji\yunwang\CacheApi\Cache\Lib\Action\LocalAction.class.php 第 3 行.
SQL: SHOW COLUMNS FROM `zy_api` [ RunTime:0.003372s ]
SQL: SELECT * FROM `zy_api` WHERE ( `appid` = '201586485090108670' ) LIMIT 1   [ RunTime:0.000190s ]

[ 2015-09-26T09:25:08+08:00 ] 127.0.0.1 /guoji/yunwang/CacheApi/?a=Get&appid=201586485090108670&m=Local&name=list&nonce_str=cmhfp7bwgabfwhir23t226j9papgmlwl&time_stamp=1443230708&version=1.0
INFO: [ app_begin ] --START--
INFO: ReadHtmlCache Behavior ::run [ RunTime:0.003547s ]
INFO: [ app_begin ] --END-- [ RunTime:0.003965s ]
NOTIC: [8] Undefined index: session_id D:\wamp\www\guoji\yunwang\ThinkPHP\Common\functions.php 第 581 行.
NOTIC: [2048] Declaration of LocalAction::Get() should be compatible with that of Action::get() D:\wamp\www\guoji\yunwang\CacheApi\Cache\Lib\Action\LocalAction.class.php 第 3 行.
SQL: SHOW COLUMNS FROM `zy_api` [ RunTime:0.007536s ]
SQL: SELECT * FROM `zy_api` WHERE ( `appid` = '201586485090108670' ) LIMIT 1   [ RunTime:0.000615s ]

[ 2015-09-26T09:25:12+08:00 ] 127.0.0.1 /guoji/yunwang/CacheApi/?a=Get&appid=201586485090108670&m=Local&name=list&nonce_str=vq332h5nbodicvunitbaus8j7108i8wm&time_stamp=1443230712&version=1.0
INFO: [ app_begin ] --START--
INFO: ReadHtmlCache Behavior ::run [ RunTime:0.001713s ]
INFO: [ app_begin ] --END-- [ RunTime:0.001809s ]
NOTIC: [8] Undefined index: session_id D:\wamp\www\guoji\yunwang\ThinkPHP\Common\functions.php 第 581 行.
NOTIC: [2048] Declaration of LocalAction::Get() should be compatible with that of Action::get() D:\wamp\www\guoji\yunwang\CacheApi\Cache\Lib\Action\LocalAction.class.php 第 3 行.
SQL: SHOW COLUMNS FROM `zy_api` [ RunTime:0.003315s ]
SQL: SELECT * FROM `zy_api` WHERE ( `appid` = '201586485090108670' ) LIMIT 1   [ RunTime:0.000190s ]

[ 2015-09-26T09:25:15+08:00 ] 127.0.0.1 /guoji/yunwang/CacheApi/?a=Get&appid=201586485090108670&m=Local&name=list&nonce_str=dckivyn87sp9rr1omfg87xs6iary5v5c&time_stamp=1443230715&version=1.0
INFO: [ app_begin ] --START--
INFO: ReadHtmlCache Behavior ::run [ RunTime:0.001238s ]
INFO: [ app_begin ] --END-- [ RunTime:0.001317s ]
NOTIC: [8] Undefined index: session_id D:\wamp\www\guoji\yunwang\ThinkPHP\Common\functions.php 第 581 行.
NOTIC: [2048] Declaration of LocalAction::Get() should be compatible with that of Action::get() D:\wamp\www\guoji\yunwang\CacheApi\Cache\Lib\Action\LocalAction.class.php 第 3 行.
SQL: SHOW COLUMNS FROM `zy_api` [ RunTime:0.003567s ]
SQL: SELECT * FROM `zy_api` WHERE ( `appid` = '201586485090108670' ) LIMIT 1   [ RunTime:0.000195s ]

[ 2015-09-26T09:25:18+08:00 ] 127.0.0.1 /guoji/yunwang/CacheApi/?a=Get&appid=201586485090108670&m=Local&name=list&nonce_str=8o73sv59lh3g0h6lb4w8idobhzwp1b4g&time_stamp=1443230718&version=1.0
INFO: [ app_begin ] --START--
INFO: ReadHtmlCache Behavior ::run [ RunTime:0.001676s ]
INFO: [ app_begin ] --END-- [ RunTime:0.001816s ]
NOTIC: [8] Undefined index: session_id D:\wamp\www\guoji\yunwang\ThinkPHP\Common\functions.php 第 581 行.
NOTIC: [2048] Declaration of LocalAction::Get() should be compatible with that of Action::get() D:\wamp\www\guoji\yunwang\CacheApi\Cache\Lib\Action\LocalAction.class.php 第 3 行.
SQL: SHOW COLUMNS FROM `zy_api` [ RunTime:0.003851s ]
SQL: SELECT * FROM `zy_api` WHERE ( `appid` = '201586485090108670' ) LIMIT 1   [ RunTime:0.000299s ]

[ 2015-09-26T09:28:28+08:00 ] 127.0.0.1 /guoji/yunwang/CacheApi/?a=Get&appid=201586485090108670&m=Local&name=list&nonce_str=jkocsz0bfdgul1gxukee7678qvbw7t11&time_stamp=1443230907&version=1.0
INFO: [ app_begin ] --START--
INFO: ReadHtmlCache Behavior ::run [ RunTime:0.002716s ]
INFO: [ app_begin ] --END-- [ RunTime:0.003176s ]
NOTIC: [8] Undefined index: session_id D:\wamp\www\guoji\yunwang\ThinkPHP\Common\functions.php 第 581 行.
NOTIC: [2048] Declaration of LocalAction::Get() should be compatible with that of Action::get() D:\wamp\www\guoji\yunwang\CacheApi\Cache\Lib\Action\LocalAction.class.php 第 3 行.
SQL: SHOW COLUMNS FROM `zy_api` [ RunTime:0.007675s ]
SQL: SELECT * FROM `zy_api` WHERE ( `appid` = '201586485090108670' ) LIMIT 1   [ RunTime:0.000304s ]

[ 2015-09-26T09:28:35+08:00 ] 127.0.0.1 /guoji/yunwang/CacheApi/?a=Get&appid=201586485090108670&m=Local&name=list&nonce_str=v1w85ro3pds86l8lrp2et3jwov6tvza2&time_stamp=1443230915&version=1.0
INFO: [ app_begin ] --START--
INFO: ReadHtmlCache Behavior ::run [ RunTime:0.002077s ]
INFO: [ app_begin ] --END-- [ RunTime:0.002184s ]
NOTIC: [8] Undefined index: session_id D:\wamp\www\guoji\yunwang\ThinkPHP\Common\functions.php 第 581 行.
NOTIC: [2048] Declaration of LocalAction::Get() should be compatible with that of Action::get() D:\wamp\www\guoji\yunwang\CacheApi\Cache\Lib\Action\LocalAction.class.php 第 3 行.
SQL: SHOW COLUMNS FROM `zy_api` [ RunTime:0.003373s ]
SQL: SELECT * FROM `zy_api` WHERE ( `appid` = '201586485090108670' ) LIMIT 1   [ RunTime:0.000180s ]

[ 2015-09-26T09:28:41+08:00 ] 127.0.0.1 /guoji/yunwang/CacheApi/?a=Get&appid=201586485090108670&m=Local&name=list&nonce_str=p1iahozoki7t25niuk7a1obdyvh7nad3&time_stamp=1443230921&version=1.0
INFO: [ app_begin ] --START--
INFO: ReadHtmlCache Behavior ::run [ RunTime:0.001743s ]
INFO: [ app_begin ] --END-- [ RunTime:0.001835s ]
NOTIC: [8] Undefined index: session_id D:\wamp\www\guoji\yunwang\ThinkPHP\Common\functions.php 第 581 行.
NOTIC: [2048] Declaration of LocalAction::Get() should be compatible with that of Action::get() D:\wamp\www\guoji\yunwang\CacheApi\Cache\Lib\Action\LocalAction.class.php 第 3 行.
SQL: SHOW COLUMNS FROM `zy_api` [ RunTime:0.003539s ]
SQL: SELECT * FROM `zy_api` WHERE ( `appid` = '201586485090108670' ) LIMIT 1   [ RunTime:0.000218s ]

[ 2015-09-26T09:29:15+08:00 ] 127.0.0.1 /guoji/yunwang/CacheApi/?a=Get&appid=201586485090108670&m=Local&name=list&nonce_str=212sp6tihss6d3z9asww4vbmwodc87g3&time_stamp=1443230955&version=1.0
INFO: [ app_begin ] --START--
INFO: ReadHtmlCache Behavior ::run [ RunTime:0.001969s ]
INFO: [ app_begin ] --END-- [ RunTime:0.002074s ]
NOTIC: [8] Undefined index: session_id D:\wamp\www\guoji\yunwang\ThinkPHP\Common\functions.php 第 581 行.
NOTIC: [2048] Declaration of LocalAction::Get() should be compatible with that of Action::get() D:\wamp\www\guoji\yunwang\CacheApi\Cache\Lib\Action\LocalAction.class.php 第 3 行.
SQL: SHOW COLUMNS FROM `zy_api` [ RunTime:0.004933s ]
SQL: SELECT * FROM `zy_api` WHERE ( `appid` = '201586485090108670' ) LIMIT 1   [ RunTime:0.000371s ]

[ 2015-09-26T09:29:18+08:00 ] 127.0.0.1 /guoji/yunwang/CacheApi/?a=Get&appid=201586485090108670&m=Local&name=list&nonce_str=9f18p02oftnusxcvz7iukomq7y2ohjac&time_stamp=1443230958&version=1.0
INFO: [ app_begin ] --START--
INFO: ReadHtmlCache Behavior ::run [ RunTime:0.001875s ]
INFO: [ app_begin ] --END-- [ RunTime:0.001987s ]
NOTIC: [8] Undefined index: session_id D:\wamp\www\guoji\yunwang\ThinkPHP\Common\functions.php 第 581 行.
NOTIC: [2048] Declaration of LocalAction::Get() should be compatible with that of Action::get() D:\wamp\www\guoji\yunwang\CacheApi\Cache\Lib\Action\LocalAction.class.php 第 3 行.
SQL: SHOW COLUMNS FROM `zy_api` [ RunTime:0.003525s ]
SQL: SELECT * FROM `zy_api` WHERE ( `appid` = '201586485090108670' ) LIMIT 1   [ RunTime:0.000224s ]

[ 2015-09-26T09:29:37+08:00 ] 127.0.0.1 /guoji/yunwang/CacheApi/?a=Get&appid=201586485090108670&m=Local&name=list&nonce_str=95c6ot18n7t6tz2iawqwo7g7dc9lwtcs&time_stamp=1443230977&version=1.0
INFO: [ app_begin ] --START--
INFO: ReadHtmlCache Behavior ::run [ RunTime:0.001331s ]
INFO: [ app_begin ] --END-- [ RunTime:0.001431s ]
NOTIC: [8] Undefined index: session_id D:\wamp\www\guoji\yunwang\ThinkPHP\Common\functions.php 第 581 行.
NOTIC: [2048] Declaration of LocalAction::Get() should be compatible with that of Action::get() D:\wamp\www\guoji\yunwang\CacheApi\Cache\Lib\Action\LocalAction.class.php 第 3 行.
SQL: SHOW COLUMNS FROM `zy_api` [ RunTime:0.007164s ]
SQL: SELECT * FROM `zy_api` WHERE ( `appid` = '201586485090108670' ) LIMIT 1   [ RunTime:0.000861s ]

[ 2015-09-26T09:29:40+08:00 ] 127.0.0.1 /guoji/yunwang/CacheApi/?a=Get&appid=201586485090108670&m=Local&name=list&nonce_str=th82qu9isgu0qdsn9gsoxien30xbvqaz&time_stamp=1443230980&version=1.0
INFO: [ app_begin ] --START--
INFO: ReadHtmlCache Behavior ::run [ RunTime:0.001694s ]
INFO: [ app_begin ] --END-- [ RunTime:0.001787s ]
NOTIC: [8] Undefined index: session_id D:\wamp\www\guoji\yunwang\ThinkPHP\Common\functions.php 第 581 行.
NOTIC: [2048] Declaration of LocalAction::Get() should be compatible with that of Action::get() D:\wamp\www\guoji\yunwang\CacheApi\Cache\Lib\Action\LocalAction.class.php 第 3 行.
SQL: SHOW COLUMNS FROM `zy_api` [ RunTime:0.003415s ]
SQL: SELECT * FROM `zy_api` WHERE ( `appid` = '201586485090108670' ) LIMIT 1   [ RunTime:0.000326s ]

[ 2015-09-26T09:30:09+08:00 ] 127.0.0.1 /guoji/yunwang/CacheApi/?a=Get&appid=201586485090108670&m=Local&name=list&nonce_str=7i6ds1pb77mqksr3ocdv6j6rkhf0y8zi&time_stamp=1443231009&version=1.0
INFO: [ app_begin ] --START--
INFO: ReadHtmlCache Behavior ::run [ RunTime:0.007696s ]
INFO: [ app_begin ] --END-- [ RunTime:0.008231s ]
NOTIC: [8] Undefined index: session_id D:\wamp\www\guoji\yunwang\ThinkPHP\Common\functions.php 第 581 行.
NOTIC: [2048] Declaration of LocalAction::Get() should be compatible with that of Action::get() D:\wamp\www\guoji\yunwang\CacheApi\Cache\Lib\Action\LocalAction.class.php 第 3 行.
SQL: SHOW COLUMNS FROM `zy_api` [ RunTime:0.007052s ]
SQL: SELECT * FROM `zy_api` WHERE ( `appid` = '201586485090108670' ) LIMIT 1   [ RunTime:0.000737s ]

[ 2015-09-26T09:30:13+08:00 ] 127.0.0.1 /guoji/yunwang/CacheApi/?a=Get&appid=201586485090108670&m=Local&name=list&nonce_str=xxpkc4euhr0m01xjbpf0zb7nfubpzywv&time_stamp=1443231013&version=1.0
INFO: [ app_begin ] --START--
INFO: ReadHtmlCache Behavior ::run [ RunTime:0.001709s ]
INFO: [ app_begin ] --END-- [ RunTime:0.001801s ]
NOTIC: [8] Undefined index: session_id D:\wamp\www\guoji\yunwang\ThinkPHP\Common\functions.php 第 581 行.
NOTIC: [2048] Declaration of LocalAction::Get() should be compatible with that of Action::get() D:\wamp\www\guoji\yunwang\CacheApi\Cache\Lib\Action\LocalAction.class.php 第 3 行.
SQL: SHOW COLUMNS FROM `zy_api` [ RunTime:0.003462s ]
SQL: SELECT * FROM `zy_api` WHERE ( `appid` = '201586485090108670' ) LIMIT 1   [ RunTime:0.000202s ]

[ 2015-09-26T09:30:17+08:00 ] 127.0.0.1 /guoji/yunwang/CacheApi/?a=Get&appid=201586485090108670&m=Local&name=list&nonce_str=o86fht10l7vdwnwlqkat807i9wnsqkd7&time_stamp=1443231017&version=1.0
INFO: [ app_begin ] --START--
INFO: ReadHtmlCache Behavior ::run [ RunTime:0.001794s ]
INFO: [ app_begin ] --END-- [ RunTime:0.001883s ]
NOTIC: [8] Undefined index: session_id D:\wamp\www\guoji\yunwang\ThinkPHP\Common\functions.php 第 581 行.
NOTIC: [2048] Declaration of LocalAction::Get() should be compatible with that of Action::get() D:\wamp\www\guoji\yunwang\CacheApi\Cache\Lib\Action\LocalAction.class.php 第 3 行.
SQL: SHOW COLUMNS FROM `zy_api` [ RunTime:0.003920s ]
SQL: SELECT * FROM `zy_api` WHERE ( `appid` = '201586485090108670' ) LIMIT 1   [ RunTime:0.000200s ]

[ 2015-09-26T09:30:22+08:00 ] 127.0.0.1 /guoji/yunwang/CacheApi/?a=Get&appid=201586485090108670&m=Local&name=list&nonce_str=tlf1nue63fs1f6cbb6kxyxbmej1jklr8&time_stamp=1443231022&version=1.0
INFO: [ app_begin ] --START--
INFO: ReadHtmlCache Behavior ::run [ RunTime:0.001683s ]
INFO: [ app_begin ] --END-- [ RunTime:0.001768s ]
NOTIC: [8] Undefined index: session_id D:\wamp\www\guoji\yunwang\ThinkPHP\Common\functions.php 第 581 行.
NOTIC: [2048] Declaration of LocalAction::Get() should be compatible with that of Action::get() D:\wamp\www\guoji\yunwang\CacheApi\Cache\Lib\Action\LocalAction.class.php 第 3 行.
SQL: SHOW COLUMNS FROM `zy_api` [ RunTime:0.003475s ]
SQL: SELECT * FROM `zy_api` WHERE ( `appid` = '201586485090108670' ) LIMIT 1   [ RunTime:0.000238s ]

[ 2015-09-26T10:18:35+08:00 ] 127.0.0.1 /guoji/yunwang/CacheApi/?a=Get&appid=201586485090108670&m=Local&name=list&nonce_str=bjwmyn1zxqmfh6t43uw9vhuic156huwf&time_stamp=1443233915&version=1.0
INFO: [ app_begin ] --START--
INFO: ReadHtmlCache Behavior ::run [ RunTime:0.003204s ]
INFO: [ app_begin ] --END-- [ RunTime:0.003540s ]
NOTIC: [8] Undefined index: session_id D:\wamp\www\guoji\yunwang\ThinkPHP\Common\functions.php 第 581 行.
NOTIC: [2048] Declaration of LocalAction::Get() should be compatible with that of Action::get() D:\wamp\www\guoji\yunwang\CacheApi\Cache\Lib\Action\LocalAction.class.php 第 3 行.
SQL: SHOW COLUMNS FROM `zy_api` [ RunTime:0.004075s ]
SQL: SELECT * FROM `zy_api` WHERE ( `appid` = '201586485090108670' ) LIMIT 1   [ RunTime:0.000330s ]

[ 2015-09-26T10:18:39+08:00 ] 127.0.0.1 /guoji/yunwang/CacheApi/?a=Get&appid=201586485090108670&m=Local&name=list&nonce_str=phyhqom8tvo9qg5ebitdy4o8ygomnmqy&time_stamp=1443233919&version=1.0
INFO: [ app_begin ] --START--
INFO: ReadHtmlCache Behavior ::run [ RunTime:0.001683s ]
INFO: [ app_begin ] --END-- [ RunTime:0.001768s ]
NOTIC: [8] Undefined index: session_id D:\wamp\www\guoji\yunwang\ThinkPHP\Common\functions.php 第 581 行.
NOTIC: [2048] Declaration of LocalAction::Get() should be compatible with that of Action::get() D:\wamp\www\guoji\yunwang\CacheApi\Cache\Lib\Action\LocalAction.class.php 第 3 行.
SQL: SHOW COLUMNS FROM `zy_api` [ RunTime:0.003321s ]
SQL: SELECT * FROM `zy_api` WHERE ( `appid` = '201586485090108670' ) LIMIT 1   [ RunTime:0.000222s ]

[ 2015-09-26T10:18:46+08:00 ] 127.0.0.1 /guoji/yunwang/CacheApi/?a=Get&appid=201586485090108670&m=Local&name=list&nonce_str=mq21a6mswxcj5tpg1zp0ncnupy0cjwnp&time_stamp=1443233926&version=1.0
INFO: [ app_begin ] --START--
INFO: ReadHtmlCache Behavior ::run [ RunTime:0.001671s ]
INFO: [ app_begin ] --END-- [ RunTime:0.001754s ]
NOTIC: [8] Undefined index: session_id D:\wamp\www\guoji\yunwang\ThinkPHP\Common\functions.php 第 581 行.
NOTIC: [2048] Declaration of LocalAction::Get() should be compatible with that of Action::get() D:\wamp\www\guoji\yunwang\CacheApi\Cache\Lib\Action\LocalAction.class.php 第 3 行.
SQL: SHOW COLUMNS FROM `zy_api` [ RunTime:0.003433s ]
SQL: SELECT * FROM `zy_api` WHERE ( `appid` = '201586485090108670' ) LIMIT 1   [ RunTime:0.000310s ]

[ 2015-09-26T10:53:11+08:00 ] 127.0.0.1 /guoji/yunwang/CacheApi/?a=Get&appid=201586485090108670&m=Local&name=list&nonce_str=y1a2vhbo3x2ault6v4piwoagak4mikog&time_stamp=1443235991&version=1.0
INFO: [ app_begin ] --START--
INFO: ReadHtmlCache Behavior ::run [ RunTime:0.001843s ]
INFO: [ app_begin ] --END-- [ RunTime:0.001936s ]
NOTIC: [8] Undefined index: session_id D:\wamp\www\guoji\yunwang\ThinkPHP\Common\functions.php 第 581 行.
NOTIC: [2048] Declaration of LocalAction::Get() should be compatible with that of Action::get() D:\wamp\www\guoji\yunwang\CacheApi\Cache\Lib\Action\LocalAction.class.php 第 3 行.
SQL: SHOW COLUMNS FROM `zy_api` [ RunTime:0.004961s ]
SQL: SELECT * FROM `zy_api` WHERE ( `appid` = '201586485090108670' ) LIMIT 1   [ RunTime:0.000311s ]

