[ 2015-09-13T01:06:06+08:00 ] 127.0.0.1 /guoji/yunwang/CacheApi/?a=Del&appid=201586485090108670&m=Local&name=pvs&nonce_str=3k6i9tv834hwgp5xixelmrnxa5pyv6yr&time_stamp=1442077565&version=1.0&sign=1459daac24181fe221d281bdd8356a68&sign_type=MD5
INFO: [ app_begin ] --START--
INFO: ReadHtmlCache Behavior ::run [ RunTime:0.002160s ]
INFO: [ app_begin ] --END-- [ RunTime:0.002263s ]
NOTIC: [8] Undefined index: session_id D:\wamp\www\guoji\yunwang\ThinkPHP\Common\functions.php 第 581 行.
NOTIC: [2048] Declaration of LocalAction::Get() should be compatible with that of Action::get() D:\wamp\www\guoji\yunwang\CacheApi\Cache\Lib\Action\LocalAction.class.php 第 3 行.
SQL: SHOW COLUMNS FROM `zy_api` [ RunTime:0.004618s ]
SQL: SELECT * FROM `zy_api` WHERE ( `appid` = '201586485090108670' ) LIMIT 1   [ RunTime:0.000249s ]

[ 2015-09-13T01:06:30+08:00 ] 127.0.0.1 /guoji/yunwang/CacheApi/?a=Set&appid=201586485090108670&m=Local&name=pvs&nonce_str=8tar0y8hauktmoe5i1ozfmulxhlbfjqj&time_stamp=1442077590&version=1.0&sign=f5b4188465d00c29e2544051eb3d166e&sign_type=MD5
INFO: [ app_begin ] --START--
INFO: ReadHtmlCache Behavior ::run [ RunTime:0.002139s ]
INFO: [ app_begin ] --END-- [ RunTime:0.002295s ]
NOTIC: [8] Undefined index: session_id D:\wamp\www\guoji\yunwang\ThinkPHP\Common\functions.php 第 581 行.
NOTIC: [2048] Declaration of LocalAction::Get() should be compatible with that of Action::get() D:\wamp\www\guoji\yunwang\CacheApi\Cache\Lib\Action\LocalAction.class.php 第 3 行.
SQL: SHOW COLUMNS FROM `zy_api` [ RunTime:0.004223s ]
SQL: SELECT * FROM `zy_api` WHERE ( `appid` = '201586485090108670' ) LIMIT 1   [ RunTime:0.000276s ]
NOTIC: [8] Undefined index: expire D:\wamp\www\guoji\yunwang\CacheApi\Cache\Lib\Action\LocalAction.class.php 第 9 行.
NOTIC: [8] Undefined index: expire D:\wamp\www\guoji\yunwang\CacheApi\Cache\Lib\Action\LocalAction.class.php 第 13 行.
NOTIC: [8] Undefined index: from D:\wamp\www\guoji\yunwang\CacheApi\Cache\Lib\Action\LocalAction.class.php 第 21 行.

[ 2015-09-13T01:06:30+08:00 ] 127.0.0.1 /guoji/yunwang/CacheApi/?a=Set&appid=201586485090108670&m=Local&name=cities&nonce_str=vin5nk5c5pz893rj2ftic1z40et68sxz&time_stamp=1442077590&version=1.0&sign=79f645114ddccb187c61847d9a39e091&sign_type=MD5
INFO: [ app_begin ] --START--
INFO: ReadHtmlCache Behavior ::run [ RunTime:0.001911s ]
INFO: [ app_begin ] --END-- [ RunTime:0.002001s ]
NOTIC: [8] Undefined index: session_id D:\wamp\www\guoji\yunwang\ThinkPHP\Common\functions.php 第 581 行.
NOTIC: [2048] Declaration of LocalAction::Get() should be compatible with that of Action::get() D:\wamp\www\guoji\yunwang\CacheApi\Cache\Lib\Action\LocalAction.class.php 第 3 行.
SQL: SHOW COLUMNS FROM `zy_api` [ RunTime:0.004431s ]
SQL: SELECT * FROM `zy_api` WHERE ( `appid` = '201586485090108670' ) LIMIT 1   [ RunTime:0.000171s ]
NOTIC: [8] Undefined index: expire D:\wamp\www\guoji\yunwang\CacheApi\Cache\Lib\Action\LocalAction.class.php 第 9 行.
NOTIC: [8] Undefined index: expire D:\wamp\www\guoji\yunwang\CacheApi\Cache\Lib\Action\LocalAction.class.php 第 13 行.
NOTIC: [8] Undefined index: from D:\wamp\www\guoji\yunwang\CacheApi\Cache\Lib\Action\LocalAction.class.php 第 21 行.

[ 2015-09-13T01:06:30+08:00 ] 127.0.0.1 /guoji/yunwang/CacheApi/?a=Set&appid=201586485090108670&m=Local&name=counties&nonce_str=qrja94dvbdd46g2xpzt9b8dag89gxidy&time_stamp=1442077590&version=1.0&sign=1f14766e291b39306b58dd67656ebb52&sign_type=MD5
INFO: [ app_begin ] --START--
INFO: ReadHtmlCache Behavior ::run [ RunTime:0.002330s ]
INFO: [ app_begin ] --END-- [ RunTime:0.002437s ]
NOTIC: [8] Undefined index: session_id D:\wamp\www\guoji\yunwang\ThinkPHP\Common\functions.php 第 581 行.
NOTIC: [2048] Declaration of LocalAction::Get() should be compatible with that of Action::get() D:\wamp\www\guoji\yunwang\CacheApi\Cache\Lib\Action\LocalAction.class.php 第 3 行.
SQL: SHOW COLUMNS FROM `zy_api` [ RunTime:0.005762s ]
SQL: SELECT * FROM `zy_api` WHERE ( `appid` = '201586485090108670' ) LIMIT 1   [ RunTime:0.000308s ]
NOTIC: [8] Undefined index: expire D:\wamp\www\guoji\yunwang\CacheApi\Cache\Lib\Action\LocalAction.class.php 第 9 行.
NOTIC: [8] Undefined index: expire D:\wamp\www\guoji\yunwang\CacheApi\Cache\Lib\Action\LocalAction.class.php 第 13 行.
NOTIC: [8] Undefined index: from D:\wamp\www\guoji\yunwang\CacheApi\Cache\Lib\Action\LocalAction.class.php 第 21 行.

[ 2015-09-13T09:36:06+08:00 ] 127.0.0.1 /guoji/yunwang/CacheApi/?a=Del&appid=201586485090108670&m=Local&name=pvs&nonce_str=2mgyc11nsylrwvlqbrekalbvqmbjm6i5&time_stamp=1442108166&version=1.0&sign=91ffdc4e6263ccfdd04a73841de78c4f&sign_type=MD5
INFO: [ app_begin ] --START--
INFO: ReadHtmlCache Behavior ::run [ RunTime:0.002642s ]
INFO: [ app_begin ] --END-- [ RunTime:0.002865s ]
NOTIC: [8] Undefined index: session_id D:\wamp\www\guoji\yunwang\ThinkPHP\Common\functions.php 第 581 行.
NOTIC: [2048] Declaration of LocalAction::Get() should be compatible with that of Action::get() D:\wamp\www\guoji\yunwang\CacheApi\Cache\Lib\Action\LocalAction.class.php 第 3 行.
SQL: SHOW COLUMNS FROM `zy_api` [ RunTime:0.005162s ]
SQL: SELECT * FROM `zy_api` WHERE ( `appid` = '201586485090108670' ) LIMIT 1   [ RunTime:0.000217s ]

[ 2015-09-13T10:47:00+08:00 ] 127.0.0.1 /guoji/yunwang/CacheApi/?a=Del&appid=201586485090108670&m=Local&name=pvs&nonce_str=9fvi3r6szdeaoavufnkombd0aaxbvpm2&time_stamp=1442112420&version=1.0&sign=fa6722669fc5dc99107f225c41066815&sign_type=MD5
INFO: [ app_begin ] --START--
INFO: ReadHtmlCache Behavior ::run [ RunTime:0.001361s ]
INFO: [ app_begin ] --END-- [ RunTime:0.001448s ]
NOTIC: [8] Undefined index: session_id D:\wamp\www\guoji\yunwang\ThinkPHP\Common\functions.php 第 581 行.
NOTIC: [2048] Declaration of LocalAction::Get() should be compatible with that of Action::get() D:\wamp\www\guoji\yunwang\CacheApi\Cache\Lib\Action\LocalAction.class.php 第 3 行.
SQL: SHOW COLUMNS FROM `zy_api` [ RunTime:0.004457s ]
SQL: SELECT * FROM `zy_api` WHERE ( `appid` = '201586485090108670' ) LIMIT 1   [ RunTime:0.000227s ]
NOTIC: [2] unlink(D:\wamp\www\guoji\yunwang\Cache/Region/pvs.php) [<a href='function.unlink'>function.unlink</a>]: No such file or directory D:\wamp\www\guoji\yunwang\ThinkPHP\Lib\Driver\Cache\CacheFile.class.php 第 162 行.

[ 2015-09-13T10:47:02+08:00 ] 127.0.0.1 /guoji/yunwang/CacheApi/?a=Del&appid=201586485090108670&m=Local&name=pvs&nonce_str=amw6g3jiplrduzg2ki8apjind3hf8bwq&time_stamp=1442112422&version=1.0&sign=6a65929659943e70924e03f2e0ee1a7c&sign_type=MD5
INFO: [ app_begin ] --START--
INFO: ReadHtmlCache Behavior ::run [ RunTime:0.000661s ]
INFO: [ app_begin ] --END-- [ RunTime:0.000753s ]
NOTIC: [8] Undefined index: session_id D:\wamp\www\guoji\yunwang\ThinkPHP\Common\functions.php 第 581 行.
NOTIC: [2048] Declaration of LocalAction::Get() should be compatible with that of Action::get() D:\wamp\www\guoji\yunwang\CacheApi\Cache\Lib\Action\LocalAction.class.php 第 3 行.
SQL: SHOW COLUMNS FROM `zy_api` [ RunTime:0.004043s ]
SQL: SELECT * FROM `zy_api` WHERE ( `appid` = '201586485090108670' ) LIMIT 1   [ RunTime:0.000214s ]
NOTIC: [2] unlink(D:\wamp\www\guoji\yunwang\Cache/Region/pvs.php) [<a href='function.unlink'>function.unlink</a>]: No such file or directory D:\wamp\www\guoji\yunwang\ThinkPHP\Lib\Driver\Cache\CacheFile.class.php 第 162 行.

[ 2015-09-13T10:51:09+08:00 ] 127.0.0.1 /guoji/yunwang/CacheApi/?a=Set&appid=201586485090108670&m=Local&name=config&nonce_str=b81h8ru08odxs71pcymiozbvlgu6abm6&time_stamp=1442112669&version=1.0&sign=bd5271dc7834d7c15651809de932c030&sign_type=MD5
INFO: [ app_begin ] --START--
INFO: ReadHtmlCache Behavior ::run [ RunTime:0.001534s ]
INFO: [ app_begin ] --END-- [ RunTime:0.001635s ]
NOTIC: [8] Undefined index: session_id D:\wamp\www\guoji\yunwang\ThinkPHP\Common\functions.php 第 581 行.
NOTIC: [2048] Declaration of LocalAction::Get() should be compatible with that of Action::get() D:\wamp\www\guoji\yunwang\CacheApi\Cache\Lib\Action\LocalAction.class.php 第 3 行.
SQL: SHOW COLUMNS FROM `zy_api` [ RunTime:0.004110s ]
SQL: SELECT * FROM `zy_api` WHERE ( `appid` = '201586485090108670' ) LIMIT 1   [ RunTime:0.000181s ]
NOTIC: [8] Undefined index: json_data D:\wamp\www\guoji\yunwang\CacheApi\Cache\Lib\Action\LocalAction.class.php 第 8 行.
NOTIC: [8] Undefined index: expire D:\wamp\www\guoji\yunwang\CacheApi\Cache\Lib\Action\LocalAction.class.php 第 9 行.
NOTIC: [8] Undefined index: expire D:\wamp\www\guoji\yunwang\CacheApi\Cache\Lib\Action\LocalAction.class.php 第 13 行.
NOTIC: [8] Undefined index: from D:\wamp\www\guoji\yunwang\CacheApi\Cache\Lib\Action\LocalAction.class.php 第 21 行.

[ 2015-09-13T23:00:07+08:00 ] 127.0.0.1 /guoji/yunwang/CacheApi/?a=Del&appid=201586485090108670&m=Local&name=pvs&nonce_str=0k7j15ho5t3znbizqkwgc7q4hw6ntvgm&time_stamp=1442156407&version=1.0&sign=fd6cf2fe446fe476f13b1857f7e947de&sign_type=MD5
INFO: [ app_begin ] --START--
INFO: ReadHtmlCache Behavior ::run [ RunTime:0.001515s ]
INFO: [ app_begin ] --END-- [ RunTime:0.001599s ]
NOTIC: [8] Undefined index: session_id D:\wamp\www\guoji\yunwang\ThinkPHP\Common\functions.php 第 581 行.
NOTIC: [2048] Declaration of LocalAction::Get() should be compatible with that of Action::get() D:\wamp\www\guoji\yunwang\CacheApi\Cache\Lib\Action\LocalAction.class.php 第 3 行.
SQL: SHOW COLUMNS FROM `zy_api` [ RunTime:0.005179s ]
SQL: SELECT * FROM `zy_api` WHERE ( `appid` = '201586485090108670' ) LIMIT 1   [ RunTime:0.000194s ]
NOTIC: [2] unlink(D:\wamp\www\guoji\yunwang\Cache/Region/pvs.php) [<a href='function.unlink'>function.unlink</a>]: No such file or directory D:\wamp\www\guoji\yunwang\ThinkPHP\Lib\Driver\Cache\CacheFile.class.php 第 162 行.

[ 2015-09-13T23:02:52+08:00 ] 127.0.0.1 /guoji/yunwang/CacheApi/?a=Del&appid=201586485090108670&m=Local&name=pvs&nonce_str=gzfjjzidik1m9xv0e0tuddz9w3n6a8p2&time_stamp=1442156572&version=1.0&sign=705fb5a8ae0c488955c63827d45a45d1&sign_type=MD5
INFO: [ app_begin ] --START--
INFO: ReadHtmlCache Behavior ::run [ RunTime:0.001295s ]
INFO: [ app_begin ] --END-- [ RunTime:0.001390s ]
NOTIC: [8] Undefined index: session_id D:\wamp\www\guoji\yunwang\ThinkPHP\Common\functions.php 第 581 行.
NOTIC: [2048] Declaration of LocalAction::Get() should be compatible with that of Action::get() D:\wamp\www\guoji\yunwang\CacheApi\Cache\Lib\Action\LocalAction.class.php 第 3 行.
SQL: SHOW COLUMNS FROM `zy_api` [ RunTime:0.005343s ]
SQL: SELECT * FROM `zy_api` WHERE ( `appid` = '201586485090108670' ) LIMIT 1   [ RunTime:0.000219s ]
NOTIC: [2] unlink(D:\wamp\www\guoji\yunwang\Cache/Region/pvs.php) [<a href='function.unlink'>function.unlink</a>]: No such file or directory D:\wamp\www\guoji\yunwang\ThinkPHP\Lib\Driver\Cache\CacheFile.class.php 第 162 行.

