[ 2015-09-25T00:03:11+08:00 ] 127.0.0.1 /guoji/yunwang/CacheApi/?a=Get&appid=201586485090108670&m=Local&name=list&nonce_str=zjkuq6b4pwzl85ks8htpsy6ndti83lgg&time_stamp=1443110591&version=1.0
INFO: [ app_begin ] --START--
INFO: ReadHtmlCache Behavior ::run [ RunTime:0.001889s ]
INFO: [ app_begin ] --END-- [ RunTime:0.001989s ]
NOTIC: [8] Undefined index: session_id D:\wamp\www\guoji\yunwang\ThinkPHP\Common\functions.php 第 581 行.
NOTIC: [2048] Declaration of LocalAction::Get() should be compatible with that of Action::get() D:\wamp\www\guoji\yunwang\CacheApi\Cache\Lib\Action\LocalAction.class.php 第 3 行.
SQL: SHOW COLUMNS FROM `zy_api` [ RunTime:0.004100s ]
SQL: SELECT * FROM `zy_api` WHERE ( `appid` = '201586485090108670' ) LIMIT 1   [ RunTime:0.000207s ]

[ 2015-09-25T00:03:21+08:00 ] 127.0.0.1 /guoji/yunwang/CacheApi/?a=Get&appid=201586485090108670&m=Local&name=list&nonce_str=or3wne3wkgjwjm4dgpcjoha0vzh9ittk&time_stamp=1443110601&version=1.0
INFO: [ app_begin ] --START--
INFO: ReadHtmlCache Behavior ::run [ RunTime:0.003067s ]
INFO: [ app_begin ] --END-- [ RunTime:0.003392s ]
NOTIC: [8] Undefined index: session_id D:\wamp\www\guoji\yunwang\ThinkPHP\Common\functions.php 第 581 行.
NOTIC: [2048] Declaration of LocalAction::Get() should be compatible with that of Action::get() D:\wamp\www\guoji\yunwang\CacheApi\Cache\Lib\Action\LocalAction.class.php 第 3 行.
SQL: SHOW COLUMNS FROM `zy_api` [ RunTime:0.008355s ]
SQL: SELECT * FROM `zy_api` WHERE ( `appid` = '201586485090108670' ) LIMIT 1   [ RunTime:0.000287s ]

[ 2015-09-25T00:03:21+08:00 ] 127.0.0.1 /guoji/yunwang/CacheApi/?a=SetList&appid=201586485090108670&m=Config&name=list&nonce_str=racwmvf89l018kq25tkgtol9x1nfqz8u&time_stamp=1443110601&version=1.0
INFO: [ app_begin ] --START--
INFO: ReadHtmlCache Behavior ::run [ RunTime:0.002991s ]
INFO: [ app_begin ] --END-- [ RunTime:0.003364s ]
NOTIC: [8] Undefined index: session_id D:\wamp\www\guoji\yunwang\ThinkPHP\Common\functions.php 第 581 行.
SQL: SHOW COLUMNS FROM `zy_api` [ RunTime:0.007597s ]
SQL: SELECT * FROM `zy_api` WHERE ( `appid` = '201586485090108670' ) LIMIT 1   [ RunTime:0.000899s ]
SQL: SHOW COLUMNS FROM `zy_config` [ RunTime:0.007198s ]
SQL: SELECT * FROM `zy_config` WHERE ( `status` = 1 )  [ RunTime:0.001907s ]
NOTIC: [8] Undefined index: from D:\wamp\www\guoji\yunwang\CacheApi\Cache\Lib\Action\ConfigAction.class.php 第 16 行.
NOTIC: [8] Undefined index: expire D:\wamp\www\guoji\yunwang\CacheApi\Cache\Lib\Action\CommonAction.class.php 第 69 行.
NOTIC: [8] Undefined index: expire D:\wamp\www\guoji\yunwang\CacheApi\Cache\Lib\Action\CommonAction.class.php 第 74 行.
NOTIC: [8] Undefined index: status D:\wamp\www\guoji\yunwang\CacheApi\Cache\Lib\Action\ConfigAction.class.php 第 25 行.

[ 2015-09-25T00:03:23+08:00 ] 127.0.0.1 /guoji/yunwang/CacheApi/?a=Get&appid=201586485090108670&m=Local&name=list&nonce_str=5plb3600p5okt60ryq05dt2o8q81p5sp&time_stamp=1443110603&version=1.0
INFO: [ app_begin ] --START--
INFO: ReadHtmlCache Behavior ::run [ RunTime:0.005045s ]
INFO: [ app_begin ] --END-- [ RunTime:0.005415s ]
NOTIC: [8] Undefined index: session_id D:\wamp\www\guoji\yunwang\ThinkPHP\Common\functions.php 第 581 行.
NOTIC: [2048] Declaration of LocalAction::Get() should be compatible with that of Action::get() D:\wamp\www\guoji\yunwang\CacheApi\Cache\Lib\Action\LocalAction.class.php 第 3 行.
SQL: SHOW COLUMNS FROM `zy_api` [ RunTime:0.003651s ]
SQL: SELECT * FROM `zy_api` WHERE ( `appid` = '201586485090108670' ) LIMIT 1   [ RunTime:0.000836s ]

[ 2015-09-25T00:03:48+08:00 ] 127.0.0.1 /guoji/yunwang/CacheApi/?a=Get&appid=201586485090108670&m=Local&name=list&nonce_str=0k8gkwuhknld8l3wdv0th5b7migrpmqv&time_stamp=1443110628&version=1.0
INFO: [ app_begin ] --START--
INFO: ReadHtmlCache Behavior ::run [ RunTime:0.001964s ]
INFO: [ app_begin ] --END-- [ RunTime:0.002194s ]
NOTIC: [8] Undefined index: session_id D:\wamp\www\guoji\yunwang\ThinkPHP\Common\functions.php 第 581 行.
NOTIC: [2048] Declaration of LocalAction::Get() should be compatible with that of Action::get() D:\wamp\www\guoji\yunwang\CacheApi\Cache\Lib\Action\LocalAction.class.php 第 3 行.
SQL: SHOW COLUMNS FROM `zy_api` [ RunTime:0.005490s ]
SQL: SELECT * FROM `zy_api` WHERE ( `appid` = '201586485090108670' ) LIMIT 1   [ RunTime:0.000269s ]

[ 2015-09-25T00:04:25+08:00 ] 127.0.0.1 /guoji/yunwang/CacheApi/?a=Get&appid=201586485090108670&m=Local&name=list&nonce_str=wzlxdie54t0fiyk8kcwh1twa5r1kdg8m&time_stamp=1443110665&version=1.0
INFO: [ app_begin ] --START--
INFO: ReadHtmlCache Behavior ::run [ RunTime:0.001566s ]
INFO: [ app_begin ] --END-- [ RunTime:0.001650s ]
NOTIC: [8] Undefined index: session_id D:\wamp\www\guoji\yunwang\ThinkPHP\Common\functions.php 第 581 行.
NOTIC: [2048] Declaration of LocalAction::Get() should be compatible with that of Action::get() D:\wamp\www\guoji\yunwang\CacheApi\Cache\Lib\Action\LocalAction.class.php 第 3 行.
SQL: SHOW COLUMNS FROM `zy_api` [ RunTime:0.004461s ]
SQL: SELECT * FROM `zy_api` WHERE ( `appid` = '201586485090108670' ) LIMIT 1   [ RunTime:0.000259s ]

[ 2015-09-25T00:05:03+08:00 ] 127.0.0.1 /guoji/yunwang/CacheApi/?a=Get&appid=201586485090108670&m=Local&name=list&nonce_str=dncot4vzjeh7gmgi33fwqsk50dm5gtbg&time_stamp=1443110703&version=1.0
INFO: [ app_begin ] --START--
INFO: ReadHtmlCache Behavior ::run [ RunTime:0.003538s ]
INFO: [ app_begin ] --END-- [ RunTime:0.003799s ]
NOTIC: [8] Undefined index: session_id D:\wamp\www\guoji\yunwang\ThinkPHP\Common\functions.php 第 581 行.
NOTIC: [2048] Declaration of LocalAction::Get() should be compatible with that of Action::get() D:\wamp\www\guoji\yunwang\CacheApi\Cache\Lib\Action\LocalAction.class.php 第 3 行.
SQL: SHOW COLUMNS FROM `zy_api` [ RunTime:0.003554s ]
SQL: SELECT * FROM `zy_api` WHERE ( `appid` = '201586485090108670' ) LIMIT 1   [ RunTime:0.000416s ]

[ 2015-09-25T00:05:40+08:00 ] 127.0.0.1 /guoji/yunwang/CacheApi/?a=Get&appid=201586485090108670&m=Local&name=list&nonce_str=t0vwvh2rv0s4d2z8gek6nvc8l32knofs&time_stamp=1443110740&version=1.0
INFO: [ app_begin ] --START--
INFO: ReadHtmlCache Behavior ::run [ RunTime:0.001850s ]
INFO: [ app_begin ] --END-- [ RunTime:0.001948s ]
NOTIC: [8] Undefined index: session_id D:\wamp\www\guoji\yunwang\ThinkPHP\Common\functions.php 第 581 行.
NOTIC: [2048] Declaration of LocalAction::Get() should be compatible with that of Action::get() D:\wamp\www\guoji\yunwang\CacheApi\Cache\Lib\Action\LocalAction.class.php 第 3 行.
SQL: SHOW COLUMNS FROM `zy_api` [ RunTime:0.004123s ]
SQL: SELECT * FROM `zy_api` WHERE ( `appid` = '201586485090108670' ) LIMIT 1   [ RunTime:0.000214s ]

[ 2015-09-25T00:06:20+08:00 ] 127.0.0.1 /guoji/yunwang/CacheApi/?a=Get&appid=201586485090108670&m=Local&name=list&nonce_str=6745opqy0mimnfyn72fkj60wul93onpv&time_stamp=1443110780&version=1.0
INFO: [ app_begin ] --START--
INFO: ReadHtmlCache Behavior ::run [ RunTime:0.001611s ]
INFO: [ app_begin ] --END-- [ RunTime:0.001699s ]
NOTIC: [8] Undefined index: session_id D:\wamp\www\guoji\yunwang\ThinkPHP\Common\functions.php 第 581 行.
NOTIC: [2048] Declaration of LocalAction::Get() should be compatible with that of Action::get() D:\wamp\www\guoji\yunwang\CacheApi\Cache\Lib\Action\LocalAction.class.php 第 3 行.
SQL: SHOW COLUMNS FROM `zy_api` [ RunTime:0.004256s ]
SQL: SELECT * FROM `zy_api` WHERE ( `appid` = '201586485090108670' ) LIMIT 1   [ RunTime:0.000262s ]

[ 2015-09-25T00:06:23+08:00 ] 127.0.0.1 /guoji/yunwang/CacheApi/?a=Get&appid=201586485090108670&m=Local&name=list&nonce_str=k587obqy4vtwuo11noscvvgzyufbqdd5&time_stamp=1443110783&version=1.0
INFO: [ app_begin ] --START--
INFO: ReadHtmlCache Behavior ::run [ RunTime:0.001770s ]
INFO: [ app_begin ] --END-- [ RunTime:0.001850s ]
NOTIC: [8] Undefined index: session_id D:\wamp\www\guoji\yunwang\ThinkPHP\Common\functions.php 第 581 行.
NOTIC: [2048] Declaration of LocalAction::Get() should be compatible with that of Action::get() D:\wamp\www\guoji\yunwang\CacheApi\Cache\Lib\Action\LocalAction.class.php 第 3 行.
SQL: SHOW COLUMNS FROM `zy_api` [ RunTime:0.004143s ]
SQL: SELECT * FROM `zy_api` WHERE ( `appid` = '201586485090108670' ) LIMIT 1   [ RunTime:0.000307s ]

[ 2015-09-25T00:06:28+08:00 ] 127.0.0.1 /guoji/yunwang/CacheApi/?a=Get&appid=201586485090108670&m=Local&name=list&nonce_str=vjgxi2ixok6nkb0g0lttp0wgo1tzqvek&time_stamp=1443110788&version=1.0
INFO: [ app_begin ] --START--
INFO: ReadHtmlCache Behavior ::run [ RunTime:0.001054s ]
INFO: [ app_begin ] --END-- [ RunTime:0.001140s ]
NOTIC: [8] Undefined index: session_id D:\wamp\www\guoji\yunwang\ThinkPHP\Common\functions.php 第 581 行.
NOTIC: [2048] Declaration of LocalAction::Get() should be compatible with that of Action::get() D:\wamp\www\guoji\yunwang\CacheApi\Cache\Lib\Action\LocalAction.class.php 第 3 行.
SQL: SHOW COLUMNS FROM `zy_api` [ RunTime:0.004372s ]
SQL: SELECT * FROM `zy_api` WHERE ( `appid` = '201586485090108670' ) LIMIT 1   [ RunTime:0.000223s ]

[ 2015-09-25T00:07:09+08:00 ] 127.0.0.1 /guoji/yunwang/CacheApi/?a=Get&appid=201586485090108670&m=Local&name=list&nonce_str=r1quihfb1ea28wxahfzay6t2wc2rdtj5&time_stamp=1443110829&version=1.0
INFO: [ app_begin ] --START--
INFO: ReadHtmlCache Behavior ::run [ RunTime:0.001095s ]
INFO: [ app_begin ] --END-- [ RunTime:0.001180s ]
NOTIC: [8] Undefined index: session_id D:\wamp\www\guoji\yunwang\ThinkPHP\Common\functions.php 第 581 行.
NOTIC: [2048] Declaration of LocalAction::Get() should be compatible with that of Action::get() D:\wamp\www\guoji\yunwang\CacheApi\Cache\Lib\Action\LocalAction.class.php 第 3 行.
SQL: SHOW COLUMNS FROM `zy_api` [ RunTime:0.003577s ]
SQL: SELECT * FROM `zy_api` WHERE ( `appid` = '201586485090108670' ) LIMIT 1   [ RunTime:0.000202s ]

[ 2015-09-25T00:07:09+08:00 ] 127.0.0.1 /guoji/yunwang/CacheApi/?a=Get&appid=201586485090108670&m=Local&name=list&nonce_str=ad09adhru1gxlv48wfrb9idwdtqyyr0t&time_stamp=1443110829&version=1.0
INFO: [ app_begin ] --START--
INFO: ReadHtmlCache Behavior ::run [ RunTime:0.001081s ]
INFO: [ app_begin ] --END-- [ RunTime:0.001168s ]
NOTIC: [8] Undefined index: session_id D:\wamp\www\guoji\yunwang\ThinkPHP\Common\functions.php 第 581 行.
NOTIC: [2048] Declaration of LocalAction::Get() should be compatible with that of Action::get() D:\wamp\www\guoji\yunwang\CacheApi\Cache\Lib\Action\LocalAction.class.php 第 3 行.
SQL: SHOW COLUMNS FROM `zy_api` [ RunTime:0.003740s ]
SQL: SELECT * FROM `zy_api` WHERE ( `appid` = '201586485090108670' ) LIMIT 1   [ RunTime:0.000220s ]

[ 2015-09-25T00:07:50+08:00 ] 127.0.0.1 /guoji/yunwang/CacheApi/?a=Get&appid=201586485090108670&m=Local&name=list&nonce_str=3g5obq3chy7m4jvth0ty54qaej1zfohg&time_stamp=1443110870&version=1.0
INFO: [ app_begin ] --START--
INFO: ReadHtmlCache Behavior ::run [ RunTime:0.001576s ]
INFO: [ app_begin ] --END-- [ RunTime:0.001792s ]
NOTIC: [8] Undefined index: session_id D:\wamp\www\guoji\yunwang\ThinkPHP\Common\functions.php 第 581 行.
NOTIC: [2048] Declaration of LocalAction::Get() should be compatible with that of Action::get() D:\wamp\www\guoji\yunwang\CacheApi\Cache\Lib\Action\LocalAction.class.php 第 3 行.
SQL: SHOW COLUMNS FROM `zy_api` [ RunTime:0.003730s ]
SQL: SELECT * FROM `zy_api` WHERE ( `appid` = '201586485090108670' ) LIMIT 1   [ RunTime:0.000197s ]

[ 2015-09-25T00:07:50+08:00 ] 127.0.0.1 /guoji/yunwang/CacheApi/?a=Get&appid=201586485090108670&m=Local&name=list&nonce_str=ezg72ggjo3ijew6nrqwrp6dqrklaahyg&time_stamp=1443110870&version=1.0
INFO: [ app_begin ] --START--
INFO: ReadHtmlCache Behavior ::run [ RunTime:0.001094s ]
INFO: [ app_begin ] --END-- [ RunTime:0.001183s ]
NOTIC: [8] Undefined index: session_id D:\wamp\www\guoji\yunwang\ThinkPHP\Common\functions.php 第 581 行.
NOTIC: [2048] Declaration of LocalAction::Get() should be compatible with that of Action::get() D:\wamp\www\guoji\yunwang\CacheApi\Cache\Lib\Action\LocalAction.class.php 第 3 行.
SQL: SHOW COLUMNS FROM `zy_api` [ RunTime:0.003702s ]
SQL: SELECT * FROM `zy_api` WHERE ( `appid` = '201586485090108670' ) LIMIT 1   [ RunTime:0.000717s ]

[ 2015-09-25T00:08:04+08:00 ] 127.0.0.1 /guoji/yunwang/CacheApi/?a=Get&appid=201586485090108670&m=Local&name=list&nonce_str=xnu9xco1iz36s5jbxrxb2dgldvt1zxca&time_stamp=1443110884&version=1.0
INFO: [ app_begin ] --START--
INFO: ReadHtmlCache Behavior ::run [ RunTime:0.001103s ]
INFO: [ app_begin ] --END-- [ RunTime:0.001191s ]
NOTIC: [8] Undefined index: session_id D:\wamp\www\guoji\yunwang\ThinkPHP\Common\functions.php 第 581 行.
NOTIC: [2048] Declaration of LocalAction::Get() should be compatible with that of Action::get() D:\wamp\www\guoji\yunwang\CacheApi\Cache\Lib\Action\LocalAction.class.php 第 3 行.
SQL: SHOW COLUMNS FROM `zy_api` [ RunTime:0.003531s ]
SQL: SELECT * FROM `zy_api` WHERE ( `appid` = '201586485090108670' ) LIMIT 1   [ RunTime:0.000227s ]

[ 2015-09-25T00:08:14+08:00 ] 127.0.0.1 /guoji/yunwang/CacheApi/?a=Get&appid=201586485090108670&m=Local&name=list&nonce_str=ic13jcnadulm6si3j2fcvvwl2sy2yeid&time_stamp=1443110894&version=1.0
INFO: [ app_begin ] --START--
INFO: ReadHtmlCache Behavior ::run [ RunTime:0.002163s ]
INFO: [ app_begin ] --END-- [ RunTime:0.002295s ]
NOTIC: [8] Undefined index: session_id D:\wamp\www\guoji\yunwang\ThinkPHP\Common\functions.php 第 581 行.
NOTIC: [2048] Declaration of LocalAction::Get() should be compatible with that of Action::get() D:\wamp\www\guoji\yunwang\CacheApi\Cache\Lib\Action\LocalAction.class.php 第 3 行.
SQL: SHOW COLUMNS FROM `zy_api` [ RunTime:0.003820s ]
SQL: SELECT * FROM `zy_api` WHERE ( `appid` = '201586485090108670' ) LIMIT 1   [ RunTime:0.000284s ]

[ 2015-09-25T00:08:14+08:00 ] 127.0.0.1 /guoji/yunwang/CacheApi/?a=Get&appid=201586485090108670&m=Local&name=list&nonce_str=90frmgspk8ahxq0i6semc8qhp3e5sh0v&time_stamp=1443110894&version=1.0
INFO: [ app_begin ] --START--
INFO: ReadHtmlCache Behavior ::run [ RunTime:0.002030s ]
INFO: [ app_begin ] --END-- [ RunTime:0.002147s ]
NOTIC: [8] Undefined index: session_id D:\wamp\www\guoji\yunwang\ThinkPHP\Common\functions.php 第 581 行.
NOTIC: [2048] Declaration of LocalAction::Get() should be compatible with that of Action::get() D:\wamp\www\guoji\yunwang\CacheApi\Cache\Lib\Action\LocalAction.class.php 第 3 行.
SQL: SHOW COLUMNS FROM `zy_api` [ RunTime:0.004395s ]
SQL: SELECT * FROM `zy_api` WHERE ( `appid` = '201586485090108670' ) LIMIT 1   [ RunTime:0.000447s ]

[ 2015-09-25T00:08:14+08:00 ] 127.0.0.1 /guoji/yunwang/CacheApi/?a=Get&appid=201586485090108670&m=Local&name=list&nonce_str=aq1cczc9qsid9kkg69kjc7ytuxanpiqa&time_stamp=1443110894&version=1.0
INFO: [ app_begin ] --START--
INFO: ReadHtmlCache Behavior ::run [ RunTime:0.001863s ]
INFO: [ app_begin ] --END-- [ RunTime:0.002014s ]
NOTIC: [8] Undefined index: session_id D:\wamp\www\guoji\yunwang\ThinkPHP\Common\functions.php 第 581 行.
NOTIC: [2048] Declaration of LocalAction::Get() should be compatible with that of Action::get() D:\wamp\www\guoji\yunwang\CacheApi\Cache\Lib\Action\LocalAction.class.php 第 3 行.
SQL: SHOW COLUMNS FROM `zy_api` [ RunTime:0.006518s ]
SQL: SELECT * FROM `zy_api` WHERE ( `appid` = '201586485090108670' ) LIMIT 1   [ RunTime:0.000187s ]

[ 2015-09-25T00:08:17+08:00 ] 127.0.0.1 /guoji/yunwang/CacheApi/?a=Get&appid=201586485090108670&m=Local&name=list&nonce_str=gucce9l0bbbst3v072vwmm3vf5fgvqul&time_stamp=1443110897&version=1.0
INFO: [ app_begin ] --START--
INFO: ReadHtmlCache Behavior ::run [ RunTime:0.001966s ]
INFO: [ app_begin ] --END-- [ RunTime:0.002055s ]
NOTIC: [8] Undefined index: session_id D:\wamp\www\guoji\yunwang\ThinkPHP\Common\functions.php 第 581 行.
NOTIC: [2048] Declaration of LocalAction::Get() should be compatible with that of Action::get() D:\wamp\www\guoji\yunwang\CacheApi\Cache\Lib\Action\LocalAction.class.php 第 3 行.
SQL: SHOW COLUMNS FROM `zy_api` [ RunTime:0.003605s ]
SQL: SELECT * FROM `zy_api` WHERE ( `appid` = '201586485090108670' ) LIMIT 1   [ RunTime:0.000904s ]

[ 2015-09-25T00:08:17+08:00 ] 127.0.0.1 /guoji/yunwang/CacheApi/?a=Get&appid=201586485090108670&m=Local&name=list&nonce_str=69n97t1a9nylevcg7f0s0ut29j2kmj39&time_stamp=1443110897&version=1.0
INFO: [ app_begin ] --START--
INFO: ReadHtmlCache Behavior ::run [ RunTime:0.001708s ]
INFO: [ app_begin ] --END-- [ RunTime:0.001797s ]
NOTIC: [8] Undefined index: session_id D:\wamp\www\guoji\yunwang\ThinkPHP\Common\functions.php 第 581 行.
NOTIC: [2048] Declaration of LocalAction::Get() should be compatible with that of Action::get() D:\wamp\www\guoji\yunwang\CacheApi\Cache\Lib\Action\LocalAction.class.php 第 3 行.
SQL: SHOW COLUMNS FROM `zy_api` [ RunTime:0.003777s ]
SQL: SELECT * FROM `zy_api` WHERE ( `appid` = '201586485090108670' ) LIMIT 1   [ RunTime:0.000277s ]

[ 2015-09-25T00:08:18+08:00 ] 127.0.0.1 /guoji/yunwang/CacheApi/?a=Get&appid=201586485090108670&m=Local&name=list&nonce_str=ru6weg5mpwb5ekci8lts1nheaxm1qj3v&time_stamp=1443110898&version=1.0
INFO: [ app_begin ] --START--
INFO: ReadHtmlCache Behavior ::run [ RunTime:0.001906s ]
INFO: [ app_begin ] --END-- [ RunTime:0.002015s ]
NOTIC: [8] Undefined index: session_id D:\wamp\www\guoji\yunwang\ThinkPHP\Common\functions.php 第 581 行.
NOTIC: [2048] Declaration of LocalAction::Get() should be compatible with that of Action::get() D:\wamp\www\guoji\yunwang\CacheApi\Cache\Lib\Action\LocalAction.class.php 第 3 行.
SQL: SHOW COLUMNS FROM `zy_api` [ RunTime:0.003781s ]
SQL: SELECT * FROM `zy_api` WHERE ( `appid` = '201586485090108670' ) LIMIT 1   [ RunTime:0.000238s ]

[ 2015-09-25T00:08:18+08:00 ] 127.0.0.1 /guoji/yunwang/CacheApi/?a=Get&appid=201586485090108670&m=Local&name=list&nonce_str=gksq0kgsysh5r36k49uktj1rh6g7n3br&time_stamp=1443110898&version=1.0
INFO: [ app_begin ] --START--
INFO: ReadHtmlCache Behavior ::run [ RunTime:0.001726s ]
INFO: [ app_begin ] --END-- [ RunTime:0.001816s ]
NOTIC: [8] Undefined index: session_id D:\wamp\www\guoji\yunwang\ThinkPHP\Common\functions.php 第 581 行.
NOTIC: [2048] Declaration of LocalAction::Get() should be compatible with that of Action::get() D:\wamp\www\guoji\yunwang\CacheApi\Cache\Lib\Action\LocalAction.class.php 第 3 行.
SQL: SHOW COLUMNS FROM `zy_api` [ RunTime:0.003741s ]
SQL: SELECT * FROM `zy_api` WHERE ( `appid` = '201586485090108670' ) LIMIT 1   [ RunTime:0.000274s ]

[ 2015-09-25T00:08:18+08:00 ] 127.0.0.1 /guoji/yunwang/CacheApi/?a=Get&appid=201586485090108670&m=Local&name=list&nonce_str=9np7ej2z7attqn1q766ckzimcevh2wmu&time_stamp=1443110898&version=1.0
INFO: [ app_begin ] --START--
INFO: ReadHtmlCache Behavior ::run [ RunTime:0.002061s ]
INFO: [ app_begin ] --END-- [ RunTime:0.002151s ]
NOTIC: [8] Undefined index: session_id D:\wamp\www\guoji\yunwang\ThinkPHP\Common\functions.php 第 581 行.
NOTIC: [2048] Declaration of LocalAction::Get() should be compatible with that of Action::get() D:\wamp\www\guoji\yunwang\CacheApi\Cache\Lib\Action\LocalAction.class.php 第 3 行.
SQL: SHOW COLUMNS FROM `zy_api` [ RunTime:0.004645s ]
SQL: SELECT * FROM `zy_api` WHERE ( `appid` = '201586485090108670' ) LIMIT 1   [ RunTime:0.000222s ]

[ 2015-09-25T00:08:18+08:00 ] 127.0.0.1 /guoji/yunwang/CacheApi/?a=Get&appid=201586485090108670&m=Local&name=list&nonce_str=7c7hwxc4mh6mkx5hrakfpein5qar82ai&time_stamp=1443110898&version=1.0
INFO: [ app_begin ] --START--
INFO: ReadHtmlCache Behavior ::run [ RunTime:0.001684s ]
INFO: [ app_begin ] --END-- [ RunTime:0.001772s ]
NOTIC: [8] Undefined index: session_id D:\wamp\www\guoji\yunwang\ThinkPHP\Common\functions.php 第 581 行.
NOTIC: [2048] Declaration of LocalAction::Get() should be compatible with that of Action::get() D:\wamp\www\guoji\yunwang\CacheApi\Cache\Lib\Action\LocalAction.class.php 第 3 行.
SQL: SHOW COLUMNS FROM `zy_api` [ RunTime:0.005425s ]
SQL: SELECT * FROM `zy_api` WHERE ( `appid` = '201586485090108670' ) LIMIT 1   [ RunTime:0.000222s ]

[ 2015-09-25T00:08:19+08:00 ] 127.0.0.1 /guoji/yunwang/CacheApi/?a=Get&appid=201586485090108670&m=Local&name=list&nonce_str=vie298u5e3b7eya7hvpgfy1iz6xojjxd&time_stamp=1443110899&version=1.0
INFO: [ app_begin ] --START--
INFO: ReadHtmlCache Behavior ::run [ RunTime:0.001718s ]
INFO: [ app_begin ] --END-- [ RunTime:0.001805s ]
NOTIC: [8] Undefined index: session_id D:\wamp\www\guoji\yunwang\ThinkPHP\Common\functions.php 第 581 行.
NOTIC: [2048] Declaration of LocalAction::Get() should be compatible with that of Action::get() D:\wamp\www\guoji\yunwang\CacheApi\Cache\Lib\Action\LocalAction.class.php 第 3 行.
SQL: SHOW COLUMNS FROM `zy_api` [ RunTime:0.003660s ]
SQL: SELECT * FROM `zy_api` WHERE ( `appid` = '201586485090108670' ) LIMIT 1   [ RunTime:0.000224s ]

[ 2015-09-25T00:08:19+08:00 ] 127.0.0.1 /guoji/yunwang/CacheApi/?a=Get&appid=201586485090108670&m=Local&name=list&nonce_str=1f9cmwgobk6b2ghh6nljzd37mh6ex2mz&time_stamp=1443110899&version=1.0
INFO: [ app_begin ] --START--
INFO: ReadHtmlCache Behavior ::run [ RunTime:0.001736s ]
INFO: [ app_begin ] --END-- [ RunTime:0.001825s ]
NOTIC: [8] Undefined index: session_id D:\wamp\www\guoji\yunwang\ThinkPHP\Common\functions.php 第 581 行.
NOTIC: [2048] Declaration of LocalAction::Get() should be compatible with that of Action::get() D:\wamp\www\guoji\yunwang\CacheApi\Cache\Lib\Action\LocalAction.class.php 第 3 行.
SQL: SHOW COLUMNS FROM `zy_api` [ RunTime:0.003605s ]
SQL: SELECT * FROM `zy_api` WHERE ( `appid` = '201586485090108670' ) LIMIT 1   [ RunTime:0.000511s ]

[ 2015-09-25T00:08:20+08:00 ] 127.0.0.1 /guoji/yunwang/CacheApi/?a=Get&appid=201586485090108670&m=Local&name=list&nonce_str=hdpokxzqgk6gklc0d8di2c9maoazrwia&time_stamp=1443110900&version=1.0
INFO: [ app_begin ] --START--
INFO: ReadHtmlCache Behavior ::run [ RunTime:0.001713s ]
INFO: [ app_begin ] --END-- [ RunTime:0.001804s ]
NOTIC: [8] Undefined index: session_id D:\wamp\www\guoji\yunwang\ThinkPHP\Common\functions.php 第 581 行.
NOTIC: [2048] Declaration of LocalAction::Get() should be compatible with that of Action::get() D:\wamp\www\guoji\yunwang\CacheApi\Cache\Lib\Action\LocalAction.class.php 第 3 行.
SQL: SHOW COLUMNS FROM `zy_api` [ RunTime:0.003981s ]
SQL: SELECT * FROM `zy_api` WHERE ( `appid` = '201586485090108670' ) LIMIT 1   [ RunTime:0.000228s ]

[ 2015-09-25T00:08:20+08:00 ] 127.0.0.1 /guoji/yunwang/CacheApi/?a=Get&appid=201586485090108670&m=Local&name=list&nonce_str=t02iwft26co4yn5n3vf0mvc1t8m2y8it&time_stamp=1443110900&version=1.0
INFO: [ app_begin ] --START--
INFO: ReadHtmlCache Behavior ::run [ RunTime:0.001683s ]
INFO: [ app_begin ] --END-- [ RunTime:0.001775s ]
NOTIC: [8] Undefined index: session_id D:\wamp\www\guoji\yunwang\ThinkPHP\Common\functions.php 第 581 行.
NOTIC: [2048] Declaration of LocalAction::Get() should be compatible with that of Action::get() D:\wamp\www\guoji\yunwang\CacheApi\Cache\Lib\Action\LocalAction.class.php 第 3 行.
SQL: SHOW COLUMNS FROM `zy_api` [ RunTime:0.005561s ]
SQL: SELECT * FROM `zy_api` WHERE ( `appid` = '201586485090108670' ) LIMIT 1   [ RunTime:0.000212s ]

[ 2015-09-25T00:08:33+08:00 ] 127.0.0.1 /guoji/yunwang/CacheApi/?a=Get&appid=201586485090108670&m=Local&name=list&nonce_str=ckaaxx2q8xkm3dwx0i4wqyt6wiffc1so&time_stamp=1443110913&version=1.0
INFO: [ app_begin ] --START--
INFO: ReadHtmlCache Behavior ::run [ RunTime:0.001723s ]
INFO: [ app_begin ] --END-- [ RunTime:0.001813s ]
NOTIC: [8] Undefined index: session_id D:\wamp\www\guoji\yunwang\ThinkPHP\Common\functions.php 第 581 行.
NOTIC: [2048] Declaration of LocalAction::Get() should be compatible with that of Action::get() D:\wamp\www\guoji\yunwang\CacheApi\Cache\Lib\Action\LocalAction.class.php 第 3 行.
SQL: SHOW COLUMNS FROM `zy_api` [ RunTime:0.004591s ]
SQL: SELECT * FROM `zy_api` WHERE ( `appid` = '201586485090108670' ) LIMIT 1   [ RunTime:0.000226s ]

[ 2015-09-25T00:08:33+08:00 ] 127.0.0.1 /guoji/yunwang/CacheApi/?a=Get&appid=201586485090108670&m=Local&name=list&nonce_str=72qmxprq7rcy0azglym05cte14mmb9zg&time_stamp=1443110913&version=1.0
INFO: [ app_begin ] --START--
INFO: ReadHtmlCache Behavior ::run [ RunTime:0.001963s ]
INFO: [ app_begin ] --END-- [ RunTime:0.002166s ]
NOTIC: [8] Undefined index: session_id D:\wamp\www\guoji\yunwang\ThinkPHP\Common\functions.php 第 581 行.
NOTIC: [2048] Declaration of LocalAction::Get() should be compatible with that of Action::get() D:\wamp\www\guoji\yunwang\CacheApi\Cache\Lib\Action\LocalAction.class.php 第 3 行.
SQL: SHOW COLUMNS FROM `zy_api` [ RunTime:0.005269s ]
SQL: SELECT * FROM `zy_api` WHERE ( `appid` = '201586485090108670' ) LIMIT 1   [ RunTime:0.000283s ]

[ 2015-09-25T00:09:39+08:00 ] 127.0.0.1 /guoji/yunwang/CacheApi/?a=Get&appid=201586485090108670&m=Local&name=list&nonce_str=6rjkbp1eiw7o8xkd2ot4qej71abwu2ms&time_stamp=1443110979&version=1.0
INFO: [ app_begin ] --START--
INFO: ReadHtmlCache Behavior ::run [ RunTime:0.001981s ]
INFO: [ app_begin ] --END-- [ RunTime:0.002151s ]
NOTIC: [8] Undefined index: session_id D:\wamp\www\guoji\yunwang\ThinkPHP\Common\functions.php 第 581 行.
NOTIC: [2048] Declaration of LocalAction::Get() should be compatible with that of Action::get() D:\wamp\www\guoji\yunwang\CacheApi\Cache\Lib\Action\LocalAction.class.php 第 3 行.
SQL: SHOW COLUMNS FROM `zy_api` [ RunTime:0.003792s ]
SQL: SELECT * FROM `zy_api` WHERE ( `appid` = '201586485090108670' ) LIMIT 1   [ RunTime:0.000567s ]

[ 2015-09-25T00:09:39+08:00 ] 127.0.0.1 /guoji/yunwang/CacheApi/?a=Get&appid=201586485090108670&m=Local&name=list&nonce_str=si2pdj509sebl87g691v98r8m3ges72x&time_stamp=1443110979&version=1.0
INFO: [ app_begin ] --START--
INFO: ReadHtmlCache Behavior ::run [ RunTime:0.001739s ]
INFO: [ app_begin ] --END-- [ RunTime:0.001827s ]
NOTIC: [8] Undefined index: session_id D:\wamp\www\guoji\yunwang\ThinkPHP\Common\functions.php 第 581 行.
NOTIC: [2048] Declaration of LocalAction::Get() should be compatible with that of Action::get() D:\wamp\www\guoji\yunwang\CacheApi\Cache\Lib\Action\LocalAction.class.php 第 3 行.
SQL: SHOW COLUMNS FROM `zy_api` [ RunTime:0.003822s ]
SQL: SELECT * FROM `zy_api` WHERE ( `appid` = '201586485090108670' ) LIMIT 1   [ RunTime:0.000200s ]

[ 2015-09-25T00:11:24+08:00 ] 127.0.0.1 /guoji/yunwang/CacheApi/?a=Get&appid=201586485090108670&m=Local&name=list&nonce_str=5booakvyg7d9vey7hdf901dg0lacjjf1&time_stamp=1443111084&version=1.0
INFO: [ app_begin ] --START--
INFO: ReadHtmlCache Behavior ::run [ RunTime:0.001836s ]
INFO: [ app_begin ] --END-- [ RunTime:0.001935s ]
NOTIC: [8] Undefined index: session_id D:\wamp\www\guoji\yunwang\ThinkPHP\Common\functions.php 第 581 行.
NOTIC: [2048] Declaration of LocalAction::Get() should be compatible with that of Action::get() D:\wamp\www\guoji\yunwang\CacheApi\Cache\Lib\Action\LocalAction.class.php 第 3 行.
SQL: SHOW COLUMNS FROM `zy_api` [ RunTime:0.003751s ]
SQL: SELECT * FROM `zy_api` WHERE ( `appid` = '201586485090108670' ) LIMIT 1   [ RunTime:0.000691s ]

[ 2015-09-25T00:11:24+08:00 ] 127.0.0.1 /guoji/yunwang/CacheApi/?a=Get&appid=201586485090108670&m=Local&name=list&nonce_str=uu6l5y6fddis6wb1jqsqe3z8ovgh9zfp&time_stamp=1443111084&version=1.0
INFO: [ app_begin ] --START--
INFO: ReadHtmlCache Behavior ::run [ RunTime:0.001667s ]
INFO: [ app_begin ] --END-- [ RunTime:0.001752s ]
NOTIC: [8] Undefined index: session_id D:\wamp\www\guoji\yunwang\ThinkPHP\Common\functions.php 第 581 行.
NOTIC: [2048] Declaration of LocalAction::Get() should be compatible with that of Action::get() D:\wamp\www\guoji\yunwang\CacheApi\Cache\Lib\Action\LocalAction.class.php 第 3 行.
SQL: SHOW COLUMNS FROM `zy_api` [ RunTime:0.003861s ]
SQL: SELECT * FROM `zy_api` WHERE ( `appid` = '201586485090108670' ) LIMIT 1   [ RunTime:0.000518s ]

[ 2015-09-25T00:19:21+08:00 ] 127.0.0.1 /guoji/yunwang/CacheApi/?a=Get&appid=201586485090108670&m=Local&name=list&nonce_str=6a6jgqmv1tclsd91si3d14kvie9nc2c1&time_stamp=1443111561&version=1.0
INFO: [ app_begin ] --START--
INFO: ReadHtmlCache Behavior ::run [ RunTime:0.001831s ]
INFO: [ app_begin ] --END-- [ RunTime:0.001914s ]
NOTIC: [8] Undefined index: session_id D:\wamp\www\guoji\yunwang\ThinkPHP\Common\functions.php 第 581 行.
NOTIC: [2048] Declaration of LocalAction::Get() should be compatible with that of Action::get() D:\wamp\www\guoji\yunwang\CacheApi\Cache\Lib\Action\LocalAction.class.php 第 3 行.
SQL: SHOW COLUMNS FROM `zy_api` [ RunTime:0.003663s ]
SQL: SELECT * FROM `zy_api` WHERE ( `appid` = '201586485090108670' ) LIMIT 1   [ RunTime:0.000222s ]

[ 2015-09-25T00:19:21+08:00 ] 127.0.0.1 /guoji/yunwang/CacheApi/?a=Get&appid=201586485090108670&m=Local&name=list&nonce_str=n7ibgxmcphhuw83l2xhobty7rszimxro&time_stamp=1443111561&version=1.0
INFO: [ app_begin ] --START--
INFO: ReadHtmlCache Behavior ::run [ RunTime:0.001600s ]
INFO: [ app_begin ] --END-- [ RunTime:0.001686s ]
NOTIC: [8] Undefined index: session_id D:\wamp\www\guoji\yunwang\ThinkPHP\Common\functions.php 第 581 行.
NOTIC: [2048] Declaration of LocalAction::Get() should be compatible with that of Action::get() D:\wamp\www\guoji\yunwang\CacheApi\Cache\Lib\Action\LocalAction.class.php 第 3 行.
SQL: SHOW COLUMNS FROM `zy_api` [ RunTime:0.005759s ]
SQL: SELECT * FROM `zy_api` WHERE ( `appid` = '201586485090108670' ) LIMIT 1   [ RunTime:0.000361s ]

[ 2015-09-25T00:20:38+08:00 ] 127.0.0.1 /guoji/yunwang/CacheApi/?a=Get&appid=201586485090108670&m=Local&name=list&nonce_str=ddqvbz5p2cwydgem0dacdw46oo4yrrn5&time_stamp=1443111638&version=1.0
INFO: [ app_begin ] --START--
INFO: ReadHtmlCache Behavior ::run [ RunTime:0.001618s ]
INFO: [ app_begin ] --END-- [ RunTime:0.001697s ]
NOTIC: [8] Undefined index: session_id D:\wamp\www\guoji\yunwang\ThinkPHP\Common\functions.php 第 581 行.
NOTIC: [2048] Declaration of LocalAction::Get() should be compatible with that of Action::get() D:\wamp\www\guoji\yunwang\CacheApi\Cache\Lib\Action\LocalAction.class.php 第 3 行.
SQL: SHOW COLUMNS FROM `zy_api` [ RunTime:0.003406s ]
SQL: SELECT * FROM `zy_api` WHERE ( `appid` = '201586485090108670' ) LIMIT 1   [ RunTime:0.000402s ]

[ 2015-09-25T00:20:38+08:00 ] 127.0.0.1 /guoji/yunwang/CacheApi/?a=Get&appid=201586485090108670&m=Local&name=list&nonce_str=o3dd77dl3anuwkracb5yv9lxr0q1oqq1&time_stamp=1443111638&version=1.0
INFO: [ app_begin ] --START--
INFO: ReadHtmlCache Behavior ::run [ RunTime:0.001515s ]
INFO: [ app_begin ] --END-- [ RunTime:0.001600s ]
NOTIC: [8] Undefined index: session_id D:\wamp\www\guoji\yunwang\ThinkPHP\Common\functions.php 第 581 行.
NOTIC: [2048] Declaration of LocalAction::Get() should be compatible with that of Action::get() D:\wamp\www\guoji\yunwang\CacheApi\Cache\Lib\Action\LocalAction.class.php 第 3 行.
SQL: SHOW COLUMNS FROM `zy_api` [ RunTime:0.003428s ]
SQL: SELECT * FROM `zy_api` WHERE ( `appid` = '201586485090108670' ) LIMIT 1   [ RunTime:0.000182s ]

