[ 2015-11-19T19:25:20+08:00 ] 127.0.0.1 /guoji/yunwang/CacheApi/?a=Get&appid=201586485090108670&m=Local&name=list&nonce_str=dsnnrishvf4fyiv0tdgr9rdvxuw3zg68&time_stamp=1447932319&version=1.0
INFO: [ app_begin ] --START--
INFO: ReadHtmlCache Behavior ::run [ RunTime:0.001779s ]
INFO: [ app_begin ] --END-- [ RunTime:0.001854s ]
NOTIC: [8] Undefined index: session_id D:\wamp\www\guoji\yunwang\ThinkPHP\Common\functions.php 第 581 行.
NOTIC: [2048] Declaration of LocalAction::Get() should be compatible with that of Action::get() D:\wamp\www\guoji\yunwang\CacheApi\Cache\Lib\Action\LocalAction.class.php 第 3 行.
SQL: SHOW COLUMNS FROM `zy_api` [ RunTime:0.005305s ]
SQL: SELECT * FROM `zy_api` WHERE ( `py_name` = 'cache' ) AND ( `appid` = '201586485090108670' ) LIMIT 1   [ RunTime:0.000241s ]

[ 2015-11-19T19:27:48+08:00 ] 127.0.0.1 /guoji/yunwang/CacheApi/?a=Get&appid=201586485090108670&m=Local&name=list&nonce_str=jmz2tj1vhn9zssu2rj66jl4t6d9hx2u1&time_stamp=1447932468&version=1.0
INFO: [ app_begin ] --START--
INFO: ReadHtmlCache Behavior ::run [ RunTime:0.001335s ]
INFO: [ app_begin ] --END-- [ RunTime:0.001438s ]
NOTIC: [8] Undefined index: session_id D:\wamp\www\guoji\yunwang\ThinkPHP\Common\functions.php 第 581 行.
NOTIC: [2048] Declaration of LocalAction::Get() should be compatible with that of Action::get() D:\wamp\www\guoji\yunwang\CacheApi\Cache\Lib\Action\LocalAction.class.php 第 3 行.
SQL: SHOW COLUMNS FROM `zy_api` [ RunTime:0.003501s ]
SQL: SELECT * FROM `zy_api` WHERE ( `py_name` = 'cache' ) AND ( `appid` = '201586485090108670' ) LIMIT 1   [ RunTime:0.000224s ]

[ 2015-11-19T19:27:52+08:00 ] 127.0.0.1 /guoji/yunwang/CacheApi/?a=Get&appid=201586485090108670&m=Local&name=list&nonce_str=q2ez4xriu7h7tcei8pdbs8uwuebf36lr&time_stamp=1447932472&version=1.0
INFO: [ app_begin ] --START--
INFO: ReadHtmlCache Behavior ::run [ RunTime:0.001309s ]
INFO: [ app_begin ] --END-- [ RunTime:0.001394s ]
NOTIC: [8] Undefined index: session_id D:\wamp\www\guoji\yunwang\ThinkPHP\Common\functions.php 第 581 行.
NOTIC: [2048] Declaration of LocalAction::Get() should be compatible with that of Action::get() D:\wamp\www\guoji\yunwang\CacheApi\Cache\Lib\Action\LocalAction.class.php 第 3 行.
SQL: SHOW COLUMNS FROM `zy_api` [ RunTime:0.003428s ]
SQL: SELECT * FROM `zy_api` WHERE ( `py_name` = 'cache' ) AND ( `appid` = '201586485090108670' ) LIMIT 1   [ RunTime:0.000241s ]

[ 2015-11-19T19:27:52+08:00 ] 127.0.0.1 /guoji/yunwang/CacheApi/?a=Get&appid=201586485090108670&m=Local&name=list&nonce_str=t8vfzfhnigufmvsj21reye4dqj90xuy5&time_stamp=1447932472&version=1.0
INFO: [ app_begin ] --START--
INFO: ReadHtmlCache Behavior ::run [ RunTime:0.000585s ]
INFO: [ app_begin ] --END-- [ RunTime:0.000666s ]
NOTIC: [8] Undefined index: session_id D:\wamp\www\guoji\yunwang\ThinkPHP\Common\functions.php 第 581 行.
NOTIC: [2048] Declaration of LocalAction::Get() should be compatible with that of Action::get() D:\wamp\www\guoji\yunwang\CacheApi\Cache\Lib\Action\LocalAction.class.php 第 3 行.
SQL: SHOW COLUMNS FROM `zy_api` [ RunTime:0.003487s ]
SQL: SELECT * FROM `zy_api` WHERE ( `py_name` = 'cache' ) AND ( `appid` = '201586485090108670' ) LIMIT 1   [ RunTime:0.000264s ]

[ 2015-11-19T19:29:08+08:00 ] 127.0.0.1 /guoji/yunwang/CacheApi/?a=Get&appid=201586485090108670&m=Local&name=list&nonce_str=wzd1553xfkkweoke9nehvw15j3o1kv9f&time_stamp=1447932548&version=1.0
INFO: [ app_begin ] --START--
INFO: ReadHtmlCache Behavior ::run [ RunTime:0.001296s ]
INFO: [ app_begin ] --END-- [ RunTime:0.001378s ]
NOTIC: [8] Undefined index: session_id D:\wamp\www\guoji\yunwang\ThinkPHP\Common\functions.php 第 581 行.
NOTIC: [2048] Declaration of LocalAction::Get() should be compatible with that of Action::get() D:\wamp\www\guoji\yunwang\CacheApi\Cache\Lib\Action\LocalAction.class.php 第 3 行.
SQL: SHOW COLUMNS FROM `zy_api` [ RunTime:0.003443s ]
SQL: SELECT * FROM `zy_api` WHERE ( `py_name` = 'cache' ) AND ( `appid` = '201586485090108670' ) LIMIT 1   [ RunTime:0.000218s ]

[ 2015-11-19T19:29:08+08:00 ] 127.0.0.1 /guoji/yunwang/CacheApi/?a=Get&appid=201586485090108670&m=Local&name=list&nonce_str=gcjgn9q4mou0tjxqe6fq7xyhcw2eczt3&time_stamp=1447932548&version=1.0
INFO: [ app_begin ] --START--
INFO: ReadHtmlCache Behavior ::run [ RunTime:0.000849s ]
INFO: [ app_begin ] --END-- [ RunTime:0.000990s ]
NOTIC: [8] Undefined index: session_id D:\wamp\www\guoji\yunwang\ThinkPHP\Common\functions.php 第 581 行.
NOTIC: [2048] Declaration of LocalAction::Get() should be compatible with that of Action::get() D:\wamp\www\guoji\yunwang\CacheApi\Cache\Lib\Action\LocalAction.class.php 第 3 行.
SQL: SHOW COLUMNS FROM `zy_api` [ RunTime:0.003459s ]
SQL: SELECT * FROM `zy_api` WHERE ( `py_name` = 'cache' ) AND ( `appid` = '201586485090108670' ) LIMIT 1   [ RunTime:0.000255s ]

[ 2015-11-19T19:29:10+08:00 ] 127.0.0.1 /guoji/yunwang/CacheApi/?a=Get&appid=201586485090108670&m=Local&name=list&nonce_str=2g66xa80que0sfptx4ykilcxysrmhzi3&time_stamp=1447932550&version=1.0
INFO: [ app_begin ] --START--
INFO: ReadHtmlCache Behavior ::run [ RunTime:0.000617s ]
INFO: [ app_begin ] --END-- [ RunTime:0.000703s ]
NOTIC: [8] Undefined index: session_id D:\wamp\www\guoji\yunwang\ThinkPHP\Common\functions.php 第 581 行.
NOTIC: [2048] Declaration of LocalAction::Get() should be compatible with that of Action::get() D:\wamp\www\guoji\yunwang\CacheApi\Cache\Lib\Action\LocalAction.class.php 第 3 行.
SQL: SHOW COLUMNS FROM `zy_api` [ RunTime:0.003587s ]
SQL: SELECT * FROM `zy_api` WHERE ( `py_name` = 'cache' ) AND ( `appid` = '201586485090108670' ) LIMIT 1   [ RunTime:0.000355s ]

[ 2015-11-19T19:29:12+08:00 ] 127.0.0.1 /guoji/yunwang/CacheApi/?a=Get&appid=201586485090108670&m=Local&name=list&nonce_str=jc2jnr7aty4vkpzbszsmmf66hpaipr5s&time_stamp=1447932552&version=1.0
INFO: [ app_begin ] --START--
INFO: ReadHtmlCache Behavior ::run [ RunTime:0.000610s ]
INFO: [ app_begin ] --END-- [ RunTime:0.000695s ]
NOTIC: [8] Undefined index: session_id D:\wamp\www\guoji\yunwang\ThinkPHP\Common\functions.php 第 581 行.
NOTIC: [2048] Declaration of LocalAction::Get() should be compatible with that of Action::get() D:\wamp\www\guoji\yunwang\CacheApi\Cache\Lib\Action\LocalAction.class.php 第 3 行.
SQL: SHOW COLUMNS FROM `zy_api` [ RunTime:0.003551s ]
SQL: SELECT * FROM `zy_api` WHERE ( `py_name` = 'cache' ) AND ( `appid` = '201586485090108670' ) LIMIT 1   [ RunTime:0.000278s ]

[ 2015-11-19T19:29:13+08:00 ] 127.0.0.1 /guoji/yunwang/CacheApi/?a=Get&appid=201586485090108670&m=Local&name=list&nonce_str=ddopws19et4trxjh3wiybw2oadrpyox0&time_stamp=1447932553&version=1.0
INFO: [ app_begin ] --START--
INFO: ReadHtmlCache Behavior ::run [ RunTime:0.000542s ]
INFO: [ app_begin ] --END-- [ RunTime:0.000615s ]
NOTIC: [8] Undefined index: session_id D:\wamp\www\guoji\yunwang\ThinkPHP\Common\functions.php 第 581 行.
NOTIC: [2048] Declaration of LocalAction::Get() should be compatible with that of Action::get() D:\wamp\www\guoji\yunwang\CacheApi\Cache\Lib\Action\LocalAction.class.php 第 3 行.
SQL: SHOW COLUMNS FROM `zy_api` [ RunTime:0.003632s ]
SQL: SELECT * FROM `zy_api` WHERE ( `py_name` = 'cache' ) AND ( `appid` = '201586485090108670' ) LIMIT 1   [ RunTime:0.000232s ]

[ 2015-11-19T19:29:13+08:00 ] 127.0.0.1 /guoji/yunwang/CacheApi/?a=Get&appid=201586485090108670&m=Local&name=list&nonce_str=1vigdrnwnrg0umlpsf8xo7y1pttt1pp2&time_stamp=1447932553&version=1.0
INFO: [ app_begin ] --START--
INFO: ReadHtmlCache Behavior ::run [ RunTime:0.000569s ]
INFO: [ app_begin ] --END-- [ RunTime:0.000651s ]
NOTIC: [8] Undefined index: session_id D:\wamp\www\guoji\yunwang\ThinkPHP\Common\functions.php 第 581 行.
NOTIC: [2048] Declaration of LocalAction::Get() should be compatible with that of Action::get() D:\wamp\www\guoji\yunwang\CacheApi\Cache\Lib\Action\LocalAction.class.php 第 3 行.
SQL: SHOW COLUMNS FROM `zy_api` [ RunTime:0.003900s ]
SQL: SELECT * FROM `zy_api` WHERE ( `py_name` = 'cache' ) AND ( `appid` = '201586485090108670' ) LIMIT 1   [ RunTime:0.000246s ]

[ 2015-11-19T19:29:14+08:00 ] 127.0.0.1 /guoji/yunwang/CacheApi/?a=Get&appid=201586485090108670&m=Local&name=list&nonce_str=sodj90derz4w2v5a9ehkpd5qg8t3hgzu&time_stamp=1447932554&version=1.0
INFO: [ app_begin ] --START--
INFO: ReadHtmlCache Behavior ::run [ RunTime:0.000548s ]
INFO: [ app_begin ] --END-- [ RunTime:0.000623s ]
NOTIC: [8] Undefined index: session_id D:\wamp\www\guoji\yunwang\ThinkPHP\Common\functions.php 第 581 行.
NOTIC: [2048] Declaration of LocalAction::Get() should be compatible with that of Action::get() D:\wamp\www\guoji\yunwang\CacheApi\Cache\Lib\Action\LocalAction.class.php 第 3 行.
SQL: SHOW COLUMNS FROM `zy_api` [ RunTime:0.003558s ]
SQL: SELECT * FROM `zy_api` WHERE ( `py_name` = 'cache' ) AND ( `appid` = '201586485090108670' ) LIMIT 1   [ RunTime:0.000195s ]

[ 2015-11-19T19:29:16+08:00 ] 127.0.0.1 /guoji/yunwang/CacheApi/?a=Get&appid=201586485090108670&m=Local&name=list&nonce_str=xwvvsnh20ak9tg0wlw1o14lymb18zz1n&time_stamp=1447932556&version=1.0
INFO: [ app_begin ] --START--
INFO: ReadHtmlCache Behavior ::run [ RunTime:0.000634s ]
INFO: [ app_begin ] --END-- [ RunTime:0.000727s ]
NOTIC: [8] Undefined index: session_id D:\wamp\www\guoji\yunwang\ThinkPHP\Common\functions.php 第 581 行.
NOTIC: [2048] Declaration of LocalAction::Get() should be compatible with that of Action::get() D:\wamp\www\guoji\yunwang\CacheApi\Cache\Lib\Action\LocalAction.class.php 第 3 行.
SQL: SHOW COLUMNS FROM `zy_api` [ RunTime:0.003555s ]
SQL: SELECT * FROM `zy_api` WHERE ( `py_name` = 'cache' ) AND ( `appid` = '201586485090108670' ) LIMIT 1   [ RunTime:0.000271s ]

[ 2015-11-19T19:29:42+08:00 ] 127.0.0.1 /guoji/yunwang/CacheApi/?a=Get&appid=201586485090108670&m=Local&name=list&nonce_str=hghnpjjxfxp2euloqutvp3cs6qmq3k5r&time_stamp=1447932582&version=1.0
INFO: [ app_begin ] --START--
INFO: ReadHtmlCache Behavior ::run [ RunTime:0.000590s ]
INFO: [ app_begin ] --END-- [ RunTime:0.000667s ]
NOTIC: [8] Undefined index: session_id D:\wamp\www\guoji\yunwang\ThinkPHP\Common\functions.php 第 581 行.
NOTIC: [2048] Declaration of LocalAction::Get() should be compatible with that of Action::get() D:\wamp\www\guoji\yunwang\CacheApi\Cache\Lib\Action\LocalAction.class.php 第 3 行.
SQL: SHOW COLUMNS FROM `zy_api` [ RunTime:0.003460s ]
SQL: SELECT * FROM `zy_api` WHERE ( `py_name` = 'cache' ) AND ( `appid` = '201586485090108670' ) LIMIT 1   [ RunTime:0.000206s ]

[ 2015-11-19T19:29:42+08:00 ] 127.0.0.1 /guoji/yunwang/CacheApi/?a=Get&appid=201586485090108670&m=Local&name=list&nonce_str=sdnmkbbgugc4zslwwcx9ncaspqugrol9&time_stamp=1447932582&version=1.0
INFO: [ app_begin ] --START--
INFO: ReadHtmlCache Behavior ::run [ RunTime:0.000569s ]
INFO: [ app_begin ] --END-- [ RunTime:0.000652s ]
NOTIC: [8] Undefined index: session_id D:\wamp\www\guoji\yunwang\ThinkPHP\Common\functions.php 第 581 行.
NOTIC: [2048] Declaration of LocalAction::Get() should be compatible with that of Action::get() D:\wamp\www\guoji\yunwang\CacheApi\Cache\Lib\Action\LocalAction.class.php 第 3 行.
SQL: SHOW COLUMNS FROM `zy_api` [ RunTime:0.004049s ]
SQL: SELECT * FROM `zy_api` WHERE ( `py_name` = 'cache' ) AND ( `appid` = '201586485090108670' ) LIMIT 1   [ RunTime:0.000215s ]

[ 2015-11-19T19:29:44+08:00 ] 127.0.0.1 /guoji/yunwang/CacheApi/?a=Get&appid=201586485090108670&m=Local&name=list&nonce_str=fdffw2i7f466cssq5d2i2851cgi2e8c7&time_stamp=1447932584&version=1.0
INFO: [ app_begin ] --START--
INFO: ReadHtmlCache Behavior ::run [ RunTime:0.000620s ]
INFO: [ app_begin ] --END-- [ RunTime:0.000697s ]
NOTIC: [8] Undefined index: session_id D:\wamp\www\guoji\yunwang\ThinkPHP\Common\functions.php 第 581 行.
NOTIC: [2048] Declaration of LocalAction::Get() should be compatible with that of Action::get() D:\wamp\www\guoji\yunwang\CacheApi\Cache\Lib\Action\LocalAction.class.php 第 3 行.
SQL: SHOW COLUMNS FROM `zy_api` [ RunTime:0.003635s ]
SQL: SELECT * FROM `zy_api` WHERE ( `py_name` = 'cache' ) AND ( `appid` = '201586485090108670' ) LIMIT 1   [ RunTime:0.000241s ]

[ 2015-11-19T19:29:46+08:00 ] 127.0.0.1 /guoji/yunwang/CacheApi/?a=Get&appid=201586485090108670&m=Local&name=list&nonce_str=jpngjavlnbv2iyctzt2czzdnnbh8vesb&time_stamp=1447932586&version=1.0
INFO: [ app_begin ] --START--
INFO: ReadHtmlCache Behavior ::run [ RunTime:0.000562s ]
INFO: [ app_begin ] --END-- [ RunTime:0.000643s ]
NOTIC: [8] Undefined index: session_id D:\wamp\www\guoji\yunwang\ThinkPHP\Common\functions.php 第 581 行.
NOTIC: [2048] Declaration of LocalAction::Get() should be compatible with that of Action::get() D:\wamp\www\guoji\yunwang\CacheApi\Cache\Lib\Action\LocalAction.class.php 第 3 行.
SQL: SHOW COLUMNS FROM `zy_api` [ RunTime:0.003416s ]
SQL: SELECT * FROM `zy_api` WHERE ( `py_name` = 'cache' ) AND ( `appid` = '201586485090108670' ) LIMIT 1   [ RunTime:0.000200s ]

[ 2015-11-19T19:29:47+08:00 ] 127.0.0.1 /guoji/yunwang/CacheApi/?a=Get&appid=201586485090108670&m=Local&name=list&nonce_str=yupo96o51w9du08x1vatk5ijxo7h5pwe&time_stamp=1447932587&version=1.0
INFO: [ app_begin ] --START--
INFO: ReadHtmlCache Behavior ::run [ RunTime:0.000538s ]
INFO: [ app_begin ] --END-- [ RunTime:0.000614s ]
NOTIC: [8] Undefined index: session_id D:\wamp\www\guoji\yunwang\ThinkPHP\Common\functions.php 第 581 行.
NOTIC: [2048] Declaration of LocalAction::Get() should be compatible with that of Action::get() D:\wamp\www\guoji\yunwang\CacheApi\Cache\Lib\Action\LocalAction.class.php 第 3 行.
SQL: SHOW COLUMNS FROM `zy_api` [ RunTime:0.003449s ]
SQL: SELECT * FROM `zy_api` WHERE ( `py_name` = 'cache' ) AND ( `appid` = '201586485090108670' ) LIMIT 1   [ RunTime:0.000210s ]

[ 2015-11-19T19:29:47+08:00 ] 127.0.0.1 /guoji/yunwang/CacheApi/?a=Get&appid=201586485090108670&m=Local&name=list&nonce_str=8qo1pe5u6arony55x7i1y1v7o7q1qujy&time_stamp=1447932587&version=1.0
INFO: [ app_begin ] --START--
INFO: ReadHtmlCache Behavior ::run [ RunTime:0.001323s ]
INFO: [ app_begin ] --END-- [ RunTime:0.001440s ]
NOTIC: [8] Undefined index: session_id D:\wamp\www\guoji\yunwang\ThinkPHP\Common\functions.php 第 581 行.
NOTIC: [2048] Declaration of LocalAction::Get() should be compatible with that of Action::get() D:\wamp\www\guoji\yunwang\CacheApi\Cache\Lib\Action\LocalAction.class.php 第 3 行.
SQL: SHOW COLUMNS FROM `zy_api` [ RunTime:0.003541s ]
SQL: SELECT * FROM `zy_api` WHERE ( `py_name` = 'cache' ) AND ( `appid` = '201586485090108670' ) LIMIT 1   [ RunTime:0.000253s ]

[ 2015-11-19T19:29:47+08:00 ] 127.0.0.1 /guoji/yunwang/CacheApi/?a=Get&appid=201586485090108670&m=Local&name=list&nonce_str=9pnoknc50tgfls8fqsm6tq6hdqyrvijn&time_stamp=1447932587&version=1.0
INFO: [ app_begin ] --START--
INFO: ReadHtmlCache Behavior ::run [ RunTime:0.001772s ]
INFO: [ app_begin ] --END-- [ RunTime:0.001852s ]
NOTIC: [8] Undefined index: session_id D:\wamp\www\guoji\yunwang\ThinkPHP\Common\functions.php 第 581 行.
NOTIC: [2048] Declaration of LocalAction::Get() should be compatible with that of Action::get() D:\wamp\www\guoji\yunwang\CacheApi\Cache\Lib\Action\LocalAction.class.php 第 3 行.
SQL: SHOW COLUMNS FROM `zy_api` [ RunTime:0.003882s ]
SQL: SELECT * FROM `zy_api` WHERE ( `py_name` = 'cache' ) AND ( `appid` = '201586485090108670' ) LIMIT 1   [ RunTime:0.000257s ]

[ 2015-11-19T19:29:48+08:00 ] 127.0.0.1 /guoji/yunwang/CacheApi/?a=Get&appid=201586485090108670&m=Local&name=list&nonce_str=za724x5g8y5ngwshm8g4ja4d34hjiv8o&time_stamp=1447932587&version=1.0
INFO: [ app_begin ] --START--
INFO: ReadHtmlCache Behavior ::run [ RunTime:0.000630s ]
INFO: [ app_begin ] --END-- [ RunTime:0.000708s ]
NOTIC: [8] Undefined index: session_id D:\wamp\www\guoji\yunwang\ThinkPHP\Common\functions.php 第 581 行.
NOTIC: [2048] Declaration of LocalAction::Get() should be compatible with that of Action::get() D:\wamp\www\guoji\yunwang\CacheApi\Cache\Lib\Action\LocalAction.class.php 第 3 行.
SQL: SHOW COLUMNS FROM `zy_api` [ RunTime:0.003457s ]
SQL: SELECT * FROM `zy_api` WHERE ( `py_name` = 'cache' ) AND ( `appid` = '201586485090108670' ) LIMIT 1   [ RunTime:0.000212s ]

[ 2015-11-19T19:29:48+08:00 ] 127.0.0.1 /guoji/yunwang/CacheApi/?a=Get&appid=201586485090108670&m=Local&name=list&nonce_str=akp7mahmpotxkv8ntn6rw4pvx33z2gz6&time_stamp=1447932588&version=1.0
INFO: [ app_begin ] --START--
INFO: ReadHtmlCache Behavior ::run [ RunTime:0.000611s ]
INFO: [ app_begin ] --END-- [ RunTime:0.000686s ]
NOTIC: [8] Undefined index: session_id D:\wamp\www\guoji\yunwang\ThinkPHP\Common\functions.php 第 581 行.
NOTIC: [2048] Declaration of LocalAction::Get() should be compatible with that of Action::get() D:\wamp\www\guoji\yunwang\CacheApi\Cache\Lib\Action\LocalAction.class.php 第 3 行.
SQL: SHOW COLUMNS FROM `zy_api` [ RunTime:0.003500s ]
SQL: SELECT * FROM `zy_api` WHERE ( `py_name` = 'cache' ) AND ( `appid` = '201586485090108670' ) LIMIT 1   [ RunTime:0.000211s ]

[ 2015-11-19T19:29:49+08:00 ] 127.0.0.1 /guoji/yunwang/CacheApi/?a=Get&appid=201586485090108670&m=Local&name=list&nonce_str=i823vvvt8blxr0nhrhrvlcra880gcqx7&time_stamp=1447932588&version=1.0
INFO: [ app_begin ] --START--
INFO: ReadHtmlCache Behavior ::run [ RunTime:0.000624s ]
INFO: [ app_begin ] --END-- [ RunTime:0.000717s ]
NOTIC: [8] Undefined index: session_id D:\wamp\www\guoji\yunwang\ThinkPHP\Common\functions.php 第 581 行.
NOTIC: [2048] Declaration of LocalAction::Get() should be compatible with that of Action::get() D:\wamp\www\guoji\yunwang\CacheApi\Cache\Lib\Action\LocalAction.class.php 第 3 行.
SQL: SHOW COLUMNS FROM `zy_api` [ RunTime:0.004750s ]
SQL: SELECT * FROM `zy_api` WHERE ( `py_name` = 'cache' ) AND ( `appid` = '201586485090108670' ) LIMIT 1   [ RunTime:0.000321s ]

[ 2015-11-19T19:29:50+08:00 ] 127.0.0.1 /guoji/yunwang/CacheApi/?a=Get&appid=201586485090108670&m=Local&name=list&nonce_str=l3ece3zzyub53d0xpw9g17lmh00cp9hr&time_stamp=1447932590&version=1.0
INFO: [ app_begin ] --START--
INFO: ReadHtmlCache Behavior ::run [ RunTime:0.000574s ]
INFO: [ app_begin ] --END-- [ RunTime:0.000649s ]
NOTIC: [8] Undefined index: session_id D:\wamp\www\guoji\yunwang\ThinkPHP\Common\functions.php 第 581 行.
NOTIC: [2048] Declaration of LocalAction::Get() should be compatible with that of Action::get() D:\wamp\www\guoji\yunwang\CacheApi\Cache\Lib\Action\LocalAction.class.php 第 3 行.
SQL: SHOW COLUMNS FROM `zy_api` [ RunTime:0.003924s ]
SQL: SELECT * FROM `zy_api` WHERE ( `py_name` = 'cache' ) AND ( `appid` = '201586485090108670' ) LIMIT 1   [ RunTime:0.000218s ]

[ 2015-11-19T19:29:52+08:00 ] 127.0.0.1 /guoji/yunwang/CacheApi/?a=Get&appid=201586485090108670&m=Local&name=list&nonce_str=x4ii727w39cdta5xdvqj3v963rs8vtms&time_stamp=1447932592&version=1.0
INFO: [ app_begin ] --START--
INFO: ReadHtmlCache Behavior ::run [ RunTime:0.000586s ]
INFO: [ app_begin ] --END-- [ RunTime:0.000667s ]
NOTIC: [8] Undefined index: session_id D:\wamp\www\guoji\yunwang\ThinkPHP\Common\functions.php 第 581 行.
NOTIC: [2048] Declaration of LocalAction::Get() should be compatible with that of Action::get() D:\wamp\www\guoji\yunwang\CacheApi\Cache\Lib\Action\LocalAction.class.php 第 3 行.
SQL: SHOW COLUMNS FROM `zy_api` [ RunTime:0.004402s ]
SQL: SELECT * FROM `zy_api` WHERE ( `py_name` = 'cache' ) AND ( `appid` = '201586485090108670' ) LIMIT 1   [ RunTime:0.000302s ]

[ 2015-11-19T19:30:06+08:00 ] 127.0.0.1 /guoji/yunwang/CacheApi/?a=Get&appid=201586485090108670&m=Local&name=list&nonce_str=4aod0b5vkdmxjbycnzttpc0ymp41u4ms&time_stamp=1447932606&version=1.0
INFO: [ app_begin ] --START--
INFO: ReadHtmlCache Behavior ::run [ RunTime:0.001674s ]
INFO: [ app_begin ] --END-- [ RunTime:0.001758s ]
NOTIC: [8] Undefined index: session_id D:\wamp\www\guoji\yunwang\ThinkPHP\Common\functions.php 第 581 行.
NOTIC: [2048] Declaration of LocalAction::Get() should be compatible with that of Action::get() D:\wamp\www\guoji\yunwang\CacheApi\Cache\Lib\Action\LocalAction.class.php 第 3 行.
SQL: SHOW COLUMNS FROM `zy_api` [ RunTime:0.003441s ]
SQL: SELECT * FROM `zy_api` WHERE ( `py_name` = 'cache' ) AND ( `appid` = '201586485090108670' ) LIMIT 1   [ RunTime:0.000229s ]

[ 2015-11-19T19:30:07+08:00 ] 127.0.0.1 /guoji/yunwang/CacheApi/?a=Get&appid=201586485090108670&m=Local&name=list&nonce_str=z83pu3hruboppzym63kjefgq6dz94rx4&time_stamp=1447932607&version=1.0
INFO: [ app_begin ] --START--
INFO: ReadHtmlCache Behavior ::run [ RunTime:0.001259s ]
INFO: [ app_begin ] --END-- [ RunTime:0.001342s ]
NOTIC: [8] Undefined index: session_id D:\wamp\www\guoji\yunwang\ThinkPHP\Common\functions.php 第 581 行.
NOTIC: [2048] Declaration of LocalAction::Get() should be compatible with that of Action::get() D:\wamp\www\guoji\yunwang\CacheApi\Cache\Lib\Action\LocalAction.class.php 第 3 行.
SQL: SHOW COLUMNS FROM `zy_api` [ RunTime:0.003476s ]
SQL: SELECT * FROM `zy_api` WHERE ( `py_name` = 'cache' ) AND ( `appid` = '201586485090108670' ) LIMIT 1   [ RunTime:0.000223s ]

[ 2015-11-19T19:30:08+08:00 ] 127.0.0.1 /guoji/yunwang/CacheApi/?a=Get&appid=201586485090108670&m=Local&name=list&nonce_str=gp4qyzkiqeofysi7y9dajdlh970pmdbi&time_stamp=1447932608&version=1.0
INFO: [ app_begin ] --START--
INFO: ReadHtmlCache Behavior ::run [ RunTime:0.000738s ]
INFO: [ app_begin ] --END-- [ RunTime:0.000857s ]
NOTIC: [8] Undefined index: session_id D:\wamp\www\guoji\yunwang\ThinkPHP\Common\functions.php 第 581 行.
NOTIC: [2048] Declaration of LocalAction::Get() should be compatible with that of Action::get() D:\wamp\www\guoji\yunwang\CacheApi\Cache\Lib\Action\LocalAction.class.php 第 3 行.
SQL: SHOW COLUMNS FROM `zy_api` [ RunTime:0.003455s ]
SQL: SELECT * FROM `zy_api` WHERE ( `py_name` = 'cache' ) AND ( `appid` = '201586485090108670' ) LIMIT 1   [ RunTime:0.000225s ]

[ 2015-11-19T19:30:10+08:00 ] 127.0.0.1 /guoji/yunwang/CacheApi/?a=Get&appid=201586485090108670&m=Local&name=list&nonce_str=oeyyhlpc2m7rudnwqx1btsbmtpk3cgp4&time_stamp=1447932610&version=1.0
INFO: [ app_begin ] --START--
INFO: ReadHtmlCache Behavior ::run [ RunTime:0.000615s ]
INFO: [ app_begin ] --END-- [ RunTime:0.000691s ]
NOTIC: [8] Undefined index: session_id D:\wamp\www\guoji\yunwang\ThinkPHP\Common\functions.php 第 581 行.
NOTIC: [2048] Declaration of LocalAction::Get() should be compatible with that of Action::get() D:\wamp\www\guoji\yunwang\CacheApi\Cache\Lib\Action\LocalAction.class.php 第 3 行.
SQL: SHOW COLUMNS FROM `zy_api` [ RunTime:0.003474s ]
SQL: SELECT * FROM `zy_api` WHERE ( `py_name` = 'cache' ) AND ( `appid` = '201586485090108670' ) LIMIT 1   [ RunTime:0.000231s ]

[ 2015-11-19T19:30:12+08:00 ] 127.0.0.1 /guoji/yunwang/CacheApi/?a=Get&appid=201586485090108670&m=Local&name=list&nonce_str=wuyv57hyjsk09x3tim7oeb252k0gxzax&time_stamp=1447932612&version=1.0
INFO: [ app_begin ] --START--
INFO: ReadHtmlCache Behavior ::run [ RunTime:0.000782s ]
INFO: [ app_begin ] --END-- [ RunTime:0.000923s ]
NOTIC: [8] Undefined index: session_id D:\wamp\www\guoji\yunwang\ThinkPHP\Common\functions.php 第 581 行.
NOTIC: [2048] Declaration of LocalAction::Get() should be compatible with that of Action::get() D:\wamp\www\guoji\yunwang\CacheApi\Cache\Lib\Action\LocalAction.class.php 第 3 行.
SQL: SHOW COLUMNS FROM `zy_api` [ RunTime:0.003618s ]
SQL: SELECT * FROM `zy_api` WHERE ( `py_name` = 'cache' ) AND ( `appid` = '201586485090108670' ) LIMIT 1   [ RunTime:0.000258s ]

[ 2015-11-19T19:30:13+08:00 ] 127.0.0.1 /guoji/yunwang/CacheApi/?a=Get&appid=201586485090108670&m=Local&name=list&nonce_str=u10wemcxocaisrx6xnw0jni6a832abz7&time_stamp=1447932613&version=1.0
INFO: [ app_begin ] --START--
INFO: ReadHtmlCache Behavior ::run [ RunTime:0.000682s ]
INFO: [ app_begin ] --END-- [ RunTime:0.000775s ]
NOTIC: [8] Undefined index: session_id D:\wamp\www\guoji\yunwang\ThinkPHP\Common\functions.php 第 581 行.
NOTIC: [2048] Declaration of LocalAction::Get() should be compatible with that of Action::get() D:\wamp\www\guoji\yunwang\CacheApi\Cache\Lib\Action\LocalAction.class.php 第 3 行.
SQL: SHOW COLUMNS FROM `zy_api` [ RunTime:0.003534s ]
SQL: SELECT * FROM `zy_api` WHERE ( `py_name` = 'cache' ) AND ( `appid` = '201586485090108670' ) LIMIT 1   [ RunTime:0.000233s ]

[ 2015-11-19T19:30:13+08:00 ] 127.0.0.1 /guoji/yunwang/CacheApi/?a=Get&appid=201586485090108670&m=Local&name=list&nonce_str=re1kavnkv86ys5q0has1tri5pxduzalo&time_stamp=1447932613&version=1.0
INFO: [ app_begin ] --START--
INFO: ReadHtmlCache Behavior ::run [ RunTime:0.000556s ]
INFO: [ app_begin ] --END-- [ RunTime:0.000638s ]
NOTIC: [8] Undefined index: session_id D:\wamp\www\guoji\yunwang\ThinkPHP\Common\functions.php 第 581 行.
NOTIC: [2048] Declaration of LocalAction::Get() should be compatible with that of Action::get() D:\wamp\www\guoji\yunwang\CacheApi\Cache\Lib\Action\LocalAction.class.php 第 3 行.
SQL: SHOW COLUMNS FROM `zy_api` [ RunTime:0.003520s ]
SQL: SELECT * FROM `zy_api` WHERE ( `py_name` = 'cache' ) AND ( `appid` = '201586485090108670' ) LIMIT 1   [ RunTime:0.000220s ]

[ 2015-11-19T19:30:28+08:00 ] 127.0.0.1 /guoji/yunwang/CacheApi/?a=Get&appid=201586485090108670&m=Local&name=list&nonce_str=pxfptvd549w0ws92e4l38qydx8bzw81m&time_stamp=1447932628&version=1.0
INFO: [ app_begin ] --START--
INFO: ReadHtmlCache Behavior ::run [ RunTime:0.000576s ]
INFO: [ app_begin ] --END-- [ RunTime:0.000649s ]
NOTIC: [8] Undefined index: session_id D:\wamp\www\guoji\yunwang\ThinkPHP\Common\functions.php 第 581 行.
NOTIC: [2048] Declaration of LocalAction::Get() should be compatible with that of Action::get() D:\wamp\www\guoji\yunwang\CacheApi\Cache\Lib\Action\LocalAction.class.php 第 3 行.
SQL: SHOW COLUMNS FROM `zy_api` [ RunTime:0.003585s ]
SQL: SELECT * FROM `zy_api` WHERE ( `py_name` = 'cache' ) AND ( `appid` = '201586485090108670' ) LIMIT 1   [ RunTime:0.000238s ]

[ 2015-11-19T19:30:28+08:00 ] 127.0.0.1 /guoji/yunwang/CacheApi/?a=Get&appid=201586485090108670&m=Local&name=list&nonce_str=y4743xxfyzurizrkttnmue6rwuxtkmmh&time_stamp=1447932628&version=1.0
INFO: [ app_begin ] --START--
INFO: ReadHtmlCache Behavior ::run [ RunTime:0.000543s ]
INFO: [ app_begin ] --END-- [ RunTime:0.000616s ]
NOTIC: [8] Undefined index: session_id D:\wamp\www\guoji\yunwang\ThinkPHP\Common\functions.php 第 581 行.
NOTIC: [2048] Declaration of LocalAction::Get() should be compatible with that of Action::get() D:\wamp\www\guoji\yunwang\CacheApi\Cache\Lib\Action\LocalAction.class.php 第 3 行.
SQL: SHOW COLUMNS FROM `zy_api` [ RunTime:0.003529s ]
SQL: SELECT * FROM `zy_api` WHERE ( `py_name` = 'cache' ) AND ( `appid` = '201586485090108670' ) LIMIT 1   [ RunTime:0.001106s ]

[ 2015-11-19T19:31:44+08:00 ] 127.0.0.1 /guoji/yunwang/CacheApi/?a=Get&appid=201586485090108670&m=Local&name=list&nonce_str=z0jrfggpbgonw20grxltqtzhcpysz1mm&time_stamp=1447932704&version=1.0
INFO: [ app_begin ] --START--
INFO: ReadHtmlCache Behavior ::run [ RunTime:0.001268s ]
INFO: [ app_begin ] --END-- [ RunTime:0.001347s ]
NOTIC: [8] Undefined index: session_id D:\wamp\www\guoji\yunwang\ThinkPHP\Common\functions.php 第 581 行.
NOTIC: [2048] Declaration of LocalAction::Get() should be compatible with that of Action::get() D:\wamp\www\guoji\yunwang\CacheApi\Cache\Lib\Action\LocalAction.class.php 第 3 行.
SQL: SHOW COLUMNS FROM `zy_api` [ RunTime:0.003566s ]
SQL: SELECT * FROM `zy_api` WHERE ( `py_name` = 'cache' ) AND ( `appid` = '201586485090108670' ) LIMIT 1   [ RunTime:0.000315s ]

[ 2015-11-19T19:31:44+08:00 ] 127.0.0.1 /guoji/yunwang/CacheApi/?a=Get&appid=201586485090108670&m=Local&name=list&nonce_str=ps4fjcodxpd3t87t5yw8xu90ps9y8mf0&time_stamp=1447932704&version=1.0
INFO: [ app_begin ] --START--
INFO: ReadHtmlCache Behavior ::run [ RunTime:0.000630s ]
INFO: [ app_begin ] --END-- [ RunTime:0.000714s ]
NOTIC: [8] Undefined index: session_id D:\wamp\www\guoji\yunwang\ThinkPHP\Common\functions.php 第 581 行.
NOTIC: [2048] Declaration of LocalAction::Get() should be compatible with that of Action::get() D:\wamp\www\guoji\yunwang\CacheApi\Cache\Lib\Action\LocalAction.class.php 第 3 行.
SQL: SHOW COLUMNS FROM `zy_api` [ RunTime:0.003530s ]
SQL: SELECT * FROM `zy_api` WHERE ( `py_name` = 'cache' ) AND ( `appid` = '201586485090108670' ) LIMIT 1   [ RunTime:0.000205s ]

[ 2015-11-19T19:33:07+08:00 ] 127.0.0.1 /guoji/yunwang/CacheApi/?a=Get&appid=201586485090108670&m=Local&name=list&nonce_str=7mcb0v3877mxhctbdozer1nvg4a08fma&time_stamp=1447932786&version=1.0
INFO: [ app_begin ] --START--
INFO: ReadHtmlCache Behavior ::run [ RunTime:0.001609s ]
INFO: [ app_begin ] --END-- [ RunTime:0.001689s ]
NOTIC: [8] Undefined index: session_id D:\wamp\www\guoji\yunwang\ThinkPHP\Common\functions.php 第 581 行.
NOTIC: [2048] Declaration of LocalAction::Get() should be compatible with that of Action::get() D:\wamp\www\guoji\yunwang\CacheApi\Cache\Lib\Action\LocalAction.class.php 第 3 行.
SQL: SHOW COLUMNS FROM `zy_api` [ RunTime:0.003517s ]
SQL: SELECT * FROM `zy_api` WHERE ( `py_name` = 'cache' ) AND ( `appid` = '201586485090108670' ) LIMIT 1   [ RunTime:0.000314s ]

[ 2015-11-19T19:33:09+08:00 ] 127.0.0.1 /guoji/yunwang/CacheApi/?a=Get&appid=201586485090108670&m=Local&name=list&nonce_str=ju8v73u2nt8wxmq7yqoa7uo4qw1p2hxb&time_stamp=1447932789&version=1.0
INFO: [ app_begin ] --START--
INFO: ReadHtmlCache Behavior ::run [ RunTime:0.001264s ]
INFO: [ app_begin ] --END-- [ RunTime:0.001347s ]
NOTIC: [8] Undefined index: session_id D:\wamp\www\guoji\yunwang\ThinkPHP\Common\functions.php 第 581 行.
NOTIC: [2048] Declaration of LocalAction::Get() should be compatible with that of Action::get() D:\wamp\www\guoji\yunwang\CacheApi\Cache\Lib\Action\LocalAction.class.php 第 3 行.
SQL: SHOW COLUMNS FROM `zy_api` [ RunTime:0.003517s ]
SQL: SELECT * FROM `zy_api` WHERE ( `py_name` = 'cache' ) AND ( `appid` = '201586485090108670' ) LIMIT 1   [ RunTime:0.000854s ]

[ 2015-11-19T19:33:09+08:00 ] 127.0.0.1 /guoji/yunwang/CacheApi/?a=Get&appid=201586485090108670&m=Local&name=list&nonce_str=2v9jw3gfh5d15q0876azc2ek9d738gid&time_stamp=1447932789&version=1.0
INFO: [ app_begin ] --START--
INFO: ReadHtmlCache Behavior ::run [ RunTime:0.000551s ]
INFO: [ app_begin ] --END-- [ RunTime:0.000633s ]
NOTIC: [8] Undefined index: session_id D:\wamp\www\guoji\yunwang\ThinkPHP\Common\functions.php 第 581 行.
NOTIC: [2048] Declaration of LocalAction::Get() should be compatible with that of Action::get() D:\wamp\www\guoji\yunwang\CacheApi\Cache\Lib\Action\LocalAction.class.php 第 3 行.
SQL: SHOW COLUMNS FROM `zy_api` [ RunTime:0.003740s ]
SQL: SELECT * FROM `zy_api` WHERE ( `py_name` = 'cache' ) AND ( `appid` = '201586485090108670' ) LIMIT 1   [ RunTime:0.000932s ]

[ 2015-11-19T19:33:18+08:00 ] 127.0.0.1 /guoji/yunwang/CacheApi/?a=Get&appid=201586485090108670&m=Local&name=list&nonce_str=4ms51jocxo8ks0fx9kha6ypwndbcu41a&time_stamp=1447932798&version=1.0
INFO: [ app_begin ] --START--
INFO: ReadHtmlCache Behavior ::run [ RunTime:0.002005s ]
INFO: [ app_begin ] --END-- [ RunTime:0.002105s ]
NOTIC: [8] Undefined index: session_id D:\wamp\www\guoji\yunwang\ThinkPHP\Common\functions.php 第 581 行.
NOTIC: [2048] Declaration of LocalAction::Get() should be compatible with that of Action::get() D:\wamp\www\guoji\yunwang\CacheApi\Cache\Lib\Action\LocalAction.class.php 第 3 行.
SQL: SHOW COLUMNS FROM `zy_api` [ RunTime:0.003672s ]
SQL: SELECT * FROM `zy_api` WHERE ( `py_name` = 'cache' ) AND ( `appid` = '201586485090108670' ) LIMIT 1   [ RunTime:0.000245s ]

[ 2015-11-19T19:33:18+08:00 ] 127.0.0.1 /guoji/yunwang/CacheApi/?a=SetDetail&appid=201586485090108670&m=Product&name=detail&nonce_str=rqil5sqoshd6wb0mv7geqaatxq8g9z4p&time_stamp=1447932798&version=1.0
INFO: [ app_begin ] --START--
INFO: ReadHtmlCache Behavior ::run [ RunTime:0.002018s ]
INFO: [ app_begin ] --END-- [ RunTime:0.002163s ]
NOTIC: [8] Undefined index: session_id D:\wamp\www\guoji\yunwang\ThinkPHP\Common\functions.php 第 581 行.
SQL: SHOW COLUMNS FROM `zy_api` [ RunTime:0.005085s ]
SQL: SELECT * FROM `zy_api` WHERE ( `py_name` = 'cache' ) AND ( `appid` = '201586485090108670' ) LIMIT 1   [ RunTime:0.000330s ]
SQL: SHOW COLUMNS FROM `zy_product` [ RunTime:0.004611s ]
SQL: SELECT * FROM `zy_product` WHERE ( `id` IN ('12') )  [ RunTime:0.000306s ]
SQL: SHOW COLUMNS FROM `zy_pic` [ RunTime:0.003727s ]
SQL: SELECT `domain`,`filepath`,`is_thumb` FROM `zy_pic` WHERE ( `source` = 'Product' ) AND ( `sourceid` = 12 )  [ RunTime:0.000305s ]
NOTIC: [8] Undefined variable: mysign D:\wamp\www\guoji\yunwang\interface\Cache\ApiCache.class.php 第 53 行.
NOTIC: [8] Undefined index: from D:\wamp\www\guoji\yunwang\CacheApi\Cache\Lib\Action\ProductAction.class.php 第 30 行.
NOTIC: [8] Undefined index: expire D:\wamp\www\guoji\yunwang\CacheApi\Cache\Lib\Action\CommonAction.class.php 第 77 行.
NOTIC: [8] Undefined index: expire D:\wamp\www\guoji\yunwang\CacheApi\Cache\Lib\Action\CommonAction.class.php 第 82 行.
NOTIC: [8] Undefined index: status D:\wamp\www\guoji\yunwang\CacheApi\Cache\Lib\Action\ProductAction.class.php 第 39 行.

[ 2015-11-19T19:33:20+08:00 ] 127.0.0.1 /guoji/yunwang/CacheApi/?a=Get&appid=201586485090108670&m=Local&name=list&nonce_str=mp1wmp80hxv9cri99myyegzbxx9is87p&time_stamp=1447932800&version=1.0
INFO: [ app_begin ] --START--
INFO: ReadHtmlCache Behavior ::run [ RunTime:0.001734s ]
INFO: [ app_begin ] --END-- [ RunTime:0.001820s ]
NOTIC: [8] Undefined index: session_id D:\wamp\www\guoji\yunwang\ThinkPHP\Common\functions.php 第 581 行.
NOTIC: [2048] Declaration of LocalAction::Get() should be compatible with that of Action::get() D:\wamp\www\guoji\yunwang\CacheApi\Cache\Lib\Action\LocalAction.class.php 第 3 行.
SQL: SHOW COLUMNS FROM `zy_api` [ RunTime:0.003535s ]
SQL: SELECT * FROM `zy_api` WHERE ( `py_name` = 'cache' ) AND ( `appid` = '201586485090108670' ) LIMIT 1   [ RunTime:0.000248s ]

[ 2015-11-19T19:33:20+08:00 ] 127.0.0.1 /guoji/yunwang/CacheApi/?a=Get&appid=201586485090108670&m=Local&name=list&nonce_str=9xbtzxfs25tejrlbs69dbuojif2nnlqa&time_stamp=1447932800&version=1.0
INFO: [ app_begin ] --START--
INFO: ReadHtmlCache Behavior ::run [ RunTime:0.001926s ]
INFO: [ app_begin ] --END-- [ RunTime:0.002071s ]
NOTIC: [8] Undefined index: session_id D:\wamp\www\guoji\yunwang\ThinkPHP\Common\functions.php 第 581 行.
NOTIC: [2048] Declaration of LocalAction::Get() should be compatible with that of Action::get() D:\wamp\www\guoji\yunwang\CacheApi\Cache\Lib\Action\LocalAction.class.php 第 3 行.
SQL: SHOW COLUMNS FROM `zy_api` [ RunTime:0.003679s ]
SQL: SELECT * FROM `zy_api` WHERE ( `py_name` = 'cache' ) AND ( `appid` = '201586485090108670' ) LIMIT 1   [ RunTime:0.000311s ]

[ 2015-11-19T19:33:21+08:00 ] 127.0.0.1 /guoji/yunwang/CacheApi/?a=Get&appid=201586485090108670&m=Local&name=list&nonce_str=aww88z44294athi7d88w0mvv4305s9w1&time_stamp=1447932801&version=1.0
INFO: [ app_begin ] --START--
INFO: ReadHtmlCache Behavior ::run [ RunTime:0.001609s ]
INFO: [ app_begin ] --END-- [ RunTime:0.001707s ]
NOTIC: [8] Undefined index: session_id D:\wamp\www\guoji\yunwang\ThinkPHP\Common\functions.php 第 581 行.
NOTIC: [2048] Declaration of LocalAction::Get() should be compatible with that of Action::get() D:\wamp\www\guoji\yunwang\CacheApi\Cache\Lib\Action\LocalAction.class.php 第 3 行.
SQL: SHOW COLUMNS FROM `zy_api` [ RunTime:0.003593s ]
SQL: SELECT * FROM `zy_api` WHERE ( `py_name` = 'cache' ) AND ( `appid` = '201586485090108670' ) LIMIT 1   [ RunTime:0.000213s ]

