[ 2015-10-26T00:00:53+08:00 ] 127.0.0.1 /guoji/yunwang/CacheApi/?a=Get&appid=201586485090108670&m=Local&name=list&nonce_str=1mx707bs72a9yveb39j4ve2yekdraww3&time_stamp=1445788853&version=1.0
INFO: [ app_begin ] --START--
INFO: ReadHtmlCache Behavior ::run [ RunTime:0.002373s ]
INFO: [ app_begin ] --END-- [ RunTime:0.002535s ]
NOTIC: [8] Undefined index: session_id D:\wamp\www\guoji\yunwang\ThinkPHP\Common\functions.php 第 581 行.
NOTIC: [2048] Declaration of LocalAction::Get() should be compatible with that of Action::get() D:\wamp\www\guoji\yunwang\CacheApi\Cache\Lib\Action\LocalAction.class.php 第 3 行.
SQL: SHOW COLUMNS FROM `zy_api` [ RunTime:0.005550s ]
SQL: SELECT * FROM `zy_api` WHERE ( `py_name` = 'cache' ) AND ( `appid` = '201586485090108670' ) LIMIT 1   [ RunTime:0.000269s ]

[ 2015-10-26T00:10:52+08:00 ] 127.0.0.1 /guoji/yunwang/CacheApi/?a=Get&appid=201586485090108670&m=Local&name=list&nonce_str=vdhdsps72dlilwb5hhi0wmj58tbudl9u&time_stamp=1445789452&version=1.0
INFO: [ app_begin ] --START--
INFO: ReadHtmlCache Behavior ::run [ RunTime:0.002207s ]
INFO: [ app_begin ] --END-- [ RunTime:0.002350s ]
NOTIC: [8] Undefined index: session_id D:\wamp\www\guoji\yunwang\ThinkPHP\Common\functions.php 第 581 行.
NOTIC: [2048] Declaration of LocalAction::Get() should be compatible with that of Action::get() D:\wamp\www\guoji\yunwang\CacheApi\Cache\Lib\Action\LocalAction.class.php 第 3 行.
SQL: SHOW COLUMNS FROM `zy_api` [ RunTime:0.003725s ]
SQL: SELECT * FROM `zy_api` WHERE ( `py_name` = 'cache' ) AND ( `appid` = '201586485090108670' ) LIMIT 1   [ RunTime:0.000518s ]

[ 2015-10-26T00:10:53+08:00 ] 127.0.0.1 /guoji/yunwang/CacheApi/?a=Get&appid=201586485090108670&m=Local&name=list&nonce_str=90w65wcjmt0ytrl1k9izt6ts3l18vazt&time_stamp=1445789453&version=1.0
INFO: [ app_begin ] --START--
INFO: ReadHtmlCache Behavior ::run [ RunTime:0.002388s ]
INFO: [ app_begin ] --END-- [ RunTime:0.002623s ]
NOTIC: [8] Undefined index: session_id D:\wamp\www\guoji\yunwang\ThinkPHP\Common\functions.php 第 581 行.
NOTIC: [2048] Declaration of LocalAction::Get() should be compatible with that of Action::get() D:\wamp\www\guoji\yunwang\CacheApi\Cache\Lib\Action\LocalAction.class.php 第 3 行.
SQL: SHOW COLUMNS FROM `zy_api` [ RunTime:0.005751s ]
SQL: SELECT * FROM `zy_api` WHERE ( `py_name` = 'cache' ) AND ( `appid` = '201586485090108670' ) LIMIT 1   [ RunTime:0.000518s ]

[ 2015-10-26T00:14:28+08:00 ] 127.0.0.1 /guoji/yunwang/CacheApi/?a=Get&appid=201586485090108670&m=Local&name=list&nonce_str=rrfthwmrr5cg464xak43662hwvk4awu5&time_stamp=1445789668&version=1.0
INFO: [ app_begin ] --START--
INFO: ReadHtmlCache Behavior ::run [ RunTime:0.001954s ]
INFO: [ app_begin ] --END-- [ RunTime:0.002053s ]
NOTIC: [8] Undefined index: session_id D:\wamp\www\guoji\yunwang\ThinkPHP\Common\functions.php 第 581 行.
NOTIC: [2048] Declaration of LocalAction::Get() should be compatible with that of Action::get() D:\wamp\www\guoji\yunwang\CacheApi\Cache\Lib\Action\LocalAction.class.php 第 3 行.
SQL: SHOW COLUMNS FROM `zy_api` [ RunTime:0.005310s ]
SQL: SELECT * FROM `zy_api` WHERE ( `py_name` = 'cache' ) AND ( `appid` = '201586485090108670' ) LIMIT 1   [ RunTime:0.000389s ]

[ 2015-10-26T00:14:49+08:00 ] 127.0.0.1 /guoji/yunwang/CacheApi/?a=Get&appid=201586485090108670&m=Local&name=list&nonce_str=t5w4kzd2v4972bmg45qvwjbgeaxw4lrc&time_stamp=1445789689&version=1.0
INFO: [ app_begin ] --START--
INFO: ReadHtmlCache Behavior ::run [ RunTime:0.001774s ]
INFO: [ app_begin ] --END-- [ RunTime:0.001881s ]
NOTIC: [8] Undefined index: session_id D:\wamp\www\guoji\yunwang\ThinkPHP\Common\functions.php 第 581 行.
NOTIC: [2048] Declaration of LocalAction::Get() should be compatible with that of Action::get() D:\wamp\www\guoji\yunwang\CacheApi\Cache\Lib\Action\LocalAction.class.php 第 3 行.
SQL: SHOW COLUMNS FROM `zy_api` [ RunTime:0.003718s ]
SQL: SELECT * FROM `zy_api` WHERE ( `py_name` = 'cache' ) AND ( `appid` = '201586485090108670' ) LIMIT 1   [ RunTime:0.000964s ]

[ 2015-10-26T00:15:08+08:00 ] 127.0.0.1 /guoji/yunwang/CacheApi/?a=Get&appid=201586485090108670&m=Local&name=list&nonce_str=qtg2fwzge1v3kqpb2c6lviodfwlkal16&time_stamp=1445789708&version=1.0
INFO: [ app_begin ] --START--
INFO: ReadHtmlCache Behavior ::run [ RunTime:0.001661s ]
INFO: [ app_begin ] --END-- [ RunTime:0.001758s ]
NOTIC: [8] Undefined index: session_id D:\wamp\www\guoji\yunwang\ThinkPHP\Common\functions.php 第 581 行.
NOTIC: [2048] Declaration of LocalAction::Get() should be compatible with that of Action::get() D:\wamp\www\guoji\yunwang\CacheApi\Cache\Lib\Action\LocalAction.class.php 第 3 行.
SQL: SHOW COLUMNS FROM `zy_api` [ RunTime:0.004440s ]
SQL: SELECT * FROM `zy_api` WHERE ( `py_name` = 'cache' ) AND ( `appid` = '201586485090108670' ) LIMIT 1   [ RunTime:0.000233s ]

[ 2015-10-26T00:15:26+08:00 ] 127.0.0.1 /guoji/yunwang/CacheApi/?a=Get&appid=201586485090108670&m=Local&name=list&nonce_str=01if91sydibari67wlonj8xe3d3o85gs&time_stamp=1445789726&version=1.0
INFO: [ app_begin ] --START--
INFO: ReadHtmlCache Behavior ::run [ RunTime:0.003497s ]
INFO: [ app_begin ] --END-- [ RunTime:0.003810s ]
NOTIC: [8] Undefined index: session_id D:\wamp\www\guoji\yunwang\ThinkPHP\Common\functions.php 第 581 行.
NOTIC: [2048] Declaration of LocalAction::Get() should be compatible with that of Action::get() D:\wamp\www\guoji\yunwang\CacheApi\Cache\Lib\Action\LocalAction.class.php 第 3 行.
SQL: SHOW COLUMNS FROM `zy_api` [ RunTime:0.003554s ]
SQL: SELECT * FROM `zy_api` WHERE ( `py_name` = 'cache' ) AND ( `appid` = '201586485090108670' ) LIMIT 1   [ RunTime:0.000330s ]

[ 2015-10-26T00:15:46+08:00 ] 127.0.0.1 /guoji/yunwang/CacheApi/?a=Get&appid=201586485090108670&m=Local&name=list&nonce_str=djpfxfu2o5z8eob9q9i5j7at2oqwggxm&time_stamp=1445789746&version=1.0
INFO: [ app_begin ] --START--
INFO: ReadHtmlCache Behavior ::run [ RunTime:0.002035s ]
INFO: [ app_begin ] --END-- [ RunTime:0.002181s ]
NOTIC: [8] Undefined index: session_id D:\wamp\www\guoji\yunwang\ThinkPHP\Common\functions.php 第 581 行.
NOTIC: [2048] Declaration of LocalAction::Get() should be compatible with that of Action::get() D:\wamp\www\guoji\yunwang\CacheApi\Cache\Lib\Action\LocalAction.class.php 第 3 行.
SQL: SHOW COLUMNS FROM `zy_api` [ RunTime:0.005903s ]
SQL: SELECT * FROM `zy_api` WHERE ( `py_name` = 'cache' ) AND ( `appid` = '201586485090108670' ) LIMIT 1   [ RunTime:0.000455s ]

[ 2015-10-26T00:16:08+08:00 ] 127.0.0.1 /guoji/yunwang/CacheApi/?a=Get&appid=201586485090108670&m=Local&name=list&nonce_str=jsgwzh8kyqyvxrs1g9eyd222ebgizwyi&time_stamp=1445789768&version=1.0
INFO: [ app_begin ] --START--
INFO: ReadHtmlCache Behavior ::run [ RunTime:0.001938s ]
INFO: [ app_begin ] --END-- [ RunTime:0.002111s ]
NOTIC: [8] Undefined index: session_id D:\wamp\www\guoji\yunwang\ThinkPHP\Common\functions.php 第 581 行.
NOTIC: [2048] Declaration of LocalAction::Get() should be compatible with that of Action::get() D:\wamp\www\guoji\yunwang\CacheApi\Cache\Lib\Action\LocalAction.class.php 第 3 行.
SQL: SHOW COLUMNS FROM `zy_api` [ RunTime:0.004981s ]
SQL: SELECT * FROM `zy_api` WHERE ( `py_name` = 'cache' ) AND ( `appid` = '201586485090108670' ) LIMIT 1   [ RunTime:0.000782s ]

[ 2015-10-26T00:16:28+08:00 ] 127.0.0.1 /guoji/yunwang/CacheApi/?a=Get&appid=201586485090108670&m=Local&name=list&nonce_str=s1sl03vnj2fn6vznjet7es1gmu65fyo0&time_stamp=1445789788&version=1.0
INFO: [ app_begin ] --START--
INFO: ReadHtmlCache Behavior ::run [ RunTime:0.002227s ]
INFO: [ app_begin ] --END-- [ RunTime:0.002355s ]
NOTIC: [8] Undefined index: session_id D:\wamp\www\guoji\yunwang\ThinkPHP\Common\functions.php 第 581 行.
NOTIC: [2048] Declaration of LocalAction::Get() should be compatible with that of Action::get() D:\wamp\www\guoji\yunwang\CacheApi\Cache\Lib\Action\LocalAction.class.php 第 3 行.
SQL: SHOW COLUMNS FROM `zy_api` [ RunTime:0.006392s ]
SQL: SELECT * FROM `zy_api` WHERE ( `py_name` = 'cache' ) AND ( `appid` = '201586485090108670' ) LIMIT 1   [ RunTime:0.000314s ]

[ 2015-10-26T00:16:45+08:00 ] 127.0.0.1 /guoji/yunwang/CacheApi/?a=Get&appid=201586485090108670&m=Local&name=list&nonce_str=i3h1uoe69f02od98g7x6c8t0igz3hbbu&time_stamp=1445789805&version=1.0
INFO: [ app_begin ] --START--
INFO: ReadHtmlCache Behavior ::run [ RunTime:0.001813s ]
INFO: [ app_begin ] --END-- [ RunTime:0.001904s ]
NOTIC: [8] Undefined index: session_id D:\wamp\www\guoji\yunwang\ThinkPHP\Common\functions.php 第 581 行.
NOTIC: [2048] Declaration of LocalAction::Get() should be compatible with that of Action::get() D:\wamp\www\guoji\yunwang\CacheApi\Cache\Lib\Action\LocalAction.class.php 第 3 行.
SQL: SHOW COLUMNS FROM `zy_api` [ RunTime:0.003856s ]
SQL: SELECT * FROM `zy_api` WHERE ( `py_name` = 'cache' ) AND ( `appid` = '201586485090108670' ) LIMIT 1   [ RunTime:0.000271s ]

[ 2015-10-26T00:17:01+08:00 ] 127.0.0.1 /guoji/yunwang/CacheApi/?a=Get&appid=201586485090108670&m=Local&name=list&nonce_str=ch9f31rmvxgxpk6crfckqf8vf6mavq42&time_stamp=1445789821&version=1.0
INFO: [ app_begin ] --START--
INFO: ReadHtmlCache Behavior ::run [ RunTime:0.001348s ]
INFO: [ app_begin ] --END-- [ RunTime:0.001434s ]
NOTIC: [8] Undefined index: session_id D:\wamp\www\guoji\yunwang\ThinkPHP\Common\functions.php 第 581 行.
NOTIC: [2048] Declaration of LocalAction::Get() should be compatible with that of Action::get() D:\wamp\www\guoji\yunwang\CacheApi\Cache\Lib\Action\LocalAction.class.php 第 3 行.
SQL: SHOW COLUMNS FROM `zy_api` [ RunTime:0.005249s ]
SQL: SELECT * FROM `zy_api` WHERE ( `py_name` = 'cache' ) AND ( `appid` = '201586485090108670' ) LIMIT 1   [ RunTime:0.000249s ]

[ 2015-10-26T18:43:47+08:00 ] 127.0.0.1 /guoji/yunwang/CacheApi/?a=Get&appid=201586485090108670&m=Local&name=list&nonce_str=vdh1cgxv43r9rkidgmi3j6bev1r9vvbl&time_stamp=1445856226&version=1.0
INFO: [ app_begin ] --START--
INFO: ReadHtmlCache Behavior ::run [ RunTime:0.003497s ]
INFO: [ app_begin ] --END-- [ RunTime:0.003589s ]
NOTIC: [8] Undefined index: session_id D:\wamp\www\guoji\yunwang\ThinkPHP\Common\functions.php 第 581 行.
NOTIC: [2048] Declaration of LocalAction::Get() should be compatible with that of Action::get() D:\wamp\www\guoji\yunwang\CacheApi\Cache\Lib\Action\LocalAction.class.php 第 3 行.
SQL: SHOW COLUMNS FROM `zy_api` [ RunTime:0.008151s ]
SQL: SELECT * FROM `zy_api` WHERE ( `py_name` = 'cache' ) AND ( `appid` = '201586485090108670' ) LIMIT 1   [ RunTime:0.000288s ]

[ 2015-10-26T18:44:24+08:00 ] 127.0.0.1 /guoji/yunwang/CacheApi/?a=Get&appid=201586485090108670&m=Local&name=list&nonce_str=9jg3el319h9rergv1rh2wu0zi9gkenhh&time_stamp=1445856264&version=1.0
INFO: [ app_begin ] --START--
INFO: ReadHtmlCache Behavior ::run [ RunTime:0.001275s ]
INFO: [ app_begin ] --END-- [ RunTime:0.001360s ]
NOTIC: [8] Undefined index: session_id D:\wamp\www\guoji\yunwang\ThinkPHP\Common\functions.php 第 581 行.
NOTIC: [2048] Declaration of LocalAction::Get() should be compatible with that of Action::get() D:\wamp\www\guoji\yunwang\CacheApi\Cache\Lib\Action\LocalAction.class.php 第 3 行.
SQL: SHOW COLUMNS FROM `zy_api` [ RunTime:0.006726s ]
SQL: SELECT * FROM `zy_api` WHERE ( `py_name` = 'cache' ) AND ( `appid` = '201586485090108670' ) LIMIT 1   [ RunTime:0.000306s ]

[ 2015-10-26T18:44:38+08:00 ] 127.0.0.1 /guoji/yunwang/CacheApi/?a=Get&appid=201586485090108670&m=Local&name=list&nonce_str=tby4dbqhq2fcthsn3uoorqfs4q0wk77z&time_stamp=1445856278&version=1.0
INFO: [ app_begin ] --START--
INFO: ReadHtmlCache Behavior ::run [ RunTime:0.000587s ]
INFO: [ app_begin ] --END-- [ RunTime:0.000668s ]
NOTIC: [8] Undefined index: session_id D:\wamp\www\guoji\yunwang\ThinkPHP\Common\functions.php 第 581 行.
NOTIC: [2048] Declaration of LocalAction::Get() should be compatible with that of Action::get() D:\wamp\www\guoji\yunwang\CacheApi\Cache\Lib\Action\LocalAction.class.php 第 3 行.
SQL: SHOW COLUMNS FROM `zy_api` [ RunTime:0.003693s ]
SQL: SELECT * FROM `zy_api` WHERE ( `py_name` = 'cache' ) AND ( `appid` = '201586485090108670' ) LIMIT 1   [ RunTime:0.000226s ]

[ 2015-10-26T20:43:13+08:00 ] 127.0.0.1 /guoji/yunwang/CacheApi/?a=Get&appid=201586485090108670&m=Local&name=list&nonce_str=alx573qffyou7o7s8303rjxs1so4n6hn&time_stamp=1445863391&version=1.0
INFO: [ app_begin ] --START--
INFO: ReadHtmlCache Behavior ::run [ RunTime:0.001304s ]
INFO: [ app_begin ] --END-- [ RunTime:0.001407s ]
NOTIC: [8] Undefined index: session_id D:\wamp\www\guoji\yunwang\ThinkPHP\Common\functions.php 第 581 行.
NOTIC: [2048] Declaration of LocalAction::Get() should be compatible with that of Action::get() D:\wamp\www\guoji\yunwang\CacheApi\Cache\Lib\Action\LocalAction.class.php 第 3 行.
SQL: SHOW COLUMNS FROM `zy_api` [ RunTime:0.004033s ]
SQL: SELECT * FROM `zy_api` WHERE ( `py_name` = 'cache' ) AND ( `appid` = '201586485090108670' ) LIMIT 1   [ RunTime:0.000290s ]

[ 2015-10-26T20:52:47+08:00 ] 127.0.0.1 /guoji/yunwang/CacheApi/?a=Get&appid=201586485090108670&m=Local&name=list&nonce_str=93i7rb1bwjpdpn6f98ynoxv3k2wvdzgg&time_stamp=1445863967&version=1.0
INFO: [ app_begin ] --START--
INFO: ReadHtmlCache Behavior ::run [ RunTime:0.001228s ]
INFO: [ app_begin ] --END-- [ RunTime:0.001309s ]
NOTIC: [8] Undefined index: session_id D:\wamp\www\guoji\yunwang\ThinkPHP\Common\functions.php 第 581 行.
NOTIC: [2048] Declaration of LocalAction::Get() should be compatible with that of Action::get() D:\wamp\www\guoji\yunwang\CacheApi\Cache\Lib\Action\LocalAction.class.php 第 3 行.
SQL: SHOW COLUMNS FROM `zy_api` [ RunTime:0.003407s ]
SQL: SELECT * FROM `zy_api` WHERE ( `py_name` = 'cache' ) AND ( `appid` = '201586485090108670' ) LIMIT 1   [ RunTime:0.000339s ]

