[ 2015-10-09T09:02:34+08:00 ] 127.0.0.1 /guoji/yunwang/CacheApi/?a=Get&appid=201586485090108670&m=Local&name=list&nonce_str=92bqrcww8xwmbzdy576z1iyi4ptbsgrj&time_stamp=1444352554&version=1.0
INFO: [ app_begin ] --START--
INFO: ReadHtmlCache Behavior ::run [ RunTime:0.001621s ]
INFO: [ app_begin ] --END-- [ RunTime:0.001710s ]
NOTIC: [8] Undefined index: session_id D:\wamp\www\guoji\yunwang\ThinkPHP\Common\functions.php 第 581 行.
NOTIC: [2048] Declaration of LocalAction::Get() should be compatible with that of Action::get() D:\wamp\www\guoji\yunwang\CacheApi\Cache\Lib\Action\LocalAction.class.php 第 3 行.
SQL: SHOW COLUMNS FROM `zy_api` [ RunTime:0.004022s ]
SQL: SELECT * FROM `zy_api` WHERE ( `appid` = '201586485090108670' ) LIMIT 1   [ RunTime:0.000183s ]

[ 2015-10-09T09:02:34+08:00 ] 127.0.0.1 /guoji/yunwang/CacheApi/?a=Get&appid=201586485090108670&m=Local&name=index&nonce_str=3pqj29dl92gu74egldb2k9l6cxposjl3&time_stamp=1444352554&version=1.0
INFO: [ app_begin ] --START--
INFO: ReadHtmlCache Behavior ::run [ RunTime:0.000999s ]
INFO: [ app_begin ] --END-- [ RunTime:0.001082s ]
NOTIC: [8] Undefined index: session_id D:\wamp\www\guoji\yunwang\ThinkPHP\Common\functions.php 第 581 行.
NOTIC: [2048] Declaration of LocalAction::Get() should be compatible with that of Action::get() D:\wamp\www\guoji\yunwang\CacheApi\Cache\Lib\Action\LocalAction.class.php 第 3 行.
SQL: SHOW COLUMNS FROM `zy_api` [ RunTime:0.003380s ]
SQL: SELECT * FROM `zy_api` WHERE ( `appid` = '201586485090108670' ) LIMIT 1   [ RunTime:0.000188s ]

[ 2015-10-09T09:02:36+08:00 ] 127.0.0.1 /guoji/yunwang/CacheApi/?a=Get&appid=201586485090108670&m=Local&name=list&nonce_str=izj4d5wdq87ufligswqt8k4mmns2jtlt&time_stamp=1444352556&version=1.0
INFO: [ app_begin ] --START--
INFO: ReadHtmlCache Behavior ::run [ RunTime:0.001044s ]
INFO: [ app_begin ] --END-- [ RunTime:0.001183s ]
NOTIC: [8] Undefined index: session_id D:\wamp\www\guoji\yunwang\ThinkPHP\Common\functions.php 第 581 行.
NOTIC: [2048] Declaration of LocalAction::Get() should be compatible with that of Action::get() D:\wamp\www\guoji\yunwang\CacheApi\Cache\Lib\Action\LocalAction.class.php 第 3 行.
SQL: SHOW COLUMNS FROM `zy_api` [ RunTime:0.003549s ]
SQL: SELECT * FROM `zy_api` WHERE ( `appid` = '201586485090108670' ) LIMIT 1   [ RunTime:0.000788s ]

[ 2015-10-09T09:02:36+08:00 ] 127.0.0.1 /guoji/yunwang/CacheApi/?a=Get&appid=201586485090108670&m=Local&name=index&nonce_str=c1g0sjja11j9q6yibi0fbyz61ws4uaeu&time_stamp=1444352556&version=1.0
INFO: [ app_begin ] --START--
INFO: ReadHtmlCache Behavior ::run [ RunTime:0.001120s ]
INFO: [ app_begin ] --END-- [ RunTime:0.001225s ]
NOTIC: [8] Undefined index: session_id D:\wamp\www\guoji\yunwang\ThinkPHP\Common\functions.php 第 581 行.
NOTIC: [2048] Declaration of LocalAction::Get() should be compatible with that of Action::get() D:\wamp\www\guoji\yunwang\CacheApi\Cache\Lib\Action\LocalAction.class.php 第 3 行.
SQL: SHOW COLUMNS FROM `zy_api` [ RunTime:0.003335s ]
SQL: SELECT * FROM `zy_api` WHERE ( `appid` = '201586485090108670' ) LIMIT 1   [ RunTime:0.000315s ]

[ 2015-10-09T09:02:37+08:00 ] 127.0.0.1 /guoji/yunwang/CacheApi/?a=Get&appid=201586485090108670&m=Local&name=list&nonce_str=53prmm8d0r51x389a8cmgx0j4iiojllr&time_stamp=1444352557&version=1.0
INFO: [ app_begin ] --START--
INFO: ReadHtmlCache Behavior ::run [ RunTime:0.001165s ]
INFO: [ app_begin ] --END-- [ RunTime:0.001265s ]
NOTIC: [8] Undefined index: session_id D:\wamp\www\guoji\yunwang\ThinkPHP\Common\functions.php 第 581 行.
NOTIC: [2048] Declaration of LocalAction::Get() should be compatible with that of Action::get() D:\wamp\www\guoji\yunwang\CacheApi\Cache\Lib\Action\LocalAction.class.php 第 3 行.
SQL: SHOW COLUMNS FROM `zy_api` [ RunTime:0.004720s ]
SQL: SELECT * FROM `zy_api` WHERE ( `appid` = '201586485090108670' ) LIMIT 1   [ RunTime:0.000193s ]

[ 2015-10-09T09:02:37+08:00 ] 127.0.0.1 /guoji/yunwang/CacheApi/?a=Get&appid=201586485090108670&m=Local&name=index&nonce_str=lx2yhnxb4lvi3jksf26lsqnmg0l4h1lz&time_stamp=1444352557&version=1.0
INFO: [ app_begin ] --START--
INFO: ReadHtmlCache Behavior ::run [ RunTime:0.001008s ]
INFO: [ app_begin ] --END-- [ RunTime:0.001089s ]
NOTIC: [8] Undefined index: session_id D:\wamp\www\guoji\yunwang\ThinkPHP\Common\functions.php 第 581 行.
NOTIC: [2048] Declaration of LocalAction::Get() should be compatible with that of Action::get() D:\wamp\www\guoji\yunwang\CacheApi\Cache\Lib\Action\LocalAction.class.php 第 3 行.
SQL: SHOW COLUMNS FROM `zy_api` [ RunTime:0.004060s ]
SQL: SELECT * FROM `zy_api` WHERE ( `appid` = '201586485090108670' ) LIMIT 1   [ RunTime:0.000184s ]

[ 2015-10-09T09:12:29+08:00 ] 127.0.0.1 /guoji/yunwang/CacheApi/?a=Get&appid=201586485090108670&m=Local&name=list&nonce_str=q785y43l3em1hnkh2rwax2powiisx4nu&time_stamp=1444353149&version=1.0
INFO: [ app_begin ] --START--
INFO: ReadHtmlCache Behavior ::run [ RunTime:0.001977s ]
INFO: [ app_begin ] --END-- [ RunTime:0.002129s ]
NOTIC: [8] Undefined index: session_id D:\wamp\www\guoji\yunwang\ThinkPHP\Common\functions.php 第 581 行.
NOTIC: [2048] Declaration of LocalAction::Get() should be compatible with that of Action::get() D:\wamp\www\guoji\yunwang\CacheApi\Cache\Lib\Action\LocalAction.class.php 第 3 行.
SQL: SHOW COLUMNS FROM `zy_api` [ RunTime:0.003808s ]
SQL: SELECT * FROM `zy_api` WHERE ( `appid` = '201586485090108670' ) LIMIT 1   [ RunTime:0.000197s ]

[ 2015-10-09T09:12:31+08:00 ] 127.0.0.1 /guoji/yunwang/CacheApi/?a=Get&appid=201586485090108670&m=Local&name=list&nonce_str=2tavdmwye6qpd0z5c6j0thw4tls5dyvm&time_stamp=1444353151&version=1.0
INFO: [ app_begin ] --START--
INFO: ReadHtmlCache Behavior ::run [ RunTime:0.001516s ]
INFO: [ app_begin ] --END-- [ RunTime:0.001595s ]
NOTIC: [8] Undefined index: session_id D:\wamp\www\guoji\yunwang\ThinkPHP\Common\functions.php 第 581 行.
NOTIC: [2048] Declaration of LocalAction::Get() should be compatible with that of Action::get() D:\wamp\www\guoji\yunwang\CacheApi\Cache\Lib\Action\LocalAction.class.php 第 3 行.
SQL: SHOW COLUMNS FROM `zy_api` [ RunTime:0.003972s ]
SQL: SELECT * FROM `zy_api` WHERE ( `appid` = '201586485090108670' ) LIMIT 1   [ RunTime:0.000194s ]

[ 2015-10-09T09:12:33+08:00 ] 127.0.0.1 /guoji/yunwang/CacheApi/?a=Get&appid=201586485090108670&m=Local&name=list&nonce_str=7jw1ya2w7x0n4huz2qj34fefc3457e54&time_stamp=1444353153&version=1.0
INFO: [ app_begin ] --START--
INFO: ReadHtmlCache Behavior ::run [ RunTime:0.000993s ]
INFO: [ app_begin ] --END-- [ RunTime:0.001076s ]
NOTIC: [8] Undefined index: session_id D:\wamp\www\guoji\yunwang\ThinkPHP\Common\functions.php 第 581 行.
NOTIC: [2048] Declaration of LocalAction::Get() should be compatible with that of Action::get() D:\wamp\www\guoji\yunwang\CacheApi\Cache\Lib\Action\LocalAction.class.php 第 3 行.
SQL: SHOW COLUMNS FROM `zy_api` [ RunTime:0.004328s ]
SQL: SELECT * FROM `zy_api` WHERE ( `appid` = '201586485090108670' ) LIMIT 1   [ RunTime:0.000175s ]

[ 2015-10-09T09:12:35+08:00 ] 127.0.0.1 /guoji/yunwang/CacheApi/?a=Get&appid=201586485090108670&m=Local&name=list&nonce_str=9fe53f63av65xoqdg58tdsesnsbfsss8&time_stamp=1444353155&version=1.0
INFO: [ app_begin ] --START--
INFO: ReadHtmlCache Behavior ::run [ RunTime:0.001536s ]
INFO: [ app_begin ] --END-- [ RunTime:0.001622s ]
NOTIC: [8] Undefined index: session_id D:\wamp\www\guoji\yunwang\ThinkPHP\Common\functions.php 第 581 行.
NOTIC: [2048] Declaration of LocalAction::Get() should be compatible with that of Action::get() D:\wamp\www\guoji\yunwang\CacheApi\Cache\Lib\Action\LocalAction.class.php 第 3 行.
SQL: SHOW COLUMNS FROM `zy_api` [ RunTime:0.003301s ]
SQL: SELECT * FROM `zy_api` WHERE ( `appid` = '201586485090108670' ) LIMIT 1   [ RunTime:0.000247s ]

[ 2015-10-09T09:12:53+08:00 ] 127.0.0.1 /guoji/yunwang/CacheApi/?a=Get&appid=201586485090108670&m=Local&name=list&nonce_str=7zl328m4830uv1txiu82o11kdv8f46rb&time_stamp=1444353173&version=1.0
INFO: [ app_begin ] --START--
INFO: ReadHtmlCache Behavior ::run [ RunTime:0.000992s ]
INFO: [ app_begin ] --END-- [ RunTime:0.001075s ]
NOTIC: [8] Undefined index: session_id D:\wamp\www\guoji\yunwang\ThinkPHP\Common\functions.php 第 581 行.
NOTIC: [2048] Declaration of LocalAction::Get() should be compatible with that of Action::get() D:\wamp\www\guoji\yunwang\CacheApi\Cache\Lib\Action\LocalAction.class.php 第 3 行.
SQL: SHOW COLUMNS FROM `zy_api` [ RunTime:0.003366s ]
SQL: SELECT * FROM `zy_api` WHERE ( `appid` = '201586485090108670' ) LIMIT 1   [ RunTime:0.000192s ]

[ 2015-10-09T09:13:41+08:00 ] 127.0.0.1 /guoji/yunwang/CacheApi/?a=Get&appid=201586485090108670&m=Local&name=list&nonce_str=1zkehfirts6coha2b5p9opssjvc6odst&time_stamp=1444353221&version=1.0
INFO: [ app_begin ] --START--
INFO: ReadHtmlCache Behavior ::run [ RunTime:0.000989s ]
INFO: [ app_begin ] --END-- [ RunTime:0.001071s ]
NOTIC: [8] Undefined index: session_id D:\wamp\www\guoji\yunwang\ThinkPHP\Common\functions.php 第 581 行.
NOTIC: [2048] Declaration of LocalAction::Get() should be compatible with that of Action::get() D:\wamp\www\guoji\yunwang\CacheApi\Cache\Lib\Action\LocalAction.class.php 第 3 行.
SQL: SHOW COLUMNS FROM `zy_api` [ RunTime:0.003409s ]
SQL: SELECT * FROM `zy_api` WHERE ( `appid` = '201586485090108670' ) LIMIT 1   [ RunTime:0.000192s ]

[ 2015-10-09T09:14:58+08:00 ] 127.0.0.1 /guoji/yunwang/CacheApi/?a=Get&appid=201586485090108670&m=Local&name=list&nonce_str=ap0oyaqptibfnnpxpqp5ylzqpgzz7yvl&time_stamp=1444353298&version=1.0
INFO: [ app_begin ] --START--
INFO: ReadHtmlCache Behavior ::run [ RunTime:0.001233s ]
INFO: [ app_begin ] --END-- [ RunTime:0.001317s ]
NOTIC: [8] Undefined index: session_id D:\wamp\www\guoji\yunwang\ThinkPHP\Common\functions.php 第 581 行.
NOTIC: [2048] Declaration of LocalAction::Get() should be compatible with that of Action::get() D:\wamp\www\guoji\yunwang\CacheApi\Cache\Lib\Action\LocalAction.class.php 第 3 行.
SQL: SHOW COLUMNS FROM `zy_api` [ RunTime:0.005237s ]
SQL: SELECT * FROM `zy_api` WHERE ( `appid` = '201586485090108670' ) LIMIT 1   [ RunTime:0.000256s ]

[ 2015-10-09T09:14:59+08:00 ] 127.0.0.1 /guoji/yunwang/CacheApi/?a=Get&appid=201586485090108670&m=Local&name=list&nonce_str=d6lk9updbp53y4i8m3mbfp0uswpc3rst&time_stamp=1444353298&version=1.0
INFO: [ app_begin ] --START--
INFO: ReadHtmlCache Behavior ::run [ RunTime:0.001517s ]
INFO: [ app_begin ] --END-- [ RunTime:0.001591s ]
NOTIC: [8] Undefined index: session_id D:\wamp\www\guoji\yunwang\ThinkPHP\Common\functions.php 第 581 行.
NOTIC: [2048] Declaration of LocalAction::Get() should be compatible with that of Action::get() D:\wamp\www\guoji\yunwang\CacheApi\Cache\Lib\Action\LocalAction.class.php 第 3 行.
SQL: SHOW COLUMNS FROM `zy_api` [ RunTime:0.003435s ]
SQL: SELECT * FROM `zy_api` WHERE ( `appid` = '201586485090108670' ) LIMIT 1   [ RunTime:0.000196s ]

[ 2015-10-09T09:15:50+08:00 ] 127.0.0.1 /guoji/yunwang/CacheApi/?a=Get&appid=201586485090108670&m=Local&name=list&nonce_str=kztxbvkmlcn0yekfr5xbzj7u5li2ewql&time_stamp=1444353349&version=1.0
INFO: [ app_begin ] --START--
INFO: ReadHtmlCache Behavior ::run [ RunTime:0.001584s ]
INFO: [ app_begin ] --END-- [ RunTime:0.001823s ]
NOTIC: [8] Undefined index: session_id D:\wamp\www\guoji\yunwang\ThinkPHP\Common\functions.php 第 581 行.
NOTIC: [2048] Declaration of LocalAction::Get() should be compatible with that of Action::get() D:\wamp\www\guoji\yunwang\CacheApi\Cache\Lib\Action\LocalAction.class.php 第 3 行.
SQL: SHOW COLUMNS FROM `zy_api` [ RunTime:0.004677s ]
SQL: SELECT * FROM `zy_api` WHERE ( `appid` = '201586485090108670' ) LIMIT 1   [ RunTime:0.000196s ]

[ 2015-10-09T09:15:51+08:00 ] 127.0.0.1 /guoji/yunwang/CacheApi/?a=Get&appid=201586485090108670&m=Local&name=list&nonce_str=wl4wdpkn37jyqsz62n6hl8c8ndcctx3z&time_stamp=1444353351&version=1.0
INFO: [ app_begin ] --START--
INFO: ReadHtmlCache Behavior ::run [ RunTime:0.001102s ]
INFO: [ app_begin ] --END-- [ RunTime:0.001216s ]
NOTIC: [8] Undefined index: session_id D:\wamp\www\guoji\yunwang\ThinkPHP\Common\functions.php 第 581 行.
NOTIC: [2048] Declaration of LocalAction::Get() should be compatible with that of Action::get() D:\wamp\www\guoji\yunwang\CacheApi\Cache\Lib\Action\LocalAction.class.php 第 3 行.
SQL: SHOW COLUMNS FROM `zy_api` [ RunTime:0.003552s ]
SQL: SELECT * FROM `zy_api` WHERE ( `appid` = '201586485090108670' ) LIMIT 1   [ RunTime:0.000214s ]

[ 2015-10-09T09:25:12+08:00 ] 127.0.0.1 /guoji/yunwang/CacheApi/?a=Get&appid=201586485090108670&m=Local&name=list&nonce_str=gedbi1z2706mduhxslkh3b4357j9b4h1&time_stamp=1444353912&version=1.0
INFO: [ app_begin ] --START--
INFO: ReadHtmlCache Behavior ::run [ RunTime:0.001529s ]
INFO: [ app_begin ] --END-- [ RunTime:0.001617s ]
NOTIC: [8] Undefined index: session_id D:\wamp\www\guoji\yunwang\ThinkPHP\Common\functions.php 第 581 行.
NOTIC: [2048] Declaration of LocalAction::Get() should be compatible with that of Action::get() D:\wamp\www\guoji\yunwang\CacheApi\Cache\Lib\Action\LocalAction.class.php 第 3 行.
SQL: SHOW COLUMNS FROM `zy_api` [ RunTime:0.004388s ]
SQL: SELECT * FROM `zy_api` WHERE ( `appid` = '201586485090108670' ) LIMIT 1   [ RunTime:0.000199s ]

[ 2015-10-09T09:25:14+08:00 ] 127.0.0.1 /guoji/yunwang/CacheApi/?a=Get&appid=201586485090108670&m=Local&name=list&nonce_str=whdh41n99wok0gugbp9op08pmgbatorj&time_stamp=1444353914&version=1.0
INFO: [ app_begin ] --START--
INFO: ReadHtmlCache Behavior ::run [ RunTime:0.001534s ]
INFO: [ app_begin ] --END-- [ RunTime:0.001618s ]
NOTIC: [8] Undefined index: session_id D:\wamp\www\guoji\yunwang\ThinkPHP\Common\functions.php 第 581 行.
NOTIC: [2048] Declaration of LocalAction::Get() should be compatible with that of Action::get() D:\wamp\www\guoji\yunwang\CacheApi\Cache\Lib\Action\LocalAction.class.php 第 3 行.
SQL: SHOW COLUMNS FROM `zy_api` [ RunTime:0.004326s ]
SQL: SELECT * FROM `zy_api` WHERE ( `appid` = '201586485090108670' ) LIMIT 1   [ RunTime:0.000210s ]

[ 2015-10-09T09:25:18+08:00 ] 127.0.0.1 /guoji/yunwang/CacheApi/?a=Get&appid=201586485090108670&m=Local&name=list&nonce_str=a07te2eene0mm5cgc14tpk0zl4rdbmv5&time_stamp=1444353918&version=1.0
INFO: [ app_begin ] --START--
INFO: ReadHtmlCache Behavior ::run [ RunTime:0.001234s ]
INFO: [ app_begin ] --END-- [ RunTime:0.001411s ]
NOTIC: [8] Undefined index: session_id D:\wamp\www\guoji\yunwang\ThinkPHP\Common\functions.php 第 581 行.
NOTIC: [2048] Declaration of LocalAction::Get() should be compatible with that of Action::get() D:\wamp\www\guoji\yunwang\CacheApi\Cache\Lib\Action\LocalAction.class.php 第 3 行.
SQL: SHOW COLUMNS FROM `zy_api` [ RunTime:0.003263s ]
SQL: SELECT * FROM `zy_api` WHERE ( `appid` = '201586485090108670' ) LIMIT 1   [ RunTime:0.000172s ]

[ 2015-10-09T09:25:46+08:00 ] 127.0.0.1 /guoji/yunwang/CacheApi/?a=Get&appid=201586485090108670&m=Local&name=list&nonce_str=ofqp3txzqmc6uk1tjtev8dp64k5dr3de&time_stamp=1444353946&version=1.0
INFO: [ app_begin ] --START--
INFO: ReadHtmlCache Behavior ::run [ RunTime:0.001623s ]
INFO: [ app_begin ] --END-- [ RunTime:0.001706s ]
NOTIC: [8] Undefined index: session_id D:\wamp\www\guoji\yunwang\ThinkPHP\Common\functions.php 第 581 行.
NOTIC: [2048] Declaration of LocalAction::Get() should be compatible with that of Action::get() D:\wamp\www\guoji\yunwang\CacheApi\Cache\Lib\Action\LocalAction.class.php 第 3 行.
SQL: SHOW COLUMNS FROM `zy_api` [ RunTime:0.003344s ]
SQL: SELECT * FROM `zy_api` WHERE ( `appid` = '201586485090108670' ) LIMIT 1   [ RunTime:0.000228s ]

[ 2015-10-09T09:31:52+08:00 ] 127.0.0.1 /guoji/yunwang/CacheApi/?a=Get&appid=201586485090108670&m=Local&name=list&nonce_str=ltd3bxvbhtllpjg8vksxqkybwogvg2sd&time_stamp=1444354312&version=1.0
INFO: [ app_begin ] --START--
INFO: ReadHtmlCache Behavior ::run [ RunTime:0.001535s ]
INFO: [ app_begin ] --END-- [ RunTime:0.001663s ]
NOTIC: [8] Undefined index: session_id D:\wamp\www\guoji\yunwang\ThinkPHP\Common\functions.php 第 581 行.
NOTIC: [2048] Declaration of LocalAction::Get() should be compatible with that of Action::get() D:\wamp\www\guoji\yunwang\CacheApi\Cache\Lib\Action\LocalAction.class.php 第 3 行.
SQL: SHOW COLUMNS FROM `zy_api` [ RunTime:0.003289s ]
SQL: SELECT * FROM `zy_api` WHERE ( `appid` = '201586485090108670' ) LIMIT 1   [ RunTime:0.000267s ]

[ 2015-10-09T09:31:54+08:00 ] 127.0.0.1 /guoji/yunwang/CacheApi/?a=Get&appid=201586485090108670&m=Local&name=list&nonce_str=stlfs4ubwwst4ctkwxh7umhj4t612mnm&time_stamp=1444354314&version=1.0
INFO: [ app_begin ] --START--
INFO: ReadHtmlCache Behavior ::run [ RunTime:0.001593s ]
INFO: [ app_begin ] --END-- [ RunTime:0.001691s ]
NOTIC: [8] Undefined index: session_id D:\wamp\www\guoji\yunwang\ThinkPHP\Common\functions.php 第 581 行.
NOTIC: [2048] Declaration of LocalAction::Get() should be compatible with that of Action::get() D:\wamp\www\guoji\yunwang\CacheApi\Cache\Lib\Action\LocalAction.class.php 第 3 行.
SQL: SHOW COLUMNS FROM `zy_api` [ RunTime:0.003291s ]
SQL: SELECT * FROM `zy_api` WHERE ( `appid` = '201586485090108670' ) LIMIT 1   [ RunTime:0.000373s ]

[ 2015-10-09T09:31:55+08:00 ] 127.0.0.1 /guoji/yunwang/CacheApi/?a=Get&appid=201586485090108670&m=Local&name=detail&nonce_str=8305u62aivxn85us5syc202s9sovpc5r&time_stamp=1444354314&version=1.0
INFO: [ app_begin ] --START--
INFO: ReadHtmlCache Behavior ::run [ RunTime:0.000994s ]
INFO: [ app_begin ] --END-- [ RunTime:0.001077s ]
NOTIC: [8] Undefined index: session_id D:\wamp\www\guoji\yunwang\ThinkPHP\Common\functions.php 第 581 行.
NOTIC: [2048] Declaration of LocalAction::Get() should be compatible with that of Action::get() D:\wamp\www\guoji\yunwang\CacheApi\Cache\Lib\Action\LocalAction.class.php 第 3 行.
SQL: SHOW COLUMNS FROM `zy_api` [ RunTime:0.004601s ]
SQL: SELECT * FROM `zy_api` WHERE ( `appid` = '201586485090108670' ) LIMIT 1   [ RunTime:0.000196s ]

[ 2015-10-09T09:32:14+08:00 ] 127.0.0.1 /guoji/yunwang/CacheApi/?a=Get&appid=201586485090108670&m=Local&name=list&nonce_str=obq1gwb8tfmny1320ilju18jp2r4b626&time_stamp=1444354334&version=1.0
INFO: [ app_begin ] --START--
INFO: ReadHtmlCache Behavior ::run [ RunTime:0.000580s ]
INFO: [ app_begin ] --END-- [ RunTime:0.000667s ]
NOTIC: [8] Undefined index: session_id D:\wamp\www\guoji\yunwang\ThinkPHP\Common\functions.php 第 581 行.
NOTIC: [2048] Declaration of LocalAction::Get() should be compatible with that of Action::get() D:\wamp\www\guoji\yunwang\CacheApi\Cache\Lib\Action\LocalAction.class.php 第 3 行.
SQL: SHOW COLUMNS FROM `zy_api` [ RunTime:0.003385s ]
SQL: SELECT * FROM `zy_api` WHERE ( `appid` = '201586485090108670' ) LIMIT 1   [ RunTime:0.000179s ]

[ 2015-10-09T09:39:00+08:00 ] 127.0.0.1 /guoji/yunwang/CacheApi/?a=Get&appid=201586485090108670&m=Local&name=list&nonce_str=zymznpgp1yowmjsourti0jja33k9om4w&time_stamp=1444354740&version=1.0
INFO: [ app_begin ] --START--
INFO: ReadHtmlCache Behavior ::run [ RunTime:0.001660s ]
INFO: [ app_begin ] --END-- [ RunTime:0.001742s ]
NOTIC: [8] Undefined index: session_id D:\wamp\www\guoji\yunwang\ThinkPHP\Common\functions.php 第 581 行.
NOTIC: [2048] Declaration of LocalAction::Get() should be compatible with that of Action::get() D:\wamp\www\guoji\yunwang\CacheApi\Cache\Lib\Action\LocalAction.class.php 第 3 行.
SQL: SHOW COLUMNS FROM `zy_api` [ RunTime:0.003556s ]
SQL: SELECT * FROM `zy_api` WHERE ( `appid` = '201586485090108670' ) LIMIT 1   [ RunTime:0.000547s ]

[ 2015-10-09T09:39:01+08:00 ] 127.0.0.1 /guoji/yunwang/CacheApi/?a=Get&appid=201586485090108670&m=Local&name=list&nonce_str=pzoqu3wzpgy7bttvlcoxwprzy2npx2mm&time_stamp=1444354741&version=1.0
INFO: [ app_begin ] --START--
INFO: ReadHtmlCache Behavior ::run [ RunTime:0.001518s ]
INFO: [ app_begin ] --END-- [ RunTime:0.001599s ]
NOTIC: [8] Undefined index: session_id D:\wamp\www\guoji\yunwang\ThinkPHP\Common\functions.php 第 581 行.
NOTIC: [2048] Declaration of LocalAction::Get() should be compatible with that of Action::get() D:\wamp\www\guoji\yunwang\CacheApi\Cache\Lib\Action\LocalAction.class.php 第 3 行.
SQL: SHOW COLUMNS FROM `zy_api` [ RunTime:0.003280s ]
SQL: SELECT * FROM `zy_api` WHERE ( `appid` = '201586485090108670' ) LIMIT 1   [ RunTime:0.000303s ]

[ 2015-10-09T09:40:59+08:00 ] 127.0.0.1 /guoji/yunwang/CacheApi/?a=Get&appid=201586485090108670&m=Local&name=list&nonce_str=77cxiboo6f9i9l6ty5xr92854g12fucx&time_stamp=1444354859&version=1.0
INFO: [ app_begin ] --START--
INFO: ReadHtmlCache Behavior ::run [ RunTime:0.001917s ]
INFO: [ app_begin ] --END-- [ RunTime:0.002031s ]
NOTIC: [8] Undefined index: session_id D:\wamp\www\guoji\yunwang\ThinkPHP\Common\functions.php 第 581 行.
NOTIC: [2048] Declaration of LocalAction::Get() should be compatible with that of Action::get() D:\wamp\www\guoji\yunwang\CacheApi\Cache\Lib\Action\LocalAction.class.php 第 3 行.
SQL: SHOW COLUMNS FROM `zy_api` [ RunTime:0.004020s ]
SQL: SELECT * FROM `zy_api` WHERE ( `appid` = '201586485090108670' ) LIMIT 1   [ RunTime:0.000213s ]

[ 2015-10-09T09:50:34+08:00 ] 127.0.0.1 /guoji/yunwang/CacheApi/?a=Get&appid=201586485090108670&m=Local&name=list&nonce_str=x4t9m3s1hrna7tqgqrsbsfwgvcl44h3q&time_stamp=1444355434&version=1.0
INFO: [ app_begin ] --START--
INFO: ReadHtmlCache Behavior ::run [ RunTime:0.001534s ]
INFO: [ app_begin ] --END-- [ RunTime:0.001630s ]
NOTIC: [8] Undefined index: session_id D:\wamp\www\guoji\yunwang\ThinkPHP\Common\functions.php 第 581 行.
NOTIC: [2048] Declaration of LocalAction::Get() should be compatible with that of Action::get() D:\wamp\www\guoji\yunwang\CacheApi\Cache\Lib\Action\LocalAction.class.php 第 3 行.
SQL: SHOW COLUMNS FROM `zy_api` [ RunTime:0.003433s ]
SQL: SELECT * FROM `zy_api` WHERE ( `appid` = '201586485090108670' ) LIMIT 1   [ RunTime:0.000471s ]

[ 2015-10-09T09:50:53+08:00 ] 127.0.0.1 /guoji/yunwang/CacheApi/?a=Get&appid=201586485090108670&m=Local&name=list&nonce_str=ctktmrgswu2qo2s7xvc2lt6uwt3wa40u&time_stamp=1444355453&version=1.0
INFO: [ app_begin ] --START--
INFO: ReadHtmlCache Behavior ::run [ RunTime:0.001786s ]
INFO: [ app_begin ] --END-- [ RunTime:0.001873s ]
NOTIC: [8] Undefined index: session_id D:\wamp\www\guoji\yunwang\ThinkPHP\Common\functions.php 第 581 行.
NOTIC: [2048] Declaration of LocalAction::Get() should be compatible with that of Action::get() D:\wamp\www\guoji\yunwang\CacheApi\Cache\Lib\Action\LocalAction.class.php 第 3 行.
SQL: SHOW COLUMNS FROM `zy_api` [ RunTime:0.003563s ]
SQL: SELECT * FROM `zy_api` WHERE ( `appid` = '201586485090108670' ) LIMIT 1   [ RunTime:0.000200s ]

[ 2015-10-09T10:13:20+08:00 ] 127.0.0.1 /guoji/yunwang/CacheApi/?a=Get&appid=201586485090108670&m=Local&name=list&nonce_str=7m9h3fn736f7mns6p39mod3q6wtaj0i0&time_stamp=1444356800&version=1.0
INFO: [ app_begin ] --START--
INFO: ReadHtmlCache Behavior ::run [ RunTime:0.001230s ]
INFO: [ app_begin ] --END-- [ RunTime:0.001317s ]
NOTIC: [8] Undefined index: session_id D:\wamp\www\guoji\yunwang\ThinkPHP\Common\functions.php 第 581 行.
NOTIC: [2048] Declaration of LocalAction::Get() should be compatible with that of Action::get() D:\wamp\www\guoji\yunwang\CacheApi\Cache\Lib\Action\LocalAction.class.php 第 3 行.
SQL: SHOW COLUMNS FROM `zy_api` [ RunTime:0.004659s ]
SQL: SELECT * FROM `zy_api` WHERE ( `appid` = '201586485090108670' ) LIMIT 1   [ RunTime:0.000186s ]

[ 2015-10-09T10:13:27+08:00 ] 127.0.0.1 /guoji/yunwang/CacheApi/?a=Get&appid=201586485090108670&m=Local&name=list&nonce_str=ul80i9qavjh4oc06ygieibizq952mmep&time_stamp=1444356807&version=1.0
INFO: [ app_begin ] --START--
INFO: ReadHtmlCache Behavior ::run [ RunTime:0.001598s ]
INFO: [ app_begin ] --END-- [ RunTime:0.001676s ]
NOTIC: [8] Undefined index: session_id D:\wamp\www\guoji\yunwang\ThinkPHP\Common\functions.php 第 581 行.
NOTIC: [2048] Declaration of LocalAction::Get() should be compatible with that of Action::get() D:\wamp\www\guoji\yunwang\CacheApi\Cache\Lib\Action\LocalAction.class.php 第 3 行.
SQL: SHOW COLUMNS FROM `zy_api` [ RunTime:0.003293s ]
SQL: SELECT * FROM `zy_api` WHERE ( `appid` = '201586485090108670' ) LIMIT 1   [ RunTime:0.000177s ]

[ 2015-10-09T10:16:27+08:00 ] 127.0.0.1 /guoji/yunwang/CacheApi/?a=Get&appid=201586485090108670&m=Local&name=list&nonce_str=cyc3pl3cykijzbzfz0hs0ar2k5dpkjpe&time_stamp=1444356987&version=1.0
INFO: [ app_begin ] --START--
INFO: ReadHtmlCache Behavior ::run [ RunTime:0.001556s ]
INFO: [ app_begin ] --END-- [ RunTime:0.001657s ]
NOTIC: [8] Undefined index: session_id D:\wamp\www\guoji\yunwang\ThinkPHP\Common\functions.php 第 581 行.
NOTIC: [2048] Declaration of LocalAction::Get() should be compatible with that of Action::get() D:\wamp\www\guoji\yunwang\CacheApi\Cache\Lib\Action\LocalAction.class.php 第 3 行.
SQL: SHOW COLUMNS FROM `zy_api` [ RunTime:0.003294s ]
SQL: SELECT * FROM `zy_api` WHERE ( `appid` = '201586485090108670' ) LIMIT 1   [ RunTime:0.000183s ]

[ 2015-10-09T10:19:27+08:00 ] 127.0.0.1 /guoji/yunwang/CacheApi/?a=Get&appid=201586485090108670&m=Local&name=list&nonce_str=009rqlqyvxzgxi2rdsi7onish5f25aq1&time_stamp=1444357167&version=1.0
INFO: [ app_begin ] --START--
INFO: ReadHtmlCache Behavior ::run [ RunTime:0.001779s ]
INFO: [ app_begin ] --END-- [ RunTime:0.001856s ]
NOTIC: [8] Undefined index: session_id D:\wamp\www\guoji\yunwang\ThinkPHP\Common\functions.php 第 581 行.
NOTIC: [2048] Declaration of LocalAction::Get() should be compatible with that of Action::get() D:\wamp\www\guoji\yunwang\CacheApi\Cache\Lib\Action\LocalAction.class.php 第 3 行.
SQL: SHOW COLUMNS FROM `zy_api` [ RunTime:0.004037s ]
SQL: SELECT * FROM `zy_api` WHERE ( `appid` = '201586485090108670' ) LIMIT 1   [ RunTime:0.000225s ]

[ 2015-10-09T10:20:40+08:00 ] 127.0.0.1 /guoji/yunwang/CacheApi/?a=Get&appid=201586485090108670&m=Local&name=list&nonce_str=uhffodrkci8i6aqyiwn7yzjxnt23baff&time_stamp=1444357240&version=1.0
INFO: [ app_begin ] --START--
INFO: ReadHtmlCache Behavior ::run [ RunTime:0.001375s ]
INFO: [ app_begin ] --END-- [ RunTime:0.001450s ]
NOTIC: [8] Undefined index: session_id D:\wamp\www\guoji\yunwang\ThinkPHP\Common\functions.php 第 581 行.
NOTIC: [2048] Declaration of LocalAction::Get() should be compatible with that of Action::get() D:\wamp\www\guoji\yunwang\CacheApi\Cache\Lib\Action\LocalAction.class.php 第 3 行.
SQL: SHOW COLUMNS FROM `zy_api` [ RunTime:0.003461s ]
SQL: SELECT * FROM `zy_api` WHERE ( `appid` = '201586485090108670' ) LIMIT 1   [ RunTime:0.000179s ]

[ 2015-10-09T10:21:07+08:00 ] 127.0.0.1 /guoji/yunwang/CacheApi/?a=Get&appid=201586485090108670&m=Local&name=list&nonce_str=23fy5y7vpwzc6ht29txohzqsogan4loj&time_stamp=1444357267&version=1.0
INFO: [ app_begin ] --START--
INFO: ReadHtmlCache Behavior ::run [ RunTime:0.001778s ]
INFO: [ app_begin ] --END-- [ RunTime:0.001870s ]
NOTIC: [8] Undefined index: session_id D:\wamp\www\guoji\yunwang\ThinkPHP\Common\functions.php 第 581 行.
NOTIC: [2048] Declaration of LocalAction::Get() should be compatible with that of Action::get() D:\wamp\www\guoji\yunwang\CacheApi\Cache\Lib\Action\LocalAction.class.php 第 3 行.
SQL: SHOW COLUMNS FROM `zy_api` [ RunTime:0.003541s ]
SQL: SELECT * FROM `zy_api` WHERE ( `appid` = '201586485090108670' ) LIMIT 1   [ RunTime:0.000187s ]

[ 2015-10-09T10:22:01+08:00 ] 127.0.0.1 /guoji/yunwang/CacheApi/?a=Get&appid=201586485090108670&m=Local&name=list&nonce_str=h6njdlub8vl4w8ceioztydbcgvkhhyic&time_stamp=1444357321&version=1.0
INFO: [ app_begin ] --START--
INFO: ReadHtmlCache Behavior ::run [ RunTime:0.001764s ]
INFO: [ app_begin ] --END-- [ RunTime:0.001848s ]
NOTIC: [8] Undefined index: session_id D:\wamp\www\guoji\yunwang\ThinkPHP\Common\functions.php 第 581 行.
NOTIC: [2048] Declaration of LocalAction::Get() should be compatible with that of Action::get() D:\wamp\www\guoji\yunwang\CacheApi\Cache\Lib\Action\LocalAction.class.php 第 3 行.
SQL: SHOW COLUMNS FROM `zy_api` [ RunTime:0.003754s ]
SQL: SELECT * FROM `zy_api` WHERE ( `appid` = '201586485090108670' ) LIMIT 1   [ RunTime:0.000188s ]

[ 2015-10-09T12:53:45+08:00 ] 127.0.0.1 /guoji/yunwang/CacheApi/?a=Get&appid=201586485090108670&m=Local&name=list&nonce_str=qmz72ppl331kwyzx1ve85gp3te40yrqc&time_stamp=1444366425&version=1.0
INFO: [ app_begin ] --START--
INFO: ReadHtmlCache Behavior ::run [ RunTime:0.001937s ]
INFO: [ app_begin ] --END-- [ RunTime:0.002114s ]
NOTIC: [8] Undefined index: session_id D:\wamp\www\guoji\yunwang\ThinkPHP\Common\functions.php 第 581 行.
NOTIC: [2048] Declaration of LocalAction::Get() should be compatible with that of Action::get() D:\wamp\www\guoji\yunwang\CacheApi\Cache\Lib\Action\LocalAction.class.php 第 3 行.
SQL: SHOW COLUMNS FROM `zy_api` [ RunTime:0.004153s ]
SQL: SELECT * FROM `zy_api` WHERE ( `appid` = '201586485090108670' ) LIMIT 1   [ RunTime:0.000226s ]

[ 2015-10-09T12:53:59+08:00 ] 127.0.0.1 /guoji/yunwang/CacheApi/?a=Get&appid=201586485090108670&m=Local&name=list&nonce_str=qowegyjgssezo8dj3cf2xaj9g8g3j49r&time_stamp=1444366438&version=1.0
INFO: [ app_begin ] --START--
INFO: ReadHtmlCache Behavior ::run [ RunTime:0.001736s ]
INFO: [ app_begin ] --END-- [ RunTime:0.001914s ]
NOTIC: [8] Undefined index: session_id D:\wamp\www\guoji\yunwang\ThinkPHP\Common\functions.php 第 581 行.
NOTIC: [2048] Declaration of LocalAction::Get() should be compatible with that of Action::get() D:\wamp\www\guoji\yunwang\CacheApi\Cache\Lib\Action\LocalAction.class.php 第 3 行.
SQL: SHOW COLUMNS FROM `zy_api` [ RunTime:0.005980s ]
SQL: SELECT * FROM `zy_api` WHERE ( `appid` = '201586485090108670' ) LIMIT 1   [ RunTime:0.000183s ]

[ 2015-10-09T12:54:09+08:00 ] 127.0.0.1 /guoji/yunwang/CacheApi/?a=Get&appid=201586485090108670&m=Local&name=list&nonce_str=29z978uaz4d9v57mq8zplyfr6pj7js8x&time_stamp=1444366449&version=1.0
INFO: [ app_begin ] --START--
INFO: ReadHtmlCache Behavior ::run [ RunTime:0.001625s ]
INFO: [ app_begin ] --END-- [ RunTime:0.001710s ]
NOTIC: [8] Undefined index: session_id D:\wamp\www\guoji\yunwang\ThinkPHP\Common\functions.php 第 581 行.
NOTIC: [2048] Declaration of LocalAction::Get() should be compatible with that of Action::get() D:\wamp\www\guoji\yunwang\CacheApi\Cache\Lib\Action\LocalAction.class.php 第 3 行.
SQL: SHOW COLUMNS FROM `zy_api` [ RunTime:0.003441s ]
SQL: SELECT * FROM `zy_api` WHERE ( `appid` = '201586485090108670' ) LIMIT 1   [ RunTime:0.000185s ]

[ 2015-10-09T12:54:11+08:00 ] 127.0.0.1 /guoji/yunwang/CacheApi/?a=Get&appid=201586485090108670&m=Local&name=list&nonce_str=51lhdtsukhsen216tu61re9l1qkcbss7&time_stamp=1444366451&version=1.0
INFO: [ app_begin ] --START--
INFO: ReadHtmlCache Behavior ::run [ RunTime:0.001952s ]
INFO: [ app_begin ] --END-- [ RunTime:0.002229s ]
NOTIC: [8] Undefined index: session_id D:\wamp\www\guoji\yunwang\ThinkPHP\Common\functions.php 第 581 行.
NOTIC: [2048] Declaration of LocalAction::Get() should be compatible with that of Action::get() D:\wamp\www\guoji\yunwang\CacheApi\Cache\Lib\Action\LocalAction.class.php 第 3 行.
SQL: SHOW COLUMNS FROM `zy_api` [ RunTime:0.004326s ]
SQL: SELECT * FROM `zy_api` WHERE ( `appid` = '201586485090108670' ) LIMIT 1   [ RunTime:0.000251s ]

[ 2015-10-09T12:54:35+08:00 ] 127.0.0.1 /guoji/yunwang/CacheApi/?a=Get&appid=201586485090108670&m=Local&name=list&nonce_str=ritmb5t08x7p0mievxmmxh94gbhi0oed&time_stamp=1444366475&version=1.0
INFO: [ app_begin ] --START--
INFO: ReadHtmlCache Behavior ::run [ RunTime:0.003373s ]
INFO: [ app_begin ] --END-- [ RunTime:0.003772s ]
NOTIC: [8] Undefined index: session_id D:\wamp\www\guoji\yunwang\ThinkPHP\Common\functions.php 第 581 行.
NOTIC: [2048] Declaration of LocalAction::Get() should be compatible with that of Action::get() D:\wamp\www\guoji\yunwang\CacheApi\Cache\Lib\Action\LocalAction.class.php 第 3 行.
SQL: SHOW COLUMNS FROM `zy_api` [ RunTime:0.005105s ]
SQL: SELECT * FROM `zy_api` WHERE ( `appid` = '201586485090108670' ) LIMIT 1   [ RunTime:0.001394s ]

[ 2015-10-09T12:58:16+08:00 ] 127.0.0.1 /guoji/yunwang/CacheApi/?a=Get&appid=201586485090108670&m=Local&name=list&nonce_str=9qrbp18u71d4xz1b42b0t9xlkivfpueq&time_stamp=1444366696&version=1.0
INFO: [ app_begin ] --START--
INFO: ReadHtmlCache Behavior ::run [ RunTime:0.001928s ]
INFO: [ app_begin ] --END-- [ RunTime:0.002080s ]
NOTIC: [8] Undefined index: session_id D:\wamp\www\guoji\yunwang\ThinkPHP\Common\functions.php 第 581 行.
NOTIC: [2048] Declaration of LocalAction::Get() should be compatible with that of Action::get() D:\wamp\www\guoji\yunwang\CacheApi\Cache\Lib\Action\LocalAction.class.php 第 3 行.
SQL: SHOW COLUMNS FROM `zy_api` [ RunTime:0.003654s ]
SQL: SELECT * FROM `zy_api` WHERE ( `appid` = '201586485090108670' ) LIMIT 1   [ RunTime:0.000244s ]

[ 2015-10-09T12:58:31+08:00 ] 127.0.0.1 /guoji/yunwang/CacheApi/?a=Get&appid=201586485090108670&m=Local&name=list&nonce_str=ygf3nthywlyi3899z5tvozo5uic97i0y&time_stamp=1444366711&version=1.0
INFO: [ app_begin ] --START--
INFO: ReadHtmlCache Behavior ::run [ RunTime:0.002565s ]
INFO: [ app_begin ] --END-- [ RunTime:0.002886s ]
NOTIC: [8] Undefined index: session_id D:\wamp\www\guoji\yunwang\ThinkPHP\Common\functions.php 第 581 行.
NOTIC: [2048] Declaration of LocalAction::Get() should be compatible with that of Action::get() D:\wamp\www\guoji\yunwang\CacheApi\Cache\Lib\Action\LocalAction.class.php 第 3 行.
SQL: SHOW COLUMNS FROM `zy_api` [ RunTime:0.008515s ]
SQL: SELECT * FROM `zy_api` WHERE ( `appid` = '201586485090108670' ) LIMIT 1   [ RunTime:0.000859s ]

[ 2015-10-09T12:58:35+08:00 ] 127.0.0.1 /guoji/yunwang/CacheApi/?a=Get&appid=201586485090108670&m=Local&name=list&nonce_str=902mcslaxmm9drh9uw1xbpbbci5928d7&time_stamp=1444366715&version=1.0
INFO: [ app_begin ] --START--
INFO: ReadHtmlCache Behavior ::run [ RunTime:0.001633s ]
INFO: [ app_begin ] --END-- [ RunTime:0.001845s ]
NOTIC: [8] Undefined index: session_id D:\wamp\www\guoji\yunwang\ThinkPHP\Common\functions.php 第 581 行.
NOTIC: [2048] Declaration of LocalAction::Get() should be compatible with that of Action::get() D:\wamp\www\guoji\yunwang\CacheApi\Cache\Lib\Action\LocalAction.class.php 第 3 行.
SQL: SHOW COLUMNS FROM `zy_api` [ RunTime:0.008893s ]
SQL: SELECT * FROM `zy_api` WHERE ( `appid` = '201586485090108670' ) LIMIT 1   [ RunTime:0.001559s ]

[ 2015-10-09T12:59:02+08:00 ] 127.0.0.1 /guoji/yunwang/CacheApi/?a=Get&appid=201586485090108670&m=Local&name=list&nonce_str=6ly6j00ymci27xmk1bi4zz0x4coc7bsk&time_stamp=1444366742&version=1.0
INFO: [ app_begin ] --START--
INFO: ReadHtmlCache Behavior ::run [ RunTime:0.001834s ]
INFO: [ app_begin ] --END-- [ RunTime:0.001933s ]
NOTIC: [8] Undefined index: session_id D:\wamp\www\guoji\yunwang\ThinkPHP\Common\functions.php 第 581 行.
NOTIC: [2048] Declaration of LocalAction::Get() should be compatible with that of Action::get() D:\wamp\www\guoji\yunwang\CacheApi\Cache\Lib\Action\LocalAction.class.php 第 3 行.
SQL: SHOW COLUMNS FROM `zy_api` [ RunTime:0.003875s ]
SQL: SELECT * FROM `zy_api` WHERE ( `appid` = '201586485090108670' ) LIMIT 1   [ RunTime:0.000320s ]

[ 2015-10-09T12:59:10+08:00 ] 127.0.0.1 /guoji/yunwang/CacheApi/?a=Get&appid=201586485090108670&m=Local&name=list&nonce_str=gnmynnnej4iictmxyyo7xiorknj74o1l&time_stamp=1444366750&version=1.0
INFO: [ app_begin ] --START--
INFO: ReadHtmlCache Behavior ::run [ RunTime:0.001574s ]
INFO: [ app_begin ] --END-- [ RunTime:0.001665s ]
NOTIC: [8] Undefined index: session_id D:\wamp\www\guoji\yunwang\ThinkPHP\Common\functions.php 第 581 行.
NOTIC: [2048] Declaration of LocalAction::Get() should be compatible with that of Action::get() D:\wamp\www\guoji\yunwang\CacheApi\Cache\Lib\Action\LocalAction.class.php 第 3 行.
SQL: SHOW COLUMNS FROM `zy_api` [ RunTime:0.004685s ]
SQL: SELECT * FROM `zy_api` WHERE ( `appid` = '201586485090108670' ) LIMIT 1   [ RunTime:0.000158s ]

[ 2015-10-09T13:03:57+08:00 ] 127.0.0.1 /guoji/yunwang/CacheApi/?a=Get&appid=201586485090108670&m=Local&name=list&nonce_str=rbedbkjht9sc3pst5j9v7o91xq4qj9zt&time_stamp=1444367037&version=1.0
INFO: [ app_begin ] --START--
INFO: ReadHtmlCache Behavior ::run [ RunTime:0.001781s ]
INFO: [ app_begin ] --END-- [ RunTime:0.001867s ]
NOTIC: [8] Undefined index: session_id D:\wamp\www\guoji\yunwang\ThinkPHP\Common\functions.php 第 581 行.
NOTIC: [2048] Declaration of LocalAction::Get() should be compatible with that of Action::get() D:\wamp\www\guoji\yunwang\CacheApi\Cache\Lib\Action\LocalAction.class.php 第 3 行.
SQL: SHOW COLUMNS FROM `zy_api` [ RunTime:0.005277s ]
SQL: SELECT * FROM `zy_api` WHERE ( `appid` = '201586485090108670' ) LIMIT 1   [ RunTime:0.000282s ]

[ 2015-10-09T13:04:10+08:00 ] 127.0.0.1 /guoji/yunwang/CacheApi/?a=Get&appid=201586485090108670&m=Local&name=list&nonce_str=1fo12x2b8i7h9eja1cgq2fhcbe48ddzg&time_stamp=1444367050&version=1.0
INFO: [ app_begin ] --START--
INFO: ReadHtmlCache Behavior ::run [ RunTime:0.001671s ]
INFO: [ app_begin ] --END-- [ RunTime:0.001780s ]
NOTIC: [8] Undefined index: session_id D:\wamp\www\guoji\yunwang\ThinkPHP\Common\functions.php 第 581 行.
NOTIC: [2048] Declaration of LocalAction::Get() should be compatible with that of Action::get() D:\wamp\www\guoji\yunwang\CacheApi\Cache\Lib\Action\LocalAction.class.php 第 3 行.
SQL: SHOW COLUMNS FROM `zy_api` [ RunTime:0.005433s ]
SQL: SELECT * FROM `zy_api` WHERE ( `appid` = '201586485090108670' ) LIMIT 1   [ RunTime:0.000258s ]

[ 2015-10-09T13:04:53+08:00 ] 127.0.0.1 /guoji/yunwang/CacheApi/?a=Get&appid=201586485090108670&m=Local&name=list&nonce_str=ra6mxhx1y7octonayi0vw76vepzo687t&time_stamp=1444367093&version=1.0
INFO: [ app_begin ] --START--
INFO: ReadHtmlCache Behavior ::run [ RunTime:0.001451s ]
INFO: [ app_begin ] --END-- [ RunTime:0.001544s ]
NOTIC: [8] Undefined index: session_id D:\wamp\www\guoji\yunwang\ThinkPHP\Common\functions.php 第 581 行.
NOTIC: [2048] Declaration of LocalAction::Get() should be compatible with that of Action::get() D:\wamp\www\guoji\yunwang\CacheApi\Cache\Lib\Action\LocalAction.class.php 第 3 行.
SQL: SHOW COLUMNS FROM `zy_api` [ RunTime:0.009140s ]
SQL: SELECT * FROM `zy_api` WHERE ( `appid` = '201586485090108670' ) LIMIT 1   [ RunTime:0.000220s ]

[ 2015-10-09T13:08:02+08:00 ] 127.0.0.1 /guoji/yunwang/CacheApi/?a=Get&appid=201586485090108670&m=Local&name=list&nonce_str=rw5wnngmmmyths3x69i8dfwcb1gschpu&time_stamp=1444367282&version=1.0
INFO: [ app_begin ] --START--
INFO: ReadHtmlCache Behavior ::run [ RunTime:0.001780s ]
INFO: [ app_begin ] --END-- [ RunTime:0.001867s ]
NOTIC: [8] Undefined index: session_id D:\wamp\www\guoji\yunwang\ThinkPHP\Common\functions.php 第 581 行.
NOTIC: [2048] Declaration of LocalAction::Get() should be compatible with that of Action::get() D:\wamp\www\guoji\yunwang\CacheApi\Cache\Lib\Action\LocalAction.class.php 第 3 行.
SQL: SHOW COLUMNS FROM `zy_api` [ RunTime:0.003605s ]
SQL: SELECT * FROM `zy_api` WHERE ( `appid` = '201586485090108670' ) LIMIT 1   [ RunTime:0.000644s ]

[ 2015-10-09T13:08:16+08:00 ] 127.0.0.1 /guoji/yunwang/CacheApi/?a=Get&appid=201586485090108670&m=Local&name=list&nonce_str=tt1lc47z73r11uhtx0vfazhiihjebbuj&time_stamp=1444367295&version=1.0
INFO: [ app_begin ] --START--
INFO: ReadHtmlCache Behavior ::run [ RunTime:0.001866s ]
INFO: [ app_begin ] --END-- [ RunTime:0.001958s ]
NOTIC: [8] Undefined index: session_id D:\wamp\www\guoji\yunwang\ThinkPHP\Common\functions.php 第 581 行.
NOTIC: [2048] Declaration of LocalAction::Get() should be compatible with that of Action::get() D:\wamp\www\guoji\yunwang\CacheApi\Cache\Lib\Action\LocalAction.class.php 第 3 行.
SQL: SHOW COLUMNS FROM `zy_api` [ RunTime:0.003656s ]
SQL: SELECT * FROM `zy_api` WHERE ( `appid` = '201586485090108670' ) LIMIT 1   [ RunTime:0.000157s ]

[ 2015-10-09T13:08:56+08:00 ] 127.0.0.1 /guoji/yunwang/CacheApi/?a=Get&appid=201586485090108670&m=Local&name=list&nonce_str=bv7gthoxco5wsu9dm36ox4evpsro11d6&time_stamp=1444367336&version=1.0
INFO: [ app_begin ] --START--
INFO: ReadHtmlCache Behavior ::run [ RunTime:0.001449s ]
INFO: [ app_begin ] --END-- [ RunTime:0.001544s ]
NOTIC: [8] Undefined index: session_id D:\wamp\www\guoji\yunwang\ThinkPHP\Common\functions.php 第 581 行.
NOTIC: [2048] Declaration of LocalAction::Get() should be compatible with that of Action::get() D:\wamp\www\guoji\yunwang\CacheApi\Cache\Lib\Action\LocalAction.class.php 第 3 行.
SQL: SHOW COLUMNS FROM `zy_api` [ RunTime:0.004924s ]
SQL: SELECT * FROM `zy_api` WHERE ( `appid` = '201586485090108670' ) LIMIT 1   [ RunTime:0.000635s ]

[ 2015-10-09T13:09:19+08:00 ] 127.0.0.1 /guoji/yunwang/CacheApi/?a=Get&appid=201586485090108670&m=Local&name=list&nonce_str=5ecq9r8bagd89ymg80fld0drhsu1ms4u&time_stamp=1444367359&version=1.0
INFO: [ app_begin ] --START--
INFO: ReadHtmlCache Behavior ::run [ RunTime:0.003005s ]
INFO: [ app_begin ] --END-- [ RunTime:0.003392s ]
NOTIC: [8] Undefined index: session_id D:\wamp\www\guoji\yunwang\ThinkPHP\Common\functions.php 第 581 行.
NOTIC: [2048] Declaration of LocalAction::Get() should be compatible with that of Action::get() D:\wamp\www\guoji\yunwang\CacheApi\Cache\Lib\Action\LocalAction.class.php 第 3 行.
SQL: SHOW COLUMNS FROM `zy_api` [ RunTime:0.005729s ]
SQL: SELECT * FROM `zy_api` WHERE ( `appid` = '201586485090108670' ) LIMIT 1   [ RunTime:0.000221s ]

[ 2015-10-09T13:09:35+08:00 ] 127.0.0.1 /guoji/yunwang/CacheApi/?a=Get&appid=201586485090108670&m=Local&name=list&nonce_str=nat41wqaafy8b9gdbmp414fqg2ijc7jm&time_stamp=1444367375&version=1.0
INFO: [ app_begin ] --START--
INFO: ReadHtmlCache Behavior ::run [ RunTime:0.003741s ]
INFO: [ app_begin ] --END-- [ RunTime:0.004324s ]
NOTIC: [8] Undefined index: session_id D:\wamp\www\guoji\yunwang\ThinkPHP\Common\functions.php 第 581 行.
NOTIC: [2048] Declaration of LocalAction::Get() should be compatible with that of Action::get() D:\wamp\www\guoji\yunwang\CacheApi\Cache\Lib\Action\LocalAction.class.php 第 3 行.
SQL: SHOW COLUMNS FROM `zy_api` [ RunTime:0.006728s ]
SQL: SELECT * FROM `zy_api` WHERE ( `appid` = '201586485090108670' ) LIMIT 1   [ RunTime:0.000946s ]

[ 2015-10-09T13:09:54+08:00 ] 127.0.0.1 /guoji/yunwang/CacheApi/?a=Get&appid=201586485090108670&m=Local&name=list&nonce_str=0c4n5i7kvkfizk3hpw697ovfahau9zcq&time_stamp=1444367394&version=1.0
INFO: [ app_begin ] --START--
INFO: ReadHtmlCache Behavior ::run [ RunTime:0.000557s ]
INFO: [ app_begin ] --END-- [ RunTime:0.000646s ]
NOTIC: [8] Undefined index: session_id D:\wamp\www\guoji\yunwang\ThinkPHP\Common\functions.php 第 581 行.
NOTIC: [2048] Declaration of LocalAction::Get() should be compatible with that of Action::get() D:\wamp\www\guoji\yunwang\CacheApi\Cache\Lib\Action\LocalAction.class.php 第 3 行.
SQL: SHOW COLUMNS FROM `zy_api` [ RunTime:0.005925s ]
SQL: SELECT * FROM `zy_api` WHERE ( `appid` = '201586485090108670' ) LIMIT 1   [ RunTime:0.000936s ]

[ 2015-10-09T13:10:35+08:00 ] 127.0.0.1 /guoji/yunwang/CacheApi/?a=Get&appid=201586485090108670&m=Local&name=list&nonce_str=npv449jzxue5sbtnsfwbljvgzasbx84q&time_stamp=1444367435&version=1.0
INFO: [ app_begin ] --START--
INFO: ReadHtmlCache Behavior ::run [ RunTime:0.001884s ]
INFO: [ app_begin ] --END-- [ RunTime:0.001992s ]
NOTIC: [8] Undefined index: session_id D:\wamp\www\guoji\yunwang\ThinkPHP\Common\functions.php 第 581 行.
NOTIC: [2048] Declaration of LocalAction::Get() should be compatible with that of Action::get() D:\wamp\www\guoji\yunwang\CacheApi\Cache\Lib\Action\LocalAction.class.php 第 3 行.
SQL: SHOW COLUMNS FROM `zy_api` [ RunTime:0.003717s ]
SQL: SELECT * FROM `zy_api` WHERE ( `appid` = '201586485090108670' ) LIMIT 1   [ RunTime:0.000653s ]

[ 2015-10-09T13:13:16+08:00 ] 127.0.0.1 /guoji/yunwang/CacheApi/?a=Get&appid=201586485090108670&m=Local&name=list&nonce_str=gs1h6dy2c2ail41gm4aksv27093vjxzy&time_stamp=1444367596&version=1.0
INFO: [ app_begin ] --START--
INFO: ReadHtmlCache Behavior ::run [ RunTime:0.001856s ]
INFO: [ app_begin ] --END-- [ RunTime:0.001945s ]
NOTIC: [8] Undefined index: session_id D:\wamp\www\guoji\yunwang\ThinkPHP\Common\functions.php 第 581 行.
NOTIC: [2048] Declaration of LocalAction::Get() should be compatible with that of Action::get() D:\wamp\www\guoji\yunwang\CacheApi\Cache\Lib\Action\LocalAction.class.php 第 3 行.
SQL: SHOW COLUMNS FROM `zy_api` [ RunTime:0.004191s ]
SQL: SELECT * FROM `zy_api` WHERE ( `appid` = '201586485090108670' ) LIMIT 1   [ RunTime:0.000255s ]

[ 2015-10-09T13:13:34+08:00 ] 127.0.0.1 /guoji/yunwang/CacheApi/?a=Get&appid=201586485090108670&m=Local&name=list&nonce_str=2cmiobhggzkrg32nwk98xvfq8o647q5b&time_stamp=1444367614&version=1.0
INFO: [ app_begin ] --START--
INFO: ReadHtmlCache Behavior ::run [ RunTime:0.002241s ]
INFO: [ app_begin ] --END-- [ RunTime:0.002526s ]
NOTIC: [8] Undefined index: session_id D:\wamp\www\guoji\yunwang\ThinkPHP\Common\functions.php 第 581 行.
NOTIC: [2048] Declaration of LocalAction::Get() should be compatible with that of Action::get() D:\wamp\www\guoji\yunwang\CacheApi\Cache\Lib\Action\LocalAction.class.php 第 3 行.
SQL: SHOW COLUMNS FROM `zy_api` [ RunTime:0.004545s ]
SQL: SELECT * FROM `zy_api` WHERE ( `appid` = '201586485090108670' ) LIMIT 1   [ RunTime:0.001617s ]

[ 2015-10-09T13:13:58+08:00 ] 127.0.0.1 /guoji/yunwang/CacheApi/?a=Get&appid=201586485090108670&m=Local&name=list&nonce_str=li4lkggrzlbkfwhoqb38cvvgoyhke5f9&time_stamp=1444367638&version=1.0
INFO: [ app_begin ] --START--
INFO: ReadHtmlCache Behavior ::run [ RunTime:0.002057s ]
INFO: [ app_begin ] --END-- [ RunTime:0.002198s ]
NOTIC: [8] Undefined index: session_id D:\wamp\www\guoji\yunwang\ThinkPHP\Common\functions.php 第 581 行.
NOTIC: [2048] Declaration of LocalAction::Get() should be compatible with that of Action::get() D:\wamp\www\guoji\yunwang\CacheApi\Cache\Lib\Action\LocalAction.class.php 第 3 行.
SQL: SHOW COLUMNS FROM `zy_api` [ RunTime:0.003843s ]
SQL: SELECT * FROM `zy_api` WHERE ( `appid` = '201586485090108670' ) LIMIT 1   [ RunTime:0.000220s ]

[ 2015-10-09T13:15:58+08:00 ] 127.0.0.1 /guoji/yunwang/CacheApi/?a=Get&appid=201586485090108670&m=Local&name=list&nonce_str=dox1pfs9zkllwmfxjh1ki14ilf6js1fl&time_stamp=1444367758&version=1.0
INFO: [ app_begin ] --START--
INFO: ReadHtmlCache Behavior ::run [ RunTime:0.001900s ]
INFO: [ app_begin ] --END-- [ RunTime:0.002003s ]
NOTIC: [8] Undefined index: session_id D:\wamp\www\guoji\yunwang\ThinkPHP\Common\functions.php 第 581 行.
NOTIC: [2048] Declaration of LocalAction::Get() should be compatible with that of Action::get() D:\wamp\www\guoji\yunwang\CacheApi\Cache\Lib\Action\LocalAction.class.php 第 3 行.
SQL: SHOW COLUMNS FROM `zy_api` [ RunTime:0.003580s ]
SQL: SELECT * FROM `zy_api` WHERE ( `appid` = '201586485090108670' ) LIMIT 1   [ RunTime:0.000196s ]

[ 2015-10-09T13:16:36+08:00 ] 127.0.0.1 /guoji/yunwang/CacheApi/?a=Get&appid=201586485090108670&m=Local&name=list&nonce_str=g158sbl4c30ertn1qka6elmuamrwnxuu&time_stamp=1444367796&version=1.0
INFO: [ app_begin ] --START--
INFO: ReadHtmlCache Behavior ::run [ RunTime:0.001227s ]
INFO: [ app_begin ] --END-- [ RunTime:0.001310s ]
NOTIC: [8] Undefined index: session_id D:\wamp\www\guoji\yunwang\ThinkPHP\Common\functions.php 第 581 行.
NOTIC: [2048] Declaration of LocalAction::Get() should be compatible with that of Action::get() D:\wamp\www\guoji\yunwang\CacheApi\Cache\Lib\Action\LocalAction.class.php 第 3 行.
SQL: SHOW COLUMNS FROM `zy_api` [ RunTime:0.004142s ]
SQL: SELECT * FROM `zy_api` WHERE ( `appid` = '201586485090108670' ) LIMIT 1   [ RunTime:0.000191s ]

[ 2015-10-09T13:23:56+08:00 ] 127.0.0.1 /guoji/yunwang/CacheApi/?a=Get&appid=201586485090108670&m=Local&name=list&nonce_str=vgkraxtzmcuhrvwoauhzshm964eyu7nt&time_stamp=1444368236&version=1.0
INFO: [ app_begin ] --START--
INFO: ReadHtmlCache Behavior ::run [ RunTime:0.001805s ]
INFO: [ app_begin ] --END-- [ RunTime:0.001890s ]
NOTIC: [8] Undefined index: session_id D:\wamp\www\guoji\yunwang\ThinkPHP\Common\functions.php 第 581 行.
NOTIC: [2048] Declaration of LocalAction::Get() should be compatible with that of Action::get() D:\wamp\www\guoji\yunwang\CacheApi\Cache\Lib\Action\LocalAction.class.php 第 3 行.
SQL: SHOW COLUMNS FROM `zy_api` [ RunTime:0.003505s ]
SQL: SELECT * FROM `zy_api` WHERE ( `appid` = '201586485090108670' ) LIMIT 1   [ RunTime:0.000172s ]

[ 2015-10-09T13:24:30+08:00 ] 127.0.0.1 /guoji/yunwang/CacheApi/?a=Get&appid=201586485090108670&m=Local&name=list&nonce_str=ezc34ibq487z0r5wvi28vjf37mcwtkdx&time_stamp=1444368270&version=1.0
INFO: [ app_begin ] --START--
INFO: ReadHtmlCache Behavior ::run [ RunTime:0.002285s ]
INFO: [ app_begin ] --END-- [ RunTime:0.002546s ]
NOTIC: [8] Undefined index: session_id D:\wamp\www\guoji\yunwang\ThinkPHP\Common\functions.php 第 581 行.
NOTIC: [2048] Declaration of LocalAction::Get() should be compatible with that of Action::get() D:\wamp\www\guoji\yunwang\CacheApi\Cache\Lib\Action\LocalAction.class.php 第 3 行.
SQL: SHOW COLUMNS FROM `zy_api` [ RunTime:0.004741s ]
SQL: SELECT * FROM `zy_api` WHERE ( `appid` = '201586485090108670' ) LIMIT 1   [ RunTime:0.000446s ]

[ 2015-10-09T13:24:54+08:00 ] 127.0.0.1 /guoji/yunwang/CacheApi/?a=Get&appid=201586485090108670&m=Local&name=list&nonce_str=suynlx0jegcexuczsv4d34dwiyvsf8m4&time_stamp=1444368294&version=1.0
INFO: [ app_begin ] --START--
INFO: ReadHtmlCache Behavior ::run [ RunTime:0.001851s ]
INFO: [ app_begin ] --END-- [ RunTime:0.002113s ]
NOTIC: [8] Undefined index: session_id D:\wamp\www\guoji\yunwang\ThinkPHP\Common\functions.php 第 581 行.
NOTIC: [2048] Declaration of LocalAction::Get() should be compatible with that of Action::get() D:\wamp\www\guoji\yunwang\CacheApi\Cache\Lib\Action\LocalAction.class.php 第 3 行.
SQL: SHOW COLUMNS FROM `zy_api` [ RunTime:0.003816s ]
SQL: SELECT * FROM `zy_api` WHERE ( `appid` = '201586485090108670' ) LIMIT 1   [ RunTime:0.000229s ]

[ 2015-10-09T13:25:12+08:00 ] 127.0.0.1 /guoji/yunwang/CacheApi/?a=Get&appid=201586485090108670&m=Local&name=list&nonce_str=m7sec0gjr6hz99cxhy429ks4uy7ibtys&time_stamp=1444368312&version=1.0
INFO: [ app_begin ] --START--
INFO: ReadHtmlCache Behavior ::run [ RunTime:0.001445s ]
INFO: [ app_begin ] --END-- [ RunTime:0.001542s ]
NOTIC: [8] Undefined index: session_id D:\wamp\www\guoji\yunwang\ThinkPHP\Common\functions.php 第 581 行.
NOTIC: [2048] Declaration of LocalAction::Get() should be compatible with that of Action::get() D:\wamp\www\guoji\yunwang\CacheApi\Cache\Lib\Action\LocalAction.class.php 第 3 行.
SQL: SHOW COLUMNS FROM `zy_api` [ RunTime:0.004767s ]
SQL: SELECT * FROM `zy_api` WHERE ( `appid` = '201586485090108670' ) LIMIT 1   [ RunTime:0.000627s ]

[ 2015-10-09T13:25:27+08:00 ] 127.0.0.1 /guoji/yunwang/CacheApi/?a=Get&appid=201586485090108670&m=Local&name=list&nonce_str=qpmy0hmke4rp6p75kgwzgpacwhtsiyoi&time_stamp=1444368327&version=1.0
INFO: [ app_begin ] --START--
INFO: ReadHtmlCache Behavior ::run [ RunTime:0.001851s ]
INFO: [ app_begin ] --END-- [ RunTime:0.002048s ]
NOTIC: [8] Undefined index: session_id D:\wamp\www\guoji\yunwang\ThinkPHP\Common\functions.php 第 581 行.
NOTIC: [2048] Declaration of LocalAction::Get() should be compatible with that of Action::get() D:\wamp\www\guoji\yunwang\CacheApi\Cache\Lib\Action\LocalAction.class.php 第 3 行.
SQL: SHOW COLUMNS FROM `zy_api` [ RunTime:0.003669s ]
SQL: SELECT * FROM `zy_api` WHERE ( `appid` = '201586485090108670' ) LIMIT 1   [ RunTime:0.000571s ]

[ 2015-10-09T13:26:34+08:00 ] 127.0.0.1 /guoji/yunwang/CacheApi/?a=Get&appid=201586485090108670&m=Local&name=list&nonce_str=3omv0wqkjzm319wwnzk3hxl3wr35o5nf&time_stamp=1444368394&version=1.0
INFO: [ app_begin ] --START--
INFO: ReadHtmlCache Behavior ::run [ RunTime:0.002586s ]
INFO: [ app_begin ] --END-- [ RunTime:0.002817s ]
NOTIC: [8] Undefined index: session_id D:\wamp\www\guoji\yunwang\ThinkPHP\Common\functions.php 第 581 行.
NOTIC: [2048] Declaration of LocalAction::Get() should be compatible with that of Action::get() D:\wamp\www\guoji\yunwang\CacheApi\Cache\Lib\Action\LocalAction.class.php 第 3 行.
SQL: SHOW COLUMNS FROM `zy_api` [ RunTime:0.003568s ]
SQL: SELECT * FROM `zy_api` WHERE ( `appid` = '201586485090108670' ) LIMIT 1   [ RunTime:0.000224s ]

[ 2015-10-09T18:23:37+08:00 ] 127.0.0.1 /guoji/yunwang/CacheApi/?a=Get&appid=201586485090108670&m=Local&name=list&nonce_str=jks14z9fqlnsugdlkr0w5d237vk02vb7&time_stamp=1444386217&version=1.0
INFO: [ app_begin ] --START--
INFO: ReadHtmlCache Behavior ::run [ RunTime:0.001886s ]
INFO: [ app_begin ] --END-- [ RunTime:0.001974s ]
NOTIC: [8] Undefined index: session_id D:\wamp\www\guoji\yunwang\ThinkPHP\Common\functions.php 第 581 行.
NOTIC: [2048] Declaration of LocalAction::Get() should be compatible with that of Action::get() D:\wamp\www\guoji\yunwang\CacheApi\Cache\Lib\Action\LocalAction.class.php 第 3 行.
SQL: SHOW COLUMNS FROM `zy_api` [ RunTime:0.003998s ]
SQL: SELECT * FROM `zy_api` WHERE ( `appid` = '201586485090108670' ) LIMIT 1   [ RunTime:0.000209s ]

[ 2015-10-09T18:23:38+08:00 ] 127.0.0.1 /guoji/yunwang/CacheApi/?a=Get&appid=201586485090108670&m=Local&name=index&nonce_str=dsopg0ye1g1rg0gynyyeru5m92vawhjo&time_stamp=1444386217&version=1.0
INFO: [ app_begin ] --START--
INFO: ReadHtmlCache Behavior ::run [ RunTime:0.001459s ]
INFO: [ app_begin ] --END-- [ RunTime:0.001546s ]
NOTIC: [8] Undefined index: session_id D:\wamp\www\guoji\yunwang\ThinkPHP\Common\functions.php 第 581 行.
NOTIC: [2048] Declaration of LocalAction::Get() should be compatible with that of Action::get() D:\wamp\www\guoji\yunwang\CacheApi\Cache\Lib\Action\LocalAction.class.php 第 3 行.
SQL: SHOW COLUMNS FROM `zy_api` [ RunTime:0.005434s ]
SQL: SELECT * FROM `zy_api` WHERE ( `appid` = '201586485090108670' ) LIMIT 1   [ RunTime:0.000220s ]

[ 2015-10-09T18:23:39+08:00 ] 127.0.0.1 /guoji/yunwang/CacheApi/?a=Get&appid=201586485090108670&m=Local&name=list&nonce_str=8l6wcgqvq0qwuekl6ug97308pqsa06tj&time_stamp=1444386219&version=1.0
INFO: [ app_begin ] --START--
INFO: ReadHtmlCache Behavior ::run [ RunTime:0.002601s ]
INFO: [ app_begin ] --END-- [ RunTime:0.002799s ]
NOTIC: [8] Undefined index: session_id D:\wamp\www\guoji\yunwang\ThinkPHP\Common\functions.php 第 581 行.
NOTIC: [2048] Declaration of LocalAction::Get() should be compatible with that of Action::get() D:\wamp\www\guoji\yunwang\CacheApi\Cache\Lib\Action\LocalAction.class.php 第 3 行.
SQL: SHOW COLUMNS FROM `zy_api` [ RunTime:0.007175s ]
SQL: SELECT * FROM `zy_api` WHERE ( `appid` = '201586485090108670' ) LIMIT 1   [ RunTime:0.000853s ]

[ 2015-10-09T18:23:43+08:00 ] 127.0.0.1 /guoji/yunwang/CacheApi/?a=Get&appid=201586485090108670&m=Local&name=list&nonce_str=38ya357gmry6lokh7tiu7rmdsm579dmc&time_stamp=1444386223&version=1.0
INFO: [ app_begin ] --START--
INFO: ReadHtmlCache Behavior ::run [ RunTime:0.001473s ]
INFO: [ app_begin ] --END-- [ RunTime:0.001551s ]
NOTIC: [8] Undefined index: session_id D:\wamp\www\guoji\yunwang\ThinkPHP\Common\functions.php 第 581 行.
NOTIC: [2048] Declaration of LocalAction::Get() should be compatible with that of Action::get() D:\wamp\www\guoji\yunwang\CacheApi\Cache\Lib\Action\LocalAction.class.php 第 3 行.
SQL: SHOW COLUMNS FROM `zy_api` [ RunTime:0.003220s ]
SQL: SELECT * FROM `zy_api` WHERE ( `appid` = '201586485090108670' ) LIMIT 1   [ RunTime:0.000184s ]

[ 2015-10-09T18:23:43+08:00 ] 127.0.0.1 /guoji/yunwang/CacheApi/?a=Get&appid=201586485090108670&m=Local&name=list&nonce_str=g4qn17adl029szbrrprraqkx3h9tguir&time_stamp=1444386223&version=1.0
INFO: [ app_begin ] --START--
INFO: ReadHtmlCache Behavior ::run [ RunTime:0.001388s ]
INFO: [ app_begin ] --END-- [ RunTime:0.001466s ]
NOTIC: [8] Undefined index: session_id D:\wamp\www\guoji\yunwang\ThinkPHP\Common\functions.php 第 581 行.
NOTIC: [2048] Declaration of LocalAction::Get() should be compatible with that of Action::get() D:\wamp\www\guoji\yunwang\CacheApi\Cache\Lib\Action\LocalAction.class.php 第 3 行.
SQL: SHOW COLUMNS FROM `zy_api` [ RunTime:0.003294s ]
SQL: SELECT * FROM `zy_api` WHERE ( `appid` = '201586485090108670' ) LIMIT 1   [ RunTime:0.000182s ]

[ 2015-10-09T18:23:46+08:00 ] 127.0.0.1 /guoji/yunwang/CacheApi/?a=Get&appid=201586485090108670&m=Local&name=list&nonce_str=uvx5pmuezyh402bp7qyietvmnfqifvu3&time_stamp=1444386226&version=1.0
INFO: [ app_begin ] --START--
INFO: ReadHtmlCache Behavior ::run [ RunTime:0.002571s ]
INFO: [ app_begin ] --END-- [ RunTime:0.002871s ]
NOTIC: [8] Undefined index: session_id D:\wamp\www\guoji\yunwang\ThinkPHP\Common\functions.php 第 581 行.
NOTIC: [2048] Declaration of LocalAction::Get() should be compatible with that of Action::get() D:\wamp\www\guoji\yunwang\CacheApi\Cache\Lib\Action\LocalAction.class.php 第 3 行.
SQL: SHOW COLUMNS FROM `zy_api` [ RunTime:0.006733s ]
SQL: SELECT * FROM `zy_api` WHERE ( `appid` = '201586485090108670' ) LIMIT 1   [ RunTime:0.000374s ]

[ 2015-10-09T18:23:46+08:00 ] 127.0.0.1 /guoji/yunwang/CacheApi/?a=Get&appid=201586485090108670&m=Local&name=index&nonce_str=zektifgmjrsfjamhqfl102nc8m2k99dy&time_stamp=1444386226&version=1.0
INFO: [ app_begin ] --START--
INFO: ReadHtmlCache Behavior ::run [ RunTime:0.001543s ]
INFO: [ app_begin ] --END-- [ RunTime:0.001650s ]
NOTIC: [8] Undefined index: session_id D:\wamp\www\guoji\yunwang\ThinkPHP\Common\functions.php 第 581 行.
NOTIC: [2048] Declaration of LocalAction::Get() should be compatible with that of Action::get() D:\wamp\www\guoji\yunwang\CacheApi\Cache\Lib\Action\LocalAction.class.php 第 3 行.
SQL: SHOW COLUMNS FROM `zy_api` [ RunTime:0.004159s ]
SQL: SELECT * FROM `zy_api` WHERE ( `appid` = '201586485090108670' ) LIMIT 1   [ RunTime:0.000773s ]

[ 2015-10-09T18:23:47+08:00 ] 127.0.0.1 /guoji/yunwang/CacheApi/?a=Get&appid=201586485090108670&m=Local&name=list&nonce_str=m9kdg9452cgqdmq1m54grt93qqecdg6t&time_stamp=1444386227&version=1.0
INFO: [ app_begin ] --START--
INFO: ReadHtmlCache Behavior ::run [ RunTime:0.002982s ]
INFO: [ app_begin ] --END-- [ RunTime:0.003215s ]
NOTIC: [8] Undefined index: session_id D:\wamp\www\guoji\yunwang\ThinkPHP\Common\functions.php 第 581 行.
NOTIC: [2048] Declaration of LocalAction::Get() should be compatible with that of Action::get() D:\wamp\www\guoji\yunwang\CacheApi\Cache\Lib\Action\LocalAction.class.php 第 3 行.
SQL: SHOW COLUMNS FROM `zy_api` [ RunTime:0.007338s ]
SQL: SELECT * FROM `zy_api` WHERE ( `appid` = '201586485090108670' ) LIMIT 1   [ RunTime:0.000577s ]

[ 2015-10-09T18:23:48+08:00 ] 127.0.0.1 /guoji/yunwang/CacheApi/?a=Get&appid=201586485090108670&m=Local&name=sc_list_top&nonce_str=8phfpsri42dlfhd20h88b0ay3yiifk5m&time_stamp=1444386227&version=1.0
INFO: [ app_begin ] --START--
INFO: ReadHtmlCache Behavior ::run [ RunTime:0.002687s ]
INFO: [ app_begin ] --END-- [ RunTime:0.002918s ]
NOTIC: [8] Undefined index: session_id D:\wamp\www\guoji\yunwang\ThinkPHP\Common\functions.php 第 581 行.
NOTIC: [2048] Declaration of LocalAction::Get() should be compatible with that of Action::get() D:\wamp\www\guoji\yunwang\CacheApi\Cache\Lib\Action\LocalAction.class.php 第 3 行.
SQL: SHOW COLUMNS FROM `zy_api` [ RunTime:0.010527s ]
SQL: SELECT * FROM `zy_api` WHERE ( `appid` = '201586485090108670' ) LIMIT 1   [ RunTime:0.000728s ]
SQL: SELECT * FROM `zy_api` WHERE ( `appid` = '201586485090108670' ) LIMIT 1   [ RunTime:0.000624s ]
NOTIC: [8] Undefined variable: config D:\wamp\www\guoji\yunwang\CacheApi\Cache\Lib\Action\CommonAction.class.php 第 49 行.
NOTIC: [2] file_get_contents() [<a href='function.file-get-contents'>function.file-get-contents</a>]: Filename cannot be empty D:\wamp\www\guoji\yunwang\interface\Cache\lib\rsa.function.php 第 26 行.
NOTIC: [2] openssl_verify() [<a href='function.openssl-verify'>function.openssl-verify</a>]: supplied key param cannot be coerced into a public key D:\wamp\www\guoji\yunwang\interface\Cache\lib\rsa.function.php 第 28 行.
NOTIC: [2] openssl_free_key() expects parameter 1 to be resource, boolean given D:\wamp\www\guoji\yunwang\interface\Cache\lib\rsa.function.php 第 29 行.

[ 2015-10-09T18:23:51+08:00 ] 127.0.0.1 /guoji/yunwang/CacheApi/?a=Get&appid=201586485090108670&m=Local&name=list&nonce_str=nwu2tqp1jm1vaq4cp8oc53t3rejpur8x&time_stamp=1444386231&version=1.0
INFO: [ app_begin ] --START--
INFO: ReadHtmlCache Behavior ::run [ RunTime:0.001404s ]
INFO: [ app_begin ] --END-- [ RunTime:0.001492s ]
NOTIC: [8] Undefined index: session_id D:\wamp\www\guoji\yunwang\ThinkPHP\Common\functions.php 第 581 行.
NOTIC: [2048] Declaration of LocalAction::Get() should be compatible with that of Action::get() D:\wamp\www\guoji\yunwang\CacheApi\Cache\Lib\Action\LocalAction.class.php 第 3 行.
SQL: SHOW COLUMNS FROM `zy_api` [ RunTime:0.003332s ]
SQL: SELECT * FROM `zy_api` WHERE ( `appid` = '201586485090108670' ) LIMIT 1   [ RunTime:0.000321s ]

[ 2015-10-09T18:23:51+08:00 ] 127.0.0.1 /guoji/yunwang/CacheApi/?a=Get&appid=201586485090108670&m=Local&name=detail&nonce_str=gz8et47pr7ippx6cfn0dacvh5m7l32dl&time_stamp=1444386231&version=1.0
INFO: [ app_begin ] --START--
INFO: ReadHtmlCache Behavior ::run [ RunTime:0.001395s ]
INFO: [ app_begin ] --END-- [ RunTime:0.001474s ]
NOTIC: [8] Undefined index: session_id D:\wamp\www\guoji\yunwang\ThinkPHP\Common\functions.php 第 581 行.
NOTIC: [2048] Declaration of LocalAction::Get() should be compatible with that of Action::get() D:\wamp\www\guoji\yunwang\CacheApi\Cache\Lib\Action\LocalAction.class.php 第 3 行.
SQL: SHOW COLUMNS FROM `zy_api` [ RunTime:0.003352s ]
SQL: SELECT * FROM `zy_api` WHERE ( `appid` = '201586485090108670' ) LIMIT 1   [ RunTime:0.000190s ]

[ 2015-10-09T18:23:59+08:00 ] 127.0.0.1 /guoji/yunwang/CacheApi/?a=Get&appid=201586485090108670&m=Local&name=list&nonce_str=zs6ds7s24qjwgfsgspjylxd2aydy9xvs&time_stamp=1444386239&version=1.0
INFO: [ app_begin ] --START--
INFO: ReadHtmlCache Behavior ::run [ RunTime:0.001390s ]
INFO: [ app_begin ] --END-- [ RunTime:0.001466s ]
NOTIC: [8] Undefined index: session_id D:\wamp\www\guoji\yunwang\ThinkPHP\Common\functions.php 第 581 行.
NOTIC: [2048] Declaration of LocalAction::Get() should be compatible with that of Action::get() D:\wamp\www\guoji\yunwang\CacheApi\Cache\Lib\Action\LocalAction.class.php 第 3 行.
SQL: SHOW COLUMNS FROM `zy_api` [ RunTime:0.003302s ]
SQL: SELECT * FROM `zy_api` WHERE ( `appid` = '201586485090108670' ) LIMIT 1   [ RunTime:0.000187s ]

[ 2015-10-09T18:47:09+08:00 ] 127.0.0.1 /guoji/yunwang/CacheApi/?a=Get&appid=201586485090108670&m=Local&name=list&nonce_str=ot1lr0z0i03stc30hidruq4e1i6u2q6x&time_stamp=1444387629&version=1.0
INFO: [ app_begin ] --START--
INFO: ReadHtmlCache Behavior ::run [ RunTime:0.001765s ]
INFO: [ app_begin ] --END-- [ RunTime:0.001848s ]
NOTIC: [8] Undefined index: session_id D:\wamp\www\guoji\yunwang\ThinkPHP\Common\functions.php 第 581 行.
NOTIC: [2048] Declaration of LocalAction::Get() should be compatible with that of Action::get() D:\wamp\www\guoji\yunwang\CacheApi\Cache\Lib\Action\LocalAction.class.php 第 3 行.
SQL: SHOW COLUMNS FROM `zy_api` [ RunTime:0.003513s ]
SQL: SELECT * FROM `zy_api` WHERE ( `appid` = '201586485090108670' ) LIMIT 1   [ RunTime:0.000207s ]

[ 2015-10-09T18:48:38+08:00 ] 127.0.0.1 /guoji/yunwang/CacheApi/?a=Get&appid=201586485090108670&m=Local&name=list&nonce_str=sndm1v2z3k7rz29siet8qugjy2v6l4rh&time_stamp=1444387718&version=1.0
INFO: [ app_begin ] --START--
INFO: ReadHtmlCache Behavior ::run [ RunTime:0.001400s ]
INFO: [ app_begin ] --END-- [ RunTime:0.001481s ]
NOTIC: [8] Undefined index: session_id D:\wamp\www\guoji\yunwang\ThinkPHP\Common\functions.php 第 581 行.
NOTIC: [2048] Declaration of LocalAction::Get() should be compatible with that of Action::get() D:\wamp\www\guoji\yunwang\CacheApi\Cache\Lib\Action\LocalAction.class.php 第 3 行.
SQL: SHOW COLUMNS FROM `zy_api` [ RunTime:0.004484s ]
SQL: SELECT * FROM `zy_api` WHERE ( `appid` = '201586485090108670' ) LIMIT 1   [ RunTime:0.000235s ]

[ 2015-10-09T18:48:39+08:00 ] 127.0.0.1 /guoji/yunwang/CacheApi/?a=Get&appid=201586485090108670&m=Local&name=list&nonce_str=2co0mtv7y7pdi0pfylx809ip8aeyhg7p&time_stamp=1444387719&version=1.0
INFO: [ app_begin ] --START--
INFO: ReadHtmlCache Behavior ::run [ RunTime:0.001706s ]
INFO: [ app_begin ] --END-- [ RunTime:0.001809s ]
NOTIC: [8] Undefined index: session_id D:\wamp\www\guoji\yunwang\ThinkPHP\Common\functions.php 第 581 行.
NOTIC: [2048] Declaration of LocalAction::Get() should be compatible with that of Action::get() D:\wamp\www\guoji\yunwang\CacheApi\Cache\Lib\Action\LocalAction.class.php 第 3 行.
SQL: SHOW COLUMNS FROM `zy_api` [ RunTime:0.005074s ]
SQL: SELECT * FROM `zy_api` WHERE ( `appid` = '201586485090108670' ) LIMIT 1   [ RunTime:0.000305s ]

[ 2015-10-09T18:48:40+08:00 ] 127.0.0.1 /guoji/yunwang/CacheApi/?a=Get&appid=201586485090108670&m=Local&name=list&nonce_str=wiu20kgmxu2fanahdijwt4l2fawtzir1&time_stamp=1444387719&version=1.0
INFO: [ app_begin ] --START--
INFO: ReadHtmlCache Behavior ::run [ RunTime:0.001170s ]
INFO: [ app_begin ] --END-- [ RunTime:0.001287s ]
NOTIC: [8] Undefined index: session_id D:\wamp\www\guoji\yunwang\ThinkPHP\Common\functions.php 第 581 行.
NOTIC: [2048] Declaration of LocalAction::Get() should be compatible with that of Action::get() D:\wamp\www\guoji\yunwang\CacheApi\Cache\Lib\Action\LocalAction.class.php 第 3 行.
SQL: SHOW COLUMNS FROM `zy_api` [ RunTime:0.004640s ]
SQL: SELECT * FROM `zy_api` WHERE ( `appid` = '201586485090108670' ) LIMIT 1   [ RunTime:0.000193s ]

[ 2015-10-09T18:48:40+08:00 ] 127.0.0.1 /guoji/yunwang/CacheApi/?a=Get&appid=201586485090108670&m=Local&name=list&nonce_str=wy2obxtam90np8iqoly01n227whmeubo&time_stamp=1444387720&version=1.0
INFO: [ app_begin ] --START--
INFO: ReadHtmlCache Behavior ::run [ RunTime:0.000991s ]
INFO: [ app_begin ] --END-- [ RunTime:0.001070s ]
NOTIC: [8] Undefined index: session_id D:\wamp\www\guoji\yunwang\ThinkPHP\Common\functions.php 第 581 行.
NOTIC: [2048] Declaration of LocalAction::Get() should be compatible with that of Action::get() D:\wamp\www\guoji\yunwang\CacheApi\Cache\Lib\Action\LocalAction.class.php 第 3 行.
SQL: SHOW COLUMNS FROM `zy_api` [ RunTime:0.003374s ]
SQL: SELECT * FROM `zy_api` WHERE ( `appid` = '201586485090108670' ) LIMIT 1   [ RunTime:0.000166s ]

[ 2015-10-09T22:40:55+08:00 ] 127.0.0.1 /guoji/yunwang/CacheApi/?a=Get&appid=201586485090108670&m=Local&name=list&nonce_str=fnj7t7f7pj445d5zkvlswn0lb6uoxd7v&time_stamp=1444401655&version=1.0
INFO: [ app_begin ] --START--
INFO: ReadHtmlCache Behavior ::run [ RunTime:0.001857s ]
INFO: [ app_begin ] --END-- [ RunTime:0.001974s ]
NOTIC: [8] Undefined index: session_id D:\wamp\www\guoji\yunwang\ThinkPHP\Common\functions.php 第 581 行.
NOTIC: [2048] Declaration of LocalAction::Get() should be compatible with that of Action::get() D:\wamp\www\guoji\yunwang\CacheApi\Cache\Lib\Action\LocalAction.class.php 第 3 行.
SQL: SHOW COLUMNS FROM `zy_api` [ RunTime:0.004300s ]
SQL: SELECT * FROM `zy_api` WHERE ( `appid` = '201586485090108670' ) LIMIT 1   [ RunTime:0.000316s ]

[ 2015-10-09T22:41:03+08:00 ] 127.0.0.1 /guoji/yunwang/CacheApi/?a=Get&appid=201586485090108670&m=Local&name=list&nonce_str=06jyj8ppit9fqioz9t2el3uwaqfn4yen&time_stamp=1444401663&version=1.0
INFO: [ app_begin ] --START--
INFO: ReadHtmlCache Behavior ::run [ RunTime:0.002786s ]
INFO: [ app_begin ] --END-- [ RunTime:0.003015s ]
NOTIC: [8] Undefined index: session_id D:\wamp\www\guoji\yunwang\ThinkPHP\Common\functions.php 第 581 行.
NOTIC: [2048] Declaration of LocalAction::Get() should be compatible with that of Action::get() D:\wamp\www\guoji\yunwang\CacheApi\Cache\Lib\Action\LocalAction.class.php 第 3 行.
SQL: SHOW COLUMNS FROM `zy_api` [ RunTime:0.003398s ]
SQL: SELECT * FROM `zy_api` WHERE ( `appid` = '201586485090108670' ) LIMIT 1   [ RunTime:0.000286s ]

[ 2015-10-09T22:41:03+08:00 ] 127.0.0.1 /guoji/yunwang/CacheApi/?a=Get&appid=201586485090108670&m=Local&name=list&nonce_str=1mc35rgr799ayv8aia63sk8qcqhfqi5u&time_stamp=1444401663&version=1.0
INFO: [ app_begin ] --START--
INFO: ReadHtmlCache Behavior ::run [ RunTime:0.002850s ]
INFO: [ app_begin ] --END-- [ RunTime:0.003072s ]
NOTIC: [8] Undefined index: session_id D:\wamp\www\guoji\yunwang\ThinkPHP\Common\functions.php 第 581 行.
NOTIC: [2048] Declaration of LocalAction::Get() should be compatible with that of Action::get() D:\wamp\www\guoji\yunwang\CacheApi\Cache\Lib\Action\LocalAction.class.php 第 3 行.
SQL: SHOW COLUMNS FROM `zy_api` [ RunTime:0.004918s ]
SQL: SELECT * FROM `zy_api` WHERE ( `appid` = '201586485090108670' ) LIMIT 1   [ RunTime:0.000238s ]

[ 2015-10-09T22:43:47+08:00 ] 127.0.0.1 /guoji/yunwang/CacheApi/?a=Get&appid=201586485090108670&m=Local&name=list&nonce_str=euijqs5tevgf3dd57xgrglgr2mdlx2jf&time_stamp=1444401827&version=1.0
INFO: [ app_begin ] --START--
INFO: ReadHtmlCache Behavior ::run [ RunTime:0.001785s ]
INFO: [ app_begin ] --END-- [ RunTime:0.001870s ]
NOTIC: [8] Undefined index: session_id D:\wamp\www\guoji\yunwang\ThinkPHP\Common\functions.php 第 581 行.
NOTIC: [2048] Declaration of LocalAction::Get() should be compatible with that of Action::get() D:\wamp\www\guoji\yunwang\CacheApi\Cache\Lib\Action\LocalAction.class.php 第 3 行.
SQL: SHOW COLUMNS FROM `zy_api` [ RunTime:0.003546s ]
SQL: SELECT * FROM `zy_api` WHERE ( `appid` = '201586485090108670' ) LIMIT 1   [ RunTime:0.000828s ]

[ 2015-10-09T22:43:53+08:00 ] 127.0.0.1 /guoji/yunwang/CacheApi/?a=Get&appid=201586485090108670&m=Local&name=list&nonce_str=86ugb47gpg00lfewnt75t5ni5nlci7bu&time_stamp=1444401833&version=1.0
INFO: [ app_begin ] --START--
INFO: ReadHtmlCache Behavior ::run [ RunTime:0.001519s ]
INFO: [ app_begin ] --END-- [ RunTime:0.001608s ]
NOTIC: [8] Undefined index: session_id D:\wamp\www\guoji\yunwang\ThinkPHP\Common\functions.php 第 581 行.
NOTIC: [2048] Declaration of LocalAction::Get() should be compatible with that of Action::get() D:\wamp\www\guoji\yunwang\CacheApi\Cache\Lib\Action\LocalAction.class.php 第 3 行.
SQL: SHOW COLUMNS FROM `zy_api` [ RunTime:0.003475s ]
SQL: SELECT * FROM `zy_api` WHERE ( `appid` = '201586485090108670' ) LIMIT 1   [ RunTime:0.000203s ]

[ 2015-10-09T22:44:21+08:00 ] 127.0.0.1 /guoji/yunwang/CacheApi/?a=Get&appid=201586485090108670&m=Local&name=list&nonce_str=x4lnqlg1otmu78x5rvaigcuh56qtl5fx&time_stamp=1444401861&version=1.0
INFO: [ app_begin ] --START--
INFO: ReadHtmlCache Behavior ::run [ RunTime:0.001540s ]
INFO: [ app_begin ] --END-- [ RunTime:0.001626s ]
NOTIC: [8] Undefined index: session_id D:\wamp\www\guoji\yunwang\ThinkPHP\Common\functions.php 第 581 行.
NOTIC: [2048] Declaration of LocalAction::Get() should be compatible with that of Action::get() D:\wamp\www\guoji\yunwang\CacheApi\Cache\Lib\Action\LocalAction.class.php 第 3 行.
SQL: SHOW COLUMNS FROM `zy_api` [ RunTime:0.003653s ]
SQL: SELECT * FROM `zy_api` WHERE ( `appid` = '201586485090108670' ) LIMIT 1   [ RunTime:0.000186s ]

[ 2015-10-09T22:44:50+08:00 ] 127.0.0.1 /guoji/yunwang/CacheApi/?a=Get&appid=201586485090108670&m=Local&name=list&nonce_str=980mlxmavd6ahg4zajng5m6bgmw67t4i&time_stamp=1444401890&version=1.0
INFO: [ app_begin ] --START--
INFO: ReadHtmlCache Behavior ::run [ RunTime:0.001232s ]
INFO: [ app_begin ] --END-- [ RunTime:0.001316s ]
NOTIC: [8] Undefined index: session_id D:\wamp\www\guoji\yunwang\ThinkPHP\Common\functions.php 第 581 行.
NOTIC: [2048] Declaration of LocalAction::Get() should be compatible with that of Action::get() D:\wamp\www\guoji\yunwang\CacheApi\Cache\Lib\Action\LocalAction.class.php 第 3 行.
SQL: SHOW COLUMNS FROM `zy_api` [ RunTime:0.003462s ]
SQL: SELECT * FROM `zy_api` WHERE ( `appid` = '201586485090108670' ) LIMIT 1   [ RunTime:0.000306s ]

