[ 2015-11-09T21:47:35+08:00 ] 127.0.0.1 /guoji/yunwang/CacheApi/?a=Get&appid=201586485090108670&m=Local&name=list&nonce_str=qsnztt3uifuyx8zbuhfrqyxs7kqv6nvo&time_stamp=1447076853&version=1.0
INFO: [ app_begin ] --START--
INFO: ReadHtmlCache Behavior ::run [ RunTime:0.001616s ]
INFO: [ app_begin ] --END-- [ RunTime:0.001708s ]
NOTIC: [8] Undefined index: session_id D:\wamp\www\guoji\yunwang\ThinkPHP\Common\functions.php 第 581 行.
NOTIC: [2048] Declaration of LocalAction::Get() should be compatible with that of Action::get() D:\wamp\www\guoji\yunwang\CacheApi\Cache\Lib\Action\LocalAction.class.php 第 3 行.
SQL: SHOW COLUMNS FROM `zy_api` [ RunTime:0.004249s ]
SQL: SELECT * FROM `zy_api` WHERE ( `py_name` = 'cache' ) AND ( `appid` = '201586485090108670' ) LIMIT 1   [ RunTime:0.000257s ]

[ 2015-11-09T21:47:39+08:00 ] 127.0.0.1 /guoji/yunwang/CacheApi/?a=Get&appid=201586485090108670&m=Local&name=list&nonce_str=lxwd5t22i5c0j51ah5o6eovs7hu7eeu1&time_stamp=1447076859&version=1.0
INFO: [ app_begin ] --START--
INFO: ReadHtmlCache Behavior ::run [ RunTime:0.001528s ]
INFO: [ app_begin ] --END-- [ RunTime:0.001621s ]
NOTIC: [8] Undefined index: session_id D:\wamp\www\guoji\yunwang\ThinkPHP\Common\functions.php 第 581 行.
NOTIC: [2048] Declaration of LocalAction::Get() should be compatible with that of Action::get() D:\wamp\www\guoji\yunwang\CacheApi\Cache\Lib\Action\LocalAction.class.php 第 3 行.
SQL: SHOW COLUMNS FROM `zy_api` [ RunTime:0.004416s ]
SQL: SELECT * FROM `zy_api` WHERE ( `py_name` = 'cache' ) AND ( `appid` = '201586485090108670' ) LIMIT 1   [ RunTime:0.000319s ]

[ 2015-11-09T21:47:39+08:00 ] 127.0.0.1 /guoji/yunwang/CacheApi/?a=Get&appid=201586485090108670&m=Local&name=detail&nonce_str=505dtvdnn8vxhodtd2iqb1xx90986qi5&time_stamp=1447076859&version=1.0
INFO: [ app_begin ] --START--
INFO: ReadHtmlCache Behavior ::run [ RunTime:0.001316s ]
INFO: [ app_begin ] --END-- [ RunTime:0.001401s ]
NOTIC: [8] Undefined index: session_id D:\wamp\www\guoji\yunwang\ThinkPHP\Common\functions.php 第 581 行.
NOTIC: [2048] Declaration of LocalAction::Get() should be compatible with that of Action::get() D:\wamp\www\guoji\yunwang\CacheApi\Cache\Lib\Action\LocalAction.class.php 第 3 行.
SQL: SHOW COLUMNS FROM `zy_api` [ RunTime:0.003553s ]
SQL: SELECT * FROM `zy_api` WHERE ( `py_name` = 'cache' ) AND ( `appid` = '201586485090108670' ) LIMIT 1   [ RunTime:0.000340s ]

[ 2015-11-09T21:47:45+08:00 ] 127.0.0.1 /guoji/yunwang/CacheApi/?a=Get&appid=201586485090108670&m=Local&name=list&nonce_str=5f671gvq2zi2yl5ec4zv72abesg47vwh&time_stamp=1447076865&version=1.0
INFO: [ app_begin ] --START--
INFO: ReadHtmlCache Behavior ::run [ RunTime:0.001261s ]
INFO: [ app_begin ] --END-- [ RunTime:0.001347s ]
NOTIC: [8] Undefined index: session_id D:\wamp\www\guoji\yunwang\ThinkPHP\Common\functions.php 第 581 行.
NOTIC: [2048] Declaration of LocalAction::Get() should be compatible with that of Action::get() D:\wamp\www\guoji\yunwang\CacheApi\Cache\Lib\Action\LocalAction.class.php 第 3 行.
SQL: SHOW COLUMNS FROM `zy_api` [ RunTime:0.003386s ]
SQL: SELECT * FROM `zy_api` WHERE ( `py_name` = 'cache' ) AND ( `appid` = '201586485090108670' ) LIMIT 1   [ RunTime:0.000258s ]

[ 2015-11-09T21:47:45+08:00 ] 127.0.0.1 /guoji/yunwang/CacheApi/?a=Get&appid=201586485090108670&m=Local&name=list&nonce_str=toqsw8m6q9j0frspaa5osxub6ksvpngl&time_stamp=1447076865&version=1.0
INFO: [ app_begin ] --START--
INFO: ReadHtmlCache Behavior ::run [ RunTime:0.001597s ]
INFO: [ app_begin ] --END-- [ RunTime:0.001712s ]
NOTIC: [8] Undefined index: session_id D:\wamp\www\guoji\yunwang\ThinkPHP\Common\functions.php 第 581 行.
NOTIC: [2048] Declaration of LocalAction::Get() should be compatible with that of Action::get() D:\wamp\www\guoji\yunwang\CacheApi\Cache\Lib\Action\LocalAction.class.php 第 3 行.
SQL: SHOW COLUMNS FROM `zy_api` [ RunTime:0.003637s ]
SQL: SELECT * FROM `zy_api` WHERE ( `py_name` = 'cache' ) AND ( `appid` = '201586485090108670' ) LIMIT 1   [ RunTime:0.000298s ]

[ 2015-11-09T21:48:06+08:00 ] 127.0.0.1 /guoji/yunwang/CacheApi/?a=Get&appid=201586485090108670&m=Local&name=list&nonce_str=a696bg3scdnr7x05kdpyzhkobbkl21gv&time_stamp=1447076885&version=1.0
INFO: [ app_begin ] --START--
INFO: ReadHtmlCache Behavior ::run [ RunTime:0.001197s ]
INFO: [ app_begin ] --END-- [ RunTime:0.001295s ]
NOTIC: [8] Undefined index: session_id D:\wamp\www\guoji\yunwang\ThinkPHP\Common\functions.php 第 581 行.
NOTIC: [2048] Declaration of LocalAction::Get() should be compatible with that of Action::get() D:\wamp\www\guoji\yunwang\CacheApi\Cache\Lib\Action\LocalAction.class.php 第 3 行.
SQL: SHOW COLUMNS FROM `zy_api` [ RunTime:0.003413s ]
SQL: SELECT * FROM `zy_api` WHERE ( `py_name` = 'cache' ) AND ( `appid` = '201586485090108670' ) LIMIT 1   [ RunTime:0.000242s ]

[ 2015-11-09T21:48:07+08:00 ] 127.0.0.1 /guoji/yunwang/CacheApi/?a=Get&appid=201586485090108670&m=Local&name=list&nonce_str=h8ely1m6im2rxd6l9p6cy272mtenh20n&time_stamp=1447076887&version=1.0
INFO: [ app_begin ] --START--
INFO: ReadHtmlCache Behavior ::run [ RunTime:0.001362s ]
INFO: [ app_begin ] --END-- [ RunTime:0.001459s ]
NOTIC: [8] Undefined index: session_id D:\wamp\www\guoji\yunwang\ThinkPHP\Common\functions.php 第 581 行.
NOTIC: [2048] Declaration of LocalAction::Get() should be compatible with that of Action::get() D:\wamp\www\guoji\yunwang\CacheApi\Cache\Lib\Action\LocalAction.class.php 第 3 行.
SQL: SHOW COLUMNS FROM `zy_api` [ RunTime:0.003629s ]
SQL: SELECT * FROM `zy_api` WHERE ( `py_name` = 'cache' ) AND ( `appid` = '201586485090108670' ) LIMIT 1   [ RunTime:0.000408s ]

[ 2015-11-09T21:48:07+08:00 ] 127.0.0.1 /guoji/yunwang/CacheApi/?a=Get&appid=201586485090108670&m=Local&name=index&nonce_str=8cageje278p4ji92rupcrfz0ghwk2xr9&time_stamp=1447076887&version=1.0
INFO: [ app_begin ] --START--
INFO: ReadHtmlCache Behavior ::run [ RunTime:0.001159s ]
INFO: [ app_begin ] --END-- [ RunTime:0.001250s ]
NOTIC: [8] Undefined index: session_id D:\wamp\www\guoji\yunwang\ThinkPHP\Common\functions.php 第 581 行.
NOTIC: [2048] Declaration of LocalAction::Get() should be compatible with that of Action::get() D:\wamp\www\guoji\yunwang\CacheApi\Cache\Lib\Action\LocalAction.class.php 第 3 行.
SQL: SHOW COLUMNS FROM `zy_api` [ RunTime:0.004021s ]
SQL: SELECT * FROM `zy_api` WHERE ( `py_name` = 'cache' ) AND ( `appid` = '201586485090108670' ) LIMIT 1   [ RunTime:0.000544s ]

[ 2015-11-09T21:48:08+08:00 ] 127.0.0.1 /guoji/yunwang/CacheApi/?a=Get&appid=201586485090108670&m=Local&name=list&nonce_str=qk4drbygxzl1nxk5oojl6c7ubr3vmj7v&time_stamp=1447076888&version=1.0
INFO: [ app_begin ] --START--
INFO: ReadHtmlCache Behavior ::run [ RunTime:0.001326s ]
INFO: [ app_begin ] --END-- [ RunTime:0.001414s ]
NOTIC: [8] Undefined index: session_id D:\wamp\www\guoji\yunwang\ThinkPHP\Common\functions.php 第 581 行.
NOTIC: [2048] Declaration of LocalAction::Get() should be compatible with that of Action::get() D:\wamp\www\guoji\yunwang\CacheApi\Cache\Lib\Action\LocalAction.class.php 第 3 行.
SQL: SHOW COLUMNS FROM `zy_api` [ RunTime:0.003348s ]
SQL: SELECT * FROM `zy_api` WHERE ( `py_name` = 'cache' ) AND ( `appid` = '201586485090108670' ) LIMIT 1   [ RunTime:0.000258s ]

[ 2015-11-09T21:48:10+08:00 ] 127.0.0.1 /guoji/yunwang/CacheApi/?a=Get&appid=201586485090108670&m=Local&name=list&nonce_str=gy1l3skt97etslqvexq4i4m8dgy1csab&time_stamp=1447076890&version=1.0
INFO: [ app_begin ] --START--
INFO: ReadHtmlCache Behavior ::run [ RunTime:0.001333s ]
INFO: [ app_begin ] --END-- [ RunTime:0.001416s ]
NOTIC: [8] Undefined index: session_id D:\wamp\www\guoji\yunwang\ThinkPHP\Common\functions.php 第 581 行.
NOTIC: [2048] Declaration of LocalAction::Get() should be compatible with that of Action::get() D:\wamp\www\guoji\yunwang\CacheApi\Cache\Lib\Action\LocalAction.class.php 第 3 行.
SQL: SHOW COLUMNS FROM `zy_api` [ RunTime:0.004091s ]
SQL: SELECT * FROM `zy_api` WHERE ( `py_name` = 'cache' ) AND ( `appid` = '201586485090108670' ) LIMIT 1   [ RunTime:0.000241s ]

[ 2015-11-09T21:48:11+08:00 ] 127.0.0.1 /guoji/yunwang/CacheApi/?a=Get&appid=201586485090108670&m=Local&name=list&nonce_str=j1p9xh0xkdqg27n0ggoldgvsudqh1jxx&time_stamp=1447076891&version=1.0
INFO: [ app_begin ] --START--
INFO: ReadHtmlCache Behavior ::run [ RunTime:0.001337s ]
INFO: [ app_begin ] --END-- [ RunTime:0.001419s ]
NOTIC: [8] Undefined index: session_id D:\wamp\www\guoji\yunwang\ThinkPHP\Common\functions.php 第 581 行.
NOTIC: [2048] Declaration of LocalAction::Get() should be compatible with that of Action::get() D:\wamp\www\guoji\yunwang\CacheApi\Cache\Lib\Action\LocalAction.class.php 第 3 行.
SQL: SHOW COLUMNS FROM `zy_api` [ RunTime:0.003462s ]
SQL: SELECT * FROM `zy_api` WHERE ( `py_name` = 'cache' ) AND ( `appid` = '201586485090108670' ) LIMIT 1   [ RunTime:0.000712s ]

[ 2015-11-09T21:48:13+08:00 ] 127.0.0.1 /guoji/yunwang/CacheApi/?a=Get&appid=201586485090108670&m=Local&name=list&nonce_str=tuuoyrkx4b115h8j84fsa3vicc01d5w4&time_stamp=1447076893&version=1.0
INFO: [ app_begin ] --START--
INFO: ReadHtmlCache Behavior ::run [ RunTime:0.001285s ]
INFO: [ app_begin ] --END-- [ RunTime:0.001367s ]
NOTIC: [8] Undefined index: session_id D:\wamp\www\guoji\yunwang\ThinkPHP\Common\functions.php 第 581 行.
NOTIC: [2048] Declaration of LocalAction::Get() should be compatible with that of Action::get() D:\wamp\www\guoji\yunwang\CacheApi\Cache\Lib\Action\LocalAction.class.php 第 3 行.
SQL: SHOW COLUMNS FROM `zy_api` [ RunTime:0.003331s ]
SQL: SELECT * FROM `zy_api` WHERE ( `py_name` = 'cache' ) AND ( `appid` = '201586485090108670' ) LIMIT 1   [ RunTime:0.000766s ]

[ 2015-11-09T21:48:14+08:00 ] 127.0.0.1 /guoji/yunwang/CacheApi/?a=Get&appid=201586485090108670&m=Local&name=list&nonce_str=44qwx47awy9w2wacznejrk1cl3w8ibsu&time_stamp=1447076894&version=1.0
INFO: [ app_begin ] --START--
INFO: ReadHtmlCache Behavior ::run [ RunTime:0.001184s ]
INFO: [ app_begin ] --END-- [ RunTime:0.001278s ]
NOTIC: [8] Undefined index: session_id D:\wamp\www\guoji\yunwang\ThinkPHP\Common\functions.php 第 581 行.
NOTIC: [2048] Declaration of LocalAction::Get() should be compatible with that of Action::get() D:\wamp\www\guoji\yunwang\CacheApi\Cache\Lib\Action\LocalAction.class.php 第 3 行.
SQL: SHOW COLUMNS FROM `zy_api` [ RunTime:0.003906s ]
SQL: SELECT * FROM `zy_api` WHERE ( `py_name` = 'cache' ) AND ( `appid` = '201586485090108670' ) LIMIT 1   [ RunTime:0.000289s ]

[ 2015-11-09T21:48:15+08:00 ] 127.0.0.1 /guoji/yunwang/CacheApi/?a=Get&appid=201586485090108670&m=Local&name=list&nonce_str=mvt1djdxaju3jny3zscabbcx89k0gzbe&time_stamp=1447076894&version=1.0
INFO: [ app_begin ] --START--
INFO: ReadHtmlCache Behavior ::run [ RunTime:0.001178s ]
INFO: [ app_begin ] --END-- [ RunTime:0.001270s ]
NOTIC: [8] Undefined index: session_id D:\wamp\www\guoji\yunwang\ThinkPHP\Common\functions.php 第 581 行.
NOTIC: [2048] Declaration of LocalAction::Get() should be compatible with that of Action::get() D:\wamp\www\guoji\yunwang\CacheApi\Cache\Lib\Action\LocalAction.class.php 第 3 行.
SQL: SHOW COLUMNS FROM `zy_api` [ RunTime:0.003405s ]
SQL: SELECT * FROM `zy_api` WHERE ( `py_name` = 'cache' ) AND ( `appid` = '201586485090108670' ) LIMIT 1   [ RunTime:0.000431s ]

[ 2015-11-09T21:48:16+08:00 ] 127.0.0.1 /guoji/yunwang/CacheApi/?a=Get&appid=201586485090108670&m=Local&name=list&nonce_str=tvhtkse9e86aqyg1sdfef5xcmc1flft1&time_stamp=1447076896&version=1.0
INFO: [ app_begin ] --START--
INFO: ReadHtmlCache Behavior ::run [ RunTime:0.001505s ]
INFO: [ app_begin ] --END-- [ RunTime:0.001626s ]
NOTIC: [8] Undefined index: session_id D:\wamp\www\guoji\yunwang\ThinkPHP\Common\functions.php 第 581 行.
NOTIC: [2048] Declaration of LocalAction::Get() should be compatible with that of Action::get() D:\wamp\www\guoji\yunwang\CacheApi\Cache\Lib\Action\LocalAction.class.php 第 3 行.
SQL: SHOW COLUMNS FROM `zy_api` [ RunTime:0.003417s ]
SQL: SELECT * FROM `zy_api` WHERE ( `py_name` = 'cache' ) AND ( `appid` = '201586485090108670' ) LIMIT 1   [ RunTime:0.000220s ]

[ 2015-11-09T21:48:36+08:00 ] 127.0.0.1 /guoji/yunwang/CacheApi/?a=Get&appid=201586485090108670&m=Local&name=list&nonce_str=eozkd7wgzwrf6wlqvthj1273yyex5cry&time_stamp=1447076916&version=1.0
INFO: [ app_begin ] --START--
INFO: ReadHtmlCache Behavior ::run [ RunTime:0.001924s ]
INFO: [ app_begin ] --END-- [ RunTime:0.002015s ]
NOTIC: [8] Undefined index: session_id D:\wamp\www\guoji\yunwang\ThinkPHP\Common\functions.php 第 581 行.
NOTIC: [2048] Declaration of LocalAction::Get() should be compatible with that of Action::get() D:\wamp\www\guoji\yunwang\CacheApi\Cache\Lib\Action\LocalAction.class.php 第 3 行.
SQL: SHOW COLUMNS FROM `zy_api` [ RunTime:0.004653s ]
SQL: SELECT * FROM `zy_api` WHERE ( `py_name` = 'cache' ) AND ( `appid` = '201586485090108670' ) LIMIT 1   [ RunTime:0.000253s ]

