[ 2015-11-22T10:06:00+08:00 ] 127.0.0.1 /guoji/yunwang/CacheApi/?a=Get&appid=201586485090108670&m=Local&name=list&nonce_str=i696iwx2wid4ankmglg9edbmnjwj2pmx&time_stamp=1448157959&version=1.0
INFO: [ app_begin ] --START--
INFO: ReadHtmlCache Behavior ::run [ RunTime:0.001848s ]
INFO: [ app_begin ] --END-- [ RunTime:0.001929s ]
NOTIC: [8] Undefined index: session_id D:\wamp\www\guoji\yunwang\ThinkPHP\Common\functions.php 第 581 行.
NOTIC: [2048] Declaration of LocalAction::Get() should be compatible with that of Action::get() D:\wamp\www\guoji\yunwang\CacheApi\Cache\Lib\Action\LocalAction.class.php 第 3 行.
SQL: SHOW COLUMNS FROM `zy_api` [ RunTime:0.006610s ]
SQL: SELECT * FROM `zy_api` WHERE ( `py_name` = 'cache' ) AND ( `appid` = '201586485090108670' ) LIMIT 1   [ RunTime:0.000283s ]

[ 2015-11-22T10:06:05+08:00 ] 127.0.0.1 /guoji/yunwang/CacheApi/?a=Get&appid=201586485090108670&m=Local&name=list&nonce_str=xpgyx2gcrywjrdv7j2gcx0zk23r3fyhi&time_stamp=1448157965&version=1.0
INFO: [ app_begin ] --START--
INFO: ReadHtmlCache Behavior ::run [ RunTime:0.001809s ]
INFO: [ app_begin ] --END-- [ RunTime:0.001908s ]
NOTIC: [8] Undefined index: session_id D:\wamp\www\guoji\yunwang\ThinkPHP\Common\functions.php 第 581 行.
NOTIC: [2048] Declaration of LocalAction::Get() should be compatible with that of Action::get() D:\wamp\www\guoji\yunwang\CacheApi\Cache\Lib\Action\LocalAction.class.php 第 3 行.
SQL: SHOW COLUMNS FROM `zy_api` [ RunTime:0.003716s ]
SQL: SELECT * FROM `zy_api` WHERE ( `py_name` = 'cache' ) AND ( `appid` = '201586485090108670' ) LIMIT 1   [ RunTime:0.000238s ]

[ 2015-11-22T10:06:32+08:00 ] 127.0.0.1 /guoji/yunwang/CacheApi/?a=Get&appid=201586485090108670&m=Local&name=list&nonce_str=c359664hbhizp8tmuk80fzmf9su481dr&time_stamp=1448157992&version=1.0
INFO: [ app_begin ] --START--
INFO: ReadHtmlCache Behavior ::run [ RunTime:0.001819s ]
INFO: [ app_begin ] --END-- [ RunTime:0.001901s ]
NOTIC: [8] Undefined index: session_id D:\wamp\www\guoji\yunwang\ThinkPHP\Common\functions.php 第 581 行.
NOTIC: [2048] Declaration of LocalAction::Get() should be compatible with that of Action::get() D:\wamp\www\guoji\yunwang\CacheApi\Cache\Lib\Action\LocalAction.class.php 第 3 行.
SQL: SHOW COLUMNS FROM `zy_api` [ RunTime:0.003737s ]
SQL: SELECT * FROM `zy_api` WHERE ( `py_name` = 'cache' ) AND ( `appid` = '201586485090108670' ) LIMIT 1   [ RunTime:0.000268s ]

[ 2015-11-22T10:12:51+08:00 ] 127.0.0.1 /guoji/yunwang/CacheApi/?a=Get&appid=201586485090108670&m=Local&name=list&nonce_str=p4blprmtf8msdd8hy8mo9rtctebia217&time_stamp=1448158371&version=1.0
INFO: [ app_begin ] --START--
INFO: ReadHtmlCache Behavior ::run [ RunTime:0.001243s ]
INFO: [ app_begin ] --END-- [ RunTime:0.001323s ]
NOTIC: [8] Undefined index: session_id D:\wamp\www\guoji\yunwang\ThinkPHP\Common\functions.php 第 581 行.
NOTIC: [2048] Declaration of LocalAction::Get() should be compatible with that of Action::get() D:\wamp\www\guoji\yunwang\CacheApi\Cache\Lib\Action\LocalAction.class.php 第 3 行.
SQL: SHOW COLUMNS FROM `zy_api` [ RunTime:0.004148s ]
SQL: SELECT * FROM `zy_api` WHERE ( `py_name` = 'cache' ) AND ( `appid` = '201586485090108670' ) LIMIT 1   [ RunTime:0.000292s ]

[ 2015-11-22T10:18:30+08:00 ] 127.0.0.1 /guoji/yunwang/CacheApi/?a=Get&appid=201586485090108670&m=Local&name=list&nonce_str=em47rp576pgd3rdruwcu558603z7twtp&time_stamp=1448158709&version=1.0
INFO: [ app_begin ] --START--
INFO: ReadHtmlCache Behavior ::run [ RunTime:0.001753s ]
INFO: [ app_begin ] --END-- [ RunTime:0.001839s ]
NOTIC: [8] Undefined index: session_id D:\wamp\www\guoji\yunwang\ThinkPHP\Common\functions.php 第 581 行.
NOTIC: [2048] Declaration of LocalAction::Get() should be compatible with that of Action::get() D:\wamp\www\guoji\yunwang\CacheApi\Cache\Lib\Action\LocalAction.class.php 第 3 行.
SQL: SHOW COLUMNS FROM `zy_api` [ RunTime:0.003751s ]
SQL: SELECT * FROM `zy_api` WHERE ( `py_name` = 'cache' ) AND ( `appid` = '201586485090108670' ) LIMIT 1   [ RunTime:0.000255s ]

[ 2015-11-22T10:59:25+08:00 ] 127.0.0.1 /guoji/yunwang/CacheApi/?a=Get&appid=201586485090108670&m=Local&name=list&nonce_str=1ck71prwzplxamyqt2l22jtojmwpqpxg&time_stamp=1448161165&version=1.0
INFO: [ app_begin ] --START--
INFO: ReadHtmlCache Behavior ::run [ RunTime:0.001524s ]
INFO: [ app_begin ] --END-- [ RunTime:0.001607s ]
NOTIC: [8] Undefined index: session_id D:\wamp\www\guoji\yunwang\ThinkPHP\Common\functions.php 第 581 行.
NOTIC: [2048] Declaration of LocalAction::Get() should be compatible with that of Action::get() D:\wamp\www\guoji\yunwang\CacheApi\Cache\Lib\Action\LocalAction.class.php 第 3 行.
SQL: SHOW COLUMNS FROM `zy_api` [ RunTime:0.004504s ]
SQL: SELECT * FROM `zy_api` WHERE ( `py_name` = 'cache' ) AND ( `appid` = '201586485090108670' ) LIMIT 1   [ RunTime:0.000309s ]

[ 2015-11-22T12:01:25+08:00 ] 127.0.0.1 /guoji/yunwang/CacheApi/?a=Get&appid=201586485090108670&m=Local&name=list&nonce_str=clpc081736cjwmbfiwuawncudqxg3wgq&time_stamp=1448164885&version=1.0
INFO: [ app_begin ] --START--
INFO: ReadHtmlCache Behavior ::run [ RunTime:0.001841s ]
INFO: [ app_begin ] --END-- [ RunTime:0.001946s ]
NOTIC: [8] Undefined index: session_id D:\wamp\www\guoji\yunwang\ThinkPHP\Common\functions.php 第 581 行.
NOTIC: [2048] Declaration of LocalAction::Get() should be compatible with that of Action::get() D:\wamp\www\guoji\yunwang\CacheApi\Cache\Lib\Action\LocalAction.class.php 第 3 行.
SQL: SHOW COLUMNS FROM `zy_api` [ RunTime:0.004447s ]
SQL: SELECT * FROM `zy_api` WHERE ( `py_name` = 'cache' ) AND ( `appid` = '201586485090108670' ) LIMIT 1   [ RunTime:0.000290s ]

[ 2015-11-22T12:01:27+08:00 ] 127.0.0.1 /guoji/yunwang/CacheApi/?a=Get&appid=201586485090108670&m=Local&name=list&nonce_str=10sn3r3vs3mqpz4lgzd3be3hzllxh8m6&time_stamp=1448164887&version=1.0
INFO: [ app_begin ] --START--
INFO: ReadHtmlCache Behavior ::run [ RunTime:0.001934s ]
INFO: [ app_begin ] --END-- [ RunTime:0.002030s ]
NOTIC: [8] Undefined index: session_id D:\wamp\www\guoji\yunwang\ThinkPHP\Common\functions.php 第 581 行.
NOTIC: [2048] Declaration of LocalAction::Get() should be compatible with that of Action::get() D:\wamp\www\guoji\yunwang\CacheApi\Cache\Lib\Action\LocalAction.class.php 第 3 行.
SQL: SHOW COLUMNS FROM `zy_api` [ RunTime:0.003481s ]
SQL: SELECT * FROM `zy_api` WHERE ( `py_name` = 'cache' ) AND ( `appid` = '201586485090108670' ) LIMIT 1   [ RunTime:0.000775s ]

[ 2015-11-22T12:01:28+08:00 ] 127.0.0.1 /guoji/yunwang/CacheApi/?a=Get&appid=201586485090108670&m=Local&name=list&nonce_str=ewsn9zrl7b0y2auj48j3yipu7cc3kqq0&time_stamp=1448164888&version=1.0
INFO: [ app_begin ] --START--
INFO: ReadHtmlCache Behavior ::run [ RunTime:0.003313s ]
INFO: [ app_begin ] --END-- [ RunTime:0.003600s ]
NOTIC: [8] Undefined index: session_id D:\wamp\www\guoji\yunwang\ThinkPHP\Common\functions.php 第 581 行.
NOTIC: [2048] Declaration of LocalAction::Get() should be compatible with that of Action::get() D:\wamp\www\guoji\yunwang\CacheApi\Cache\Lib\Action\LocalAction.class.php 第 3 行.
SQL: SHOW COLUMNS FROM `zy_api` [ RunTime:0.006129s ]
SQL: SELECT * FROM `zy_api` WHERE ( `py_name` = 'cache' ) AND ( `appid` = '201586485090108670' ) LIMIT 1   [ RunTime:0.000390s ]

[ 2015-11-22T12:01:31+08:00 ] 127.0.0.1 /guoji/yunwang/CacheApi/?a=Get&appid=201586485090108670&m=Local&name=list&nonce_str=nu2ya47qweia4yqz7bp0io1ndzew2wjx&time_stamp=1448164891&version=1.0
INFO: [ app_begin ] --START--
INFO: ReadHtmlCache Behavior ::run [ RunTime:0.001779s ]
INFO: [ app_begin ] --END-- [ RunTime:0.001862s ]
NOTIC: [8] Undefined index: session_id D:\wamp\www\guoji\yunwang\ThinkPHP\Common\functions.php 第 581 行.
NOTIC: [2048] Declaration of LocalAction::Get() should be compatible with that of Action::get() D:\wamp\www\guoji\yunwang\CacheApi\Cache\Lib\Action\LocalAction.class.php 第 3 行.
SQL: SHOW COLUMNS FROM `zy_api` [ RunTime:0.003450s ]
SQL: SELECT * FROM `zy_api` WHERE ( `py_name` = 'cache' ) AND ( `appid` = '201586485090108670' ) LIMIT 1   [ RunTime:0.000246s ]

[ 2015-11-22T12:01:31+08:00 ] 127.0.0.1 /guoji/yunwang/CacheApi/?a=Get&appid=201586485090108670&m=Local&name=list&nonce_str=2a8k6mrtquocweocayvis8s8fxy9uz00&time_stamp=1448164891&version=1.0
INFO: [ app_begin ] --START--
INFO: ReadHtmlCache Behavior ::run [ RunTime:0.001221s ]
INFO: [ app_begin ] --END-- [ RunTime:0.001307s ]
NOTIC: [8] Undefined index: session_id D:\wamp\www\guoji\yunwang\ThinkPHP\Common\functions.php 第 581 行.
NOTIC: [2048] Declaration of LocalAction::Get() should be compatible with that of Action::get() D:\wamp\www\guoji\yunwang\CacheApi\Cache\Lib\Action\LocalAction.class.php 第 3 行.
SQL: SHOW COLUMNS FROM `zy_api` [ RunTime:0.003604s ]
SQL: SELECT * FROM `zy_api` WHERE ( `py_name` = 'cache' ) AND ( `appid` = '201586485090108670' ) LIMIT 1   [ RunTime:0.000250s ]

[ 2015-11-22T12:04:04+08:00 ] 127.0.0.1 /guoji/yunwang/CacheApi/?a=Get&appid=201586485090108670&m=Local&name=list&nonce_str=4t71flu9d1pn3xwcorvb0xj4o6s8yzbd&time_stamp=1448165044&version=1.0
INFO: [ app_begin ] --START--
INFO: ReadHtmlCache Behavior ::run [ RunTime:0.002149s ]
INFO: [ app_begin ] --END-- [ RunTime:0.002238s ]
NOTIC: [8] Undefined index: session_id D:\wamp\www\guoji\yunwang\ThinkPHP\Common\functions.php 第 581 行.
NOTIC: [2048] Declaration of LocalAction::Get() should be compatible with that of Action::get() D:\wamp\www\guoji\yunwang\CacheApi\Cache\Lib\Action\LocalAction.class.php 第 3 行.
SQL: SHOW COLUMNS FROM `zy_api` [ RunTime:0.003576s ]
SQL: SELECT * FROM `zy_api` WHERE ( `py_name` = 'cache' ) AND ( `appid` = '201586485090108670' ) LIMIT 1   [ RunTime:0.000236s ]

[ 2015-11-22T12:04:04+08:00 ] 127.0.0.1 /guoji/yunwang/CacheApi/?a=Get&appid=201586485090108670&m=Local&name=list&nonce_str=0rvmb3jqska705552alu5du15dd3upja&time_stamp=1448165044&version=1.0
INFO: [ app_begin ] --START--
INFO: ReadHtmlCache Behavior ::run [ RunTime:0.001249s ]
INFO: [ app_begin ] --END-- [ RunTime:0.001348s ]
NOTIC: [8] Undefined index: session_id D:\wamp\www\guoji\yunwang\ThinkPHP\Common\functions.php 第 581 行.
NOTIC: [2048] Declaration of LocalAction::Get() should be compatible with that of Action::get() D:\wamp\www\guoji\yunwang\CacheApi\Cache\Lib\Action\LocalAction.class.php 第 3 行.
SQL: SHOW COLUMNS FROM `zy_api` [ RunTime:0.003507s ]
SQL: SELECT * FROM `zy_api` WHERE ( `py_name` = 'cache' ) AND ( `appid` = '201586485090108670' ) LIMIT 1   [ RunTime:0.000304s ]

[ 2015-11-22T12:36:08+08:00 ] 127.0.0.1 /guoji/yunwang/CacheApi/?a=Get&appid=201586485090108670&m=Local&name=list&nonce_str=ruz436dsusrckvjdsafkzgt6e6xpav3h&time_stamp=1448166968&version=1.0
INFO: [ app_begin ] --START--
INFO: ReadHtmlCache Behavior ::run [ RunTime:0.002470s ]
INFO: [ app_begin ] --END-- [ RunTime:0.002615s ]
NOTIC: [8] Undefined index: session_id D:\wamp\www\guoji\yunwang\ThinkPHP\Common\functions.php 第 581 行.
NOTIC: [2048] Declaration of LocalAction::Get() should be compatible with that of Action::get() D:\wamp\www\guoji\yunwang\CacheApi\Cache\Lib\Action\LocalAction.class.php 第 3 行.
SQL: SHOW COLUMNS FROM `zy_api` [ RunTime:0.004203s ]
SQL: SELECT * FROM `zy_api` WHERE ( `py_name` = 'cache' ) AND ( `appid` = '201586485090108670' ) LIMIT 1   [ RunTime:0.000243s ]

[ 2015-11-22T14:05:32+08:00 ] 127.0.0.1 /guoji/yunwang/CacheApi/?a=Get&appid=201586485090108670&m=Local&name=list&nonce_str=k6yzt4t3lr5973g2o2w7vgl68xfi1sf1&time_stamp=1448172332&version=1.0
INFO: [ app_begin ] --START--
INFO: ReadHtmlCache Behavior ::run [ RunTime:0.001240s ]
INFO: [ app_begin ] --END-- [ RunTime:0.001330s ]
NOTIC: [8] Undefined index: session_id D:\wamp\www\guoji\yunwang\ThinkPHP\Common\functions.php 第 581 行.
NOTIC: [2048] Declaration of LocalAction::Get() should be compatible with that of Action::get() D:\wamp\www\guoji\yunwang\CacheApi\Cache\Lib\Action\LocalAction.class.php 第 3 行.
SQL: SHOW COLUMNS FROM `zy_api` [ RunTime:0.004705s ]
SQL: SELECT * FROM `zy_api` WHERE ( `py_name` = 'cache' ) AND ( `appid` = '201586485090108670' ) LIMIT 1   [ RunTime:0.000252s ]

[ 2015-11-22T14:05:33+08:00 ] 127.0.0.1 /guoji/yunwang/CacheApi/?a=Get&appid=201586485090108670&m=Local&name=list&nonce_str=cat76sod8ck2yhhx1re4ljlfq75ltsgp&time_stamp=1448172333&version=1.0
INFO: [ app_begin ] --START--
INFO: ReadHtmlCache Behavior ::run [ RunTime:0.000561s ]
INFO: [ app_begin ] --END-- [ RunTime:0.000650s ]
NOTIC: [8] Undefined index: session_id D:\wamp\www\guoji\yunwang\ThinkPHP\Common\functions.php 第 581 行.
NOTIC: [2048] Declaration of LocalAction::Get() should be compatible with that of Action::get() D:\wamp\www\guoji\yunwang\CacheApi\Cache\Lib\Action\LocalAction.class.php 第 3 行.
SQL: SHOW COLUMNS FROM `zy_api` [ RunTime:0.003693s ]
SQL: SELECT * FROM `zy_api` WHERE ( `py_name` = 'cache' ) AND ( `appid` = '201586485090108670' ) LIMIT 1   [ RunTime:0.000266s ]

[ 2015-11-22T14:05:37+08:00 ] 127.0.0.1 /guoji/yunwang/CacheApi/?a=Get&appid=201586485090108670&m=Local&name=list&nonce_str=kx289zsao6l43apz39luvlr8sv8ec35m&time_stamp=1448172337&version=1.0
INFO: [ app_begin ] --START--
INFO: ReadHtmlCache Behavior ::run [ RunTime:0.000631s ]
INFO: [ app_begin ] --END-- [ RunTime:0.000714s ]
NOTIC: [8] Undefined index: session_id D:\wamp\www\guoji\yunwang\ThinkPHP\Common\functions.php 第 581 行.
NOTIC: [2048] Declaration of LocalAction::Get() should be compatible with that of Action::get() D:\wamp\www\guoji\yunwang\CacheApi\Cache\Lib\Action\LocalAction.class.php 第 3 行.
SQL: SHOW COLUMNS FROM `zy_api` [ RunTime:0.003806s ]
SQL: SELECT * FROM `zy_api` WHERE ( `py_name` = 'cache' ) AND ( `appid` = '201586485090108670' ) LIMIT 1   [ RunTime:0.000256s ]

[ 2015-11-22T14:05:38+08:00 ] 127.0.0.1 /guoji/yunwang/CacheApi/?a=Get&appid=201586485090108670&m=Local&name=list&nonce_str=zgugbvnx2zjck4f5s3ozdfi1eizcz4xb&time_stamp=1448172338&version=1.0
INFO: [ app_begin ] --START--
INFO: ReadHtmlCache Behavior ::run [ RunTime:0.000587s ]
INFO: [ app_begin ] --END-- [ RunTime:0.000672s ]
NOTIC: [8] Undefined index: session_id D:\wamp\www\guoji\yunwang\ThinkPHP\Common\functions.php 第 581 行.
NOTIC: [2048] Declaration of LocalAction::Get() should be compatible with that of Action::get() D:\wamp\www\guoji\yunwang\CacheApi\Cache\Lib\Action\LocalAction.class.php 第 3 行.
SQL: SHOW COLUMNS FROM `zy_api` [ RunTime:0.003621s ]
SQL: SELECT * FROM `zy_api` WHERE ( `py_name` = 'cache' ) AND ( `appid` = '201586485090108670' ) LIMIT 1   [ RunTime:0.000231s ]

[ 2015-11-22T14:05:39+08:00 ] 127.0.0.1 /guoji/yunwang/CacheApi/?a=Get&appid=201586485090108670&m=Local&name=list&nonce_str=fh3jqx98yu4gwhy45zkpgwsuw0221uts&time_stamp=1448172339&version=1.0
INFO: [ app_begin ] --START--
INFO: ReadHtmlCache Behavior ::run [ RunTime:0.000557s ]
INFO: [ app_begin ] --END-- [ RunTime:0.000645s ]
NOTIC: [8] Undefined index: session_id D:\wamp\www\guoji\yunwang\ThinkPHP\Common\functions.php 第 581 行.
NOTIC: [2048] Declaration of LocalAction::Get() should be compatible with that of Action::get() D:\wamp\www\guoji\yunwang\CacheApi\Cache\Lib\Action\LocalAction.class.php 第 3 行.
SQL: SHOW COLUMNS FROM `zy_api` [ RunTime:0.004142s ]
SQL: SELECT * FROM `zy_api` WHERE ( `py_name` = 'cache' ) AND ( `appid` = '201586485090108670' ) LIMIT 1   [ RunTime:0.000426s ]

[ 2015-11-22T14:05:51+08:00 ] 127.0.0.1 /guoji/yunwang/CacheApi/?a=Get&appid=201586485090108670&m=Local&name=list&nonce_str=veeb4ycog6hdyxbsztl43vnxsngt6cy4&time_stamp=1448172351&version=1.0
INFO: [ app_begin ] --START--
INFO: ReadHtmlCache Behavior ::run [ RunTime:0.001227s ]
INFO: [ app_begin ] --END-- [ RunTime:0.001331s ]
NOTIC: [8] Undefined index: session_id D:\wamp\www\guoji\yunwang\ThinkPHP\Common\functions.php 第 581 行.
NOTIC: [2048] Declaration of LocalAction::Get() should be compatible with that of Action::get() D:\wamp\www\guoji\yunwang\CacheApi\Cache\Lib\Action\LocalAction.class.php 第 3 行.
SQL: SHOW COLUMNS FROM `zy_api` [ RunTime:0.003704s ]
SQL: SELECT * FROM `zy_api` WHERE ( `py_name` = 'cache' ) AND ( `appid` = '201586485090108670' ) LIMIT 1   [ RunTime:0.000295s ]

[ 2015-11-22T14:05:54+08:00 ] 127.0.0.1 /guoji/yunwang/CacheApi/?a=Get&appid=201586485090108670&m=Local&name=list&nonce_str=7i3x5gcgblgorzutcm7gmircodz9sfcf&time_stamp=1448172354&version=1.0
INFO: [ app_begin ] --START--
INFO: ReadHtmlCache Behavior ::run [ RunTime:0.001231s ]
INFO: [ app_begin ] --END-- [ RunTime:0.001315s ]
NOTIC: [8] Undefined index: session_id D:\wamp\www\guoji\yunwang\ThinkPHP\Common\functions.php 第 581 行.
NOTIC: [2048] Declaration of LocalAction::Get() should be compatible with that of Action::get() D:\wamp\www\guoji\yunwang\CacheApi\Cache\Lib\Action\LocalAction.class.php 第 3 行.
SQL: SHOW COLUMNS FROM `zy_api` [ RunTime:0.003674s ]
SQL: SELECT * FROM `zy_api` WHERE ( `py_name` = 'cache' ) AND ( `appid` = '201586485090108670' ) LIMIT 1   [ RunTime:0.000255s ]

[ 2015-11-22T14:05:54+08:00 ] 127.0.0.1 /guoji/yunwang/CacheApi/?a=SetDetail&appid=201586485090108670&m=Product&name=detail&nonce_str=osin3ugoe8g7tnskhrf52ijn4y5da4y3&time_stamp=1448172354&version=1.0
INFO: [ app_begin ] --START--
INFO: ReadHtmlCache Behavior ::run [ RunTime:0.001228s ]
INFO: [ app_begin ] --END-- [ RunTime:0.001311s ]
NOTIC: [8] Undefined index: session_id D:\wamp\www\guoji\yunwang\ThinkPHP\Common\functions.php 第 581 行.
SQL: SHOW COLUMNS FROM `zy_api` [ RunTime:0.003750s ]
SQL: SELECT * FROM `zy_api` WHERE ( `py_name` = 'cache' ) AND ( `appid` = '201586485090108670' ) LIMIT 1   [ RunTime:0.000301s ]
SQL: SHOW COLUMNS FROM `zy_product` [ RunTime:0.004015s ]
SQL: SELECT * FROM `zy_product` WHERE ( `id` IN ('12') )  [ RunTime:0.000342s ]
SQL: SHOW COLUMNS FROM `zy_pic` [ RunTime:0.003599s ]
SQL: SELECT `domain`,`filepath`,`is_thumb` FROM `zy_pic` WHERE ( `source` = 'Product' ) AND ( `sourceid` = 12 )  [ RunTime:0.000213s ]
NOTIC: [8] Undefined variable: mysign D:\wamp\www\guoji\yunwang\interface\Cache\ApiCache.class.php 第 53 行.
NOTIC: [8] Undefined index: from D:\wamp\www\guoji\yunwang\CacheApi\Cache\Lib\Action\ProductAction.class.php 第 30 行.
NOTIC: [8] Undefined index: expire D:\wamp\www\guoji\yunwang\CacheApi\Cache\Lib\Action\CommonAction.class.php 第 77 行.
NOTIC: [8] Undefined index: expire D:\wamp\www\guoji\yunwang\CacheApi\Cache\Lib\Action\CommonAction.class.php 第 82 行.
NOTIC: [8] Undefined index: status D:\wamp\www\guoji\yunwang\CacheApi\Cache\Lib\Action\ProductAction.class.php 第 39 行.

[ 2015-11-22T14:05:55+08:00 ] 127.0.0.1 /guoji/yunwang/CacheApi/?a=Get&appid=201586485090108670&m=Local&name=list&nonce_str=gewks2a07qzisxfcayae8v3s0vq48zr0&time_stamp=1448172355&version=1.0
INFO: [ app_begin ] --START--
INFO: ReadHtmlCache Behavior ::run [ RunTime:0.001176s ]
INFO: [ app_begin ] --END-- [ RunTime:0.001256s ]
NOTIC: [8] Undefined index: session_id D:\wamp\www\guoji\yunwang\ThinkPHP\Common\functions.php 第 581 行.
NOTIC: [2048] Declaration of LocalAction::Get() should be compatible with that of Action::get() D:\wamp\www\guoji\yunwang\CacheApi\Cache\Lib\Action\LocalAction.class.php 第 3 行.
SQL: SHOW COLUMNS FROM `zy_api` [ RunTime:0.003994s ]
SQL: SELECT * FROM `zy_api` WHERE ( `py_name` = 'cache' ) AND ( `appid` = '201586485090108670' ) LIMIT 1   [ RunTime:0.000274s ]

[ 2015-11-22T14:05:56+08:00 ] 127.0.0.1 /guoji/yunwang/CacheApi/?a=Get&appid=201586485090108670&m=Local&name=list&nonce_str=dko42huj3grr6c1t4cqqkc5jpz3v2t4n&time_stamp=1448172356&version=1.0
INFO: [ app_begin ] --START--
INFO: ReadHtmlCache Behavior ::run [ RunTime:0.001189s ]
INFO: [ app_begin ] --END-- [ RunTime:0.001274s ]
NOTIC: [8] Undefined index: session_id D:\wamp\www\guoji\yunwang\ThinkPHP\Common\functions.php 第 581 行.
NOTIC: [2048] Declaration of LocalAction::Get() should be compatible with that of Action::get() D:\wamp\www\guoji\yunwang\CacheApi\Cache\Lib\Action\LocalAction.class.php 第 3 行.
SQL: SHOW COLUMNS FROM `zy_api` [ RunTime:0.003889s ]
SQL: SELECT * FROM `zy_api` WHERE ( `py_name` = 'cache' ) AND ( `appid` = '201586485090108670' ) LIMIT 1   [ RunTime:0.000271s ]

[ 2015-11-22T14:06:02+08:00 ] 127.0.0.1 /guoji/yunwang/CacheApi/?a=Get&appid=201586485090108670&m=Local&name=list&nonce_str=luhioykcp12c86hvl88kpw2325fsuv6p&time_stamp=1448172362&version=1.0
INFO: [ app_begin ] --START--
INFO: ReadHtmlCache Behavior ::run [ RunTime:0.001178s ]
INFO: [ app_begin ] --END-- [ RunTime:0.001260s ]
NOTIC: [8] Undefined index: session_id D:\wamp\www\guoji\yunwang\ThinkPHP\Common\functions.php 第 581 行.
NOTIC: [2048] Declaration of LocalAction::Get() should be compatible with that of Action::get() D:\wamp\www\guoji\yunwang\CacheApi\Cache\Lib\Action\LocalAction.class.php 第 3 行.
SQL: SHOW COLUMNS FROM `zy_api` [ RunTime:0.003656s ]
SQL: SELECT * FROM `zy_api` WHERE ( `py_name` = 'cache' ) AND ( `appid` = '201586485090108670' ) LIMIT 1   [ RunTime:0.000239s ]

[ 2015-11-22T14:06:03+08:00 ] 127.0.0.1 /guoji/yunwang/CacheApi/?a=SetDetail&appid=201586485090108670&m=Product&name=detail&nonce_str=4346hr8et53gewqf7pn7omguksgu6k7w&time_stamp=1448172362&version=1.0
INFO: [ app_begin ] --START--
INFO: ReadHtmlCache Behavior ::run [ RunTime:0.001258s ]
INFO: [ app_begin ] --END-- [ RunTime:0.001340s ]
NOTIC: [8] Undefined index: session_id D:\wamp\www\guoji\yunwang\ThinkPHP\Common\functions.php 第 581 行.
SQL: SHOW COLUMNS FROM `zy_api` [ RunTime:0.003744s ]
SQL: SELECT * FROM `zy_api` WHERE ( `py_name` = 'cache' ) AND ( `appid` = '201586485090108670' ) LIMIT 1   [ RunTime:0.000281s ]
SQL: SHOW COLUMNS FROM `zy_product` [ RunTime:0.004145s ]
SQL: SELECT * FROM `zy_product` WHERE ( `id` IN ('12') )  [ RunTime:0.000308s ]
SQL: SHOW COLUMNS FROM `zy_pic` [ RunTime:0.003699s ]
SQL: SELECT `domain`,`filepath`,`is_thumb` FROM `zy_pic` WHERE ( `source` = 'Product' ) AND ( `sourceid` = 12 )  [ RunTime:0.000210s ]
NOTIC: [8] Undefined variable: mysign D:\wamp\www\guoji\yunwang\interface\Cache\ApiCache.class.php 第 53 行.
NOTIC: [8] Undefined index: from D:\wamp\www\guoji\yunwang\CacheApi\Cache\Lib\Action\ProductAction.class.php 第 30 行.
NOTIC: [8] Undefined index: expire D:\wamp\www\guoji\yunwang\CacheApi\Cache\Lib\Action\CommonAction.class.php 第 77 行.
NOTIC: [8] Undefined index: expire D:\wamp\www\guoji\yunwang\CacheApi\Cache\Lib\Action\CommonAction.class.php 第 82 行.
NOTIC: [8] Undefined index: status D:\wamp\www\guoji\yunwang\CacheApi\Cache\Lib\Action\ProductAction.class.php 第 39 行.

[ 2015-11-22T14:06:04+08:00 ] 127.0.0.1 /guoji/yunwang/CacheApi/?a=Get&appid=201586485090108670&m=Local&name=list&nonce_str=xsz0b048fiqdj1o94h2op1uy36at287q&time_stamp=1448172364&version=1.0
INFO: [ app_begin ] --START--
INFO: ReadHtmlCache Behavior ::run [ RunTime:0.001494s ]
INFO: [ app_begin ] --END-- [ RunTime:0.001688s ]
NOTIC: [8] Undefined index: session_id D:\wamp\www\guoji\yunwang\ThinkPHP\Common\functions.php 第 581 行.
NOTIC: [2048] Declaration of LocalAction::Get() should be compatible with that of Action::get() D:\wamp\www\guoji\yunwang\CacheApi\Cache\Lib\Action\LocalAction.class.php 第 3 行.
SQL: SHOW COLUMNS FROM `zy_api` [ RunTime:0.003691s ]
SQL: SELECT * FROM `zy_api` WHERE ( `py_name` = 'cache' ) AND ( `appid` = '201586485090108670' ) LIMIT 1   [ RunTime:0.000263s ]

[ 2015-11-22T14:06:05+08:00 ] 127.0.0.1 /guoji/yunwang/CacheApi/?a=Get&appid=201586485090108670&m=Local&name=list&nonce_str=rwh9cpxn86jobisv6jxr2roomb5prksv&time_stamp=1448172365&version=1.0
INFO: [ app_begin ] --START--
INFO: ReadHtmlCache Behavior ::run [ RunTime:0.001265s ]
INFO: [ app_begin ] --END-- [ RunTime:0.001369s ]
NOTIC: [8] Undefined index: session_id D:\wamp\www\guoji\yunwang\ThinkPHP\Common\functions.php 第 581 行.
NOTIC: [2048] Declaration of LocalAction::Get() should be compatible with that of Action::get() D:\wamp\www\guoji\yunwang\CacheApi\Cache\Lib\Action\LocalAction.class.php 第 3 行.
SQL: SHOW COLUMNS FROM `zy_api` [ RunTime:0.004260s ]
SQL: SELECT * FROM `zy_api` WHERE ( `py_name` = 'cache' ) AND ( `appid` = '201586485090108670' ) LIMIT 1   [ RunTime:0.000294s ]

