[ 2015-10-07T10:39:05+08:00 ] 127.0.0.1 /guoji/yunwang/CacheApi/?a=Get&appid=201586485090108670&m=Local&name=list&nonce_str=pfomzh9oobrw6utdhzhn0ig50jdcawzw&time_stamp=1444185545&version=1.0
INFO: [ app_begin ] --START--
INFO: ReadHtmlCache Behavior ::run [ RunTime:0.002711s ]
INFO: [ app_begin ] --END-- [ RunTime:0.002915s ]
NOTIC: [8] Undefined index: session_id D:\wamp\www\guoji\yunwang\ThinkPHP\Common\functions.php 第 581 行.
NOTIC: [2048] Declaration of LocalAction::Get() should be compatible with that of Action::get() D:\wamp\www\guoji\yunwang\CacheApi\Cache\Lib\Action\LocalAction.class.php 第 3 行.
SQL: SHOW COLUMNS FROM `zy_api` [ RunTime:0.004192s ]
SQL: SELECT * FROM `zy_api` WHERE ( `appid` = '201586485090108670' ) LIMIT 1   [ RunTime:0.000210s ]

[ 2015-10-07T10:39:07+08:00 ] 127.0.0.1 /guoji/yunwang/CacheApi/?a=Get&appid=201586485090108670&m=Local&name=list&nonce_str=nusx9lzs02lhwgffu9rbn7vbhjpmq5t4&time_stamp=1444185547&version=1.0
INFO: [ app_begin ] --START--
INFO: ReadHtmlCache Behavior ::run [ RunTime:0.002579s ]
INFO: [ app_begin ] --END-- [ RunTime:0.002798s ]
NOTIC: [8] Undefined index: session_id D:\wamp\www\guoji\yunwang\ThinkPHP\Common\functions.php 第 581 行.
NOTIC: [2048] Declaration of LocalAction::Get() should be compatible with that of Action::get() D:\wamp\www\guoji\yunwang\CacheApi\Cache\Lib\Action\LocalAction.class.php 第 3 行.
SQL: SHOW COLUMNS FROM `zy_api` [ RunTime:0.003751s ]
SQL: SELECT * FROM `zy_api` WHERE ( `appid` = '201586485090108670' ) LIMIT 1   [ RunTime:0.000193s ]

[ 2015-10-07T10:39:31+08:00 ] 127.0.0.1 /guoji/yunwang/CacheApi/?a=Get&appid=201586485090108670&m=Local&name=list&nonce_str=2lzw34v2ftpkrvoz3fdcs618ssd45m3p&time_stamp=1444185571&version=1.0
INFO: [ app_begin ] --START--
INFO: ReadHtmlCache Behavior ::run [ RunTime:0.001865s ]
INFO: [ app_begin ] --END-- [ RunTime:0.001954s ]
NOTIC: [8] Undefined index: session_id D:\wamp\www\guoji\yunwang\ThinkPHP\Common\functions.php 第 581 行.
NOTIC: [2048] Declaration of LocalAction::Get() should be compatible with that of Action::get() D:\wamp\www\guoji\yunwang\CacheApi\Cache\Lib\Action\LocalAction.class.php 第 3 行.
SQL: SHOW COLUMNS FROM `zy_api` [ RunTime:0.004605s ]
SQL: SELECT * FROM `zy_api` WHERE ( `appid` = '201586485090108670' ) LIMIT 1   [ RunTime:0.000282s ]

[ 2015-10-07T10:39:40+08:00 ] 127.0.0.1 /guoji/yunwang/CacheApi/?a=Get&appid=201586485090108670&m=Local&name=list&nonce_str=7aoa6bidn3ga1grci0plj302hgi04way&time_stamp=1444185580&version=1.0
INFO: [ app_begin ] --START--
INFO: ReadHtmlCache Behavior ::run [ RunTime:0.001609s ]
INFO: [ app_begin ] --END-- [ RunTime:0.001691s ]
NOTIC: [8] Undefined index: session_id D:\wamp\www\guoji\yunwang\ThinkPHP\Common\functions.php 第 581 行.
NOTIC: [2048] Declaration of LocalAction::Get() should be compatible with that of Action::get() D:\wamp\www\guoji\yunwang\CacheApi\Cache\Lib\Action\LocalAction.class.php 第 3 行.
SQL: SHOW COLUMNS FROM `zy_api` [ RunTime:0.003652s ]
SQL: SELECT * FROM `zy_api` WHERE ( `appid` = '201586485090108670' ) LIMIT 1   [ RunTime:0.001100s ]

[ 2015-10-07T10:44:57+08:00 ] 127.0.0.1 /guoji/yunwang/CacheApi/?a=Get&appid=201586485090108670&m=Local&name=list&nonce_str=ey2jzri68hbjfsi00ddxof9b8kji1tki&time_stamp=1444185897&version=1.0
INFO: [ app_begin ] --START--
INFO: ReadHtmlCache Behavior ::run [ RunTime:0.001948s ]
INFO: [ app_begin ] --END-- [ RunTime:0.002044s ]
NOTIC: [8] Undefined index: session_id D:\wamp\www\guoji\yunwang\ThinkPHP\Common\functions.php 第 581 行.
NOTIC: [2048] Declaration of LocalAction::Get() should be compatible with that of Action::get() D:\wamp\www\guoji\yunwang\CacheApi\Cache\Lib\Action\LocalAction.class.php 第 3 行.
SQL: SHOW COLUMNS FROM `zy_api` [ RunTime:0.003850s ]
SQL: SELECT * FROM `zy_api` WHERE ( `appid` = '201586485090108670' ) LIMIT 1   [ RunTime:0.000210s ]

[ 2015-10-07T10:45:43+08:00 ] 127.0.0.1 /guoji/yunwang/CacheApi/?a=Get&appid=201586485090108670&m=Local&name=list&nonce_str=nfo6fze7phtz70w8r1h8yh93mx2n880d&time_stamp=1444185943&version=1.0
INFO: [ app_begin ] --START--
INFO: ReadHtmlCache Behavior ::run [ RunTime:0.002248s ]
INFO: [ app_begin ] --END-- [ RunTime:0.002419s ]
NOTIC: [8] Undefined index: session_id D:\wamp\www\guoji\yunwang\ThinkPHP\Common\functions.php 第 581 行.
NOTIC: [2048] Declaration of LocalAction::Get() should be compatible with that of Action::get() D:\wamp\www\guoji\yunwang\CacheApi\Cache\Lib\Action\LocalAction.class.php 第 3 行.
SQL: SHOW COLUMNS FROM `zy_api` [ RunTime:0.003626s ]
SQL: SELECT * FROM `zy_api` WHERE ( `appid` = '201586485090108670' ) LIMIT 1   [ RunTime:0.001069s ]

[ 2015-10-07T11:15:33+08:00 ] 127.0.0.1 /guoji/yunwang/CacheApi/?a=Get&appid=201586485090108670&m=Local&name=list&nonce_str=zip17izx4hmz8n1ms73bqisyhpb6x90y&time_stamp=1444187733&version=1.0
INFO: [ app_begin ] --START--
INFO: ReadHtmlCache Behavior ::run [ RunTime:0.003118s ]
INFO: [ app_begin ] --END-- [ RunTime:0.003271s ]
NOTIC: [8] Undefined index: session_id D:\wamp\www\guoji\yunwang\ThinkPHP\Common\functions.php 第 581 行.
NOTIC: [2048] Declaration of LocalAction::Get() should be compatible with that of Action::get() D:\wamp\www\guoji\yunwang\CacheApi\Cache\Lib\Action\LocalAction.class.php 第 3 行.
SQL: SHOW COLUMNS FROM `zy_api` [ RunTime:0.004275s ]
SQL: SELECT * FROM `zy_api` WHERE ( `appid` = '201586485090108670' ) LIMIT 1   [ RunTime:0.000242s ]

[ 2015-10-07T11:15:59+08:00 ] 127.0.0.1 /guoji/yunwang/CacheApi/?a=Get&appid=201586485090108670&m=Local&name=list&nonce_str=ameortexui2ardec3h8xvxafx5lqxlkc&time_stamp=1444187759&version=1.0
INFO: [ app_begin ] --START--
INFO: ReadHtmlCache Behavior ::run [ RunTime:0.002017s ]
INFO: [ app_begin ] --END-- [ RunTime:0.002109s ]
NOTIC: [8] Undefined index: session_id D:\wamp\www\guoji\yunwang\ThinkPHP\Common\functions.php 第 581 行.
NOTIC: [2048] Declaration of LocalAction::Get() should be compatible with that of Action::get() D:\wamp\www\guoji\yunwang\CacheApi\Cache\Lib\Action\LocalAction.class.php 第 3 行.
SQL: SHOW COLUMNS FROM `zy_api` [ RunTime:0.003569s ]
SQL: SELECT * FROM `zy_api` WHERE ( `appid` = '201586485090108670' ) LIMIT 1   [ RunTime:0.000223s ]

[ 2015-10-07T11:16:07+08:00 ] 127.0.0.1 /guoji/yunwang/CacheApi/?a=Get&appid=201586485090108670&m=Local&name=list&nonce_str=1dyy8zqt52si4iv3am361metgmgrcttw&time_stamp=1444187767&version=1.0
INFO: [ app_begin ] --START--
INFO: ReadHtmlCache Behavior ::run [ RunTime:0.001608s ]
INFO: [ app_begin ] --END-- [ RunTime:0.001693s ]
NOTIC: [8] Undefined index: session_id D:\wamp\www\guoji\yunwang\ThinkPHP\Common\functions.php 第 581 行.
NOTIC: [2048] Declaration of LocalAction::Get() should be compatible with that of Action::get() D:\wamp\www\guoji\yunwang\CacheApi\Cache\Lib\Action\LocalAction.class.php 第 3 行.
SQL: SHOW COLUMNS FROM `zy_api` [ RunTime:0.004498s ]
SQL: SELECT * FROM `zy_api` WHERE ( `appid` = '201586485090108670' ) LIMIT 1   [ RunTime:0.000241s ]

[ 2015-10-07T11:16:39+08:00 ] 127.0.0.1 /guoji/yunwang/CacheApi/?a=Get&appid=201586485090108670&m=Local&name=list&nonce_str=t6p7j25mopx3nmnzr24pq81ei8s4c9ju&time_stamp=1444187799&version=1.0
INFO: [ app_begin ] --START--
INFO: ReadHtmlCache Behavior ::run [ RunTime:0.001908s ]
INFO: [ app_begin ] --END-- [ RunTime:0.001993s ]
NOTIC: [8] Undefined index: session_id D:\wamp\www\guoji\yunwang\ThinkPHP\Common\functions.php 第 581 行.
NOTIC: [2048] Declaration of LocalAction::Get() should be compatible with that of Action::get() D:\wamp\www\guoji\yunwang\CacheApi\Cache\Lib\Action\LocalAction.class.php 第 3 行.
SQL: SHOW COLUMNS FROM `zy_api` [ RunTime:0.005510s ]
SQL: SELECT * FROM `zy_api` WHERE ( `appid` = '201586485090108670' ) LIMIT 1   [ RunTime:0.000289s ]

[ 2015-10-07T11:16:44+08:00 ] 127.0.0.1 /guoji/yunwang/CacheApi/?a=Get&appid=201586485090108670&m=Local&name=list&nonce_str=wjzscoc5m9k7fxm6cuvhfuc00xn36x2z&time_stamp=1444187804&version=1.0
INFO: [ app_begin ] --START--
INFO: ReadHtmlCache Behavior ::run [ RunTime:0.002131s ]
INFO: [ app_begin ] --END-- [ RunTime:0.002428s ]
NOTIC: [8] Undefined index: session_id D:\wamp\www\guoji\yunwang\ThinkPHP\Common\functions.php 第 581 行.
NOTIC: [2048] Declaration of LocalAction::Get() should be compatible with that of Action::get() D:\wamp\www\guoji\yunwang\CacheApi\Cache\Lib\Action\LocalAction.class.php 第 3 行.
SQL: SHOW COLUMNS FROM `zy_api` [ RunTime:0.003679s ]
SQL: SELECT * FROM `zy_api` WHERE ( `appid` = '201586485090108670' ) LIMIT 1   [ RunTime:0.000255s ]

[ 2015-10-07T11:16:45+08:00 ] 127.0.0.1 /guoji/yunwang/CacheApi/?a=Get&appid=201586485090108670&m=Local&name=list&nonce_str=gege9d9wx7ezah7dtfo95q4bkvyk65m9&time_stamp=1444187805&version=1.0
INFO: [ app_begin ] --START--
INFO: ReadHtmlCache Behavior ::run [ RunTime:0.001937s ]
INFO: [ app_begin ] --END-- [ RunTime:0.002037s ]
NOTIC: [8] Undefined index: session_id D:\wamp\www\guoji\yunwang\ThinkPHP\Common\functions.php 第 581 行.
NOTIC: [2048] Declaration of LocalAction::Get() should be compatible with that of Action::get() D:\wamp\www\guoji\yunwang\CacheApi\Cache\Lib\Action\LocalAction.class.php 第 3 行.
SQL: SHOW COLUMNS FROM `zy_api` [ RunTime:0.007107s ]
SQL: SELECT * FROM `zy_api` WHERE ( `appid` = '201586485090108670' ) LIMIT 1   [ RunTime:0.000779s ]

[ 2015-10-07T11:17:34+08:00 ] 127.0.0.1 /guoji/yunwang/CacheApi/?a=Get&appid=201586485090108670&m=Local&name=list&nonce_str=s4x1m2p1upz4c0ov2cbupbgscocvvpmb&time_stamp=1444187854&version=1.0
INFO: [ app_begin ] --START--
INFO: ReadHtmlCache Behavior ::run [ RunTime:0.001844s ]
INFO: [ app_begin ] --END-- [ RunTime:0.001934s ]
NOTIC: [8] Undefined index: session_id D:\wamp\www\guoji\yunwang\ThinkPHP\Common\functions.php 第 581 行.
NOTIC: [2048] Declaration of LocalAction::Get() should be compatible with that of Action::get() D:\wamp\www\guoji\yunwang\CacheApi\Cache\Lib\Action\LocalAction.class.php 第 3 行.
SQL: SHOW COLUMNS FROM `zy_api` [ RunTime:0.003435s ]
SQL: SELECT * FROM `zy_api` WHERE ( `appid` = '201586485090108670' ) LIMIT 1   [ RunTime:0.000190s ]

[ 2015-10-07T11:17:37+08:00 ] 127.0.0.1 /guoji/yunwang/CacheApi/?a=Get&appid=201586485090108670&m=Local&name=list&nonce_str=20227o09fjex6du0t4h9izis0i2ki4ow&time_stamp=1444187857&version=1.0
INFO: [ app_begin ] --START--
INFO: ReadHtmlCache Behavior ::run [ RunTime:0.001777s ]
INFO: [ app_begin ] --END-- [ RunTime:0.001864s ]
NOTIC: [8] Undefined index: session_id D:\wamp\www\guoji\yunwang\ThinkPHP\Common\functions.php 第 581 行.
NOTIC: [2048] Declaration of LocalAction::Get() should be compatible with that of Action::get() D:\wamp\www\guoji\yunwang\CacheApi\Cache\Lib\Action\LocalAction.class.php 第 3 行.
SQL: SHOW COLUMNS FROM `zy_api` [ RunTime:0.004421s ]
SQL: SELECT * FROM `zy_api` WHERE ( `appid` = '201586485090108670' ) LIMIT 1   [ RunTime:0.000213s ]

[ 2015-10-07T11:18:00+08:00 ] 127.0.0.1 /guoji/yunwang/CacheApi/?a=Get&appid=201586485090108670&m=Local&name=list&nonce_str=776c0f7jar62pb7wboukam2wy6l43l9h&time_stamp=1444187880&version=1.0
INFO: [ app_begin ] --START--
INFO: ReadHtmlCache Behavior ::run [ RunTime:0.001746s ]
INFO: [ app_begin ] --END-- [ RunTime:0.001831s ]
NOTIC: [8] Undefined index: session_id D:\wamp\www\guoji\yunwang\ThinkPHP\Common\functions.php 第 581 行.
NOTIC: [2048] Declaration of LocalAction::Get() should be compatible with that of Action::get() D:\wamp\www\guoji\yunwang\CacheApi\Cache\Lib\Action\LocalAction.class.php 第 3 行.
SQL: SHOW COLUMNS FROM `zy_api` [ RunTime:0.004411s ]
SQL: SELECT * FROM `zy_api` WHERE ( `appid` = '201586485090108670' ) LIMIT 1   [ RunTime:0.000225s ]

[ 2015-10-07T11:20:13+08:00 ] 127.0.0.1 /guoji/yunwang/CacheApi/?a=Get&appid=201586485090108670&m=Local&name=list&nonce_str=9znd45xm3mqr5joadweh0e7p546vd3ly&time_stamp=1444188013&version=1.0
INFO: [ app_begin ] --START--
INFO: ReadHtmlCache Behavior ::run [ RunTime:0.001831s ]
INFO: [ app_begin ] --END-- [ RunTime:0.001910s ]
NOTIC: [8] Undefined index: session_id D:\wamp\www\guoji\yunwang\ThinkPHP\Common\functions.php 第 581 行.
NOTIC: [2048] Declaration of LocalAction::Get() should be compatible with that of Action::get() D:\wamp\www\guoji\yunwang\CacheApi\Cache\Lib\Action\LocalAction.class.php 第 3 行.
SQL: SHOW COLUMNS FROM `zy_api` [ RunTime:0.003470s ]
SQL: SELECT * FROM `zy_api` WHERE ( `appid` = '201586485090108670' ) LIMIT 1   [ RunTime:0.000189s ]

[ 2015-10-07T11:20:14+08:00 ] 127.0.0.1 /guoji/yunwang/CacheApi/?a=Get&appid=201586485090108670&m=Local&name=list&nonce_str=6znc71ux39i07kmsg5tvkwz28isawn1d&time_stamp=1444188014&version=1.0
INFO: [ app_begin ] --START--
INFO: ReadHtmlCache Behavior ::run [ RunTime:0.001835s ]
INFO: [ app_begin ] --END-- [ RunTime:0.001945s ]
NOTIC: [8] Undefined index: session_id D:\wamp\www\guoji\yunwang\ThinkPHP\Common\functions.php 第 581 行.
NOTIC: [2048] Declaration of LocalAction::Get() should be compatible with that of Action::get() D:\wamp\www\guoji\yunwang\CacheApi\Cache\Lib\Action\LocalAction.class.php 第 3 行.
SQL: SHOW COLUMNS FROM `zy_api` [ RunTime:0.053542s ]
SQL: SELECT * FROM `zy_api` WHERE ( `appid` = '201586485090108670' ) LIMIT 1   [ RunTime:0.000304s ]

[ 2015-10-07T11:20:15+08:00 ] 127.0.0.1 /guoji/yunwang/CacheApi/?a=Get&appid=201586485090108670&m=Local&name=list&nonce_str=sxo6jjcqpmqwcu8uce2waz99cm7p1fk4&time_stamp=1444188014&version=1.0
INFO: [ app_begin ] --START--
INFO: ReadHtmlCache Behavior ::run [ RunTime:0.001593s ]
INFO: [ app_begin ] --END-- [ RunTime:0.001677s ]
NOTIC: [8] Undefined index: session_id D:\wamp\www\guoji\yunwang\ThinkPHP\Common\functions.php 第 581 行.
NOTIC: [2048] Declaration of LocalAction::Get() should be compatible with that of Action::get() D:\wamp\www\guoji\yunwang\CacheApi\Cache\Lib\Action\LocalAction.class.php 第 3 行.
SQL: SHOW COLUMNS FROM `zy_api` [ RunTime:0.003518s ]
SQL: SELECT * FROM `zy_api` WHERE ( `appid` = '201586485090108670' ) LIMIT 1   [ RunTime:0.000228s ]

[ 2015-10-07T11:20:33+08:00 ] 127.0.0.1 /guoji/yunwang/CacheApi/?a=Get&appid=201586485090108670&m=Local&name=list&nonce_str=uy1la40dva1h2yegx2h7qkmuhkp7rx17&time_stamp=1444188033&version=1.0
INFO: [ app_begin ] --START--
INFO: ReadHtmlCache Behavior ::run [ RunTime:0.002643s ]
INFO: [ app_begin ] --END-- [ RunTime:0.002826s ]
NOTIC: [8] Undefined index: session_id D:\wamp\www\guoji\yunwang\ThinkPHP\Common\functions.php 第 581 行.
NOTIC: [2048] Declaration of LocalAction::Get() should be compatible with that of Action::get() D:\wamp\www\guoji\yunwang\CacheApi\Cache\Lib\Action\LocalAction.class.php 第 3 行.
SQL: SHOW COLUMNS FROM `zy_api` [ RunTime:0.004921s ]
SQL: SELECT * FROM `zy_api` WHERE ( `appid` = '201586485090108670' ) LIMIT 1   [ RunTime:0.000492s ]

[ 2015-10-07T11:20:36+08:00 ] 127.0.0.1 /guoji/yunwang/CacheApi/?a=Get&appid=201586485090108670&m=Local&name=list&nonce_str=7y9w1627zlagincy72bgcpbli5btp6lw&time_stamp=1444188035&version=1.0
INFO: [ app_begin ] --START--
INFO: ReadHtmlCache Behavior ::run [ RunTime:0.002362s ]
INFO: [ app_begin ] --END-- [ RunTime:0.002580s ]
NOTIC: [8] Undefined index: session_id D:\wamp\www\guoji\yunwang\ThinkPHP\Common\functions.php 第 581 行.
NOTIC: [2048] Declaration of LocalAction::Get() should be compatible with that of Action::get() D:\wamp\www\guoji\yunwang\CacheApi\Cache\Lib\Action\LocalAction.class.php 第 3 行.
SQL: SHOW COLUMNS FROM `zy_api` [ RunTime:0.004673s ]
SQL: SELECT * FROM `zy_api` WHERE ( `appid` = '201586485090108670' ) LIMIT 1   [ RunTime:0.000252s ]

[ 2015-10-07T11:41:55+08:00 ] 127.0.0.1 /guoji/yunwang/CacheApi/?a=Get&appid=201586485090108670&m=Local&name=list&nonce_str=jh0izb24jjrfv9mwj8kz5szqgqp6ip7m&time_stamp=1444189315&version=1.0
INFO: [ app_begin ] --START--
INFO: ReadHtmlCache Behavior ::run [ RunTime:0.001944s ]
INFO: [ app_begin ] --END-- [ RunTime:0.002034s ]
NOTIC: [8] Undefined index: session_id D:\wamp\www\guoji\yunwang\ThinkPHP\Common\functions.php 第 581 行.
NOTIC: [2048] Declaration of LocalAction::Get() should be compatible with that of Action::get() D:\wamp\www\guoji\yunwang\CacheApi\Cache\Lib\Action\LocalAction.class.php 第 3 行.
SQL: SHOW COLUMNS FROM `zy_api` [ RunTime:0.005283s ]
SQL: SELECT * FROM `zy_api` WHERE ( `appid` = '201586485090108670' ) LIMIT 1   [ RunTime:0.000276s ]

[ 2015-10-07T11:42:07+08:00 ] 127.0.0.1 /guoji/yunwang/CacheApi/?a=Get&appid=201586485090108670&m=Local&name=list&nonce_str=96gep7oxmp5txhei9k37cutmh6kej199&time_stamp=1444189327&version=1.0
INFO: [ app_begin ] --START--
INFO: ReadHtmlCache Behavior ::run [ RunTime:0.002289s ]
INFO: [ app_begin ] --END-- [ RunTime:0.002454s ]
NOTIC: [8] Undefined index: session_id D:\wamp\www\guoji\yunwang\ThinkPHP\Common\functions.php 第 581 行.
NOTIC: [2048] Declaration of LocalAction::Get() should be compatible with that of Action::get() D:\wamp\www\guoji\yunwang\CacheApi\Cache\Lib\Action\LocalAction.class.php 第 3 行.
SQL: SHOW COLUMNS FROM `zy_api` [ RunTime:0.003632s ]
SQL: SELECT * FROM `zy_api` WHERE ( `appid` = '201586485090108670' ) LIMIT 1   [ RunTime:0.000295s ]

[ 2015-10-07T11:42:08+08:00 ] 127.0.0.1 /guoji/yunwang/CacheApi/?a=Get&appid=201586485090108670&m=Local&name=list&nonce_str=gfdyy80ukjn6qda0ntdolqpwbi5d2chc&time_stamp=1444189328&version=1.0
INFO: [ app_begin ] --START--
INFO: ReadHtmlCache Behavior ::run [ RunTime:0.001356s ]
INFO: [ app_begin ] --END-- [ RunTime:0.001438s ]
NOTIC: [8] Undefined index: session_id D:\wamp\www\guoji\yunwang\ThinkPHP\Common\functions.php 第 581 行.
NOTIC: [2048] Declaration of LocalAction::Get() should be compatible with that of Action::get() D:\wamp\www\guoji\yunwang\CacheApi\Cache\Lib\Action\LocalAction.class.php 第 3 行.
SQL: SHOW COLUMNS FROM `zy_api` [ RunTime:0.003544s ]
SQL: SELECT * FROM `zy_api` WHERE ( `appid` = '201586485090108670' ) LIMIT 1   [ RunTime:0.000513s ]

[ 2015-10-07T11:53:10+08:00 ] 127.0.0.1 /guoji/yunwang/CacheApi/?a=Get&appid=201586485090108670&m=Local&name=list&nonce_str=qyx235rojj60psfypbno0ovymfxhl9sv&time_stamp=1444189990&version=1.0
INFO: [ app_begin ] --START--
INFO: ReadHtmlCache Behavior ::run [ RunTime:0.002219s ]
INFO: [ app_begin ] --END-- [ RunTime:0.002314s ]
NOTIC: [8] Undefined index: session_id D:\wamp\www\guoji\yunwang\ThinkPHP\Common\functions.php 第 581 行.
NOTIC: [2048] Declaration of LocalAction::Get() should be compatible with that of Action::get() D:\wamp\www\guoji\yunwang\CacheApi\Cache\Lib\Action\LocalAction.class.php 第 3 行.
SQL: SHOW COLUMNS FROM `zy_api` [ RunTime:0.004870s ]
SQL: SELECT * FROM `zy_api` WHERE ( `appid` = '201586485090108670' ) LIMIT 1   [ RunTime:0.000289s ]

[ 2015-10-07T11:53:27+08:00 ] 127.0.0.1 /guoji/yunwang/CacheApi/?a=Get&appid=201586485090108670&m=Local&name=list&nonce_str=pbiec2kg7j9t3d63l65gl3dc297e2csr&time_stamp=1444190007&version=1.0
INFO: [ app_begin ] --START--
INFO: ReadHtmlCache Behavior ::run [ RunTime:0.002020s ]
INFO: [ app_begin ] --END-- [ RunTime:0.002121s ]
NOTIC: [8] Undefined index: session_id D:\wamp\www\guoji\yunwang\ThinkPHP\Common\functions.php 第 581 行.
NOTIC: [2048] Declaration of LocalAction::Get() should be compatible with that of Action::get() D:\wamp\www\guoji\yunwang\CacheApi\Cache\Lib\Action\LocalAction.class.php 第 3 行.
SQL: SHOW COLUMNS FROM `zy_api` [ RunTime:0.003471s ]
SQL: SELECT * FROM `zy_api` WHERE ( `appid` = '201586485090108670' ) LIMIT 1   [ RunTime:0.000372s ]

[ 2015-10-07T11:53:44+08:00 ] 127.0.0.1 /guoji/yunwang/CacheApi/?a=Get&appid=201586485090108670&m=Local&name=list&nonce_str=1ddv8dfg71iorblafrhh09kc1u321g54&time_stamp=1444190024&version=1.0
INFO: [ app_begin ] --START--
INFO: ReadHtmlCache Behavior ::run [ RunTime:0.001768s ]
INFO: [ app_begin ] --END-- [ RunTime:0.001861s ]
NOTIC: [8] Undefined index: session_id D:\wamp\www\guoji\yunwang\ThinkPHP\Common\functions.php 第 581 行.
NOTIC: [2048] Declaration of LocalAction::Get() should be compatible with that of Action::get() D:\wamp\www\guoji\yunwang\CacheApi\Cache\Lib\Action\LocalAction.class.php 第 3 行.
SQL: SHOW COLUMNS FROM `zy_api` [ RunTime:0.004120s ]
SQL: SELECT * FROM `zy_api` WHERE ( `appid` = '201586485090108670' ) LIMIT 1   [ RunTime:0.000216s ]

[ 2015-10-07T11:53:49+08:00 ] 127.0.0.1 /guoji/yunwang/CacheApi/?a=Get&appid=201586485090108670&m=Local&name=list&nonce_str=2pwxiv3296eosrtjjrf0ukui2eqtt4b0&time_stamp=1444190029&version=1.0
INFO: [ app_begin ] --START--
INFO: ReadHtmlCache Behavior ::run [ RunTime:0.001966s ]
INFO: [ app_begin ] --END-- [ RunTime:0.002058s ]
NOTIC: [8] Undefined index: session_id D:\wamp\www\guoji\yunwang\ThinkPHP\Common\functions.php 第 581 行.
NOTIC: [2048] Declaration of LocalAction::Get() should be compatible with that of Action::get() D:\wamp\www\guoji\yunwang\CacheApi\Cache\Lib\Action\LocalAction.class.php 第 3 行.
SQL: SHOW COLUMNS FROM `zy_api` [ RunTime:0.004384s ]
SQL: SELECT * FROM `zy_api` WHERE ( `appid` = '201586485090108670' ) LIMIT 1   [ RunTime:0.000273s ]

[ 2015-10-07T11:54:19+08:00 ] 127.0.0.1 /guoji/yunwang/CacheApi/?a=Get&appid=201586485090108670&m=Local&name=list&nonce_str=8d29fyg2uj32am07douuj9zfrckgqtkv&time_stamp=1444190059&version=1.0
INFO: [ app_begin ] --START--
INFO: ReadHtmlCache Behavior ::run [ RunTime:0.001837s ]
INFO: [ app_begin ] --END-- [ RunTime:0.001935s ]
NOTIC: [8] Undefined index: session_id D:\wamp\www\guoji\yunwang\ThinkPHP\Common\functions.php 第 581 行.
NOTIC: [2048] Declaration of LocalAction::Get() should be compatible with that of Action::get() D:\wamp\www\guoji\yunwang\CacheApi\Cache\Lib\Action\LocalAction.class.php 第 3 行.
SQL: SHOW COLUMNS FROM `zy_api` [ RunTime:0.004625s ]
SQL: SELECT * FROM `zy_api` WHERE ( `appid` = '201586485090108670' ) LIMIT 1   [ RunTime:0.000265s ]

[ 2015-10-07T11:54:28+08:00 ] 127.0.0.1 /guoji/yunwang/CacheApi/?a=Get&appid=201586485090108670&m=Local&name=list&nonce_str=94dne5gf08ymoezou3wttrvpynw9ugxq&time_stamp=1444190068&version=1.0
INFO: [ app_begin ] --START--
INFO: ReadHtmlCache Behavior ::run [ RunTime:0.001336s ]
INFO: [ app_begin ] --END-- [ RunTime:0.001427s ]
NOTIC: [8] Undefined index: session_id D:\wamp\www\guoji\yunwang\ThinkPHP\Common\functions.php 第 581 行.
NOTIC: [2048] Declaration of LocalAction::Get() should be compatible with that of Action::get() D:\wamp\www\guoji\yunwang\CacheApi\Cache\Lib\Action\LocalAction.class.php 第 3 行.
SQL: SHOW COLUMNS FROM `zy_api` [ RunTime:0.003469s ]
SQL: SELECT * FROM `zy_api` WHERE ( `appid` = '201586485090108670' ) LIMIT 1   [ RunTime:0.000263s ]

[ 2015-10-07T11:54:53+08:00 ] 127.0.0.1 /guoji/yunwang/CacheApi/?a=Get&appid=201586485090108670&m=Local&name=list&nonce_str=49b08ywxyfps9h8ewowwmhchyxti53tu&time_stamp=1444190093&version=1.0
INFO: [ app_begin ] --START--
INFO: ReadHtmlCache Behavior ::run [ RunTime:0.001245s ]
INFO: [ app_begin ] --END-- [ RunTime:0.001329s ]
NOTIC: [8] Undefined index: session_id D:\wamp\www\guoji\yunwang\ThinkPHP\Common\functions.php 第 581 行.
NOTIC: [2048] Declaration of LocalAction::Get() should be compatible with that of Action::get() D:\wamp\www\guoji\yunwang\CacheApi\Cache\Lib\Action\LocalAction.class.php 第 3 行.
SQL: SHOW COLUMNS FROM `zy_api` [ RunTime:0.003532s ]
SQL: SELECT * FROM `zy_api` WHERE ( `appid` = '201586485090108670' ) LIMIT 1   [ RunTime:0.000196s ]

[ 2015-10-07T23:20:58+08:00 ] 127.0.0.1 /guoji/yunwang/CacheApi/?a=Get&appid=201586485090108670&m=Local&name=list&nonce_str=ggkpayr30atxr2nzi7zmmjwcp7uuxpoj&time_stamp=1444231258&version=1.0
INFO: [ app_begin ] --START--
INFO: ReadHtmlCache Behavior ::run [ RunTime:0.002331s ]
INFO: [ app_begin ] --END-- [ RunTime:0.002492s ]
NOTIC: [8] Undefined index: session_id D:\wamp\www\guoji\yunwang\ThinkPHP\Common\functions.php 第 581 行.
NOTIC: [2048] Declaration of LocalAction::Get() should be compatible with that of Action::get() D:\wamp\www\guoji\yunwang\CacheApi\Cache\Lib\Action\LocalAction.class.php 第 3 行.
SQL: SHOW COLUMNS FROM `zy_api` [ RunTime:0.004312s ]
SQL: SELECT * FROM `zy_api` WHERE ( `appid` = '201586485090108670' ) LIMIT 1   [ RunTime:0.000617s ]

[ 2015-10-07T23:21:04+08:00 ] 127.0.0.1 /guoji/yunwang/CacheApi/?a=Get&appid=201586485090108670&m=Local&name=list&nonce_str=xcsk25xhsd29zllwm9nzgoiw1nzclqq6&time_stamp=1444231264&version=1.0
INFO: [ app_begin ] --START--
INFO: ReadHtmlCache Behavior ::run [ RunTime:0.001594s ]
INFO: [ app_begin ] --END-- [ RunTime:0.001678s ]
NOTIC: [8] Undefined index: session_id D:\wamp\www\guoji\yunwang\ThinkPHP\Common\functions.php 第 581 行.
NOTIC: [2048] Declaration of LocalAction::Get() should be compatible with that of Action::get() D:\wamp\www\guoji\yunwang\CacheApi\Cache\Lib\Action\LocalAction.class.php 第 3 行.
SQL: SHOW COLUMNS FROM `zy_api` [ RunTime:0.003462s ]
SQL: SELECT * FROM `zy_api` WHERE ( `appid` = '201586485090108670' ) LIMIT 1   [ RunTime:0.000262s ]

[ 2015-10-07T23:25:47+08:00 ] 127.0.0.1 /guoji/yunwang/CacheApi/?a=Get&appid=201586485090108670&m=Local&name=list&nonce_str=6siphzaiiuilk1i4hf7y0uqlpmawe4r5&time_stamp=1444231547&version=1.0
INFO: [ app_begin ] --START--
INFO: ReadHtmlCache Behavior ::run [ RunTime:0.002139s ]
INFO: [ app_begin ] --END-- [ RunTime:0.002254s ]
NOTIC: [8] Undefined index: session_id D:\wamp\www\guoji\yunwang\ThinkPHP\Common\functions.php 第 581 行.
NOTIC: [2048] Declaration of LocalAction::Get() should be compatible with that of Action::get() D:\wamp\www\guoji\yunwang\CacheApi\Cache\Lib\Action\LocalAction.class.php 第 3 行.
SQL: SHOW COLUMNS FROM `zy_api` [ RunTime:0.003560s ]
SQL: SELECT * FROM `zy_api` WHERE ( `appid` = '201586485090108670' ) LIMIT 1   [ RunTime:0.000191s ]

[ 2015-10-07T23:25:49+08:00 ] 127.0.0.1 /guoji/yunwang/CacheApi/?a=Get&appid=201586485090108670&m=Local&name=list&nonce_str=kvxq8cs9rmqo5kisvf5czzbn4f0g3cj3&time_stamp=1444231549&version=1.0
INFO: [ app_begin ] --START--
INFO: ReadHtmlCache Behavior ::run [ RunTime:0.001744s ]
INFO: [ app_begin ] --END-- [ RunTime:0.001824s ]
NOTIC: [8] Undefined index: session_id D:\wamp\www\guoji\yunwang\ThinkPHP\Common\functions.php 第 581 行.
NOTIC: [2048] Declaration of LocalAction::Get() should be compatible with that of Action::get() D:\wamp\www\guoji\yunwang\CacheApi\Cache\Lib\Action\LocalAction.class.php 第 3 行.
SQL: SHOW COLUMNS FROM `zy_api` [ RunTime:0.003580s ]
SQL: SELECT * FROM `zy_api` WHERE ( `appid` = '201586485090108670' ) LIMIT 1   [ RunTime:0.000188s ]

[ 2015-10-07T23:25:49+08:00 ] 127.0.0.1 /guoji/yunwang/CacheApi/?a=Get&appid=201586485090108670&m=Local&name=list&nonce_str=fxbc07hm9d8pgiojkgmqz973p7qo2uc1&time_stamp=1444231549&version=1.0
INFO: [ app_begin ] --START--
INFO: ReadHtmlCache Behavior ::run [ RunTime:0.001687s ]
INFO: [ app_begin ] --END-- [ RunTime:0.001774s ]
NOTIC: [8] Undefined index: session_id D:\wamp\www\guoji\yunwang\ThinkPHP\Common\functions.php 第 581 行.
NOTIC: [2048] Declaration of LocalAction::Get() should be compatible with that of Action::get() D:\wamp\www\guoji\yunwang\CacheApi\Cache\Lib\Action\LocalAction.class.php 第 3 行.
SQL: SHOW COLUMNS FROM `zy_api` [ RunTime:0.006617s ]
SQL: SELECT * FROM `zy_api` WHERE ( `appid` = '201586485090108670' ) LIMIT 1   [ RunTime:0.000224s ]

[ 2015-10-07T23:25:49+08:00 ] 127.0.0.1 /guoji/yunwang/CacheApi/?a=Get&appid=201586485090108670&m=Local&name=list&nonce_str=9vcy2rkltnk23l67wlk7di90dsphvdk7&time_stamp=1444231549&version=1.0
INFO: [ app_begin ] --START--
INFO: ReadHtmlCache Behavior ::run [ RunTime:0.001586s ]
INFO: [ app_begin ] --END-- [ RunTime:0.001718s ]
NOTIC: [8] Undefined index: session_id D:\wamp\www\guoji\yunwang\ThinkPHP\Common\functions.php 第 581 行.
NOTIC: [2048] Declaration of LocalAction::Get() should be compatible with that of Action::get() D:\wamp\www\guoji\yunwang\CacheApi\Cache\Lib\Action\LocalAction.class.php 第 3 行.
SQL: SHOW COLUMNS FROM `zy_api` [ RunTime:0.003549s ]
SQL: SELECT * FROM `zy_api` WHERE ( `appid` = '201586485090108670' ) LIMIT 1   [ RunTime:0.000633s ]

[ 2015-10-07T23:25:49+08:00 ] 127.0.0.1 /guoji/yunwang/CacheApi/?a=Get&appid=201586485090108670&m=Local&name=list&nonce_str=0264ubaje7n1z5ctkwxizhsh320e6ux6&time_stamp=1444231549&version=1.0
INFO: [ app_begin ] --START--
INFO: ReadHtmlCache Behavior ::run [ RunTime:0.001195s ]
INFO: [ app_begin ] --END-- [ RunTime:0.001277s ]
NOTIC: [8] Undefined index: session_id D:\wamp\www\guoji\yunwang\ThinkPHP\Common\functions.php 第 581 行.
NOTIC: [2048] Declaration of LocalAction::Get() should be compatible with that of Action::get() D:\wamp\www\guoji\yunwang\CacheApi\Cache\Lib\Action\LocalAction.class.php 第 3 行.
SQL: SHOW COLUMNS FROM `zy_api` [ RunTime:0.004137s ]
SQL: SELECT * FROM `zy_api` WHERE ( `appid` = '201586485090108670' ) LIMIT 1   [ RunTime:0.000222s ]

[ 2015-10-07T23:29:06+08:00 ] 127.0.0.1 /guoji/yunwang/CacheApi/?a=Get&appid=201586485090108670&m=Local&name=list&nonce_str=tug5rek6jchhs7rem84cejctyut7dqy5&time_stamp=1444231745&version=1.0
INFO: [ app_begin ] --START--
INFO: ReadHtmlCache Behavior ::run [ RunTime:0.001954s ]
INFO: [ app_begin ] --END-- [ RunTime:0.002080s ]
NOTIC: [8] Undefined index: session_id D:\wamp\www\guoji\yunwang\ThinkPHP\Common\functions.php 第 581 行.
NOTIC: [2048] Declaration of LocalAction::Get() should be compatible with that of Action::get() D:\wamp\www\guoji\yunwang\CacheApi\Cache\Lib\Action\LocalAction.class.php 第 3 行.
SQL: SHOW COLUMNS FROM `zy_api` [ RunTime:0.004459s ]
SQL: SELECT * FROM `zy_api` WHERE ( `appid` = '201586485090108670' ) LIMIT 1   [ RunTime:0.000236s ]

[ 2015-10-07T23:29:06+08:00 ] 127.0.0.1 /guoji/yunwang/CacheApi/?a=Get&appid=201586485090108670&m=Local&name=list&nonce_str=byjf1ar03duvtubiw4x10sewnxiztwvh&time_stamp=1444231746&version=1.0
INFO: [ app_begin ] --START--
INFO: ReadHtmlCache Behavior ::run [ RunTime:0.001815s ]
INFO: [ app_begin ] --END-- [ RunTime:0.001908s ]
NOTIC: [8] Undefined index: session_id D:\wamp\www\guoji\yunwang\ThinkPHP\Common\functions.php 第 581 行.
NOTIC: [2048] Declaration of LocalAction::Get() should be compatible with that of Action::get() D:\wamp\www\guoji\yunwang\CacheApi\Cache\Lib\Action\LocalAction.class.php 第 3 行.
SQL: SHOW COLUMNS FROM `zy_api` [ RunTime:0.004153s ]
SQL: SELECT * FROM `zy_api` WHERE ( `appid` = '201586485090108670' ) LIMIT 1   [ RunTime:0.000267s ]

[ 2015-10-07T23:29:06+08:00 ] 127.0.0.1 /guoji/yunwang/CacheApi/?a=Get&appid=201586485090108670&m=Local&name=list&nonce_str=65c511x2twdb64m0y95y1z40bhzib19n&time_stamp=1444231746&version=1.0
INFO: [ app_begin ] --START--
INFO: ReadHtmlCache Behavior ::run [ RunTime:0.001662s ]
INFO: [ app_begin ] --END-- [ RunTime:0.001803s ]
NOTIC: [8] Undefined index: session_id D:\wamp\www\guoji\yunwang\ThinkPHP\Common\functions.php 第 581 行.
NOTIC: [2048] Declaration of LocalAction::Get() should be compatible with that of Action::get() D:\wamp\www\guoji\yunwang\CacheApi\Cache\Lib\Action\LocalAction.class.php 第 3 行.
SQL: SHOW COLUMNS FROM `zy_api` [ RunTime:0.003560s ]
SQL: SELECT * FROM `zy_api` WHERE ( `appid` = '201586485090108670' ) LIMIT 1   [ RunTime:0.000192s ]

[ 2015-10-07T23:29:06+08:00 ] 127.0.0.1 /guoji/yunwang/CacheApi/?a=Get&appid=201586485090108670&m=Local&name=list&nonce_str=vqtcmhxm0nhgac6y8j6r0obi5g438u5e&time_stamp=1444231746&version=1.0
INFO: [ app_begin ] --START--
INFO: ReadHtmlCache Behavior ::run [ RunTime:0.001614s ]
INFO: [ app_begin ] --END-- [ RunTime:0.001703s ]
NOTIC: [8] Undefined index: session_id D:\wamp\www\guoji\yunwang\ThinkPHP\Common\functions.php 第 581 行.
NOTIC: [2048] Declaration of LocalAction::Get() should be compatible with that of Action::get() D:\wamp\www\guoji\yunwang\CacheApi\Cache\Lib\Action\LocalAction.class.php 第 3 行.
SQL: SHOW COLUMNS FROM `zy_api` [ RunTime:0.003572s ]
SQL: SELECT * FROM `zy_api` WHERE ( `appid` = '201586485090108670' ) LIMIT 1   [ RunTime:0.000247s ]

[ 2015-10-07T23:29:26+08:00 ] 127.0.0.1 /guoji/yunwang/CacheApi/?a=Get&appid=201586485090108670&m=Local&name=list&nonce_str=ce1ksw29w34uo6sz2tk00yit4po79jmk&time_stamp=1444231766&version=1.0
INFO: [ app_begin ] --START--
INFO: ReadHtmlCache Behavior ::run [ RunTime:0.001864s ]
INFO: [ app_begin ] --END-- [ RunTime:0.001957s ]
NOTIC: [8] Undefined index: session_id D:\wamp\www\guoji\yunwang\ThinkPHP\Common\functions.php 第 581 行.
NOTIC: [2048] Declaration of LocalAction::Get() should be compatible with that of Action::get() D:\wamp\www\guoji\yunwang\CacheApi\Cache\Lib\Action\LocalAction.class.php 第 3 行.
SQL: SHOW COLUMNS FROM `zy_api` [ RunTime:0.003670s ]
SQL: SELECT * FROM `zy_api` WHERE ( `appid` = '201586485090108670' ) LIMIT 1   [ RunTime:0.000205s ]

[ 2015-10-07T23:29:26+08:00 ] 127.0.0.1 /guoji/yunwang/CacheApi/?a=Get&appid=201586485090108670&m=Local&name=list&nonce_str=0faegbrboolnxui29ey1sa6re5hjffi1&time_stamp=1444231766&version=1.0
INFO: [ app_begin ] --START--
INFO: ReadHtmlCache Behavior ::run [ RunTime:0.002724s ]
INFO: [ app_begin ] --END-- [ RunTime:0.003117s ]
NOTIC: [8] Undefined index: session_id D:\wamp\www\guoji\yunwang\ThinkPHP\Common\functions.php 第 581 行.
NOTIC: [2048] Declaration of LocalAction::Get() should be compatible with that of Action::get() D:\wamp\www\guoji\yunwang\CacheApi\Cache\Lib\Action\LocalAction.class.php 第 3 行.
SQL: SHOW COLUMNS FROM `zy_api` [ RunTime:0.004018s ]
SQL: SELECT * FROM `zy_api` WHERE ( `appid` = '201586485090108670' ) LIMIT 1   [ RunTime:0.000228s ]

[ 2015-10-07T23:29:26+08:00 ] 127.0.0.1 /guoji/yunwang/CacheApi/?a=Get&appid=201586485090108670&m=Local&name=list&nonce_str=94ebs8aspmsdtnsf9ravmmi491qxl376&time_stamp=1444231766&version=1.0
INFO: [ app_begin ] --START--
INFO: ReadHtmlCache Behavior ::run [ RunTime:0.001599s ]
INFO: [ app_begin ] --END-- [ RunTime:0.001684s ]
NOTIC: [8] Undefined index: session_id D:\wamp\www\guoji\yunwang\ThinkPHP\Common\functions.php 第 581 行.
NOTIC: [2048] Declaration of LocalAction::Get() should be compatible with that of Action::get() D:\wamp\www\guoji\yunwang\CacheApi\Cache\Lib\Action\LocalAction.class.php 第 3 行.
SQL: SHOW COLUMNS FROM `zy_api` [ RunTime:0.003688s ]
SQL: SELECT * FROM `zy_api` WHERE ( `appid` = '201586485090108670' ) LIMIT 1   [ RunTime:0.000175s ]

[ 2015-10-07T23:29:26+08:00 ] 127.0.0.1 /guoji/yunwang/CacheApi/?a=Get&appid=201586485090108670&m=Local&name=list&nonce_str=2nyr300ba4e8rgnkacs09cfp3siib9wa&time_stamp=1444231766&version=1.0
INFO: [ app_begin ] --START--
INFO: ReadHtmlCache Behavior ::run [ RunTime:0.002193s ]
INFO: [ app_begin ] --END-- [ RunTime:0.002281s ]
NOTIC: [8] Undefined index: session_id D:\wamp\www\guoji\yunwang\ThinkPHP\Common\functions.php 第 581 行.
NOTIC: [2048] Declaration of LocalAction::Get() should be compatible with that of Action::get() D:\wamp\www\guoji\yunwang\CacheApi\Cache\Lib\Action\LocalAction.class.php 第 3 行.
SQL: SHOW COLUMNS FROM `zy_api` [ RunTime:0.005172s ]
SQL: SELECT * FROM `zy_api` WHERE ( `appid` = '201586485090108670' ) LIMIT 1   [ RunTime:0.000237s ]

[ 2015-10-07T23:34:32+08:00 ] 127.0.0.1 /guoji/yunwang/CacheApi/?a=Get&appid=201586485090108670&m=Local&name=list&nonce_str=amgr3gpjbhbby5l2zn3wj4xdcni9bcpr&time_stamp=1444232072&version=1.0
INFO: [ app_begin ] --START--
INFO: ReadHtmlCache Behavior ::run [ RunTime:0.002144s ]
INFO: [ app_begin ] --END-- [ RunTime:0.002235s ]
NOTIC: [8] Undefined index: session_id D:\wamp\www\guoji\yunwang\ThinkPHP\Common\functions.php 第 581 行.
NOTIC: [2048] Declaration of LocalAction::Get() should be compatible with that of Action::get() D:\wamp\www\guoji\yunwang\CacheApi\Cache\Lib\Action\LocalAction.class.php 第 3 行.
SQL: SHOW COLUMNS FROM `zy_api` [ RunTime:0.003568s ]
SQL: SELECT * FROM `zy_api` WHERE ( `appid` = '201586485090108670' ) LIMIT 1   [ RunTime:0.000604s ]

[ 2015-10-07T23:34:33+08:00 ] 127.0.0.1 /guoji/yunwang/CacheApi/?a=Get&appid=201586485090108670&m=Local&name=list&nonce_str=a81z8z9d47of1auquuk3aoufye4n0iv7&time_stamp=1444232072&version=1.0
INFO: [ app_begin ] --START--
INFO: ReadHtmlCache Behavior ::run [ RunTime:0.001939s ]
INFO: [ app_begin ] --END-- [ RunTime:0.002037s ]
NOTIC: [8] Undefined index: session_id D:\wamp\www\guoji\yunwang\ThinkPHP\Common\functions.php 第 581 行.
NOTIC: [2048] Declaration of LocalAction::Get() should be compatible with that of Action::get() D:\wamp\www\guoji\yunwang\CacheApi\Cache\Lib\Action\LocalAction.class.php 第 3 行.
SQL: SHOW COLUMNS FROM `zy_api` [ RunTime:0.005415s ]
SQL: SELECT * FROM `zy_api` WHERE ( `appid` = '201586485090108670' ) LIMIT 1   [ RunTime:0.000288s ]

[ 2015-10-07T23:34:33+08:00 ] 127.0.0.1 /guoji/yunwang/CacheApi/?a=Get&appid=201586485090108670&m=Local&name=list&nonce_str=za0unucdwm5pnfblbl89gvm1a71656ig&time_stamp=1444232073&version=1.0
INFO: [ app_begin ] --START--
INFO: ReadHtmlCache Behavior ::run [ RunTime:0.001952s ]
INFO: [ app_begin ] --END-- [ RunTime:0.002191s ]
NOTIC: [8] Undefined index: session_id D:\wamp\www\guoji\yunwang\ThinkPHP\Common\functions.php 第 581 行.
NOTIC: [2048] Declaration of LocalAction::Get() should be compatible with that of Action::get() D:\wamp\www\guoji\yunwang\CacheApi\Cache\Lib\Action\LocalAction.class.php 第 3 行.
SQL: SHOW COLUMNS FROM `zy_api` [ RunTime:0.003471s ]
SQL: SELECT * FROM `zy_api` WHERE ( `appid` = '201586485090108670' ) LIMIT 1   [ RunTime:0.000226s ]

[ 2015-10-07T23:34:33+08:00 ] 127.0.0.1 /guoji/yunwang/CacheApi/?a=Get&appid=201586485090108670&m=Local&name=list&nonce_str=gxrwvs0s7musjwikcbr5r7em6dlsfpgf&time_stamp=1444232073&version=1.0
INFO: [ app_begin ] --START--
INFO: ReadHtmlCache Behavior ::run [ RunTime:0.001619s ]
INFO: [ app_begin ] --END-- [ RunTime:0.001705s ]
NOTIC: [8] Undefined index: session_id D:\wamp\www\guoji\yunwang\ThinkPHP\Common\functions.php 第 581 行.
NOTIC: [2048] Declaration of LocalAction::Get() should be compatible with that of Action::get() D:\wamp\www\guoji\yunwang\CacheApi\Cache\Lib\Action\LocalAction.class.php 第 3 行.
SQL: SHOW COLUMNS FROM `zy_api` [ RunTime:0.003725s ]
SQL: SELECT * FROM `zy_api` WHERE ( `appid` = '201586485090108670' ) LIMIT 1   [ RunTime:0.000717s ]

[ 2015-10-07T23:36:49+08:00 ] 127.0.0.1 /guoji/yunwang/CacheApi/?a=Get&appid=201586485090108670&m=Local&name=list&nonce_str=zru2flokj0rgr6equtwvqcb674o8iflm&time_stamp=1444232209&version=1.0
INFO: [ app_begin ] --START--
INFO: ReadHtmlCache Behavior ::run [ RunTime:0.001755s ]
INFO: [ app_begin ] --END-- [ RunTime:0.001848s ]
NOTIC: [8] Undefined index: session_id D:\wamp\www\guoji\yunwang\ThinkPHP\Common\functions.php 第 581 行.
NOTIC: [2048] Declaration of LocalAction::Get() should be compatible with that of Action::get() D:\wamp\www\guoji\yunwang\CacheApi\Cache\Lib\Action\LocalAction.class.php 第 3 行.
SQL: SHOW COLUMNS FROM `zy_api` [ RunTime:0.003591s ]
SQL: SELECT * FROM `zy_api` WHERE ( `appid` = '201586485090108670' ) LIMIT 1   [ RunTime:0.000316s ]

[ 2015-10-07T23:36:49+08:00 ] 127.0.0.1 /guoji/yunwang/CacheApi/?a=Get&appid=201586485090108670&m=Local&name=list&nonce_str=qjmd9d9qzs9yaef6rk7w9bhd9lykknk8&time_stamp=1444232209&version=1.0
INFO: [ app_begin ] --START--
INFO: ReadHtmlCache Behavior ::run [ RunTime:0.001954s ]
INFO: [ app_begin ] --END-- [ RunTime:0.002059s ]
NOTIC: [8] Undefined index: session_id D:\wamp\www\guoji\yunwang\ThinkPHP\Common\functions.php 第 581 行.
NOTIC: [2048] Declaration of LocalAction::Get() should be compatible with that of Action::get() D:\wamp\www\guoji\yunwang\CacheApi\Cache\Lib\Action\LocalAction.class.php 第 3 行.
SQL: SHOW COLUMNS FROM `zy_api` [ RunTime:0.004029s ]
SQL: SELECT * FROM `zy_api` WHERE ( `appid` = '201586485090108670' ) LIMIT 1   [ RunTime:0.001561s ]

[ 2015-10-07T23:36:49+08:00 ] 127.0.0.1 /guoji/yunwang/CacheApi/?a=Get&appid=201586485090108670&m=Local&name=list&nonce_str=4mj9fv1p867sc4was9r0e44kr6h2k712&time_stamp=1444232209&version=1.0
INFO: [ app_begin ] --START--
INFO: ReadHtmlCache Behavior ::run [ RunTime:0.001844s ]
INFO: [ app_begin ] --END-- [ RunTime:0.002052s ]
NOTIC: [8] Undefined index: session_id D:\wamp\www\guoji\yunwang\ThinkPHP\Common\functions.php 第 581 行.
NOTIC: [2048] Declaration of LocalAction::Get() should be compatible with that of Action::get() D:\wamp\www\guoji\yunwang\CacheApi\Cache\Lib\Action\LocalAction.class.php 第 3 行.
SQL: SHOW COLUMNS FROM `zy_api` [ RunTime:0.003560s ]
SQL: SELECT * FROM `zy_api` WHERE ( `appid` = '201586485090108670' ) LIMIT 1   [ RunTime:0.000297s ]

[ 2015-10-07T23:36:50+08:00 ] 127.0.0.1 /guoji/yunwang/CacheApi/?a=Get&appid=201586485090108670&m=Local&name=list&nonce_str=dbbwwb8ejilnexp33nj4stiamrkdsz8s&time_stamp=1444232209&version=1.0
INFO: [ app_begin ] --START--
INFO: ReadHtmlCache Behavior ::run [ RunTime:0.002114s ]
INFO: [ app_begin ] --END-- [ RunTime:0.002205s ]
NOTIC: [8] Undefined index: session_id D:\wamp\www\guoji\yunwang\ThinkPHP\Common\functions.php 第 581 行.
NOTIC: [2048] Declaration of LocalAction::Get() should be compatible with that of Action::get() D:\wamp\www\guoji\yunwang\CacheApi\Cache\Lib\Action\LocalAction.class.php 第 3 行.
SQL: SHOW COLUMNS FROM `zy_api` [ RunTime:0.004183s ]
SQL: SELECT * FROM `zy_api` WHERE ( `appid` = '201586485090108670' ) LIMIT 1   [ RunTime:0.000258s ]

[ 2015-10-07T23:37:35+08:00 ] 127.0.0.1 /guoji/yunwang/CacheApi/?a=Get&appid=201586485090108670&m=Local&name=list&nonce_str=64eobs74wnkyr8vs40pn54sj1mektruc&time_stamp=1444232255&version=1.0
INFO: [ app_begin ] --START--
INFO: ReadHtmlCache Behavior ::run [ RunTime:0.001376s ]
INFO: [ app_begin ] --END-- [ RunTime:0.001531s ]
NOTIC: [8] Undefined index: session_id D:\wamp\www\guoji\yunwang\ThinkPHP\Common\functions.php 第 581 行.
NOTIC: [2048] Declaration of LocalAction::Get() should be compatible with that of Action::get() D:\wamp\www\guoji\yunwang\CacheApi\Cache\Lib\Action\LocalAction.class.php 第 3 行.
SQL: SHOW COLUMNS FROM `zy_api` [ RunTime:0.003894s ]
SQL: SELECT * FROM `zy_api` WHERE ( `appid` = '201586485090108670' ) LIMIT 1   [ RunTime:0.000484s ]

[ 2015-10-07T23:37:35+08:00 ] 127.0.0.1 /guoji/yunwang/CacheApi/?a=Get&appid=201586485090108670&m=Local&name=list&nonce_str=1669p3le5j262x6mq4ltvqrn1pprlhqk&time_stamp=1444232255&version=1.0
INFO: [ app_begin ] --START--
INFO: ReadHtmlCache Behavior ::run [ RunTime:0.001928s ]
INFO: [ app_begin ] --END-- [ RunTime:0.002103s ]
NOTIC: [8] Undefined index: session_id D:\wamp\www\guoji\yunwang\ThinkPHP\Common\functions.php 第 581 行.
NOTIC: [2048] Declaration of LocalAction::Get() should be compatible with that of Action::get() D:\wamp\www\guoji\yunwang\CacheApi\Cache\Lib\Action\LocalAction.class.php 第 3 行.
SQL: SHOW COLUMNS FROM `zy_api` [ RunTime:0.004499s ]
SQL: SELECT * FROM `zy_api` WHERE ( `appid` = '201586485090108670' ) LIMIT 1   [ RunTime:0.000489s ]

[ 2015-10-07T23:37:36+08:00 ] 127.0.0.1 /guoji/yunwang/CacheApi/?a=Get&appid=201586485090108670&m=Local&name=list&nonce_str=2avvzpkl8d9a4daedjldt4rq5ths8hq6&time_stamp=1444232256&version=1.0
INFO: [ app_begin ] --START--
INFO: ReadHtmlCache Behavior ::run [ RunTime:0.001571s ]
INFO: [ app_begin ] --END-- [ RunTime:0.001652s ]
NOTIC: [8] Undefined index: session_id D:\wamp\www\guoji\yunwang\ThinkPHP\Common\functions.php 第 581 行.
NOTIC: [2048] Declaration of LocalAction::Get() should be compatible with that of Action::get() D:\wamp\www\guoji\yunwang\CacheApi\Cache\Lib\Action\LocalAction.class.php 第 3 行.
SQL: SHOW COLUMNS FROM `zy_api` [ RunTime:0.003471s ]
SQL: SELECT * FROM `zy_api` WHERE ( `appid` = '201586485090108670' ) LIMIT 1   [ RunTime:0.000466s ]

[ 2015-10-07T23:37:36+08:00 ] 127.0.0.1 /guoji/yunwang/CacheApi/?a=Get&appid=201586485090108670&m=Local&name=list&nonce_str=zwxpx6qe7hw0f8fuiyi8e6gm1w0e0p9c&time_stamp=1444232256&version=1.0
INFO: [ app_begin ] --START--
INFO: ReadHtmlCache Behavior ::run [ RunTime:0.001581s ]
INFO: [ app_begin ] --END-- [ RunTime:0.001664s ]
NOTIC: [8] Undefined index: session_id D:\wamp\www\guoji\yunwang\ThinkPHP\Common\functions.php 第 581 行.
NOTIC: [2048] Declaration of LocalAction::Get() should be compatible with that of Action::get() D:\wamp\www\guoji\yunwang\CacheApi\Cache\Lib\Action\LocalAction.class.php 第 3 行.
SQL: SHOW COLUMNS FROM `zy_api` [ RunTime:0.003417s ]
SQL: SELECT * FROM `zy_api` WHERE ( `appid` = '201586485090108670' ) LIMIT 1   [ RunTime:0.000240s ]

[ 2015-10-07T23:37:48+08:00 ] 127.0.0.1 /guoji/yunwang/CacheApi/?a=Get&appid=201586485090108670&m=Local&name=list&nonce_str=zt1516wq0pod473f7wwg7aoab4cah8v3&time_stamp=1444232268&version=1.0
INFO: [ app_begin ] --START--
INFO: ReadHtmlCache Behavior ::run [ RunTime:0.001678s ]
INFO: [ app_begin ] --END-- [ RunTime:0.001763s ]
NOTIC: [8] Undefined index: session_id D:\wamp\www\guoji\yunwang\ThinkPHP\Common\functions.php 第 581 行.
NOTIC: [2048] Declaration of LocalAction::Get() should be compatible with that of Action::get() D:\wamp\www\guoji\yunwang\CacheApi\Cache\Lib\Action\LocalAction.class.php 第 3 行.
SQL: SHOW COLUMNS FROM `zy_api` [ RunTime:0.003810s ]
SQL: SELECT * FROM `zy_api` WHERE ( `appid` = '201586485090108670' ) LIMIT 1   [ RunTime:0.000214s ]

[ 2015-10-07T23:37:48+08:00 ] 127.0.0.1 /guoji/yunwang/CacheApi/?a=Get&appid=201586485090108670&m=Local&name=list&nonce_str=gpnjd0mjgm9ha7juqt7zhfbnvmv7dz0x&time_stamp=1444232268&version=1.0
INFO: [ app_begin ] --START--
INFO: ReadHtmlCache Behavior ::run [ RunTime:0.002543s ]
INFO: [ app_begin ] --END-- [ RunTime:0.002750s ]
NOTIC: [8] Undefined index: session_id D:\wamp\www\guoji\yunwang\ThinkPHP\Common\functions.php 第 581 行.
NOTIC: [2048] Declaration of LocalAction::Get() should be compatible with that of Action::get() D:\wamp\www\guoji\yunwang\CacheApi\Cache\Lib\Action\LocalAction.class.php 第 3 行.
SQL: SHOW COLUMNS FROM `zy_api` [ RunTime:0.004409s ]
SQL: SELECT * FROM `zy_api` WHERE ( `appid` = '201586485090108670' ) LIMIT 1   [ RunTime:0.000518s ]

[ 2015-10-07T23:37:49+08:00 ] 127.0.0.1 /guoji/yunwang/CacheApi/?a=Get&appid=201586485090108670&m=Local&name=list&nonce_str=wljx5c834iyjf8u5yq2bpq2mvokmsz01&time_stamp=1444232268&version=1.0
INFO: [ app_begin ] --START--
INFO: ReadHtmlCache Behavior ::run [ RunTime:0.001907s ]
INFO: [ app_begin ] --END-- [ RunTime:0.002040s ]
NOTIC: [8] Undefined index: session_id D:\wamp\www\guoji\yunwang\ThinkPHP\Common\functions.php 第 581 行.
NOTIC: [2048] Declaration of LocalAction::Get() should be compatible with that of Action::get() D:\wamp\www\guoji\yunwang\CacheApi\Cache\Lib\Action\LocalAction.class.php 第 3 行.
SQL: SHOW COLUMNS FROM `zy_api` [ RunTime:0.003498s ]
SQL: SELECT * FROM `zy_api` WHERE ( `appid` = '201586485090108670' ) LIMIT 1   [ RunTime:0.000187s ]

[ 2015-10-07T23:37:49+08:00 ] 127.0.0.1 /guoji/yunwang/CacheApi/?a=Get&appid=201586485090108670&m=Local&name=list&nonce_str=l7ukdquyav8u3rh206dy7ycubwqicw16&time_stamp=1444232269&version=1.0
INFO: [ app_begin ] --START--
INFO: ReadHtmlCache Behavior ::run [ RunTime:0.001654s ]
INFO: [ app_begin ] --END-- [ RunTime:0.001740s ]
NOTIC: [8] Undefined index: session_id D:\wamp\www\guoji\yunwang\ThinkPHP\Common\functions.php 第 581 行.
NOTIC: [2048] Declaration of LocalAction::Get() should be compatible with that of Action::get() D:\wamp\www\guoji\yunwang\CacheApi\Cache\Lib\Action\LocalAction.class.php 第 3 行.
SQL: SHOW COLUMNS FROM `zy_api` [ RunTime:0.003481s ]
SQL: SELECT * FROM `zy_api` WHERE ( `appid` = '201586485090108670' ) LIMIT 1   [ RunTime:0.000977s ]

[ 2015-10-07T23:41:03+08:00 ] 127.0.0.1 /guoji/yunwang/CacheApi/?a=Get&appid=201586485090108670&m=Local&name=list&nonce_str=vmrvp340z44ugffxl95vvw05y2b7uzlp&time_stamp=1444232463&version=1.0
INFO: [ app_begin ] --START--
INFO: ReadHtmlCache Behavior ::run [ RunTime:0.001983s ]
INFO: [ app_begin ] --END-- [ RunTime:0.002105s ]
NOTIC: [8] Undefined index: session_id D:\wamp\www\guoji\yunwang\ThinkPHP\Common\functions.php 第 581 行.
NOTIC: [2048] Declaration of LocalAction::Get() should be compatible with that of Action::get() D:\wamp\www\guoji\yunwang\CacheApi\Cache\Lib\Action\LocalAction.class.php 第 3 行.
SQL: SHOW COLUMNS FROM `zy_api` [ RunTime:0.004463s ]
SQL: SELECT * FROM `zy_api` WHERE ( `appid` = '201586485090108670' ) LIMIT 1   [ RunTime:0.000271s ]

[ 2015-10-07T23:41:03+08:00 ] 127.0.0.1 /guoji/yunwang/CacheApi/?a=Get&appid=201586485090108670&m=Local&name=list&nonce_str=2sqhnxd3wpaowlf3bswvmhj70lec6krg&time_stamp=1444232463&version=1.0
INFO: [ app_begin ] --START--
INFO: ReadHtmlCache Behavior ::run [ RunTime:0.002219s ]
INFO: [ app_begin ] --END-- [ RunTime:0.002426s ]
NOTIC: [8] Undefined index: session_id D:\wamp\www\guoji\yunwang\ThinkPHP\Common\functions.php 第 581 行.
NOTIC: [2048] Declaration of LocalAction::Get() should be compatible with that of Action::get() D:\wamp\www\guoji\yunwang\CacheApi\Cache\Lib\Action\LocalAction.class.php 第 3 行.
SQL: SHOW COLUMNS FROM `zy_api` [ RunTime:0.003630s ]
SQL: SELECT * FROM `zy_api` WHERE ( `appid` = '201586485090108670' ) LIMIT 1   [ RunTime:0.000898s ]

[ 2015-10-07T23:41:03+08:00 ] 127.0.0.1 /guoji/yunwang/CacheApi/?a=Get&appid=201586485090108670&m=Local&name=list&nonce_str=dtanjrh2b8mxtmdsi7kkw29qzbgtxceb&time_stamp=1444232463&version=1.0
INFO: [ app_begin ] --START--
INFO: ReadHtmlCache Behavior ::run [ RunTime:0.001623s ]
INFO: [ app_begin ] --END-- [ RunTime:0.001713s ]
NOTIC: [8] Undefined index: session_id D:\wamp\www\guoji\yunwang\ThinkPHP\Common\functions.php 第 581 行.
NOTIC: [2048] Declaration of LocalAction::Get() should be compatible with that of Action::get() D:\wamp\www\guoji\yunwang\CacheApi\Cache\Lib\Action\LocalAction.class.php 第 3 行.
SQL: SHOW COLUMNS FROM `zy_api` [ RunTime:0.004013s ]
SQL: SELECT * FROM `zy_api` WHERE ( `appid` = '201586485090108670' ) LIMIT 1   [ RunTime:0.000187s ]

[ 2015-10-07T23:41:04+08:00 ] 127.0.0.1 /guoji/yunwang/CacheApi/?a=Get&appid=201586485090108670&m=Local&name=list&nonce_str=ji75n8nyt0wpbohuy80br6lh1epjuino&time_stamp=1444232463&version=1.0
INFO: [ app_begin ] --START--
INFO: ReadHtmlCache Behavior ::run [ RunTime:0.001645s ]
INFO: [ app_begin ] --END-- [ RunTime:0.001727s ]
NOTIC: [8] Undefined index: session_id D:\wamp\www\guoji\yunwang\ThinkPHP\Common\functions.php 第 581 行.
NOTIC: [2048] Declaration of LocalAction::Get() should be compatible with that of Action::get() D:\wamp\www\guoji\yunwang\CacheApi\Cache\Lib\Action\LocalAction.class.php 第 3 行.
SQL: SHOW COLUMNS FROM `zy_api` [ RunTime:0.003446s ]
SQL: SELECT * FROM `zy_api` WHERE ( `appid` = '201586485090108670' ) LIMIT 1   [ RunTime:0.000186s ]

[ 2015-10-07T23:44:49+08:00 ] 127.0.0.1 /guoji/yunwang/CacheApi/?a=Get&appid=201586485090108670&m=Local&name=list&nonce_str=s1qz87dgucuy8p6li29j9v3gu0gfcwj1&time_stamp=1444232689&version=1.0
INFO: [ app_begin ] --START--
INFO: ReadHtmlCache Behavior ::run [ RunTime:0.002772s ]
INFO: [ app_begin ] --END-- [ RunTime:0.002994s ]
NOTIC: [8] Undefined index: session_id D:\wamp\www\guoji\yunwang\ThinkPHP\Common\functions.php 第 581 行.
NOTIC: [2048] Declaration of LocalAction::Get() should be compatible with that of Action::get() D:\wamp\www\guoji\yunwang\CacheApi\Cache\Lib\Action\LocalAction.class.php 第 3 行.
SQL: SHOW COLUMNS FROM `zy_api` [ RunTime:0.005600s ]
SQL: SELECT * FROM `zy_api` WHERE ( `appid` = '201586485090108670' ) LIMIT 1   [ RunTime:0.000264s ]

[ 2015-10-07T23:44:50+08:00 ] 127.0.0.1 /guoji/yunwang/CacheApi/?a=Get&appid=201586485090108670&m=Local&name=list&nonce_str=h0d7oj4awi6fj0y16nxsleywukf80r38&time_stamp=1444232690&version=1.0
INFO: [ app_begin ] --START--
INFO: ReadHtmlCache Behavior ::run [ RunTime:0.002602s ]
INFO: [ app_begin ] --END-- [ RunTime:0.002744s ]
NOTIC: [8] Undefined index: session_id D:\wamp\www\guoji\yunwang\ThinkPHP\Common\functions.php 第 581 行.
NOTIC: [2048] Declaration of LocalAction::Get() should be compatible with that of Action::get() D:\wamp\www\guoji\yunwang\CacheApi\Cache\Lib\Action\LocalAction.class.php 第 3 行.
SQL: SHOW COLUMNS FROM `zy_api` [ RunTime:0.004801s ]
SQL: SELECT * FROM `zy_api` WHERE ( `appid` = '201586485090108670' ) LIMIT 1   [ RunTime:0.000319s ]

[ 2015-10-07T23:44:50+08:00 ] 127.0.0.1 /guoji/yunwang/CacheApi/?a=Get&appid=201586485090108670&m=Local&name=list&nonce_str=xl7z9udnp8fmel51im5mzft5qjxdkbcd&time_stamp=1444232690&version=1.0
INFO: [ app_begin ] --START--
INFO: ReadHtmlCache Behavior ::run [ RunTime:0.001564s ]
INFO: [ app_begin ] --END-- [ RunTime:0.001649s ]
NOTIC: [8] Undefined index: session_id D:\wamp\www\guoji\yunwang\ThinkPHP\Common\functions.php 第 581 行.
NOTIC: [2048] Declaration of LocalAction::Get() should be compatible with that of Action::get() D:\wamp\www\guoji\yunwang\CacheApi\Cache\Lib\Action\LocalAction.class.php 第 3 行.
SQL: SHOW COLUMNS FROM `zy_api` [ RunTime:0.004120s ]
SQL: SELECT * FROM `zy_api` WHERE ( `appid` = '201586485090108670' ) LIMIT 1   [ RunTime:0.000261s ]

[ 2015-10-07T23:44:50+08:00 ] 127.0.0.1 /guoji/yunwang/CacheApi/?a=Get&appid=201586485090108670&m=Local&name=list&nonce_str=hio7z2ci267mfcjjof41z1lnqbq6ewij&time_stamp=1444232690&version=1.0
INFO: [ app_begin ] --START--
INFO: ReadHtmlCache Behavior ::run [ RunTime:0.001608s ]
INFO: [ app_begin ] --END-- [ RunTime:0.001692s ]
NOTIC: [8] Undefined index: session_id D:\wamp\www\guoji\yunwang\ThinkPHP\Common\functions.php 第 581 行.
NOTIC: [2048] Declaration of LocalAction::Get() should be compatible with that of Action::get() D:\wamp\www\guoji\yunwang\CacheApi\Cache\Lib\Action\LocalAction.class.php 第 3 行.
SQL: SHOW COLUMNS FROM `zy_api` [ RunTime:0.003585s ]
SQL: SELECT * FROM `zy_api` WHERE ( `appid` = '201586485090108670' ) LIMIT 1   [ RunTime:0.000223s ]

[ 2015-10-07T23:44:51+08:00 ] 127.0.0.1 /guoji/yunwang/CacheApi/?a=Get&appid=201586485090108670&m=Local&name=list&nonce_str=vhfoj5k3qkqaek91kc8cnlzpr007qvac&time_stamp=1444232691&version=1.0
INFO: [ app_begin ] --START--
INFO: ReadHtmlCache Behavior ::run [ RunTime:0.001816s ]
INFO: [ app_begin ] --END-- [ RunTime:0.001922s ]
NOTIC: [8] Undefined index: session_id D:\wamp\www\guoji\yunwang\ThinkPHP\Common\functions.php 第 581 行.
NOTIC: [2048] Declaration of LocalAction::Get() should be compatible with that of Action::get() D:\wamp\www\guoji\yunwang\CacheApi\Cache\Lib\Action\LocalAction.class.php 第 3 行.
SQL: SHOW COLUMNS FROM `zy_api` [ RunTime:0.003542s ]
SQL: SELECT * FROM `zy_api` WHERE ( `appid` = '201586485090108670' ) LIMIT 1   [ RunTime:0.000534s ]

[ 2015-10-07T23:44:51+08:00 ] 127.0.0.1 /guoji/yunwang/CacheApi/?a=Get&appid=201586485090108670&m=Local&name=list&nonce_str=eaf8cr0qw145jub9u20lz8dmwhkgq52m&time_stamp=1444232691&version=1.0
INFO: [ app_begin ] --START--
INFO: ReadHtmlCache Behavior ::run [ RunTime:0.002774s ]
INFO: [ app_begin ] --END-- [ RunTime:0.003041s ]
NOTIC: [8] Undefined index: session_id D:\wamp\www\guoji\yunwang\ThinkPHP\Common\functions.php 第 581 行.
NOTIC: [2048] Declaration of LocalAction::Get() should be compatible with that of Action::get() D:\wamp\www\guoji\yunwang\CacheApi\Cache\Lib\Action\LocalAction.class.php 第 3 行.
SQL: SHOW COLUMNS FROM `zy_api` [ RunTime:0.004903s ]
SQL: SELECT * FROM `zy_api` WHERE ( `appid` = '201586485090108670' ) LIMIT 1   [ RunTime:0.000207s ]

[ 2015-10-07T23:44:51+08:00 ] 127.0.0.1 /guoji/yunwang/CacheApi/?a=Get&appid=201586485090108670&m=Local&name=list&nonce_str=ggw0mjw8s7j3t2vf92ginbdpcy97k91n&time_stamp=1444232691&version=1.0
INFO: [ app_begin ] --START--
INFO: ReadHtmlCache Behavior ::run [ RunTime:0.001629s ]
INFO: [ app_begin ] --END-- [ RunTime:0.001761s ]
NOTIC: [8] Undefined index: session_id D:\wamp\www\guoji\yunwang\ThinkPHP\Common\functions.php 第 581 行.
NOTIC: [2048] Declaration of LocalAction::Get() should be compatible with that of Action::get() D:\wamp\www\guoji\yunwang\CacheApi\Cache\Lib\Action\LocalAction.class.php 第 3 行.
SQL: SHOW COLUMNS FROM `zy_api` [ RunTime:0.004223s ]
SQL: SELECT * FROM `zy_api` WHERE ( `appid` = '201586485090108670' ) LIMIT 1   [ RunTime:0.000247s ]

[ 2015-10-07T23:44:51+08:00 ] 127.0.0.1 /guoji/yunwang/CacheApi/?a=Get&appid=201586485090108670&m=Local&name=list&nonce_str=g1x84rlzeo9pb7z5elxtq62tqz07n3bp&time_stamp=1444232691&version=1.0
INFO: [ app_begin ] --START--
INFO: ReadHtmlCache Behavior ::run [ RunTime:0.001654s ]
INFO: [ app_begin ] --END-- [ RunTime:0.001736s ]
NOTIC: [8] Undefined index: session_id D:\wamp\www\guoji\yunwang\ThinkPHP\Common\functions.php 第 581 行.
NOTIC: [2048] Declaration of LocalAction::Get() should be compatible with that of Action::get() D:\wamp\www\guoji\yunwang\CacheApi\Cache\Lib\Action\LocalAction.class.php 第 3 行.
SQL: SHOW COLUMNS FROM `zy_api` [ RunTime:0.003718s ]
SQL: SELECT * FROM `zy_api` WHERE ( `appid` = '201586485090108670' ) LIMIT 1   [ RunTime:0.000239s ]

[ 2015-10-07T23:44:52+08:00 ] 127.0.0.1 /guoji/yunwang/CacheApi/?a=Get&appid=201586485090108670&m=Local&name=list&nonce_str=9550u5jti701cr5vhqgsee8o5ytxythj&time_stamp=1444232692&version=1.0
INFO: [ app_begin ] --START--
INFO: ReadHtmlCache Behavior ::run [ RunTime:0.001627s ]
INFO: [ app_begin ] --END-- [ RunTime:0.001711s ]
NOTIC: [8] Undefined index: session_id D:\wamp\www\guoji\yunwang\ThinkPHP\Common\functions.php 第 581 行.
NOTIC: [2048] Declaration of LocalAction::Get() should be compatible with that of Action::get() D:\wamp\www\guoji\yunwang\CacheApi\Cache\Lib\Action\LocalAction.class.php 第 3 行.
SQL: SHOW COLUMNS FROM `zy_api` [ RunTime:0.003722s ]
SQL: SELECT * FROM `zy_api` WHERE ( `appid` = '201586485090108670' ) LIMIT 1   [ RunTime:0.000280s ]

[ 2015-10-07T23:44:52+08:00 ] 127.0.0.1 /guoji/yunwang/CacheApi/?a=Get&appid=201586485090108670&m=Local&name=list&nonce_str=x2a1ry7sbfqgmxn1e2xhh67c4cod8gus&time_stamp=1444232692&version=1.0
INFO: [ app_begin ] --START--
INFO: ReadHtmlCache Behavior ::run [ RunTime:0.001586s ]
INFO: [ app_begin ] --END-- [ RunTime:0.001671s ]
NOTIC: [8] Undefined index: session_id D:\wamp\www\guoji\yunwang\ThinkPHP\Common\functions.php 第 581 行.
NOTIC: [2048] Declaration of LocalAction::Get() should be compatible with that of Action::get() D:\wamp\www\guoji\yunwang\CacheApi\Cache\Lib\Action\LocalAction.class.php 第 3 行.
SQL: SHOW COLUMNS FROM `zy_api` [ RunTime:0.004503s ]
SQL: SELECT * FROM `zy_api` WHERE ( `appid` = '201586485090108670' ) LIMIT 1   [ RunTime:0.000352s ]

[ 2015-10-07T23:44:52+08:00 ] 127.0.0.1 /guoji/yunwang/CacheApi/?a=Get&appid=201586485090108670&m=Local&name=list&nonce_str=q8jfmilqlpmzjdksa5axwvmyei4k24em&time_stamp=1444232692&version=1.0
INFO: [ app_begin ] --START--
INFO: ReadHtmlCache Behavior ::run [ RunTime:0.001561s ]
INFO: [ app_begin ] --END-- [ RunTime:0.001640s ]
NOTIC: [8] Undefined index: session_id D:\wamp\www\guoji\yunwang\ThinkPHP\Common\functions.php 第 581 行.
NOTIC: [2048] Declaration of LocalAction::Get() should be compatible with that of Action::get() D:\wamp\www\guoji\yunwang\CacheApi\Cache\Lib\Action\LocalAction.class.php 第 3 行.
SQL: SHOW COLUMNS FROM `zy_api` [ RunTime:0.003682s ]
SQL: SELECT * FROM `zy_api` WHERE ( `appid` = '201586485090108670' ) LIMIT 1   [ RunTime:0.000210s ]

[ 2015-10-07T23:44:53+08:00 ] 127.0.0.1 /guoji/yunwang/CacheApi/?a=Get&appid=201586485090108670&m=Local&name=list&nonce_str=dx74a52dvdclbnkeyirt08ftbnnfa8er&time_stamp=1444232692&version=1.0
INFO: [ app_begin ] --START--
INFO: ReadHtmlCache Behavior ::run [ RunTime:0.001886s ]
INFO: [ app_begin ] --END-- [ RunTime:0.002043s ]
NOTIC: [8] Undefined index: session_id D:\wamp\www\guoji\yunwang\ThinkPHP\Common\functions.php 第 581 行.
NOTIC: [2048] Declaration of LocalAction::Get() should be compatible with that of Action::get() D:\wamp\www\guoji\yunwang\CacheApi\Cache\Lib\Action\LocalAction.class.php 第 3 行.
SQL: SHOW COLUMNS FROM `zy_api` [ RunTime:0.003884s ]
SQL: SELECT * FROM `zy_api` WHERE ( `appid` = '201586485090108670' ) LIMIT 1   [ RunTime:0.000247s ]

[ 2015-10-07T23:44:54+08:00 ] 127.0.0.1 /guoji/yunwang/CacheApi/?a=Get&appid=201586485090108670&m=Local&name=list&nonce_str=yinkkrqoj10bwsp758nparufwjicmwj4&time_stamp=1444232694&version=1.0
INFO: [ app_begin ] --START--
INFO: ReadHtmlCache Behavior ::run [ RunTime:0.002676s ]
INFO: [ app_begin ] --END-- [ RunTime:0.002940s ]
NOTIC: [8] Undefined index: session_id D:\wamp\www\guoji\yunwang\ThinkPHP\Common\functions.php 第 581 行.
NOTIC: [2048] Declaration of LocalAction::Get() should be compatible with that of Action::get() D:\wamp\www\guoji\yunwang\CacheApi\Cache\Lib\Action\LocalAction.class.php 第 3 行.
SQL: SHOW COLUMNS FROM `zy_api` [ RunTime:0.004398s ]
SQL: SELECT * FROM `zy_api` WHERE ( `appid` = '201586485090108670' ) LIMIT 1   [ RunTime:0.000232s ]

[ 2015-10-07T23:45:10+08:00 ] 127.0.0.1 /guoji/yunwang/CacheApi/?a=Get&appid=201586485090108670&m=Local&name=list&nonce_str=e62m3fb9t46ljeb3akf33zguuvxen9p3&time_stamp=1444232710&version=1.0
INFO: [ app_begin ] --START--
INFO: ReadHtmlCache Behavior ::run [ RunTime:0.001195s ]
INFO: [ app_begin ] --END-- [ RunTime:0.001279s ]
NOTIC: [8] Undefined index: session_id D:\wamp\www\guoji\yunwang\ThinkPHP\Common\functions.php 第 581 行.
NOTIC: [2048] Declaration of LocalAction::Get() should be compatible with that of Action::get() D:\wamp\www\guoji\yunwang\CacheApi\Cache\Lib\Action\LocalAction.class.php 第 3 行.
SQL: SHOW COLUMNS FROM `zy_api` [ RunTime:0.003711s ]
SQL: SELECT * FROM `zy_api` WHERE ( `appid` = '201586485090108670' ) LIMIT 1   [ RunTime:0.000969s ]

[ 2015-10-07T23:48:19+08:00 ] 127.0.0.1 /guoji/yunwang/CacheApi/?a=Get&appid=201586485090108670&m=Local&name=list&nonce_str=r9wz945brfag0e1x1mv08vcgau3ag0b8&time_stamp=1444232899&version=1.0
INFO: [ app_begin ] --START--
INFO: ReadHtmlCache Behavior ::run [ RunTime:0.002106s ]
INFO: [ app_begin ] --END-- [ RunTime:0.002217s ]
NOTIC: [8] Undefined index: session_id D:\wamp\www\guoji\yunwang\ThinkPHP\Common\functions.php 第 581 行.
NOTIC: [2048] Declaration of LocalAction::Get() should be compatible with that of Action::get() D:\wamp\www\guoji\yunwang\CacheApi\Cache\Lib\Action\LocalAction.class.php 第 3 行.
SQL: SHOW COLUMNS FROM `zy_api` [ RunTime:0.004098s ]
SQL: SELECT * FROM `zy_api` WHERE ( `appid` = '201586485090108670' ) LIMIT 1   [ RunTime:0.000517s ]

[ 2015-10-07T23:49:08+08:00 ] 127.0.0.1 /guoji/yunwang/CacheApi/?a=Get&appid=201586485090108670&m=Local&name=list&nonce_str=nhhcneqvh5aik93039r1t0z8pa2k4b1a&time_stamp=1444232948&version=1.0
INFO: [ app_begin ] --START--
INFO: ReadHtmlCache Behavior ::run [ RunTime:0.001629s ]
INFO: [ app_begin ] --END-- [ RunTime:0.001723s ]
NOTIC: [8] Undefined index: session_id D:\wamp\www\guoji\yunwang\ThinkPHP\Common\functions.php 第 581 行.
NOTIC: [2048] Declaration of LocalAction::Get() should be compatible with that of Action::get() D:\wamp\www\guoji\yunwang\CacheApi\Cache\Lib\Action\LocalAction.class.php 第 3 行.
SQL: SHOW COLUMNS FROM `zy_api` [ RunTime:0.003807s ]
SQL: SELECT * FROM `zy_api` WHERE ( `appid` = '201586485090108670' ) LIMIT 1   [ RunTime:0.000302s ]

[ 2015-10-07T23:49:24+08:00 ] 127.0.0.1 /guoji/yunwang/CacheApi/?a=Get&appid=201586485090108670&m=Local&name=list&nonce_str=zihmh1uderqhwp96a46njy6ynh9go75d&time_stamp=1444232963&version=1.0
INFO: [ app_begin ] --START--
INFO: ReadHtmlCache Behavior ::run [ RunTime:0.001629s ]
INFO: [ app_begin ] --END-- [ RunTime:0.001721s ]
NOTIC: [8] Undefined index: session_id D:\wamp\www\guoji\yunwang\ThinkPHP\Common\functions.php 第 581 行.
NOTIC: [2048] Declaration of LocalAction::Get() should be compatible with that of Action::get() D:\wamp\www\guoji\yunwang\CacheApi\Cache\Lib\Action\LocalAction.class.php 第 3 行.
SQL: SHOW COLUMNS FROM `zy_api` [ RunTime:0.004531s ]
SQL: SELECT * FROM `zy_api` WHERE ( `appid` = '201586485090108670' ) LIMIT 1   [ RunTime:0.000207s ]

[ 2015-10-07T23:53:15+08:00 ] 127.0.0.1 /guoji/yunwang/CacheApi/?a=Get&appid=201586485090108670&m=Local&name=list&nonce_str=h3b7fz3a585fe9281osnupx02b11vdzm&time_stamp=1444233195&version=1.0
INFO: [ app_begin ] --START--
INFO: ReadHtmlCache Behavior ::run [ RunTime:0.003710s ]
INFO: [ app_begin ] --END-- [ RunTime:0.003854s ]
NOTIC: [8] Undefined index: session_id D:\wamp\www\guoji\yunwang\ThinkPHP\Common\functions.php 第 581 行.
NOTIC: [2048] Declaration of LocalAction::Get() should be compatible with that of Action::get() D:\wamp\www\guoji\yunwang\CacheApi\Cache\Lib\Action\LocalAction.class.php 第 3 行.
SQL: SHOW COLUMNS FROM `zy_api` [ RunTime:0.006370s ]
SQL: SELECT * FROM `zy_api` WHERE ( `appid` = '201586485090108670' ) LIMIT 1   [ RunTime:0.000246s ]

