[ 2015-10-24T00:01:15+08:00 ] 127.0.0.1 /guoji/yunwang/CacheApi/?a=Get&appid=201586485090108670&m=Local&name=list&nonce_str=o50huewo3o5q78p40hhoxhjjmzcguxhf&time_stamp=1445616075&version=1.0
INFO: [ app_begin ] --START--
INFO: ReadHtmlCache Behavior ::run [ RunTime:0.001867s ]
INFO: [ app_begin ] --END-- [ RunTime:0.001967s ]
NOTIC: [8] Undefined index: session_id D:\wamp\www\guoji\yunwang\ThinkPHP\Common\functions.php 第 581 行.
NOTIC: [2048] Declaration of LocalAction::Get() should be compatible with that of Action::get() D:\wamp\www\guoji\yunwang\CacheApi\Cache\Lib\Action\LocalAction.class.php 第 3 行.
SQL: SHOW COLUMNS FROM `zy_api` [ RunTime:0.005144s ]
SQL: SELECT * FROM `zy_api` WHERE ( `py_name` = 'cache' ) AND ( `appid` = '201586485090108670' ) LIMIT 1   [ RunTime:0.000248s ]

[ 2015-10-24T00:05:15+08:00 ] 127.0.0.1 /guoji/yunwang/CacheApi/?a=Get&appid=201586485090108670&m=Local&name=list&nonce_str=gmduf92vodagu8dzgfkvds96802ktb7c&time_stamp=1445616315&version=1.0
INFO: [ app_begin ] --START--
INFO: ReadHtmlCache Behavior ::run [ RunTime:0.002359s ]
INFO: [ app_begin ] --END-- [ RunTime:0.002499s ]
NOTIC: [8] Undefined index: session_id D:\wamp\www\guoji\yunwang\ThinkPHP\Common\functions.php 第 581 行.
NOTIC: [2048] Declaration of LocalAction::Get() should be compatible with that of Action::get() D:\wamp\www\guoji\yunwang\CacheApi\Cache\Lib\Action\LocalAction.class.php 第 3 行.
SQL: SHOW COLUMNS FROM `zy_api` [ RunTime:0.003997s ]
SQL: SELECT * FROM `zy_api` WHERE ( `py_name` = 'cache' ) AND ( `appid` = '201586485090108670' ) LIMIT 1   [ RunTime:0.000255s ]

[ 2015-10-24T00:09:11+08:00 ] 127.0.0.1 /guoji/yunwang/CacheApi/?a=Get&appid=201586485090108670&m=Local&name=list&nonce_str=5yaghvg2nbvfc5bnike7vcocii0clgho&time_stamp=1445616551&version=1.0
INFO: [ app_begin ] --START--
INFO: ReadHtmlCache Behavior ::run [ RunTime:0.001801s ]
INFO: [ app_begin ] --END-- [ RunTime:0.001892s ]
NOTIC: [8] Undefined index: session_id D:\wamp\www\guoji\yunwang\ThinkPHP\Common\functions.php 第 581 行.
NOTIC: [2048] Declaration of LocalAction::Get() should be compatible with that of Action::get() D:\wamp\www\guoji\yunwang\CacheApi\Cache\Lib\Action\LocalAction.class.php 第 3 行.
SQL: SHOW COLUMNS FROM `zy_api` [ RunTime:0.004110s ]
SQL: SELECT * FROM `zy_api` WHERE ( `py_name` = 'cache' ) AND ( `appid` = '201586485090108670' ) LIMIT 1   [ RunTime:0.000632s ]

[ 2015-10-24T00:13:07+08:00 ] 127.0.0.1 /guoji/yunwang/CacheApi/?a=Get&appid=201586485090108670&m=Local&name=list&nonce_str=maw0exuz7fe8qnu0i9ixgqa8chu35eki&time_stamp=1445616787&version=1.0
INFO: [ app_begin ] --START--
INFO: ReadHtmlCache Behavior ::run [ RunTime:0.002232s ]
INFO: [ app_begin ] --END-- [ RunTime:0.002401s ]
NOTIC: [8] Undefined index: session_id D:\wamp\www\guoji\yunwang\ThinkPHP\Common\functions.php 第 581 行.
NOTIC: [2048] Declaration of LocalAction::Get() should be compatible with that of Action::get() D:\wamp\www\guoji\yunwang\CacheApi\Cache\Lib\Action\LocalAction.class.php 第 3 行.
SQL: SHOW COLUMNS FROM `zy_api` [ RunTime:0.003662s ]
SQL: SELECT * FROM `zy_api` WHERE ( `py_name` = 'cache' ) AND ( `appid` = '201586485090108670' ) LIMIT 1   [ RunTime:0.000287s ]

[ 2015-10-24T00:16:59+08:00 ] 127.0.0.1 /guoji/yunwang/CacheApi/?a=Get&appid=201586485090108670&m=Local&name=list&nonce_str=lsypkq7hrxbebmbluw9ihot7vokdt06i&time_stamp=1445617019&version=1.0
INFO: [ app_begin ] --START--
INFO: ReadHtmlCache Behavior ::run [ RunTime:0.002363s ]
INFO: [ app_begin ] --END-- [ RunTime:0.002562s ]
NOTIC: [8] Undefined index: session_id D:\wamp\www\guoji\yunwang\ThinkPHP\Common\functions.php 第 581 行.
NOTIC: [2048] Declaration of LocalAction::Get() should be compatible with that of Action::get() D:\wamp\www\guoji\yunwang\CacheApi\Cache\Lib\Action\LocalAction.class.php 第 3 行.
SQL: SHOW COLUMNS FROM `zy_api` [ RunTime:0.003532s ]
SQL: SELECT * FROM `zy_api` WHERE ( `py_name` = 'cache' ) AND ( `appid` = '201586485090108670' ) LIMIT 1   [ RunTime:0.000232s ]

[ 2015-10-24T00:20:57+08:00 ] 127.0.0.1 /guoji/yunwang/CacheApi/?a=Get&appid=201586485090108670&m=Local&name=list&nonce_str=hlezri6jpr46pkjs31zdi3s2qpi8wnj9&time_stamp=1445617257&version=1.0
INFO: [ app_begin ] --START--
INFO: ReadHtmlCache Behavior ::run [ RunTime:0.001818s ]
INFO: [ app_begin ] --END-- [ RunTime:0.001914s ]
NOTIC: [8] Undefined index: session_id D:\wamp\www\guoji\yunwang\ThinkPHP\Common\functions.php 第 581 行.
NOTIC: [2048] Declaration of LocalAction::Get() should be compatible with that of Action::get() D:\wamp\www\guoji\yunwang\CacheApi\Cache\Lib\Action\LocalAction.class.php 第 3 行.
SQL: SHOW COLUMNS FROM `zy_api` [ RunTime:0.003388s ]
SQL: SELECT * FROM `zy_api` WHERE ( `py_name` = 'cache' ) AND ( `appid` = '201586485090108670' ) LIMIT 1   [ RunTime:0.000370s ]

[ 2015-10-24T00:24:51+08:00 ] 127.0.0.1 /guoji/yunwang/CacheApi/?a=Get&appid=201586485090108670&m=Local&name=list&nonce_str=tpt7qg18rj16mp2hclh9xkm9657fy2wn&time_stamp=1445617491&version=1.0
INFO: [ app_begin ] --START--
INFO: ReadHtmlCache Behavior ::run [ RunTime:0.001812s ]
INFO: [ app_begin ] --END-- [ RunTime:0.001904s ]
NOTIC: [8] Undefined index: session_id D:\wamp\www\guoji\yunwang\ThinkPHP\Common\functions.php 第 581 行.
NOTIC: [2048] Declaration of LocalAction::Get() should be compatible with that of Action::get() D:\wamp\www\guoji\yunwang\CacheApi\Cache\Lib\Action\LocalAction.class.php 第 3 行.
SQL: SHOW COLUMNS FROM `zy_api` [ RunTime:0.003314s ]
SQL: SELECT * FROM `zy_api` WHERE ( `py_name` = 'cache' ) AND ( `appid` = '201586485090108670' ) LIMIT 1   [ RunTime:0.000202s ]

[ 2015-10-24T00:28:37+08:00 ] 127.0.0.1 /guoji/yunwang/CacheApi/?a=Get&appid=201586485090108670&m=Local&name=list&nonce_str=036xkg9j0ftf594rdkirk01jdxai0mgm&time_stamp=1445617717&version=1.0
INFO: [ app_begin ] --START--
INFO: ReadHtmlCache Behavior ::run [ RunTime:0.001841s ]
INFO: [ app_begin ] --END-- [ RunTime:0.001934s ]
NOTIC: [8] Undefined index: session_id D:\wamp\www\guoji\yunwang\ThinkPHP\Common\functions.php 第 581 行.
NOTIC: [2048] Declaration of LocalAction::Get() should be compatible with that of Action::get() D:\wamp\www\guoji\yunwang\CacheApi\Cache\Lib\Action\LocalAction.class.php 第 3 行.
SQL: SHOW COLUMNS FROM `zy_api` [ RunTime:0.003662s ]
SQL: SELECT * FROM `zy_api` WHERE ( `py_name` = 'cache' ) AND ( `appid` = '201586485090108670' ) LIMIT 1   [ RunTime:0.000233s ]

[ 2015-10-24T00:32:19+08:00 ] 127.0.0.1 /guoji/yunwang/CacheApi/?a=Get&appid=201586485090108670&m=Local&name=list&nonce_str=7r7tw0gbs08uv9qkjki4tw86susqz8uu&time_stamp=1445617939&version=1.0
INFO: [ app_begin ] --START--
INFO: ReadHtmlCache Behavior ::run [ RunTime:0.001922s ]
INFO: [ app_begin ] --END-- [ RunTime:0.002021s ]
NOTIC: [8] Undefined index: session_id D:\wamp\www\guoji\yunwang\ThinkPHP\Common\functions.php 第 581 行.
NOTIC: [2048] Declaration of LocalAction::Get() should be compatible with that of Action::get() D:\wamp\www\guoji\yunwang\CacheApi\Cache\Lib\Action\LocalAction.class.php 第 3 行.
SQL: SHOW COLUMNS FROM `zy_api` [ RunTime:0.004282s ]
SQL: SELECT * FROM `zy_api` WHERE ( `py_name` = 'cache' ) AND ( `appid` = '201586485090108670' ) LIMIT 1   [ RunTime:0.000248s ]

[ 2015-10-24T00:36:03+08:00 ] 127.0.0.1 /guoji/yunwang/CacheApi/?a=Get&appid=201586485090108670&m=Local&name=list&nonce_str=tkavl4ks9cvpmg1cn6rlvwyqbew46kxn&time_stamp=1445618163&version=1.0
INFO: [ app_begin ] --START--
INFO: ReadHtmlCache Behavior ::run [ RunTime:0.001922s ]
INFO: [ app_begin ] --END-- [ RunTime:0.002017s ]
NOTIC: [8] Undefined index: session_id D:\wamp\www\guoji\yunwang\ThinkPHP\Common\functions.php 第 581 行.
NOTIC: [2048] Declaration of LocalAction::Get() should be compatible with that of Action::get() D:\wamp\www\guoji\yunwang\CacheApi\Cache\Lib\Action\LocalAction.class.php 第 3 行.
SQL: SHOW COLUMNS FROM `zy_api` [ RunTime:0.003613s ]
SQL: SELECT * FROM `zy_api` WHERE ( `py_name` = 'cache' ) AND ( `appid` = '201586485090108670' ) LIMIT 1   [ RunTime:0.000223s ]

[ 2015-10-24T00:39:45+08:00 ] 127.0.0.1 /guoji/yunwang/CacheApi/?a=Get&appid=201586485090108670&m=Local&name=list&nonce_str=yhsewa82jc2phkghujbzyop6ks3oqd9b&time_stamp=1445618384&version=1.0
INFO: [ app_begin ] --START--
INFO: ReadHtmlCache Behavior ::run [ RunTime:0.001814s ]
INFO: [ app_begin ] --END-- [ RunTime:0.001902s ]
NOTIC: [8] Undefined index: session_id D:\wamp\www\guoji\yunwang\ThinkPHP\Common\functions.php 第 581 行.
NOTIC: [2048] Declaration of LocalAction::Get() should be compatible with that of Action::get() D:\wamp\www\guoji\yunwang\CacheApi\Cache\Lib\Action\LocalAction.class.php 第 3 行.
SQL: SHOW COLUMNS FROM `zy_api` [ RunTime:0.003808s ]
SQL: SELECT * FROM `zy_api` WHERE ( `py_name` = 'cache' ) AND ( `appid` = '201586485090108670' ) LIMIT 1   [ RunTime:0.000216s ]

[ 2015-10-24T00:43:30+08:00 ] 127.0.0.1 /guoji/yunwang/CacheApi/?a=Get&appid=201586485090108670&m=Local&name=list&nonce_str=kggl8c2brmvcn6ymkvztdqz3mxzlsw4q&time_stamp=1445618610&version=1.0
INFO: [ app_begin ] --START--
INFO: ReadHtmlCache Behavior ::run [ RunTime:0.001879s ]
INFO: [ app_begin ] --END-- [ RunTime:0.001971s ]
NOTIC: [8] Undefined index: session_id D:\wamp\www\guoji\yunwang\ThinkPHP\Common\functions.php 第 581 行.
NOTIC: [2048] Declaration of LocalAction::Get() should be compatible with that of Action::get() D:\wamp\www\guoji\yunwang\CacheApi\Cache\Lib\Action\LocalAction.class.php 第 3 行.
SQL: SHOW COLUMNS FROM `zy_api` [ RunTime:0.003686s ]
SQL: SELECT * FROM `zy_api` WHERE ( `py_name` = 'cache' ) AND ( `appid` = '201586485090108670' ) LIMIT 1   [ RunTime:0.000258s ]

[ 2015-10-24T00:47:11+08:00 ] 127.0.0.1 /guoji/yunwang/CacheApi/?a=Get&appid=201586485090108670&m=Local&name=list&nonce_str=3c4unozwh1mpvjvoml2ud4pg9n020230&time_stamp=1445618831&version=1.0
INFO: [ app_begin ] --START--
INFO: ReadHtmlCache Behavior ::run [ RunTime:0.001793s ]
INFO: [ app_begin ] --END-- [ RunTime:0.001884s ]
NOTIC: [8] Undefined index: session_id D:\wamp\www\guoji\yunwang\ThinkPHP\Common\functions.php 第 581 行.
NOTIC: [2048] Declaration of LocalAction::Get() should be compatible with that of Action::get() D:\wamp\www\guoji\yunwang\CacheApi\Cache\Lib\Action\LocalAction.class.php 第 3 行.
SQL: SHOW COLUMNS FROM `zy_api` [ RunTime:0.003699s ]
SQL: SELECT * FROM `zy_api` WHERE ( `py_name` = 'cache' ) AND ( `appid` = '201586485090108670' ) LIMIT 1   [ RunTime:0.000222s ]

[ 2015-10-24T00:50:59+08:00 ] 127.0.0.1 /guoji/yunwang/CacheApi/?a=Get&appid=201586485090108670&m=Local&name=list&nonce_str=6z6ah4l8bqvrl8qcfv123giav0o2qtiu&time_stamp=1445619059&version=1.0
INFO: [ app_begin ] --START--
INFO: ReadHtmlCache Behavior ::run [ RunTime:0.001842s ]
INFO: [ app_begin ] --END-- [ RunTime:0.001932s ]
NOTIC: [8] Undefined index: session_id D:\wamp\www\guoji\yunwang\ThinkPHP\Common\functions.php 第 581 行.
NOTIC: [2048] Declaration of LocalAction::Get() should be compatible with that of Action::get() D:\wamp\www\guoji\yunwang\CacheApi\Cache\Lib\Action\LocalAction.class.php 第 3 行.
SQL: SHOW COLUMNS FROM `zy_api` [ RunTime:0.003614s ]
SQL: SELECT * FROM `zy_api` WHERE ( `py_name` = 'cache' ) AND ( `appid` = '201586485090108670' ) LIMIT 1   [ RunTime:0.000266s ]

[ 2015-10-24T00:54:40+08:00 ] 127.0.0.1 /guoji/yunwang/CacheApi/?a=Get&appid=201586485090108670&m=Local&name=list&nonce_str=mf8nm93hx8blnyukoxrze0vv95zufins&time_stamp=1445619280&version=1.0
INFO: [ app_begin ] --START--
INFO: ReadHtmlCache Behavior ::run [ RunTime:0.001808s ]
INFO: [ app_begin ] --END-- [ RunTime:0.001895s ]
NOTIC: [8] Undefined index: session_id D:\wamp\www\guoji\yunwang\ThinkPHP\Common\functions.php 第 581 行.
NOTIC: [2048] Declaration of LocalAction::Get() should be compatible with that of Action::get() D:\wamp\www\guoji\yunwang\CacheApi\Cache\Lib\Action\LocalAction.class.php 第 3 行.
SQL: SHOW COLUMNS FROM `zy_api` [ RunTime:0.003617s ]
SQL: SELECT * FROM `zy_api` WHERE ( `py_name` = 'cache' ) AND ( `appid` = '201586485090108670' ) LIMIT 1   [ RunTime:0.000227s ]

[ 2015-10-24T00:58:25+08:00 ] 127.0.0.1 /guoji/yunwang/CacheApi/?a=Get&appid=201586485090108670&m=Local&name=list&nonce_str=f1a42onbn067sv93libya07nhj6r3rhj&time_stamp=1445619505&version=1.0
INFO: [ app_begin ] --START--
INFO: ReadHtmlCache Behavior ::run [ RunTime:0.001852s ]
INFO: [ app_begin ] --END-- [ RunTime:0.001947s ]
NOTIC: [8] Undefined index: session_id D:\wamp\www\guoji\yunwang\ThinkPHP\Common\functions.php 第 581 行.
NOTIC: [2048] Declaration of LocalAction::Get() should be compatible with that of Action::get() D:\wamp\www\guoji\yunwang\CacheApi\Cache\Lib\Action\LocalAction.class.php 第 3 行.
SQL: SHOW COLUMNS FROM `zy_api` [ RunTime:0.003620s ]
SQL: SELECT * FROM `zy_api` WHERE ( `py_name` = 'cache' ) AND ( `appid` = '201586485090108670' ) LIMIT 1   [ RunTime:0.000237s ]

[ 2015-10-24T01:02:07+08:00 ] 127.0.0.1 /guoji/yunwang/CacheApi/?a=Get&appid=201586485090108670&m=Local&name=list&nonce_str=n1ckg85jv8rje2kzcpraog25jwfdxuyp&time_stamp=1445619726&version=1.0
INFO: [ app_begin ] --START--
INFO: ReadHtmlCache Behavior ::run [ RunTime:0.001835s ]
INFO: [ app_begin ] --END-- [ RunTime:0.001928s ]
NOTIC: [8] Undefined index: session_id D:\wamp\www\guoji\yunwang\ThinkPHP\Common\functions.php 第 581 行.
NOTIC: [2048] Declaration of LocalAction::Get() should be compatible with that of Action::get() D:\wamp\www\guoji\yunwang\CacheApi\Cache\Lib\Action\LocalAction.class.php 第 3 行.
SQL: SHOW COLUMNS FROM `zy_api` [ RunTime:0.004178s ]
SQL: SELECT * FROM `zy_api` WHERE ( `py_name` = 'cache' ) AND ( `appid` = '201586485090108670' ) LIMIT 1   [ RunTime:0.000239s ]

[ 2015-10-24T01:05:50+08:00 ] 127.0.0.1 /guoji/yunwang/CacheApi/?a=Get&appid=201586485090108670&m=Local&name=list&nonce_str=kl0qgy7r5as611d04qe5fz0hc11fwvmu&time_stamp=1445619950&version=1.0
INFO: [ app_begin ] --START--
INFO: ReadHtmlCache Behavior ::run [ RunTime:0.001927s ]
INFO: [ app_begin ] --END-- [ RunTime:0.002019s ]
NOTIC: [8] Undefined index: session_id D:\wamp\www\guoji\yunwang\ThinkPHP\Common\functions.php 第 581 行.
NOTIC: [2048] Declaration of LocalAction::Get() should be compatible with that of Action::get() D:\wamp\www\guoji\yunwang\CacheApi\Cache\Lib\Action\LocalAction.class.php 第 3 行.
SQL: SHOW COLUMNS FROM `zy_api` [ RunTime:0.003607s ]
SQL: SELECT * FROM `zy_api` WHERE ( `py_name` = 'cache' ) AND ( `appid` = '201586485090108670' ) LIMIT 1   [ RunTime:0.000257s ]

[ 2015-10-24T01:09:36+08:00 ] 127.0.0.1 /guoji/yunwang/CacheApi/?a=Get&appid=201586485090108670&m=Local&name=list&nonce_str=3do5yu6u2gs20ec7bempfa2ul8dxc8x5&time_stamp=1445620176&version=1.0
INFO: [ app_begin ] --START--
INFO: ReadHtmlCache Behavior ::run [ RunTime:0.001858s ]
INFO: [ app_begin ] --END-- [ RunTime:0.001948s ]
NOTIC: [8] Undefined index: session_id D:\wamp\www\guoji\yunwang\ThinkPHP\Common\functions.php 第 581 行.
NOTIC: [2048] Declaration of LocalAction::Get() should be compatible with that of Action::get() D:\wamp\www\guoji\yunwang\CacheApi\Cache\Lib\Action\LocalAction.class.php 第 3 行.
SQL: SHOW COLUMNS FROM `zy_api` [ RunTime:0.003558s ]
SQL: SELECT * FROM `zy_api` WHERE ( `py_name` = 'cache' ) AND ( `appid` = '201586485090108670' ) LIMIT 1   [ RunTime:0.000220s ]

[ 2015-10-24T01:13:22+08:00 ] 127.0.0.1 /guoji/yunwang/CacheApi/?a=Get&appid=201586485090108670&m=Local&name=list&nonce_str=6hz7nlknn7rwsoh130j97fivkjktecmk&time_stamp=1445620401&version=1.0
INFO: [ app_begin ] --START--
INFO: ReadHtmlCache Behavior ::run [ RunTime:0.001937s ]
INFO: [ app_begin ] --END-- [ RunTime:0.002028s ]
NOTIC: [8] Undefined index: session_id D:\wamp\www\guoji\yunwang\ThinkPHP\Common\functions.php 第 581 行.
NOTIC: [2048] Declaration of LocalAction::Get() should be compatible with that of Action::get() D:\wamp\www\guoji\yunwang\CacheApi\Cache\Lib\Action\LocalAction.class.php 第 3 行.
SQL: SHOW COLUMNS FROM `zy_api` [ RunTime:0.003607s ]
SQL: SELECT * FROM `zy_api` WHERE ( `py_name` = 'cache' ) AND ( `appid` = '201586485090108670' ) LIMIT 1   [ RunTime:0.000218s ]

[ 2015-10-24T01:17:06+08:00 ] 127.0.0.1 /guoji/yunwang/CacheApi/?a=Get&appid=201586485090108670&m=Local&name=list&nonce_str=jzqelemqqwxczm9a93icnfc7r0gjoj7t&time_stamp=1445620626&version=1.0
INFO: [ app_begin ] --START--
INFO: ReadHtmlCache Behavior ::run [ RunTime:0.001766s ]
INFO: [ app_begin ] --END-- [ RunTime:0.001856s ]
NOTIC: [8] Undefined index: session_id D:\wamp\www\guoji\yunwang\ThinkPHP\Common\functions.php 第 581 行.
NOTIC: [2048] Declaration of LocalAction::Get() should be compatible with that of Action::get() D:\wamp\www\guoji\yunwang\CacheApi\Cache\Lib\Action\LocalAction.class.php 第 3 行.
SQL: SHOW COLUMNS FROM `zy_api` [ RunTime:0.003656s ]
SQL: SELECT * FROM `zy_api` WHERE ( `py_name` = 'cache' ) AND ( `appid` = '201586485090108670' ) LIMIT 1   [ RunTime:0.000245s ]

[ 2015-10-24T01:20:50+08:00 ] 127.0.0.1 /guoji/yunwang/CacheApi/?a=Get&appid=201586485090108670&m=Local&name=list&nonce_str=1f0ghik3yhtzsivniuj9roh44j2i2vkv&time_stamp=1445620850&version=1.0
INFO: [ app_begin ] --START--
INFO: ReadHtmlCache Behavior ::run [ RunTime:0.001856s ]
INFO: [ app_begin ] --END-- [ RunTime:0.001949s ]
NOTIC: [8] Undefined index: session_id D:\wamp\www\guoji\yunwang\ThinkPHP\Common\functions.php 第 581 行.
NOTIC: [2048] Declaration of LocalAction::Get() should be compatible with that of Action::get() D:\wamp\www\guoji\yunwang\CacheApi\Cache\Lib\Action\LocalAction.class.php 第 3 行.
SQL: SHOW COLUMNS FROM `zy_api` [ RunTime:0.003614s ]
SQL: SELECT * FROM `zy_api` WHERE ( `py_name` = 'cache' ) AND ( `appid` = '201586485090108670' ) LIMIT 1   [ RunTime:0.000230s ]

[ 2015-10-24T01:24:39+08:00 ] 127.0.0.1 /guoji/yunwang/CacheApi/?a=Get&appid=201586485090108670&m=Local&name=list&nonce_str=wtg56i1mc38o91xjoakzm1mum0w8x5s2&time_stamp=1445621079&version=1.0
INFO: [ app_begin ] --START--
INFO: ReadHtmlCache Behavior ::run [ RunTime:0.001873s ]
INFO: [ app_begin ] --END-- [ RunTime:0.001963s ]
NOTIC: [8] Undefined index: session_id D:\wamp\www\guoji\yunwang\ThinkPHP\Common\functions.php 第 581 行.
NOTIC: [2048] Declaration of LocalAction::Get() should be compatible with that of Action::get() D:\wamp\www\guoji\yunwang\CacheApi\Cache\Lib\Action\LocalAction.class.php 第 3 行.
SQL: SHOW COLUMNS FROM `zy_api` [ RunTime:0.003710s ]
SQL: SELECT * FROM `zy_api` WHERE ( `py_name` = 'cache' ) AND ( `appid` = '201586485090108670' ) LIMIT 1   [ RunTime:0.000232s ]

[ 2015-10-24T01:28:19+08:00 ] 127.0.0.1 /guoji/yunwang/CacheApi/?a=Get&appid=201586485090108670&m=Local&name=list&nonce_str=cszqh35v4ch6ufy0iolmwde198wl3ubl&time_stamp=1445621299&version=1.0
INFO: [ app_begin ] --START--
INFO: ReadHtmlCache Behavior ::run [ RunTime:0.001811s ]
INFO: [ app_begin ] --END-- [ RunTime:0.001902s ]
NOTIC: [8] Undefined index: session_id D:\wamp\www\guoji\yunwang\ThinkPHP\Common\functions.php 第 581 行.
NOTIC: [2048] Declaration of LocalAction::Get() should be compatible with that of Action::get() D:\wamp\www\guoji\yunwang\CacheApi\Cache\Lib\Action\LocalAction.class.php 第 3 行.
SQL: SHOW COLUMNS FROM `zy_api` [ RunTime:0.003602s ]
SQL: SELECT * FROM `zy_api` WHERE ( `py_name` = 'cache' ) AND ( `appid` = '201586485090108670' ) LIMIT 1   [ RunTime:0.000249s ]

[ 2015-10-24T01:32:08+08:00 ] 127.0.0.1 /guoji/yunwang/CacheApi/?a=Get&appid=201586485090108670&m=Local&name=list&nonce_str=6s3yu97pgg4qqxgitzse2vve9docgpy2&time_stamp=1445621528&version=1.0
INFO: [ app_begin ] --START--
INFO: ReadHtmlCache Behavior ::run [ RunTime:0.001930s ]
INFO: [ app_begin ] --END-- [ RunTime:0.002021s ]
NOTIC: [8] Undefined index: session_id D:\wamp\www\guoji\yunwang\ThinkPHP\Common\functions.php 第 581 行.
NOTIC: [2048] Declaration of LocalAction::Get() should be compatible with that of Action::get() D:\wamp\www\guoji\yunwang\CacheApi\Cache\Lib\Action\LocalAction.class.php 第 3 行.
SQL: SHOW COLUMNS FROM `zy_api` [ RunTime:0.004161s ]
SQL: SELECT * FROM `zy_api` WHERE ( `py_name` = 'cache' ) AND ( `appid` = '201586485090108670' ) LIMIT 1   [ RunTime:0.000252s ]

[ 2015-10-24T01:35:49+08:00 ] 127.0.0.1 /guoji/yunwang/CacheApi/?a=Get&appid=201586485090108670&m=Local&name=list&nonce_str=4u5554p92c6k9hw1aby33n1wwoyflhtw&time_stamp=1445621749&version=1.0
INFO: [ app_begin ] --START--
INFO: ReadHtmlCache Behavior ::run [ RunTime:0.001826s ]
INFO: [ app_begin ] --END-- [ RunTime:0.001910s ]
NOTIC: [8] Undefined index: session_id D:\wamp\www\guoji\yunwang\ThinkPHP\Common\functions.php 第 581 行.
NOTIC: [2048] Declaration of LocalAction::Get() should be compatible with that of Action::get() D:\wamp\www\guoji\yunwang\CacheApi\Cache\Lib\Action\LocalAction.class.php 第 3 行.
SQL: SHOW COLUMNS FROM `zy_api` [ RunTime:0.003598s ]
SQL: SELECT * FROM `zy_api` WHERE ( `py_name` = 'cache' ) AND ( `appid` = '201586485090108670' ) LIMIT 1   [ RunTime:0.000229s ]

[ 2015-10-24T01:39:37+08:00 ] 127.0.0.1 /guoji/yunwang/CacheApi/?a=Get&appid=201586485090108670&m=Local&name=list&nonce_str=23z59gtd2yewvfo2rlxrsyvfzvdedmsg&time_stamp=1445621977&version=1.0
INFO: [ app_begin ] --START--
INFO: ReadHtmlCache Behavior ::run [ RunTime:0.001799s ]
INFO: [ app_begin ] --END-- [ RunTime:0.001892s ]
NOTIC: [8] Undefined index: session_id D:\wamp\www\guoji\yunwang\ThinkPHP\Common\functions.php 第 581 行.
NOTIC: [2048] Declaration of LocalAction::Get() should be compatible with that of Action::get() D:\wamp\www\guoji\yunwang\CacheApi\Cache\Lib\Action\LocalAction.class.php 第 3 行.
SQL: SHOW COLUMNS FROM `zy_api` [ RunTime:0.003629s ]
SQL: SELECT * FROM `zy_api` WHERE ( `py_name` = 'cache' ) AND ( `appid` = '201586485090108670' ) LIMIT 1   [ RunTime:0.000208s ]

[ 2015-10-24T01:43:19+08:00 ] 127.0.0.1 /guoji/yunwang/CacheApi/?a=Get&appid=201586485090108670&m=Local&name=list&nonce_str=2p3hysrgid3j0d2uzpm3loqgyaa33u67&time_stamp=1445622199&version=1.0
INFO: [ app_begin ] --START--
INFO: ReadHtmlCache Behavior ::run [ RunTime:0.001770s ]
INFO: [ app_begin ] --END-- [ RunTime:0.001855s ]
NOTIC: [8] Undefined index: session_id D:\wamp\www\guoji\yunwang\ThinkPHP\Common\functions.php 第 581 行.
NOTIC: [2048] Declaration of LocalAction::Get() should be compatible with that of Action::get() D:\wamp\www\guoji\yunwang\CacheApi\Cache\Lib\Action\LocalAction.class.php 第 3 行.
SQL: SHOW COLUMNS FROM `zy_api` [ RunTime:0.003629s ]
SQL: SELECT * FROM `zy_api` WHERE ( `py_name` = 'cache' ) AND ( `appid` = '201586485090108670' ) LIMIT 1   [ RunTime:0.000231s ]

[ 2015-10-24T01:47:05+08:00 ] 127.0.0.1 /guoji/yunwang/CacheApi/?a=Get&appid=201586485090108670&m=Local&name=list&nonce_str=ateqjv9dthbu5te7f7zefwu6jddetoov&time_stamp=1445622425&version=1.0
INFO: [ app_begin ] --START--
INFO: ReadHtmlCache Behavior ::run [ RunTime:0.001761s ]
INFO: [ app_begin ] --END-- [ RunTime:0.001849s ]
NOTIC: [8] Undefined index: session_id D:\wamp\www\guoji\yunwang\ThinkPHP\Common\functions.php 第 581 行.
NOTIC: [2048] Declaration of LocalAction::Get() should be compatible with that of Action::get() D:\wamp\www\guoji\yunwang\CacheApi\Cache\Lib\Action\LocalAction.class.php 第 3 行.
SQL: SHOW COLUMNS FROM `zy_api` [ RunTime:0.003787s ]
SQL: SELECT * FROM `zy_api` WHERE ( `py_name` = 'cache' ) AND ( `appid` = '201586485090108670' ) LIMIT 1   [ RunTime:0.000278s ]

[ 2015-10-24T01:50:53+08:00 ] 127.0.0.1 /guoji/yunwang/CacheApi/?a=Get&appid=201586485090108670&m=Local&name=list&nonce_str=gndx6rhrt63yw0i5squ6wc03pxlxo8q4&time_stamp=1445622653&version=1.0
INFO: [ app_begin ] --START--
INFO: ReadHtmlCache Behavior ::run [ RunTime:0.001759s ]
INFO: [ app_begin ] --END-- [ RunTime:0.001842s ]
NOTIC: [8] Undefined index: session_id D:\wamp\www\guoji\yunwang\ThinkPHP\Common\functions.php 第 581 行.
NOTIC: [2048] Declaration of LocalAction::Get() should be compatible with that of Action::get() D:\wamp\www\guoji\yunwang\CacheApi\Cache\Lib\Action\LocalAction.class.php 第 3 行.
SQL: SHOW COLUMNS FROM `zy_api` [ RunTime:0.003679s ]
SQL: SELECT * FROM `zy_api` WHERE ( `py_name` = 'cache' ) AND ( `appid` = '201586485090108670' ) LIMIT 1   [ RunTime:0.000323s ]

[ 2015-10-24T01:54:45+08:00 ] 127.0.0.1 /guoji/yunwang/CacheApi/?a=Get&appid=201586485090108670&m=Local&name=list&nonce_str=fhpvluii3ownc0ikui7rs1i3e1t5rfhd&time_stamp=1445622885&version=1.0
INFO: [ app_begin ] --START--
INFO: ReadHtmlCache Behavior ::run [ RunTime:0.002071s ]
INFO: [ app_begin ] --END-- [ RunTime:0.002173s ]
NOTIC: [8] Undefined index: session_id D:\wamp\www\guoji\yunwang\ThinkPHP\Common\functions.php 第 581 行.
NOTIC: [2048] Declaration of LocalAction::Get() should be compatible with that of Action::get() D:\wamp\www\guoji\yunwang\CacheApi\Cache\Lib\Action\LocalAction.class.php 第 3 行.
SQL: SHOW COLUMNS FROM `zy_api` [ RunTime:0.004556s ]
SQL: SELECT * FROM `zy_api` WHERE ( `py_name` = 'cache' ) AND ( `appid` = '201586485090108670' ) LIMIT 1   [ RunTime:0.000396s ]

[ 2015-10-24T01:58:46+08:00 ] 127.0.0.1 /guoji/yunwang/CacheApi/?a=Get&appid=201586485090108670&m=Local&name=list&nonce_str=uswxc00728fjyfb7gck9johcswc95enl&time_stamp=1445623126&version=1.0
INFO: [ app_begin ] --START--
INFO: ReadHtmlCache Behavior ::run [ RunTime:0.002589s ]
INFO: [ app_begin ] --END-- [ RunTime:0.002678s ]
NOTIC: [8] Undefined index: session_id D:\wamp\www\guoji\yunwang\ThinkPHP\Common\functions.php 第 581 行.
NOTIC: [2048] Declaration of LocalAction::Get() should be compatible with that of Action::get() D:\wamp\www\guoji\yunwang\CacheApi\Cache\Lib\Action\LocalAction.class.php 第 3 行.
SQL: SHOW COLUMNS FROM `zy_api` [ RunTime:0.003470s ]
SQL: SELECT * FROM `zy_api` WHERE ( `py_name` = 'cache' ) AND ( `appid` = '201586485090108670' ) LIMIT 1   [ RunTime:0.000267s ]

[ 2015-10-24T02:02:58+08:00 ] 127.0.0.1 /guoji/yunwang/CacheApi/?a=Get&appid=201586485090108670&m=Local&name=list&nonce_str=i5psia3ow4uq5pda73px700nrxt1489k&time_stamp=1445623378&version=1.0
INFO: [ app_begin ] --START--
INFO: ReadHtmlCache Behavior ::run [ RunTime:0.001809s ]
INFO: [ app_begin ] --END-- [ RunTime:0.001898s ]
NOTIC: [8] Undefined index: session_id D:\wamp\www\guoji\yunwang\ThinkPHP\Common\functions.php 第 581 行.
NOTIC: [2048] Declaration of LocalAction::Get() should be compatible with that of Action::get() D:\wamp\www\guoji\yunwang\CacheApi\Cache\Lib\Action\LocalAction.class.php 第 3 行.
SQL: SHOW COLUMNS FROM `zy_api` [ RunTime:0.008905s ]
SQL: SELECT * FROM `zy_api` WHERE ( `py_name` = 'cache' ) AND ( `appid` = '201586485090108670' ) LIMIT 1   [ RunTime:0.000299s ]

[ 2015-10-24T02:07:14+08:00 ] 127.0.0.1 /guoji/yunwang/CacheApi/?a=Get&appid=201586485090108670&m=Local&name=list&nonce_str=icdmay98q460n21n1ps1p6jz9gur2luw&time_stamp=1445623634&version=1.0
INFO: [ app_begin ] --START--
INFO: ReadHtmlCache Behavior ::run [ RunTime:0.001789s ]
INFO: [ app_begin ] --END-- [ RunTime:0.001878s ]
NOTIC: [8] Undefined index: session_id D:\wamp\www\guoji\yunwang\ThinkPHP\Common\functions.php 第 581 行.
NOTIC: [2048] Declaration of LocalAction::Get() should be compatible with that of Action::get() D:\wamp\www\guoji\yunwang\CacheApi\Cache\Lib\Action\LocalAction.class.php 第 3 行.
SQL: SHOW COLUMNS FROM `zy_api` [ RunTime:0.003567s ]
SQL: SELECT * FROM `zy_api` WHERE ( `py_name` = 'cache' ) AND ( `appid` = '201586485090108670' ) LIMIT 1   [ RunTime:0.000243s ]

[ 2015-10-24T02:11:31+08:00 ] 127.0.0.1 /guoji/yunwang/CacheApi/?a=Get&appid=201586485090108670&m=Local&name=list&nonce_str=ik0006pjrreo5ci05wobjobf81akzx0k&time_stamp=1445623891&version=1.0
INFO: [ app_begin ] --START--
INFO: ReadHtmlCache Behavior ::run [ RunTime:0.001795s ]
INFO: [ app_begin ] --END-- [ RunTime:0.001884s ]
NOTIC: [8] Undefined index: session_id D:\wamp\www\guoji\yunwang\ThinkPHP\Common\functions.php 第 581 行.
NOTIC: [2048] Declaration of LocalAction::Get() should be compatible with that of Action::get() D:\wamp\www\guoji\yunwang\CacheApi\Cache\Lib\Action\LocalAction.class.php 第 3 行.
SQL: SHOW COLUMNS FROM `zy_api` [ RunTime:0.006200s ]
SQL: SELECT * FROM `zy_api` WHERE ( `py_name` = 'cache' ) AND ( `appid` = '201586485090108670' ) LIMIT 1   [ RunTime:0.000289s ]

[ 2015-10-24T02:15:41+08:00 ] 127.0.0.1 /guoji/yunwang/CacheApi/?a=Get&appid=201586485090108670&m=Local&name=list&nonce_str=ow1zzypmbhjbrdzza960g19q5ugk4tnq&time_stamp=1445624141&version=1.0
INFO: [ app_begin ] --START--
INFO: ReadHtmlCache Behavior ::run [ RunTime:0.002343s ]
INFO: [ app_begin ] --END-- [ RunTime:0.002518s ]
NOTIC: [8] Undefined index: session_id D:\wamp\www\guoji\yunwang\ThinkPHP\Common\functions.php 第 581 行.
NOTIC: [2048] Declaration of LocalAction::Get() should be compatible with that of Action::get() D:\wamp\www\guoji\yunwang\CacheApi\Cache\Lib\Action\LocalAction.class.php 第 3 行.
SQL: SHOW COLUMNS FROM `zy_api` [ RunTime:0.003664s ]
SQL: SELECT * FROM `zy_api` WHERE ( `py_name` = 'cache' ) AND ( `appid` = '201586485090108670' ) LIMIT 1   [ RunTime:0.000478s ]

[ 2015-10-24T02:20:05+08:00 ] 127.0.0.1 /guoji/yunwang/CacheApi/?a=Get&appid=201586485090108670&m=Local&name=list&nonce_str=1fkptakhf18wsq2iiti9l4d7v32sn5nq&time_stamp=1445624405&version=1.0
INFO: [ app_begin ] --START--
INFO: ReadHtmlCache Behavior ::run [ RunTime:0.001814s ]
INFO: [ app_begin ] --END-- [ RunTime:0.001895s ]
NOTIC: [8] Undefined index: session_id D:\wamp\www\guoji\yunwang\ThinkPHP\Common\functions.php 第 581 行.
NOTIC: [2048] Declaration of LocalAction::Get() should be compatible with that of Action::get() D:\wamp\www\guoji\yunwang\CacheApi\Cache\Lib\Action\LocalAction.class.php 第 3 行.
SQL: SHOW COLUMNS FROM `zy_api` [ RunTime:0.004084s ]
SQL: SELECT * FROM `zy_api` WHERE ( `py_name` = 'cache' ) AND ( `appid` = '201586485090108670' ) LIMIT 1   [ RunTime:0.000265s ]

[ 2015-10-24T02:24:01+08:00 ] 127.0.0.1 /guoji/yunwang/CacheApi/?a=Get&appid=201586485090108670&m=Local&name=list&nonce_str=kkxxhfuucwtr3ghmltoihr4qz1fpyvut&time_stamp=1445624641&version=1.0
INFO: [ app_begin ] --START--
INFO: ReadHtmlCache Behavior ::run [ RunTime:0.001825s ]
INFO: [ app_begin ] --END-- [ RunTime:0.001909s ]
NOTIC: [8] Undefined index: session_id D:\wamp\www\guoji\yunwang\ThinkPHP\Common\functions.php 第 581 行.
NOTIC: [2048] Declaration of LocalAction::Get() should be compatible with that of Action::get() D:\wamp\www\guoji\yunwang\CacheApi\Cache\Lib\Action\LocalAction.class.php 第 3 行.
SQL: SHOW COLUMNS FROM `zy_api` [ RunTime:0.003990s ]
SQL: SELECT * FROM `zy_api` WHERE ( `py_name` = 'cache' ) AND ( `appid` = '201586485090108670' ) LIMIT 1   [ RunTime:0.000268s ]

[ 2015-10-24T02:28:17+08:00 ] 127.0.0.1 /guoji/yunwang/CacheApi/?a=Get&appid=201586485090108670&m=Local&name=list&nonce_str=rm5nnz1iqcmaatflsl6fftsmhbud3pvt&time_stamp=1445624897&version=1.0
INFO: [ app_begin ] --START--
INFO: ReadHtmlCache Behavior ::run [ RunTime:0.002985s ]
INFO: [ app_begin ] --END-- [ RunTime:0.003073s ]
NOTIC: [8] Undefined index: session_id D:\wamp\www\guoji\yunwang\ThinkPHP\Common\functions.php 第 581 行.
NOTIC: [2048] Declaration of LocalAction::Get() should be compatible with that of Action::get() D:\wamp\www\guoji\yunwang\CacheApi\Cache\Lib\Action\LocalAction.class.php 第 3 行.
SQL: SHOW COLUMNS FROM `zy_api` [ RunTime:0.004191s ]
SQL: SELECT * FROM `zy_api` WHERE ( `py_name` = 'cache' ) AND ( `appid` = '201586485090108670' ) LIMIT 1   [ RunTime:0.000304s ]

[ 2015-10-24T02:32:36+08:00 ] 127.0.0.1 /guoji/yunwang/CacheApi/?a=Get&appid=201586485090108670&m=Local&name=list&nonce_str=d7wxuzoyo6wbyg8intyn0ffsispcw421&time_stamp=1445625156&version=1.0
INFO: [ app_begin ] --START--
INFO: ReadHtmlCache Behavior ::run [ RunTime:0.002172s ]
INFO: [ app_begin ] --END-- [ RunTime:0.002265s ]
NOTIC: [8] Undefined index: session_id D:\wamp\www\guoji\yunwang\ThinkPHP\Common\functions.php 第 581 行.
NOTIC: [2048] Declaration of LocalAction::Get() should be compatible with that of Action::get() D:\wamp\www\guoji\yunwang\CacheApi\Cache\Lib\Action\LocalAction.class.php 第 3 行.
SQL: SHOW COLUMNS FROM `zy_api` [ RunTime:0.004403s ]
SQL: SELECT * FROM `zy_api` WHERE ( `py_name` = 'cache' ) AND ( `appid` = '201586485090108670' ) LIMIT 1   [ RunTime:0.000282s ]

[ 2015-10-24T02:36:58+08:00 ] 127.0.0.1 /guoji/yunwang/CacheApi/?a=Get&appid=201586485090108670&m=Local&name=list&nonce_str=9gs83jo8kgrmzyyd1tqimg1ejo9658tp&time_stamp=1445625418&version=1.0
INFO: [ app_begin ] --START--
INFO: ReadHtmlCache Behavior ::run [ RunTime:0.001750s ]
INFO: [ app_begin ] --END-- [ RunTime:0.001837s ]
NOTIC: [8] Undefined index: session_id D:\wamp\www\guoji\yunwang\ThinkPHP\Common\functions.php 第 581 行.
NOTIC: [2048] Declaration of LocalAction::Get() should be compatible with that of Action::get() D:\wamp\www\guoji\yunwang\CacheApi\Cache\Lib\Action\LocalAction.class.php 第 3 行.
SQL: SHOW COLUMNS FROM `zy_api` [ RunTime:0.004015s ]
SQL: SELECT * FROM `zy_api` WHERE ( `py_name` = 'cache' ) AND ( `appid` = '201586485090108670' ) LIMIT 1   [ RunTime:0.000347s ]

[ 2015-10-24T02:41:17+08:00 ] 127.0.0.1 /guoji/yunwang/CacheApi/?a=Get&appid=201586485090108670&m=Local&name=list&nonce_str=fncyjf0oxp8uhoxp7p7hf12w4sz9kmo9&time_stamp=1445625677&version=1.0
INFO: [ app_begin ] --START--
INFO: ReadHtmlCache Behavior ::run [ RunTime:0.001763s ]
INFO: [ app_begin ] --END-- [ RunTime:0.001850s ]
NOTIC: [8] Undefined index: session_id D:\wamp\www\guoji\yunwang\ThinkPHP\Common\functions.php 第 581 行.
NOTIC: [2048] Declaration of LocalAction::Get() should be compatible with that of Action::get() D:\wamp\www\guoji\yunwang\CacheApi\Cache\Lib\Action\LocalAction.class.php 第 3 行.
SQL: SHOW COLUMNS FROM `zy_api` [ RunTime:0.003377s ]
SQL: SELECT * FROM `zy_api` WHERE ( `py_name` = 'cache' ) AND ( `appid` = '201586485090108670' ) LIMIT 1   [ RunTime:0.000221s ]

[ 2015-10-24T02:45:40+08:00 ] 127.0.0.1 /guoji/yunwang/CacheApi/?a=Get&appid=201586485090108670&m=Local&name=list&nonce_str=hk53sl4nza4rp05afbkdh2ujz3wq6ank&time_stamp=1445625940&version=1.0
INFO: [ app_begin ] --START--
INFO: ReadHtmlCache Behavior ::run [ RunTime:0.002149s ]
INFO: [ app_begin ] --END-- [ RunTime:0.002290s ]
NOTIC: [8] Undefined index: session_id D:\wamp\www\guoji\yunwang\ThinkPHP\Common\functions.php 第 581 行.
NOTIC: [2048] Declaration of LocalAction::Get() should be compatible with that of Action::get() D:\wamp\www\guoji\yunwang\CacheApi\Cache\Lib\Action\LocalAction.class.php 第 3 行.
SQL: SHOW COLUMNS FROM `zy_api` [ RunTime:0.003818s ]
SQL: SELECT * FROM `zy_api` WHERE ( `py_name` = 'cache' ) AND ( `appid` = '201586485090108670' ) LIMIT 1   [ RunTime:0.000308s ]

[ 2015-10-24T02:49:54+08:00 ] 127.0.0.1 /guoji/yunwang/CacheApi/?a=Get&appid=201586485090108670&m=Local&name=list&nonce_str=pirk4rummgx0wyf2624pxykulshrhyvc&time_stamp=1445626193&version=1.0
INFO: [ app_begin ] --START--
INFO: ReadHtmlCache Behavior ::run [ RunTime:0.002304s ]
INFO: [ app_begin ] --END-- [ RunTime:0.002410s ]
NOTIC: [8] Undefined index: session_id D:\wamp\www\guoji\yunwang\ThinkPHP\Common\functions.php 第 581 行.
NOTIC: [2048] Declaration of LocalAction::Get() should be compatible with that of Action::get() D:\wamp\www\guoji\yunwang\CacheApi\Cache\Lib\Action\LocalAction.class.php 第 3 行.
SQL: SHOW COLUMNS FROM `zy_api` [ RunTime:0.004036s ]
SQL: SELECT * FROM `zy_api` WHERE ( `py_name` = 'cache' ) AND ( `appid` = '201586485090108670' ) LIMIT 1   [ RunTime:0.000391s ]

[ 2015-10-24T02:54:12+08:00 ] 127.0.0.1 /guoji/yunwang/CacheApi/?a=Get&appid=201586485090108670&m=Local&name=list&nonce_str=yc773w9qj4f52hls62ybvylmfprc8x9r&time_stamp=1445626452&version=1.0
INFO: [ app_begin ] --START--
INFO: ReadHtmlCache Behavior ::run [ RunTime:0.002094s ]
INFO: [ app_begin ] --END-- [ RunTime:0.002205s ]
NOTIC: [8] Undefined index: session_id D:\wamp\www\guoji\yunwang\ThinkPHP\Common\functions.php 第 581 行.
NOTIC: [2048] Declaration of LocalAction::Get() should be compatible with that of Action::get() D:\wamp\www\guoji\yunwang\CacheApi\Cache\Lib\Action\LocalAction.class.php 第 3 行.
SQL: SHOW COLUMNS FROM `zy_api` [ RunTime:0.004310s ]
SQL: SELECT * FROM `zy_api` WHERE ( `py_name` = 'cache' ) AND ( `appid` = '201586485090108670' ) LIMIT 1   [ RunTime:0.000295s ]

[ 2015-10-24T02:58:37+08:00 ] 127.0.0.1 /guoji/yunwang/CacheApi/?a=Get&appid=201586485090108670&m=Local&name=list&nonce_str=uz08sjkcr7pvrw3kznqnc06tls2uzdds&time_stamp=1445626716&version=1.0
INFO: [ app_begin ] --START--
INFO: ReadHtmlCache Behavior ::run [ RunTime:0.001920s ]
INFO: [ app_begin ] --END-- [ RunTime:0.002028s ]
NOTIC: [8] Undefined index: session_id D:\wamp\www\guoji\yunwang\ThinkPHP\Common\functions.php 第 581 行.
NOTIC: [2048] Declaration of LocalAction::Get() should be compatible with that of Action::get() D:\wamp\www\guoji\yunwang\CacheApi\Cache\Lib\Action\LocalAction.class.php 第 3 行.
SQL: SHOW COLUMNS FROM `zy_api` [ RunTime:0.004701s ]
SQL: SELECT * FROM `zy_api` WHERE ( `py_name` = 'cache' ) AND ( `appid` = '201586485090108670' ) LIMIT 1   [ RunTime:0.000322s ]

[ 2015-10-24T03:02:54+08:00 ] 127.0.0.1 /guoji/yunwang/CacheApi/?a=Get&appid=201586485090108670&m=Local&name=list&nonce_str=1xitc7akmd7fqv5vtkotvg38q1pkb3kv&time_stamp=1445626974&version=1.0
INFO: [ app_begin ] --START--
INFO: ReadHtmlCache Behavior ::run [ RunTime:0.001860s ]
INFO: [ app_begin ] --END-- [ RunTime:0.001982s ]
NOTIC: [8] Undefined index: session_id D:\wamp\www\guoji\yunwang\ThinkPHP\Common\functions.php 第 581 行.
NOTIC: [2048] Declaration of LocalAction::Get() should be compatible with that of Action::get() D:\wamp\www\guoji\yunwang\CacheApi\Cache\Lib\Action\LocalAction.class.php 第 3 行.
SQL: SHOW COLUMNS FROM `zy_api` [ RunTime:0.005017s ]
SQL: SELECT * FROM `zy_api` WHERE ( `py_name` = 'cache' ) AND ( `appid` = '201586485090108670' ) LIMIT 1   [ RunTime:0.000357s ]

[ 2015-10-24T03:07:15+08:00 ] 127.0.0.1 /guoji/yunwang/CacheApi/?a=Get&appid=201586485090108670&m=Local&name=list&nonce_str=na2z29xfu2vlprehfckidbrxgcwjtlwx&time_stamp=1445627235&version=1.0
INFO: [ app_begin ] --START--
INFO: ReadHtmlCache Behavior ::run [ RunTime:0.002213s ]
INFO: [ app_begin ] --END-- [ RunTime:0.002372s ]
NOTIC: [8] Undefined index: session_id D:\wamp\www\guoji\yunwang\ThinkPHP\Common\functions.php 第 581 行.
NOTIC: [2048] Declaration of LocalAction::Get() should be compatible with that of Action::get() D:\wamp\www\guoji\yunwang\CacheApi\Cache\Lib\Action\LocalAction.class.php 第 3 行.
SQL: SHOW COLUMNS FROM `zy_api` [ RunTime:0.003877s ]
SQL: SELECT * FROM `zy_api` WHERE ( `py_name` = 'cache' ) AND ( `appid` = '201586485090108670' ) LIMIT 1   [ RunTime:0.000511s ]

[ 2015-10-24T03:11:38+08:00 ] 127.0.0.1 /guoji/yunwang/CacheApi/?a=Get&appid=201586485090108670&m=Local&name=list&nonce_str=144ctfybpzx7icpsbao40qxmq1jfd9o4&time_stamp=1445627498&version=1.0
INFO: [ app_begin ] --START--
INFO: ReadHtmlCache Behavior ::run [ RunTime:0.002074s ]
INFO: [ app_begin ] --END-- [ RunTime:0.002181s ]
NOTIC: [8] Undefined index: session_id D:\wamp\www\guoji\yunwang\ThinkPHP\Common\functions.php 第 581 行.
NOTIC: [2048] Declaration of LocalAction::Get() should be compatible with that of Action::get() D:\wamp\www\guoji\yunwang\CacheApi\Cache\Lib\Action\LocalAction.class.php 第 3 行.
SQL: SHOW COLUMNS FROM `zy_api` [ RunTime:0.003845s ]
SQL: SELECT * FROM `zy_api` WHERE ( `py_name` = 'cache' ) AND ( `appid` = '201586485090108670' ) LIMIT 1   [ RunTime:0.000306s ]

[ 2015-10-24T03:16:00+08:00 ] 127.0.0.1 /guoji/yunwang/CacheApi/?a=Get&appid=201586485090108670&m=Local&name=list&nonce_str=cdng6cimg40z7lufvg20kt3p1prp73e0&time_stamp=1445627760&version=1.0
INFO: [ app_begin ] --START--
INFO: ReadHtmlCache Behavior ::run [ RunTime:0.001819s ]
INFO: [ app_begin ] --END-- [ RunTime:0.001910s ]
NOTIC: [8] Undefined index: session_id D:\wamp\www\guoji\yunwang\ThinkPHP\Common\functions.php 第 581 行.
NOTIC: [2048] Declaration of LocalAction::Get() should be compatible with that of Action::get() D:\wamp\www\guoji\yunwang\CacheApi\Cache\Lib\Action\LocalAction.class.php 第 3 行.
SQL: SHOW COLUMNS FROM `zy_api` [ RunTime:0.003935s ]
SQL: SELECT * FROM `zy_api` WHERE ( `py_name` = 'cache' ) AND ( `appid` = '201586485090108670' ) LIMIT 1   [ RunTime:0.000967s ]

[ 2015-10-24T03:20:24+08:00 ] 127.0.0.1 /guoji/yunwang/CacheApi/?a=Get&appid=201586485090108670&m=Local&name=list&nonce_str=ko1gxatghwvtgjusfqvbsmbknxoeg33e&time_stamp=1445628023&version=1.0
INFO: [ app_begin ] --START--
INFO: ReadHtmlCache Behavior ::run [ RunTime:0.001791s ]
INFO: [ app_begin ] --END-- [ RunTime:0.001876s ]
NOTIC: [8] Undefined index: session_id D:\wamp\www\guoji\yunwang\ThinkPHP\Common\functions.php 第 581 行.
NOTIC: [2048] Declaration of LocalAction::Get() should be compatible with that of Action::get() D:\wamp\www\guoji\yunwang\CacheApi\Cache\Lib\Action\LocalAction.class.php 第 3 行.
SQL: SHOW COLUMNS FROM `zy_api` [ RunTime:0.003986s ]
SQL: SELECT * FROM `zy_api` WHERE ( `py_name` = 'cache' ) AND ( `appid` = '201586485090108670' ) LIMIT 1   [ RunTime:0.000308s ]

[ 2015-10-24T03:24:51+08:00 ] 127.0.0.1 /guoji/yunwang/CacheApi/?a=Get&appid=201586485090108670&m=Local&name=list&nonce_str=tw72befvn4m5pe9glghz5abqtogu15i3&time_stamp=1445628291&version=1.0
INFO: [ app_begin ] --START--
INFO: ReadHtmlCache Behavior ::run [ RunTime:0.002540s ]
INFO: [ app_begin ] --END-- [ RunTime:0.002700s ]
NOTIC: [8] Undefined index: session_id D:\wamp\www\guoji\yunwang\ThinkPHP\Common\functions.php 第 581 行.
NOTIC: [2048] Declaration of LocalAction::Get() should be compatible with that of Action::get() D:\wamp\www\guoji\yunwang\CacheApi\Cache\Lib\Action\LocalAction.class.php 第 3 行.
SQL: SHOW COLUMNS FROM `zy_api` [ RunTime:0.003854s ]
SQL: SELECT * FROM `zy_api` WHERE ( `py_name` = 'cache' ) AND ( `appid` = '201586485090108670' ) LIMIT 1   [ RunTime:0.000360s ]

[ 2015-10-24T09:14:21+08:00 ] 127.0.0.1 /guoji/yunwang/CacheApi/?a=Get&appid=201586485090108670&m=Local&name=list&nonce_str=h16j3xihkzsjpm14tgmwlii0axb2bc23&time_stamp=1445649260&version=1.0
INFO: [ app_begin ] --START--
INFO: ReadHtmlCache Behavior ::run [ RunTime:0.002027s ]
INFO: [ app_begin ] --END-- [ RunTime:0.002153s ]
NOTIC: [8] Undefined index: session_id D:\wamp\www\guoji\yunwang\ThinkPHP\Common\functions.php 第 581 行.
NOTIC: [2048] Declaration of LocalAction::Get() should be compatible with that of Action::get() D:\wamp\www\guoji\yunwang\CacheApi\Cache\Lib\Action\LocalAction.class.php 第 3 行.
SQL: SHOW COLUMNS FROM `zy_api` [ RunTime:0.005254s ]
SQL: SELECT * FROM `zy_api` WHERE ( `py_name` = 'cache' ) AND ( `appid` = '201586485090108670' ) LIMIT 1   [ RunTime:0.000423s ]

